
===========================================================================
report_checks -unconstrained
===========================================================================
======================= max_ff_n40C_1v95 Corner ===================================

Startpoint: merge853 (negative level-sensitive latch clocked by clk)
Endpoint: merge872 (recovery check against rising-edge clock clk)
Path Group: asynchronous
Path Type: max

Fanout         Cap        Slew       Delay        Time   Description
---------------------------------------------------------------------------------------------
                                  4.000000    4.000000   clock clk (fall edge)
                                  0.000000    4.000000   clock source latency
     2    0.047659    0.075566    0.054429    4.054430 v clk (in)
                                                         clk (net)
                      0.076871    0.000000    4.054430 v clkbuf_0_clk/A (sky130_fd_sc_hd__clkbuf_16)
    33    0.219280    0.109745    0.182807    4.237236 v clkbuf_0_clk/X (sky130_fd_sc_hd__clkbuf_16)
                                                         clknet_0_clk (net)
                      0.113087    0.015080    4.252317 v clkbuf_4_0_0_clk/A (sky130_fd_sc_hd__clkbuf_8)
    35    0.098119    0.079408    0.175300    4.427617 v clkbuf_4_0_0_clk/X (sky130_fd_sc_hd__clkbuf_8)
                                                         clknet_4_0_0_clk (net)
                      0.079733    0.004188    4.431805 v merge853/GATE_N (sky130_fd_sc_hd__dlrbn_2)
                                  3.781200    8.213006   time given to startpoint
                      0.035586    0.000000    8.213006 v merge853/D (sky130_fd_sc_hd__dlrbn_2)
     7    0.047435    0.082306    0.335247    8.548252 v merge853/Q_N (sky130_fd_sc_hd__dlrbn_2)
                                                         net727 (net)
                      0.082670    0.004698    8.552950 v c348/A0 (sky130_fd_sc_hd__mux4_2)
     5    0.018496    0.091631    0.312835    8.865785 v c348/X (sky130_fd_sc_hd__mux4_2)
                                                         net281 (net)
                      0.091640    0.000936    8.866721 v c351/A0 (sky130_fd_sc_hd__mux4_2)
    19    0.092204    0.207581    0.441325    9.308046 v c351/X (sky130_fd_sc_hd__mux4_2)
                                                         net284 (net)
                      0.207719    0.004525    9.312572 v c367/A2 (sky130_fd_sc_hd__mux4_2)
     1    0.014615    0.085852    0.344854    9.657425 v c367/X (sky130_fd_sc_hd__mux4_2)
                                                         net300 (net)
                      0.085852    0.001344    9.658770 v clkbuf_0_net300/A (sky130_fd_sc_hd__clkbuf_16)
     2    0.021112    0.027411    0.122699    9.781468 v clkbuf_0_net300/X (sky130_fd_sc_hd__clkbuf_16)
                                                         clknet_0_net300 (net)
                      0.027463    0.001240    9.782708 v clkbuf_1_1__f_net300/A (sky130_fd_sc_hd__clkbuf_16)
     4    0.021482    0.027471    0.097589    9.880298 v clkbuf_1_1__f_net300/X (sky130_fd_sc_hd__clkbuf_16)
                                                         clknet_1_1__leaf_net300 (net)
                      0.027736    0.001964    9.882261 v c368/S0 (sky130_fd_sc_hd__mux4_4)
     1    0.015694    0.092608    0.306519   10.188781 v c368/X (sky130_fd_sc_hd__mux4_4)
                                                         net947 (net)
                      0.092608    0.001410   10.190190 v clkbuf_0_net947/A (sky130_fd_sc_hd__clkbuf_16)
     2    0.017824    0.026151    0.123702   10.313892 v clkbuf_0_net947/X (sky130_fd_sc_hd__clkbuf_16)
                                                         clknet_0_net947 (net)
                      0.026161    0.001275   10.315167 v clkbuf_1_0__f_net947/A (sky130_fd_sc_hd__clkbuf_16)
     4    0.020307    0.026938    0.096631   10.411798 v clkbuf_1_0__f_net947/X (sky130_fd_sc_hd__clkbuf_16)
                                                         clknet_1_0__leaf_net947 (net)
                      0.026982    0.001221   10.413020 v c485/A2 (sky130_fd_sc_hd__mux4_2)
     1    0.010877    0.076431    0.276837   10.689857 v c485/X (sky130_fd_sc_hd__mux4_2)
                                                         net401 (net)
                      0.076443    0.000925   10.690783 v clkbuf_0_net401/A (sky130_fd_sc_hd__clkbuf_16)
     2    0.020141    0.027003    0.118004   10.808787 v clkbuf_0_net401/X (sky130_fd_sc_hd__clkbuf_16)
                                                         clknet_0_net401 (net)
                      0.027033    0.001243   10.810031 v clkbuf_1_1__f_net401/A (sky130_fd_sc_hd__clkbuf_16)
     3    0.014346    0.024500    0.093710   10.903741 v clkbuf_1_1__f_net401/X (sky130_fd_sc_hd__clkbuf_16)
                                                         clknet_1_1__leaf_net401 (net)
                      0.024503    0.000739   10.904479 v c491/A2 (sky130_fd_sc_hd__mux4_4)
     1    0.018360    0.096599    0.357464   11.261944 v c491/X (sky130_fd_sc_hd__mux4_4)
                                                         net977 (net)
                      0.096608    0.001700   11.263643 v clkbuf_0_net977/A (sky130_fd_sc_hd__clkbuf_16)
     2    0.017748    0.026074    0.125512   11.389155 v clkbuf_0_net977/X (sky130_fd_sc_hd__clkbuf_16)
                                                         clknet_0_net977 (net)
                      0.026077    0.000941   11.390098 v clkbuf_1_0__f_net977/A (sky130_fd_sc_hd__clkbuf_16)
     3    0.015592    0.025016    0.093968   11.484065 v clkbuf_1_0__f_net977/X (sky130_fd_sc_hd__clkbuf_16)
                                                         clknet_1_0__leaf_net977 (net)
                      0.025022    0.000997   11.485062 v c495/A1 (sky130_fd_sc_hd__mux4_4)
     1    0.002947    0.072935    0.315023   11.800084 v c495/X (sky130_fd_sc_hd__mux4_4)
                                                         net410 (net)
                      0.072935    0.000216   11.800300 v merge789/A_N (sky130_fd_sc_hd__and2b_1)
     1    0.006218    0.050545    0.148339   11.948639 ^ merge789/X (sky130_fd_sc_hd__and2b_1)
                                                         net656 (net)
                      0.050548    0.000441   11.949080 ^ merge830/B (sky130_fd_sc_hd__or2_2)
     1    0.005307    0.029261    0.074390   12.023471 ^ merge830/X (sky130_fd_sc_hd__or2_2)
                                                         net701 (net)
                      0.029264    0.000289   12.023759 ^ merge872/RESET_B (sky130_fd_sc_hd__dfrtp_4)
                                             12.023759   data arrival time

                                  8.000000    8.000000   clock clk (rise edge)
                                  0.000000    8.000000   clock source latency
     2    0.048655    0.167209    0.118908    8.118909 ^ clk (in)
                                                         clk (net)
                      0.167838    0.000000    8.118909 ^ clkbuf_0_clk/A (sky130_fd_sc_hd__clkbuf_16)
    33    0.227297    0.185051    0.219449    8.338358 ^ clkbuf_0_clk/X (sky130_fd_sc_hd__clkbuf_16)
                                                         clknet_0_clk (net)
                      0.186504    0.013230    8.351588 ^ clkbuf_4_12_0_clk/A (sky130_fd_sc_hd__clkbuf_8)
     9    0.042202    0.066100    0.141972    8.493560 ^ clkbuf_4_12_0_clk/X (sky130_fd_sc_hd__clkbuf_8)
                                                         clknet_4_12_0_clk (net)
                      0.066251    0.002157    8.495717 ^ merge872/CLK (sky130_fd_sc_hd__dfrtp_4)
                                 -0.250000    8.245717   clock uncertainty
                                  0.000000    8.245717   clock reconvergence pessimism
                                  0.137138    8.382855   library recovery time
                                              8.382855   data required time
---------------------------------------------------------------------------------------------
                                              8.382855   data required time
                                            -12.023759   data arrival time
---------------------------------------------------------------------------------------------
                                             -3.640904   slack (VIOLATED)


Startpoint: s884 (negative level-sensitive latch clocked by clk)
Endpoint: c363 (rising edge-triggered flip-flop clocked by clk)
Path Group: clk
Path Type: max

Fanout         Cap        Slew       Delay        Time   Description
---------------------------------------------------------------------------------------------
                                  4.000000    4.000000   clock clk (fall edge)
                                  0.000000    4.000000   clock source latency
     2    0.047659    0.075566    0.054429    4.054430 v clk (in)
                                                         clk (net)
                      0.076871    0.000000    4.054430 v clkbuf_0_clk/A (sky130_fd_sc_hd__clkbuf_16)
    33    0.219280    0.109745    0.182807    4.237236 v clkbuf_0_clk/X (sky130_fd_sc_hd__clkbuf_16)
                                                         clknet_0_clk (net)
                      0.113586    0.016154    4.253390 v clkbuf_4_15_0_clk/A (sky130_fd_sc_hd__clkbuf_8)
    25    0.080015    0.069719    0.167800    4.421190 v clkbuf_4_15_0_clk/X (sky130_fd_sc_hd__clkbuf_8)
                                                         clknet_4_15_0_clk (net)
                      0.069930    0.003320    4.424510 v s884/GATE_N (sky130_fd_sc_hd__dlxbn_1)
                                  3.771346    8.195857   time given to startpoint
                      0.077088    0.000000    8.195857 v s884/D (sky130_fd_sc_hd__dlxbn_1)
     4    0.027427    0.091801    0.302983    8.498839 v s884/Q_N (sky130_fd_sc_hd__dlxbn_1)
                                                         net763 (net)
                      0.091832    0.001574    8.500413 v c234/S0 (sky130_fd_sc_hd__mux4_1)
     3    0.010225    0.087983    0.255341    8.755754 ^ c234/X (sky130_fd_sc_hd__mux4_1)
                                                         net169 (net)
                      0.087984    0.000522    8.756276 ^ c239/A0 (sky130_fd_sc_hd__mux4_2)
     2    0.013471    0.075087    0.177527    8.933804 ^ c239/X (sky130_fd_sc_hd__mux4_2)
                                                         net174 (net)
                      0.075090    0.000595    8.934399 ^ c240/A1 (sky130_fd_sc_hd__mux4_1)
     2    0.006197    0.065097    0.162263    9.096662 ^ c240/X (sky130_fd_sc_hd__mux4_1)
                                                         net175 (net)
                      0.065098    0.000380    9.097041 ^ c241/A3 (sky130_fd_sc_hd__mux4_4)
     1    0.014239    0.060461    0.200314    9.297356 ^ c241/X (sky130_fd_sc_hd__mux4_4)
                                                         net957 (net)
                      0.060491    0.001237    9.298594 ^ clkbuf_0_net957/A (sky130_fd_sc_hd__clkbuf_16)
     2    0.018128    0.030156    0.091254    9.389848 ^ clkbuf_0_net957/X (sky130_fd_sc_hd__clkbuf_16)
                                                         clknet_0_net957 (net)
                      0.030172    0.001112    9.390960 ^ clkbuf_1_0__f_net957/A (sky130_fd_sc_hd__clkbuf_16)
     1    0.002514    0.019204    0.071363    9.462323 ^ clkbuf_1_0__f_net957/X (sky130_fd_sc_hd__clkbuf_16)
                                                         clknet_1_0__leaf_net957 (net)
                      0.019204    0.000163    9.462485 ^ c363/RESET_B (sky130_fd_sc_hd__sdfbbp_1)
                                              9.462485   data arrival time

                                  0.000000    0.000000   clock clk (rise edge)
                                  0.000000    0.000000   clock source latency
     2    0.048655    0.167209    0.118908    0.118908 ^ clk (in)
                                                         clk (net)
                      0.167838    0.000000    0.118908 ^ clkbuf_0_clk/A (sky130_fd_sc_hd__clkbuf_16)
    33    0.227297    0.185051    0.219450    0.338358 ^ clkbuf_0_clk/X (sky130_fd_sc_hd__clkbuf_16)
                                                         clknet_0_clk (net)
                      0.186955    0.015064    0.353422 ^ clkbuf_4_8_0_clk/A (sky130_fd_sc_hd__clkbuf_8)
    19    0.059180    0.086513    0.156709    0.510131 ^ clkbuf_4_8_0_clk/X (sky130_fd_sc_hd__clkbuf_8)
                                                         clknet_4_8_0_clk (net)
                      0.086550    0.001478    0.511609 ^ s898/CLK (sky130_fd_sc_hd__dlclkp_2)
     1    0.026033    0.108018    0.156987    0.668596 ^ s898/GCLK (sky130_fd_sc_hd__dlclkp_2)
                                                         net779 (net)
                      0.108244    0.004003    0.672600 ^ clkbuf_0_net779/A (sky130_fd_sc_hd__clkbuf_16)
     2    0.030472    0.039237    0.112176    0.784776 ^ clkbuf_0_net779/X (sky130_fd_sc_hd__clkbuf_16)
                                                         clknet_0_net779 (net)
                      0.039330    0.001609    0.786385 ^ clkbuf_1_1__f_net779/A (sky130_fd_sc_hd__clkbuf_16)
     4    0.023768    0.033673    0.089009    0.875394 ^ clkbuf_1_1__f_net779/X (sky130_fd_sc_hd__clkbuf_16)
                                                         clknet_1_1__leaf_net779 (net)
                      0.033803    0.001147    0.876541 ^ c363/SET_B (sky130_fd_sc_hd__sdfbbp_1)
                                 -0.250000    0.626541   clock uncertainty
                                  0.000000    0.626541   clock reconvergence pessimism
                                  0.081365    0.707906   library non-sequential setup time
                                              0.707906   data required time
---------------------------------------------------------------------------------------------
                                              0.707906   data required time
                                             -9.462485   data arrival time
---------------------------------------------------------------------------------------------
                                             -8.754580   slack (VIOLATED)




===========================================================================
report_checks --slack_max -0.01
============================================================================
======================= max_ff_n40C_1v95 Corner ===================================

Startpoint: merge853 (negative level-sensitive latch clocked by clk)
Endpoint: merge872 (recovery check against rising-edge clock clk)
Path Group: asynchronous
Path Type: max

Fanout         Cap        Slew       Delay        Time   Description
---------------------------------------------------------------------------------------------
                                  4.000000    4.000000   clock clk (fall edge)
                                  0.000000    4.000000   clock source latency
     2    0.047659    0.075566    0.054429    4.054430 v clk (in)
                                                         clk (net)
                      0.076871    0.000000    4.054430 v clkbuf_0_clk/A (sky130_fd_sc_hd__clkbuf_16)
    33    0.219280    0.109745    0.182807    4.237236 v clkbuf_0_clk/X (sky130_fd_sc_hd__clkbuf_16)
                                                         clknet_0_clk (net)
                      0.113087    0.015080    4.252317 v clkbuf_4_0_0_clk/A (sky130_fd_sc_hd__clkbuf_8)
    35    0.098119    0.079408    0.175300    4.427617 v clkbuf_4_0_0_clk/X (sky130_fd_sc_hd__clkbuf_8)
                                                         clknet_4_0_0_clk (net)
                      0.079733    0.004188    4.431805 v merge853/GATE_N (sky130_fd_sc_hd__dlrbn_2)
                                  3.781200    8.213006   time given to startpoint
                      0.035586    0.000000    8.213006 v merge853/D (sky130_fd_sc_hd__dlrbn_2)
     7    0.047435    0.082306    0.335247    8.548252 v merge853/Q_N (sky130_fd_sc_hd__dlrbn_2)
                                                         net727 (net)
                      0.082670    0.004698    8.552950 v c348/A0 (sky130_fd_sc_hd__mux4_2)
     5    0.018496    0.091631    0.312835    8.865785 v c348/X (sky130_fd_sc_hd__mux4_2)
                                                         net281 (net)
                      0.091640    0.000936    8.866721 v c351/A0 (sky130_fd_sc_hd__mux4_2)
    19    0.092204    0.207581    0.441325    9.308046 v c351/X (sky130_fd_sc_hd__mux4_2)
                                                         net284 (net)
                      0.207719    0.004525    9.312572 v c367/A2 (sky130_fd_sc_hd__mux4_2)
     1    0.014615    0.085852    0.344854    9.657425 v c367/X (sky130_fd_sc_hd__mux4_2)
                                                         net300 (net)
                      0.085852    0.001344    9.658770 v clkbuf_0_net300/A (sky130_fd_sc_hd__clkbuf_16)
     2    0.021112    0.027411    0.122699    9.781468 v clkbuf_0_net300/X (sky130_fd_sc_hd__clkbuf_16)
                                                         clknet_0_net300 (net)
                      0.027463    0.001240    9.782708 v clkbuf_1_1__f_net300/A (sky130_fd_sc_hd__clkbuf_16)
     4    0.021482    0.027471    0.097589    9.880298 v clkbuf_1_1__f_net300/X (sky130_fd_sc_hd__clkbuf_16)
                                                         clknet_1_1__leaf_net300 (net)
                      0.027736    0.001964    9.882261 v c368/S0 (sky130_fd_sc_hd__mux4_4)
     1    0.015694    0.092608    0.306519   10.188781 v c368/X (sky130_fd_sc_hd__mux4_4)
                                                         net947 (net)
                      0.092608    0.001410   10.190190 v clkbuf_0_net947/A (sky130_fd_sc_hd__clkbuf_16)
     2    0.017824    0.026151    0.123702   10.313892 v clkbuf_0_net947/X (sky130_fd_sc_hd__clkbuf_16)
                                                         clknet_0_net947 (net)
                      0.026161    0.001275   10.315167 v clkbuf_1_0__f_net947/A (sky130_fd_sc_hd__clkbuf_16)
     4    0.020307    0.026938    0.096631   10.411798 v clkbuf_1_0__f_net947/X (sky130_fd_sc_hd__clkbuf_16)
                                                         clknet_1_0__leaf_net947 (net)
                      0.026982    0.001221   10.413020 v c485/A2 (sky130_fd_sc_hd__mux4_2)
     1    0.010877    0.076431    0.276837   10.689857 v c485/X (sky130_fd_sc_hd__mux4_2)
                                                         net401 (net)
                      0.076443    0.000925   10.690783 v clkbuf_0_net401/A (sky130_fd_sc_hd__clkbuf_16)
     2    0.020141    0.027003    0.118004   10.808787 v clkbuf_0_net401/X (sky130_fd_sc_hd__clkbuf_16)
                                                         clknet_0_net401 (net)
                      0.027033    0.001243   10.810031 v clkbuf_1_1__f_net401/A (sky130_fd_sc_hd__clkbuf_16)
     3    0.014346    0.024500    0.093710   10.903741 v clkbuf_1_1__f_net401/X (sky130_fd_sc_hd__clkbuf_16)
                                                         clknet_1_1__leaf_net401 (net)
                      0.024503    0.000739   10.904479 v c491/A2 (sky130_fd_sc_hd__mux4_4)
     1    0.018360    0.096599    0.357464   11.261944 v c491/X (sky130_fd_sc_hd__mux4_4)
                                                         net977 (net)
                      0.096608    0.001700   11.263643 v clkbuf_0_net977/A (sky130_fd_sc_hd__clkbuf_16)
     2    0.017748    0.026074    0.125512   11.389155 v clkbuf_0_net977/X (sky130_fd_sc_hd__clkbuf_16)
                                                         clknet_0_net977 (net)
                      0.026077    0.000941   11.390098 v clkbuf_1_0__f_net977/A (sky130_fd_sc_hd__clkbuf_16)
     3    0.015592    0.025016    0.093968   11.484065 v clkbuf_1_0__f_net977/X (sky130_fd_sc_hd__clkbuf_16)
                                                         clknet_1_0__leaf_net977 (net)
                      0.025022    0.000997   11.485062 v c495/A1 (sky130_fd_sc_hd__mux4_4)
     1    0.002947    0.072935    0.315023   11.800084 v c495/X (sky130_fd_sc_hd__mux4_4)
                                                         net410 (net)
                      0.072935    0.000216   11.800300 v merge789/A_N (sky130_fd_sc_hd__and2b_1)
     1    0.006218    0.050545    0.148339   11.948639 ^ merge789/X (sky130_fd_sc_hd__and2b_1)
                                                         net656 (net)
                      0.050548    0.000441   11.949080 ^ merge830/B (sky130_fd_sc_hd__or2_2)
     1    0.005307    0.029261    0.074390   12.023471 ^ merge830/X (sky130_fd_sc_hd__or2_2)
                                                         net701 (net)
                      0.029264    0.000289   12.023759 ^ merge872/RESET_B (sky130_fd_sc_hd__dfrtp_4)
                                             12.023759   data arrival time

                                  8.000000    8.000000   clock clk (rise edge)
                                  0.000000    8.000000   clock source latency
     2    0.048655    0.167209    0.118908    8.118909 ^ clk (in)
                                                         clk (net)
                      0.167838    0.000000    8.118909 ^ clkbuf_0_clk/A (sky130_fd_sc_hd__clkbuf_16)
    33    0.227297    0.185051    0.219449    8.338358 ^ clkbuf_0_clk/X (sky130_fd_sc_hd__clkbuf_16)
                                                         clknet_0_clk (net)
                      0.186504    0.013230    8.351588 ^ clkbuf_4_12_0_clk/A (sky130_fd_sc_hd__clkbuf_8)
     9    0.042202    0.066100    0.141972    8.493560 ^ clkbuf_4_12_0_clk/X (sky130_fd_sc_hd__clkbuf_8)
                                                         clknet_4_12_0_clk (net)
                      0.066251    0.002157    8.495717 ^ merge872/CLK (sky130_fd_sc_hd__dfrtp_4)
                                 -0.250000    8.245717   clock uncertainty
                                  0.000000    8.245717   clock reconvergence pessimism
                                  0.137138    8.382855   library recovery time
                                              8.382855   data required time
---------------------------------------------------------------------------------------------
                                              8.382855   data required time
                                            -12.023759   data arrival time
---------------------------------------------------------------------------------------------
                                             -3.640904   slack (VIOLATED)


Startpoint: s884 (negative level-sensitive latch clocked by clk)
Endpoint: c363 (rising edge-triggered flip-flop clocked by clk)
Path Group: clk
Path Type: max

Fanout         Cap        Slew       Delay        Time   Description
---------------------------------------------------------------------------------------------
                                  4.000000    4.000000   clock clk (fall edge)
                                  0.000000    4.000000   clock source latency
     2    0.047659    0.075566    0.054429    4.054430 v clk (in)
                                                         clk (net)
                      0.076871    0.000000    4.054430 v clkbuf_0_clk/A (sky130_fd_sc_hd__clkbuf_16)
    33    0.219280    0.109745    0.182807    4.237236 v clkbuf_0_clk/X (sky130_fd_sc_hd__clkbuf_16)
                                                         clknet_0_clk (net)
                      0.113586    0.016154    4.253390 v clkbuf_4_15_0_clk/A (sky130_fd_sc_hd__clkbuf_8)
    25    0.080015    0.069719    0.167800    4.421190 v clkbuf_4_15_0_clk/X (sky130_fd_sc_hd__clkbuf_8)
                                                         clknet_4_15_0_clk (net)
                      0.069930    0.003320    4.424510 v s884/GATE_N (sky130_fd_sc_hd__dlxbn_1)
                                  3.771346    8.195857   time given to startpoint
                      0.077088    0.000000    8.195857 v s884/D (sky130_fd_sc_hd__dlxbn_1)
     4    0.027427    0.091801    0.302983    8.498839 v s884/Q_N (sky130_fd_sc_hd__dlxbn_1)
                                                         net763 (net)
                      0.091832    0.001574    8.500413 v c234/S0 (sky130_fd_sc_hd__mux4_1)
     3    0.010225    0.087983    0.255341    8.755754 ^ c234/X (sky130_fd_sc_hd__mux4_1)
                                                         net169 (net)
                      0.087984    0.000522    8.756276 ^ c239/A0 (sky130_fd_sc_hd__mux4_2)
     2    0.013471    0.075087    0.177527    8.933804 ^ c239/X (sky130_fd_sc_hd__mux4_2)
                                                         net174 (net)
                      0.075090    0.000595    8.934399 ^ c240/A1 (sky130_fd_sc_hd__mux4_1)
     2    0.006197    0.065097    0.162263    9.096662 ^ c240/X (sky130_fd_sc_hd__mux4_1)
                                                         net175 (net)
                      0.065098    0.000380    9.097041 ^ c241/A3 (sky130_fd_sc_hd__mux4_4)
     1    0.014239    0.060461    0.200314    9.297356 ^ c241/X (sky130_fd_sc_hd__mux4_4)
                                                         net957 (net)
                      0.060491    0.001237    9.298594 ^ clkbuf_0_net957/A (sky130_fd_sc_hd__clkbuf_16)
     2    0.018128    0.030156    0.091254    9.389848 ^ clkbuf_0_net957/X (sky130_fd_sc_hd__clkbuf_16)
                                                         clknet_0_net957 (net)
                      0.030172    0.001112    9.390960 ^ clkbuf_1_0__f_net957/A (sky130_fd_sc_hd__clkbuf_16)
     1    0.002514    0.019204    0.071363    9.462323 ^ clkbuf_1_0__f_net957/X (sky130_fd_sc_hd__clkbuf_16)
                                                         clknet_1_0__leaf_net957 (net)
                      0.019204    0.000163    9.462485 ^ c363/RESET_B (sky130_fd_sc_hd__sdfbbp_1)
                                              9.462485   data arrival time

                                  0.000000    0.000000   clock clk (rise edge)
                                  0.000000    0.000000   clock source latency
     2    0.048655    0.167209    0.118908    0.118908 ^ clk (in)
                                                         clk (net)
                      0.167838    0.000000    0.118908 ^ clkbuf_0_clk/A (sky130_fd_sc_hd__clkbuf_16)
    33    0.227297    0.185051    0.219450    0.338358 ^ clkbuf_0_clk/X (sky130_fd_sc_hd__clkbuf_16)
                                                         clknet_0_clk (net)
                      0.186955    0.015064    0.353422 ^ clkbuf_4_8_0_clk/A (sky130_fd_sc_hd__clkbuf_8)
    19    0.059180    0.086513    0.156709    0.510131 ^ clkbuf_4_8_0_clk/X (sky130_fd_sc_hd__clkbuf_8)
                                                         clknet_4_8_0_clk (net)
                      0.086550    0.001478    0.511609 ^ s898/CLK (sky130_fd_sc_hd__dlclkp_2)
     1    0.026033    0.108018    0.156987    0.668596 ^ s898/GCLK (sky130_fd_sc_hd__dlclkp_2)
                                                         net779 (net)
                      0.108244    0.004003    0.672600 ^ clkbuf_0_net779/A (sky130_fd_sc_hd__clkbuf_16)
     2    0.030472    0.039237    0.112176    0.784776 ^ clkbuf_0_net779/X (sky130_fd_sc_hd__clkbuf_16)
                                                         clknet_0_net779 (net)
                      0.039330    0.001609    0.786385 ^ clkbuf_1_1__f_net779/A (sky130_fd_sc_hd__clkbuf_16)
     4    0.023768    0.033673    0.089009    0.875394 ^ clkbuf_1_1__f_net779/X (sky130_fd_sc_hd__clkbuf_16)
                                                         clknet_1_1__leaf_net779 (net)
                      0.033803    0.001147    0.876541 ^ c363/SET_B (sky130_fd_sc_hd__sdfbbp_1)
                                 -0.250000    0.626541   clock uncertainty
                                  0.000000    0.626541   clock reconvergence pessimism
                                  0.081365    0.707906   library non-sequential setup time
                                              0.707906   data required time
---------------------------------------------------------------------------------------------
                                              0.707906   data required time
                                             -9.462485   data arrival time
---------------------------------------------------------------------------------------------
                                             -8.754580   slack (VIOLATED)




===========================================================================
 report_check_types -max_slew -max_cap -max_fanout -violators
============================================================================
======================= max_ff_n40C_1v95 Corner ===================================

max fanout

Pin                                   Limit Fanout  Slack
---------------------------------------------------------
clkbuf_4_0_0_clk/X                       10     35    -25 (VIOLATED)
clkbuf_0_clk/X                           10     33    -23 (VIOLATED)
clkbuf_4_14_0_clk/X                      10     33    -23 (VIOLATED)
clkbuf_4_2_0_clk/X                       10     31    -21 (VIOLATED)
clkbuf_4_1_0_clk/X                       10     27    -17 (VIOLATED)
clkbuf_4_4_0_clk/X                       10     27    -17 (VIOLATED)
clkbuf_4_15_0_clk/X                      10     25    -15 (VIOLATED)
fanout147/X                              10     22    -12 (VIOLATED)
fanout211/X                              10     22    -12 (VIOLATED)
fanout215/X                              10     22    -12 (VIOLATED)
c162/X                                   10     21    -11 (VIOLATED)
c170/X                                   10     21    -11 (VIOLATED)
c183/X                                   10     21    -11 (VIOLATED)
c294/X                                   10     21    -11 (VIOLATED)
clkbuf_4_11_0_clk/X                      10     21    -11 (VIOLATED)
clkbuf_4_7_0_clk/X                       10     21    -11 (VIOLATED)
fanout124/X                              10     21    -11 (VIOLATED)
fanout129/X                              10     21    -11 (VIOLATED)
fanout134/X                              10     21    -11 (VIOLATED)
fanout136/X                              10     21    -11 (VIOLATED)
fanout138/X                              10     21    -11 (VIOLATED)
fanout139/X                              10     21    -11 (VIOLATED)
fanout140/X                              10     21    -11 (VIOLATED)
fanout143/X                              10     21    -11 (VIOLATED)
fanout145/X                              10     21    -11 (VIOLATED)
fanout152/X                              10     21    -11 (VIOLATED)
fanout155/X                              10     21    -11 (VIOLATED)
fanout158/X                              10     21    -11 (VIOLATED)
fanout159/X                              10     21    -11 (VIOLATED)
fanout160/X                              10     21    -11 (VIOLATED)
fanout161/X                              10     21    -11 (VIOLATED)
fanout167/X                              10     21    -11 (VIOLATED)
fanout169/X                              10     21    -11 (VIOLATED)
fanout178/X                              10     21    -11 (VIOLATED)
fanout181/X                              10     21    -11 (VIOLATED)
fanout182/X                              10     21    -11 (VIOLATED)
fanout188/X                              10     21    -11 (VIOLATED)
fanout190/X                              10     21    -11 (VIOLATED)
fanout191/X                              10     21    -11 (VIOLATED)
fanout194/X                              10     21    -11 (VIOLATED)
fanout195/X                              10     21    -11 (VIOLATED)
fanout196/X                              10     21    -11 (VIOLATED)
fanout197/X                              10     21    -11 (VIOLATED)
fanout199/X                              10     21    -11 (VIOLATED)
fanout200/X                              10     21    -11 (VIOLATED)
fanout201/X                              10     21    -11 (VIOLATED)
fanout203/X                              10     21    -11 (VIOLATED)
fanout205/X                              10     21    -11 (VIOLATED)
fanout208/X                              10     21    -11 (VIOLATED)
fanout209/X                              10     21    -11 (VIOLATED)
fanout213/X                              10     21    -11 (VIOLATED)
fanout216/X                              10     21    -11 (VIOLATED)
fanout217/X                              10     21    -11 (VIOLATED)
fanout218/X                              10     21    -11 (VIOLATED)
fanout219/X                              10     21    -11 (VIOLATED)
fanout220/X                              10     21    -11 (VIOLATED)
input23/X                                10     21    -11 (VIOLATED)
input30/X                                10     21    -11 (VIOLATED)
input7/X                                 10     21    -11 (VIOLATED)
s880/Q                                   10     21    -11 (VIOLATED)
s885/Q                                   10     21    -11 (VIOLATED)
s885/Q_N                                 10     21    -11 (VIOLATED)
s953/Q                                   10     21    -11 (VIOLATED)
c156/Y                                   10     19     -9 (VIOLATED)
c222/X                                   10     19     -9 (VIOLATED)
c351/X                                   10     19     -9 (VIOLATED)
c531/X                                   10     19     -9 (VIOLATED)
c535/Y                                   10     19     -9 (VIOLATED)
clkbuf_4_6_0_clk/X                       10     19     -9 (VIOLATED)
clkbuf_4_8_0_clk/X                       10     19     -9 (VIOLATED)
input19/X                                10     19     -9 (VIOLATED)
input37/X                                10     19     -9 (VIOLATED)
input49/X                                10     19     -9 (VIOLATED)
merge801/Q                               10     19     -9 (VIOLATED)
s888/Q                                   10     19     -9 (VIOLATED)
c176/X                                   10     17     -7 (VIOLATED)
c188/X                                   10     17     -7 (VIOLATED)
c194/X                                   10     17     -7 (VIOLATED)
c461/Y                                   10     17     -7 (VIOLATED)
c69/X                                    10     17     -7 (VIOLATED)
c74/Y                                    10     17     -7 (VIOLATED)
c81/X                                    10     17     -7 (VIOLATED)
c88/X                                    10     17     -7 (VIOLATED)
clkbuf_1_0__f_net946/X                   10     17     -7 (VIOLATED)
clkbuf_1_0__f_net959/X                   10     17     -7 (VIOLATED)
clkbuf_1_1__f_net153/X                   10     17     -7 (VIOLATED)
clkbuf_4_5_0_clk/X                       10     17     -7 (VIOLATED)
input54/X                                10     17     -7 (VIOLATED)
merge859/Q                               10     17     -7 (VIOLATED)
merge872/Q                               10     17     -7 (VIOLATED)
s887/Q                                   10     17     -7 (VIOLATED)
s889/Q                                   10     17     -7 (VIOLATED)
s890/Q                                   10     17     -7 (VIOLATED)
s926/Q                                   10     17     -7 (VIOLATED)
s943/Q                                   10     17     -7 (VIOLATED)
s944/Q                                   10     17     -7 (VIOLATED)
c102/Q_N                                 10     15     -5 (VIOLATED)
c149/X                                   10     15     -5 (VIOLATED)
c268/X                                   10     15     -5 (VIOLATED)
c270/X                                   10     15     -5 (VIOLATED)
c281/Q_N                                 10     15     -5 (VIOLATED)
c287/X                                   10     15     -5 (VIOLATED)
c288/Y                                   10     15     -5 (VIOLATED)
c301/X                                   10     15     -5 (VIOLATED)
c304/X                                   10     15     -5 (VIOLATED)
c308/Y                                   10     15     -5 (VIOLATED)
c404/X                                   10     15     -5 (VIOLATED)
c418/Y                                   10     15     -5 (VIOLATED)
c592/X                                   10     15     -5 (VIOLATED)
clkbuf_4_10_0_clk/X                      10     15     -5 (VIOLATED)
fanout151/X                              10     15     -5 (VIOLATED)
fanout184/X                              10     15     -5 (VIOLATED)
fanout204/X                              10     15     -5 (VIOLATED)
input20/X                                10     15     -5 (VIOLATED)
max_cap135/X                             10     15     -5 (VIOLATED)
merge861/Q                               10     15     -5 (VIOLATED)
s895/Q                                   10     15     -5 (VIOLATED)
s903/Q                                   10     15     -5 (VIOLATED)
s904/Q                                   10     15     -5 (VIOLATED)
s919/Q                                   10     15     -5 (VIOLATED)
s921/Q                                   10     15     -5 (VIOLATED)
s955/Q                                   10     15     -5 (VIOLATED)
s877/Q_N                                 10     14     -4 (VIOLATED)
c108/X                                   10     13     -3 (VIOLATED)
c113/Q                                   10     13     -3 (VIOLATED)
c159/X                                   10     13     -3 (VIOLATED)
c280/Q                                   10     13     -3 (VIOLATED)
c280/Q_N                                 10     13     -3 (VIOLATED)
c283/X                                   10     13     -3 (VIOLATED)
c356/X                                   10     13     -3 (VIOLATED)
c478/X                                   10     13     -3 (VIOLATED)
c565/Q                                   10     13     -3 (VIOLATED)
c66/Y                                    10     13     -3 (VIOLATED)
c683/X                                   10     13     -3 (VIOLATED)
clkbuf_1_0__f_net153/X                   10     13     -3 (VIOLATED)
clkbuf_1_1__f_net542/X                   10     13     -3 (VIOLATED)
clkbuf_1_1__f_net706/X                   10     13     -3 (VIOLATED)
clkbuf_1_1__f_net778/X                   10     13     -3 (VIOLATED)
clkbuf_1_1__f_net946/X                   10     13     -3 (VIOLATED)
fanout207/X                              10     13     -3 (VIOLATED)
fanout212/X                              10     13     -3 (VIOLATED)
fanout221/X                              10     13     -3 (VIOLATED)
fanout224/X                              10     13     -3 (VIOLATED)
input61/X                                10     13     -3 (VIOLATED)
max_cap206/X                             10     13     -3 (VIOLATED)
merge831/Q                               10     13     -3 (VIOLATED)
merge850/Q                               10     13     -3 (VIOLATED)
merge851/Q                               10     13     -3 (VIOLATED)
merge864/Q                               10     13     -3 (VIOLATED)
s877/Q                                   10     13     -3 (VIOLATED)
s927/Q                                   10     13     -3 (VIOLATED)
s928/Q                                   10     13     -3 (VIOLATED)
s935/Q                                   10     13     -3 (VIOLATED)
s937/Q                                   10     13     -3 (VIOLATED)
s939/Q                                   10     13     -3 (VIOLATED)
clkbuf_4_13_0_clk/X                      10     12     -2 (VIOLATED)
c269/X                                   10     11        (VIOLATED)
c275/X                                   10     11        (VIOLATED)
c276/X                                   10     11        (VIOLATED)
c359/X                                   10     11        (VIOLATED)
c460/X                                   10     11        (VIOLATED)
c529/Y                                   10     11        (VIOLATED)
c560/X                                   10     11        (VIOLATED)
c565/Q_N                                 10     11        (VIOLATED)
c62/X                                    10     11        (VIOLATED)
c65/X                                    10     11        (VIOLATED)
c97/X                                    10     11        (VIOLATED)
clkbuf_1_1__f_net762/X                   10     11        (VIOLATED)
clkbuf_1_1__f_net934/X                   10     11        (VIOLATED)
clkbuf_4_3_0_clk/X                       10     11        (VIOLATED)
clone10/X                                10     11        (VIOLATED)
clone17/X                                10     11        (VIOLATED)
clone26/X                                10     11        (VIOLATED)
clone28/X                                10     11        (VIOLATED)
clone34/X                                10     11        (VIOLATED)
clone39/X                                10     11        (VIOLATED)
fanout148/X                              10     11        (VIOLATED)
fanout150/X                              10     11        (VIOLATED)
fanout166/X                              10     11        (VIOLATED)
fanout185/X                              10     11        (VIOLATED)
fanout214/X                              10     11        (VIOLATED)
fanout223/X                              10     11        (VIOLATED)
input17/X                                10     11        (VIOLATED)
input21/X                                10     11        (VIOLATED)
input41/X                                10     11        (VIOLATED)
input50/X                                10     11        (VIOLATED)
s878/Q                                   10     11        (VIOLATED)
s900/Q                                   10     11        (VIOLATED)
s901/Q                                   10     11        (VIOLATED)
s901/Q_N                                 10     11        (VIOLATED)
s906/Q                                   10     11        (VIOLATED)
s920/Q                                   10     11        (VIOLATED)
s922/Q                                   10     11        (VIOLATED)
s938/Q                                   10     11        (VIOLATED)
s940/Q                                   10     11        (VIOLATED)

max capacitance

Pin                                        Limit         Cap       Slack
------------------------------------------------------------------------
clkbuf_0_clk/X                          0.200000    0.227297   -0.027297 (VIOLATED)



===========================================================================
report_parasitic_annotation -report_unannotated
============================================================================
Found 1 unannotated drivers.
 rst
Found 0 partially unannotated drivers.

===========================================================================
max slew violation count 0
max fanout violation count 195
max cap violation count 1
============================================================================

===========================================================================
check_setup -verbose -unconstrained_endpoints -multiple_clock -no_clock -no_input_delay -loops -generated_clocks
===========================================================================
Warning: There are 9 unconstrained endpoints.
  out26
  out33
  out35
  out37
  out54
  out59
  c422/SCD
  merge792/D
  merge863/D
