
===========================================================================
report_checks -unconstrained
===========================================================================
======================= nom_tt_025C_1v80 Corner ===================================

Startpoint: in2 (input port clocked by clk)
Endpoint: merge821 (recovery check against falling-edge clock clk)
Path Group: asynchronous
Path Type: max

Fanout         Cap        Slew       Delay        Time   Description
---------------------------------------------------------------------------------------------
                      0.150000    0.000000    0.000000   clock clk (rise edge)
                                  0.000000    0.000000   clock network delay (ideal)
                                  1.600000    1.600000 v input external delay
     1    0.002237    0.007606    0.003461    1.603461 v in2 (in)
                                                         in2 (net)
                      0.007606    0.000000    1.603461 v c132/A1 (sky130_fd_sc_hd__o21bai_1)
     2    0.008872    0.218526    0.197593    1.801054 ^ c132/Y (sky130_fd_sc_hd__o21bai_1)
                                                         net73 (net)
                      0.218526    0.000000    1.801054 ^ c133/A (sky130_fd_sc_hd__xor2_1)
    12    0.036853    0.743806    0.624624    2.425678 ^ c133/X (sky130_fd_sc_hd__xor2_1)
                                                         net74 (net)
                      0.743806    0.000000    2.425678 ^ c135/B1_N (sky130_fd_sc_hd__a21bo_4)
     9    0.025095    0.063197    0.335370    2.761048 v c135/X (sky130_fd_sc_hd__a21bo_4)
                                                         net76 (net)
                      0.063197    0.000000    2.761048 v c136/A1 (sky130_fd_sc_hd__a21boi_0)
     5    0.013440    0.451422    0.378934    3.139982 ^ c136/Y (sky130_fd_sc_hd__a21boi_0)
                                                         net77 (net)
                      0.451422    0.000000    3.139982 ^ c137/A1 (sky130_fd_sc_hd__a31oi_1)
     3    0.007205    0.168518    0.189486    3.329468 v c137/Y (sky130_fd_sc_hd__a31oi_1)
                                                         net78 (net)
                      0.168518    0.000000    3.329468 v c139/A2 (sky130_fd_sc_hd__a41o_4)
     2    0.003418    0.037426    0.285342    3.614810 v c139/X (sky130_fd_sc_hd__a41o_4)
                                                         net80 (net)
                      0.037426    0.000000    3.614810 v c141/A1 (sky130_fd_sc_hd__mux4_2)
     6    0.012729    0.115221    0.495128    4.109937 v c141/X (sky130_fd_sc_hd__mux4_2)
                                                         net82 (net)
                      0.115221    0.000000    4.109937 v c142/S1 (sky130_fd_sc_hd__mux4_4)
     5    0.014489    0.101340    0.339193    4.449130 ^ c142/X (sky130_fd_sc_hd__mux4_4)
                                                         net83 (net)
                      0.101340    0.000000    4.449130 ^ c143/A1 (sky130_fd_sc_hd__a41oi_1)
     6    0.015796    0.233510    0.218570    4.667700 v c143/Y (sky130_fd_sc_hd__a41oi_1)
                                                         net84 (net)
                      0.233510    0.000000    4.667700 v c144/A3 (sky130_fd_sc_hd__mux4_2)
    10    0.048371    0.196504    0.691379    5.359079 v c144/X (sky130_fd_sc_hd__mux4_2)
                                                         net85 (net)
                      0.196504    0.000000    5.359079 v c176/B (sky130_fd_sc_hd__xnor2_2)
     7    0.044372    0.579066    0.513782    5.872861 ^ c176/Y (sky130_fd_sc_hd__xnor2_2)
                                                         net119 (net)
                      0.579066    0.000000    5.872861 ^ c177/A (sky130_fd_sc_hd__xnor2_4)
     6    0.023991    0.237758    0.217445    6.090306 ^ c177/Y (sky130_fd_sc_hd__xnor2_4)
                                                         net120 (net)
                      0.237758    0.000000    6.090306 ^ c180/A (sky130_fd_sc_hd__xor2_1)
     7    0.024168    0.508522    0.456174    6.546480 ^ c180/X (sky130_fd_sc_hd__xor2_1)
                                                         net123 (net)
                      0.508522    0.000000    6.546480 ^ c190/A2 (sky130_fd_sc_hd__a41oi_4)
     5    0.012671    0.158301    0.216645    6.763125 v c190/Y (sky130_fd_sc_hd__a41oi_4)
                                                         net133 (net)
                      0.158301    0.000000    6.763125 v c196/A3 (sky130_fd_sc_hd__mux4_2)
     1    0.001703    0.075326    0.486154    7.249279 v c196/X (sky130_fd_sc_hd__mux4_2)
                                                         net141 (net)
                      0.075326    0.000000    7.249279 v c197/A1 (sky130_fd_sc_hd__mux4_2)
     2    0.013219    0.047322    0.453498    7.702777 v c197/X (sky130_fd_sc_hd__mux4_2)
                                                         net723 (net)
                      0.116392    0.000000    7.702777 v c308/B (sky130_fd_sc_hd__xnor2_2)
     7    0.043040    0.564420    0.471209    8.173986 ^ c308/Y (sky130_fd_sc_hd__xnor2_2)
                                                         net261 (net)
                      0.564420    0.000000    8.173986 ^ c309/B (sky130_fd_sc_hd__xor2_4)
    11    0.035925    0.192843    0.225853    8.399839 v c309/X (sky130_fd_sc_hd__xor2_4)
                                                         net262 (net)
                      0.192843    0.000000    8.399839 v c310/B1_N (sky130_fd_sc_hd__o21bai_4)
     7    0.028695    0.137733    0.276823    8.676662 v c310/Y (sky130_fd_sc_hd__o21bai_4)
                                                         net263 (net)
                      0.137733    0.000000    8.676662 v c313/B1 (sky130_fd_sc_hd__a21o_2)
    12    0.049719    0.136396    0.326565    9.003228 v c313/X (sky130_fd_sc_hd__a21o_2)
                                                         net266 (net)
                      0.136396    0.000000    9.003228 v c330/A (sky130_fd_sc_hd__xnor2_1)
     8    0.039802    0.868622    0.732926    9.736154 ^ c330/Y (sky130_fd_sc_hd__xnor2_1)
                                                         net284 (net)
                      0.868622    0.000000    9.736154 ^ c331/B (sky130_fd_sc_hd__xor2_2)
     5    0.021436    0.242356    0.264968   10.001122 v c331/X (sky130_fd_sc_hd__xor2_2)
                                                         net285 (net)
                      0.242356    0.000000   10.001122 v c332/A (sky130_fd_sc_hd__xor2_2)
     6    0.021757    0.243557    0.284951   10.286072 v c332/X (sky130_fd_sc_hd__xor2_2)
                                                         net286 (net)
                      0.243557    0.000000   10.286072 v c333/A2 (sky130_fd_sc_hd__a31o_4)
     9    0.026736    0.065330    0.339773   10.625845 v c333/X (sky130_fd_sc_hd__a31o_4)
                                                         net287 (net)
                      0.065330    0.000000   10.625845 v c340/A2 (sky130_fd_sc_hd__a21oi_1)
    11    0.075162    1.500090    1.160107   11.785952 ^ c340/Y (sky130_fd_sc_hd__a21oi_1)
                                                         net294 (net)
                      1.500090    0.000000   11.785952 ^ c356/S (sky130_fd_sc_hd__mux2_4)
    26    0.135027    0.395248    0.619521   12.405473 ^ c356/X (sky130_fd_sc_hd__mux2_4)
                                                         net310 (net)
                      0.395248    0.000000   12.405473 ^ c488/A (sky130_fd_sc_hd__xnor2_4)
    11    0.078316    0.243351    0.281239   12.686711 v c488/Y (sky130_fd_sc_hd__xnor2_4)
                                                         out43 (net)
                      0.243351    0.000000   12.686711 v c489/B1_N (sky130_fd_sc_hd__o21ba_1)
     9    0.033391    0.331596    0.500834   13.187546 ^ c489/X (sky130_fd_sc_hd__o21ba_1)
                                                         net426 (net)
                      0.331596    0.000000   13.187546 ^ c499/A2 (sky130_fd_sc_hd__o21ai_2)
     8    0.060789    0.312856    0.281897   13.469442 v c499/Y (sky130_fd_sc_hd__o21ai_2)
                                                         out34 (net)
                      0.312856    0.000000   13.469442 v c505/A3 (sky130_fd_sc_hd__mux4_4)
     3    0.054126    0.201398    0.837073   14.306516 v c505/X (sky130_fd_sc_hd__mux4_4)
                                                         out38 (net)
                      0.201398    0.000000   14.306516 v c616/A (sky130_fd_sc_hd__xnor2_4)
    10    0.028621    0.110549    0.244982   14.551497 v c616/Y (sky130_fd_sc_hd__xnor2_4)
                                                         net535 (net)
                      0.110549    0.000000   14.551497 v merge771/A1 (sky130_fd_sc_hd__a31oi_2)
     1    0.002563    0.120722    0.139969   14.691466 ^ merge771/Y (sky130_fd_sc_hd__a31oi_2)
                                                         net674 (net)
                      0.120722    0.000000   14.691466 ^ merge821/RESET_B (sky130_fd_sc_hd__dlrbp_1)
                                             14.691466   data arrival time

                      0.150000    4.000000    4.000000   clock clk (fall edge)
                                  0.000000    4.000000   clock network delay (ideal)
                                 -0.250000    3.750000   clock uncertainty
                                  0.000000    3.750000   clock reconvergence pessimism
                                              3.750000 v merge821/GATE (sky130_fd_sc_hd__dlrbp_1)
                                  0.066071    3.816071   library recovery time
                                              3.816071   data required time
---------------------------------------------------------------------------------------------
                                              3.816071   data required time
                                            -14.691466   data arrival time
---------------------------------------------------------------------------------------------
                                            -10.875395   slack (VIOLATED)


Startpoint: in2 (input port clocked by clk)
Endpoint: c633 (rising edge-triggered flip-flop clocked by clk)
Path Group: clk
Path Type: max

Fanout         Cap        Slew       Delay        Time   Description
---------------------------------------------------------------------------------------------
                      0.150000    0.000000    0.000000   clock clk (rise edge)
                                  0.000000    0.000000   clock network delay (ideal)
                                  1.600000    1.600000 v input external delay
     1    0.002237    0.007606    0.003461    1.603461 v in2 (in)
                                                         in2 (net)
                      0.007606    0.000000    1.603461 v c132/A1 (sky130_fd_sc_hd__o21bai_1)
     2    0.008872    0.218526    0.197593    1.801054 ^ c132/Y (sky130_fd_sc_hd__o21bai_1)
                                                         net73 (net)
                      0.218526    0.000000    1.801054 ^ c133/A (sky130_fd_sc_hd__xor2_1)
    12    0.036853    0.743806    0.624624    2.425678 ^ c133/X (sky130_fd_sc_hd__xor2_1)
                                                         net74 (net)
                      0.743806    0.000000    2.425678 ^ c135/B1_N (sky130_fd_sc_hd__a21bo_4)
     9    0.025095    0.063197    0.335370    2.761048 v c135/X (sky130_fd_sc_hd__a21bo_4)
                                                         net76 (net)
                      0.063197    0.000000    2.761048 v c136/A1 (sky130_fd_sc_hd__a21boi_0)
     5    0.013440    0.451422    0.378934    3.139982 ^ c136/Y (sky130_fd_sc_hd__a21boi_0)
                                                         net77 (net)
                      0.451422    0.000000    3.139982 ^ c137/A1 (sky130_fd_sc_hd__a31oi_1)
     3    0.007205    0.168518    0.189486    3.329468 v c137/Y (sky130_fd_sc_hd__a31oi_1)
                                                         net78 (net)
                      0.168518    0.000000    3.329468 v c139/A2 (sky130_fd_sc_hd__a41o_4)
     2    0.003418    0.037426    0.285342    3.614810 v c139/X (sky130_fd_sc_hd__a41o_4)
                                                         net80 (net)
                      0.037426    0.000000    3.614810 v c141/A1 (sky130_fd_sc_hd__mux4_2)
     6    0.012729    0.115221    0.495128    4.109937 v c141/X (sky130_fd_sc_hd__mux4_2)
                                                         net82 (net)
                      0.115221    0.000000    4.109937 v c142/S1 (sky130_fd_sc_hd__mux4_4)
     5    0.014489    0.101340    0.339193    4.449130 ^ c142/X (sky130_fd_sc_hd__mux4_4)
                                                         net83 (net)
                      0.101340    0.000000    4.449130 ^ c143/A1 (sky130_fd_sc_hd__a41oi_1)
     6    0.015796    0.233510    0.218570    4.667700 v c143/Y (sky130_fd_sc_hd__a41oi_1)
                                                         net84 (net)
                      0.233510    0.000000    4.667700 v c144/A3 (sky130_fd_sc_hd__mux4_2)
    10    0.048371    0.196504    0.691379    5.359079 v c144/X (sky130_fd_sc_hd__mux4_2)
                                                         net85 (net)
                      0.196504    0.000000    5.359079 v c176/B (sky130_fd_sc_hd__xnor2_2)
     7    0.044372    0.579066    0.513782    5.872861 ^ c176/Y (sky130_fd_sc_hd__xnor2_2)
                                                         net119 (net)
                      0.579066    0.000000    5.872861 ^ c177/A (sky130_fd_sc_hd__xnor2_4)
     6    0.023991    0.237758    0.217445    6.090306 ^ c177/Y (sky130_fd_sc_hd__xnor2_4)
                                                         net120 (net)
                      0.237758    0.000000    6.090306 ^ c180/A (sky130_fd_sc_hd__xor2_1)
     7    0.024168    0.508522    0.456174    6.546480 ^ c180/X (sky130_fd_sc_hd__xor2_1)
                                                         net123 (net)
                      0.508522    0.000000    6.546480 ^ c190/A2 (sky130_fd_sc_hd__a41oi_4)
     5    0.012671    0.158301    0.216645    6.763125 v c190/Y (sky130_fd_sc_hd__a41oi_4)
                                                         net133 (net)
                      0.158301    0.000000    6.763125 v c196/A3 (sky130_fd_sc_hd__mux4_2)
     1    0.001703    0.075326    0.486154    7.249279 v c196/X (sky130_fd_sc_hd__mux4_2)
                                                         net141 (net)
                      0.075326    0.000000    7.249279 v c197/A1 (sky130_fd_sc_hd__mux4_2)
     2    0.013219    0.047322    0.453498    7.702777 v c197/X (sky130_fd_sc_hd__mux4_2)
                                                         net723 (net)
                      0.116392    0.000000    7.702777 v c308/B (sky130_fd_sc_hd__xnor2_2)
     7    0.043040    0.564420    0.471209    8.173986 ^ c308/Y (sky130_fd_sc_hd__xnor2_2)
                                                         net261 (net)
                      0.564420    0.000000    8.173986 ^ c309/B (sky130_fd_sc_hd__xor2_4)
    11    0.035925    0.192843    0.225853    8.399839 v c309/X (sky130_fd_sc_hd__xor2_4)
                                                         net262 (net)
                      0.192843    0.000000    8.399839 v c310/B1_N (sky130_fd_sc_hd__o21bai_4)
     7    0.028695    0.137733    0.276823    8.676662 v c310/Y (sky130_fd_sc_hd__o21bai_4)
                                                         net263 (net)
                      0.137733    0.000000    8.676662 v c313/B1 (sky130_fd_sc_hd__a21o_2)
    12    0.049719    0.136396    0.326565    9.003228 v c313/X (sky130_fd_sc_hd__a21o_2)
                                                         net266 (net)
                      0.136396    0.000000    9.003228 v c330/A (sky130_fd_sc_hd__xnor2_1)
     8    0.039802    0.868622    0.732926    9.736154 ^ c330/Y (sky130_fd_sc_hd__xnor2_1)
                                                         net284 (net)
                      0.868622    0.000000    9.736154 ^ c331/B (sky130_fd_sc_hd__xor2_2)
     5    0.021436    0.242356    0.264968   10.001122 v c331/X (sky130_fd_sc_hd__xor2_2)
                                                         net285 (net)
                      0.242356    0.000000   10.001122 v c332/A (sky130_fd_sc_hd__xor2_2)
     6    0.021757    0.243557    0.284951   10.286072 v c332/X (sky130_fd_sc_hd__xor2_2)
                                                         net286 (net)
                      0.243557    0.000000   10.286072 v c333/A2 (sky130_fd_sc_hd__a31o_4)
     9    0.026736    0.065330    0.339773   10.625845 v c333/X (sky130_fd_sc_hd__a31o_4)
                                                         net287 (net)
                      0.065330    0.000000   10.625845 v c340/A2 (sky130_fd_sc_hd__a21oi_1)
    11    0.075162    1.500090    1.160107   11.785952 ^ c340/Y (sky130_fd_sc_hd__a21oi_1)
                                                         net294 (net)
                      1.500090    0.000000   11.785952 ^ c356/S (sky130_fd_sc_hd__mux2_4)
    26    0.135027    0.395248    0.619521   12.405473 ^ c356/X (sky130_fd_sc_hd__mux2_4)
                                                         net310 (net)
                      0.395248    0.000000   12.405473 ^ c488/A (sky130_fd_sc_hd__xnor2_4)
    11    0.078316    0.243351    0.281239   12.686711 v c488/Y (sky130_fd_sc_hd__xnor2_4)
                                                         out43 (net)
                      0.243351    0.000000   12.686711 v c489/B1_N (sky130_fd_sc_hd__o21ba_1)
     9    0.033391    0.331596    0.500834   13.187546 ^ c489/X (sky130_fd_sc_hd__o21ba_1)
                                                         net426 (net)
                      0.331596    0.000000   13.187546 ^ c499/A2 (sky130_fd_sc_hd__o21ai_2)
     8    0.060789    0.312856    0.281897   13.469442 v c499/Y (sky130_fd_sc_hd__o21ai_2)
                                                         out34 (net)
                      0.312856    0.000000   13.469442 v c505/A3 (sky130_fd_sc_hd__mux4_4)
     3    0.054126    0.201398    0.837073   14.306516 v c505/X (sky130_fd_sc_hd__mux4_4)
                                                         out38 (net)
                      0.201398    0.000000   14.306516 v c616/A (sky130_fd_sc_hd__xnor2_4)
    10    0.030556    0.280555    0.330074   14.636589 ^ c616/Y (sky130_fd_sc_hd__xnor2_4)
                                                         net535 (net)
                      0.280555    0.000000   14.636589 ^ c633/SET_B (sky130_fd_sc_hd__sdfbbn_2)
                                             14.636589   data arrival time

                      0.150000    0.000000    0.000000   clock clk (rise edge)
                                  0.000000    0.000000   clock network delay (ideal)
                                 -0.250000   -0.250000   clock uncertainty
                                  0.000000   -0.250000   clock reconvergence pessimism
                                             -0.250000 ^ c633/RESET_B (sky130_fd_sc_hd__sdfbbn_2)
                                 -0.227024   -0.477024   library non-sequential setup time
                                             -0.477024   data required time
---------------------------------------------------------------------------------------------
                                             -0.477024   data required time
                                            -14.636589   data arrival time
---------------------------------------------------------------------------------------------
                                            -15.113614   slack (VIOLATED)




===========================================================================
report_checks --slack_max -0.01
============================================================================
======================= nom_tt_025C_1v80 Corner ===================================

Startpoint: in2 (input port clocked by clk)
Endpoint: merge821 (recovery check against falling-edge clock clk)
Path Group: asynchronous
Path Type: max

Fanout         Cap        Slew       Delay        Time   Description
---------------------------------------------------------------------------------------------
                      0.150000    0.000000    0.000000   clock clk (rise edge)
                                  0.000000    0.000000   clock network delay (ideal)
                                  1.600000    1.600000 v input external delay
     1    0.002237    0.007606    0.003461    1.603461 v in2 (in)
                                                         in2 (net)
                      0.007606    0.000000    1.603461 v c132/A1 (sky130_fd_sc_hd__o21bai_1)
     2    0.008872    0.218526    0.197593    1.801054 ^ c132/Y (sky130_fd_sc_hd__o21bai_1)
                                                         net73 (net)
                      0.218526    0.000000    1.801054 ^ c133/A (sky130_fd_sc_hd__xor2_1)
    12    0.036853    0.743806    0.624624    2.425678 ^ c133/X (sky130_fd_sc_hd__xor2_1)
                                                         net74 (net)
                      0.743806    0.000000    2.425678 ^ c135/B1_N (sky130_fd_sc_hd__a21bo_4)
     9    0.025095    0.063197    0.335370    2.761048 v c135/X (sky130_fd_sc_hd__a21bo_4)
                                                         net76 (net)
                      0.063197    0.000000    2.761048 v c136/A1 (sky130_fd_sc_hd__a21boi_0)
     5    0.013440    0.451422    0.378934    3.139982 ^ c136/Y (sky130_fd_sc_hd__a21boi_0)
                                                         net77 (net)
                      0.451422    0.000000    3.139982 ^ c137/A1 (sky130_fd_sc_hd__a31oi_1)
     3    0.007205    0.168518    0.189486    3.329468 v c137/Y (sky130_fd_sc_hd__a31oi_1)
                                                         net78 (net)
                      0.168518    0.000000    3.329468 v c139/A2 (sky130_fd_sc_hd__a41o_4)
     2    0.003418    0.037426    0.285342    3.614810 v c139/X (sky130_fd_sc_hd__a41o_4)
                                                         net80 (net)
                      0.037426    0.000000    3.614810 v c141/A1 (sky130_fd_sc_hd__mux4_2)
     6    0.012729    0.115221    0.495128    4.109937 v c141/X (sky130_fd_sc_hd__mux4_2)
                                                         net82 (net)
                      0.115221    0.000000    4.109937 v c142/S1 (sky130_fd_sc_hd__mux4_4)
     5    0.014489    0.101340    0.339193    4.449130 ^ c142/X (sky130_fd_sc_hd__mux4_4)
                                                         net83 (net)
                      0.101340    0.000000    4.449130 ^ c143/A1 (sky130_fd_sc_hd__a41oi_1)
     6    0.015796    0.233510    0.218570    4.667700 v c143/Y (sky130_fd_sc_hd__a41oi_1)
                                                         net84 (net)
                      0.233510    0.000000    4.667700 v c144/A3 (sky130_fd_sc_hd__mux4_2)
    10    0.048371    0.196504    0.691379    5.359079 v c144/X (sky130_fd_sc_hd__mux4_2)
                                                         net85 (net)
                      0.196504    0.000000    5.359079 v c176/B (sky130_fd_sc_hd__xnor2_2)
     7    0.044372    0.579066    0.513782    5.872861 ^ c176/Y (sky130_fd_sc_hd__xnor2_2)
                                                         net119 (net)
                      0.579066    0.000000    5.872861 ^ c177/A (sky130_fd_sc_hd__xnor2_4)
     6    0.023991    0.237758    0.217445    6.090306 ^ c177/Y (sky130_fd_sc_hd__xnor2_4)
                                                         net120 (net)
                      0.237758    0.000000    6.090306 ^ c180/A (sky130_fd_sc_hd__xor2_1)
     7    0.024168    0.508522    0.456174    6.546480 ^ c180/X (sky130_fd_sc_hd__xor2_1)
                                                         net123 (net)
                      0.508522    0.000000    6.546480 ^ c190/A2 (sky130_fd_sc_hd__a41oi_4)
     5    0.012671    0.158301    0.216645    6.763125 v c190/Y (sky130_fd_sc_hd__a41oi_4)
                                                         net133 (net)
                      0.158301    0.000000    6.763125 v c196/A3 (sky130_fd_sc_hd__mux4_2)
     1    0.001703    0.075326    0.486154    7.249279 v c196/X (sky130_fd_sc_hd__mux4_2)
                                                         net141 (net)
                      0.075326    0.000000    7.249279 v c197/A1 (sky130_fd_sc_hd__mux4_2)
     2    0.013219    0.047322    0.453498    7.702777 v c197/X (sky130_fd_sc_hd__mux4_2)
                                                         net723 (net)
                      0.116392    0.000000    7.702777 v c308/B (sky130_fd_sc_hd__xnor2_2)
     7    0.043040    0.564420    0.471209    8.173986 ^ c308/Y (sky130_fd_sc_hd__xnor2_2)
                                                         net261 (net)
                      0.564420    0.000000    8.173986 ^ c309/B (sky130_fd_sc_hd__xor2_4)
    11    0.035925    0.192843    0.225853    8.399839 v c309/X (sky130_fd_sc_hd__xor2_4)
                                                         net262 (net)
                      0.192843    0.000000    8.399839 v c310/B1_N (sky130_fd_sc_hd__o21bai_4)
     7    0.028695    0.137733    0.276823    8.676662 v c310/Y (sky130_fd_sc_hd__o21bai_4)
                                                         net263 (net)
                      0.137733    0.000000    8.676662 v c313/B1 (sky130_fd_sc_hd__a21o_2)
    12    0.049719    0.136396    0.326565    9.003228 v c313/X (sky130_fd_sc_hd__a21o_2)
                                                         net266 (net)
                      0.136396    0.000000    9.003228 v c330/A (sky130_fd_sc_hd__xnor2_1)
     8    0.039802    0.868622    0.732926    9.736154 ^ c330/Y (sky130_fd_sc_hd__xnor2_1)
                                                         net284 (net)
                      0.868622    0.000000    9.736154 ^ c331/B (sky130_fd_sc_hd__xor2_2)
     5    0.021436    0.242356    0.264968   10.001122 v c331/X (sky130_fd_sc_hd__xor2_2)
                                                         net285 (net)
                      0.242356    0.000000   10.001122 v c332/A (sky130_fd_sc_hd__xor2_2)
     6    0.021757    0.243557    0.284951   10.286072 v c332/X (sky130_fd_sc_hd__xor2_2)
                                                         net286 (net)
                      0.243557    0.000000   10.286072 v c333/A2 (sky130_fd_sc_hd__a31o_4)
     9    0.026736    0.065330    0.339773   10.625845 v c333/X (sky130_fd_sc_hd__a31o_4)
                                                         net287 (net)
                      0.065330    0.000000   10.625845 v c340/A2 (sky130_fd_sc_hd__a21oi_1)
    11    0.075162    1.500090    1.160107   11.785952 ^ c340/Y (sky130_fd_sc_hd__a21oi_1)
                                                         net294 (net)
                      1.500090    0.000000   11.785952 ^ c356/S (sky130_fd_sc_hd__mux2_4)
    26    0.135027    0.395248    0.619521   12.405473 ^ c356/X (sky130_fd_sc_hd__mux2_4)
                                                         net310 (net)
                      0.395248    0.000000   12.405473 ^ c488/A (sky130_fd_sc_hd__xnor2_4)
    11    0.078316    0.243351    0.281239   12.686711 v c488/Y (sky130_fd_sc_hd__xnor2_4)
                                                         out43 (net)
                      0.243351    0.000000   12.686711 v c489/B1_N (sky130_fd_sc_hd__o21ba_1)
     9    0.033391    0.331596    0.500834   13.187546 ^ c489/X (sky130_fd_sc_hd__o21ba_1)
                                                         net426 (net)
                      0.331596    0.000000   13.187546 ^ c499/A2 (sky130_fd_sc_hd__o21ai_2)
     8    0.060789    0.312856    0.281897   13.469442 v c499/Y (sky130_fd_sc_hd__o21ai_2)
                                                         out34 (net)
                      0.312856    0.000000   13.469442 v c505/A3 (sky130_fd_sc_hd__mux4_4)
     3    0.054126    0.201398    0.837073   14.306516 v c505/X (sky130_fd_sc_hd__mux4_4)
                                                         out38 (net)
                      0.201398    0.000000   14.306516 v c616/A (sky130_fd_sc_hd__xnor2_4)
    10    0.028621    0.110549    0.244982   14.551497 v c616/Y (sky130_fd_sc_hd__xnor2_4)
                                                         net535 (net)
                      0.110549    0.000000   14.551497 v merge771/A1 (sky130_fd_sc_hd__a31oi_2)
     1    0.002563    0.120722    0.139969   14.691466 ^ merge771/Y (sky130_fd_sc_hd__a31oi_2)
                                                         net674 (net)
                      0.120722    0.000000   14.691466 ^ merge821/RESET_B (sky130_fd_sc_hd__dlrbp_1)
                                             14.691466   data arrival time

                      0.150000    4.000000    4.000000   clock clk (fall edge)
                                  0.000000    4.000000   clock network delay (ideal)
                                 -0.250000    3.750000   clock uncertainty
                                  0.000000    3.750000   clock reconvergence pessimism
                                              3.750000 v merge821/GATE (sky130_fd_sc_hd__dlrbp_1)
                                  0.066071    3.816071   library recovery time
                                              3.816071   data required time
---------------------------------------------------------------------------------------------
                                              3.816071   data required time
                                            -14.691466   data arrival time
---------------------------------------------------------------------------------------------
                                            -10.875395   slack (VIOLATED)


Startpoint: in2 (input port clocked by clk)
Endpoint: c633 (rising edge-triggered flip-flop clocked by clk)
Path Group: clk
Path Type: max

Fanout         Cap        Slew       Delay        Time   Description
---------------------------------------------------------------------------------------------
                      0.150000    0.000000    0.000000   clock clk (rise edge)
                                  0.000000    0.000000   clock network delay (ideal)
                                  1.600000    1.600000 v input external delay
     1    0.002237    0.007606    0.003461    1.603461 v in2 (in)
                                                         in2 (net)
                      0.007606    0.000000    1.603461 v c132/A1 (sky130_fd_sc_hd__o21bai_1)
     2    0.008872    0.218526    0.197593    1.801054 ^ c132/Y (sky130_fd_sc_hd__o21bai_1)
                                                         net73 (net)
                      0.218526    0.000000    1.801054 ^ c133/A (sky130_fd_sc_hd__xor2_1)
    12    0.036853    0.743806    0.624624    2.425678 ^ c133/X (sky130_fd_sc_hd__xor2_1)
                                                         net74 (net)
                      0.743806    0.000000    2.425678 ^ c135/B1_N (sky130_fd_sc_hd__a21bo_4)
     9    0.025095    0.063197    0.335370    2.761048 v c135/X (sky130_fd_sc_hd__a21bo_4)
                                                         net76 (net)
                      0.063197    0.000000    2.761048 v c136/A1 (sky130_fd_sc_hd__a21boi_0)
     5    0.013440    0.451422    0.378934    3.139982 ^ c136/Y (sky130_fd_sc_hd__a21boi_0)
                                                         net77 (net)
                      0.451422    0.000000    3.139982 ^ c137/A1 (sky130_fd_sc_hd__a31oi_1)
     3    0.007205    0.168518    0.189486    3.329468 v c137/Y (sky130_fd_sc_hd__a31oi_1)
                                                         net78 (net)
                      0.168518    0.000000    3.329468 v c139/A2 (sky130_fd_sc_hd__a41o_4)
     2    0.003418    0.037426    0.285342    3.614810 v c139/X (sky130_fd_sc_hd__a41o_4)
                                                         net80 (net)
                      0.037426    0.000000    3.614810 v c141/A1 (sky130_fd_sc_hd__mux4_2)
     6    0.012729    0.115221    0.495128    4.109937 v c141/X (sky130_fd_sc_hd__mux4_2)
                                                         net82 (net)
                      0.115221    0.000000    4.109937 v c142/S1 (sky130_fd_sc_hd__mux4_4)
     5    0.014489    0.101340    0.339193    4.449130 ^ c142/X (sky130_fd_sc_hd__mux4_4)
                                                         net83 (net)
                      0.101340    0.000000    4.449130 ^ c143/A1 (sky130_fd_sc_hd__a41oi_1)
     6    0.015796    0.233510    0.218570    4.667700 v c143/Y (sky130_fd_sc_hd__a41oi_1)
                                                         net84 (net)
                      0.233510    0.000000    4.667700 v c144/A3 (sky130_fd_sc_hd__mux4_2)
    10    0.048371    0.196504    0.691379    5.359079 v c144/X (sky130_fd_sc_hd__mux4_2)
                                                         net85 (net)
                      0.196504    0.000000    5.359079 v c176/B (sky130_fd_sc_hd__xnor2_2)
     7    0.044372    0.579066    0.513782    5.872861 ^ c176/Y (sky130_fd_sc_hd__xnor2_2)
                                                         net119 (net)
                      0.579066    0.000000    5.872861 ^ c177/A (sky130_fd_sc_hd__xnor2_4)
     6    0.023991    0.237758    0.217445    6.090306 ^ c177/Y (sky130_fd_sc_hd__xnor2_4)
                                                         net120 (net)
                      0.237758    0.000000    6.090306 ^ c180/A (sky130_fd_sc_hd__xor2_1)
     7    0.024168    0.508522    0.456174    6.546480 ^ c180/X (sky130_fd_sc_hd__xor2_1)
                                                         net123 (net)
                      0.508522    0.000000    6.546480 ^ c190/A2 (sky130_fd_sc_hd__a41oi_4)
     5    0.012671    0.158301    0.216645    6.763125 v c190/Y (sky130_fd_sc_hd__a41oi_4)
                                                         net133 (net)
                      0.158301    0.000000    6.763125 v c196/A3 (sky130_fd_sc_hd__mux4_2)
     1    0.001703    0.075326    0.486154    7.249279 v c196/X (sky130_fd_sc_hd__mux4_2)
                                                         net141 (net)
                      0.075326    0.000000    7.249279 v c197/A1 (sky130_fd_sc_hd__mux4_2)
     2    0.013219    0.047322    0.453498    7.702777 v c197/X (sky130_fd_sc_hd__mux4_2)
                                                         net723 (net)
                      0.116392    0.000000    7.702777 v c308/B (sky130_fd_sc_hd__xnor2_2)
     7    0.043040    0.564420    0.471209    8.173986 ^ c308/Y (sky130_fd_sc_hd__xnor2_2)
                                                         net261 (net)
                      0.564420    0.000000    8.173986 ^ c309/B (sky130_fd_sc_hd__xor2_4)
    11    0.035925    0.192843    0.225853    8.399839 v c309/X (sky130_fd_sc_hd__xor2_4)
                                                         net262 (net)
                      0.192843    0.000000    8.399839 v c310/B1_N (sky130_fd_sc_hd__o21bai_4)
     7    0.028695    0.137733    0.276823    8.676662 v c310/Y (sky130_fd_sc_hd__o21bai_4)
                                                         net263 (net)
                      0.137733    0.000000    8.676662 v c313/B1 (sky130_fd_sc_hd__a21o_2)
    12    0.049719    0.136396    0.326565    9.003228 v c313/X (sky130_fd_sc_hd__a21o_2)
                                                         net266 (net)
                      0.136396    0.000000    9.003228 v c330/A (sky130_fd_sc_hd__xnor2_1)
     8    0.039802    0.868622    0.732926    9.736154 ^ c330/Y (sky130_fd_sc_hd__xnor2_1)
                                                         net284 (net)
                      0.868622    0.000000    9.736154 ^ c331/B (sky130_fd_sc_hd__xor2_2)
     5    0.021436    0.242356    0.264968   10.001122 v c331/X (sky130_fd_sc_hd__xor2_2)
                                                         net285 (net)
                      0.242356    0.000000   10.001122 v c332/A (sky130_fd_sc_hd__xor2_2)
     6    0.021757    0.243557    0.284951   10.286072 v c332/X (sky130_fd_sc_hd__xor2_2)
                                                         net286 (net)
                      0.243557    0.000000   10.286072 v c333/A2 (sky130_fd_sc_hd__a31o_4)
     9    0.026736    0.065330    0.339773   10.625845 v c333/X (sky130_fd_sc_hd__a31o_4)
                                                         net287 (net)
                      0.065330    0.000000   10.625845 v c340/A2 (sky130_fd_sc_hd__a21oi_1)
    11    0.075162    1.500090    1.160107   11.785952 ^ c340/Y (sky130_fd_sc_hd__a21oi_1)
                                                         net294 (net)
                      1.500090    0.000000   11.785952 ^ c356/S (sky130_fd_sc_hd__mux2_4)
    26    0.135027    0.395248    0.619521   12.405473 ^ c356/X (sky130_fd_sc_hd__mux2_4)
                                                         net310 (net)
                      0.395248    0.000000   12.405473 ^ c488/A (sky130_fd_sc_hd__xnor2_4)
    11    0.078316    0.243351    0.281239   12.686711 v c488/Y (sky130_fd_sc_hd__xnor2_4)
                                                         out43 (net)
                      0.243351    0.000000   12.686711 v c489/B1_N (sky130_fd_sc_hd__o21ba_1)
     9    0.033391    0.331596    0.500834   13.187546 ^ c489/X (sky130_fd_sc_hd__o21ba_1)
                                                         net426 (net)
                      0.331596    0.000000   13.187546 ^ c499/A2 (sky130_fd_sc_hd__o21ai_2)
     8    0.060789    0.312856    0.281897   13.469442 v c499/Y (sky130_fd_sc_hd__o21ai_2)
                                                         out34 (net)
                      0.312856    0.000000   13.469442 v c505/A3 (sky130_fd_sc_hd__mux4_4)
     3    0.054126    0.201398    0.837073   14.306516 v c505/X (sky130_fd_sc_hd__mux4_4)
                                                         out38 (net)
                      0.201398    0.000000   14.306516 v c616/A (sky130_fd_sc_hd__xnor2_4)
    10    0.030556    0.280555    0.330074   14.636589 ^ c616/Y (sky130_fd_sc_hd__xnor2_4)
                                                         net535 (net)
                      0.280555    0.000000   14.636589 ^ c633/SET_B (sky130_fd_sc_hd__sdfbbn_2)
                                             14.636589   data arrival time

                      0.150000    0.000000    0.000000   clock clk (rise edge)
                                  0.000000    0.000000   clock network delay (ideal)
                                 -0.250000   -0.250000   clock uncertainty
                                  0.000000   -0.250000   clock reconvergence pessimism
                                             -0.250000 ^ c633/RESET_B (sky130_fd_sc_hd__sdfbbn_2)
                                 -0.227024   -0.477024   library non-sequential setup time
                                             -0.477024   data required time
---------------------------------------------------------------------------------------------
                                             -0.477024   data required time
                                            -14.636589   data arrival time
---------------------------------------------------------------------------------------------
                                            -15.113614   slack (VIOLATED)




===========================================================================
 report_check_types -max_slew -max_cap -max_fanout -violators
============================================================================
======================= nom_tt_025C_1v80 Corner ===================================

max slew

Pin                                        Limit        Slew       Slack
------------------------------------------------------------------------
c397/X                                  0.750000    1.207789   -0.457789 (VIOLATED)
c398/A                                  0.750000    1.207789   -0.457789 (VIOLATED)
c399/A2                                 0.750000    1.207789   -0.457789 (VIOLATED)
c400/S                                  0.750000    1.207789   -0.457789 (VIOLATED)
c401/A1                                 0.750000    1.207789   -0.457789 (VIOLATED)
c402/B                                  0.750000    1.207789   -0.457789 (VIOLATED)
c403/A1                                 0.750000    1.207789   -0.457789 (VIOLATED)
c404/B1                                 0.750000    1.207789   -0.457789 (VIOLATED)
c405/B1                                 0.750000    1.207789   -0.457789 (VIOLATED)
c406/B1_N                               0.750000    1.207789   -0.457789 (VIOLATED)
c407/B1                                 0.750000    1.207789   -0.457789 (VIOLATED)
c408/B1                                 0.750000    1.207789   -0.457789 (VIOLATED)
c409/B1                                 0.750000    1.207789   -0.457789 (VIOLATED)
c410/B1                                 0.750000    1.207789   -0.457789 (VIOLATED)
c412/S1                                 0.750000    1.207789   -0.457789 (VIOLATED)
c413/S1                                 0.750000    1.207789   -0.457789 (VIOLATED)
c416/S1                                 0.750000    1.207789   -0.457789 (VIOLATED)
c433/A3                                 0.750000    1.207789   -0.457789 (VIOLATED)
c528/B                                  0.750000    1.207789   -0.457789 (VIOLATED)
c529/B                                  0.750000    1.207789   -0.457789 (VIOLATED)
merge765/SCD                            0.750000    1.207789   -0.457789 (VIOLATED)
c265/Y                                  0.750000    1.119981   -0.369981 (VIOLATED)
c266/A                                  0.750000    1.119981   -0.369981 (VIOLATED)
c267/A2                                 0.750000    1.119981   -0.369981 (VIOLATED)
c268/A                                  0.750000    1.119981   -0.369981 (VIOLATED)
c269/A2                                 0.750000    1.119981   -0.369981 (VIOLATED)
c270/B1_N                               0.750000    1.119981   -0.369981 (VIOLATED)
c273/SET_B                              0.750000    1.119981   -0.369981 (VIOLATED)
c277/A3                                 0.750000    1.119981   -0.369981 (VIOLATED)
c278/SET_B                              0.750000    1.119981   -0.369981 (VIOLATED)
c279/A2                                 0.750000    1.119981   -0.369981 (VIOLATED)
c282/A2                                 0.750000    1.119981   -0.369981 (VIOLATED)
c283/A2                                 0.750000    1.119981   -0.369981 (VIOLATED)
c531/X                                  0.750000    0.908432   -0.158432 (VIOLATED)
c532/SCE                                0.750000    0.908432   -0.158432 (VIOLATED)
c533/SET_B                              0.750000    0.908432   -0.158432 (VIOLATED)
c534/SET_B                              0.750000    0.908432   -0.158432 (VIOLATED)
c535/SCE                                0.750000    0.908432   -0.158432 (VIOLATED)
c536/SET_B                              0.750000    0.908432   -0.158432 (VIOLATED)
c537/SET_B                              0.750000    0.908432   -0.158432 (VIOLATED)
c538/SET_B                              0.750000    0.908432   -0.158432 (VIOLATED)
c539/SCE                                0.750000    0.908432   -0.158432 (VIOLATED)
c540/A3                                 0.750000    0.908432   -0.158432 (VIOLATED)
c541/S0                                 0.750000    0.908432   -0.158432 (VIOLATED)
c542/SCD                                0.750000    0.908432   -0.158432 (VIOLATED)
c544/A3                                 0.750000    0.908432   -0.158432 (VIOLATED)
c547/A2                                 0.750000    0.908432   -0.158432 (VIOLATED)
merge767/A3                             0.750000    0.908432   -0.158432 (VIOLATED)
merge783/SCD                            0.750000    0.908432   -0.158432 (VIOLATED)
merge797/A2                             0.750000    0.908432   -0.158432 (VIOLATED)
c222/X                                  0.750000    0.860315   -0.110315 (VIOLATED)
c225/SCE                                0.750000    0.860315   -0.110315 (VIOLATED)
c229/RESET_B                            0.750000    0.860315   -0.110315 (VIOLATED)
c230/SET_B                              0.750000    0.860315   -0.110315 (VIOLATED)
c231/S1                                 0.750000    0.860315   -0.110315 (VIOLATED)
c232/SCD                                0.750000    0.860315   -0.110315 (VIOLATED)
c246/SCD                                0.750000    0.860315   -0.110315 (VIOLATED)
c250/B1                                 0.750000    0.860315   -0.110315 (VIOLATED)
c258/D                                  0.750000    0.860315   -0.110315 (VIOLATED)
c262/S0                                 0.750000    0.860315   -0.110315 (VIOLATED)
merge770/A3                             0.750000    0.860315   -0.110315 (VIOLATED)
merge775/A1                             0.750000    0.860315   -0.110315 (VIOLATED)
merge791/S1                             0.750000    0.860315   -0.110315 (VIOLATED)
merge803/A0                             0.750000    0.860315   -0.110315 (VIOLATED)
c418/Y                                  0.750000    0.758688   -0.008688 (VIOLATED)
c419/A                                  0.750000    0.758688   -0.008688 (VIOLATED)
c420/A2                                 0.750000    0.758688   -0.008688 (VIOLATED)
c421/A1                                 0.750000    0.758688   -0.008688 (VIOLATED)
c423/B                                  0.750000    0.758688   -0.008688 (VIOLATED)
c425/A                                  0.750000    0.758688   -0.008688 (VIOLATED)
c426/SET_B                              0.750000    0.758688   -0.008688 (VIOLATED)
c427/B1_N                               0.750000    0.758688   -0.008688 (VIOLATED)
c430/A1                                 0.750000    0.758688   -0.008688 (VIOLATED)
c434/S1                                 0.750000    0.758688   -0.008688 (VIOLATED)

max fanout

Pin                                   Limit Fanout  Slack
---------------------------------------------------------
c397/X                                   10     20    -10 (VIOLATED)
c291/X                                   10     18     -8 (VIOLATED)
c246/Q                                   10     17     -7 (VIOLATED)
c531/X                                   10     16     -6 (VIOLATED)
c89/X                                    10     16     -6 (VIOLATED)
c222/X                                   10     13     -3 (VIOLATED)
c133/X                                   10     12     -2 (VIOLATED)
c675/X                                   10     12     -2 (VIOLATED)
c748/Y                                   10     12     -2 (VIOLATED)
c265/Y                                   10     11        (VIOLATED)
c440/Y                                   10     11        (VIOLATED)
c550/X                                   10     11        (VIOLATED)
c594/X                                   10     11        (VIOLATED)
c689/Y                                   10     11        (VIOLATED)
c708/X                                   10     11        (VIOLATED)
c718/X                                   10     11        (VIOLATED)
c728/X                                   10     11        (VIOLATED)



===========================================================================
report_parasitic_annotation -report_unannotated
============================================================================
Found 914 unannotated drivers.
 clk
 in0
 in1
 in10
 in11
 in12
 in13
 in14
 in15
 in16
 in17
 in18
 in19
 in2
 in20
 in21
 in22
 in23
 in24
 in25
 in26
 in27
 in28
 in29
 in3
 in30
 in31
 in32
 in33
 in34
 in35
 in36
 in37
 in38
 in39
 in4
 in40
 in41
 in42
 in43
 in44
 in45
 in46
 in47
 in48
 in49
 in5
 in50
 in51
 in52
 in53
 in54
 in55
 in56
 in57
 in58
 in59
 in6
 in60
 in61
 in7
 in8
 in9
 rst
 c100/X
 c101/X
 c102/Q
 c102/Q_N
 c103/X
 c104/X
 c105/X
 c106/X
 c107/Q
 c107/Q_N
 c108/X
 c109/X
 c110/Y
 c111/X
 c112/Y
 c113/X
 c114/X
 c115/X
 c116/X
 c117/Y
 c118/Y
 c119/X
 c120/Y
 c121/Y
 c122/Q
 c122/Q_N
 c123/Y
 c124/Y
 c125/Q
 c125/Q_N
 c126/Y
 c127/X
 c128/X
 c129/Y
 c130/X
 c131/X
 c132/Y
 c133/X
 c134/Y
 c135/X
 c136/Y
 c137/Y
 c138/X
 c139/X
 c140/Y
 c141/X
 c142/X
 c143/Y
 c144/X
 c145/X
 c146/X
 c147/X
 c148/X
 c149/X
 c150/X
 c151/X
 c152/X
 c153/X
 c154/Y
 c155/X
 c156/Y
 c157/Y
 c158/X
 c159/X
 c160/Y
 c161/Y
 c162/X
 c163/Y
 c164/X
 c165/X
 c166/X
 c167/Q
 c167/Q_N
 c168/Q
 c168/Q_N
 c169/X
 c170/X
 c171/X
 c172/X
 c173/X
 c174/X
 c175/X
 c176/Y
 c177/Y
 c178/Y
 c179/Y
 c180/X
 c181/X
 c182/X
 c183/X
 c184/Y
 c185/X
 c186/X
 c187/X
 c188/Y
 c189/Y
 c190/Y
 c191/X
 c192/Q
 c192/Q_N
 c193/X
 c194/Q
 c194/Q_N
 c195/X
 c196/X
 c197/X
 c198/Y
 c199/Y
 c200/X
 c201/Y
 c202/X
 c203/X
 c204/Y
 c205/X
 c206/X
 c207/X
 c208/Q
 c208/Q_N
 c209/X
 c210/Y
 c211/X
 c212/X
 c213/X
 c214/X
 c215/X
 c216/X
 c217/X
 c218/X
 c219/X
 c220/Y
 c221/X
 c222/X
 c223/Y
 c224/Y
 c225/Q
 c226/X
 c227/Y
 c228/X
 c229/Q
 c230/Q
 c230/Q_N
 c231/X
 c232/Q
 c232/Q_N
 c233/Y
 c234/X
 c235/X
 c236/X
 c237/X
 c238/X
 c239/X
 c240/X
 c241/X
 c242/X
 c243/X
 c244/X
 c245/X
 c246/Q
 c247/X
 c248/X
 c249/Y
 c250/X
 c251/X
 c252/Y
 c253/Y
 c254/Y
 c255/Y
 c256/Y
 c257/X
 c258/Q
 c258/Q_N
 c259/X
 c260/X
 c261/X
 c262/X
 c263/X
 c264/X
 c265/Y
 c266/X
 c267/X
 c268/Y
 c269/Y
 c270/Y
 c271/X
 c272/X
 c273/Q
 c273/Q_N
 c274/Q
 c274/Q_N
 c275/X
 c276/Y
 c277/X
 c278/Q
 c278/Q_N
 c279/X
 c280/X
 c281/X
 c282/X
 c283/X
 c284/X
 c285/Y
 c286/Y
 c287/X
 c288/X
 c289/X
 c290/X
 c291/X
 c292/Q
 c292/Q_N
 c293/Q
 c293/Q_N
 c294/X
 c295/X
 c296/Y
 c297/X
 c298/X
 c299/X
 c300/X
 c301/X
 c302/X
 c303/X
 c304/X
 c305/X
 c306/X
 c307/X
 c308/Y
 c309/X
 c310/Y
 c311/Y
 c312/Y
 c313/X
 c314/X
 c315/Y
 c316/Y
 c317/X
 c318/Y
 c319/Y
 c320/X
 c321/Q
 c322/X
 c323/Q
 c323/Q_N
 c324/Y
 c325/X
 c326/X
 c327/X
 c328/X
 c329/X
 c330/Y
 c331/X
 c332/X
 c333/X
 c334/Y
 c335/X
 c336/X
 c337/X
 c338/X
 c339/Y
 c340/Y
 c341/Y
 c342/Y
 c343/X
 c344/X
 c345/X
 c346/X
 c347/X
 c348/X
 c349/X
 c350/X
 c351/X
 c352/X
 c353/Y
 c354/Y
 c355/Y
 c356/X
 c357/Y
 c358/Y
 c359/X
 c360/Y
 c361/Y
 c362/X
 c363/Q
 c363/Q_N
 c364/X
 c365/Y
 c366/Q
 c366/Q_N
 c367/Y
 c368/X
 c369/X
 c370/X
 c371/X
 c372/X
 c373/X
 c392/X
 c393/Y
 c394/Y
 c395/X
 c396/Y
 c397/X
 c398/X
 c399/Y
 c400/X
 c401/Y
 c402/Y
 c403/X
 c404/X
 c405/X
 c406/X
 c407/X
 c408/X
 c409/X
 c410/Y
 c411/X
 c412/X
 c413/X
 c414/X
 c415/X
 c416/X
 c417/X
 c418/Y
 c419/X
 c420/Y
 c421/Y
 c422/X
 c423/Y
 c424/X
 c425/Y
 c426/Q
 c426/Q_N
 c427/Y
 c428/X
 c429/Q
 c429/Q_N
 c430/X
 c431/Q
 c431/Q_N
 c432/X
 c433/X
 c434/X
 c435/Q
 c435/Q_N
 c436/X
 c437/Q
 c437/Q_N
 c438/X
 c439/X
 c440/Y
 c441/X
 c442/Y
 c443/Y
 c444/Y
 c445/X
 c446/X
 c447/Y
 c448/X
 c449/X
 c450/Y
 c451/X
 c452/Y
 c453/Y
 c454/X
 c455/X
 c456/Y
 c457/X
 c458/X
 c459/X
 c460/X
 c461/X
 c462/Y
 c463/X
 c464/X
 c465/Y
 c466/Y
 c467/X
 c468/Y
 c469/Y
 c470/X
 c471/Y
 c472/Y
 c473/Y
 c474/X
 c475/Y
 c476/X
 c477/Y
 c478/Y
 c479/X
 c480/X
 c481/Y
 c482/Y
 c483/X
 c484/X
 c485/X
 c486/X
 c487/X
 c488/Y
 c489/X
 c490/Y
 c491/Y
 c492/X
 c493/X
 c494/Y
 c495/Y
 c496/X
 c497/Y
 c498/Y
 c499/Y
 c500/Y
 c501/Y
 c502/X
 c503/X
 c504/Q
 c504/Q_N
 c505/X
 c528/X
 c529/Y
 c530/X
 c531/X
 c532/Q
 c532/Q_N
 c533/Q
 c534/Q
 c535/Q
 c536/Q
 c536/Q_N
 c537/Q
 c537/Q_N
 c538/Q
 c538/Q_N
 c539/Q
 c539/Q_N
 c540/X
 c541/X
 c542/Q
 c542/Q_N
 c543/X
 c544/X
 c545/X
 c546/X
 c547/X
 c548/X
 c549/X
 c550/X
 c551/X
 c552/Y
 c553/X
 c554/Y
 c555/Y
 c556/X
 c557/Y
 c558/X
 c559/Y
 c560/Y
 c561/X
 c562/Y
 c563/X
 c564/Y
 c565/X
 c566/Y
 c567/X
 c568/X
 c569/X
 c570/X
 c571/X
 c572/X
 c573/Y
 c574/X
 c575/Y
 c576/X
 c577/Y
 c578/X
 c579/Y
 c580/X
 c581/X
 c582/Q
 c582/Q_N
 c583/Y
 c584/X
 c585/Q
 c585/Q_N
 c586/X
 c587/X
 c588/X
 c589/X
 c590/X
 c591/X
 c592/X
 c593/X
 c594/X
 c595/Y
 c596/Y
 c597/X
 c598/X
 c599/X
 c600/X
 c601/X
 c602/X
 c603/Y
 c604/X
 c605/X
 c606/X
 c607/Y
 c608/X
 c609/X
 c610/X
 c611/X
 c612/X
 c613/X
 c614/X
 c615/X
 c616/Y
 c617/X
 c618/X
 c619/X
 c62/X
 c620/X
 c621/Y
 c622/X
 c623/Q
 c623/Q_N
 c624/Y
 c625/Y
 c626/X
 c627/Q
 c627/Q_N
 c628/Y
 c629/Y
 c63/X
 c630/Q
 c630/Q_N
 c631/Q
 c631/Q_N
 c632/Q
 c633/Q
 c633/Q_N
 c634/X
 c635/X
 c636/X
 c637/X
 c64/X
 c65/X
 c66/X
 c660/X
 c661/Y
 c662/Y
 c663/Y
 c664/X
 c665/X
 c666/Y
 c667/Y
 c668/Y
 c669/Y
 c67/X
 c670/X
 c671/X
 c672/X
 c673/X
 c674/X
 c675/X
 c676/X
 c677/Y
 c678/X
 c679/X
 c68/X
 c680/X
 c681/X
 c682/X
 c683/X
 c684/Y
 c685/X
 c686/X
 c687/X
 c688/Y
 c689/Y
 c69/X
 c690/Q
 c691/Y
 c692/X
 c693/X
 c694/Y
 c695/X
 c696/X
 c697/Y
 c698/Y
 c699/X
 c70/X
 c700/X
 c701/Q
 c701/Q_N
 c702/X
 c703/X
 c704/X
 c705/X
 c706/X
 c707/Y
 c708/X
 c709/Y
 c71/X
 c710/Q
 c711/X
 c712/X
 c713/Q
 c713/Q_N
 c714/Q
 c714/Q_N
 c715/Y
 c716/Y
 c717/Q
 c717/Q_N
 c718/X
 c719/Q
 c719/Q_N
 c72/X
 c720/X
 c721/X
 c722/X
 c723/X
 c724/Y
 c725/X
 c726/X
 c727/X
 c728/X
 c729/Y
 c73/Y
 c730/Y
 c731/X
 c732/X
 c733/Y
 c734/Y
 c735/X
 c736/X
 c737/X
 c738/X
 c739/X
 c74/X
 c740/X
 c741/X
 c742/X
 c743/X
 c744/X
 c745/X
 c746/X
 c747/X
 c748/Y
 c749/X
 c75/Y
 c750/X
 c751/Y
 c752/X
 c753/X
 c754/Y
 c755/Y
 c756/Q
 c756/Q_N
 c757/X
 c758/X
 c759/X
 c76/X
 c760/X
 c761/X
 c762/X
 c763/X
 c764/X
 c77/X
 c78/Y
 c79/X
 c80/X
 c81/X
 c82/X
 c83/Y
 c84/X
 c85/X
 c86/Y
 c87/X
 c88/X
 c89/X
 c90/X
 c91/X
 c92/Y
 c93/X
 c94/Y
 c95/X
 c96/X
 c97/X
 c98/Y
 c99/X
 merge765/Q
 merge765/Q_N
 merge766/Q
 merge767/X
 merge768/Y
 merge769/Q
 merge769/Q_N
 merge770/X
 merge771/Y
 merge772/X
 merge773/Q
 merge774/X
 merge775/Y
 merge776/Y
 merge777/Y
 merge778/Y
 merge779/Y
 merge780/X
 merge781/Q
 merge782/X
 merge783/Q
 merge783/Q_N
 merge784/Q
 merge785/Q
 merge785/Q_N
 merge786/X
 merge787/X
 merge788/Q
 merge788/Q_N
 merge789/Q
 merge789/Q_N
 merge790/X
 merge791/X
 merge792/X
 merge793/X
 merge794/Y
 merge795/Q
 merge795/Q_N
 merge796/X
 merge797/X
 merge798/Q
 merge798/Q_N
 merge799/X
 merge800/Q
 merge800/Q_N
 merge801/X
 merge802/X
 merge803/X
 merge804/Q
 merge804/Q_N
 merge805/Q
 merge805/Q_N
 merge806/Q
 merge806/Q_N
 merge807/Q
 merge808/Q
 merge809/Q
 merge810/Q
 merge811/Y
 merge812/Q
 merge812/Q_N
 merge813/Q
 merge813/Q_N
 merge814/Q
 merge815/Q
 merge816/Q
 merge817/Y
 merge818/X
 merge819/Q
 merge819/Q_N
 merge820/Q
 merge820/Q_N
 merge821/Q
 merge821/Q_N
 merge822/Y
 merge823/Q
 merge823/Q_N
 merge824/Q
 merge825/Q
 merge826/Q
 merge827/Q
 merge828/Q
 merge829/Q
 merge830/Q
 merge830/Q_N
 merge831/Q
 merge832/GCLK
 merge833/GCLK
 merge834/GCLK
 merge835/Q
 merge835/Q_N
 merge836/Q
 merge836/Q_N
 merge837/Q
 merge838/Q
 s839/Q
 s839/Q_N
 s840/Q
 s840/Q_N
 s841/Q
 s842/Q
 s843/Q
 s844/GCLK
 s845/GCLK
 s846/GCLK
 s847/Q
 s847/Q_N
 s848/Q
 s848/Q_N
 s849/Q
 s849/Q_N
 s850/Q
 s851/Q
 s852/Q
 s853/Q
 s854/Q
 s855/Q
 s855/Q_N
 s856/Q
 s856/Q_N
 s857/Q
 s858/Q
 s859/Q
 s860/GCLK
 s861/GCLK
 s862/GCLK
 s863/Q
 s863/Q_N
 s864/Q
 s864/Q_N
 s865/Q
 s865/Q_N
 s866/Q
 s867/Q
 s868/Q
 s869/Q
 s870/Q
 s871/Q
 s871/Q_N
 s872/Q
 s872/Q_N
 s873/Q
 s874/Q
 s875/Q
 s876/GCLK
 s877/GCLK
 s878/GCLK
 s879/Q
 s879/Q_N
 s880/Q
 s880/Q_N
 s881/Q
 s881/Q_N
 s882/Q
 s883/Q
 s884/Q
 s885/Q
 s886/Q
 s887/Q
 s887/Q_N
 s888/Q
 s888/Q_N
 s889/Q
 s890/Q
Found 0 partially unannotated drivers.

===========================================================================
max slew violation count 74
max fanout violation count 17
max cap violation count 0
============================================================================

===========================================================================
check_setup -verbose -unconstrained_endpoints -multiple_clock -no_clock -no_input_delay -loops -generated_clocks
===========================================================================
Warning: There are 46 unconstrained endpoints.
  out1
  out10
  out12
  out13
  out15
  out19
  out20
  out21
  out23
  out24
  out26
  out27
  out28
  out29
  out3
  out31
  out32
  out33
  out35
  out36
  out37
  out39
  out41
  out42
  out45
  out46
  out48
  out49
  out5
  out50
  out51
  out53
  out54
  out55
  out57
  out58
  out6
  out60
  out7
  out8
  c582/SCE
  merge781/SCD
  merge789/SCE
  merge795/SCD
  merge807/D
  merge810/D
Warning: There are 2 combinational loops in the design.
  c196/X
  c197/A1
  c197/X
  c196/S0
  | loop cut point
  c196/X
  --------------------------------
  c196/X
  c197/A1
  c197/X
  c196/S0
  | loop cut point
  c196/X
  --------------------------------
