Reading OpenROAD database at '/Users/junpeng/openlane2/netlist_mid_anb_min/src/netlist_0/runs/physical_design/16-openroad-ioplacement/netlist_0.odb'…
Reading library file at '/Users/junpeng/.volare/volare/sky130/versions/bdc9412b3e468c102d01b7cf6337be06ec6e9c9a/sky130A/libs.ref/sky130_fd_sc_hd/lib/sky130_fd_sc_hd__tt_025C_1v80.lib'…
Reading design constraints file at '/nix/store/fvqq0703nb8y0f998v8hgg5l6mjj8gb5-python3-3.11.6-env/lib/python3.11/site-packages/openlane/scripts/base.sdc'…
[INFO] Using clock clk…
[INFO] Setting output delay to: 1.6
[INFO] Setting input delay to: 1.6
[INFO] Setting load to: 0.033442
[INFO] Setting clock uncertainty to: 0.25
[INFO] Setting clock transition to: 0.1499999999999999944488848768742172978818416595458984375
[INFO] Setting timing derate to: 5%
[INFO] Setting RC values…
[INFO] Setting signal min routing layer to: met1 and clock min routing layer to met1. 
[INFO] Setting signal max routing layer to: met5 and clock max routing layer to met5. 
{*}-density 0.28811699999999996 -timing_driven -routability_driven -pad_right 0 -pad_left 0 -init_wirelength_coef 0.25
[INFO GPL-0002] DBU: 1000
[INFO GPL-0003] SiteSize: 460 2720
[INFO GPL-0004] CoreAreaLxLy: 5520 10880
[INFO GPL-0005] CoreAreaUxUy: 294400 288320
[INFO GPL-0006] NumInstances: 2133
[INFO GPL-0007] NumPlaceInstances: 785
[INFO GPL-0008] NumFixedInstances: 1348
[INFO GPL-0009] NumDummyInstances: 0
[INFO GPL-0010] NumNets: 957
[INFO GPL-0011] NumPins: 3888
[INFO GPL-0012] DieAreaLxLy: 0 0
[INFO GPL-0013] DieAreaUxUy: 300000 300000
[INFO GPL-0014] CoreAreaLxLy: 5520 10880
[INFO GPL-0015] CoreAreaUxUy: 294400 288320
[INFO GPL-0016] CoreArea: 80146867200
[INFO GPL-0017] NonPlaceInstsArea: 2197107200
[INFO GPL-0018] PlaceInstsArea: 13645587200
[INFO GPL-0019] Util(%): 17.51
[INFO GPL-0020] StdInstsArea: 13645587200
[INFO GPL-0021] MacroInstsArea: 0
[InitialPlace]  Iter: 1 CG residual: 0.00000545 HPWL: 40069141
[InitialPlace]  Iter: 2 CG residual: 0.00000352 HPWL: 25451764
[InitialPlace]  Iter: 3 CG residual: 0.00001155 HPWL: 23303386
[InitialPlace]  Iter: 4 CG residual: 0.00001581 HPWL: 22192293
[InitialPlace]  Iter: 5 CG residual: 0.00000327 HPWL: 21640524
[INFO GPL-0031] FillerInit: NumGCells: 1307
[INFO GPL-0032] FillerInit: NumGNets: 957
[INFO GPL-0033] FillerInit: NumGPins: 3888
[INFO GPL-0023] TargetDensity: 0.29
[INFO GPL-0024] AveragePlaceInstArea: 17382913
[INFO GPL-0025] IdealBinArea: 60332824
[INFO GPL-0026] IdealBinCnt: 1328
[INFO GPL-0027] TotalBinArea: 80146867200
[INFO GPL-0028] BinCnt: 32 32
[INFO GPL-0029] BinSize: 9028 8670
[INFO GPL-0030] NumBins: 1024
[NesterovSolve] Iter: 1 overflow: 0.895893 HPWL: 14349141
[NesterovSolve] Iter: 10 overflow: 0.803366 HPWL: 16252693
[INFO GPL-0100] worst slack -1.32e-08
[INFO GPL-0103] Weighted 77 nets.
[NesterovSolve] Iter: 20 overflow: 0.754272 HPWL: 16697022
[NesterovSolve] Iter: 30 overflow: 0.722557 HPWL: 16909130
[NesterovSolve] Iter: 40 overflow: 0.709327 HPWL: 16896786
[NesterovSolve] Iter: 50 overflow: 0.699356 HPWL: 16880844
[NesterovSolve] Iter: 60 overflow: 0.689184 HPWL: 16835262
[NesterovSolve] Iter: 70 overflow: 0.700888 HPWL: 16804784
[NesterovSolve] Iter: 80 overflow: 0.705282 HPWL: 16784469
[NesterovSolve] Iter: 90 overflow: 0.712566 HPWL: 16768146
[NesterovSolve] Iter: 100 overflow: 0.714233 HPWL: 16760959
[NesterovSolve] Iter: 110 overflow: 0.713684 HPWL: 16765893
[NesterovSolve] Iter: 120 overflow: 0.710178 HPWL: 16773320
[NesterovSolve] Iter: 130 overflow: 0.704362 HPWL: 16777744
[NesterovSolve] Iter: 140 overflow: 0.696846 HPWL: 16785709
[NesterovSolve] Iter: 150 overflow: 0.695923 HPWL: 16805547
[NesterovSolve] Iter: 160 overflow: 0.695992 HPWL: 16847468
[NesterovSolve] Iter: 170 overflow: 0.697424 HPWL: 16916048
[NesterovSolve] Iter: 180 overflow: 0.689424 HPWL: 16987609
[NesterovSolve] Iter: 190 overflow: 0.670106 HPWL: 17010240
[NesterovSolve] Iter: 200 overflow: 0.659323 HPWL: 17150525
[NesterovSolve] Iter: 210 overflow: 0.647362 HPWL: 17474333
[INFO GPL-0100] worst slack -1.3e-08
[INFO GPL-0103] Weighted 78 nets.
[NesterovSolve] Iter: 220 overflow: 0.630878 HPWL: 17744771
[NesterovSolve] Iter: 230 overflow: 0.598347 HPWL: 18080017
[NesterovSolve] Snapshot saved at iter = 229
[NesterovSolve] Iter: 240 overflow: 0.588544 HPWL: 18356763
[NesterovSolve] Iter: 250 overflow: 0.564075 HPWL: 18684935
[NesterovSolve] Iter: 260 overflow: 0.545343 HPWL: 19066088
[NesterovSolve] Iter: 270 overflow: 0.529399 HPWL: 19454350
[NesterovSolve] Iter: 280 overflow: 0.505052 HPWL: 19893361
[INFO GPL-0100] worst slack -1.31e-08
[INFO GPL-0103] Weighted 78 nets.
[NesterovSolve] Iter: 290 overflow: 0.474725 HPWL: 20347476
[NesterovSolve] Iter: 300 overflow: 0.446323 HPWL: 20849812
[NesterovSolve] Iter: 310 overflow: 0.415486 HPWL: 21437211
[NesterovSolve] Iter: 320 overflow: 0.379943 HPWL: 22049768
[NesterovSolve] Iter: 330 overflow: 0.337882 HPWL: 22609415
[NesterovSolve] Iter: 340 overflow: 0.305315 HPWL: 23154802
[INFO GPL-0100] worst slack -1.27e-08
[INFO GPL-0103] Weighted 77 nets.
[NesterovSolve] Iter: 350 overflow: 0.269739 HPWL: 23667066
[NesterovSolve] Iter: 360 overflow: 0.234481 HPWL: 24189066
[INFO GPL-0100] worst slack -1.3e-08
[INFO GPL-0103] Weighted 74 nets.
[NesterovSolve] Iter: 370 overflow: 0.197496 HPWL: 24749282
[INFO GPL-0075] Routability numCall: 1 inflationIterCnt: 1 bloatIterCnt: 0
[INFO GPL-0036] TileLxLy: 0 0
[INFO GPL-0037] TileSize: 6900 6900
[INFO GPL-0038] TileCnt: 43 43
[INFO GPL-0039] numRoutingLayers: 6
[INFO GPL-0040] NumTiles: 1849
[INFO GPL-0063] TotalRouteOverflowH2: 0
[INFO GPL-0064] TotalRouteOverflowV2: 0
[INFO GPL-0065] OverflowTileCnt2: 0
[INFO GPL-0066] 0.5%RC: 1
[INFO GPL-0067] 1.0%RC: 0.9777777724795871
[INFO GPL-0068] 2.0%RC: 0.9384259145568918
[INFO GPL-0069] 5.0%RC: 0.854629632057967
[INFO GPL-0070] 0.5rcK: 1
[INFO GPL-0071] 1.0rcK: 1
[INFO GPL-0072] 2.0rcK: 0
[INFO GPL-0073] 5.0rcK: 0
[INFO GPL-0074] FinalRC: 0.98888886
[NesterovSolve] Iter: 380 overflow: 0.163256 HPWL: 25202585
[INFO GPL-0100] worst slack -1.27e-08
[INFO GPL-0103] Weighted 78 nets.
[NesterovSolve] Iter: 390 overflow: 0.131241 HPWL: 25629300
[NesterovSolve] Iter: 400 overflow: 0.112191 HPWL: 26008708
[NesterovSolve] Finished with Overflow: 0.099120
[INFO] Setting RC values…
Setting global connections for newly added cells…
[INFO] Setting global connections...
Writing OpenROAD database to '/Users/junpeng/openlane2/netlist_mid_anb_min/src/netlist_0/runs/physical_design/19-openroad-globalplacement/netlist_0.odb'…
Writing netlist to '/Users/junpeng/openlane2/netlist_mid_anb_min/src/netlist_0/runs/physical_design/19-openroad-globalplacement/netlist_0.nl.v'…
Writing powered netlist to '/Users/junpeng/openlane2/netlist_mid_anb_min/src/netlist_0/runs/physical_design/19-openroad-globalplacement/netlist_0.pnl.v'…
Writing layout to '/Users/junpeng/openlane2/netlist_mid_anb_min/src/netlist_0/runs/physical_design/19-openroad-globalplacement/netlist_0.def'…
Writing timing constraints to '/Users/junpeng/openlane2/netlist_mid_anb_min/src/netlist_0/runs/physical_design/19-openroad-globalplacement/netlist_0.sdc'…
