
===========================================================================
Violator List
============================================================================
[setup in-reg] in8 -> s886/D : -10.801367
[setup in-reg] in8 -> s865/D : -10.767066
[setup in-reg] in8 -> s833/D : -10.592869
[setup in-reg] in8 -> s869/D : -10.556823
[setup in-reg] in8 -> s870/D : -10.448222
[setup in-reg] in8 -> s822/D : -10.076212
[setup in-reg] in8 -> c500/SCE : -10.041465
[setup in-reg] in8 -> s872/D : -9.773698
[setup in-reg] in16 -> s853/D : -9.770145
[setup in-reg] in16 -> s838/D : -9.528138
[setup in-reg] in8 -> c336/SCE : -9.521615
[setup in-reg] in8 -> s871/D : -9.376590
[setup in-reg] in8 -> s821/D : -9.346565
[setup in-reg] in8 -> s849/D : -9.239142
[setup in-reg] in8 -> s854/D : -9.219649
[setup in-reg] in16 -> c703/SCE : -9.217425
[setup in-reg] in8 -> c469/D : -9.151862
[setup in-reg] in8 -> s817/D : -9.016679
[setup in-reg] in3 -> s837/D : -8.999346
[setup in-reg] in16 -> merge804/D : -8.888939
[setup in-reg] in5 -> s881/D : -8.840090
[setup in-reg] in8 -> c367/SCD : -8.755504
[setup reg-reg] s882/Q -> merge790/D : -8.709937
[setup in-reg] in8 -> c486/SET_B : -8.692167
[setup in-reg] in7 -> c359/SCD : -8.676155
[setup in-reg] in16 -> merge802/D : -8.660255
[setup in-reg] in8 -> s885/D : -8.624034
[setup in-reg] in3 -> c343/SCD : -8.353257
[setup in-reg] in16 -> merge786/D : -8.243244
[setup in-reg] in3 -> merge797/D : -8.183351
[setup in-reg] in16 -> c454/D : -8.153860
[setup in-reg] in8 -> merge792/D : -8.042017
[setup in-reg] in16 -> merge774/D : -8.014533
[setup in-out] in8 -> out33 : -8.013098
[setup in-reg] in8 -> c336/SCD : -7.970627
[setup in-reg] in16 -> merge774/SCE : -7.970297
[setup in-reg] in16 -> c500/D : -7.915194
[setup in-reg] in10 -> c343/RESET_B : -7.914471
[setup in-reg] in7 -> c130/SCE : -7.914165
[setup in-reg] in16 -> merge804/RESET_B : -7.884005
[setup in-reg] in7 -> c129/D : -7.851959
[setup in-reg] in16 -> c454/SCE : -7.766264
[setup in-reg] in16 -> merge802/RESET_B : -7.713539
[setup in-reg] in7 -> c259/SCE : -7.713220
[setup in-reg] in8 -> merge766/RESET_B : -7.692148
[setup in-reg] in8 -> c333/RESET_B : -7.692092
[setup in-reg] in10 -> c369/RESET_B : -7.679157
[setup reg-reg] s882/Q -> s864/D : -7.632805
[setup in-reg] in7 -> merge803/D : -7.591464
[setup in-reg] in16 -> c465/D : -7.475323
[setup in-reg] in16 -> merge798/RESET_B : -7.459189
[setup in-reg] in8 -> merge797/RESET_B : -7.444241
[setup in-reg] in8 -> c469/SET_B : -7.397585
[setup in-reg] in8 -> c475/SET_B : -7.397105
[setup in-out] in8 -> out51 : -7.393894
[setup in-reg] in8 -> c469/SCE : -7.364347
[setup in-out] in7 -> out49 : -7.344332
[setup in-reg] in7 -> merge803/RESET_B : -7.228947
[setup in-reg] in10 -> c366/SET_B : -7.179624
[setup in-reg] in16 -> c454/SET_B : -7.175818
[setup in-reg] in16 -> c475/RESET_B : -7.115358
[setup in-reg] in16 -> merge786/RESET_B : -7.082107
[setup in-reg] in7 -> c256/RESET_B : -7.064373
[setup in-reg] in16 -> merge798/D : -7.054008
[setup in-reg] in8 -> s867/D : -6.991440
[setup in-reg] in7 -> c130/RESET_B : -6.871959
[setup in-reg] in7 -> c109/RESET_B : -6.855474
[setup in-out] in8 -> out23 : -6.840479
[setup in-reg] in7 -> c367/SET_B : -6.779471
[setup in-reg] in16 -> c350/RESET_B : -6.701098
[setup in-reg] in8 -> s834/D : -6.679079
[setup reg-reg] s882/Q -> s830/GATE : -6.674925
[setup reg-reg] s882/Q -> s879/D : -6.643798
[setup in-reg] in8 -> s826/D : -6.638988
[setup in-reg] in8 -> s836/D : -6.631927
[setup in-out] in8 -> out55 : -6.610083
[setup reg-out] merge799/Q -> out3 : -6.601727
[setup in-reg] in7 -> c256/SCD : -6.586074
[setup reg-reg] s882/Q -> s873/D : -6.562654
[setup in-reg] in7 -> c259/SCD : -6.561006
[setup in-reg] in3 -> c256/SET_B : -6.549634
[setup in-reg] in5 -> c417/RESET_B : -6.526482
[setup in-reg] in16 -> merge766/D : -6.512537
[setup in-reg] in8 -> c367/D : -6.502039
[setup in-reg] in8 -> s823/D : -6.463321
[setup in-reg] in16 -> c343/SCE : -6.441246
[setup in-reg] in8 -> s847/D : -6.376835
[setup in-reg] in8 -> s829/GATE : -6.315028
[setup in-reg] in8 -> s819/D : -6.309337
[setup in-reg] in8 -> s843/D : -6.302549
[setup in-reg] in8 -> s818/D : -6.288038
[setup in-reg] in7 -> c129/SET_B : -6.279146
[setup reg-out] s882/Q -> out21 : -6.255475
[setup in-reg] in16 -> s855/D : -6.252493
[setup in-reg] in8 -> s827/D : -6.238701
[setup in-reg] in8 -> s878/GATE : -6.160725
[setup in-reg] in16 -> s875/D : -6.144612
[setup in-reg] in8 -> merge789/D : -6.114921
[setup in-reg] in8 -> s877/GATE : -6.084119
[setup in-reg] in8 -> c343/SET_B : -6.038630
[setup in-reg] in16 -> s863/D : -6.020414
[setup in-reg] in8 -> merge796/D : -6.008277
[setup in-out] in7 -> out5 : -5.976597
[setup in-reg] in16 -> s882/D : -5.941618
[setup in-reg] in8 -> s809/D : -5.903265
[setup in-reg] in8 -> c482/SCE : -5.881469
[setup in-reg] in8 -> s831/D : -5.875442
[setup in-out] in7 -> out29 : -5.840557
[setup in-reg] in7 -> c109/D : -5.829414
[setup reg-reg] s882/Q -> s862/GATE : -5.818792
[setup in-reg] in7 -> merge793/D : -5.810419
[setup in-reg] in16 -> s851/D : -5.809538
[setup in-reg] in7 -> c259/RESET_B : -5.751200
[setup in-reg] in7 -> c130/SCD : -5.742719
[setup in-reg] in8 -> s839/D : -5.700772
[setup reg-reg] s882/Q -> s859/D : -5.613810
[setup in-out] in8 -> out37 : -5.591207
[setup in-out] in8 -> out53 : -5.577618
[setup in-out] in7 -> out48 : -5.565691
[setup in-reg] in16 -> s856/D : -5.541440
[setup in-reg] in8 -> merge805/DE : -5.532454
[setup reg-reg] s882/Q -> s846/GATE : -5.530729
[setup in-reg] in8 -> c466/D : -5.525662
[setup in-reg] in7 -> s880/D : -5.514103
[setup in-reg] in16 -> c417/SCE : -5.511452
[setup in-reg] in8 -> s824/D : -5.498357
[setup in-reg] in16 -> c333/SET_B : -5.472356
[setup in-reg] in8 -> merge785/D : -5.454992
[setup in-reg] in10 -> c454/RESET_B : -5.307992
[setup in-reg] in8 -> s825/D : -5.302891
[setup in-reg] in7 -> s883/D : -5.291601
[setup in-reg] in10 -> s884/D : -5.266100
[setup in-reg] in3 -> s832/D : -5.222458
[setup in-reg] in16 -> c465/SET_B : -5.221297
[setup in-reg] in8 -> s842/D : -5.187198
[setup in-reg] in8 -> s807/D : -5.161016
[setup in-reg] in16 -> c350/SCE : -5.133405
[setup in-reg] in3 -> s840/D : -5.088327
[setup in-reg] in16 -> s858/D : -5.088229
[setup in-reg] in8 -> s816/D : -5.070751
[setup in-reg] in7 -> c129/RESET_B : -5.062443
[setup in-reg] in8 -> c335/D : -5.056135
[setup in-reg] in16 -> s868/D : -5.023743
[setup in-reg] in8 -> s841/D : -5.012309
[setup in-reg] in16 -> s850/D : -5.010306
[setup in-out] in7 -> out57 : -4.998513
[setup in-reg] in7 -> s820/D : -4.978429
[setup reg-reg] s882/Q -> s852/D : -4.973986
[setup in-reg] in16 -> s860/GATE : -4.958748
[setup in-out] in7 -> out18 : -4.950344
[setup in-reg] in16 -> s813/GATE : -4.937143
[setup in-reg] in8 -> c368/SCE : -4.927826
[setup in-reg] in16 -> s835/D : -4.902001
[setup reg-out] s883/Q -> out59 : -4.898800
[setup in-reg] in8 -> s876/GATE : -4.852246
[setup in-reg] in8 -> s845/GATE : -4.815758
[setup in-out] in16 -> out47 : -4.780095
[setup in-reg] in5 -> c703/SCD : -4.753994
[setup in-reg] in16 -> c366/D : -4.741379
[setup in-reg] in7 -> c465/SCD : -4.708817
[setup in-reg] in16 -> s815/D : -4.695559
[setup in-reg] in16 -> merge791/D : -4.690691
[setup in-reg] in7 -> c130/SET_B : -4.676398
[setup in-reg] in16 -> s848/D : -4.671381
[setup in-reg] in16 -> merge806/D : -4.668413
[setup in-reg] in8 -> c482/SCD : -4.641625
[setup in-reg] in8 -> c371/D : -4.640127
[setup in-reg] in8 -> merge806/DE : -4.629838
[setup in-reg] in16 -> s866/D : -4.614703
[setup in-reg] in16 -> s812/GATE : -4.613822
[setup in-reg] in16 -> s861/GATE : -4.610504
[setup in-reg] in16 -> s887/D : -4.577978
[setup in-reg] in3 -> s844/GATE : -4.498960
[setup in-reg] in16 -> merge784/D : -4.490298
[setup in-reg] in8 -> merge789/RESET_B : -4.473605
[setup reg-reg] s882/Q -> merge801/D : -4.452088
[setup in-reg] in8 -> c568/D : -4.435522
[setup in-reg] in16 -> merge805/D : -4.422083
[setup in-reg] in7 -> s810/D : -4.396967
[setup reg-out] s816/Q -> out31 : -4.390313
[setup in-reg] in16 -> s888/D : -4.260177
[setup reg-reg] s882/Q -> merge790/SET_B : -4.258647
[setup in-reg] in8 -> c342/D : -4.256663
[setup in-reg] in16 -> s857/D : -4.254562
[setup reg-out] merge796/Q -> out6 : -4.213773
[setup in-reg] in16 -> s828/GATE : -4.205424
[setup in-reg] in16 -> s811/D : -4.202323
[setup in-reg] in16 -> merge774/SET_B : -4.194849
[setup in-reg] in3 -> merge800/D : -4.189878
[setup in-reg] in8 -> merge795/D : -4.172893
[setup in-reg] in7 -> c129/SCD : -4.127254
[setup in-reg] in16 -> c691/D : -4.123800
[setup in-reg] in8 -> merge799/RESET_B : -4.108250
[setup in-reg] in16 -> c366/SCE : -4.038065
[setup in-reg] in8 -> merge787/D : -3.978261
[setup in-reg] in8 -> merge795/RESET_B : -3.969125
[setup in-out] in5 -> out38 : -3.950603
[setup in-reg] in3 -> c361/D : -3.915814
[setup in-reg] in8 -> c453/SCD : -3.912045
[setup in-reg] in8 -> merge785/RESET_B : -3.892439
[setup in-reg] in16 -> s814/GATE : -3.889643
[setup in-reg] in8 -> merge791/SET_B : -3.855642
[setup in-reg] in16 -> c469/SCD : -3.833575
[setup in-reg] in16 -> s874/D : -3.827682
[setup in-reg] in16 -> merge799/D : -3.812034
[setup in-reg] in16 -> merge801/RESET_B : -3.754194
[setup in-reg] in8 -> c260/RESET_B : -3.723278
[setup in-reg] in8 -> c689/RESET_B : -3.706259
[setup in-reg] in16 -> s808/D : -3.694949
[setup in-reg] in16 -> merge767/D : -3.688546
[setup in-reg] in8 -> merge794/D : -3.668182
[setup in-reg] in16 -> c415/D : -3.630913
[setup reg-out] s884/Q -> out4 : -3.629164
[setup in-reg] in7 -> merge793/SET_B : -3.599356
[setup reg-out] s831/Q -> out7 : -3.532505
[setup in-out] in7 -> out10 : -3.433728
[setup in-reg] in16 -> c482/D : -3.368404
[setup in-reg] in8 -> merge788/RESET_B : -3.339843
[setup in-reg] in16 -> merge796/RESET_B : -3.278847
[setup in-reg] in7 -> c260/SCD : -3.262794
[setup in-reg] in7 -> c366/RESET_B : -3.238111
[setup in-out] in5 -> out41 : -3.170603
[setup in-out] in7 -> out1 : -3.132724
[setup in-reg] in8 -> c453/D : -3.130713
[setup in-reg] in16 -> c454/SCD : -3.031964
[setup in-reg] in8 -> merge792/SET_B : -3.019412
[setup in-reg] in8 -> merge787/RESET_B : -3.005131
[setup in-reg] in16 -> merge767/RESET_B : -2.862458
[setup in-reg] in7 -> merge794/SET_B : -2.798807
[setup in-reg] in16 -> c415/SCD : -2.744169
[setup in-reg] in16 -> merge784/RESET_B : -2.726558
[setup in-reg] in7 -> c252/SCE : -2.700656
[setup in-reg] in7 -> c361/SCE : -2.688626
[setup in-reg] in16 -> c351/D : -2.668964
[setup reg-reg] s882/Q -> c568/SCE : -2.634899
[setup in-reg] in16 -> c486/D : -2.544847
[setup in-out] in7 -> out52 : -2.530377
[setup in-reg] in16 -> merge800/RESET_B : -2.516437
[setup in-reg] in8 -> c252/SET_B : -2.431345
[setup in-reg] in8 -> c568/RESET_B : -2.396840
[setup in-reg] in8 -> c252/D : -2.390282
[setup in-reg] in8 -> c342/SCD : -2.373825
[setup in-reg] in3 -> c466/SCE : -2.359617
[setup in-reg] in3 -> c342/SCE : -2.274953
[setup in-reg] in16 -> c359/D : -2.185216
[setup in-reg] in7 -> c260/D : -2.121036
[setup in-reg] in3 -> c335/SCE : -2.033109
[setup in-reg] in7 -> c486/RESET_B : -1.986581
[setup in-reg] in16 -> c415/SCE : -1.953703
[setup reg-reg] s882/Q -> c689/SET_B : -1.929866
[setup in-reg] in7 -> c252/SCD : -1.923948
[setup in-reg] in16 -> c465/RESET_B : -1.728681
[setup reg-reg] merge795/Q_N -> c260/SET_B : -1.681561
[setup reg-reg] s882/Q -> c691/SET_B : -1.619645
[setup in-reg] in10 -> c466/RESET_B : -1.600467
[setup in-out] in7 -> out42 : -1.499887
[setup reg-reg] merge800/Q -> c371/SCE : -1.435877
[setup in-out] in5 -> out2 : -1.390248
[setup reg-reg] merge803/Q -> c369/SCD : -1.359482
[setup in-reg] in7 -> c109/SET_B : -1.352058
[setup in-reg] in8 -> c351/SCE : -1.315165
[setup reg-out] merge774/Q_N -> out9 : -1.264007
[setup in-reg] in16 -> c691/SCE : -1.179347
[setup reg-out] merge774/Q_N -> out11 : -1.094311
[setup in-reg] in5 -> c335/RESET_B : -1.086361
[setup in-reg] in16 -> c129/SCE : -0.992265
[setup reg-out] merge786/Q -> out36 : -0.792755
[setup reg-out] c343/Q -> out61 : -0.699324
[setup reg-reg] s818/Q -> c482/SET_B : -0.634605
[setup reg-out] c129/Q -> out56 : -0.565312
[setup reg-out] merge766/Q_N -> out30 : -0.549090
[setup reg-out] c256/Q -> out32 : -0.447908
[setup in-reg] in8 -> c689/SCE : -0.418582
[setup reg-out] c130/Q -> out60 : -0.371848
[setup reg-out] c259/Q -> out54 : -0.362026
[setup reg-reg] s816/Q -> c466/SET_B : -0.358082
[setup in-reg] in7 -> c475/SCE : -0.316017
[setup in-reg] in16 -> c369/D : -0.187859
[setup in-reg] in5 -> c486/SCD : -0.179633
[setup in-reg] in7 -> c366/SCD : -0.007396
[setup in-out] in7 -> out28 : -0.006926
