
===========================================================================
report_checks -unconstrained
===========================================================================
======================= min_ss_100C_1v60 Corner ===================================

Startpoint: in21 (input port clocked by clk)
Endpoint: merge829 (recovery check against falling-edge clock clk)
Path Group: asynchronous
Path Type: max

Fanout         Cap        Slew       Delay        Time   Description
---------------------------------------------------------------------------------------------
                                  0.000000    0.000000   clock clk (rise edge)
                                  0.000000    0.000000   clock network delay (propagated)
                                  1.600000    1.600000 v input external delay
     2    0.003799    0.022341    0.012354    1.612354 v in21 (in)
                                                         in21 (net)
                      0.022341    0.000000    1.612354 v input15/A (sky130_fd_sc_hd__clkbuf_2)
     1    0.009100    0.079354    0.189109    1.801463 v input15/X (sky130_fd_sc_hd__clkbuf_2)
                                                         net838 (net)
                      0.079354    0.000095    1.801558 v c132/A1 (sky130_fd_sc_hd__o21bai_4)
     2    0.021590    0.292500    0.336175    2.137733 ^ c132/Y (sky130_fd_sc_hd__o21bai_4)
                                                         net73 (net)
                      0.292500    0.000278    2.138011 ^ c133/B (sky130_fd_sc_hd__xor2_4)
     4    0.018695    0.283729    0.401231    2.539242 ^ c133/X (sky130_fd_sc_hd__xor2_4)
                                                         net74 (net)
                      0.283729    0.000154    2.539396 ^ fanout108/A (sky130_fd_sc_hd__buf_8)
     6    0.039387    0.117477    0.302834    2.842230 ^ fanout108/X (sky130_fd_sc_hd__buf_8)
                                                         net931 (net)
                      0.117477    0.000078    2.842307 ^ c135/B1_N (sky130_fd_sc_hd__a21bo_4)
     5    0.028223    0.111318    0.496211    3.338519 v c135/X (sky130_fd_sc_hd__a21bo_4)
                                                         net76 (net)
                      0.111318    0.000453    3.338971 v c136/A1 (sky130_fd_sc_hd__a21boi_4)
     5    0.023827    0.328003    0.366872    3.705844 ^ c136/Y (sky130_fd_sc_hd__a21boi_4)
                                                         net77 (net)
                      0.328003    0.000234    3.706078 ^ c137/A2 (sky130_fd_sc_hd__a31oi_4)
     3    0.010140    0.155045    0.273404    3.979482 v c137/Y (sky130_fd_sc_hd__a31oi_4)
                                                         net78 (net)
                      0.155045    0.000146    3.979627 v c139/A1 (sky130_fd_sc_hd__a41o_1)
     2    0.008312    0.113728    0.410500    4.390128 v c139/X (sky130_fd_sc_hd__a41o_1)
                                                         net80 (net)
                      0.113728    0.000043    4.390171 v c141/A1 (sky130_fd_sc_hd__mux4_2)
     6    0.025586    0.266468    1.203260    5.593431 v c141/X (sky130_fd_sc_hd__mux4_2)
                                                         net82 (net)
                      0.266468    0.000544    5.593975 v c142/S1 (sky130_fd_sc_hd__mux4_2)
     4    0.020631    0.225558    0.655112    6.249087 ^ c142/X (sky130_fd_sc_hd__mux4_2)
                                                         net83 (net)
                      0.225558    0.000168    6.249255 ^ c143/A1 (sky130_fd_sc_hd__a41oi_4)
     6    0.015610    0.246750    0.302550    6.551804 v c143/Y (sky130_fd_sc_hd__a41oi_4)
                                                         net84 (net)
                      0.246750    0.000136    6.551940 v c144/A3 (sky130_fd_sc_hd__mux4_2)
     5    0.024067    0.259579    1.285358    7.837298 v c144/X (sky130_fd_sc_hd__mux4_2)
                                                         net85 (net)
                      0.259579    0.000326    7.837624 v max_cap96/A (sky130_fd_sc_hd__buf_12)
     6    0.065050    0.081104    0.354379    8.192003 v max_cap96/X (sky130_fd_sc_hd__buf_12)
                                                         net919 (net)
                      0.081275    0.002824    8.194827 v c176/B (sky130_fd_sc_hd__xnor2_4)
     3    0.025026    0.169996    0.295477    8.490304 v c176/Y (sky130_fd_sc_hd__xnor2_4)
                                                         net119 (net)
                      0.169996    0.000262    8.490566 v c177/B (sky130_fd_sc_hd__xnor2_4)
     1    0.010152    0.106104    0.283760    8.774325 v c177/Y (sky130_fd_sc_hd__xnor2_4)
                                                         net120 (net)
                      0.106104    0.000220    8.774546 v clkbuf_0_net120/A (sky130_fd_sc_hd__clkbuf_16)
     2    0.018151    0.055594    0.272496    9.047042 v clkbuf_0_net120/X (sky130_fd_sc_hd__clkbuf_16)
                                                         clknet_0_net120 (net)
                      0.055594    0.000338    9.047379 v clkbuf_1_0__f_net120/A (sky130_fd_sc_hd__clkbuf_16)
     3    0.018246    0.055637    0.248312    9.295691 v clkbuf_1_0__f_net120/X (sky130_fd_sc_hd__clkbuf_16)
                                                         clknet_1_0__leaf_net120 (net)
                      0.055637    0.000295    9.295986 v c180/A (sky130_fd_sc_hd__xor2_2)
     1    0.008968    0.124983    0.324278    9.620265 v c180/X (sky130_fd_sc_hd__xor2_2)
                                                         net123 (net)
                      0.124983    0.000165    9.620430 v clkbuf_0_net123/A (sky130_fd_sc_hd__clkbuf_16)
     2    0.016613    0.054314    0.279981    9.900412 v clkbuf_0_net123/X (sky130_fd_sc_hd__clkbuf_16)
                                                         clknet_0_net123 (net)
                      0.054314    0.000142    9.900554 v clkbuf_1_0__f_net123/A (sky130_fd_sc_hd__clkbuf_16)
     3    0.012429    0.050617    0.240791   10.141344 v clkbuf_1_0__f_net123/X (sky130_fd_sc_hd__clkbuf_16)
                                                         clknet_1_0__leaf_net123 (net)
                      0.050617    0.000080   10.141424 v c181/A1 (sky130_fd_sc_hd__mux2_4)
     1    0.010049    0.100064    0.495728   10.637152 v c181/X (sky130_fd_sc_hd__mux2_4)
                                                         net124 (net)
                      0.100064    0.000364   10.637516 v c197/A0 (sky130_fd_sc_hd__mux4_2)
     1    0.009062    0.070282    1.013632   11.651148 v c197/X (sky130_fd_sc_hd__mux4_2)
                                                         net723 (net)
                      0.183347    0.000122   11.651270 v clkbuf_0_net723/A (sky130_fd_sc_hd__clkbuf_16)
     2    0.018266    0.055839    0.310651   11.961921 v clkbuf_0_net723/X (sky130_fd_sc_hd__clkbuf_16)
                                                         clknet_0_net723 (net)
                      0.055839    0.000330   11.962251 v clkbuf_1_0__f_net723/A (sky130_fd_sc_hd__clkbuf_16)
     1    0.016105    0.053791    0.245899   12.208151 v clkbuf_1_0__f_net723/X (sky130_fd_sc_hd__clkbuf_16)
                                                         clknet_1_0__leaf_net723 (net)
                      0.053791    0.000138   12.208288 v c308/B (sky130_fd_sc_hd__xnor2_4)
     1    0.009639    0.109960    0.229208   12.437496 v c308/Y (sky130_fd_sc_hd__xnor2_4)
                                                         net261 (net)
                      0.109960    0.000206   12.437702 v clkbuf_0_net261/A (sky130_fd_sc_hd__clkbuf_16)
     2    0.018103    0.055566    0.274317   12.712018 v clkbuf_0_net261/X (sky130_fd_sc_hd__clkbuf_16)
                                                         clknet_0_net261 (net)
                      0.055566    0.000286   12.712304 v clkbuf_1_1__f_net261/A (sky130_fd_sc_hd__clkbuf_16)
     4    0.037235    0.073677    0.270998   12.983303 v clkbuf_1_1__f_net261/X (sky130_fd_sc_hd__clkbuf_16)
                                                         clknet_1_1__leaf_net261 (net)
                      0.073678    0.000351   12.983654 v c309/B (sky130_fd_sc_hd__xor2_4)
     1    0.009120    0.105439    0.279803   13.263456 v c309/X (sky130_fd_sc_hd__xor2_4)
                                                         net262 (net)
                      0.105439    0.000160   13.263617 v clkbuf_0_net262/A (sky130_fd_sc_hd__clkbuf_16)
     2    0.018083    0.055535    0.272089   13.535706 v clkbuf_0_net262/X (sky130_fd_sc_hd__clkbuf_16)
                                                         clknet_0_net262 (net)
                      0.055535    0.000288   13.535994 v clkbuf_1_1__f_net262/A (sky130_fd_sc_hd__clkbuf_16)
     6    0.036128    0.072532    0.269629   13.805622 v clkbuf_1_1__f_net262/X (sky130_fd_sc_hd__clkbuf_16)
                                                         clknet_1_1__leaf_net262 (net)
                      0.072533    0.000401   13.806024 v c310/B1_N (sky130_fd_sc_hd__o21bai_4)
     1    0.008824    0.104227    0.318988   14.125011 v c310/Y (sky130_fd_sc_hd__o21bai_4)
                                                         net263 (net)
                      0.104227    0.000144   14.125155 v clkbuf_0_net263/A (sky130_fd_sc_hd__clkbuf_16)
     2    0.018231    0.055655    0.271686   14.396841 v clkbuf_0_net263/X (sky130_fd_sc_hd__clkbuf_16)
                                                         clknet_0_net263 (net)
                      0.055655    0.000139   14.396980 v clkbuf_1_0__f_net263/A (sky130_fd_sc_hd__clkbuf_16)
     5    0.024316    0.060878    0.255659   14.652639 v clkbuf_1_0__f_net263/X (sky130_fd_sc_hd__clkbuf_16)
                                                         clknet_1_0__leaf_net263 (net)
                      0.060878    0.000175   14.652815 v c313/B1 (sky130_fd_sc_hd__a21o_4)
     1    0.011470    0.072838    0.350287   15.003101 v c313/X (sky130_fd_sc_hd__a21o_4)
                                                         net266 (net)
                      0.072838    0.000238   15.003340 v clkbuf_0_net266/A (sky130_fd_sc_hd__clkbuf_16)
     2    0.015543    0.053310    0.253202   15.256541 v clkbuf_0_net266/X (sky130_fd_sc_hd__clkbuf_16)
                                                         clknet_0_net266 (net)
                      0.053310    0.000121   15.256662 v clkbuf_1_1__f_net266/A (sky130_fd_sc_hd__clkbuf_16)
    11    0.057517    0.091072    0.287821   15.544483 v clkbuf_1_1__f_net266/X (sky130_fd_sc_hd__clkbuf_16)
                                                         clknet_1_1__leaf_net266 (net)
                      0.091084    0.001014   15.545498 v c330/A (sky130_fd_sc_hd__xnor2_4)
     1    0.007331    0.094243    0.247400   15.792898 v c330/Y (sky130_fd_sc_hd__xnor2_4)
                                                         net284 (net)
                      0.094243    0.000068   15.792966 v clkbuf_0_net284/A (sky130_fd_sc_hd__clkbuf_16)
     2    0.017540    0.055042    0.265969   16.058933 v clkbuf_0_net284/X (sky130_fd_sc_hd__clkbuf_16)
                                                         clknet_0_net284 (net)
                      0.055042    0.000190   16.059124 v clkbuf_1_0__f_net284/A (sky130_fd_sc_hd__clkbuf_16)
     4    0.034853    0.071251    0.267804   16.326927 v clkbuf_1_0__f_net284/X (sky130_fd_sc_hd__clkbuf_16)
                                                         clknet_1_0__leaf_net284 (net)
                      0.071254    0.000542   16.327469 v c331/B (sky130_fd_sc_hd__xor2_2)
     1    0.009332    0.123906    0.286860   16.614330 v c331/X (sky130_fd_sc_hd__xor2_2)
                                                         net285 (net)
                      0.123906    0.000146   16.614475 v clkbuf_0_net285/A (sky130_fd_sc_hd__clkbuf_16)
     2    0.016424    0.054148    0.279234   16.893709 v clkbuf_0_net285/X (sky130_fd_sc_hd__clkbuf_16)
                                                         clknet_0_net285 (net)
                      0.054148    0.000147   16.893858 v clkbuf_1_0__f_net285/A (sky130_fd_sc_hd__clkbuf_16)
     4    0.030519    0.066772    0.262350   17.156208 v clkbuf_1_0__f_net285/X (sky130_fd_sc_hd__clkbuf_16)
                                                         clknet_1_0__leaf_net285 (net)
                      0.066772    0.000231   17.156439 v c332/B (sky130_fd_sc_hd__xor2_4)
     1    0.011148    0.101528    0.283570   17.440008 v c332/X (sky130_fd_sc_hd__xor2_4)
                                                         net286 (net)
                      0.101528    0.000284   17.440292 v clkbuf_0_net286/A (sky130_fd_sc_hd__clkbuf_16)
     2    0.018417    0.055805    0.270589   17.710882 v clkbuf_0_net286/X (sky130_fd_sc_hd__clkbuf_16)
                                                         clknet_0_net286 (net)
                      0.055805    0.000238   17.711121 v clkbuf_1_0__f_net286/A (sky130_fd_sc_hd__clkbuf_16)
     3    0.013788    0.051799    0.243102   17.954222 v clkbuf_1_0__f_net286/X (sky130_fd_sc_hd__clkbuf_16)
                                                         clknet_1_0__leaf_net286 (net)
                      0.051799    0.000165   17.954388 v c333/A2 (sky130_fd_sc_hd__a31o_4)
     1    0.012190    0.077404    0.422093   18.376480 v c333/X (sky130_fd_sc_hd__a31o_4)
                                                         net287 (net)
                      0.077404    0.000371   18.376850 v clkbuf_0_net287/A (sky130_fd_sc_hd__clkbuf_16)
     2    0.019064    0.056321    0.259515   18.636366 v clkbuf_0_net287/X (sky130_fd_sc_hd__clkbuf_16)
                                                         clknet_0_net287 (net)
                      0.056321    0.000332   18.636698 v clkbuf_1_0__f_net287/A (sky130_fd_sc_hd__clkbuf_16)
     5    0.033062    0.069305    0.266416   18.903114 v clkbuf_1_0__f_net287/X (sky130_fd_sc_hd__clkbuf_16)
                                                         clknet_1_0__leaf_net287 (net)
                      0.069305    0.000135   18.903250 v c335/A1 (sky130_fd_sc_hd__o21ba_4)
     1    0.017469    0.088957    0.425150   19.328400 v c335/X (sky130_fd_sc_hd__o21ba_4)
                                                         net289 (net)
                      0.088964    0.000867   19.329266 v clkbuf_0_net289/A (sky130_fd_sc_hd__clkbuf_16)
     2    0.016845    0.054442    0.262535   19.591801 v clkbuf_0_net289/X (sky130_fd_sc_hd__clkbuf_16)
                                                         clknet_0_net289 (net)
                      0.054442    0.000178   19.591978 v clkbuf_1_0__f_net289/A (sky130_fd_sc_hd__clkbuf_16)
     6    0.036531    0.073106    0.269173   19.861151 v clkbuf_1_0__f_net289/X (sky130_fd_sc_hd__clkbuf_16)
                                                         clknet_1_0__leaf_net289 (net)
                      0.073134    0.001346   19.862497 v c463/A0 (sky130_fd_sc_hd__mux2_4)
     1    0.007287    0.093625    0.509177   20.371675 v c463/X (sky130_fd_sc_hd__mux2_4)
                                                         net402 (net)
                      0.093625    0.000034   20.371708 v clkbuf_0_net402/A (sky130_fd_sc_hd__clkbuf_16)
     2    0.016073    0.053791    0.263913   20.635622 v clkbuf_0_net402/X (sky130_fd_sc_hd__clkbuf_16)
                                                         clknet_0_net402 (net)
                      0.053791    0.000153   20.635775 v clkbuf_1_0__f_net402/A (sky130_fd_sc_hd__clkbuf_16)
     1    0.008985    0.047282    0.236154   20.871929 v clkbuf_1_0__f_net402/X (sky130_fd_sc_hd__clkbuf_16)
                                                         clknet_1_0__leaf_net402 (net)
                      0.047282    0.000105   20.872034 v c465/B (sky130_fd_sc_hd__xnor2_2)
     1    0.007364    0.118459    0.241684   21.113718 v c465/Y (sky130_fd_sc_hd__xnor2_2)
                                                         net404 (net)
                      0.118459    0.000066   21.113783 v clkbuf_0_net404/A (sky130_fd_sc_hd__clkbuf_16)
     2    0.017061    0.054678    0.277321   21.391104 v clkbuf_0_net404/X (sky130_fd_sc_hd__clkbuf_16)
                                                         clknet_0_net404 (net)
                      0.054678    0.000105   21.391209 v clkbuf_1_0__f_net404/A (sky130_fd_sc_hd__clkbuf_16)
     1    0.005236    0.043306    0.230376   21.621586 v clkbuf_1_0__f_net404/X (sky130_fd_sc_hd__clkbuf_16)
                                                         clknet_1_0__leaf_net404 (net)
                      0.043306    0.000046   21.621632 v c466/A (sky130_fd_sc_hd__xnor2_1)
     1    0.012660    0.506802    0.473008   22.094639 ^ c466/Y (sky130_fd_sc_hd__xnor2_1)
                                                         net405 (net)
                      0.506802    0.000384   22.095024 ^ clkbuf_0_net405/A (sky130_fd_sc_hd__clkbuf_16)
     2    0.016828    0.069282    0.402620   22.497644 ^ clkbuf_0_net405/X (sky130_fd_sc_hd__clkbuf_16)
                                                         clknet_0_net405 (net)
                      0.069282    0.000160   22.497803 ^ clkbuf_1_0__f_net405/A (sky130_fd_sc_hd__clkbuf_16)
     4    0.022910    0.071079    0.225372   22.723175 ^ clkbuf_1_0__f_net405/X (sky130_fd_sc_hd__clkbuf_16)
                                                         clknet_1_0__leaf_net405 (net)
                      0.071080    0.000428   22.723602 ^ c468/A (sky130_fd_sc_hd__xnor2_1)
     1    0.010680    0.441344    0.285491   23.009094 ^ c468/Y (sky130_fd_sc_hd__xnor2_1)
                                                         net407 (net)
                      0.441344    0.000192   23.009285 ^ clkbuf_0_net407/A (sky130_fd_sc_hd__clkbuf_16)
     2    0.017594    0.068865    0.377179   23.386465 ^ clkbuf_0_net407/X (sky130_fd_sc_hd__clkbuf_16)
                                                         clknet_0_net407 (net)
                      0.068865    0.000066   23.386530 ^ clkbuf_1_1__f_net407/A (sky130_fd_sc_hd__clkbuf_16)
     1    0.004746    0.047449    0.197112   23.583643 ^ clkbuf_1_1__f_net407/X (sky130_fd_sc_hd__clkbuf_16)
                                                         clknet_1_1__leaf_net407 (net)
                      0.047450    0.000092   23.583735 ^ c471/B1_N (sky130_fd_sc_hd__a21boi_0)
     1    0.010965    0.681934    0.614181   24.197916 ^ c471/Y (sky130_fd_sc_hd__a21boi_0)
                                                         net410 (net)
                      0.681934    0.000245   24.198160 ^ clkbuf_0_net410/A (sky130_fd_sc_hd__clkbuf_16)
     2    0.017611    0.074160    0.467299   24.665461 ^ clkbuf_0_net410/X (sky130_fd_sc_hd__clkbuf_16)
                                                         clknet_0_net410 (net)
                      0.074160    0.000224   24.665684 ^ clkbuf_1_0__f_net410/A (sky130_fd_sc_hd__clkbuf_16)
     4    0.024894    0.073598    0.230338   24.896023 ^ clkbuf_1_0__f_net410/X (sky130_fd_sc_hd__clkbuf_16)
                                                         clknet_1_0__leaf_net410 (net)
                      0.073604    0.000608   24.896629 ^ c483/S0 (sky130_fd_sc_hd__mux4_2)
     1    0.008466    0.181945    1.137915   26.034544 v c483/X (sky130_fd_sc_hd__mux4_2)
                                                         net421 (net)
                      0.181945    0.000135   26.034679 v clkbuf_0_net421/A (sky130_fd_sc_hd__clkbuf_16)
     2    0.015886    0.053796    0.307166   26.341845 v clkbuf_0_net421/X (sky130_fd_sc_hd__clkbuf_16)
                                                         clknet_0_net421 (net)
                      0.053796    0.000146   26.341991 v clkbuf_1_1__f_net421/A (sky130_fd_sc_hd__clkbuf_16)
     1    0.009684    0.048218    0.237240   26.579229 v clkbuf_1_1__f_net421/X (sky130_fd_sc_hd__clkbuf_16)
                                                         clknet_1_1__leaf_net421 (net)
                      0.048218    0.000151   26.579382 v merge768/A1 (sky130_fd_sc_hd__a41oi_4)
     1    0.003958    0.205238    0.191594   26.770975 ^ merge768/Y (sky130_fd_sc_hd__a41oi_4)
                                                         net670 (net)
                      0.205238    0.000057   26.771032 ^ merge829/RESET_B (sky130_fd_sc_hd__dlrtp_1)
                                             26.771032   data arrival time

                                  4.000000    4.000000   clock clk (fall edge)
                                  0.000000    4.000000   clock source latency
     2    0.033403    0.145959    0.103590    4.103590 v clk (in)
                                                         clk (net)
                      0.145999    0.000000    4.103590 v clkbuf_0_clk/A (sky130_fd_sc_hd__clkbuf_16)
    33    0.176993    0.202699    0.426360    4.529951 v clkbuf_0_clk/X (sky130_fd_sc_hd__clkbuf_16)
                                                         clknet_0_clk (net)
                      0.202769    0.003538    4.533488 v clkbuf_4_12_0_clk/A (sky130_fd_sc_hd__clkbuf_8)
    17    0.045736    0.107358    0.362089    4.895577 v clkbuf_4_12_0_clk/X (sky130_fd_sc_hd__clkbuf_8)
                                                         clknet_4_12_0_clk (net)
                      0.107358    0.000306    4.895883 v merge829/GATE (sky130_fd_sc_hd__dlrtp_1)
                                 -0.250000    4.645883   clock uncertainty
                                  0.000000    4.645883   clock reconvergence pessimism
                                  0.053123    4.699006   library recovery time
                                              4.699006   data required time
---------------------------------------------------------------------------------------------
                                              4.699006   data required time
                                            -26.771032   data arrival time
---------------------------------------------------------------------------------------------
                                            -22.072027   slack (VIOLATED)


Startpoint: in21 (input port clocked by clk)
Endpoint: merge821 (positive level-sensitive latch clocked by clk)
Path Group: clk
Path Type: max

Fanout         Cap        Slew       Delay        Time   Description
---------------------------------------------------------------------------------------------
                                  0.000000    0.000000   clock clk (rise edge)
                                  0.000000    0.000000   clock network delay (propagated)
                                  1.600000    1.600000 v input external delay
     2    0.003799    0.022341    0.012354    1.612354 v in21 (in)
                                                         in21 (net)
                      0.022341    0.000000    1.612354 v input15/A (sky130_fd_sc_hd__clkbuf_2)
     1    0.009100    0.079354    0.189109    1.801463 v input15/X (sky130_fd_sc_hd__clkbuf_2)
                                                         net838 (net)
                      0.079354    0.000095    1.801558 v c132/A1 (sky130_fd_sc_hd__o21bai_4)
     2    0.021590    0.292500    0.336175    2.137733 ^ c132/Y (sky130_fd_sc_hd__o21bai_4)
                                                         net73 (net)
                      0.292500    0.000278    2.138011 ^ c133/B (sky130_fd_sc_hd__xor2_4)
     4    0.018695    0.283729    0.401231    2.539242 ^ c133/X (sky130_fd_sc_hd__xor2_4)
                                                         net74 (net)
                      0.283729    0.000154    2.539396 ^ fanout108/A (sky130_fd_sc_hd__buf_8)
     6    0.039387    0.117477    0.302834    2.842230 ^ fanout108/X (sky130_fd_sc_hd__buf_8)
                                                         net931 (net)
                      0.117477    0.000078    2.842307 ^ c135/B1_N (sky130_fd_sc_hd__a21bo_4)
     5    0.028223    0.111318    0.496211    3.338519 v c135/X (sky130_fd_sc_hd__a21bo_4)
                                                         net76 (net)
                      0.111318    0.000453    3.338971 v c136/A1 (sky130_fd_sc_hd__a21boi_4)
     5    0.023827    0.328003    0.366872    3.705844 ^ c136/Y (sky130_fd_sc_hd__a21boi_4)
                                                         net77 (net)
                      0.328003    0.000234    3.706078 ^ c137/A2 (sky130_fd_sc_hd__a31oi_4)
     3    0.010140    0.155045    0.273404    3.979482 v c137/Y (sky130_fd_sc_hd__a31oi_4)
                                                         net78 (net)
                      0.155045    0.000146    3.979627 v c139/A1 (sky130_fd_sc_hd__a41o_1)
     2    0.008312    0.113728    0.410500    4.390128 v c139/X (sky130_fd_sc_hd__a41o_1)
                                                         net80 (net)
                      0.113728    0.000043    4.390171 v c141/A1 (sky130_fd_sc_hd__mux4_2)
     6    0.025586    0.266468    1.203260    5.593431 v c141/X (sky130_fd_sc_hd__mux4_2)
                                                         net82 (net)
                      0.266468    0.000544    5.593975 v c142/S1 (sky130_fd_sc_hd__mux4_2)
     4    0.020631    0.225558    0.655112    6.249087 ^ c142/X (sky130_fd_sc_hd__mux4_2)
                                                         net83 (net)
                      0.225558    0.000168    6.249255 ^ c143/A1 (sky130_fd_sc_hd__a41oi_4)
     6    0.015610    0.246750    0.302550    6.551804 v c143/Y (sky130_fd_sc_hd__a41oi_4)
                                                         net84 (net)
                      0.246750    0.000136    6.551940 v c144/A3 (sky130_fd_sc_hd__mux4_2)
     5    0.024067    0.259579    1.285358    7.837298 v c144/X (sky130_fd_sc_hd__mux4_2)
                                                         net85 (net)
                      0.259579    0.000326    7.837624 v max_cap96/A (sky130_fd_sc_hd__buf_12)
     6    0.065050    0.081104    0.354379    8.192003 v max_cap96/X (sky130_fd_sc_hd__buf_12)
                                                         net919 (net)
                      0.081275    0.002824    8.194827 v c176/B (sky130_fd_sc_hd__xnor2_4)
     3    0.025026    0.169996    0.295477    8.490304 v c176/Y (sky130_fd_sc_hd__xnor2_4)
                                                         net119 (net)
                      0.169996    0.000262    8.490566 v c177/B (sky130_fd_sc_hd__xnor2_4)
     1    0.010152    0.106104    0.283760    8.774325 v c177/Y (sky130_fd_sc_hd__xnor2_4)
                                                         net120 (net)
                      0.106104    0.000220    8.774546 v clkbuf_0_net120/A (sky130_fd_sc_hd__clkbuf_16)
     2    0.018151    0.055594    0.272496    9.047042 v clkbuf_0_net120/X (sky130_fd_sc_hd__clkbuf_16)
                                                         clknet_0_net120 (net)
                      0.055594    0.000338    9.047379 v clkbuf_1_0__f_net120/A (sky130_fd_sc_hd__clkbuf_16)
     3    0.018246    0.055637    0.248312    9.295691 v clkbuf_1_0__f_net120/X (sky130_fd_sc_hd__clkbuf_16)
                                                         clknet_1_0__leaf_net120 (net)
                      0.055637    0.000295    9.295986 v c180/A (sky130_fd_sc_hd__xor2_2)
     1    0.008968    0.124983    0.324278    9.620265 v c180/X (sky130_fd_sc_hd__xor2_2)
                                                         net123 (net)
                      0.124983    0.000165    9.620430 v clkbuf_0_net123/A (sky130_fd_sc_hd__clkbuf_16)
     2    0.016613    0.054314    0.279981    9.900412 v clkbuf_0_net123/X (sky130_fd_sc_hd__clkbuf_16)
                                                         clknet_0_net123 (net)
                      0.054314    0.000142    9.900554 v clkbuf_1_0__f_net123/A (sky130_fd_sc_hd__clkbuf_16)
     3    0.012429    0.050617    0.240791   10.141344 v clkbuf_1_0__f_net123/X (sky130_fd_sc_hd__clkbuf_16)
                                                         clknet_1_0__leaf_net123 (net)
                      0.050617    0.000080   10.141424 v c181/A1 (sky130_fd_sc_hd__mux2_4)
     1    0.010049    0.100064    0.495728   10.637152 v c181/X (sky130_fd_sc_hd__mux2_4)
                                                         net124 (net)
                      0.100064    0.000364   10.637516 v c197/A0 (sky130_fd_sc_hd__mux4_2)
     1    0.009062    0.070282    1.013632   11.651148 v c197/X (sky130_fd_sc_hd__mux4_2)
                                                         net723 (net)
                      0.183347    0.000122   11.651270 v clkbuf_0_net723/A (sky130_fd_sc_hd__clkbuf_16)
     2    0.018266    0.055839    0.310651   11.961921 v clkbuf_0_net723/X (sky130_fd_sc_hd__clkbuf_16)
                                                         clknet_0_net723 (net)
                      0.055839    0.000330   11.962251 v clkbuf_1_0__f_net723/A (sky130_fd_sc_hd__clkbuf_16)
     1    0.016105    0.053791    0.245899   12.208151 v clkbuf_1_0__f_net723/X (sky130_fd_sc_hd__clkbuf_16)
                                                         clknet_1_0__leaf_net723 (net)
                      0.053791    0.000138   12.208288 v c308/B (sky130_fd_sc_hd__xnor2_4)
     1    0.009639    0.109960    0.229208   12.437496 v c308/Y (sky130_fd_sc_hd__xnor2_4)
                                                         net261 (net)
                      0.109960    0.000206   12.437702 v clkbuf_0_net261/A (sky130_fd_sc_hd__clkbuf_16)
     2    0.018103    0.055566    0.274317   12.712018 v clkbuf_0_net261/X (sky130_fd_sc_hd__clkbuf_16)
                                                         clknet_0_net261 (net)
                      0.055566    0.000286   12.712304 v clkbuf_1_1__f_net261/A (sky130_fd_sc_hd__clkbuf_16)
     4    0.037235    0.073677    0.270998   12.983303 v clkbuf_1_1__f_net261/X (sky130_fd_sc_hd__clkbuf_16)
                                                         clknet_1_1__leaf_net261 (net)
                      0.073678    0.000351   12.983654 v c309/B (sky130_fd_sc_hd__xor2_4)
     1    0.009120    0.105439    0.279803   13.263456 v c309/X (sky130_fd_sc_hd__xor2_4)
                                                         net262 (net)
                      0.105439    0.000160   13.263617 v clkbuf_0_net262/A (sky130_fd_sc_hd__clkbuf_16)
     2    0.018083    0.055535    0.272089   13.535706 v clkbuf_0_net262/X (sky130_fd_sc_hd__clkbuf_16)
                                                         clknet_0_net262 (net)
                      0.055535    0.000288   13.535994 v clkbuf_1_1__f_net262/A (sky130_fd_sc_hd__clkbuf_16)
     6    0.036128    0.072532    0.269629   13.805622 v clkbuf_1_1__f_net262/X (sky130_fd_sc_hd__clkbuf_16)
                                                         clknet_1_1__leaf_net262 (net)
                      0.072533    0.000401   13.806024 v c310/B1_N (sky130_fd_sc_hd__o21bai_4)
     1    0.008824    0.104227    0.318988   14.125011 v c310/Y (sky130_fd_sc_hd__o21bai_4)
                                                         net263 (net)
                      0.104227    0.000144   14.125155 v clkbuf_0_net263/A (sky130_fd_sc_hd__clkbuf_16)
     2    0.018231    0.055655    0.271686   14.396841 v clkbuf_0_net263/X (sky130_fd_sc_hd__clkbuf_16)
                                                         clknet_0_net263 (net)
                      0.055655    0.000139   14.396980 v clkbuf_1_0__f_net263/A (sky130_fd_sc_hd__clkbuf_16)
     5    0.024316    0.060878    0.255659   14.652639 v clkbuf_1_0__f_net263/X (sky130_fd_sc_hd__clkbuf_16)
                                                         clknet_1_0__leaf_net263 (net)
                      0.060878    0.000175   14.652815 v c313/B1 (sky130_fd_sc_hd__a21o_4)
     1    0.011470    0.072838    0.350287   15.003101 v c313/X (sky130_fd_sc_hd__a21o_4)
                                                         net266 (net)
                      0.072838    0.000238   15.003340 v clkbuf_0_net266/A (sky130_fd_sc_hd__clkbuf_16)
     2    0.015543    0.053310    0.253202   15.256541 v clkbuf_0_net266/X (sky130_fd_sc_hd__clkbuf_16)
                                                         clknet_0_net266 (net)
                      0.053310    0.000121   15.256662 v clkbuf_1_1__f_net266/A (sky130_fd_sc_hd__clkbuf_16)
    11    0.057517    0.091072    0.287821   15.544483 v clkbuf_1_1__f_net266/X (sky130_fd_sc_hd__clkbuf_16)
                                                         clknet_1_1__leaf_net266 (net)
                      0.091084    0.001014   15.545498 v c330/A (sky130_fd_sc_hd__xnor2_4)
     1    0.007331    0.094243    0.247400   15.792898 v c330/Y (sky130_fd_sc_hd__xnor2_4)
                                                         net284 (net)
                      0.094243    0.000068   15.792966 v clkbuf_0_net284/A (sky130_fd_sc_hd__clkbuf_16)
     2    0.017540    0.055042    0.265969   16.058933 v clkbuf_0_net284/X (sky130_fd_sc_hd__clkbuf_16)
                                                         clknet_0_net284 (net)
                      0.055042    0.000190   16.059124 v clkbuf_1_0__f_net284/A (sky130_fd_sc_hd__clkbuf_16)
     4    0.034853    0.071251    0.267804   16.326927 v clkbuf_1_0__f_net284/X (sky130_fd_sc_hd__clkbuf_16)
                                                         clknet_1_0__leaf_net284 (net)
                      0.071254    0.000542   16.327469 v c331/B (sky130_fd_sc_hd__xor2_2)
     1    0.009332    0.123906    0.286860   16.614330 v c331/X (sky130_fd_sc_hd__xor2_2)
                                                         net285 (net)
                      0.123906    0.000146   16.614475 v clkbuf_0_net285/A (sky130_fd_sc_hd__clkbuf_16)
     2    0.016424    0.054148    0.279234   16.893709 v clkbuf_0_net285/X (sky130_fd_sc_hd__clkbuf_16)
                                                         clknet_0_net285 (net)
                      0.054148    0.000147   16.893858 v clkbuf_1_0__f_net285/A (sky130_fd_sc_hd__clkbuf_16)
     4    0.030519    0.066772    0.262350   17.156208 v clkbuf_1_0__f_net285/X (sky130_fd_sc_hd__clkbuf_16)
                                                         clknet_1_0__leaf_net285 (net)
                      0.066772    0.000231   17.156439 v c332/B (sky130_fd_sc_hd__xor2_4)
     1    0.011148    0.101528    0.283570   17.440008 v c332/X (sky130_fd_sc_hd__xor2_4)
                                                         net286 (net)
                      0.101528    0.000284   17.440292 v clkbuf_0_net286/A (sky130_fd_sc_hd__clkbuf_16)
     2    0.018417    0.055805    0.270589   17.710882 v clkbuf_0_net286/X (sky130_fd_sc_hd__clkbuf_16)
                                                         clknet_0_net286 (net)
                      0.055805    0.000238   17.711121 v clkbuf_1_0__f_net286/A (sky130_fd_sc_hd__clkbuf_16)
     3    0.013788    0.051799    0.243102   17.954222 v clkbuf_1_0__f_net286/X (sky130_fd_sc_hd__clkbuf_16)
                                                         clknet_1_0__leaf_net286 (net)
                      0.051799    0.000165   17.954388 v c333/A2 (sky130_fd_sc_hd__a31o_4)
     1    0.012190    0.077404    0.422093   18.376480 v c333/X (sky130_fd_sc_hd__a31o_4)
                                                         net287 (net)
                      0.077404    0.000371   18.376850 v clkbuf_0_net287/A (sky130_fd_sc_hd__clkbuf_16)
     2    0.019064    0.056321    0.259515   18.636366 v clkbuf_0_net287/X (sky130_fd_sc_hd__clkbuf_16)
                                                         clknet_0_net287 (net)
                      0.056321    0.000156   18.636522 v clkbuf_1_1__f_net287/A (sky130_fd_sc_hd__clkbuf_16)
     4    0.022798    0.059551    0.254035   18.890556 v clkbuf_1_1__f_net287/X (sky130_fd_sc_hd__clkbuf_16)
                                                         clknet_1_1__leaf_net287 (net)
                      0.059551    0.000510   18.891068 v c340/A2 (sky130_fd_sc_hd__a21oi_4)
     1    0.008772    0.180625    0.247663   19.138731 ^ c340/Y (sky130_fd_sc_hd__a21oi_4)
                                                         net294 (net)
                      0.180625    0.000092   19.138823 ^ clkbuf_0_net294/A (sky130_fd_sc_hd__clkbuf_16)
     2    0.019708    0.067057    0.271974   19.410797 ^ clkbuf_0_net294/X (sky130_fd_sc_hd__clkbuf_16)
                                                         clknet_0_net294 (net)
                      0.067057    0.000204   19.411001 ^ clkbuf_1_1__f_net294/A (sky130_fd_sc_hd__clkbuf_16)
     6    0.055556    0.114539    0.265732   19.676733 ^ clkbuf_1_1__f_net294/X (sky130_fd_sc_hd__clkbuf_16)
                                                         clknet_1_1__leaf_net294 (net)
                      0.114539    0.000286   19.677019 ^ c356/S (sky130_fd_sc_hd__mux2_4)
     1    0.013194    0.106897    0.608122   20.285141 v c356/X (sky130_fd_sc_hd__mux2_4)
                                                         net310 (net)
                      0.106897    0.000490   20.285631 v clkbuf_0_net310/A (sky130_fd_sc_hd__clkbuf_16)
     2    0.019943    0.057125    0.275003   20.560635 v clkbuf_0_net310/X (sky130_fd_sc_hd__clkbuf_16)
                                                         clknet_0_net310 (net)
                      0.057125    0.000389   20.561024 v clkbuf_1_0__f_net310/A (sky130_fd_sc_hd__clkbuf_16)
    31    0.129261    0.157367    0.346128   20.907152 v clkbuf_1_0__f_net310/X (sky130_fd_sc_hd__clkbuf_16)
                                                         clknet_1_0__leaf_net310 (net)
                      0.157367    0.000774   20.907927 v c488/A (sky130_fd_sc_hd__xnor2_4)
     1    0.016598    0.133605    0.313676   21.221603 v c488/Y (sky130_fd_sc_hd__xnor2_4)
                                                         net900 (net)
                      0.133607    0.000787   21.222389 v clkbuf_0_net900/A (sky130_fd_sc_hd__clkbuf_16)
     2    0.018386    0.055847    0.286310   21.508699 v clkbuf_0_net900/X (sky130_fd_sc_hd__clkbuf_16)
                                                         clknet_0_net900 (net)
                      0.055847    0.000293   21.508993 v clkbuf_1_1__f_net900/A (sky130_fd_sc_hd__clkbuf_16)
     6    0.031641    0.067910    0.264434   21.773426 v clkbuf_1_1__f_net900/X (sky130_fd_sc_hd__clkbuf_16)
                                                         clknet_1_1__leaf_net900 (net)
                      0.067912    0.000478   21.773905 v c489/B1_N (sky130_fd_sc_hd__o21ba_4)
     1    0.015105    0.111689    0.441135   22.215040 ^ c489/X (sky130_fd_sc_hd__o21ba_4)
                                                         net426 (net)
                      0.111691    0.000636   22.215675 ^ clkbuf_0_net426/A (sky130_fd_sc_hd__clkbuf_16)
     2    0.021507    0.069324    0.242766   22.458441 ^ clkbuf_0_net426/X (sky130_fd_sc_hd__clkbuf_16)
                                                         clknet_0_net426 (net)
                      0.069325    0.000457   22.458899 ^ clkbuf_1_0__f_net426/A (sky130_fd_sc_hd__clkbuf_16)
     6    0.031042    0.081825    0.237009   22.695906 ^ clkbuf_1_0__f_net426/X (sky130_fd_sc_hd__clkbuf_16)
                                                         clknet_1_0__leaf_net426 (net)
                      0.081825    0.000204   22.696110 ^ c499/A2 (sky130_fd_sc_hd__o21ai_2)
     1    0.015030    0.155435    0.168560   22.864672 v c499/Y (sky130_fd_sc_hd__o21ai_2)
                                                         net896 (net)
                      0.155435    0.000536   22.865208 v clkbuf_0_net896/A (sky130_fd_sc_hd__clkbuf_16)
     2    0.015216    0.053174    0.293321   23.158527 v clkbuf_0_net896/X (sky130_fd_sc_hd__clkbuf_16)
                                                         clknet_0_net896 (net)
                      0.053174    0.000142   23.158670 v clkbuf_1_1__f_net896/A (sky130_fd_sc_hd__clkbuf_16)
     4    0.025665    0.062122    0.256049   23.414721 v clkbuf_1_1__f_net896/X (sky130_fd_sc_hd__clkbuf_16)
                                                         clknet_1_1__leaf_net896 (net)
                      0.062122    0.000236   23.414955 v c505/A3 (sky130_fd_sc_hd__mux4_4)
     1    0.011025    0.242595    1.412991   24.827946 v c505/X (sky130_fd_sc_hd__mux4_4)
                                                         net897 (net)
                      0.242595    0.000247   24.828194 v clkbuf_0_net897/A (sky130_fd_sc_hd__clkbuf_16)
     2    0.018885    0.056634    0.340304   25.168497 v clkbuf_0_net897/X (sky130_fd_sc_hd__clkbuf_16)
                                                         clknet_0_net897 (net)
                      0.056634    0.000156   25.168653 v clkbuf_1_0__f_net897/A (sky130_fd_sc_hd__clkbuf_16)
     2    0.025041    0.061547    0.256899   25.425552 v clkbuf_1_0__f_net897/X (sky130_fd_sc_hd__clkbuf_16)
                                                         clknet_1_0__leaf_net897 (net)
                      0.061549    0.000410   25.425962 v c616/A (sky130_fd_sc_hd__xnor2_4)
     1    0.012664    0.239577    0.292451   25.718412 ^ c616/Y (sky130_fd_sc_hd__xnor2_4)
                                                         net535 (net)
                      0.239577    0.000295   25.718708 ^ clkbuf_0_net535/A (sky130_fd_sc_hd__clkbuf_16)
     2    0.021512    0.069623    0.300730   26.019438 ^ clkbuf_0_net535/X (sky130_fd_sc_hd__clkbuf_16)
                                                         clknet_0_net535 (net)
                      0.069623    0.000403   26.019842 ^ clkbuf_1_1__f_net535/A (sky130_fd_sc_hd__clkbuf_16)
     5    0.023867    0.072279    0.226937   26.246778 ^ clkbuf_1_1__f_net535/X (sky130_fd_sc_hd__clkbuf_16)
                                                         clknet_1_1__leaf_net535 (net)
                      0.072279    0.000192   26.246969 ^ c636/S0 (sky130_fd_sc_hd__mux4_1)
     1    0.003095    0.160565    1.213468   27.460438 v c636/X (sky130_fd_sc_hd__mux4_1)
                                                         net555 (net)
                      0.160565    0.000044   27.460484 v merge821/D (sky130_fd_sc_hd__dlrbp_1)
                                             27.460484   data arrival time

                                  0.000000    0.000000   clock clk (rise edge)
                                  0.000000    0.000000   clock source latency
     2    0.034341    0.250312    0.173965    0.173965 ^ clk (in)
                                                         clk (net)
                      0.250337    0.000000    0.173965 ^ clkbuf_0_clk/A (sky130_fd_sc_hd__clkbuf_16)
    33    0.184773    0.292796    0.487145    0.661111 ^ clkbuf_0_clk/X (sky130_fd_sc_hd__clkbuf_16)
                                                         clknet_0_clk (net)
                      0.292884    0.004843    0.665954 ^ clkbuf_4_15_0_clk/A (sky130_fd_sc_hd__clkbuf_8)
    15    0.040024    0.130971    0.377548    1.043501 ^ clkbuf_4_15_0_clk/X (sky130_fd_sc_hd__clkbuf_8)
                                                         clknet_4_15_0_clk (net)
                      0.130971    0.000069    1.043570 ^ merge821/GATE (sky130_fd_sc_hd__dlrbp_1)
                                 -0.250000    0.793570   clock uncertainty
                                  0.000000    0.793570   clock reconvergence pessimism
                                  3.739494    4.533064   time borrowed from endpoint
                                              4.533064   data required time
---------------------------------------------------------------------------------------------
                                              4.533064   data required time
                                            -27.460484   data arrival time
---------------------------------------------------------------------------------------------
                                            -22.927420   slack (VIOLATED)

Time Borrowing Information
------------------------------------------------
clk nominal pulse width                 4.000000
clock latency difference               -0.156026
library setup time                     -0.104481
------------------------------------------------
max time borrow                         3.739494
------------------------------------------------
actual time borrow                      3.739494
open edge uncertainty                  -0.250000
------------------------------------------------
time given to startpoint                3.489494
------------------------------------------------




===========================================================================
report_checks --slack_max -0.01
============================================================================
======================= min_ss_100C_1v60 Corner ===================================

Startpoint: in21 (input port clocked by clk)
Endpoint: merge829 (recovery check against falling-edge clock clk)
Path Group: asynchronous
Path Type: max

Fanout         Cap        Slew       Delay        Time   Description
---------------------------------------------------------------------------------------------
                                  0.000000    0.000000   clock clk (rise edge)
                                  0.000000    0.000000   clock network delay (propagated)
                                  1.600000    1.600000 v input external delay
     2    0.003799    0.022341    0.012354    1.612354 v in21 (in)
                                                         in21 (net)
                      0.022341    0.000000    1.612354 v input15/A (sky130_fd_sc_hd__clkbuf_2)
     1    0.009100    0.079354    0.189109    1.801463 v input15/X (sky130_fd_sc_hd__clkbuf_2)
                                                         net838 (net)
                      0.079354    0.000095    1.801558 v c132/A1 (sky130_fd_sc_hd__o21bai_4)
     2    0.021590    0.292500    0.336175    2.137733 ^ c132/Y (sky130_fd_sc_hd__o21bai_4)
                                                         net73 (net)
                      0.292500    0.000278    2.138011 ^ c133/B (sky130_fd_sc_hd__xor2_4)
     4    0.018695    0.283729    0.401231    2.539242 ^ c133/X (sky130_fd_sc_hd__xor2_4)
                                                         net74 (net)
                      0.283729    0.000154    2.539396 ^ fanout108/A (sky130_fd_sc_hd__buf_8)
     6    0.039387    0.117477    0.302834    2.842230 ^ fanout108/X (sky130_fd_sc_hd__buf_8)
                                                         net931 (net)
                      0.117477    0.000078    2.842307 ^ c135/B1_N (sky130_fd_sc_hd__a21bo_4)
     5    0.028223    0.111318    0.496211    3.338519 v c135/X (sky130_fd_sc_hd__a21bo_4)
                                                         net76 (net)
                      0.111318    0.000453    3.338971 v c136/A1 (sky130_fd_sc_hd__a21boi_4)
     5    0.023827    0.328003    0.366872    3.705844 ^ c136/Y (sky130_fd_sc_hd__a21boi_4)
                                                         net77 (net)
                      0.328003    0.000234    3.706078 ^ c137/A2 (sky130_fd_sc_hd__a31oi_4)
     3    0.010140    0.155045    0.273404    3.979482 v c137/Y (sky130_fd_sc_hd__a31oi_4)
                                                         net78 (net)
                      0.155045    0.000146    3.979627 v c139/A1 (sky130_fd_sc_hd__a41o_1)
     2    0.008312    0.113728    0.410500    4.390128 v c139/X (sky130_fd_sc_hd__a41o_1)
                                                         net80 (net)
                      0.113728    0.000043    4.390171 v c141/A1 (sky130_fd_sc_hd__mux4_2)
     6    0.025586    0.266468    1.203260    5.593431 v c141/X (sky130_fd_sc_hd__mux4_2)
                                                         net82 (net)
                      0.266468    0.000544    5.593975 v c142/S1 (sky130_fd_sc_hd__mux4_2)
     4    0.020631    0.225558    0.655112    6.249087 ^ c142/X (sky130_fd_sc_hd__mux4_2)
                                                         net83 (net)
                      0.225558    0.000168    6.249255 ^ c143/A1 (sky130_fd_sc_hd__a41oi_4)
     6    0.015610    0.246750    0.302550    6.551804 v c143/Y (sky130_fd_sc_hd__a41oi_4)
                                                         net84 (net)
                      0.246750    0.000136    6.551940 v c144/A3 (sky130_fd_sc_hd__mux4_2)
     5    0.024067    0.259579    1.285358    7.837298 v c144/X (sky130_fd_sc_hd__mux4_2)
                                                         net85 (net)
                      0.259579    0.000326    7.837624 v max_cap96/A (sky130_fd_sc_hd__buf_12)
     6    0.065050    0.081104    0.354379    8.192003 v max_cap96/X (sky130_fd_sc_hd__buf_12)
                                                         net919 (net)
                      0.081275    0.002824    8.194827 v c176/B (sky130_fd_sc_hd__xnor2_4)
     3    0.025026    0.169996    0.295477    8.490304 v c176/Y (sky130_fd_sc_hd__xnor2_4)
                                                         net119 (net)
                      0.169996    0.000262    8.490566 v c177/B (sky130_fd_sc_hd__xnor2_4)
     1    0.010152    0.106104    0.283760    8.774325 v c177/Y (sky130_fd_sc_hd__xnor2_4)
                                                         net120 (net)
                      0.106104    0.000220    8.774546 v clkbuf_0_net120/A (sky130_fd_sc_hd__clkbuf_16)
     2    0.018151    0.055594    0.272496    9.047042 v clkbuf_0_net120/X (sky130_fd_sc_hd__clkbuf_16)
                                                         clknet_0_net120 (net)
                      0.055594    0.000338    9.047379 v clkbuf_1_0__f_net120/A (sky130_fd_sc_hd__clkbuf_16)
     3    0.018246    0.055637    0.248312    9.295691 v clkbuf_1_0__f_net120/X (sky130_fd_sc_hd__clkbuf_16)
                                                         clknet_1_0__leaf_net120 (net)
                      0.055637    0.000295    9.295986 v c180/A (sky130_fd_sc_hd__xor2_2)
     1    0.008968    0.124983    0.324278    9.620265 v c180/X (sky130_fd_sc_hd__xor2_2)
                                                         net123 (net)
                      0.124983    0.000165    9.620430 v clkbuf_0_net123/A (sky130_fd_sc_hd__clkbuf_16)
     2    0.016613    0.054314    0.279981    9.900412 v clkbuf_0_net123/X (sky130_fd_sc_hd__clkbuf_16)
                                                         clknet_0_net123 (net)
                      0.054314    0.000142    9.900554 v clkbuf_1_0__f_net123/A (sky130_fd_sc_hd__clkbuf_16)
     3    0.012429    0.050617    0.240791   10.141344 v clkbuf_1_0__f_net123/X (sky130_fd_sc_hd__clkbuf_16)
                                                         clknet_1_0__leaf_net123 (net)
                      0.050617    0.000080   10.141424 v c181/A1 (sky130_fd_sc_hd__mux2_4)
     1    0.010049    0.100064    0.495728   10.637152 v c181/X (sky130_fd_sc_hd__mux2_4)
                                                         net124 (net)
                      0.100064    0.000364   10.637516 v c197/A0 (sky130_fd_sc_hd__mux4_2)
     1    0.009062    0.070282    1.013632   11.651148 v c197/X (sky130_fd_sc_hd__mux4_2)
                                                         net723 (net)
                      0.183347    0.000122   11.651270 v clkbuf_0_net723/A (sky130_fd_sc_hd__clkbuf_16)
     2    0.018266    0.055839    0.310651   11.961921 v clkbuf_0_net723/X (sky130_fd_sc_hd__clkbuf_16)
                                                         clknet_0_net723 (net)
                      0.055839    0.000330   11.962251 v clkbuf_1_0__f_net723/A (sky130_fd_sc_hd__clkbuf_16)
     1    0.016105    0.053791    0.245899   12.208151 v clkbuf_1_0__f_net723/X (sky130_fd_sc_hd__clkbuf_16)
                                                         clknet_1_0__leaf_net723 (net)
                      0.053791    0.000138   12.208288 v c308/B (sky130_fd_sc_hd__xnor2_4)
     1    0.009639    0.109960    0.229208   12.437496 v c308/Y (sky130_fd_sc_hd__xnor2_4)
                                                         net261 (net)
                      0.109960    0.000206   12.437702 v clkbuf_0_net261/A (sky130_fd_sc_hd__clkbuf_16)
     2    0.018103    0.055566    0.274317   12.712018 v clkbuf_0_net261/X (sky130_fd_sc_hd__clkbuf_16)
                                                         clknet_0_net261 (net)
                      0.055566    0.000286   12.712304 v clkbuf_1_1__f_net261/A (sky130_fd_sc_hd__clkbuf_16)
     4    0.037235    0.073677    0.270998   12.983303 v clkbuf_1_1__f_net261/X (sky130_fd_sc_hd__clkbuf_16)
                                                         clknet_1_1__leaf_net261 (net)
                      0.073678    0.000351   12.983654 v c309/B (sky130_fd_sc_hd__xor2_4)
     1    0.009120    0.105439    0.279803   13.263456 v c309/X (sky130_fd_sc_hd__xor2_4)
                                                         net262 (net)
                      0.105439    0.000160   13.263617 v clkbuf_0_net262/A (sky130_fd_sc_hd__clkbuf_16)
     2    0.018083    0.055535    0.272089   13.535706 v clkbuf_0_net262/X (sky130_fd_sc_hd__clkbuf_16)
                                                         clknet_0_net262 (net)
                      0.055535    0.000288   13.535994 v clkbuf_1_1__f_net262/A (sky130_fd_sc_hd__clkbuf_16)
     6    0.036128    0.072532    0.269629   13.805622 v clkbuf_1_1__f_net262/X (sky130_fd_sc_hd__clkbuf_16)
                                                         clknet_1_1__leaf_net262 (net)
                      0.072533    0.000401   13.806024 v c310/B1_N (sky130_fd_sc_hd__o21bai_4)
     1    0.008824    0.104227    0.318988   14.125011 v c310/Y (sky130_fd_sc_hd__o21bai_4)
                                                         net263 (net)
                      0.104227    0.000144   14.125155 v clkbuf_0_net263/A (sky130_fd_sc_hd__clkbuf_16)
     2    0.018231    0.055655    0.271686   14.396841 v clkbuf_0_net263/X (sky130_fd_sc_hd__clkbuf_16)
                                                         clknet_0_net263 (net)
                      0.055655    0.000139   14.396980 v clkbuf_1_0__f_net263/A (sky130_fd_sc_hd__clkbuf_16)
     5    0.024316    0.060878    0.255659   14.652639 v clkbuf_1_0__f_net263/X (sky130_fd_sc_hd__clkbuf_16)
                                                         clknet_1_0__leaf_net263 (net)
                      0.060878    0.000175   14.652815 v c313/B1 (sky130_fd_sc_hd__a21o_4)
     1    0.011470    0.072838    0.350287   15.003101 v c313/X (sky130_fd_sc_hd__a21o_4)
                                                         net266 (net)
                      0.072838    0.000238   15.003340 v clkbuf_0_net266/A (sky130_fd_sc_hd__clkbuf_16)
     2    0.015543    0.053310    0.253202   15.256541 v clkbuf_0_net266/X (sky130_fd_sc_hd__clkbuf_16)
                                                         clknet_0_net266 (net)
                      0.053310    0.000121   15.256662 v clkbuf_1_1__f_net266/A (sky130_fd_sc_hd__clkbuf_16)
    11    0.057517    0.091072    0.287821   15.544483 v clkbuf_1_1__f_net266/X (sky130_fd_sc_hd__clkbuf_16)
                                                         clknet_1_1__leaf_net266 (net)
                      0.091084    0.001014   15.545498 v c330/A (sky130_fd_sc_hd__xnor2_4)
     1    0.007331    0.094243    0.247400   15.792898 v c330/Y (sky130_fd_sc_hd__xnor2_4)
                                                         net284 (net)
                      0.094243    0.000068   15.792966 v clkbuf_0_net284/A (sky130_fd_sc_hd__clkbuf_16)
     2    0.017540    0.055042    0.265969   16.058933 v clkbuf_0_net284/X (sky130_fd_sc_hd__clkbuf_16)
                                                         clknet_0_net284 (net)
                      0.055042    0.000190   16.059124 v clkbuf_1_0__f_net284/A (sky130_fd_sc_hd__clkbuf_16)
     4    0.034853    0.071251    0.267804   16.326927 v clkbuf_1_0__f_net284/X (sky130_fd_sc_hd__clkbuf_16)
                                                         clknet_1_0__leaf_net284 (net)
                      0.071254    0.000542   16.327469 v c331/B (sky130_fd_sc_hd__xor2_2)
     1    0.009332    0.123906    0.286860   16.614330 v c331/X (sky130_fd_sc_hd__xor2_2)
                                                         net285 (net)
                      0.123906    0.000146   16.614475 v clkbuf_0_net285/A (sky130_fd_sc_hd__clkbuf_16)
     2    0.016424    0.054148    0.279234   16.893709 v clkbuf_0_net285/X (sky130_fd_sc_hd__clkbuf_16)
                                                         clknet_0_net285 (net)
                      0.054148    0.000147   16.893858 v clkbuf_1_0__f_net285/A (sky130_fd_sc_hd__clkbuf_16)
     4    0.030519    0.066772    0.262350   17.156208 v clkbuf_1_0__f_net285/X (sky130_fd_sc_hd__clkbuf_16)
                                                         clknet_1_0__leaf_net285 (net)
                      0.066772    0.000231   17.156439 v c332/B (sky130_fd_sc_hd__xor2_4)
     1    0.011148    0.101528    0.283570   17.440008 v c332/X (sky130_fd_sc_hd__xor2_4)
                                                         net286 (net)
                      0.101528    0.000284   17.440292 v clkbuf_0_net286/A (sky130_fd_sc_hd__clkbuf_16)
     2    0.018417    0.055805    0.270589   17.710882 v clkbuf_0_net286/X (sky130_fd_sc_hd__clkbuf_16)
                                                         clknet_0_net286 (net)
                      0.055805    0.000238   17.711121 v clkbuf_1_0__f_net286/A (sky130_fd_sc_hd__clkbuf_16)
     3    0.013788    0.051799    0.243102   17.954222 v clkbuf_1_0__f_net286/X (sky130_fd_sc_hd__clkbuf_16)
                                                         clknet_1_0__leaf_net286 (net)
                      0.051799    0.000165   17.954388 v c333/A2 (sky130_fd_sc_hd__a31o_4)
     1    0.012190    0.077404    0.422093   18.376480 v c333/X (sky130_fd_sc_hd__a31o_4)
                                                         net287 (net)
                      0.077404    0.000371   18.376850 v clkbuf_0_net287/A (sky130_fd_sc_hd__clkbuf_16)
     2    0.019064    0.056321    0.259515   18.636366 v clkbuf_0_net287/X (sky130_fd_sc_hd__clkbuf_16)
                                                         clknet_0_net287 (net)
                      0.056321    0.000332   18.636698 v clkbuf_1_0__f_net287/A (sky130_fd_sc_hd__clkbuf_16)
     5    0.033062    0.069305    0.266416   18.903114 v clkbuf_1_0__f_net287/X (sky130_fd_sc_hd__clkbuf_16)
                                                         clknet_1_0__leaf_net287 (net)
                      0.069305    0.000135   18.903250 v c335/A1 (sky130_fd_sc_hd__o21ba_4)
     1    0.017469    0.088957    0.425150   19.328400 v c335/X (sky130_fd_sc_hd__o21ba_4)
                                                         net289 (net)
                      0.088964    0.000867   19.329266 v clkbuf_0_net289/A (sky130_fd_sc_hd__clkbuf_16)
     2    0.016845    0.054442    0.262535   19.591801 v clkbuf_0_net289/X (sky130_fd_sc_hd__clkbuf_16)
                                                         clknet_0_net289 (net)
                      0.054442    0.000178   19.591978 v clkbuf_1_0__f_net289/A (sky130_fd_sc_hd__clkbuf_16)
     6    0.036531    0.073106    0.269173   19.861151 v clkbuf_1_0__f_net289/X (sky130_fd_sc_hd__clkbuf_16)
                                                         clknet_1_0__leaf_net289 (net)
                      0.073134    0.001346   19.862497 v c463/A0 (sky130_fd_sc_hd__mux2_4)
     1    0.007287    0.093625    0.509177   20.371675 v c463/X (sky130_fd_sc_hd__mux2_4)
                                                         net402 (net)
                      0.093625    0.000034   20.371708 v clkbuf_0_net402/A (sky130_fd_sc_hd__clkbuf_16)
     2    0.016073    0.053791    0.263913   20.635622 v clkbuf_0_net402/X (sky130_fd_sc_hd__clkbuf_16)
                                                         clknet_0_net402 (net)
                      0.053791    0.000153   20.635775 v clkbuf_1_0__f_net402/A (sky130_fd_sc_hd__clkbuf_16)
     1    0.008985    0.047282    0.236154   20.871929 v clkbuf_1_0__f_net402/X (sky130_fd_sc_hd__clkbuf_16)
                                                         clknet_1_0__leaf_net402 (net)
                      0.047282    0.000105   20.872034 v c465/B (sky130_fd_sc_hd__xnor2_2)
     1    0.007364    0.118459    0.241684   21.113718 v c465/Y (sky130_fd_sc_hd__xnor2_2)
                                                         net404 (net)
                      0.118459    0.000066   21.113783 v clkbuf_0_net404/A (sky130_fd_sc_hd__clkbuf_16)
     2    0.017061    0.054678    0.277321   21.391104 v clkbuf_0_net404/X (sky130_fd_sc_hd__clkbuf_16)
                                                         clknet_0_net404 (net)
                      0.054678    0.000105   21.391209 v clkbuf_1_0__f_net404/A (sky130_fd_sc_hd__clkbuf_16)
     1    0.005236    0.043306    0.230376   21.621586 v clkbuf_1_0__f_net404/X (sky130_fd_sc_hd__clkbuf_16)
                                                         clknet_1_0__leaf_net404 (net)
                      0.043306    0.000046   21.621632 v c466/A (sky130_fd_sc_hd__xnor2_1)
     1    0.012660    0.506802    0.473008   22.094639 ^ c466/Y (sky130_fd_sc_hd__xnor2_1)
                                                         net405 (net)
                      0.506802    0.000384   22.095024 ^ clkbuf_0_net405/A (sky130_fd_sc_hd__clkbuf_16)
     2    0.016828    0.069282    0.402620   22.497644 ^ clkbuf_0_net405/X (sky130_fd_sc_hd__clkbuf_16)
                                                         clknet_0_net405 (net)
                      0.069282    0.000160   22.497803 ^ clkbuf_1_0__f_net405/A (sky130_fd_sc_hd__clkbuf_16)
     4    0.022910    0.071079    0.225372   22.723175 ^ clkbuf_1_0__f_net405/X (sky130_fd_sc_hd__clkbuf_16)
                                                         clknet_1_0__leaf_net405 (net)
                      0.071080    0.000428   22.723602 ^ c468/A (sky130_fd_sc_hd__xnor2_1)
     1    0.010680    0.441344    0.285491   23.009094 ^ c468/Y (sky130_fd_sc_hd__xnor2_1)
                                                         net407 (net)
                      0.441344    0.000192   23.009285 ^ clkbuf_0_net407/A (sky130_fd_sc_hd__clkbuf_16)
     2    0.017594    0.068865    0.377179   23.386465 ^ clkbuf_0_net407/X (sky130_fd_sc_hd__clkbuf_16)
                                                         clknet_0_net407 (net)
                      0.068865    0.000066   23.386530 ^ clkbuf_1_1__f_net407/A (sky130_fd_sc_hd__clkbuf_16)
     1    0.004746    0.047449    0.197112   23.583643 ^ clkbuf_1_1__f_net407/X (sky130_fd_sc_hd__clkbuf_16)
                                                         clknet_1_1__leaf_net407 (net)
                      0.047450    0.000092   23.583735 ^ c471/B1_N (sky130_fd_sc_hd__a21boi_0)
     1    0.010965    0.681934    0.614181   24.197916 ^ c471/Y (sky130_fd_sc_hd__a21boi_0)
                                                         net410 (net)
                      0.681934    0.000245   24.198160 ^ clkbuf_0_net410/A (sky130_fd_sc_hd__clkbuf_16)
     2    0.017611    0.074160    0.467299   24.665461 ^ clkbuf_0_net410/X (sky130_fd_sc_hd__clkbuf_16)
                                                         clknet_0_net410 (net)
                      0.074160    0.000224   24.665684 ^ clkbuf_1_0__f_net410/A (sky130_fd_sc_hd__clkbuf_16)
     4    0.024894    0.073598    0.230338   24.896023 ^ clkbuf_1_0__f_net410/X (sky130_fd_sc_hd__clkbuf_16)
                                                         clknet_1_0__leaf_net410 (net)
                      0.073604    0.000608   24.896629 ^ c483/S0 (sky130_fd_sc_hd__mux4_2)
     1    0.008466    0.181945    1.137915   26.034544 v c483/X (sky130_fd_sc_hd__mux4_2)
                                                         net421 (net)
                      0.181945    0.000135   26.034679 v clkbuf_0_net421/A (sky130_fd_sc_hd__clkbuf_16)
     2    0.015886    0.053796    0.307166   26.341845 v clkbuf_0_net421/X (sky130_fd_sc_hd__clkbuf_16)
                                                         clknet_0_net421 (net)
                      0.053796    0.000146   26.341991 v clkbuf_1_1__f_net421/A (sky130_fd_sc_hd__clkbuf_16)
     1    0.009684    0.048218    0.237240   26.579229 v clkbuf_1_1__f_net421/X (sky130_fd_sc_hd__clkbuf_16)
                                                         clknet_1_1__leaf_net421 (net)
                      0.048218    0.000151   26.579382 v merge768/A1 (sky130_fd_sc_hd__a41oi_4)
     1    0.003958    0.205238    0.191594   26.770975 ^ merge768/Y (sky130_fd_sc_hd__a41oi_4)
                                                         net670 (net)
                      0.205238    0.000057   26.771032 ^ merge829/RESET_B (sky130_fd_sc_hd__dlrtp_1)
                                             26.771032   data arrival time

                                  4.000000    4.000000   clock clk (fall edge)
                                  0.000000    4.000000   clock source latency
     2    0.033403    0.145959    0.103590    4.103590 v clk (in)
                                                         clk (net)
                      0.145999    0.000000    4.103590 v clkbuf_0_clk/A (sky130_fd_sc_hd__clkbuf_16)
    33    0.176993    0.202699    0.426360    4.529951 v clkbuf_0_clk/X (sky130_fd_sc_hd__clkbuf_16)
                                                         clknet_0_clk (net)
                      0.202769    0.003538    4.533488 v clkbuf_4_12_0_clk/A (sky130_fd_sc_hd__clkbuf_8)
    17    0.045736    0.107358    0.362089    4.895577 v clkbuf_4_12_0_clk/X (sky130_fd_sc_hd__clkbuf_8)
                                                         clknet_4_12_0_clk (net)
                      0.107358    0.000306    4.895883 v merge829/GATE (sky130_fd_sc_hd__dlrtp_1)
                                 -0.250000    4.645883   clock uncertainty
                                  0.000000    4.645883   clock reconvergence pessimism
                                  0.053123    4.699006   library recovery time
                                              4.699006   data required time
---------------------------------------------------------------------------------------------
                                              4.699006   data required time
                                            -26.771032   data arrival time
---------------------------------------------------------------------------------------------
                                            -22.072027   slack (VIOLATED)


Startpoint: in21 (input port clocked by clk)
Endpoint: merge821 (positive level-sensitive latch clocked by clk)
Path Group: clk
Path Type: max

Fanout         Cap        Slew       Delay        Time   Description
---------------------------------------------------------------------------------------------
                                  0.000000    0.000000   clock clk (rise edge)
                                  0.000000    0.000000   clock network delay (propagated)
                                  1.600000    1.600000 v input external delay
     2    0.003799    0.022341    0.012354    1.612354 v in21 (in)
                                                         in21 (net)
                      0.022341    0.000000    1.612354 v input15/A (sky130_fd_sc_hd__clkbuf_2)
     1    0.009100    0.079354    0.189109    1.801463 v input15/X (sky130_fd_sc_hd__clkbuf_2)
                                                         net838 (net)
                      0.079354    0.000095    1.801558 v c132/A1 (sky130_fd_sc_hd__o21bai_4)
     2    0.021590    0.292500    0.336175    2.137733 ^ c132/Y (sky130_fd_sc_hd__o21bai_4)
                                                         net73 (net)
                      0.292500    0.000278    2.138011 ^ c133/B (sky130_fd_sc_hd__xor2_4)
     4    0.018695    0.283729    0.401231    2.539242 ^ c133/X (sky130_fd_sc_hd__xor2_4)
                                                         net74 (net)
                      0.283729    0.000154    2.539396 ^ fanout108/A (sky130_fd_sc_hd__buf_8)
     6    0.039387    0.117477    0.302834    2.842230 ^ fanout108/X (sky130_fd_sc_hd__buf_8)
                                                         net931 (net)
                      0.117477    0.000078    2.842307 ^ c135/B1_N (sky130_fd_sc_hd__a21bo_4)
     5    0.028223    0.111318    0.496211    3.338519 v c135/X (sky130_fd_sc_hd__a21bo_4)
                                                         net76 (net)
                      0.111318    0.000453    3.338971 v c136/A1 (sky130_fd_sc_hd__a21boi_4)
     5    0.023827    0.328003    0.366872    3.705844 ^ c136/Y (sky130_fd_sc_hd__a21boi_4)
                                                         net77 (net)
                      0.328003    0.000234    3.706078 ^ c137/A2 (sky130_fd_sc_hd__a31oi_4)
     3    0.010140    0.155045    0.273404    3.979482 v c137/Y (sky130_fd_sc_hd__a31oi_4)
                                                         net78 (net)
                      0.155045    0.000146    3.979627 v c139/A1 (sky130_fd_sc_hd__a41o_1)
     2    0.008312    0.113728    0.410500    4.390128 v c139/X (sky130_fd_sc_hd__a41o_1)
                                                         net80 (net)
                      0.113728    0.000043    4.390171 v c141/A1 (sky130_fd_sc_hd__mux4_2)
     6    0.025586    0.266468    1.203260    5.593431 v c141/X (sky130_fd_sc_hd__mux4_2)
                                                         net82 (net)
                      0.266468    0.000544    5.593975 v c142/S1 (sky130_fd_sc_hd__mux4_2)
     4    0.020631    0.225558    0.655112    6.249087 ^ c142/X (sky130_fd_sc_hd__mux4_2)
                                                         net83 (net)
                      0.225558    0.000168    6.249255 ^ c143/A1 (sky130_fd_sc_hd__a41oi_4)
     6    0.015610    0.246750    0.302550    6.551804 v c143/Y (sky130_fd_sc_hd__a41oi_4)
                                                         net84 (net)
                      0.246750    0.000136    6.551940 v c144/A3 (sky130_fd_sc_hd__mux4_2)
     5    0.024067    0.259579    1.285358    7.837298 v c144/X (sky130_fd_sc_hd__mux4_2)
                                                         net85 (net)
                      0.259579    0.000326    7.837624 v max_cap96/A (sky130_fd_sc_hd__buf_12)
     6    0.065050    0.081104    0.354379    8.192003 v max_cap96/X (sky130_fd_sc_hd__buf_12)
                                                         net919 (net)
                      0.081275    0.002824    8.194827 v c176/B (sky130_fd_sc_hd__xnor2_4)
     3    0.025026    0.169996    0.295477    8.490304 v c176/Y (sky130_fd_sc_hd__xnor2_4)
                                                         net119 (net)
                      0.169996    0.000262    8.490566 v c177/B (sky130_fd_sc_hd__xnor2_4)
     1    0.010152    0.106104    0.283760    8.774325 v c177/Y (sky130_fd_sc_hd__xnor2_4)
                                                         net120 (net)
                      0.106104    0.000220    8.774546 v clkbuf_0_net120/A (sky130_fd_sc_hd__clkbuf_16)
     2    0.018151    0.055594    0.272496    9.047042 v clkbuf_0_net120/X (sky130_fd_sc_hd__clkbuf_16)
                                                         clknet_0_net120 (net)
                      0.055594    0.000338    9.047379 v clkbuf_1_0__f_net120/A (sky130_fd_sc_hd__clkbuf_16)
     3    0.018246    0.055637    0.248312    9.295691 v clkbuf_1_0__f_net120/X (sky130_fd_sc_hd__clkbuf_16)
                                                         clknet_1_0__leaf_net120 (net)
                      0.055637    0.000295    9.295986 v c180/A (sky130_fd_sc_hd__xor2_2)
     1    0.008968    0.124983    0.324278    9.620265 v c180/X (sky130_fd_sc_hd__xor2_2)
                                                         net123 (net)
                      0.124983    0.000165    9.620430 v clkbuf_0_net123/A (sky130_fd_sc_hd__clkbuf_16)
     2    0.016613    0.054314    0.279981    9.900412 v clkbuf_0_net123/X (sky130_fd_sc_hd__clkbuf_16)
                                                         clknet_0_net123 (net)
                      0.054314    0.000142    9.900554 v clkbuf_1_0__f_net123/A (sky130_fd_sc_hd__clkbuf_16)
     3    0.012429    0.050617    0.240791   10.141344 v clkbuf_1_0__f_net123/X (sky130_fd_sc_hd__clkbuf_16)
                                                         clknet_1_0__leaf_net123 (net)
                      0.050617    0.000080   10.141424 v c181/A1 (sky130_fd_sc_hd__mux2_4)
     1    0.010049    0.100064    0.495728   10.637152 v c181/X (sky130_fd_sc_hd__mux2_4)
                                                         net124 (net)
                      0.100064    0.000364   10.637516 v c197/A0 (sky130_fd_sc_hd__mux4_2)
     1    0.009062    0.070282    1.013632   11.651148 v c197/X (sky130_fd_sc_hd__mux4_2)
                                                         net723 (net)
                      0.183347    0.000122   11.651270 v clkbuf_0_net723/A (sky130_fd_sc_hd__clkbuf_16)
     2    0.018266    0.055839    0.310651   11.961921 v clkbuf_0_net723/X (sky130_fd_sc_hd__clkbuf_16)
                                                         clknet_0_net723 (net)
                      0.055839    0.000330   11.962251 v clkbuf_1_0__f_net723/A (sky130_fd_sc_hd__clkbuf_16)
     1    0.016105    0.053791    0.245899   12.208151 v clkbuf_1_0__f_net723/X (sky130_fd_sc_hd__clkbuf_16)
                                                         clknet_1_0__leaf_net723 (net)
                      0.053791    0.000138   12.208288 v c308/B (sky130_fd_sc_hd__xnor2_4)
     1    0.009639    0.109960    0.229208   12.437496 v c308/Y (sky130_fd_sc_hd__xnor2_4)
                                                         net261 (net)
                      0.109960    0.000206   12.437702 v clkbuf_0_net261/A (sky130_fd_sc_hd__clkbuf_16)
     2    0.018103    0.055566    0.274317   12.712018 v clkbuf_0_net261/X (sky130_fd_sc_hd__clkbuf_16)
                                                         clknet_0_net261 (net)
                      0.055566    0.000286   12.712304 v clkbuf_1_1__f_net261/A (sky130_fd_sc_hd__clkbuf_16)
     4    0.037235    0.073677    0.270998   12.983303 v clkbuf_1_1__f_net261/X (sky130_fd_sc_hd__clkbuf_16)
                                                         clknet_1_1__leaf_net261 (net)
                      0.073678    0.000351   12.983654 v c309/B (sky130_fd_sc_hd__xor2_4)
     1    0.009120    0.105439    0.279803   13.263456 v c309/X (sky130_fd_sc_hd__xor2_4)
                                                         net262 (net)
                      0.105439    0.000160   13.263617 v clkbuf_0_net262/A (sky130_fd_sc_hd__clkbuf_16)
     2    0.018083    0.055535    0.272089   13.535706 v clkbuf_0_net262/X (sky130_fd_sc_hd__clkbuf_16)
                                                         clknet_0_net262 (net)
                      0.055535    0.000288   13.535994 v clkbuf_1_1__f_net262/A (sky130_fd_sc_hd__clkbuf_16)
     6    0.036128    0.072532    0.269629   13.805622 v clkbuf_1_1__f_net262/X (sky130_fd_sc_hd__clkbuf_16)
                                                         clknet_1_1__leaf_net262 (net)
                      0.072533    0.000401   13.806024 v c310/B1_N (sky130_fd_sc_hd__o21bai_4)
     1    0.008824    0.104227    0.318988   14.125011 v c310/Y (sky130_fd_sc_hd__o21bai_4)
                                                         net263 (net)
                      0.104227    0.000144   14.125155 v clkbuf_0_net263/A (sky130_fd_sc_hd__clkbuf_16)
     2    0.018231    0.055655    0.271686   14.396841 v clkbuf_0_net263/X (sky130_fd_sc_hd__clkbuf_16)
                                                         clknet_0_net263 (net)
                      0.055655    0.000139   14.396980 v clkbuf_1_0__f_net263/A (sky130_fd_sc_hd__clkbuf_16)
     5    0.024316    0.060878    0.255659   14.652639 v clkbuf_1_0__f_net263/X (sky130_fd_sc_hd__clkbuf_16)
                                                         clknet_1_0__leaf_net263 (net)
                      0.060878    0.000175   14.652815 v c313/B1 (sky130_fd_sc_hd__a21o_4)
     1    0.011470    0.072838    0.350287   15.003101 v c313/X (sky130_fd_sc_hd__a21o_4)
                                                         net266 (net)
                      0.072838    0.000238   15.003340 v clkbuf_0_net266/A (sky130_fd_sc_hd__clkbuf_16)
     2    0.015543    0.053310    0.253202   15.256541 v clkbuf_0_net266/X (sky130_fd_sc_hd__clkbuf_16)
                                                         clknet_0_net266 (net)
                      0.053310    0.000121   15.256662 v clkbuf_1_1__f_net266/A (sky130_fd_sc_hd__clkbuf_16)
    11    0.057517    0.091072    0.287821   15.544483 v clkbuf_1_1__f_net266/X (sky130_fd_sc_hd__clkbuf_16)
                                                         clknet_1_1__leaf_net266 (net)
                      0.091084    0.001014   15.545498 v c330/A (sky130_fd_sc_hd__xnor2_4)
     1    0.007331    0.094243    0.247400   15.792898 v c330/Y (sky130_fd_sc_hd__xnor2_4)
                                                         net284 (net)
                      0.094243    0.000068   15.792966 v clkbuf_0_net284/A (sky130_fd_sc_hd__clkbuf_16)
     2    0.017540    0.055042    0.265969   16.058933 v clkbuf_0_net284/X (sky130_fd_sc_hd__clkbuf_16)
                                                         clknet_0_net284 (net)
                      0.055042    0.000190   16.059124 v clkbuf_1_0__f_net284/A (sky130_fd_sc_hd__clkbuf_16)
     4    0.034853    0.071251    0.267804   16.326927 v clkbuf_1_0__f_net284/X (sky130_fd_sc_hd__clkbuf_16)
                                                         clknet_1_0__leaf_net284 (net)
                      0.071254    0.000542   16.327469 v c331/B (sky130_fd_sc_hd__xor2_2)
     1    0.009332    0.123906    0.286860   16.614330 v c331/X (sky130_fd_sc_hd__xor2_2)
                                                         net285 (net)
                      0.123906    0.000146   16.614475 v clkbuf_0_net285/A (sky130_fd_sc_hd__clkbuf_16)
     2    0.016424    0.054148    0.279234   16.893709 v clkbuf_0_net285/X (sky130_fd_sc_hd__clkbuf_16)
                                                         clknet_0_net285 (net)
                      0.054148    0.000147   16.893858 v clkbuf_1_0__f_net285/A (sky130_fd_sc_hd__clkbuf_16)
     4    0.030519    0.066772    0.262350   17.156208 v clkbuf_1_0__f_net285/X (sky130_fd_sc_hd__clkbuf_16)
                                                         clknet_1_0__leaf_net285 (net)
                      0.066772    0.000231   17.156439 v c332/B (sky130_fd_sc_hd__xor2_4)
     1    0.011148    0.101528    0.283570   17.440008 v c332/X (sky130_fd_sc_hd__xor2_4)
                                                         net286 (net)
                      0.101528    0.000284   17.440292 v clkbuf_0_net286/A (sky130_fd_sc_hd__clkbuf_16)
     2    0.018417    0.055805    0.270589   17.710882 v clkbuf_0_net286/X (sky130_fd_sc_hd__clkbuf_16)
                                                         clknet_0_net286 (net)
                      0.055805    0.000238   17.711121 v clkbuf_1_0__f_net286/A (sky130_fd_sc_hd__clkbuf_16)
     3    0.013788    0.051799    0.243102   17.954222 v clkbuf_1_0__f_net286/X (sky130_fd_sc_hd__clkbuf_16)
                                                         clknet_1_0__leaf_net286 (net)
                      0.051799    0.000165   17.954388 v c333/A2 (sky130_fd_sc_hd__a31o_4)
     1    0.012190    0.077404    0.422093   18.376480 v c333/X (sky130_fd_sc_hd__a31o_4)
                                                         net287 (net)
                      0.077404    0.000371   18.376850 v clkbuf_0_net287/A (sky130_fd_sc_hd__clkbuf_16)
     2    0.019064    0.056321    0.259515   18.636366 v clkbuf_0_net287/X (sky130_fd_sc_hd__clkbuf_16)
                                                         clknet_0_net287 (net)
                      0.056321    0.000156   18.636522 v clkbuf_1_1__f_net287/A (sky130_fd_sc_hd__clkbuf_16)
     4    0.022798    0.059551    0.254035   18.890556 v clkbuf_1_1__f_net287/X (sky130_fd_sc_hd__clkbuf_16)
                                                         clknet_1_1__leaf_net287 (net)
                      0.059551    0.000510   18.891068 v c340/A2 (sky130_fd_sc_hd__a21oi_4)
     1    0.008772    0.180625    0.247663   19.138731 ^ c340/Y (sky130_fd_sc_hd__a21oi_4)
                                                         net294 (net)
                      0.180625    0.000092   19.138823 ^ clkbuf_0_net294/A (sky130_fd_sc_hd__clkbuf_16)
     2    0.019708    0.067057    0.271974   19.410797 ^ clkbuf_0_net294/X (sky130_fd_sc_hd__clkbuf_16)
                                                         clknet_0_net294 (net)
                      0.067057    0.000204   19.411001 ^ clkbuf_1_1__f_net294/A (sky130_fd_sc_hd__clkbuf_16)
     6    0.055556    0.114539    0.265732   19.676733 ^ clkbuf_1_1__f_net294/X (sky130_fd_sc_hd__clkbuf_16)
                                                         clknet_1_1__leaf_net294 (net)
                      0.114539    0.000286   19.677019 ^ c356/S (sky130_fd_sc_hd__mux2_4)
     1    0.013194    0.106897    0.608122   20.285141 v c356/X (sky130_fd_sc_hd__mux2_4)
                                                         net310 (net)
                      0.106897    0.000490   20.285631 v clkbuf_0_net310/A (sky130_fd_sc_hd__clkbuf_16)
     2    0.019943    0.057125    0.275003   20.560635 v clkbuf_0_net310/X (sky130_fd_sc_hd__clkbuf_16)
                                                         clknet_0_net310 (net)
                      0.057125    0.000389   20.561024 v clkbuf_1_0__f_net310/A (sky130_fd_sc_hd__clkbuf_16)
    31    0.129261    0.157367    0.346128   20.907152 v clkbuf_1_0__f_net310/X (sky130_fd_sc_hd__clkbuf_16)
                                                         clknet_1_0__leaf_net310 (net)
                      0.157367    0.000774   20.907927 v c488/A (sky130_fd_sc_hd__xnor2_4)
     1    0.016598    0.133605    0.313676   21.221603 v c488/Y (sky130_fd_sc_hd__xnor2_4)
                                                         net900 (net)
                      0.133607    0.000787   21.222389 v clkbuf_0_net900/A (sky130_fd_sc_hd__clkbuf_16)
     2    0.018386    0.055847    0.286310   21.508699 v clkbuf_0_net900/X (sky130_fd_sc_hd__clkbuf_16)
                                                         clknet_0_net900 (net)
                      0.055847    0.000293   21.508993 v clkbuf_1_1__f_net900/A (sky130_fd_sc_hd__clkbuf_16)
     6    0.031641    0.067910    0.264434   21.773426 v clkbuf_1_1__f_net900/X (sky130_fd_sc_hd__clkbuf_16)
                                                         clknet_1_1__leaf_net900 (net)
                      0.067912    0.000478   21.773905 v c489/B1_N (sky130_fd_sc_hd__o21ba_4)
     1    0.015105    0.111689    0.441135   22.215040 ^ c489/X (sky130_fd_sc_hd__o21ba_4)
                                                         net426 (net)
                      0.111691    0.000636   22.215675 ^ clkbuf_0_net426/A (sky130_fd_sc_hd__clkbuf_16)
     2    0.021507    0.069324    0.242766   22.458441 ^ clkbuf_0_net426/X (sky130_fd_sc_hd__clkbuf_16)
                                                         clknet_0_net426 (net)
                      0.069325    0.000457   22.458899 ^ clkbuf_1_0__f_net426/A (sky130_fd_sc_hd__clkbuf_16)
     6    0.031042    0.081825    0.237009   22.695906 ^ clkbuf_1_0__f_net426/X (sky130_fd_sc_hd__clkbuf_16)
                                                         clknet_1_0__leaf_net426 (net)
                      0.081825    0.000204   22.696110 ^ c499/A2 (sky130_fd_sc_hd__o21ai_2)
     1    0.015030    0.155435    0.168560   22.864672 v c499/Y (sky130_fd_sc_hd__o21ai_2)
                                                         net896 (net)
                      0.155435    0.000536   22.865208 v clkbuf_0_net896/A (sky130_fd_sc_hd__clkbuf_16)
     2    0.015216    0.053174    0.293321   23.158527 v clkbuf_0_net896/X (sky130_fd_sc_hd__clkbuf_16)
                                                         clknet_0_net896 (net)
                      0.053174    0.000142   23.158670 v clkbuf_1_1__f_net896/A (sky130_fd_sc_hd__clkbuf_16)
     4    0.025665    0.062122    0.256049   23.414721 v clkbuf_1_1__f_net896/X (sky130_fd_sc_hd__clkbuf_16)
                                                         clknet_1_1__leaf_net896 (net)
                      0.062122    0.000236   23.414955 v c505/A3 (sky130_fd_sc_hd__mux4_4)
     1    0.011025    0.242595    1.412991   24.827946 v c505/X (sky130_fd_sc_hd__mux4_4)
                                                         net897 (net)
                      0.242595    0.000247   24.828194 v clkbuf_0_net897/A (sky130_fd_sc_hd__clkbuf_16)
     2    0.018885    0.056634    0.340304   25.168497 v clkbuf_0_net897/X (sky130_fd_sc_hd__clkbuf_16)
                                                         clknet_0_net897 (net)
                      0.056634    0.000156   25.168653 v clkbuf_1_0__f_net897/A (sky130_fd_sc_hd__clkbuf_16)
     2    0.025041    0.061547    0.256899   25.425552 v clkbuf_1_0__f_net897/X (sky130_fd_sc_hd__clkbuf_16)
                                                         clknet_1_0__leaf_net897 (net)
                      0.061549    0.000410   25.425962 v c616/A (sky130_fd_sc_hd__xnor2_4)
     1    0.012664    0.239577    0.292451   25.718412 ^ c616/Y (sky130_fd_sc_hd__xnor2_4)
                                                         net535 (net)
                      0.239577    0.000295   25.718708 ^ clkbuf_0_net535/A (sky130_fd_sc_hd__clkbuf_16)
     2    0.021512    0.069623    0.300730   26.019438 ^ clkbuf_0_net535/X (sky130_fd_sc_hd__clkbuf_16)
                                                         clknet_0_net535 (net)
                      0.069623    0.000403   26.019842 ^ clkbuf_1_1__f_net535/A (sky130_fd_sc_hd__clkbuf_16)
     5    0.023867    0.072279    0.226937   26.246778 ^ clkbuf_1_1__f_net535/X (sky130_fd_sc_hd__clkbuf_16)
                                                         clknet_1_1__leaf_net535 (net)
                      0.072279    0.000192   26.246969 ^ c636/S0 (sky130_fd_sc_hd__mux4_1)
     1    0.003095    0.160565    1.213468   27.460438 v c636/X (sky130_fd_sc_hd__mux4_1)
                                                         net555 (net)
                      0.160565    0.000044   27.460484 v merge821/D (sky130_fd_sc_hd__dlrbp_1)
                                             27.460484   data arrival time

                                  0.000000    0.000000   clock clk (rise edge)
                                  0.000000    0.000000   clock source latency
     2    0.034341    0.250312    0.173965    0.173965 ^ clk (in)
                                                         clk (net)
                      0.250337    0.000000    0.173965 ^ clkbuf_0_clk/A (sky130_fd_sc_hd__clkbuf_16)
    33    0.184773    0.292796    0.487145    0.661111 ^ clkbuf_0_clk/X (sky130_fd_sc_hd__clkbuf_16)
                                                         clknet_0_clk (net)
                      0.292884    0.004843    0.665954 ^ clkbuf_4_15_0_clk/A (sky130_fd_sc_hd__clkbuf_8)
    15    0.040024    0.130971    0.377548    1.043501 ^ clkbuf_4_15_0_clk/X (sky130_fd_sc_hd__clkbuf_8)
                                                         clknet_4_15_0_clk (net)
                      0.130971    0.000069    1.043570 ^ merge821/GATE (sky130_fd_sc_hd__dlrbp_1)
                                 -0.250000    0.793570   clock uncertainty
                                  0.000000    0.793570   clock reconvergence pessimism
                                  3.739494    4.533064   time borrowed from endpoint
                                              4.533064   data required time
---------------------------------------------------------------------------------------------
                                              4.533064   data required time
                                            -27.460484   data arrival time
---------------------------------------------------------------------------------------------
                                            -22.927420   slack (VIOLATED)

Time Borrowing Information
------------------------------------------------
clk nominal pulse width                 4.000000
clock latency difference               -0.156026
library setup time                     -0.104481
------------------------------------------------
max time borrow                         3.739494
------------------------------------------------
actual time borrow                      3.739494
open edge uncertainty                  -0.250000
------------------------------------------------
time given to startpoint                3.489494
------------------------------------------------




===========================================================================
 report_check_types -max_slew -max_cap -max_fanout -violators
============================================================================
======================= min_ss_100C_1v60 Corner ===================================

max fanout

Pin                                   Limit Fanout  Slack
---------------------------------------------------------
clkbuf_0_clk/X                           10     33    -23 (VIOLATED)
clkbuf_1_0__f_net310/X                   10     31    -21 (VIOLATED)
clkbuf_4_7_0_clk/X                       10     27    -17 (VIOLATED)
clkbuf_4_2_0_clk/X                       10     25    -15 (VIOLATED)
clkbuf_4_4_0_clk/X                       10     25    -15 (VIOLATED)
clkbuf_1_1__f_net310/X                   10     23    -13 (VIOLATED)
clkbuf_4_13_0_clk/X                      10     23    -13 (VIOLATED)
c186/X                                   10     21    -11 (VIOLATED)
c221/X                                   10     21    -11 (VIOLATED)
clkbuf_4_11_0_clk/X                      10     21    -11 (VIOLATED)
fanout102/X                              10     21    -11 (VIOLATED)
fanout106/X                              10     21    -11 (VIOLATED)
fanout88/X                               10     21    -11 (VIOLATED)
clkbuf_4_10_0_clk/X                      10     19     -9 (VIOLATED)
clkbuf_4_3_0_clk/X                       10     19     -9 (VIOLATED)
clkbuf_4_5_0_clk/X                       10     19     -9 (VIOLATED)
clkbuf_4_6_0_clk/X                       10     19     -9 (VIOLATED)
c533/Q                                   10     17     -7 (VIOLATED)
c574/X                                   10     17     -7 (VIOLATED)
c578/X                                   10     17     -7 (VIOLATED)
clkbuf_4_12_0_clk/X                      10     17     -7 (VIOLATED)
clkbuf_4_1_0_clk/X                       10     17     -7 (VIOLATED)
c66/X                                    10     15     -5 (VIOLATED)
clkbuf_4_0_0_clk/X                       10     15     -5 (VIOLATED)
clkbuf_4_15_0_clk/X                      10     15     -5 (VIOLATED)
c529/Y                                   10     11        (VIOLATED)
clkbuf_1_1__f_net266/X                   10     11        (VIOLATED)



===========================================================================
report_parasitic_annotation -report_unannotated
============================================================================
Found 3 unannotated drivers.
 rst
 c764/X
 s871/Q_N
Found 0 partially unannotated drivers.

===========================================================================
max slew violation count 0
max fanout violation count 27
max cap violation count 0
============================================================================

===========================================================================
check_setup -verbose -unconstrained_endpoints -multiple_clock -no_clock -no_input_delay -loops -generated_clocks
===========================================================================
Warning: There are 46 unconstrained endpoints.
  out1
  out10
  out12
  out13
  out15
  out19
  out20
  out21
  out23
  out24
  out26
  out27
  out28
  out29
  out3
  out31
  out32
  out33
  out35
  out36
  out37
  out39
  out41
  out42
  out45
  out46
  out48
  out49
  out5
  out50
  out51
  out53
  out54
  out55
  out57
  out58
  out6
  out60
  out7
  out8
  c582/SCE
  merge781/SCD
  merge789/SCE
  merge795/SCD
  merge807/D
  merge810/D
Warning: There is 1 combinational loop in the design.
  c197/X
  clkbuf_0_net723/A
  clkbuf_0_net723/X
  clkbuf_1_1__f_net723/A
  clkbuf_1_1__f_net723/X
  c196/S0
  c196/X
  c197/A1
  | loop cut point
  c197/X
  --------------------------------
