
===========================================================================
report_checks -unconstrained
===========================================================================
======================= nom_tt_025C_1v80 Corner ===================================

Startpoint: merge913 (positive level-sensitive latch clocked by clk)
Endpoint: merge907 (recovery check against falling-edge clock clk)
Path Group: asynchronous
Path Type: max

Fanout         Cap        Slew       Delay        Time   Description
---------------------------------------------------------------------------------------------
                                  0.000000    0.000000   clock clk (rise edge)
                                  0.000000    0.000000   clock source latency
     1    0.007894    0.043275    0.027159    0.027159 ^ clk (in)
                                                         clk (net)
                      0.043275    0.000000    0.027159 ^ clkbuf_0_clk/A (sky130_fd_sc_hd__clkbuf_16)
    16    0.066512    0.086709    0.161326    0.188485 ^ clkbuf_0_clk/X (sky130_fd_sc_hd__clkbuf_16)
                                                         clknet_0_clk (net)
                      0.086709    0.000000    0.188485 ^ clkbuf_4_0_0_clk/A (sky130_fd_sc_hd__clkbuf_8)
     5    0.009210    0.036293    0.131282    0.319767 ^ clkbuf_4_0_0_clk/X (sky130_fd_sc_hd__clkbuf_8)
                                                         clknet_4_0_0_clk (net)
                      0.036293    0.000000    0.319767 ^ merge913/GATE (sky130_fd_sc_hd__dlrtp_4)
                                  3.496584    3.816351   time given to startpoint
                      0.053307    0.000000    3.816351 ^ merge913/D (sky130_fd_sc_hd__dlrtp_4)
     8    0.052250    0.160564    0.494931    4.311282 ^ merge913/Q (sky130_fd_sc_hd__dlrtp_4)
                                                         net781 (net)
                      0.160570    0.001230    4.312511 ^ c290/A (sky130_fd_sc_hd__inv_6)
     3    0.014521    0.039237    0.047583    4.360094 v c290/Y (sky130_fd_sc_hd__inv_6)
                                                         net225 (net)
                      0.039237    0.000034    4.360128 v hold45/A (sky130_fd_sc_hd__dlygate4sd3_1)
     2    0.011613    0.093384    0.599762    4.959890 v hold45/X (sky130_fd_sc_hd__dlygate4sd3_1)
                                                         net1022 (net)
                      0.093384    0.000114    4.960004 v c342/A2 (sky130_fd_sc_hd__o21ai_4)
    10    0.049283    0.369004    0.335309    5.295314 ^ c342/Y (sky130_fd_sc_hd__o21ai_4)
                                                         net278 (net)
                      0.369006    0.000656    5.295970 ^ c358/A (sky130_fd_sc_hd__xnor2_2)
     1    0.007894    0.160050    0.175266    5.471236 ^ c358/Y (sky130_fd_sc_hd__xnor2_2)
                                                         net292 (net)
                      0.160050    0.000000    5.471236 ^ clkbuf_0_net292/A (sky130_fd_sc_hd__clkbuf_16)
     2    0.015788    0.040279    0.161224    5.632460 ^ clkbuf_0_net292/X (sky130_fd_sc_hd__clkbuf_16)
                                                         clknet_0_net292 (net)
                      0.040279    0.000000    5.632460 ^ clkbuf_1_1__f_net292/A (sky130_fd_sc_hd__clkbuf_16)
     4    0.010257    0.034008    0.114418    5.746878 ^ clkbuf_1_1__f_net292/X (sky130_fd_sc_hd__clkbuf_16)
                                                         clknet_1_1__leaf_net292 (net)
                      0.034008    0.000000    5.746878 ^ c372/A2 (sky130_fd_sc_hd__a41oi_2)
     1    0.006900    0.115955    0.112905    5.859783 v c372/Y (sky130_fd_sc_hd__a41oi_2)
                                                         net307 (net)
                      0.115955    0.000000    5.859783 v clkbuf_0_net307/A (sky130_fd_sc_hd__clkbuf_16)
     2    0.013800    0.032444    0.174923    6.034706 v clkbuf_0_net307/X (sky130_fd_sc_hd__clkbuf_16)
                                                         clknet_0_net307 (net)
                      0.032444    0.000000    6.034706 v clkbuf_1_0__f_net307/A (sky130_fd_sc_hd__clkbuf_16)
     2    0.005868    0.027256    0.129590    6.164296 v clkbuf_1_0__f_net307/X (sky130_fd_sc_hd__clkbuf_16)
                                                         clknet_1_0__leaf_net307 (net)
                      0.027256    0.000000    6.164296 v c373/A0 (sky130_fd_sc_hd__mux4_4)
     1    0.006900    0.119039    0.595374    6.759670 v c373/X (sky130_fd_sc_hd__mux4_4)
                                                         net308 (net)
                      0.119039    0.000000    6.759670 v clkbuf_0_net308/A (sky130_fd_sc_hd__clkbuf_16)
     2    0.013800    0.032450    0.176351    6.936021 v clkbuf_0_net308/X (sky130_fd_sc_hd__clkbuf_16)
                                                         clknet_0_net308 (net)
                      0.032450    0.000000    6.936021 v clkbuf_1_0__f_net308/A (sky130_fd_sc_hd__clkbuf_16)
     1    0.002252    0.024611    0.125650    7.061671 v clkbuf_1_0__f_net308/X (sky130_fd_sc_hd__clkbuf_16)
                                                         clknet_1_0__leaf_net308 (net)
                      0.024611    0.000000    7.061671 v c487/A2 (sky130_fd_sc_hd__a41o_2)
     1    0.006900    0.050022    0.240370    7.302041 v c487/X (sky130_fd_sc_hd__a41o_2)
                                                         net415 (net)
                      0.050022    0.000000    7.302041 v clkbuf_0_net415/A (sky130_fd_sc_hd__clkbuf_16)
     2    0.013800    0.032311    0.144413    7.446454 v clkbuf_0_net415/X (sky130_fd_sc_hd__clkbuf_16)
                                                         clknet_0_net415 (net)
                      0.032311    0.000000    7.446454 v clkbuf_1_1__f_net415/A (sky130_fd_sc_hd__clkbuf_16)
     3    0.005050    0.026657    0.128639    7.575093 v clkbuf_1_1__f_net415/X (sky130_fd_sc_hd__clkbuf_16)
                                                         clknet_1_1__leaf_net415 (net)
                      0.026657    0.000000    7.575093 v c769/A1 (sky130_fd_sc_hd__mux4_4)
     1    0.008584    0.123930    0.593055    8.168147 v c769/X (sky130_fd_sc_hd__mux4_4)
                                                         net653 (net)
                      0.123930    0.000000    8.168147 v merge844/A (sky130_fd_sc_hd__xor2_2)
     1    0.008493    0.154879    0.211805    8.379952 ^ merge844/X (sky130_fd_sc_hd__xor2_2)
                                                         net708 (net)
                      0.154879    0.000000    8.379952 ^ merge862/B (sky130_fd_sc_hd__xor2_2)
     1    0.002563    0.089345    0.134232    8.514184 ^ merge862/X (sky130_fd_sc_hd__xor2_2)
                                                         net727 (net)
                      0.089345    0.000000    8.514184 ^ merge907/RESET_B (sky130_fd_sc_hd__dlrbp_1)
                                              8.514184   data arrival time

                                  4.000000    4.000000   clock clk (fall edge)
                                  0.000000    4.000000   clock source latency
     1    0.006900    0.018164    0.011143    4.011143 v clk (in)
                                                         clk (net)
                      0.018164    0.000000    4.011143 v clkbuf_0_clk/A (sky130_fd_sc_hd__clkbuf_16)
    16    0.058832    0.058300    0.158717    4.169860 v clkbuf_0_clk/X (sky130_fd_sc_hd__clkbuf_16)
                                                         clknet_0_clk (net)
                      0.058300    0.000000    4.169860 v clkbuf_4_15_0_clk/A (sky130_fd_sc_hd__clkbuf_8)
     8    0.015287    0.036622    0.146016    4.315876 v clkbuf_4_15_0_clk/X (sky130_fd_sc_hd__clkbuf_8)
                                                         clknet_4_15_0_clk (net)
                      0.036622    0.000000    4.315876 v merge907/GATE (sky130_fd_sc_hd__dlrbp_1)
                                 -0.250000    4.065876   clock uncertainty
                                  0.000000    4.065876   clock reconvergence pessimism
                                  0.032118    4.097994   library recovery time
                                              4.097994   data required time
---------------------------------------------------------------------------------------------
                                              4.097994   data required time
                                             -8.514184   data arrival time
---------------------------------------------------------------------------------------------
                                             -4.416191   slack (VIOLATED)


Startpoint: s930 (negative level-sensitive latch clocked by clk)
Endpoint: c707 (rising edge-triggered flip-flop clocked by clk)
Path Group: clk
Path Type: max

Fanout         Cap        Slew       Delay        Time   Description
---------------------------------------------------------------------------------------------
                                  4.000000    4.000000   clock clk (fall edge)
                                  0.000000    4.000000   clock source latency
     1    0.006900    0.018164    0.011143    4.011143 v clk (in)
                                                         clk (net)
                      0.018164    0.000000    4.011143 v clkbuf_0_clk/A (sky130_fd_sc_hd__clkbuf_16)
    16    0.058832    0.058300    0.158717    4.169860 v clkbuf_0_clk/X (sky130_fd_sc_hd__clkbuf_16)
                                                         clknet_0_clk (net)
                      0.058300    0.000000    4.169860 v clkbuf_4_3_0_clk/A (sky130_fd_sc_hd__clkbuf_8)
     6    0.009994    0.031382    0.139258    4.309118 v clkbuf_4_3_0_clk/X (sky130_fd_sc_hd__clkbuf_8)
                                                         clknet_4_3_0_clk (net)
                      0.031382    0.000000    4.309118 v s930/GATE_N (sky130_fd_sc_hd__dlxbn_2)
                                  3.619956    7.929073   time given to startpoint
                      0.083939    0.000000    7.929073 v s930/D (sky130_fd_sc_hd__dlxbn_2)
     5    0.027672    0.077062    0.489348    8.418421 v s930/Q_N (sky130_fd_sc_hd__dlxbn_2)
                                                         net799 (net)
                      0.077192    0.000582    8.419003 v c444/B1 (sky130_fd_sc_hd__a41oi_4)
     7    0.031360    0.322544    0.312915    8.731917 ^ c444/Y (sky130_fd_sc_hd__a41oi_4)
                                                         net373 (net)
                      0.322559    0.002466    8.734385 ^ c707/RESET_B (sky130_fd_sc_hd__sdfbbn_1)
                                              8.734385   data arrival time

                                  0.000000    0.000000   clock clk (rise edge)
                                  0.000000    0.000000   clock source latency
     1    0.007894    0.043275    0.027159    0.027159 ^ clk (in)
                                                         clk (net)
                      0.043275    0.000000    0.027159 ^ clkbuf_0_clk/A (sky130_fd_sc_hd__clkbuf_16)
    16    0.066512    0.086709    0.161326    0.188485 ^ clkbuf_0_clk/X (sky130_fd_sc_hd__clkbuf_16)
                                                         clknet_0_clk (net)
                      0.086709    0.000000    0.188485 ^ clkbuf_4_12_0_clk/A (sky130_fd_sc_hd__clkbuf_8)
     9    0.019974    0.052942    0.147468    0.335953 ^ clkbuf_4_12_0_clk/X (sky130_fd_sc_hd__clkbuf_8)
                                                         clknet_4_12_0_clk (net)
                      0.052942    0.000000    0.335953 ^ s943/CLK (sky130_fd_sc_hd__dlclkp_2)
     1    0.007894    0.061157    0.158416    0.494369 ^ s943/GCLK (sky130_fd_sc_hd__dlclkp_2)
                                                         net815 (net)
                      0.061157    0.000000    0.494369 ^ clkbuf_0_net815/A (sky130_fd_sc_hd__clkbuf_16)
     2    0.015788    0.039245    0.127363    0.621731 ^ clkbuf_0_net815/X (sky130_fd_sc_hd__clkbuf_16)
                                                         clknet_0_net815 (net)
                      0.039245    0.000000    0.621731 ^ clkbuf_1_0__f_net815/A (sky130_fd_sc_hd__clkbuf_16)
     3    0.012039    0.035695    0.115757    0.737488 ^ clkbuf_1_0__f_net815/X (sky130_fd_sc_hd__clkbuf_16)
                                                         clknet_1_0__leaf_net815 (net)
                      0.035695    0.000000    0.737488 ^ c707/SET_B (sky130_fd_sc_hd__sdfbbn_1)
                                 -0.250000    0.487488   clock uncertainty
                                  0.000000    0.487488   clock reconvergence pessimism
                                  0.084890    0.572378   library non-sequential setup time
                                              0.572378   data required time
---------------------------------------------------------------------------------------------
                                              0.572378   data required time
                                             -8.734385   data arrival time
---------------------------------------------------------------------------------------------
                                             -8.162006   slack (VIOLATED)




===========================================================================
report_checks --slack_max -0.01
============================================================================
======================= nom_tt_025C_1v80 Corner ===================================

Startpoint: merge913 (positive level-sensitive latch clocked by clk)
Endpoint: merge907 (recovery check against falling-edge clock clk)
Path Group: asynchronous
Path Type: max

Fanout         Cap        Slew       Delay        Time   Description
---------------------------------------------------------------------------------------------
                                  0.000000    0.000000   clock clk (rise edge)
                                  0.000000    0.000000   clock source latency
     1    0.007894    0.043275    0.027159    0.027159 ^ clk (in)
                                                         clk (net)
                      0.043275    0.000000    0.027159 ^ clkbuf_0_clk/A (sky130_fd_sc_hd__clkbuf_16)
    16    0.066512    0.086709    0.161326    0.188485 ^ clkbuf_0_clk/X (sky130_fd_sc_hd__clkbuf_16)
                                                         clknet_0_clk (net)
                      0.086709    0.000000    0.188485 ^ clkbuf_4_0_0_clk/A (sky130_fd_sc_hd__clkbuf_8)
     5    0.009210    0.036293    0.131282    0.319767 ^ clkbuf_4_0_0_clk/X (sky130_fd_sc_hd__clkbuf_8)
                                                         clknet_4_0_0_clk (net)
                      0.036293    0.000000    0.319767 ^ merge913/GATE (sky130_fd_sc_hd__dlrtp_4)
                                  3.496584    3.816351   time given to startpoint
                      0.053307    0.000000    3.816351 ^ merge913/D (sky130_fd_sc_hd__dlrtp_4)
     8    0.052250    0.160564    0.494931    4.311282 ^ merge913/Q (sky130_fd_sc_hd__dlrtp_4)
                                                         net781 (net)
                      0.160570    0.001230    4.312511 ^ c290/A (sky130_fd_sc_hd__inv_6)
     3    0.014521    0.039237    0.047583    4.360094 v c290/Y (sky130_fd_sc_hd__inv_6)
                                                         net225 (net)
                      0.039237    0.000034    4.360128 v hold45/A (sky130_fd_sc_hd__dlygate4sd3_1)
     2    0.011613    0.093384    0.599762    4.959890 v hold45/X (sky130_fd_sc_hd__dlygate4sd3_1)
                                                         net1022 (net)
                      0.093384    0.000114    4.960004 v c342/A2 (sky130_fd_sc_hd__o21ai_4)
    10    0.049283    0.369004    0.335309    5.295314 ^ c342/Y (sky130_fd_sc_hd__o21ai_4)
                                                         net278 (net)
                      0.369006    0.000656    5.295970 ^ c358/A (sky130_fd_sc_hd__xnor2_2)
     1    0.007894    0.160050    0.175266    5.471236 ^ c358/Y (sky130_fd_sc_hd__xnor2_2)
                                                         net292 (net)
                      0.160050    0.000000    5.471236 ^ clkbuf_0_net292/A (sky130_fd_sc_hd__clkbuf_16)
     2    0.015788    0.040279    0.161224    5.632460 ^ clkbuf_0_net292/X (sky130_fd_sc_hd__clkbuf_16)
                                                         clknet_0_net292 (net)
                      0.040279    0.000000    5.632460 ^ clkbuf_1_1__f_net292/A (sky130_fd_sc_hd__clkbuf_16)
     4    0.010257    0.034008    0.114418    5.746878 ^ clkbuf_1_1__f_net292/X (sky130_fd_sc_hd__clkbuf_16)
                                                         clknet_1_1__leaf_net292 (net)
                      0.034008    0.000000    5.746878 ^ c372/A2 (sky130_fd_sc_hd__a41oi_2)
     1    0.006900    0.115955    0.112905    5.859783 v c372/Y (sky130_fd_sc_hd__a41oi_2)
                                                         net307 (net)
                      0.115955    0.000000    5.859783 v clkbuf_0_net307/A (sky130_fd_sc_hd__clkbuf_16)
     2    0.013800    0.032444    0.174923    6.034706 v clkbuf_0_net307/X (sky130_fd_sc_hd__clkbuf_16)
                                                         clknet_0_net307 (net)
                      0.032444    0.000000    6.034706 v clkbuf_1_0__f_net307/A (sky130_fd_sc_hd__clkbuf_16)
     2    0.005868    0.027256    0.129590    6.164296 v clkbuf_1_0__f_net307/X (sky130_fd_sc_hd__clkbuf_16)
                                                         clknet_1_0__leaf_net307 (net)
                      0.027256    0.000000    6.164296 v c373/A0 (sky130_fd_sc_hd__mux4_4)
     1    0.006900    0.119039    0.595374    6.759670 v c373/X (sky130_fd_sc_hd__mux4_4)
                                                         net308 (net)
                      0.119039    0.000000    6.759670 v clkbuf_0_net308/A (sky130_fd_sc_hd__clkbuf_16)
     2    0.013800    0.032450    0.176351    6.936021 v clkbuf_0_net308/X (sky130_fd_sc_hd__clkbuf_16)
                                                         clknet_0_net308 (net)
                      0.032450    0.000000    6.936021 v clkbuf_1_0__f_net308/A (sky130_fd_sc_hd__clkbuf_16)
     1    0.002252    0.024611    0.125650    7.061671 v clkbuf_1_0__f_net308/X (sky130_fd_sc_hd__clkbuf_16)
                                                         clknet_1_0__leaf_net308 (net)
                      0.024611    0.000000    7.061671 v c487/A2 (sky130_fd_sc_hd__a41o_2)
     1    0.006900    0.050022    0.240370    7.302041 v c487/X (sky130_fd_sc_hd__a41o_2)
                                                         net415 (net)
                      0.050022    0.000000    7.302041 v clkbuf_0_net415/A (sky130_fd_sc_hd__clkbuf_16)
     2    0.013800    0.032311    0.144413    7.446454 v clkbuf_0_net415/X (sky130_fd_sc_hd__clkbuf_16)
                                                         clknet_0_net415 (net)
                      0.032311    0.000000    7.446454 v clkbuf_1_1__f_net415/A (sky130_fd_sc_hd__clkbuf_16)
     3    0.005050    0.026657    0.128639    7.575093 v clkbuf_1_1__f_net415/X (sky130_fd_sc_hd__clkbuf_16)
                                                         clknet_1_1__leaf_net415 (net)
                      0.026657    0.000000    7.575093 v c769/A1 (sky130_fd_sc_hd__mux4_4)
     1    0.008584    0.123930    0.593055    8.168147 v c769/X (sky130_fd_sc_hd__mux4_4)
                                                         net653 (net)
                      0.123930    0.000000    8.168147 v merge844/A (sky130_fd_sc_hd__xor2_2)
     1    0.008493    0.154879    0.211805    8.379952 ^ merge844/X (sky130_fd_sc_hd__xor2_2)
                                                         net708 (net)
                      0.154879    0.000000    8.379952 ^ merge862/B (sky130_fd_sc_hd__xor2_2)
     1    0.002563    0.089345    0.134232    8.514184 ^ merge862/X (sky130_fd_sc_hd__xor2_2)
                                                         net727 (net)
                      0.089345    0.000000    8.514184 ^ merge907/RESET_B (sky130_fd_sc_hd__dlrbp_1)
                                              8.514184   data arrival time

                                  4.000000    4.000000   clock clk (fall edge)
                                  0.000000    4.000000   clock source latency
     1    0.006900    0.018164    0.011143    4.011143 v clk (in)
                                                         clk (net)
                      0.018164    0.000000    4.011143 v clkbuf_0_clk/A (sky130_fd_sc_hd__clkbuf_16)
    16    0.058832    0.058300    0.158717    4.169860 v clkbuf_0_clk/X (sky130_fd_sc_hd__clkbuf_16)
                                                         clknet_0_clk (net)
                      0.058300    0.000000    4.169860 v clkbuf_4_15_0_clk/A (sky130_fd_sc_hd__clkbuf_8)
     8    0.015287    0.036622    0.146016    4.315876 v clkbuf_4_15_0_clk/X (sky130_fd_sc_hd__clkbuf_8)
                                                         clknet_4_15_0_clk (net)
                      0.036622    0.000000    4.315876 v merge907/GATE (sky130_fd_sc_hd__dlrbp_1)
                                 -0.250000    4.065876   clock uncertainty
                                  0.000000    4.065876   clock reconvergence pessimism
                                  0.032118    4.097994   library recovery time
                                              4.097994   data required time
---------------------------------------------------------------------------------------------
                                              4.097994   data required time
                                             -8.514184   data arrival time
---------------------------------------------------------------------------------------------
                                             -4.416191   slack (VIOLATED)


Startpoint: s930 (negative level-sensitive latch clocked by clk)
Endpoint: c707 (rising edge-triggered flip-flop clocked by clk)
Path Group: clk
Path Type: max

Fanout         Cap        Slew       Delay        Time   Description
---------------------------------------------------------------------------------------------
                                  4.000000    4.000000   clock clk (fall edge)
                                  0.000000    4.000000   clock source latency
     1    0.006900    0.018164    0.011143    4.011143 v clk (in)
                                                         clk (net)
                      0.018164    0.000000    4.011143 v clkbuf_0_clk/A (sky130_fd_sc_hd__clkbuf_16)
    16    0.058832    0.058300    0.158717    4.169860 v clkbuf_0_clk/X (sky130_fd_sc_hd__clkbuf_16)
                                                         clknet_0_clk (net)
                      0.058300    0.000000    4.169860 v clkbuf_4_3_0_clk/A (sky130_fd_sc_hd__clkbuf_8)
     6    0.009994    0.031382    0.139258    4.309118 v clkbuf_4_3_0_clk/X (sky130_fd_sc_hd__clkbuf_8)
                                                         clknet_4_3_0_clk (net)
                      0.031382    0.000000    4.309118 v s930/GATE_N (sky130_fd_sc_hd__dlxbn_2)
                                  3.619956    7.929073   time given to startpoint
                      0.083939    0.000000    7.929073 v s930/D (sky130_fd_sc_hd__dlxbn_2)
     5    0.027672    0.077062    0.489348    8.418421 v s930/Q_N (sky130_fd_sc_hd__dlxbn_2)
                                                         net799 (net)
                      0.077192    0.000582    8.419003 v c444/B1 (sky130_fd_sc_hd__a41oi_4)
     7    0.031360    0.322544    0.312915    8.731917 ^ c444/Y (sky130_fd_sc_hd__a41oi_4)
                                                         net373 (net)
                      0.322559    0.002466    8.734385 ^ c707/RESET_B (sky130_fd_sc_hd__sdfbbn_1)
                                              8.734385   data arrival time

                                  0.000000    0.000000   clock clk (rise edge)
                                  0.000000    0.000000   clock source latency
     1    0.007894    0.043275    0.027159    0.027159 ^ clk (in)
                                                         clk (net)
                      0.043275    0.000000    0.027159 ^ clkbuf_0_clk/A (sky130_fd_sc_hd__clkbuf_16)
    16    0.066512    0.086709    0.161326    0.188485 ^ clkbuf_0_clk/X (sky130_fd_sc_hd__clkbuf_16)
                                                         clknet_0_clk (net)
                      0.086709    0.000000    0.188485 ^ clkbuf_4_12_0_clk/A (sky130_fd_sc_hd__clkbuf_8)
     9    0.019974    0.052942    0.147468    0.335953 ^ clkbuf_4_12_0_clk/X (sky130_fd_sc_hd__clkbuf_8)
                                                         clknet_4_12_0_clk (net)
                      0.052942    0.000000    0.335953 ^ s943/CLK (sky130_fd_sc_hd__dlclkp_2)
     1    0.007894    0.061157    0.158416    0.494369 ^ s943/GCLK (sky130_fd_sc_hd__dlclkp_2)
                                                         net815 (net)
                      0.061157    0.000000    0.494369 ^ clkbuf_0_net815/A (sky130_fd_sc_hd__clkbuf_16)
     2    0.015788    0.039245    0.127363    0.621731 ^ clkbuf_0_net815/X (sky130_fd_sc_hd__clkbuf_16)
                                                         clknet_0_net815 (net)
                      0.039245    0.000000    0.621731 ^ clkbuf_1_0__f_net815/A (sky130_fd_sc_hd__clkbuf_16)
     3    0.012039    0.035695    0.115757    0.737488 ^ clkbuf_1_0__f_net815/X (sky130_fd_sc_hd__clkbuf_16)
                                                         clknet_1_0__leaf_net815 (net)
                      0.035695    0.000000    0.737488 ^ c707/SET_B (sky130_fd_sc_hd__sdfbbn_1)
                                 -0.250000    0.487488   clock uncertainty
                                  0.000000    0.487488   clock reconvergence pessimism
                                  0.084890    0.572378   library non-sequential setup time
                                              0.572378   data required time
---------------------------------------------------------------------------------------------
                                              0.572378   data required time
                                             -8.734385   data arrival time
---------------------------------------------------------------------------------------------
                                             -8.162006   slack (VIOLATED)




===========================================================================
 report_check_types -max_slew -max_cap -max_fanout -violators
============================================================================
======================= nom_tt_025C_1v80 Corner ===================================

max fanout

Pin                                   Limit Fanout  Slack
---------------------------------------------------------
clkbuf_0_clk/X                           10     16     -6 (VIOLATED)



===========================================================================
report_parasitic_annotation -report_unannotated
============================================================================
Found 455 unannotated drivers.
 clk
 rst
 c233/X
 c236/X
 c238/X
 c239/X
 c240/X
 c258/X
 c263/X
 c331/Y
 c343/X
 c345/X
 c350/X
 c358/Y
 c360/X
 c362/X
 c365/Y
 c366/X
 c367/X
 c369/Y
 c370/X
 c371/X
 c372/Y
 c373/X
 c375/X
 c379/X
 c381/Y
 c382/X
 c383/X
 c384/X
 c385/X
 c387/Y
 c391/Y
 c394/X
 c395/Y
 c424/X
 c425/X
 c428/X
 c434/Y
 c436/X
 c437/X
 c439/X
 c447/X
 c450/X
 c451/Y
 c452/X
 c453/X
 c457/X
 c459/X
 c460/X
 c464/X
 c471/X
 c472/X
 c473/X
 c484_1/Y
 c485/Y
 c486/X
 c487/X
 c488/X
 c489/X
 c491/X
 c493/X
 c494/X
 c495/Y
 c496/X
 c497/X
 c498/X
 c499/X
 c500/X
 c501/Y
 c502/X
 c503/Y
 c504/Y
 c526/X
 c527/X
 c575/X
 c579/X
 c590/Y
 c591/X
 c596/Y
 c602/X
 c603/Y
 c608/X
 c611/X
 c615/X
 c617/X
 c620/X
 c621/X
 c622/X
 c626/X
 c627/X
 c628/X
 c630/X
 c631/X
 c632/X
 c633/X
 c634/Y
 c635/X
 c636/X
 c637/X
 c676/Y
 c678/X
 c679/Y
 c680/X
 c681/X
 c684/X
 c690/X
 c691/X
 c693/X
 c696/X
 c698/X
 c701/X
 c702/X
 c703/Y
 c704/X
 c705/X
 c706/X
 c710/X
 c711/X
 c712/Y
 c713/X
 c715/X
 c716/Y
 c718/Y
 c719/X
 c720/X
 c721/X
 c722/X
 c723/X
 c724/X
 c725/X
 c729/X
 c730/X
 c732/X
 c733/Y
 c734/X
 c735/X
 c736/Y
 c738/Y
 c740/X
 c741/X
 c742/X
 c743/X
 c745/Y
 c747/X
 c748/X
 c749/X
 c750/X
 c751/X
 c752/X
 c753/X
 c754/X
 c755/X
 c756/X
 c757/X
 c758/X
 c759/X
 c760/X
 c761/X
 c762/X
 c763/X
 c764/X
 c765/X
 c766/X
 c767/X
 c768/X
 c769/X
 clkbuf_0_clk/X
 clkbuf_0_net169/X
 clkbuf_0_net172/X
 clkbuf_0_net199/X
 clkbuf_0_net266/X
 clkbuf_0_net292/X
 clkbuf_0_net300/X
 clkbuf_0_net301/X
 clkbuf_0_net302/X
 clkbuf_0_net307/X
 clkbuf_0_net308/X
 clkbuf_0_net316/X
 clkbuf_0_net355/X
 clkbuf_0_net356/X
 clkbuf_0_net365/X
 clkbuf_0_net367/X
 clkbuf_0_net368/X
 clkbuf_0_net379/X
 clkbuf_0_net386/X
 clkbuf_0_net394/X
 clkbuf_0_net401/X
 clkbuf_0_net403/X
 clkbuf_0_net413/X
 clkbuf_0_net414/X
 clkbuf_0_net415/X
 clkbuf_0_net417/X
 clkbuf_0_net419/X
 clkbuf_0_net422/X
 clkbuf_0_net423/X
 clkbuf_0_net424/X
 clkbuf_0_net425/X
 clkbuf_0_net478/X
 clkbuf_0_net494/X
 clkbuf_0_net500/X
 clkbuf_0_net507/X
 clkbuf_0_net511/X
 clkbuf_0_net533/X
 clkbuf_0_net538/X
 clkbuf_0_net558/X
 clkbuf_0_net567/X
 clkbuf_0_net574/X
 clkbuf_0_net575/X
 clkbuf_0_net577/X
 clkbuf_0_net587/X
 clkbuf_0_net596/X
 clkbuf_0_net600/X
 clkbuf_0_net603/X
 clkbuf_0_net604/X
 clkbuf_0_net617/X
 clkbuf_0_net633/X
 clkbuf_0_net643/X
 clkbuf_0_net755/X
 clkbuf_0_net784/X
 clkbuf_0_net785/X
 clkbuf_0_net795/X
 clkbuf_0_net796/X
 clkbuf_0_net814/X
 clkbuf_0_net815/X
 clkbuf_0_net816/X
 clkbuf_0_net890/X
 clkbuf_0_net892/X
 clkbuf_0_net900/X
 clkbuf_0_net902/X
 clkbuf_0_net903/X
 clkbuf_0_net906/X
 clkbuf_0_net914/X
 clkbuf_0_net917/X
 clkbuf_0_net921/X
 clkbuf_0_net924/X
 clkbuf_0_net929/X
 clkbuf_1_0__f_net169/X
 clkbuf_1_0__f_net172/X
 clkbuf_1_0__f_net199/X
 clkbuf_1_0__f_net266/X
 clkbuf_1_0__f_net292/X
 clkbuf_1_0__f_net300/X
 clkbuf_1_0__f_net301/X
 clkbuf_1_0__f_net302/X
 clkbuf_1_0__f_net307/X
 clkbuf_1_0__f_net308/X
 clkbuf_1_0__f_net316/X
 clkbuf_1_0__f_net355/X
 clkbuf_1_0__f_net356/X
 clkbuf_1_0__f_net365/X
 clkbuf_1_0__f_net367/X
 clkbuf_1_0__f_net368/X
 clkbuf_1_0__f_net379/X
 clkbuf_1_0__f_net386/X
 clkbuf_1_0__f_net394/X
 clkbuf_1_0__f_net401/X
 clkbuf_1_0__f_net403/X
 clkbuf_1_0__f_net413/X
 clkbuf_1_0__f_net414/X
 clkbuf_1_0__f_net415/X
 clkbuf_1_0__f_net417/X
 clkbuf_1_0__f_net419/X
 clkbuf_1_0__f_net422/X
 clkbuf_1_0__f_net423/X
 clkbuf_1_0__f_net424/X
 clkbuf_1_0__f_net425/X
 clkbuf_1_0__f_net478/X
 clkbuf_1_0__f_net494/X
 clkbuf_1_0__f_net500/X
 clkbuf_1_0__f_net507/X
 clkbuf_1_0__f_net511/X
 clkbuf_1_0__f_net533/X
 clkbuf_1_0__f_net538/X
 clkbuf_1_0__f_net558/X
 clkbuf_1_0__f_net567/X
 clkbuf_1_0__f_net574/X
 clkbuf_1_0__f_net575/X
 clkbuf_1_0__f_net577/X
 clkbuf_1_0__f_net587/X
 clkbuf_1_0__f_net596/X
 clkbuf_1_0__f_net600/X
 clkbuf_1_0__f_net603/X
 clkbuf_1_0__f_net604/X
 clkbuf_1_0__f_net617/X
 clkbuf_1_0__f_net633/X
 clkbuf_1_0__f_net643/X
 clkbuf_1_0__f_net755/X
 clkbuf_1_0__f_net784/X
 clkbuf_1_0__f_net785/X
 clkbuf_1_0__f_net795/X
 clkbuf_1_0__f_net796/X
 clkbuf_1_0__f_net814/X
 clkbuf_1_0__f_net815/X
 clkbuf_1_0__f_net816/X
 clkbuf_1_0__f_net890/X
 clkbuf_1_0__f_net892/X
 clkbuf_1_0__f_net900/X
 clkbuf_1_0__f_net902/X
 clkbuf_1_0__f_net903/X
 clkbuf_1_0__f_net906/X
 clkbuf_1_0__f_net914/X
 clkbuf_1_0__f_net917/X
 clkbuf_1_0__f_net921/X
 clkbuf_1_0__f_net924/X
 clkbuf_1_0__f_net929/X
 clkbuf_1_1__f_net169/X
 clkbuf_1_1__f_net172/X
 clkbuf_1_1__f_net199/X
 clkbuf_1_1__f_net266/X
 clkbuf_1_1__f_net292/X
 clkbuf_1_1__f_net300/X
 clkbuf_1_1__f_net301/X
 clkbuf_1_1__f_net302/X
 clkbuf_1_1__f_net307/X
 clkbuf_1_1__f_net308/X
 clkbuf_1_1__f_net316/X
 clkbuf_1_1__f_net355/X
 clkbuf_1_1__f_net356/X
 clkbuf_1_1__f_net365/X
 clkbuf_1_1__f_net367/X
 clkbuf_1_1__f_net368/X
 clkbuf_1_1__f_net379/X
 clkbuf_1_1__f_net386/X
 clkbuf_1_1__f_net394/X
 clkbuf_1_1__f_net401/X
 clkbuf_1_1__f_net403/X
 clkbuf_1_1__f_net413/X
 clkbuf_1_1__f_net414/X
 clkbuf_1_1__f_net415/X
 clkbuf_1_1__f_net417/X
 clkbuf_1_1__f_net419/X
 clkbuf_1_1__f_net422/X
 clkbuf_1_1__f_net423/X
 clkbuf_1_1__f_net424/X
 clkbuf_1_1__f_net425/X
 clkbuf_1_1__f_net478/X
 clkbuf_1_1__f_net494/X
 clkbuf_1_1__f_net500/X
 clkbuf_1_1__f_net507/X
 clkbuf_1_1__f_net511/X
 clkbuf_1_1__f_net533/X
 clkbuf_1_1__f_net538/X
 clkbuf_1_1__f_net558/X
 clkbuf_1_1__f_net567/X
 clkbuf_1_1__f_net574/X
 clkbuf_1_1__f_net575/X
 clkbuf_1_1__f_net577/X
 clkbuf_1_1__f_net587/X
 clkbuf_1_1__f_net596/X
 clkbuf_1_1__f_net600/X
 clkbuf_1_1__f_net603/X
 clkbuf_1_1__f_net604/X
 clkbuf_1_1__f_net617/X
 clkbuf_1_1__f_net633/X
 clkbuf_1_1__f_net643/X
 clkbuf_1_1__f_net755/X
 clkbuf_1_1__f_net784/X
 clkbuf_1_1__f_net785/X
 clkbuf_1_1__f_net795/X
 clkbuf_1_1__f_net796/X
 clkbuf_1_1__f_net814/X
 clkbuf_1_1__f_net815/X
 clkbuf_1_1__f_net816/X
 clkbuf_1_1__f_net890/X
 clkbuf_1_1__f_net892/X
 clkbuf_1_1__f_net900/X
 clkbuf_1_1__f_net902/X
 clkbuf_1_1__f_net903/X
 clkbuf_1_1__f_net906/X
 clkbuf_1_1__f_net914/X
 clkbuf_1_1__f_net917/X
 clkbuf_1_1__f_net921/X
 clkbuf_1_1__f_net924/X
 clkbuf_1_1__f_net929/X
 clkbuf_4_0_0_clk/X
 clkbuf_4_10_0_clk/X
 clkbuf_4_11_0_clk/X
 clkbuf_4_12_0_clk/X
 clkbuf_4_13_0_clk/X
 clkbuf_4_14_0_clk/X
 clkbuf_4_15_0_clk/X
 clkbuf_4_1_0_clk/X
 clkbuf_4_2_0_clk/X
 clkbuf_4_3_0_clk/X
 clkbuf_4_4_0_clk/X
 clkbuf_4_5_0_clk/X
 clkbuf_4_6_0_clk/X
 clkbuf_4_7_0_clk/X
 clkbuf_4_8_0_clk/X
 clkbuf_4_9_0_clk/X
 merge795/X
 merge798/X
 merge800/X
 merge809/X
 merge810/X
 merge812/X
 merge817/X
 merge818/X
 merge820/X
 merge824/X
 merge825/X
 merge826/Y
 merge835/Y
 merge841/X
 merge842/X
 merge844/X
 merge845/Y
 merge849/X
 merge850/Y
 merge851/Y
 merge856/X
 merge858/Y
 merge859/X
 merge860/Y
 merge861/Y
 merge862/X
 merge865/X
 merge868/X
 merge872/Y
 merge880/Q
 merge882/Y
 merge884/GCLK
 merge885/X
 merge886/Y
 merge887/GCLK
 merge888/Y
 merge889/GCLK
 merge891/Y
 merge892/X
 merge897/X
 merge916/GCLK
 merge917/GCLK
 merge918/GCLK
 net899_2/Y
 output103/X
 output104/X
 output65/X
 output67/X
 output69/X
 output75/X
 output77/X
 output78/X
 output81/X
 output85/X
 output89/X
 output92/X
 output96/X
 output99/X
 s926/GCLK
 s927/GCLK
 s928/GCLK
 s942/GCLK
 s943/GCLK
 s944/GCLK
Found 0 partially unannotated drivers.

===========================================================================
max slew violation count 0
Writing metric design__max_slew_violation__count__corner:nom_tt_025C_1v80: 0
max fanout violation count 1
Writing metric design__max_fanout_violation__count__corner:nom_tt_025C_1v80: 1
max cap violation count 0
Writing metric design__max_cap_violation__count__corner:nom_tt_025C_1v80: 0
============================================================================

===========================================================================
check_setup -verbose -unconstrained_endpoints -multiple_clock -no_clock -no_input_delay -loops -generated_clocks
===========================================================================
Warning: There are 6 unconstrained endpoints.
  out36
  out40
  out51
  out6
  out61
  merge880/D
