
===========================================================================
Violator List
============================================================================
[hold reg-reg] c589/Q -> c609/RESET_B : -1.847713
[hold in-reg] clk -> c359/SET_B : -1.000576
[hold in-reg] clk -> c262/SET_B : -0.351689
[hold reg-reg] merge832/Q -> c257/RESET_B : -0.231533
[hold reg-reg] s921/Q_N -> c262/RESET_B : -0.099517
[setup reg-reg] s930/Q_N -> c707/RESET_B : -8.162006
[setup reg-reg] merge905/Q -> c609/RESET_B : -6.582747
[setup in-reg] in42 -> c257/RESET_B : -6.041051
[setup in-reg] in42 -> c262/RESET_B : -5.972526
[setup reg-reg] merge838/Q -> c359/RESET_B : -5.477709
[setup reg-out] s930/Q_N -> out25 : -4.870245
[setup reg-reg] merge913/Q -> merge874/D : -4.727986
[setup reg-reg] merge913/Q -> merge907/RESET_B : -4.416191
[setup reg-out] s930/Q_N -> out12 : -4.372178
[setup in-reg] in4 -> merge907/D : -4.036036
[setup in-reg] in42 -> merge906/RESET_B : -3.853840
[setup reg-reg] merge878/Q -> s947/D : -3.650643
[setup reg-out] s930/Q -> out48 : -3.638731
[setup in-reg] in4 -> s935/D : -3.615474
[setup reg-reg] merge913/Q -> s951/D : -3.600099
[setup in-reg] in4 -> merge894/RESET_B : -3.596287
[setup reg-out] s934/Q -> out29 : -3.566891
[setup in-reg] in42 -> c257/D : -3.430414
[setup in-reg] in8 -> s936/D : -3.418149
[setup in-reg] in4 -> merge880/RESET_B : -3.302541
[setup reg-reg] s930/Q_N -> merge881/D : -3.201668
[setup in-reg] in4 -> merge879/RESET_B : -3.185759
[setup in-reg] in8 -> c241/SCD : -3.181649
[setup in-reg] in8 -> merge879/D : -3.164368
[setup reg-out] s930/Q -> out45 : -3.086742
[setup reg-reg] s930/Q_N -> merge898/D : -3.084357
[setup reg-out] s930/Q -> out58 : -3.075821
[setup reg-reg] s931/Q -> merge912/RESET_B : -3.069278
[setup in-reg] in4 -> merge894/D : -3.025034
[setup reg-reg] merge874/Q -> c609/SET_B : -2.978507
[setup reg-reg] s930/Q_N -> merge876/D : -2.970436
[setup in-reg] in4 -> c609/SCE : -2.962130
[setup in-reg] in8 -> c707/SCD : -2.892222
[setup in-reg] in4 -> c610/SCD : -2.863882
[setup in-reg] in4 -> merge912/D : -2.847977
[setup reg-reg] s930/Q_N -> merge887/SCE : -2.813673
[setup reg-out] s930/Q -> out56 : -2.813447
[setup in-reg] in4 -> merge874/RESET_B : -2.808510
[setup reg-reg] s930/Q_N -> merge895/RESET_B : -2.792128
[setup in-reg] in8 -> c469/D : -2.759020
[setup in-reg] in4 -> s931/D : -2.755629
[setup in-reg] in4 -> merge906/D : -2.735141
[setup in-reg] in8 -> c359/D : -2.728418
[setup in-reg] in4 -> merge873/RESET_B : -2.715904
[setup in-reg] in4 -> merge878/D : -2.706905
[setup in-reg] in4 -> c420/SCE : -2.699092
[setup in-reg] in4 -> merge873/D : -2.698677
[setup in-reg] in42 -> c241/D : -2.673991
[setup in-reg] in8 -> c333/SCD : -2.657649
[setup reg-reg] s930/Q_N -> merge914/DE : -2.652912
[setup in-reg] in42 -> c257/RESET_B : -2.645866
[setup in-reg] in4 -> merge878/RESET_B : -2.630151
[setup in-reg] in4 -> merge913/D : -2.621866
[setup reg-reg] s930/Q_N -> merge893/D : -2.614194
[setup reg-reg] s930/Q_N -> merge896/RESET_B : -2.582268
[setup in-reg] in4 -> c469/SET_B : -2.545610
[setup in-reg] in4 -> merge838/D : -2.529114
[setup in-reg] in4 -> merge911/D : -2.521918
[setup in-reg] in4 -> merge913/RESET_B : -2.506191
[setup reg-reg] s930/Q_N -> merge908/D : -2.495396
[setup in-reg] in8 -> c333/SCE : -2.483775
[setup in-reg] in4 -> c709/SCE : -2.468531
[setup in-reg] in4 -> c305/D : -2.455776
[setup reg-reg] merge877/Q -> merge875/RESET_B : -2.433180
[setup in-reg] in4 -> c580/SCE : -2.430286
[setup reg-out] merge877/Q -> out50 : -2.406776
[setup reg-reg] s930/Q -> s939/D : -2.375868
[setup in-reg] in4 -> merge911/RESET_B : -2.367535
[setup reg-reg] s930/Q -> merge903/SET_B : -2.364590
[setup reg-reg] s930/Q -> merge904/RESET_B : -2.339672
[setup reg-reg] s930/Q -> s937/D : -2.331796
[setup reg-reg] s930/Q -> merge887/GATE : -2.300311
[setup in-reg] in4 -> c420/RESET_B : -2.281740
[setup in-reg] in4 -> c305/SCE : -2.266160
[setup in-reg] in42 -> c359/SCD : -2.245478
[setup in-reg] in4 -> c414/RESET_B : -2.231058
[setup in-reg] in4 -> c297/RESET_B : -2.225369
[setup reg-reg] merge871/Q -> merge855/D : -2.187814
[setup in-reg] in4 -> c709/RESET_B : -2.167399
[setup in-reg] in42 -> c333/RESET_B : -2.160353
[setup reg-reg] s934/Q -> s945/D : -2.146498
[setup reg-reg] s934/Q -> s946/D : -2.144566
[setup reg-reg] s930/Q_N -> merge909/D : -2.083529
[setup in-reg] in4 -> merge838/RESET_B : -2.064456
[setup reg-reg] s930/Q_N -> s949/D : -2.039105
[setup reg-reg] s934/Q -> s948/D : -2.028959
[setup reg-reg] merge905/Q_N -> merge896/D : -2.028625
[setup reg-reg] s930/Q_N -> s938/D : -2.011607
[setup reg-reg] s930/Q -> merge864/D : -2.002845
[setup in-reg] in4 -> c609/RESET_B : -1.969790
[setup reg-reg] merge871/Q -> merge920/RESET_B : -1.934327
[setup reg-reg] s930/Q -> merge867/D : -1.930315
[setup reg-reg] s930/Q_N -> merge910/RESET_B : -1.862977
[setup reg-reg] merge905/Q_N -> merge854/D : -1.861543
[setup reg-reg] merge905/Q_N -> merge881/DE : -1.838130
[setup reg-out] merge875/Q -> out54 : -1.815808
[setup reg-reg] merge870/Q -> merge919/RESET_B : -1.814632
[setup in-reg] in4 -> c469/RESET_B : -1.786539
[setup reg-reg] merge905/Q_N -> merge916/GATE : -1.785611
[setup reg-reg] merge905/Q_N -> s941/D : -1.779553
[setup reg-out] merge875/Q -> out31 : -1.765179
[setup reg-reg] merge913/Q -> c359/RESET_B : -1.748030
[setup reg-reg] merge905/Q_N -> s950/D : -1.743408
[setup reg-reg] s930/Q -> merge899/SET_B : -1.716858
[setup in-reg] in4 -> c420/SCD : -1.706288
[setup in-reg] in4 -> c305/RESET_B : -1.706063
[setup in-reg] in8 -> c241/RESET_B : -1.699168
[setup reg-reg] merge905/Q_N -> s943/GATE : -1.695314
[setup reg-reg] s930/Q -> merge884/SCE : -1.559361
[setup reg-reg] s930/Q_N -> c616/SET_B : -1.545137
[setup reg-reg] merge874/Q -> c333/D : -1.525373
[setup reg-reg] merge905/Q_N -> c598/SCE : -1.482340
[setup reg-reg] s933/Q -> merge869/D : -1.465987
[setup reg-reg] s930/Q -> merge877/D : -1.410864
[setup reg-reg] s930/Q_N -> c616/D : -1.397082
[setup reg-reg] merge905/Q_N -> c589/D : -1.371505
[setup in-reg] in4 -> c432/RESET_B : -1.370386
[setup reg-reg] merge905/Q_N -> merge919/D : -1.365607
[setup reg-reg] merge909/Q -> merge914/D : -1.360494
[setup reg-reg] merge905/Q_N -> c731/SCE : -1.359240
[setup reg-reg] merge877/Q -> merge915/DE : -1.356395
[setup reg-reg] merge871/Q -> merge900/D : -1.348972
[setup reg-reg] s930/Q_N -> merge890/D : -1.324401
[setup in-out] in42 -> out14 : -1.301227
[setup in-out] in42 -> out57 : -1.284771
[setup in-reg] in8 -> c709/SCD : -1.272351
[setup reg-reg] s934/Q -> c584/SCD : -1.256077
[setup reg-reg] s934/Q -> merge869/SET_B : -1.254101
[setup in-reg] in4 -> c707/RESET_B : -1.231598
[setup reg-reg] s930/Q_N -> merge864/SET_B : -1.186548
[setup reg-reg] s934/Q -> c578/D : -1.162739
[setup reg-reg] merge909/Q -> s942/GATE : -1.129792
[setup reg-reg] s930/Q_N -> s934/D : -1.121973
[setup reg-reg] merge871/Q_N -> merge920/D : -1.106047
[setup reg-reg] merge905/Q_N -> merge870/RESET_B : -1.089184
[setup reg-reg] s930/Q_N -> merge867/SET_B : -1.066051
[setup in-reg] in4 -> c610/D : -1.031378
[setup reg-reg] s930/Q_N -> merge890/RESET_B : -1.022987
[setup reg-reg] merge909/Q -> c598/D : -1.020452
[setup reg-reg] merge910/Q -> c731/SCD : -1.016999
[setup reg-reg] merge871/Q_N -> c334/SCD : -1.010698
[setup reg-reg] merge910/Q -> c584/SCE : -1.009702
[setup in-reg] in4 -> c609/SCD : -1.006901
[setup in-reg] in33 -> c737/SET_B : -0.989839
[setup reg-reg] s930/Q_N -> c737/SCE : -0.987358
[setup reg-reg] merge910/Q -> merge918/GATE : -0.980678
[setup reg-reg] s930/Q_N -> merge839/D : -0.938938
[setup reg-reg] merge877/Q -> s930/D : -0.928784
[setup reg-reg] merge910/Q -> merge895/D : -0.905517
[setup reg-reg] merge873/Q -> c432/SCD : -0.899682
[setup reg-reg] merge871/Q -> merge902/D : -0.890463
[setup reg-reg] s948/Q -> c731/D : -0.851898
[setup in-reg] in8 -> c610/SET_B : -0.835531
[setup reg-reg] s934/Q -> merge870/D : -0.829322
[setup reg-reg] s948/Q -> merge908/RESET_B : -0.824912
[setup in-out] in8 -> out15 : -0.806238
[setup reg-reg] s948/Q -> merge866/D : -0.796840
[setup reg-reg] s930/Q -> merge893/RESET_B : -0.770577
[setup reg-reg] merge871/Q -> c262/D : -0.768154
[setup reg-reg] merge871/Q_N -> merge857/D : -0.750932
[setup reg-reg] merge871/Q -> merge871/D : -0.749509
[setup reg-reg] merge871/Q_N -> c334/D : -0.747059
[setup reg-reg] merge910/Q -> merge901/SET_B : -0.736240
[setup reg-reg] s948/Q -> c737/RESET_B : -0.722197
[setup reg-reg] s932/Q -> s933/D : -0.677571
[setup reg-reg] s929/Q -> merge904/D : -0.673691
[setup in-out] in4 -> out10 : -0.665743
[setup reg-reg] merge913/Q -> c305/SCD : -0.659935
[setup reg-reg] s929/Q -> merge889/SCE : -0.659531
[setup reg-reg] s929/Q_N -> s944/GATE : -0.651435
[setup reg-reg] merge873/Q -> c420/D : -0.626020
[setup reg-reg] s933/Q -> merge877/RESET_B : -0.625718
[setup reg-reg] merge877/Q -> c598/RESET_B : -0.625343
[setup reg-reg] merge870/Q_N -> merge909/RESET_B : -0.587034
[setup reg-reg] s930/Q_N -> merge876/RESET_B : -0.541895
[setup in-out] in4 -> out18 : -0.513812
[setup reg-reg] s929/Q -> s940/D : -0.512547
[setup reg-reg] merge873/Q_N -> c432/D : -0.502760
[setup in-reg] in4 -> c297/D : -0.501159
[setup reg-reg] merge904/Q -> merge917/SCE : -0.491208
[setup reg-reg] merge873/Q -> c420/SET_B : -0.483381
[setup in-out] in4 -> out33 : -0.465219
[setup reg-reg] merge871/Q_N -> merge898/RESET_B : -0.421669
[setup reg-reg] s929/Q_N -> merge917/GATE : -0.375536
[setup reg-reg] s929/Q -> merge916/SCE : -0.291933
[setup reg-reg] s929/Q -> merge901/D : -0.259519
[setup in-reg] in42 -> merge832/RESET_B : -0.250339
[setup reg-reg] s931/Q_N -> c414/SET_B : -0.245940
[setup reg-reg] s929/Q -> s932/D : -0.233910
[setup reg-reg] s933/Q -> c462/SET_B : -0.220824
[setup reg-reg] merge877/Q -> c589/RESET_B : -0.215914
[setup reg-out] c420/Q_N -> out32 : -0.214840
[setup reg-reg] merge913/Q -> c333/SET_B : -0.208801
[setup reg-reg] merge913/Q -> c305/SET_B : -0.206422
[setup reg-reg] s929/Q -> merge910/D : -0.203674
[setup reg-reg] s929/Q -> merge905/D : -0.201333
[setup in-reg] clk -> c262/SET_B : -0.180299
[setup in-out] in4 -> out39 : -0.169480
[setup reg-reg] s929/Q_N -> merge830/D : -0.152761
[setup reg-reg] s929/Q_N -> c737/D : -0.038029
[setup in-reg] in8 -> merge875/D : 0.000000
[setup in-reg] in4 -> s929/D : 0.000000
Writing metric timing__hold_vio__count__corner:nom_tt_025C_1v80: 5
Writing metric timing__hold_r2r__ws__corner:nom_tt_025C_1v80: -1.847713
Writing metric timing__hold_r2r_vio__count__corner:nom_tt_025C_1v80: 3
Writing metric timing__setup_vio__count__corner:nom_tt_025C_1v80: 202
Writing metric timing__setup_r2r__ws__corner:nom_tt_025C_1v80: -8.162006
Writing metric timing__setup_r2r_vio__count__corner:nom_tt_025C_1v80: 119
