
===========================================================================
Violator List
============================================================================
[setup in-reg] in13 -> s796/D : -5.881136
[setup in-reg] in3 -> s792/D : -5.708393
[setup in-reg] in3 -> c124/D : -5.703701
[setup in-reg] in9 -> s797/D : -5.686655
[setup in-reg] in3 -> c504/D : -5.675091
[setup in-reg] in3 -> c110/D : -5.664949
[setup in-out] in3 -> out10 : -5.601982
[setup in-reg] in13 -> c589/D : -5.202869
[setup in-reg] in3 -> c261/D : -5.147997
[setup in-reg] in3 -> c248/SCE : -5.130557
[setup in-out] in3 -> out1 : -5.067952
[setup in-reg] in9 -> c702/SCE : -4.933298
[setup in-out] in3 -> out60 : -4.920823
[setup in-reg] in9 -> c701/D : -4.879912
[setup in-out] in3 -> out46 : -4.861297
[setup in-reg] in21 -> c488/SCE : -4.732618
[setup in-reg] in9 -> c702/D : -4.723515
[setup in-out] in3 -> out42 : -4.716753
[setup in-reg] in9 -> c755/SCD : -4.683762
[setup in-reg] in21 -> merge758/RESET_B : -4.682487
[setup in-reg] in9 -> c702/RESET_B : -4.660400
[setup in-reg] in9 -> merge773/D : -4.615129
[setup reg-out] s793/Q -> out4 : -4.611929
[setup in-reg] in21 -> merge773/SCD : -4.595848
[setup in-out] in3 -> out23 : -4.577387
[setup in-reg] in21 -> c692/D : -4.576091
[setup in-reg] in21 -> merge772/D : -4.478644
[setup reg-out] s791/Q -> out13 : -4.475659
[setup in-reg] in9 -> c322/D : -4.457734
[setup in-reg] in9 -> merge773/RESET_B : -4.437810
[setup in-reg] in3 -> c248/SET_B : -4.346672
[setup in-out] in3 -> out40 : -4.313155
[setup in-reg] in9 -> c707/D : -4.306951
[setup in-reg] in9 -> c505/RESET_B : -4.301118
[setup in-reg] in21 -> c261/SET_B : -4.235172
[setup in-reg] in9 -> c602/D : -4.212963
[setup in-reg] in9 -> c707/SET_B : -4.208344
[setup in-reg] in3 -> c260/RESET_B : -4.175775
[setup in-out] in3 -> out58 : -4.142867
[setup in-reg] in21 -> merge780/D : -4.129774
[setup in-reg] in9 -> c458/D : -4.111391
[setup in-out] in3 -> out16 : -4.105141
[setup in-reg] in9 -> c681/D : -4.046793
[setup in-reg] in9 -> merge765/D : -4.027333
[setup in-reg] in9 -> merge773/SCE : -4.012383
[setup in-reg] in9 -> c463/SCE : -3.995275
[setup in-reg] in9 -> merge764/SCD : -3.947437
[setup in-reg] in3 -> c124/RESET_B : -3.934045
[setup in-reg] in21 -> merge764/RESET_B : -3.834637
[setup in-reg] in9 -> merge765/RESET_B : -3.831021
[setup in-reg] in9 -> merge772/SCE : -3.799591
[setup in-out] in3 -> out6 : -3.761095
[setup in-reg] in21 -> c237/RESET_B : -3.760552
[setup in-reg] in9 -> c407/D : -3.715659
[setup in-reg] in21 -> merge780/SCE : -3.704627
[setup in-reg] in9 -> c463/RESET_B : -3.662675
[setup in-reg] in9 -> c603/D : -3.658888
[setup in-reg] in13 -> c745/SET_B : -3.652401
[setup in-reg] in9 -> c681/RESET_B : -3.649158
[setup in-reg] in3 -> c260/D : -3.627094
[setup reg-reg] c667/Q -> c723/SCE : -3.571921
[setup in-reg] in9 -> c690/D : -3.547729
[setup in-reg] in3 -> c110/RESET_B : -3.538921
[setup in-reg] in9 -> c745/D : -3.527227
[setup in-reg] in3 -> c260/SCD : -3.501668
[setup in-reg] in3 -> c248/SCD : -3.500973
[setup in-reg] in3 -> s793/D : -3.474963
[setup in-out] in21 -> out50 : -3.433177
[setup in-out] in3 -> out25 : -3.423337
[setup in-reg] in9 -> c680/SET_B : -3.395585
[setup in-reg] in9 -> c689/RESET_B : -3.384938
[setup in-reg] in3 -> s788/GATE : -3.382744
[setup in-reg] in9 -> merge765/SCD : -3.351950
[setup in-reg] in9 -> merge758/SCE : -3.339521
[setup in-out] in21 -> out28 : -3.311583
[setup in-reg] in9 -> c417/RESET_B : -3.282405
[setup in-reg] in3 -> c632/SCD : -3.278641
[setup reg-out] c417/Q_N -> out7 : -3.275447
[setup in-reg] in9 -> c755/SET_B : -3.268824
[setup in-out] in3 -> out47 : -3.232205
[setup in-out] in3 -> out44 : -3.230740
[setup in-reg] in9 -> c680/RESET_B : -3.186943
[setup in-reg] in21 -> merge773/SET_B : -3.181843
[setup in-reg] in3 -> c124/SET_B : -3.178663
[setup in-reg] in9 -> c665/RESET_B : -3.173295
[setup in-reg] in3 -> s794/D : -3.148751
[setup in-reg] in9 -> c322/RESET_B : -3.105880
[setup in-reg] in3 -> s782/D : -3.096459
[setup in-out] in3 -> out32 : -3.034441
[setup in-reg] in9 -> c675/RESET_B : -2.993115
[setup in-reg] in21 -> merge757/D : -2.982573
[setup reg-out] c407/Q -> out21 : -2.968624
[setup reg-reg] s795/Q -> c754/D : -2.930559
[setup in-reg] in3 -> s784/D : -2.895857
[setup in-reg] in3 -> c750/SCD : -2.885609
[setup in-reg] in3 -> c495/SCD : -2.863215
[setup in-reg] in9 -> merge765/SET_B : -2.861654
[setup reg-reg] s791/Q -> s798/D : -2.854140
[setup in-out] in21 -> out31 : -2.819832
[setup reg-reg] c667/Q -> c754/SCE : -2.815854
[setup in-reg] in3 -> c370/SCD : -2.741968
[setup in-reg] in9 -> c458/RESET_B : -2.685487
[setup in-reg] in3 -> s783/D : -2.671628
[setup in-reg] in9 -> c701/RESET_B : -2.651399
[setup in-reg] in9 -> c322/SET_B : -2.639383
[setup in-reg] in3 -> merge761/D : -2.595045
[setup in-reg] in13 -> c702/SCD : -2.530181
[setup in-reg] in13 -> c701/SCD : -2.528929
[setup in-reg] in21 -> merge780/RESET_B : -2.527279
[setup in-out] in3 -> out3 : -2.513595
[setup in-reg] in3 -> c110/SET_B : -2.512587
[setup in-out] in9 -> out37 : -2.489371
[setup in-reg] in3 -> c238/SCE : -2.436268
[setup in-out] in9 -> out43 : -2.431103
[setup in-reg] in9 -> s790/D : -2.352448
[setup reg-reg] c667/Q -> c697/D : -2.351467
[setup in-reg] in3 -> merge761/SCD : -2.323511
[setup reg-out] c417/Q_N -> out19 : -2.314780
[setup in-out] in9 -> out8 : -2.305908
[setup in-out] in21 -> out35 : -2.288884
[setup in-reg] in3 -> merge767/SCE : -2.239854
[setup reg-reg] c667/Q -> c697/SCD : -2.221929
[setup in-out] in3 -> out61 : -2.212222
[setup in-reg] in3 -> c240/SCE : -2.207985
[setup reg-reg] s793/Q -> c754/RESET_B : -2.204809
[setup in-reg] in21 -> merge766/D : -2.193692
[setup in-out] in3 -> out59 : -2.166050
[setup in-reg] in21 -> s787/GATE : -2.157686
[setup in-out] in3 -> out22 : -2.126078
[setup in-reg] in3 -> merge767/DE : -2.078546
[setup reg-reg] s795/Q -> c632/D : -2.028165
[setup reg-reg] s791/Q -> merge762/SCD : -2.022047
[setup in-reg] in9 -> merge764/SET_B : -2.015510
[setup reg-reg] c667/Q -> c697/SCE : -1.994746
[setup in-out] in3 -> out53 : -1.985073
[setup in-reg] in9 -> merge757/RESET_B : -1.949000
[setup in-reg] in3 -> merge771/DE : -1.860221
[setup reg-reg] c587/Q -> c614/SCD : -1.852579
[setup in-reg] in3 -> c129/SCD : -1.841584
[setup in-reg] in3 -> merge771/SCE : -1.797460
[setup in-reg] in3 -> s800/D : -1.780822
[setup in-reg] in3 -> c255/SCD : -1.773223
[setup in-reg] in9 -> c690/RESET_B : -1.763087
[setup in-reg] in3 -> c628/D : -1.739059
[setup in-reg] in9 -> c488/RESET_B : -1.707626
[setup reg-reg] c407/Q -> c614/D : -1.701751
[setup reg-reg] s795/Q -> c754/SCD : -1.682038
[setup reg-reg] c667/Q -> s799/D : -1.660227
[setup in-reg] in3 -> c127/SCE : -1.615133
[setup reg-reg] s793/Q -> c754/SET_B : -1.572377
[setup reg-reg] c407/Q -> c609/SCD : -1.536807
[setup in-reg] in3 -> c240/D : -1.520216
[setup in-reg] in21 -> s791/D : -1.503509
[setup reg-reg] c407/Q -> c590/SCE : -1.489023
[setup reg-out] c463/Q -> out0 : -1.487028
[setup in-reg] in3 -> c370/D : -1.480093
[setup in-reg] in21 -> s786/D : -1.457815
[setup in-reg] in9 -> c407/RESET_B : -1.413431
[setup in-out] in21 -> out12 : -1.393622
[setup in-reg] in3 -> s789/GATE : -1.379601
[setup in-reg] in3 -> c497/D : -1.373126
[setup in-reg] in9 -> c609/D : -1.353752
[setup reg-out] merge780/Q -> out52 : -1.327582
[setup in-reg] in3 -> c500/SCE : -1.324081
[setup reg-reg] c407/Q -> c607/D : -1.319360
[setup in-reg] in21 -> s795/D : -1.314443
[setup reg-reg] s795/Q -> merge776/SCD : -1.311816
[setup reg-reg] c407/Q -> c614/SCE : -1.254157
[setup reg-reg] s795/Q -> c714/SCE : -1.150720
[setup reg-reg] s791/Q -> c479/SCD : -1.081062
[setup in-reg] in9 -> merge776/D : -1.072231
[setup in-reg] in9 -> c692/RESET_B : -1.051054
[setup in-out] in3 -> out51 : -0.973228
[setup in-out] in9 -> out29 : -0.935376
[setup reg-reg] c667/Q -> c714/SCD : -0.901530
[setup in-reg] in21 -> c625/SCD : -0.829192
[setup in-reg] in21 -> c349/D : -0.828103
[setup in-reg] in21 -> c357/SCE : -0.809982
[setup in-reg] in9 -> c701/SET_B : -0.789697
[setup in-reg] in9 -> s785/D : -0.774045
[setup in-reg] in21 -> c359/SCD : -0.771024
[setup in-reg] in21 -> c725/SCD : -0.758569
[setup in-reg] in9 -> c590/SCD : -0.734897
[setup in-reg] in21 -> c328/D : -0.726772
[setup in-reg] in3 -> merge767/D : -0.715093
[setup in-reg] in3 -> c737/D : -0.700212
[setup in-reg] in21 -> c471/SCE : -0.694863
[setup in-reg] in21 -> merge763/D : -0.682348
[setup in-reg] in21 -> c199/SCE : -0.682249
[setup reg-reg] s795/Q -> c750/SET_B : -0.657465
[setup in-reg] in9 -> c329/D : -0.643087
[setup reg-out] merge780/Q -> out18 : -0.640767
[setup reg-out] c237/Q -> out11 : -0.637220
[setup in-reg] in21 -> merge760/RESET_B : -0.618380
[setup in-reg] in21 -> merge760/D : -0.616326
[setup reg-reg] c587/Q -> c607/SET_B : -0.610152
[setup in-reg] in9 -> merge766/SCD : -0.597423
[setup reg-reg] c407/Q -> merge770/SCD : -0.588381
[setup in-reg] in21 -> c579/SCD : -0.582111
[setup in-reg] in4 -> c681/SCE : -0.567235
[setup in-reg] in21 -> c457/D : -0.562620
[setup in-reg] in9 -> c587/D : -0.545041
[setup in-reg] in3 -> c129/RESET_B : -0.535291
[setup in-reg] in21 -> c630/SCD : -0.508555
[setup reg-reg] c589/Q -> c745/RESET_B : -0.481428
[setup in-reg] in3 -> merge762/SCE : -0.468230
[setup in-reg] in13 -> c248/RESET_B : -0.450249
[setup in-reg] in3 -> merge767/SCD : -0.420097
[setup reg-out] c110/Q -> out57 : -0.394515
[setup in-reg] in9 -> merge774/D : -0.377875
[setup in-reg] in9 -> c610/RESET_B : -0.369590
[setup reg-reg] c417/Q_N -> merge774/SCE : -0.366273
[setup reg-out] c248/Q -> out33 : -0.358850
[setup reg-reg] c666/Q -> c716/D : -0.347398
[setup in-reg] in21 -> c500/D : -0.313446
[setup in-reg] in9 -> merge766/DE : -0.299513
[setup in-reg] in21 -> c325/D : -0.297398
[setup reg-reg] s790/Q -> c710/SET_B : -0.282522
[setup in-reg] in21 -> c372/D : -0.271354
[setup in-reg] in4 -> c680/SCE : -0.271074
[setup in-reg] in9 -> merge778/D : -0.253286
[setup in-reg] in4 -> c680/SCD : -0.245043
[setup in-reg] in3 -> merge771/SCD : -0.243018
[setup in-reg] in9 -> c608/SCD : -0.236708
[setup in-reg] in21 -> merge779/SCD : -0.236393
[setup in-reg] in9 -> c694/DE : -0.234647
[setup in-reg] in3 -> merge770/RESET_B : -0.234218
[setup reg-out] c458/Q -> out17 : -0.225184
[setup reg-reg] c407/Q -> c614/RESET_B : -0.222787
[setup in-reg] in9 -> merge776/SCE : -0.204228
[setup in-reg] in3 -> c125/SET_B : -0.156001
[setup in-reg] in21 -> c725/SCE : -0.150015
[setup in-reg] in21 -> c495/SCE : -0.141679
[setup in-reg] in21 -> merge781/RESET_B : -0.129872
[setup in-reg] in9 -> merge769/D : -0.110291
[setup reg-reg] c417/Q_N -> c695/DE : -0.109239
[setup in-reg] in21 -> c457/SET_B : -0.063832
[setup in-reg] in21 -> c212/D : -0.053918
[setup reg-reg] c407/Q -> c568/SCD : -0.051998
[setup in-reg] in21 -> c212/RESET_B : -0.050831
[setup in-out] clk -> out45 : -0.043770
[setup in-reg] in9 -> c683/SCD : -0.042554
[setup reg-reg] c407/Q -> c607/RESET_B : -0.034649
[setup in-reg] in3 -> c463/SET_B : -0.032695
[setup in-reg] in21 -> c439/SCD : -0.006503
[setup in-out] clk -> out27 : -0.001840
[setup in-reg] in9 -> merge775/SCE : -0.000531
[setup reg-reg] c417/Q_N -> c670/D : 0.000000
[setup in-reg] in9 -> c667/D : 0.000000
[setup in-reg] in9 -> c666/D : 0.000000
[setup in-reg] in4 -> c665/D : 0.000000
[setup reg-reg] c683/Q -> c689/D : 0.000000
[setup reg-reg] c674/Q -> c675/D : 0.000000
