[INFO GRT-0043] No OR_DEFAULT vias defined.
Net: net1006
  Pin: c280/SCD (sky130_fd_sc_hd__sdfrbp_2)
    Layer: met2
      Partial area ratio:    8.72
      Required ratio:    0.00 (Gate area) 
      Partial area ratio:   44.17
      Required ratio: 3991.04 (Side area) 
      Cumulative area ratio:   42.49
      Required ratio:    0.00 (Cumulative area) 
      Cumulative area ratio:  222.53
      Required ratio:    0.00 (Cumulative side area) 

    Layer: met1
      Partial area ratio:    4.31
      Required ratio:    0.00 (Gate area) 
      Partial area ratio:   22.81
      Required ratio:  400.00 (Side area) 
      Cumulative area ratio:    4.31
      Required ratio:    0.00 (Cumulative area) 
      Cumulative area ratio:   22.81
      Required ratio:    0.00 (Cumulative side area) 

    Layer: li1
      Partial area ratio:    0.00
      Required ratio:    0.00 (Gate area) 
      Partial area ratio:    0.00
      Required ratio:   75.00 (Side area) 
      Cumulative area ratio:    0.00
      Required ratio:    0.00 (Cumulative area) 
      Cumulative area ratio:    0.00
      Required ratio:    0.00 (Cumulative side area) 

    Via: M1M2_PR
      Partial area ratio:    0.29
      Required ratio:    6.00 (Gate area) 
      Cumulative area ratio:    0.47
      Required ratio:    0.00 (Cumulative area) 

    Via: L1M1_PR
      Partial area ratio:    0.18
      Required ratio:    3.00 (Gate area) 
      Cumulative area ratio:    0.18
      Required ratio:    0.00 (Cumulative area) 

  Pin: c273/A (sky130_fd_sc_hd__and2_1)
    Layer: met2
      Partial area ratio:    8.72
      Required ratio:    0.00 (Gate area) 
      Partial area ratio:   44.17
      Required ratio: 3991.04 (Side area) 
      Cumulative area ratio:   38.18
      Required ratio:    0.00 (Cumulative area) 
      Cumulative area ratio:  199.72
      Required ratio:    0.00 (Cumulative side area) 

    Layer: met1
      Partial area ratio:   29.46
      Required ratio:    0.00 (Gate area) 
      Partial area ratio:  155.54
      Required ratio: 3121.64 (Side area) 
      Cumulative area ratio:   29.46
      Required ratio:    0.00 (Cumulative area) 
      Cumulative area ratio:  155.54
      Required ratio:    0.00 (Cumulative side area) 

    Layer: li1
      Partial area ratio:    0.00
      Required ratio:    0.00 (Gate area) 
      Partial area ratio:    0.00
      Required ratio:   75.00 (Side area) 
      Cumulative area ratio:    0.00
      Required ratio:    0.00 (Cumulative area) 
      Cumulative area ratio:    0.00
      Required ratio:    0.00 (Cumulative side area) 

    Via: M1M2_PR
      Partial area ratio:    0.71
      Required ratio:    6.00 (Gate area) 
      Cumulative area ratio:    0.94
      Required ratio:    0.00 (Cumulative area) 

    Via: L1M1_PR
      Partial area ratio:    0.23
      Required ratio:    3.00 (Gate area) 
      Cumulative area ratio:    0.23
      Required ratio:    0.00 (Cumulative area) 

  Pin: c298/A3 (sky130_fd_sc_hd__mux4_2)
    Layer: met2
      Partial area ratio:    8.72
      Required ratio:    0.00 (Gate area) 
      Partial area ratio:   44.17
      Required ratio: 3991.04 (Side area) 
      Cumulative area ratio:   38.18
      Required ratio:    0.00 (Cumulative area) 
      Cumulative area ratio:  199.72
      Required ratio:    0.00 (Cumulative side area) 

    Layer: met1
      Partial area ratio:   29.46
      Required ratio:    0.00 (Gate area) 
      Partial area ratio:  155.54
      Required ratio: 3121.64 (Side area) 
      Cumulative area ratio:   29.46
      Required ratio:    0.00 (Cumulative area) 
      Cumulative area ratio:  155.54
      Required ratio:    0.00 (Cumulative side area) 

    Layer: li1
      Partial area ratio:    0.00
      Required ratio:    0.00 (Gate area) 
      Partial area ratio:    0.00
      Required ratio:   75.00 (Side area) 
      Cumulative area ratio:    0.00
      Required ratio:    0.00 (Cumulative area) 
      Cumulative area ratio:    0.00
      Required ratio:    0.00 (Cumulative side area) 

    Via: M1M2_PR
      Partial area ratio:    0.71
      Required ratio:    6.00 (Gate area) 
      Cumulative area ratio:    0.89
      Required ratio:    0.00 (Cumulative area) 

    Via: L1M1_PR
      Partial area ratio:    0.18
      Required ratio:    3.00 (Gate area) 
      Cumulative area ratio:    0.18
      Required ratio:    0.00 (Cumulative area) 

  Pin: c427/RESET_B (sky130_fd_sc_hd__sdfbbn_2)
    Layer: met1
      Partial area ratio:   23.62
      Required ratio:    0.00 (Gate area) 
      Partial area ratio:  123.01
      Required ratio: 2773.88 (Side area) 
      Cumulative area ratio:   23.62
      Required ratio:    0.00 (Cumulative area) 
      Cumulative area ratio:  123.01
      Required ratio:    0.00 (Cumulative side area) 

    Layer: met2
      Partial area ratio:    8.72
      Required ratio:    0.00 (Gate area) 
      Partial area ratio:   44.17
      Required ratio: 3991.04 (Side area) 
      Cumulative area ratio:   32.33
      Required ratio:    0.00 (Cumulative area) 
      Cumulative area ratio:  167.18
      Required ratio:    0.00 (Cumulative side area) 

    Layer: li1
      Partial area ratio:    0.00
      Required ratio:    0.00 (Gate area) 
      Partial area ratio:    0.00
      Required ratio:   75.00 (Side area) 
      Cumulative area ratio:    0.00
      Required ratio:    0.00 (Cumulative area) 
      Cumulative area ratio:    0.00
      Required ratio:    0.00 (Cumulative side area) 

    Layer: met2
      Partial area ratio:    8.72
      Required ratio:    0.00 (Gate area) 
      Partial area ratio:   44.17
      Required ratio: 3991.04 (Side area) 
      Cumulative area ratio:   32.33
      Required ratio:    0.00 (Cumulative area) 
      Cumulative area ratio:  167.18
      Required ratio:    0.00 (Cumulative side area) 

    Layer: met2
      Partial area ratio:    8.72
      Required ratio:    0.00 (Gate area) 
      Partial area ratio:   44.17
      Required ratio: 3991.04 (Side area) 
      Cumulative area ratio:   32.33
      Required ratio:    0.00 (Cumulative area) 
      Cumulative area ratio:  167.18
      Required ratio:    0.00 (Cumulative side area) 

    Via: M1M2_PR
      Partial area ratio:    0.57
      Required ratio:    6.00 (Gate area) 
      Cumulative area ratio:    0.75
      Required ratio:    0.00 (Cumulative area) 

    Via: L1M1_PR
      Partial area ratio:    0.18
      Required ratio:    3.00 (Gate area) 
      Cumulative area ratio:    0.18
      Required ratio:    0.00 (Cumulative area) 

  Pin: c532/B1 (sky130_fd_sc_hd__a2111oi_2)
    Layer: met1
      Partial area ratio:    4.89
      Required ratio:    0.00 (Gate area) 
      Partial area ratio:   25.86
      Required ratio: 2773.88 (Side area) 
      Cumulative area ratio:    4.89
      Required ratio:    0.00 (Cumulative area) 
      Cumulative area ratio:   25.86
      Required ratio:    0.00 (Cumulative side area) 

    Layer: li1
      Partial area ratio:    0.00
      Required ratio:    0.00 (Gate area) 
      Partial area ratio:    0.00
      Required ratio:   75.00 (Side area) 
      Cumulative area ratio:    0.00
      Required ratio:    0.00 (Cumulative area) 
      Cumulative area ratio:    0.00
      Required ratio:    0.00 (Cumulative side area) 

    Via: M1M2_PR
      Partial area ratio:    0.14
      Required ratio:    6.00 (Gate area) 
      Cumulative area ratio:    0.19
      Required ratio:    0.00 (Cumulative area) 

    Via: L1M1_PR
      Partial area ratio:    0.06
      Required ratio:    3.00 (Gate area) 
      Cumulative area ratio:    0.06
      Required ratio:    0.00 (Cumulative area) 

  Pin: merge772/A2 (sky130_fd_sc_hd__mux4_1)
    Layer: met1
      Partial area ratio:   10.18
      Required ratio:    0.00 (Gate area) 
      Partial area ratio:   54.78
      Required ratio:  400.00 (Side area) 
      Cumulative area ratio:   10.18
      Required ratio:    0.00 (Cumulative area) 
      Cumulative area ratio:   54.78
      Required ratio:    0.00 (Cumulative side area) 

    Layer: li1
      Partial area ratio:    0.00
      Required ratio:    0.00 (Gate area) 
      Partial area ratio:    0.00
      Required ratio:   75.00 (Side area) 
      Cumulative area ratio:    0.00
      Required ratio:    0.00 (Cumulative area) 
      Cumulative area ratio:    0.00
      Required ratio:    0.00 (Cumulative side area) 

    Via: M1M2_PR
      Partial area ratio:    0.54
      Required ratio:    6.00 (Gate area) 
      Cumulative area ratio:    0.77
      Required ratio:    0.00 (Cumulative area) 

    Via: L1M1_PR
      Partial area ratio:    0.23
      Required ratio:    3.00 (Gate area) 
      Cumulative area ratio:    0.23
      Required ratio:    0.00 (Cumulative area) 

  Pin: c575/A1 (sky130_fd_sc_hd__mux4_1)
    Layer: met1
      Partial area ratio:   81.09
      Required ratio:    0.00 (Gate area) 
      Partial area ratio:  415.58
      Required ratio:  400.00 (Side area) (VIOLATED)
      Cumulative area ratio:   81.09
      Required ratio:    0.00 (Cumulative area) 
      Cumulative area ratio:  415.58
      Required ratio:    0.00 (Cumulative side area) 

    Layer: li1
      Partial area ratio:    0.00
      Required ratio:    0.00 (Gate area) 
      Partial area ratio:    0.00
      Required ratio:   75.00 (Side area) 
      Cumulative area ratio:    0.00
      Required ratio:    0.00 (Cumulative area) 
      Cumulative area ratio:    0.00
      Required ratio:    0.00 (Cumulative side area) 

    Via: M1M2_PR
      Partial area ratio:    1.25
      Required ratio:    6.00 (Gate area) 
      Cumulative area ratio:    1.48
      Required ratio:    0.00 (Cumulative area) 

    Via: L1M1_PR
      Partial area ratio:    0.23
      Required ratio:    3.00 (Gate area) 
      Cumulative area ratio:    0.23
      Required ratio:    0.00 (Cumulative area) 

  Pin: c451/A2 (sky130_fd_sc_hd__mux4_2)
    Layer: li1
      Partial area ratio:    0.00
      Required ratio:    0.00 (Gate area) 
      Partial area ratio:    0.00
      Required ratio:   75.00 (Side area) 
      Cumulative area ratio:    0.00
      Required ratio:    0.00 (Cumulative area) 
      Cumulative area ratio:    0.00
      Required ratio:    0.00 (Cumulative side area) 

    Layer: met1
      Partial area ratio:    0.91
      Required ratio:    0.00 (Gate area) 
      Partial area ratio:    5.15
      Required ratio:  400.00 (Side area) 
      Cumulative area ratio:    0.91
      Required ratio:    0.00 (Cumulative area) 
      Cumulative area ratio:    5.15
      Required ratio:    0.00 (Cumulative side area) 

    Via: L1M1_PR
      Partial area ratio:    0.18
      Required ratio:    3.00 (Gate area) 
      Cumulative area ratio:    0.18
      Required ratio:    0.00 (Cumulative area) 

  Pin: c438/A2 (sky130_fd_sc_hd__mux4_4)
    Layer: li1
      Partial area ratio:    0.00
      Required ratio:    0.00 (Gate area) 
      Partial area ratio:    0.00
      Required ratio:   75.00 (Side area) 
      Cumulative area ratio:    0.00
      Required ratio:    0.00 (Cumulative area) 
      Cumulative area ratio:    0.00
      Required ratio:    0.00 (Cumulative side area) 

    Layer: met1
      Partial area ratio:    0.55
      Required ratio:    0.00 (Gate area) 
      Partial area ratio:    3.39
      Required ratio:  400.00 (Side area) 
      Cumulative area ratio:    0.55
      Required ratio:    0.00 (Cumulative area) 
      Cumulative area ratio:    3.39
      Required ratio:    0.00 (Cumulative side area) 

    Via: L1M1_PR
      Partial area ratio:    0.18
      Required ratio:    3.00 (Gate area) 
      Cumulative area ratio:    0.18
      Required ratio:    0.00 (Cumulative area) 

  Pin: c402/D1 (sky130_fd_sc_hd__a2111oi_1)
    Layer: li1
      Partial area ratio:    0.00
      Required ratio:    0.00 (Gate area) 
      Partial area ratio:    0.00
      Required ratio:   75.00 (Side area) 
      Cumulative area ratio:    0.00
      Required ratio:    0.00 (Cumulative area) 
      Cumulative area ratio:    0.00
      Required ratio:    0.00 (Cumulative side area) 

    Layer: met1
      Partial area ratio:    1.56
      Required ratio:    0.00 (Gate area) 
      Partial area ratio:    8.19
      Required ratio:  400.00 (Side area) 
      Cumulative area ratio:    1.56
      Required ratio:    0.00 (Cumulative area) 
      Cumulative area ratio:    8.19
      Required ratio:    0.00 (Cumulative side area) 

    Via: L1M1_PR
      Partial area ratio:    0.12
      Required ratio:    3.00 (Gate area) 
      Cumulative area ratio:    0.12
      Required ratio:    0.00 (Cumulative area) 


[INFO ANT-0002] Found 1 net violations.
[INFO ANT-0001] Found 1 pin violations.
