
===========================================================================
Violator List
============================================================================
[hold reg-reg] c451/Q -> c457/RESET_B : -0.141280
[hold reg-reg] s766/Q -> c314/SET_B : -0.073590
[hold reg-reg] c118/Q -> c233/RESET_B : -0.048831
[hold reg-reg] c561/Q -> c563/SET_B : -0.024652
[setup in-reg] in13 -> c332/SET_B : -5.721079
[setup in-reg] in13 -> c436/RESET_B : -5.492740
[setup reg-reg] c291/Q -> c570/RESET_B : -5.070974
[setup in-reg] in51 -> c501/SCE : -2.338125
[setup in-reg] in14 -> c677/SET_B : -2.111827
[setup in-reg] in1 -> s772/D : -2.102529
[setup in-reg] in51 -> c468/D : -2.060815
[setup in-reg] in51 -> c320/D : -2.040187
[setup in-reg] in51 -> c503/RESET_B : -2.021089
[setup reg-out] s774/Q -> out18 : -2.003566
[setup in-reg] in1 -> c468/SCD : -2.003250
[setup in-reg] in51 -> c350/RESET_B : -1.874157
[setup in-reg] in51 -> c501/SET_B : -1.863872
[setup in-reg] in13 -> c329/D : -1.847078
[setup in-reg] in51 -> c497/SCE : -1.844401
[setup in-reg] in13 -> c436/SCD : -1.824401
[setup in-reg] in1 -> c497/SCD : -1.813699
[setup in-reg] in1 -> c606/D : -1.746448
[setup in-reg] in1 -> s777/D : -1.737632
[setup in-reg] in51 -> c360/D : -1.679537
[setup in-reg] in13 -> c436/RESET_B : -1.652115
[setup in-reg] in51 -> c606/SET_B : -1.623389
[setup in-reg] in51 -> c503/D : -1.601783
[setup in-reg] in13 -> c375/D : -1.601532
[setup in-reg] in10 -> c606/SCD : -1.574757
[setup in-reg] in51 -> c115/D : -1.573090
[setup in-reg] in1 -> s776/D : -1.529847
[setup in-reg] in51 -> c329/SET_B : -1.515775
[setup in-reg] in13 -> c369/RESET_B : -1.485286
[setup in-reg] in13 -> c376/SET_B : -1.465712
[setup in-reg] in1 -> c569/RESET_B : -1.432744
[setup in-reg] in1 -> c559/RESET_B : -1.431150
[setup in-reg] in51 -> c497/SET_B : -1.429759
[setup in-reg] in51 -> c361/D : -1.399473
[setup in-reg] in1 -> c703/D : -1.366230
[setup in-reg] in51 -> c350/D : -1.340266
[setup in-reg] in51 -> c350/SCD : -1.307427
[setup in-reg] in10 -> c677/RESET_B : -1.273596
[setup in-reg] in51 -> c124/SET_B : -1.248661
[setup in-reg] in51 -> c125/SET_B : -1.247554
[setup in-reg] in1 -> c329/RESET_B : -1.208665
[setup in-reg] in1 -> c658/RESET_B : -1.177172
[setup in-reg] in1 -> c559/SET_B : -1.175299
[setup in-reg] in1 -> c418/RESET_B : -1.170653
[setup in-reg] in1 -> c653/RESET_B : -1.152934
[setup in-reg] in1 -> c397/D : -1.149050
[setup in-reg] in1 -> c291/SCD : -1.143434
[setup in-reg] in1 -> c669/SCE : -1.109635
[setup in-reg] in1 -> c405/RESET_B : -1.109469
[setup in-reg] in1 -> c404/RESET_B : -1.086480
[setup in-reg] in1 -> c291/SCE : -1.086478
[setup reg-reg] c634/Q -> c701/RESET_B : -1.082409
[setup in-reg] in1 -> c606/SCE : -1.059706
[setup in-reg] in1 -> c634/D : -1.022288
[setup in-reg] in51 -> c503/SCD : -1.007733
[setup in-reg] in51 -> c115/RESET_B : -1.003364
[setup in-reg] in51 -> c468/SET_B : -0.946518
[setup in-reg] in1 -> c522/D : -0.917419
[setup in-reg] in1 -> c669/D : -0.911980
[setup reg-reg] c671/Q -> c678/SET_B : -0.909037
[setup reg-out] c646/Q -> out3 : -0.889958
[setup in-reg] in10 -> c677/D : -0.825594
[setup in-reg] in1 -> c497/RESET_B : -0.757810
[setup in-reg] in1 -> c320/SET_B : -0.749945
[setup reg-reg] c634/Q_N -> c648/D : -0.695447
[setup reg-reg] c634/Q -> c669/RESET_B : -0.549743
[setup in-reg] in1 -> c638/RESET_B : -0.523117
[setup in-reg] in1 -> c522/RESET_B : -0.474605
[setup reg-reg] c648/Q -> c650/RESET_B : -0.441970
[setup in-reg] in10 -> c436/SET_B : -0.419782
[setup reg-reg] c634/Q_N -> c650/SET_B : -0.388068
[setup in-reg] in1 -> c397/RESET_B : -0.199647
[setup reg-reg] c634/Q -> c648/RESET_B : -0.181019
[setup reg-reg] c360/Q_N -> c375/RESET_B : -0.178917
[setup reg-out] c351/Q -> out50 : -0.139287
[setup reg-out] c576/Q -> out5 : -0.094221
[setup reg-out] c371/Q -> out13 : -0.070608
[setup reg-out] c646/Q -> out12 : -0.065983
[setup in-reg] in1 -> c650/D : -0.010066
[setup in-reg] in1 -> c658/D : 0.000000
[setup reg-reg] s770/Q -> s771/D : 0.000000
[setup reg-reg] c577/Q_N -> s774/D : 0.000000
[setup in-reg] in1 -> c405/D : 0.000000
[setup reg-reg] c576/Q -> s775/D : 0.000000
[setup reg-reg] c396/Q -> s770/D : 0.000000
[setup in-reg] in1 -> c638/D : 0.000000
[setup in-reg] in20 -> c404/D : 0.000000
[setup reg-reg] c291/Q -> s773/D : 0.000000
[setup reg-reg] c396/Q -> c577/D : 0.000000
[setup in-reg] in51 -> c336/D : 0.000000
[setup in-reg] in18 -> c653/D : 0.000000
[setup reg-reg] c396/Q -> c576/D : 0.000000
[setup in-reg] in51 -> c351/D : 0.000000
[setup in-reg] in51 -> c362/D : 0.000000
[setup in-reg] in51 -> c371/D : 0.000000
[setup in-reg] in1 -> c643/D : 0.000000
[setup in-reg] in1 -> c646/D : 0.000000
[setup in-reg] in1 -> c396/D : 0.000000
[setup in-reg] in1 -> c642/D : 0.000000
