
===========================================================================
Violator List
============================================================================
[hold reg-reg] s890/Q -> c736/SET_B : -15.104803
[hold reg-reg] merge821/Q -> merge778/SET_B : -2.574964
[hold reg-reg] merge821/Q -> c305/SET_B : -2.564250
[hold reg-reg] s906/Q -> c299/RESET_B : -1.043281
[hold in-reg] in44 -> merge801/RESET_B : -0.574343
[hold reg-reg] s890/Q -> c733/D : -0.413128
[hold reg-reg] s890/Q -> c737/RESET_B : -0.403107
[hold in-reg] clk -> c737/D : -0.316153
[hold reg-reg] s890/Q -> c732/SCD : -0.293806
[hold reg-reg] s890/Q -> c733/SCE : -0.156175
[hold in-reg] in56 -> merge805/RESET_B : -0.146632
[hold reg-reg] s890/Q -> c732/D : -0.138274
[hold reg-reg] s900/Q -> merge840/D : -0.048362
[hold in-reg] in17 -> merge788/D : -0.023306
[setup reg-reg] merge815/Q -> c736/RESET_B : -20.717636
[setup in-out] clk -> out59 : -19.084339
[setup in-out] clk -> out57 : -18.706150
[setup reg-reg] merge816/Q_N -> s868/D : -18.169878
[setup in-out] clk -> out55 : -17.887220
[setup reg-reg] s866/Q -> merge818/D : -17.623617
[setup reg-reg] s866/Q -> s869/D : -17.597223
[setup reg-reg] s866/Q -> merge837/D : -17.513252
[setup reg-reg] s882/Q -> s890/D : -17.480627
[setup reg-reg] s882/Q -> s891/D : -17.277437
[setup reg-reg] s866/Q -> merge818/RESET_B : -17.088926
[setup in-out] clk -> out24 : -17.038763
[setup in-reg] clk -> c395/D : -15.699388
[setup in-reg] clk -> c395/SCD : -15.624093
[setup reg-reg] s882/Q -> merge809/D : -13.876863
[setup reg-reg] s903/Q -> s903/D : -13.384970
[setup in-reg] clk -> c395/RESET_B : -13.379253
[setup reg-reg] merge812/Q -> s884/D : -13.026582
[setup reg-reg] s882/Q -> c736/SET_B : -12.996432
[setup reg-reg] s903/Q -> merge813/D : -12.929198
[setup reg-reg] s903/Q -> s871/D : -12.816452
[setup reg-reg] s903/Q -> s870/D : -12.794951
[setup reg-reg] s882/Q -> s892/D : -12.608031
[setup reg-reg] merge841/Q -> merge786/D : -12.382264
[setup reg-reg] merge812/Q -> merge794/SCD : -12.361893
[setup reg-reg] s903/Q -> merge806/D : -12.358862
[setup reg-reg] merge812/Q -> merge794/D : -12.244310
[setup reg-reg] s903/Q -> s906/D : -12.175438
[setup in-reg] in4 -> merge822/D : -12.162602
[setup in-reg] in4 -> c307/D : -12.126260
[setup in-reg] in4 -> c305/D : -12.123593
[setup reg-reg] merge841/Q -> s873/D : -12.043349
[setup reg-reg] s903/Q -> merge808/D : -12.035909
[setup in-reg] in4 -> s857/D : -11.944091
[setup reg-reg] s903/Q -> merge779/D : -11.933585
[setup in-reg] in4 -> c170/RESET_B : -11.892786
[setup in-reg] in4 -> s856/D : -11.885483
[setup reg-reg] s903/Q -> s901/D : -11.847990
[setup reg-reg] s903/Q -> merge811/D : -11.788724
[setup reg-reg] s882/Q -> merge828/SCE : -11.758323
[setup reg-out] merge812/Q -> out7 : -11.729181
[setup reg-reg] s903/Q -> c453/D : -11.706140
[setup reg-reg] merge841/Q -> s872/D : -11.692152
[setup reg-reg] s882/Q -> s897/GATE : -11.626361
[setup reg-reg] s882/Q -> s894/D : -11.621949
[setup reg-reg] s882/Q -> s893/D : -11.604896
[setup reg-out] merge812/Q -> out18 : -11.570542
[setup reg-reg] s903/Q -> c450/SCE : -11.556369
[setup reg-reg] s882/Q -> merge824/DE : -11.537239
[setup reg-reg] s903/Q -> s877/D : -11.532551
[setup reg-reg] s882/Q -> merge840/D : -11.526592
[setup reg-reg] s903/Q -> c450/RESET_B : -11.502197
[setup reg-reg] s903/Q -> s858/D : -11.500200
[setup in-reg] in4 -> merge821/D : -11.446595
[setup reg-reg] s903/Q -> s908/D : -11.444330
[setup reg-reg] merge841/Q -> s905/D : -11.411703
[setup reg-reg] s903/Q -> merge824/D : -11.407180
[setup reg-reg] s882/Q -> merge836/D : -11.396008
[setup reg-reg] s903/Q -> s876/D : -11.387623
[setup reg-reg] s903/Q -> s874/D : -11.375979
[setup reg-reg] s882/Q -> s895/GATE : -11.360474
[setup reg-reg] s903/Q -> merge785/SCE : -11.346231
[setup reg-reg] s882/Q -> s898/D : -11.295387
[setup in-reg] in4 -> merge822/RESET_B : -11.284419
[setup reg-reg] s903/Q -> c450/SCD : -11.274747
[setup reg-reg] s903/Q -> c339/SCE : -11.199811
[setup reg-reg] s903/Q -> merge779/SCD : -11.196339
[setup in-reg] in4 -> merge786/SCD : -11.193495
[setup reg-reg] s882/Q -> s896/GATE : -11.149136
[setup in-reg] in43 -> merge804/D : -11.129508
[setup reg-out] merge812/Q -> out14 : -11.084698
[setup reg-reg] s903/Q -> merge779/DE : -11.024545
[setup reg-reg] s903/Q -> merge812/D : -10.980891
[setup reg-out] s882/Q -> out16 : -10.955111
[setup reg-reg] s867/Q -> s882/D : -10.938993
[setup in-reg] in4 -> c299/SCE : -10.928063
[setup reg-reg] s867/Q -> s883/D : -10.875612
[setup in-reg] in4 -> merge821/RESET_B : -10.813104
[setup reg-reg] s867/Q -> merge827/SCE : -10.738692
[setup in-reg] in4 -> merge820/D : -10.734563
[setup reg-reg] s903/Q -> merge814/D : -10.730899
[setup reg-reg] s903/Q -> c454/SCE : -10.715292
[setup reg-reg] s903/Q -> s875/D : -10.694648
[setup reg-reg] s882/Q -> merge840/SET_B : -10.663844
[setup reg-reg] s882/Q -> c755/SCE : -10.646579
[setup reg-reg] s903/Q -> c339/D : -10.620780
[setup reg-reg] s882/Q -> c755/DE : -10.580317
[setup reg-reg] s903/Q -> merge812/SET_B : -10.446488
[setup reg-reg] s903/Q -> merge813/RESET_B : -10.440280
[setup in-reg] in4 -> merge820/RESET_B : -10.411917
[setup in-reg] in43 -> s852/D : -10.353480
[setup in-reg] in4 -> merge778/RESET_B : -10.338413
[setup in-reg] in4 -> c297/SCD : -10.321036
[setup reg-reg] s882/Q -> c732/D : -10.317801
[setup in-reg] in4 -> c305/RESET_B : -10.317699
[setup in-reg] in4 -> c297/RESET_B : -10.317528
[setup reg-reg] s903/Q -> merge801/D : -10.317160
[setup reg-reg] s882/Q -> c733/SCE : -10.280068
[setup reg-reg] merge811/Q -> c736/D : -10.252021
[setup in-reg] in4 -> c307/SCE : -10.200031
[setup in-reg] in4 -> c297/D : -10.194788
[setup reg-reg] s882/Q -> c755/D : -10.106262
[setup reg-reg] s867/Q -> s886/D : -9.964108
[setup reg-reg] merge841/Q -> s904/D : -9.955000
[setup reg-reg] s903/Q -> merge830/D : -9.919529
[setup reg-reg] s867/Q -> s881/GATE : -9.840233
[setup in-reg] in43 -> c103/SCE : -9.782065
[setup reg-reg] s882/Q -> c737/SCD : -9.751899
[setup in-reg] in43 -> merge831/RESET_B : -9.736976
[setup in-reg] in4 -> merge816/RESET_B : -9.702994
[setup reg-reg] merge811/Q -> c756/D : -9.648488
[setup reg-reg] merge812/Q -> c756/SCD : -9.594351
[setup in-reg] in4 -> merge778/SCD : -9.591581
[setup reg-reg] merge841/Q -> merge831/D : -9.510739
[setup in-reg] in43 -> merge804/RESET_B : -9.493053
[setup reg-reg] s867/Q -> merge819/D : -9.475636
[setup in-reg] in43 -> c105/SCD : -9.463681
[setup reg-reg] s882/Q -> c737/RESET_B : -9.426180
[setup reg-reg] merge841/Q -> c451/SCE : -9.413606
[setup reg-reg] s903/Q -> merge806/RESET_B : -9.386767
[setup reg-reg] s867/Q -> c670/SCD : -9.350992
[setup reg-reg] merge841/Q -> c446/SCE : -9.285527
[setup reg-reg] merge841/Q -> c338/SCD : -9.257649
[setup reg-reg] s867/Q -> s887/D : -9.257236
[setup reg-reg] merge841/Q -> c338/SCE : -9.214551
[setup reg-reg] merge841/Q -> c451/SET_B : -9.183323
[setup in-reg] in4 -> merge816/D : -9.168131
[setup reg-reg] s867/Q -> merge827/GATE : -9.166424
[setup in-reg] in4 -> s848/GATE : -9.131830
[setup reg-reg] s882/Q -> c732/SET_B : -9.031681
[setup in-reg] in4 -> merge841/D : -9.018394
[setup reg-out] merge812/Q -> out10 : -9.008172
[setup reg-reg] s882/Q -> c733/SET_B : -8.989188
[setup in-reg] in4 -> c299/SET_B : -8.987232
[setup in-reg] in43 -> c363/SCD : -8.969766
[setup reg-reg] s867/Q -> s878/D : -8.959107
[setup reg-reg] s903/Q -> merge811/SET_B : -8.955093
[setup in-reg] in4 -> merge838/D : -8.953691
[setup reg-reg] merge811/Q -> c736/SET_B : -8.878795
[setup reg-reg] merge811/Q -> c756/SCE : -8.841230
[setup reg-reg] merge841/Q -> merge772/SET_B : -8.828558
[setup reg-reg] merge841/Q -> c446/D : -8.803148
[setup reg-reg] s867/Q -> c673/SCE : -8.758936
[setup reg-reg] merge841/Q -> merge772/D : -8.735541
[setup reg-reg] merge812/Q -> s885/D : -8.553015
[setup reg-out] merge812/Q -> out43 : -8.536942
[setup reg-reg] merge841/Q -> c475/RESET_B : -8.535117
[setup reg-reg] merge841/Q -> merge772/RESET_B : -8.534999
[setup reg-out] merge812/Q -> out15 : -8.518246
[setup in-reg] in43 -> c105/SCE : -8.507353
[setup reg-reg] s882/Q -> c755/SCD : -8.476647
[setup in-reg] in43 -> s843/D : -8.436744
[setup reg-reg] s867/Q -> c671/SCE : -8.431375
[setup reg-reg] s867/Q -> merge837/SET_B : -8.394678
[setup reg-reg] s867/Q -> s880/GATE : -8.389567
[setup in-reg] in4 -> s863/GATE : -8.375731
[setup reg-reg] s867/Q -> s879/GATE : -8.371571
[setup reg-reg] s867/Q -> c673/D : -8.331955
[setup in-reg] in4 -> s899/D : -8.331739
[setup in-reg] in43 -> merge826/SCE : -8.324255
[setup reg-reg] merge841/Q -> c446/RESET_B : -8.320783
[setup in-reg] in4 -> merge838/SET_B : -8.279131
[setup in-reg] in43 -> s845/D : -8.279052
[setup in-reg] in43 -> s844/D : -8.276389
[setup in-reg] in4 -> merge778/D : -8.264525
[setup in-reg] in43 -> c363/RESET_B : -8.250657
[setup in-reg] in43 -> s842/D : -8.192987
[setup in-reg] in43 -> c103/SCD : -8.191482
[setup reg-reg] merge837/Q_N -> s888/D : -8.148943
[setup reg-reg] merge837/Q_N -> s900/D : -8.144392
[setup reg-reg] s882/Q -> c732/SCD : -8.093306
[setup reg-reg] s867/Q -> c670/SCE : -8.036804
[setup reg-reg] s882/Q -> c733/D : -7.995375
[setup in-reg] in43 -> c105/SET_B : -7.992961
[setup reg-reg] s903/Q -> s902/D : -7.990606
[setup in-reg] in4 -> merge833/D : -7.954340
[setup reg-reg] merge837/Q_N -> s889/D : -7.941725
[setup in-reg] in4 -> s854/D : -7.891356
[setup in-reg] in4 -> merge786/SCE : -7.846834
[setup reg-reg] merge837/Q_N -> merge815/D : -7.794332
[setup in-reg] in4 -> s855/D : -7.790808
[setup in-reg] in4 -> c170/SCD : -7.785070
[setup reg-reg] merge812/Q -> merge810/D : -7.784404
[setup reg-reg] s867/Q -> c671/D : -7.770285
[setup in-reg] in4 -> merge841/SET_B : -7.722039
[setup in-reg] in43 -> c216/RESET_B : -7.685872
[setup reg-reg] merge812/Q -> merge777/DE : -7.684263
[setup in-reg] in4 -> merge807/RESET_B : -7.665588
[setup in-reg] in4 -> c302/SCE : -7.662840
[setup reg-reg] s903/Q -> s850/D : -7.643406
[setup reg-reg] s867/Q -> c737/D : -7.627072
[setup in-reg] in4 -> merge807/D : -7.593243
[setup reg-reg] s903/Q -> merge766/D : -7.575206
[setup reg-reg] s882/Q -> c732/SCE : -7.538425
[setup in-reg] in43 -> s862/D : -7.498466
[setup reg-reg] merge811/Q -> c756/SET_B : -7.466601
[setup in-reg] in43 -> s847/GATE : -7.455514
[setup in-reg] in4 -> s867/D : -7.451337
[setup in-reg] in4 -> s865/GATE : -7.389160
[setup reg-reg] s867/Q -> c670/SET_B : -7.374617
[setup reg-reg] merge811/Q -> c736/SCE : -7.371803
[setup reg-reg] s903/Q -> merge766/SCE : -7.278874
[setup in-reg] in4 -> c305/SCE : -7.233213
[setup in-reg] in4 -> merge833/RESET_B : -7.220914
[setup in-reg] in43 -> s859/D : -7.218750
[setup in-reg] in4 -> c273/SCE : -7.175844
[setup reg-reg] s903/Q -> merge829/RESET_B : -7.174179
[setup reg-reg] s903/Q -> s849/GATE : -7.144435
[setup reg-reg] s867/Q -> c673/SET_B : -7.102560
[setup in-reg] in43 -> merge832/D : -7.015439
[setup reg-reg] merge812/Q -> merge794/RESET_B : -6.993648
[setup in-reg] in43 -> merge769/D : -6.986588
[setup reg-reg] s867/Q -> c671/SCD : -6.973604
[setup reg-reg] merge812/Q -> merge810/SET_B : -6.971933
[setup in-reg] in43 -> merge823/D : -6.885308
[setup reg-reg] s903/Q -> merge830/RESET_B : -6.795928
[setup in-reg] in4 -> s866/D : -6.785760
[setup in-reg] in43 -> c216/SCE : -6.769096
[setup in-reg] in4 -> merge829/D : -6.657907
[setup in-reg] in4 -> c270/SET_B : -6.614867
[setup in-reg] in4 -> c305/SCD : -6.587550
[setup reg-reg] s903/Q -> c208/SCD : -6.573924
[setup reg-reg] merge837/Q_N -> c674/SCD : -6.481186
[setup reg-reg] merge837/Q_N -> merge815/RESET_B : -6.439638
[setup reg-reg] merge812/Q -> merge777/SCE : -6.423575
[setup in-reg] in4 -> c170/D : -6.318446
[setup reg-reg] merge837/Q_N -> merge767/D : -6.276173
[setup reg-reg] merge812/Q -> merge777/D : -6.259381
[setup in-reg] in43 -> c103/RESET_B : -6.225296
[setup in-reg] in43 -> s846/D : -6.222230
[setup in-reg] in4 -> merge801/RESET_B : -6.212628
[setup in-reg] in4 -> s853/D : -6.113129
[setup reg-reg] s867/Q -> c671/SET_B : -6.096714
[setup in-reg] in43 -> c216/SCD : -6.080404
[setup in-reg] in43 -> s851/D : -6.042685
[setup reg-reg] s903/Q -> merge766/DE : -5.972417
[setup in-reg] in43 -> s861/D : -5.860562
[setup in-reg] in43 -> merge823/DE : -5.851420
[setup in-reg] in4 -> s864/GATE : -5.808064
[setup in-reg] in43 -> merge802/D : -5.796904
[setup in-reg] in43 -> merge805/D : -5.793925
[setup in-reg] in4 -> merge788/SCD : -5.766721
[setup reg-reg] s903/Q -> c208/RESET_B : -5.754838
[setup reg-reg] merge837/Q_N -> c674/SCE : -5.229126
[setup reg-out] merge812/Q -> out28 : -5.195939
[setup reg-out] s885/Q -> out0 : -5.159610
[setup in-reg] in43 -> merge839/D : -5.083990
[setup in-reg] in43 -> merge768/SCE : -5.035751
[setup in-reg] in43 -> merge817/D : -4.883686
[setup reg-reg] s903/Q -> c208/D : -4.869348
[setup in-reg] in4 -> c170/SET_B : -4.785281
[setup in-reg] in43 -> s907/D : -4.639503
[setup in-reg] in43 -> c129/D : -4.586342
[setup in-reg] in43 -> merge769/SCE : -4.488785
[setup in-reg] in43 -> s860/D : -4.480751
[setup in-reg] in43 -> merge784/D : -4.449147
[setup in-reg] in4 -> c407/RESET_B : -4.427850
[setup reg-reg] merge837/Q_N -> c674/SET_B : -4.424541
[setup in-reg] in43 -> c129/SCD : -4.396812
[setup in-reg] in43 -> merge785/D : -4.394772
[setup in-reg] in43 -> merge768/D : -4.365996
[setup in-reg] in43 -> merge798/SCD : -4.234522
[setup in-reg] in43 -> merge784/SCE : -4.222490
[setup in-reg] in43 -> c129/RESET_B : -4.219788
[setup in-reg] in43 -> merge832/RESET_B : -4.130696
[setup in-reg] in43 -> merge839/SET_B : -4.087499
[setup in-reg] in43 -> merge769/SET_B : -4.040865
[setup in-reg] in43 -> merge805/RESET_B : -3.976578
[setup in-reg] in4 -> c407/D : -3.898172
[setup in-reg] in43 -> merge769/SCD : -3.873718
[setup reg-reg] merge778/Q -> c299/RESET_B : -3.860533
[setup in-reg] in43 -> merge798/SCE : -3.816192
[setup in-reg] in43 -> c129/SET_B : -3.810512
[setup in-reg] in43 -> merge768/SCD : -3.731373
[setup in-reg] in43 -> merge798/RESET_B : -3.670225
[setup in-reg] in43 -> c105/D : -3.595091
[setup in-out] clk -> out33 : -3.446071
[setup in-reg] in43 -> c103/SET_B : -3.424412
[setup reg-reg] merge778/Q -> c297/SET_B : -3.419051
[setup in-reg] in43 -> merge784/RESET_B : -3.245381
[setup in-reg] in43 -> merge817/RESET_B : -3.216523
[setup in-reg] in43 -> merge768/DE : -3.121186
[setup in-reg] in43 -> c103/D : -3.083992
[setup in-reg] in43 -> merge785/RESET_B : -2.923138
[setup in-reg] in4 -> c270/RESET_B : -2.633631
[setup in-reg] in43 -> merge784/SCD : -2.610894
[setup in-reg] in4 -> c302/RESET_B : -2.321268
[setup in-reg] in43 -> merge766/SCD : -2.282563
[setup reg-reg] merge821/Q -> merge778/SET_B : -2.145165
[setup reg-reg] merge821/Q -> c305/SET_B : -2.087176
[setup reg-reg] s901/Q -> merge785/SCD : -1.971229
[setup in-reg] in4 -> merge788/D : -1.948855
[setup reg-reg] s901/Q -> c339/SCD : -1.773264
[setup reg-reg] s904/Q -> c475/D : -1.636564
[setup reg-reg] merge815/Q -> merge767/SCD : -1.561130
[setup reg-out] merge804/Q -> out44 : -1.378618
[setup in-reg] in43 -> merge784/SET_B : -1.360151
[setup reg-reg] s904/Q -> c446/SCD : -0.980192
[setup reg-reg] s906/Q -> c297/SCE : -0.602858
[setup reg-reg] merge813/Q -> c450/SET_B : -0.447078
[setup reg-reg] merge778/Q -> c302/SCD : -0.417382
[setup in-reg] clk -> c395/SCE : -0.255574
[setup reg-reg] merge821/Q -> merge778/SET_B : -0.220381
[setup reg-reg] merge821/Q -> c305/SET_B : -0.216862
[setup reg-out] s884/Q -> out17 : -0.210497
