
===========================================================================
Violator List
============================================================================
[hold in-reg] clk -> c124/SET_B : -6.210292
[hold in-reg] clk -> c125/RESET_B : -5.662979
[hold in-reg] clk -> c236/SET_B : -4.788107
[hold in-reg] clk -> c125/SET_B : -4.506503
[hold reg-reg] s825/Q -> c363/RESET_B : -4.183741
[hold in-reg] clk -> c236/RESET_B : -4.042362
[hold in-reg] clk -> c121/RESET_B : -2.908390
[hold reg-reg] c121/Q_N -> c123/RESET_B : -1.843332
[hold in-reg] clk -> c121/SET_B : -1.114848
[hold in-reg] clk -> c124/RESET_B : -0.657096
[hold reg-reg] merge767/Q -> c106/RESET_B : -0.261845
[hold reg-reg] c751/Q_N -> c752/RESET_B : -0.155544
[hold reg-reg] merge776/Q -> c729/RESET_B : -0.112924
[hold reg-reg] c751/Q_N -> c754/SET_B : -0.021519
[setup reg-reg] c97/Q -> c124/RESET_B : -10.427562
[setup reg-reg] c97/Q -> c125/SET_B : -9.880249
[setup reg-reg] c97/Q -> c236/RESET_B : -9.005379
[setup reg-reg] c97/Q -> c125/RESET_B : -8.723774
[setup reg-reg] c97/Q -> c236/SET_B : -8.259633
[setup reg-reg] c97/Q -> c121/SET_B : -7.125661
[setup reg-out] s867/Q -> out19 : -6.864591
[setup reg-out] c97/Q -> out51 : -6.832861
[setup reg-out] s816/Q -> out49 : -6.826569
[setup reg-reg] merge778/Q -> c363/RESET_B : -6.826086
[setup reg-out] s851/Q -> out7 : -6.357028
[setup reg-reg] s852/Q -> s865/D : -6.299198
[setup reg-reg] s852/Q -> s861/GATE : -6.289697
[setup reg-reg] s852/Q -> s864/D : -6.273684
[setup reg-reg] s852/Q -> s862/GATE : -6.251585
[setup reg-out] s816/Q -> out50 : -6.218009
[setup reg-reg] s871/Q -> c387/D : -6.191410
[setup reg-reg] s871/Q -> s870/D : -6.181712
[setup reg-reg] s871/Q -> s838/D : -6.071270
[setup reg-reg] s852/Q -> s863/GATE : -5.898787
[setup reg-reg] s852/Q -> c754/SCE : -5.865486
[setup reg-reg] s871/Q -> s839/D : -5.858500
[setup reg-reg] s871/Q -> c479/RESET_B : -5.472918
[setup reg-reg] s852/Q -> c752/SCE : -5.463424
[setup reg-out] s816/Q -> out44 : -5.450360
[setup reg-reg] merge767/Q -> c236/SCD : -5.409484
[setup reg-reg] s836/Q -> merge766/D : -5.405320
[setup reg-reg] s817/Q -> s833/D : -5.388096
[setup reg-reg] s871/Q -> c479/SCD : -5.385671
[setup reg-reg] s871/Q -> c366/D : -5.380062
[setup reg-reg] c97/Q -> c121/RESET_B : -5.373612
[setup reg-reg] s817/Q -> s832/D : -5.369752
[setup reg-reg] s871/Q -> c363/SCE : -5.367672
[setup reg-reg] s852/Q -> c751/SCE : -5.350508
[setup reg-reg] s836/Q -> s844/D : -5.349031
[setup reg-reg] s871/Q -> merge772/D : -5.340580
[setup reg-reg] s871/Q -> c471/SCD : -5.210706
[setup reg-reg] c97/Q -> s808/D : -5.196375
[setup reg-reg] merge767/Q -> s802/D : -5.165483
[setup reg-reg] s852/Q -> c754/SCD : -5.151536
[setup in-reg] in46 -> s807/D : -5.132695
[setup reg-reg] s852/Q -> c751/SCD : -5.115146
[setup reg-reg] s852/Q -> c752/D : -5.104958
[setup reg-reg] s871/Q -> c471/D : -5.099683
[setup reg-reg] s871/Q -> merge771/SCD : -5.066814
[setup reg-reg] s851/Q -> s852/D : -5.063983
[setup reg-reg] s871/Q -> c343/D : -5.060852
[setup reg-reg] s817/Q -> c417/RESET_B : -5.050191
[setup reg-reg] s817/Q -> s841/D : -5.042181
[setup reg-reg] s817/Q -> s843/D : -5.042004
[setup reg-reg] s871/Q -> c343/SCE : -5.030214
[setup reg-reg] c97/Q -> merge766/SCD : -5.025225
[setup reg-reg] s817/Q -> s856/D : -5.016598
[setup in-reg] in46 -> s871/D : -5.001151
[setup reg-reg] s871/Q -> c363/SET_B : -4.972417
[setup reg-reg] s852/Q -> c752/SCD : -4.951010
[setup reg-reg] s817/Q -> s842/D : -4.941091
[setup reg-reg] c97/Q -> c124/SET_B : -4.915861
[setup reg-reg] s817/Q -> s857/D : -4.844137
[setup reg-reg] merge767/Q -> c121/SCD : -4.830702
[setup reg-reg] merge767/Q -> c123/SCD : -4.830702
[setup reg-reg] s852/Q -> c751/D : -4.812598
[setup reg-reg] s871/Q -> merge772/SCD : -4.805335
[setup reg-reg] s871/Q -> c479/SET_B : -4.805221
[setup reg-reg] c97/Q -> s829/GATE : -4.794019
[setup reg-reg] c97/Q -> s801/D : -4.788567
[setup reg-reg] c97/Q -> c365/SCD : -4.744162
[setup reg-reg] c97/Q -> s800/D : -4.709672
[setup reg-out] s816/Q -> out30 : -4.685069
[setup reg-reg] s817/Q -> s859/D : -4.663707
[setup reg-reg] s817/Q -> s836/D : -4.659636
[setup reg-reg] s851/Q -> merge776/D : -4.654877
[setup reg-reg] s871/Q -> merge771/SCE : -4.647783
[setup reg-reg] s817/Q -> c417/D : -4.647227
[setup reg-reg] c97/Q -> s799/GATE : -4.644314
[setup reg-reg] s871/Q -> c343/SCD : -4.622244
[setup reg-reg] c97/Q -> c368/D : -4.616775
[setup reg-reg] s817/Q -> s869/D : -4.611304
[setup reg-reg] s871/Q -> merge771/RESET_B : -4.605229
[setup reg-reg] s817/Q -> s860/D : -4.595709
[setup reg-reg] s817/Q -> s858/D : -4.571266
[setup reg-reg] c97/Q -> c239/SCE : -4.566514
[setup reg-reg] s871/Q -> c363/SCD : -4.564585
[setup reg-reg] s817/Q -> merge782/DE : -4.561760
[setup reg-reg] merge767/Q -> s866/D : -4.530265
[setup in-reg] in46 -> c77/SCE : -4.517482
[setup reg-reg] s871/Q -> c343/RESET_B : -4.506398
[setup reg-reg] s871/Q -> c366/RESET_B : -4.499788
[setup reg-reg] s851/Q -> c754/D : -4.496642
[setup reg-reg] s817/Q -> merge780/D : -4.486436
[setup reg-reg] s851/Q -> c729/D : -4.481418
[setup reg-reg] merge767/Q -> c121/SCE : -4.465542
[setup reg-reg] merge767/Q -> c123/D : -4.460274
[setup reg-reg] s836/Q -> s849/D : -4.444381
[setup reg-reg] s836/Q -> s851/D : -4.441157
[setup reg-reg] s817/Q -> merge763/D : -4.429715
[setup in-reg] in46 -> c76/SCD : -4.409907
[setup reg-reg] s817/Q -> s873/D : -4.401116
[setup reg-reg] s817/Q -> merge781/DE : -4.397345
[setup in-reg] in46 -> c83/SCD : -4.390725
[setup reg-reg] s817/Q -> c671/SCD : -4.379976
[setup in-reg] in46 -> merge778/RESET_B : -4.366342
[setup reg-reg] c97/Q -> s814/GATE : -4.360238
[setup reg-reg] s836/Q -> s845/GATE : -4.355243
[setup reg-reg] s836/Q -> s847/GATE : -4.350538
[setup reg-reg] s836/Q -> s846/GATE : -4.348429
[setup reg-reg] c97/Q -> s815/GATE : -4.322045
[setup reg-reg] c97/Q -> s816/D : -4.319014
[setup reg-reg] s836/Q -> s848/D : -4.316001
[setup reg-reg] s871/Q -> c366/SET_B : -4.313799
[setup in-reg] in46 -> c83/D : -4.311365
[setup reg-reg] s817/Q -> merge782/SCD : -4.295378
[setup reg-reg] s817/Q -> c671/D : -4.289149
[setup reg-reg] s871/Q -> merge772/SET_B : -4.286373
[setup reg-reg] c97/Q -> s811/D : -4.276999
[setup reg-reg] c97/Q -> s813/GATE : -4.267311
[setup reg-reg] s817/Q -> s835/D : -4.261007
[setup reg-reg] s871/Q -> merge771/D : -4.256908
[setup reg-reg] s817/Q -> merge781/D : -4.251630
[setup reg-reg] s817/Q -> merge781/SCD : -4.249055
[setup reg-reg] s871/Q -> c471/RESET_B : -4.235500
[setup in-reg] in46 -> c202/SET_B : -4.226626
[setup reg-out] s867/Q -> out5 : -4.201429
[setup reg-reg] s817/Q -> c674/RESET_B : -4.197961
[setup reg-reg] s817/Q -> merge763/RESET_B : -4.197919
[setup in-reg] in46 -> c102/RESET_B : -4.147308
[setup in-reg] in46 -> c97/SCD : -4.143215
[setup reg-reg] merge767/Q -> c125/SET_B : -4.090830
[setup reg-out] s867/Q -> out21 : -4.060960
[setup reg-reg] c97/Q -> s809/D : -4.050755
[setup in-reg] in46 -> c77/D : -4.048597
[setup reg-reg] c97/Q -> c124/SCE : -4.036537
[setup reg-reg] s868/Q -> s804/D : -4.013010
[setup reg-reg] s836/Q -> s837/D : -4.008594
[setup reg-reg] s868/Q -> s805/D : -3.996982
[setup reg-reg] s817/Q -> c417/SCD : -3.960235
[setup reg-reg] c97/Q -> c251/SCD : -3.891404
[setup reg-reg] c97/Q -> s812/D : -3.884873
[setup reg-reg] c97/Q -> s810/D : -3.846943
[setup in-reg] in46 -> merge778/SCE : -3.819198
[setup reg-reg] s817/Q -> merge763/SCD : -3.817255
[setup reg-out] s816/Q -> out45 : -3.774912
[setup reg-reg] merge767/Q -> c125/RESET_B : -3.773127
[setup reg-reg] s817/Q -> merge782/SCE : -3.758896
[setup reg-reg] c97/Q -> c124/RESET_B : -3.746259
[setup reg-reg] s836/Q -> merge780/SET_B : -3.717890
[setup reg-reg] s871/Q -> c363/RESET_B : -3.705067
[setup in-reg] in46 -> merge778/SET_B : -3.698247
[setup in-reg] in42 -> s806/D : -3.678021
[setup reg-reg] s806/Q -> s823/D : -3.623559
[setup reg-reg] s868/Q -> c194/D : -3.587812
[setup reg-reg] merge778/Q -> s831/GATE : -3.574180
[setup reg-out] s867/Q -> out18 : -3.560125
[setup reg-reg] s817/Q -> merge782/D : -3.528874
[setup in-reg] in46 -> c97/RESET_B : -3.521553
[setup reg-reg] c97/Q -> c122/D : -3.495957
[setup reg-reg] c97/Q -> c122/RESET_B : -3.484006
[setup in-reg] in46 -> c77/SCD : -3.482601
[setup reg-reg] s806/Q -> s822/D : -3.476297
[setup in-reg] in46 -> c76/RESET_B : -3.438308
[setup in-reg] in20 -> s818/D : -3.419758
[setup in-reg] in46 -> c83/RESET_B : -3.417356
[setup in-reg] in46 -> c76/SCE : -3.401591
[setup reg-reg] s817/Q -> c674/SCE : -3.323886
[setup reg-reg] c97/Q -> c251/SCE : -3.320455
[setup reg-reg] s871/Q -> c471/SET_B : -3.252495
[setup reg-reg] c97/Q -> c251/D : -3.240316
[setup reg-reg] merge778/Q -> s874/D : -3.220309
[setup reg-reg] s806/Q -> c322/D : -3.213424
[setup reg-reg] s868/Q -> s872/D : -3.206725
[setup reg-reg] s817/Q -> merge763/SET_B : -3.197962
[setup in-reg] in25 -> s834/D : -3.193427
[setup reg-reg] s817/Q -> c417/SCE : -3.138112
[setup reg-reg] s869/Q -> s868/D : -3.088867
[setup reg-reg] s868/Q -> s803/D : -3.085036
[setup reg-reg] s868/Q -> c191/D : -3.084552
[setup reg-reg] s871/Q -> merge772/RESET_B : -3.031799
[setup reg-reg] c97/Q -> c239/SCD : -3.002776
[setup reg-reg] merge767/Q -> c121/D : -2.987396
[setup reg-out] c366/Q -> out26 : -2.984727
[setup reg-reg] merge778/Q -> s840/D : -2.944953
[setup reg-reg] s869/Q -> s817/D : -2.934669
[setup reg-reg] s871/Q -> c343/SET_B : -2.928196
[setup reg-reg] s868/Q -> merge786/SCE : -2.896533
[setup reg-reg] s869/Q -> s821/D : -2.883228
[setup reg-reg] s869/Q -> s819/D : -2.867013
[setup reg-reg] merge778/Q -> s830/GATE : -2.863647
[setup reg-reg] s869/Q -> s820/D : -2.861012
[setup in-reg] in42 -> merge783/SCE : -2.856578
[setup in-reg] in42 -> c192/D : -2.842970
[setup reg-reg] merge767/Q -> c236/RESET_B : -2.840403
[setup reg-reg] s868/Q -> merge786/SET_B : -2.828185
[setup reg-reg] s817/Q -> c671/RESET_B : -2.826560
[setup reg-reg] s869/Q -> c275/D : -2.808446
[setup reg-reg] merge767/Q -> c123/SET_B : -2.794805
[setup reg-reg] c97/Q -> c122/SCE : -2.779527
[setup reg-reg] s868/Q -> merge786/SCD : -2.773920
[setup reg-reg] merge778/Q -> merge776/SCD : -2.655513
[setup reg-reg] merge778/Q -> c480/SET_B : -2.631028
[setup reg-reg] s867/Q -> s853/D : -2.606171
[setup reg-reg] merge767/Q -> c236/SET_B : -2.603263
[setup in-reg] in42 -> c192/SCD : -2.600484
[setup reg-reg] c121/Q_N -> c123/RESET_B : -2.573789
[setup reg-reg] merge778/Q -> c361/SCD : -2.544446
[setup reg-reg] merge778/Q -> s827/D : -2.468233
[setup reg-reg] s869/Q -> c281/D : -2.462825
[setup reg-reg] s869/Q -> c278/DE : -2.449968
[setup reg-out] c366/Q -> out46 : -2.442546
[setup reg-out] s852/Q -> out3 : -2.423354
[setup in-reg] in20 -> c279/SET_B : -2.419737
[setup reg-reg] s806/Q -> c322/SET_B : -2.417686
[setup reg-reg] s868/Q -> c191/SCD : -2.386414
[setup reg-reg] merge778/Q -> c358/DE : -2.360786
[setup reg-reg] merge778/Q -> s826/D : -2.332361
[setup reg-reg] merge778/Q -> c348/D : -2.301498
[setup reg-reg] merge778/Q -> s828/D : -2.294183
[setup reg-reg] s870/Q -> c387/SCE : -2.281859
[setup reg-reg] s869/Q -> c278/D : -2.259006
[setup in-reg] in42 -> merge783/SCD : -2.214728
[setup reg-reg] s867/Q -> merge777/SCE : -2.200402
[setup reg-reg] merge767/Q -> c236/D : -2.195595
[setup reg-reg] s806/Q -> c322/SCE : -2.172737
[setup reg-reg] merge778/Q -> c358/D : -2.169988
[setup reg-out] s870/Q -> out12 : -2.168601
[setup reg-reg] merge778/Q -> c361/DE : -2.159665
[setup reg-reg] merge776/Q -> c755/D : -2.156113
[setup reg-reg] merge778/Q -> c345/SCD : -2.138439
[setup reg-reg] s869/Q -> c281/SCE : -2.128516
[setup reg-reg] s869/Q -> c275/SCE : -2.128011
[setup reg-reg] merge778/Q -> merge766/SET_B : -2.124430
[setup in-reg] in46 -> c77/SET_B : -2.122239
[setup reg-reg] s870/Q -> c387/RESET_B : -2.092575
[setup reg-reg] s836/Q -> c715/D : -2.086876
[setup reg-reg] c97/Q -> c239/SET_B : -2.036938
[setup reg-reg] s867/Q -> merge777/SET_B : -2.025534
[setup reg-reg] s836/Q -> c715/SCE : -2.006479
[setup reg-reg] merge778/Q -> c365/RESET_B : -2.003928
[setup reg-reg] merge778/Q -> c480/SCD : -1.993208
[setup reg-reg] s869/Q -> c275/SCD : -1.958962
[setup reg-reg] merge778/Q -> c345/SCE : -1.923871
[setup in-reg] in42 -> merge783/RESET_B : -1.891001
[setup reg-reg] merge778/Q -> c345/SET_B : -1.885596
[setup reg-reg] s836/Q -> merge765/D : -1.861615
[setup reg-reg] s836/Q -> c707/RESET_B : -1.823363
[setup reg-reg] s806/Q -> c322/RESET_B : -1.814554
[setup reg-reg] merge778/Q -> c348/SCE : -1.799978
[setup reg-reg] s867/Q -> c628/SCE : -1.781735
[setup reg-reg] c278/Q -> s855/D : -1.743674
[setup reg-reg] merge778/Q -> c345/D : -1.729754
[setup reg-reg] s817/Q -> c417/SET_B : -1.728239
[setup reg-reg] merge778/Q -> c361/SCE : -1.718808
[setup reg-reg] merge767/Q -> c123/SCE : -1.713183
[setup reg-reg] merge778/Q -> c365/D : -1.704354
[setup reg-reg] s870/Q -> c387/SCD : -1.695130
[setup in-reg] in42 -> merge783/SET_B : -1.689854
[setup reg-reg] merge778/Q -> c358/SCD : -1.686421
[setup reg-reg] c97/Q -> c251/SET_B : -1.664370
[setup reg-reg] s869/Q -> c278/SCD : -1.556709
[setup reg-reg] merge776/Q -> c755/SET_B : -1.548657
[setup reg-out] c366/Q -> out33 : -1.544694
[setup reg-reg] s836/Q -> merge780/SCE : -1.521571
[setup reg-reg] merge776/Q -> c755/SCD : -1.519009
[setup reg-reg] c278/Q -> s854/D : -1.500862
[setup reg-reg] s867/Q -> s867/D : -1.457326
[setup reg-reg] s868/Q -> c191/SET_B : -1.428766
[setup reg-reg] s867/Q -> c628/SCD : -1.417821
[setup reg-reg] merge767/Q -> c236/SCE : -1.408200
[setup reg-reg] merge778/Q -> c348/SCD : -1.344836
[setup reg-reg] c278/Q -> c678/SCE : -1.290604
[setup reg-reg] c97/Q -> c122/SCD : -1.279914
[setup reg-reg] merge776/Q -> c755/RESET_B : -1.258826
[setup reg-reg] c278/Q -> c670/D : -1.156744
[setup reg-reg] s851/Q -> c628/D : -1.110916
[setup reg-reg] s867/Q -> merge777/SCD : -1.011181
[setup reg-reg] s806/Q -> c322/SCD : -1.001493
[setup reg-reg] merge778/Q -> c480/RESET_B : -0.988998
[setup reg-reg] s851/Q -> merge777/D : -0.954724
[setup reg-reg] c278/Q -> c670/RESET_B : -0.892563
[setup reg-out] c366/Q -> out47 : -0.887816
[setup reg-reg] c278/Q -> c540/RESET_B : -0.819789
[setup reg-reg] s843/Q -> s850/D : -0.800996
[setup reg-reg] c278/Q -> c540/SET_B : -0.778655
[setup reg-reg] s871/Q -> merge778/D : -0.773277
[setup reg-reg] s869/Q -> c275/SET_B : -0.713239
[setup in-reg] in46 -> s792/D : -0.688660
[setup reg-reg] merge767/Q -> c125/D : -0.686766
[setup reg-reg] c278/Q -> c538/SET_B : -0.680364
[setup reg-reg] s871/Q -> c83/SCE : -0.680247
[setup reg-reg] s803/Q -> c194/SCD : -0.655664
[setup in-reg] in46 -> s794/D : -0.653023
[setup in-reg] in46 -> s793/D : -0.632895
[setup reg-reg] s871/Q -> c202/D : -0.615828
[setup in-reg] in46 -> s795/D : -0.591029
[setup reg-reg] c278/Q -> c538/RESET_B : -0.543791
[setup reg-reg] s868/Q -> c278/SCE : -0.529232
[setup reg-reg] s867/Q -> c628/RESET_B : -0.526606
[setup reg-reg] merge767/Q -> c121/SET_B : -0.523177
[setup in-reg] in46 -> s796/D : -0.506724
[setup in-reg] in42 -> merge783/D : -0.476555
[setup reg-reg] c278/Q -> c540/SCE : -0.453260
[setup in-reg] in46 -> c81/SCE : -0.439443
[setup in-reg] in46 -> s797/GATE : -0.424786
[setup in-reg] in46 -> merge773/SCE : -0.419903
[setup in-reg] in46 -> c211/D : -0.407964
[setup in-reg] in46 -> s798/GATE : -0.407411
[setup reg-reg] c97/Q -> c239/D : -0.404881
[setup in-reg] in46 -> merge767/D : -0.369317
[setup in-reg] in46 -> c82/SCE : -0.323549
[setup reg-reg] merge778/Q -> c345/RESET_B : -0.318375
[setup reg-reg] s867/Q -> merge777/RESET_B : -0.286014
[setup reg-reg] merge767/Q -> c106/RESET_B : -0.275594
[setup reg-reg] s854/Q -> c678/SET_B : -0.243551
[setup in-reg] in46 -> c106/D : -0.201340
[setup reg-reg] c278/Q -> c540/SCD : -0.185445
[setup in-reg] in46 -> c99/SCD : -0.180060
[setup in-reg] in46 -> c98/SCD : -0.180036
[setup in-reg] in46 -> c82/SCD : -0.177485
[setup reg-reg] s852/Q -> merge776/SET_B : -0.106210
[setup reg-reg] s803/Q -> c194/SET_B : -0.100331
[setup in-reg] in46 -> merge773/SCD : -0.084050
[setup in-reg] in46 -> c78/SCE : -0.051502
[setup in-reg] in46 -> merge773/D : -0.029114
Writing metric timing__hold_vio__count__corner:nom_tt_025C_1v80: 14
Writing metric timing__hold_r2r__ws__corner:nom_tt_025C_1v80: -4.183741
Writing metric timing__hold_r2r_vio__count__corner:nom_tt_025C_1v80: 6
Writing metric timing__setup_vio__count__corner:nom_tt_025C_1v80: 322
Writing metric timing__setup_r2r__ws__corner:nom_tt_025C_1v80: -10.427562
Writing metric timing__setup_r2r_vio__count__corner:nom_tt_025C_1v80: 256
