
===========================================================================
Violator List
============================================================================
[setup in-reg] in9 -> s792/D : -8.429185
[setup in-reg] in9 -> s796/D : -6.930753
[setup in-reg] in9 -> merge764/RESET_B : -6.536728
[setup in-reg] in9 -> c589/D : -6.388905
[setup in-reg] in9 -> c488/SCE : -6.248649
[setup in-reg] in9 -> s797/D : -6.201997
[setup in-reg] in9 -> merge773/SCD : -6.120644
[setup in-reg] in9 -> merge772/D : -6.103971
[setup in-reg] in9 -> c702/SCE : -5.775596
[setup in-reg] in9 -> merge764/SCD : -5.712893
[setup in-reg] in9 -> c458/D : -5.636229
[setup in-reg] in9 -> merge758/RESET_B : -5.598459
[setup in-reg] in9 -> c755/SCD : -5.551102
[setup in-reg] in9 -> c692/D : -5.530598
[setup in-reg] in9 -> c602/D : -5.522685
[setup in-reg] in9 -> c707/D : -5.487046
[setup in-reg] in9 -> c463/SCE : -5.480194
[setup in-reg] in9 -> merge773/SCE : -5.473842
[setup in-reg] in9 -> c701/D : -5.452393
[setup in-reg] in3 -> c261/D : -5.428286
[setup in-reg] in9 -> c702/D : -5.416482
[setup in-reg] in9 -> merge773/D : -5.342654
[setup in-reg] in3 -> c124/D : -5.254819
[setup in-reg] in3 -> c110/D : -5.226613
[setup in-reg] in3 -> c504/D : -5.199813
[setup in-reg] in3 -> c248/SCE : -5.150694
[setup in-reg] in9 -> c322/D : -5.142473
[setup in-reg] in9 -> merge765/D : -4.976851
[setup in-reg] in9 -> merge773/SET_B : -4.945598
[setup in-reg] in9 -> merge780/D : -4.819239
[setup in-reg] in9 -> c261/SET_B : -4.797505
[setup in-reg] in9 -> c745/D : -4.797344
[setup in-reg] in9 -> c690/D : -4.783090
[setup in-reg] in9 -> c702/RESET_B : -4.750845
[setup in-reg] in9 -> merge765/RESET_B : -4.700197
[setup in-reg] in9 -> merge780/SCE : -4.676326
[setup in-reg] in9 -> merge773/RESET_B : -4.664714
[setup in-reg] in9 -> c505/RESET_B : -4.578609
[setup in-reg] in9 -> c745/SET_B : -4.525923
[setup in-reg] in9 -> merge758/SCE : -4.511524
[setup in-reg] in9 -> c681/RESET_B : -4.490129
[setup in-reg] in9 -> c407/D : -4.448489
[setup in-reg] in9 -> merge772/SCE : -4.376155
[setup in-reg] in9 -> c237/RESET_B : -4.343241
[setup in-reg] in9 -> c689/RESET_B : -4.334990
[setup in-reg] in9 -> c603/D : -4.315710
[setup in-reg] in9 -> merge765/SCD : -4.311079
[setup in-reg] in3 -> c260/RESET_B : -4.305717
[setup in-reg] in9 -> c707/SET_B : -4.304790
[setup in-reg] in9 -> s791/D : -4.247321
[setup in-reg] in9 -> c680/SET_B : -4.234296
[setup in-reg] in9 -> c680/RESET_B : -4.176495
[setup in-reg] in3 -> c248/SET_B : -4.172728
[setup in-out] in9 -> out60 : -4.163800
[setup in-reg] in9 -> c755/SET_B : -4.160436
[setup in-out] in3 -> out10 : -4.123631
[setup in-reg] in9 -> s790/D : -4.051898
[setup in-reg] in3 -> s788/GATE : -4.047788
[setup in-reg] in9 -> c675/RESET_B : -4.047437
[setup in-reg] in9 -> c681/D : -4.031626
[setup in-reg] in3 -> c260/SCD : -4.013744
[setup in-reg] in3 -> c248/SCD : -4.004940
[setup in-reg] in9 -> merge757/D : -4.002961
[setup in-reg] in9 -> merge765/SET_B : -3.955214
[setup in-out] in3 -> out46 : -3.934404
[setup in-out] in3 -> out1 : -3.907861
[setup in-reg] in9 -> c702/SCD : -3.882730
[setup in-reg] in9 -> c701/SCD : -3.873464
[setup in-reg] in9 -> c417/RESET_B : -3.839997
[setup reg-reg] c667/Q -> c723/SCE : -3.805172
[setup in-reg] in3 -> c124/RESET_B : -3.792727
[setup in-reg] in9 -> c665/RESET_B : -3.687145
[setup in-reg] in9 -> c370/SCD : -3.680792
[setup reg-out] s793/Q -> out4 : -3.584104
[setup in-reg] in3 -> c110/RESET_B : -3.570099
[setup in-reg] in3 -> c260/D : -3.544146
[setup in-reg] in9 -> merge780/RESET_B : -3.506629
[setup in-reg] in3 -> s793/D : -3.497530
[setup in-out] in3 -> out42 : -3.460931
[setup in-reg] in9 -> c701/RESET_B : -3.459453
[setup in-reg] in21 -> c463/RESET_B : -3.366715
[setup in-out] in3 -> out40 : -3.347237
[setup in-reg] in3 -> c632/SCD : -3.331016
[setup in-reg] in9 -> c322/SET_B : -3.291630
[setup in-reg] in9 -> c458/RESET_B : -3.260087
[setup in-out] in3 -> out23 : -3.227939
[setup in-out] in9 -> out7 : -3.101773
[setup in-reg] in9 -> c614/D : -3.073636
[setup in-out] in9 -> out50 : -3.057754
[setup in-out] in9 -> out31 : -3.037706
[setup in-out] in3 -> out58 : -3.025576
[setup in-reg] in3 -> s794/D : -3.023153
[setup in-reg] in9 -> s787/GATE : -2.983568
[setup in-reg] in9 -> merge766/D : -2.949930
[setup in-reg] in9 -> s786/D : -2.938897
[setup in-reg] in3 -> merge761/SCD : -2.924476
[setup in-reg] in3 -> c124/SET_B : -2.922958
[setup in-reg] in3 -> c238/SCE : -2.886480
[setup in-reg] in3 -> c240/SCE : -2.858847
[setup in-reg] in21 -> c322/RESET_B : -2.826682
[setup reg-out] s791/Q -> out13 : -2.815563
[setup in-reg] in3 -> s782/D : -2.813740
[setup in-reg] in9 -> c590/SCE : -2.791030
[setup in-reg] in3 -> c495/SCD : -2.778192
[setup in-reg] in9 -> c609/SCD : -2.776649
[setup reg-reg] s795/Q -> c754/D : -2.704513
[setup in-reg] in3 -> c750/SCD : -2.697720
[setup in-reg] in3 -> merge761/D : -2.682461
[setup in-reg] in9 -> s795/D : -2.642620
[setup reg-reg] c667/Q -> c754/SCE : -2.579843
[setup in-reg] in9 -> c614/SCE : -2.579466
[setup in-reg] in9 -> s800/D : -2.574147
[setup in-reg] in9 -> c607/D : -2.559109
[setup in-reg] in3 -> merge767/SCE : -2.527821
[setup in-out] in3 -> out6 : -2.526038
[setup reg-reg] s791/Q -> s798/D : -2.518823
[setup in-reg] in9 -> s789/GATE : -2.498951
[setup in-out] in9 -> out28 : -2.487937
[setup reg-reg] c667/Q -> c697/D : -2.482388
[setup in-reg] in3 -> s784/D : -2.470100
[setup in-reg] in3 -> s783/D : -2.468350
[setup in-reg] in3 -> c110/SET_B : -2.432828
[setup in-out] in9 -> out35 : -2.390290
[setup in-out] in3 -> out16 : -2.306883
[setup in-reg] in9 -> c500/D : -2.228100
[setup reg-reg] c667/Q -> c697/SCE : -2.214592
[setup reg-reg] c667/Q -> c697/SCD : -2.178021
[setup in-out] in3 -> out44 : -2.168808
[setup in-reg] in9 -> merge764/SET_B : -2.125575
[setup in-out] in9 -> out37 : -2.117140
[setup in-reg] in9 -> c325/D : -2.080320
[setup in-reg] in9 -> s785/D : -2.064138
[setup in-out] in9 -> out8 : -2.058954
[setup in-reg] in9 -> c349/D : -2.031284
[setup in-reg] in9 -> c609/D : -2.019039
[setup reg-reg] s793/Q -> c754/RESET_B : -2.014708
[setup in-reg] in9 -> merge779/SCD : -1.999678
[setup in-out] in9 -> out43 : -1.997924
[setup in-reg] in9 -> merge763/D : -1.996907
[setup in-reg] in9 -> merge776/D : -1.993885
[setup in-out] in9 -> out21 : -1.979386
[setup in-out] in3 -> out47 : -1.960601
[setup in-reg] in9 -> c407/RESET_B : -1.954487
[setup in-reg] in9 -> c359/SCD : -1.945246
[setup in-reg] in9 -> c625/SCD : -1.941686
[setup in-reg] in9 -> c579/SCD : -1.904498
[setup in-reg] in9 -> c357/SCE : -1.896882
[setup reg-reg] s791/Q -> merge762/SCD : -1.871005
[setup in-reg] in9 -> c495/SCE : -1.847063
[setup in-reg] in9 -> c199/SCE : -1.841657
[setup in-reg] in9 -> c690/RESET_B : -1.840749
[setup in-reg] in9 -> c439/SCD : -1.833374
[setup in-reg] in9 -> merge766/DE : -1.831776
[setup in-reg] in3 -> merge767/DE : -1.796906
[setup in-reg] in9 -> c471/SCE : -1.791050
[setup in-reg] in3 -> c497/D : -1.775300
[setup in-reg] in9 -> c488/RESET_B : -1.774814
[setup in-reg] in9 -> merge760/D : -1.762961
[setup in-out] in3 -> out61 : -1.743994
[setup reg-reg] c667/Q -> s799/D : -1.740805
[setup in-reg] in9 -> merge760/RESET_B : -1.709115
[setup in-reg] in9 -> merge769/D : -1.707196
[setup in-reg] in9 -> c692/RESET_B : -1.691538
[setup in-reg] in9 -> c725/SCD : -1.690763
[setup in-reg] in9 -> c630/SCD : -1.681448
[setup in-reg] in9 -> c590/SCD : -1.672387
[setup reg-reg] s795/Q -> c632/D : -1.660544
[setup in-out] in9 -> out19 : -1.656076
[setup in-reg] in9 -> c457/D : -1.655023
[setup in-out] in3 -> out32 : -1.643549
[setup in-reg] in3 -> c129/SCD : -1.632172
[setup in-reg] in3 -> merge771/DE : -1.615321
[setup reg-reg] c587/Q -> c614/SCD : -1.604687
[setup in-reg] in9 -> c471/D : -1.594604
[setup in-reg] in9 -> c431/D : -1.562106
[setup in-reg] in9 -> c428/D : -1.562050
[setup in-reg] in3 -> merge771/SCE : -1.549242
[setup in-reg] in9 -> merge766/SCD : -1.536230
[setup in-reg] in9 -> c608/D : -1.517270
[setup in-reg] in3 -> c255/SCD : -1.497853
[setup in-reg] in9 -> c372/D : -1.484208
[setup reg-reg] s795/Q -> c754/SCD : -1.478651
[setup in-reg] in3 -> c628/D : -1.447354
[setup in-reg] in3 -> c370/D : -1.445799
[setup reg-reg] s793/Q -> c754/SET_B : -1.445309
[setup in-reg] in9 -> c329/D : -1.439252
[setup in-reg] in9 -> c701/SET_B : -1.425224
[setup in-reg] in9 -> c328/D : -1.409532
[setup in-reg] in9 -> c609/SCE : -1.399108
[setup in-reg] in9 -> merge775/SCE : -1.399108
[setup in-reg] in3 -> c240/D : -1.379374
[setup in-reg] in3 -> c127/SCE : -1.366775
[setup in-reg] in9 -> merge774/D : -1.361605
[setup reg-out] merge764/Q_N -> out0 : -1.352584
[setup in-reg] in9 -> c457/SET_B : -1.348402
[setup in-reg] in9 -> merge770/SCD : -1.335617
[setup in-reg] in9 -> merge762/SCE : -1.316214
[setup in-out] in3 -> out3 : -1.285696
[setup in-reg] in9 -> c725/SCE : -1.264175
[setup in-reg] in9 -> c325/RESET_B : -1.258737
[setup in-reg] in9 -> merge757/RESET_B : -1.244578
[setup in-out] in9 -> out12 : -1.206945
[setup in-reg] in9 -> merge778/D : -1.199239
[setup in-reg] in9 -> merge781/RESET_B : -1.194355
[setup in-reg] in9 -> merge774/SCE : -1.187297
[setup in-reg] in9 -> c479/SCD : -1.162690
[setup in-reg] in9 -> c628/SCD : -1.162386
[setup in-reg] in9 -> c212/RESET_B : -1.141018
[setup in-reg] in9 -> merge763/SET_B : -1.131530
[setup reg-reg] s795/Q -> merge776/SCD : -1.130746
[setup in-out] in3 -> out22 : -1.080042
[setup in-out] in3 -> out59 : -1.069039
[setup in-reg] in9 -> c587/D : -1.054423
[setup in-reg] in9 -> c694/DE : -1.037511
[setup in-out] in3 -> out53 : -1.020990
[setup in-reg] in9 -> c683/SCD : -1.020523
[setup in-reg] in9 -> c695/DE : -1.016700
[setup in-reg] in9 -> c607/RESET_B : -1.014127
[setup reg-reg] c667/Q -> c714/SCD : -1.011254
[setup in-reg] in9 -> c587/RESET_B : -1.011069
[setup reg-reg] s795/Q -> c714/SCE : -1.001282
[setup in-reg] in9 -> c212/D : -0.993388
[setup in-reg] in9 -> c608/SCD : -0.988821
[setup in-reg] in9 -> merge775/SCD : -0.957566
[setup in-reg] in9 -> merge779/D : -0.954458
[setup in-reg] in9 -> c559/SCE : -0.941343
[setup in-reg] in9 -> merge759/D : -0.935559
[setup in-reg] in9 -> c328/SCD : -0.928512
[setup in-reg] in9 -> c569/SCD : -0.925404
[setup in-reg] in9 -> c579/SCE : -0.908955
[setup in-out] in3 -> out25 : -0.908067
[setup in-reg] in9 -> c567/SCE : -0.905304
[setup in-reg] in9 -> c568/SCD : -0.891443
[setup reg-reg] c666/Q -> c716/D : -0.886507
[setup in-reg] in9 -> merge762/RESET_B : -0.875531
[setup in-reg] in3 -> merge770/RESET_B : -0.859282
[setup in-reg] in9 -> c670/D : -0.842860
[setup in-reg] in3 -> merge767/D : -0.818650
[setup in-reg] in9 -> c231/D : -0.812187
[setup in-reg] in9 -> merge778/SCD : -0.771458
[setup in-reg] in9 -> merge777/D : -0.738403
[setup in-reg] in9 -> merge759/SCE : -0.734345
[setup in-reg] in9 -> c737/D : -0.729311
[setup in-reg] in9 -> merge763/SCD : -0.705508
[setup reg-reg] c666/Q -> c683/D : -0.681314
[setup in-reg] in9 -> c567/D : -0.670497
[setup in-reg] in9 -> c559/SCD : -0.664794
[setup in-reg] in9 -> c357/D : -0.654111
[setup in-reg] in9 -> c497/SCD : -0.587866
[setup in-reg] in9 -> merge775/RESET_B : -0.582773
[setup in-reg] in9 -> c608/SCE : -0.575897
[setup reg-reg] c587/Q -> c607/SET_B : -0.526319
[setup in-reg] in9 -> c559/D : -0.515824
[setup in-reg] in9 -> c543/D : -0.497937
[setup in-reg] in9 -> c416/D : -0.496588
[setup in-reg] in9 -> c568/SCE : -0.481601
[setup reg-reg] s795/Q -> c750/SET_B : -0.479195
[setup in-reg] in9 -> c712/SCD : -0.461165
[setup in-reg] in9 -> c674/SCE : -0.436664
[setup in-reg] in9 -> c716/SCE : -0.424589
[setup reg-out] merge780/Q -> out52 : -0.420046
[setup reg-reg] merge764/Q_N -> c630/SCE : -0.392718
[setup in-reg] in9 -> merge768/D : -0.392216
[setup in-reg] in9 -> merge776/SCE : -0.389284
[setup reg-reg] c589/Q -> c745/RESET_B : -0.385424
[setup in-reg] in9 -> c666/D : -0.384714
[setup in-reg] in9 -> merge781/SCE : -0.368699
[setup in-reg] in9 -> c667/D : -0.360512
[setup in-reg] in3 -> c129/RESET_B : -0.350202
[setup in-reg] in9 -> c723/GATE : -0.350148
[setup in-reg] in4 -> c681/SCE : -0.267255
[setup reg-reg] s790/Q -> c710/SET_B : -0.248238
[setup in-reg] in9 -> merge776/DE : -0.237706
[setup in-reg] in9 -> c710/RESET_B : -0.235149
[setup in-reg] in3 -> merge771/SCD : -0.212707
[setup in-reg] in3 -> c463/SET_B : -0.209155
[setup in-reg] in3 -> c255/SCE : -0.169653
[setup in-reg] in9 -> c429/SET_B : -0.167344
[setup in-reg] in3 -> c238/D : -0.161293
[setup in-reg] in3 -> c125/SET_B : -0.159324
[setup in-reg] in9 -> c568/D : -0.139536
[setup in-reg] in9 -> c440/RESET_B : -0.126497
[setup in-reg] in4 -> c680/SCE : -0.114092
[setup in-reg] in3 -> merge767/SCD : -0.113181
[setup in-reg] in21 -> c237/D : -0.092131
[setup in-reg] in9 -> c670/RESET_B : -0.088214
[setup in-reg] in3 -> c125/D : -0.066017
[setup in-reg] in9 -> merge768/SCD : -0.059472
[setup in-reg] in4 -> c665/D : 0.000000
[setup reg-reg] c683/Q -> c689/D : 0.000000
[setup reg-reg] c674/Q -> c675/D : 0.000000
