[WARNING ORD-0039] .openroad ignored with -python
[ERROR] Some inputs of instance 'c175' are not connected- add it to IGNORE_DISCONNECTED_MODULES if this is intentional
[ERROR] Some inputs of instance 'c371' are not connected- add it to IGNORE_DISCONNECTED_MODULES if this is intentional
[ERROR] Some inputs of instance 'merge827' are not connected- add it to IGNORE_DISCONNECTED_MODULES if this is intentional
[ERROR] Some inputs of instance 'merge900' are not connected- add it to IGNORE_DISCONNECTED_MODULES if this is intentional
Found 12 disconnected pin(s), of which 4 are critical.
┏━━━━━━━━━━━━━━━┳━━━━━━━━━━━━━━━┳━━━━━━━━━━━━━━┳━━━━━━━━━━━━━━━┳━━━━━━━━━━━━━━━┓
┃ Macro/Instan… ┃ Power Pins    ┃ Disconnected ┃ Signal Pins   ┃ Disconnected  ┃
┡━━━━━━━━━━━━━━━╇━━━━━━━━━━━━━━━╇━━━━━━━━━━━━━━╇━━━━━━━━━━━━━━━╇━━━━━━━━━━━━━━━┩
│ c175          │ c175/VGND     │              │ c175/A0       │ c175/S1       │
│               │ c175/VNB      │              │ c175/A1       │               │
│               │ c175/VPB      │              │ c175/A2       │               │
│               │ c175/VPWR     │              │ c175/A3       │               │
│               │               │              │ c175/S0       │               │
│               │               │              │ c175/X        │               │
│ c371          │ c371/VGND     │              │ c371/A0       │ c371/S1       │
│               │ c371/VNB      │              │ c371/A1       │               │
│               │ c371/VPB      │              │ c371/A2       │               │
│               │ c371/VPWR     │              │ c371/A3       │               │
│               │               │              │ c371/S0       │               │
│               │               │              │ c371/X        │               │
│ merge827      │ merge827/VGND │              │ merge827/RES… │ merge827/D    │
│               │ merge827/VNB  │              │ merge827/Q    │               │
│               │ merge827/VPB  │              │               │               │
│               │ merge827/VPWR │              │               │               │
│ merge900      │ merge900/VGND │              │ merge900/D    │ merge900/RES… │
│               │ merge900/VNB  │              │ merge900/Q    │               │
│               │ merge900/VPB  │              │               │               │
│               │ merge900/VPWR │              │               │               │
└───────────────┴───────────────┴──────────────┴───────────────┴───────────────┘
