
===========================================================================
Violator List
============================================================================
[hold reg-reg] s756/Q -> c473/RESET_B : -3.285547
[hold in-reg] clk -> c607/SET_B : -2.799190
[hold reg-reg] c640/Q -> c698/SET_B : -2.302344
[hold reg-reg] c149/Q_N -> c710/SET_B : -1.685724
[hold reg-reg] c423/Q_N -> c561/SET_B : -1.660701
[hold reg-reg] c548/Q -> c554/SET_B : -0.878815
[hold reg-reg] s807/Q -> c582/SET_B : -0.862172
[hold in-reg] in7 -> c686/SET_B : -0.740075
[hold reg-reg] s804/Q -> c682/SET_B : -0.696108
[hold reg-reg] s807/Q -> c593/SET_B : -0.624531
[hold reg-reg] s799/Q_N -> c703/SET_B : -0.584930
[hold reg-reg] c527/Q -> c562/RESET_B : -0.248233
[hold in-reg] clk -> c392/SET_B : -0.036061
[setup reg-reg] s765/Q -> c607/RESET_B : -9.971744
[setup reg-reg] s802/Q -> c562/RESET_B : -8.207613
[setup reg-reg] s802/Q -> c554/SET_B : -7.574263
[setup reg-reg] s770/Q -> c468/SET_B : -7.403497
[setup reg-reg] s813/Q -> c680/SET_B : -6.833789
[setup reg-reg] s770/Q -> c710/SET_B : -6.285555
[setup reg-reg] c521/Q_N -> c703/SET_B : -5.137383
[setup in-reg] in2 -> s820/D : -4.957413
[setup in-reg] in2 -> s756/D : -4.619018
[setup in-reg] in20 -> s831/D : -4.585903
[setup reg-reg] s756/Q -> c476/D : -4.540364
[setup reg-reg] c521/Q_N -> c698/SET_B : -4.521801
[setup in-reg] in2 -> c711/SCE : -4.466033
[setup in-reg] in2 -> s803/D : -4.428267
[setup reg-out] s765/Q -> out0 : -4.405812
[setup reg-reg] c157/Q -> c303/RESET_B : -4.370054
[setup in-reg] in2 -> c157/SCD : -4.336112
[setup in-reg] in2 -> s788/D : -4.301878
[setup reg-reg] s756/Q -> c593/D : -4.219965
[setup in-reg] in2 -> s819/D : -4.135965
[setup in-reg] in2 -> c557/D : -4.105364
[setup in-reg] in2 -> c465/SCD : -4.063611
[setup in-reg] in2 -> c607/D : -4.024434
[setup reg-reg] s756/Q -> c474/SET_B : -4.005336
[setup reg-reg] s756/Q -> c473/SET_B : -3.994773
[setup reg-out] s750/Q_N -> out51 : -3.953387
[setup in-reg] in2 -> s799/D : -3.859888
[setup in-reg] in2 -> c252/RESET_B : -3.856825
[setup in-reg] in20 -> s771/D : -3.817731
[setup in-reg] in2 -> s815/D : -3.811738
[setup in-reg] in20 -> s751/D : -3.800969
[setup in-reg] in2 -> c681/SCE : -3.773247
[setup in-reg] in2 -> c252/D : -3.772125
[setup in-reg] in2 -> c698/RESET_B : -3.770557
[setup in-reg] in2 -> c350/D : -3.768556
[setup in-reg] in2 -> s772/D : -3.707584
[setup reg-out] s765/Q -> out10 : -3.703052
[setup reg-reg] s756/Q -> c350/SCD : -3.699813
[setup in-reg] in2 -> c711/SCD : -3.694388
[setup in-reg] in20 -> c341/SCE : -3.691937
[setup in-reg] in2 -> c607/SCE : -3.680692
[setup in-reg] in2 -> c341/SCD : -3.662420
[setup in-reg] in2 -> c473/RESET_B : -3.659261
[setup in-reg] in2 -> c232/SCE : -3.619111
[setup reg-out] s770/Q -> out4 : -3.610364
[setup in-reg] in2 -> c604/SCD : -3.559336
[setup in-reg] in2 -> c710/RESET_B : -3.554302
[setup reg-reg] s804/Q -> c682/SET_B : -3.547342
[setup reg-out] s750/Q -> out60 : -3.511461
[setup in-reg] in2 -> c474/D : -3.497552
[setup in-reg] in2 -> c607/RESET_B : -3.479205
[setup reg-out] s750/Q_N -> out58 : -3.435576
[setup in-reg] in2 -> c561/D : -3.403857
[setup in-reg] in2 -> c343/RESET_B : -3.389278
[setup in-reg] in2 -> c675/SCD : -3.378257
[setup in-reg] in2 -> c521/SET_B : -3.372145
[setup reg-reg] s756/Q -> c476/SET_B : -3.293271
[setup in-reg] in2 -> c349/SET_B : -3.246532
[setup reg-reg] s750/Q -> s830/D : -3.235001
[setup in-reg] in20 -> s755/D : -3.226941
[setup reg-reg] s750/Q -> s828/GATE : -3.224079
[setup in-reg] in2 -> c561/SCD : -3.206282
[setup reg-reg] s765/Q_N -> s797/D : -3.181609
[setup reg-reg] s801/Q -> s805/D : -3.149588
[setup reg-reg] s750/Q -> s827/GATE : -3.133327
[setup in-reg] in20 -> c343/D : -3.132090
[setup in-reg] in20 -> c100/D : -3.112278
[setup reg-reg] s801/Q -> s818/D : -3.107084
[setup in-reg] in2 -> s767/D : -3.102536
[setup reg-reg] s750/Q -> s826/GATE : -3.088956
[setup reg-reg] s750/Q -> s832/D : -3.078300
[setup in-reg] in2 -> c593/SCE : -3.074590
[setup reg-reg] s765/Q_N -> s796/GATE : -3.068657
[setup in-reg] in2 -> c710/SET_B : -3.062428
[setup reg-reg] s799/Q -> c698/SCE : -3.040371
[setup reg-reg] s801/Q -> s806/D : -3.039069
[setup reg-reg] s765/Q -> s821/D : -3.038701
[setup in-reg] in2 -> c350/SCE : -3.037657
[setup reg-reg] s799/Q -> c711/D : -3.031314
[setup reg-reg] s770/Q -> s824/D : -3.018076
[setup in-reg] in20 -> c120/SCE : -3.016234
[setup in-reg] in20 -> c114/D : -2.999475
[setup in-reg] in2 -> c202/SCE : -2.997964
[setup in-reg] in2 -> c202/RESET_B : -2.963501
[setup in-reg] in20 -> c94/D : -2.954228
[setup reg-reg] s756/Q -> c349/D : -2.954002
[setup in-reg] in20 -> c240/D : -2.937028
[setup in-reg] in2 -> c561/RESET_B : -2.932406
[setup in-reg] in2 -> c582/RESET_B : -2.921441
[setup reg-out] c157/Q -> out18 : -2.919677
[setup reg-out] s749/Q -> out45 : -2.896162
[setup in-reg] in20 -> c94/SCD : -2.891831
[setup reg-reg] c584/Q -> c587/RESET_B : -2.871544
[setup reg-out] c157/Q -> out38 : -2.869943
[setup reg-reg] s756/Q -> c582/D : -2.868831
[setup reg-reg] s799/Q -> c682/D : -2.862875
[setup in-reg] in20 -> c100/SCD : -2.857255
[setup reg-reg] s765/Q -> s812/GATE : -2.837107
[setup in-reg] in20 -> c100/RESET_B : -2.834209
[setup in-reg] in20 -> c116/D : -2.809661
[setup reg-reg] s799/Q -> c703/D : -2.789082
[setup reg-reg] s801/Q -> c580/D : -2.787446
[setup in-reg] in20 -> c111/D : -2.783827
[setup in-reg] in20 -> c114/SCE : -2.780590
[setup reg-reg] s765/Q -> s829/D : -2.766260
[setup in-reg] in2 -> c599/D : -2.753098
[setup in-reg] in2 -> c473/RESET_B : -2.742227
[setup reg-reg] s801/Q -> c572/SCD : -2.737087
[setup in-reg] in2 -> c593/RESET_B : -2.708375
[setup in-reg] in20 -> c120/SCD : -2.679912
[setup reg-reg] s799/Q -> c661/D : -2.669290
[setup reg-reg] s765/Q -> s817/D : -2.652850
[setup reg-reg] s750/Q -> s823/D : -2.645437
[setup reg-out] c157/Q -> out33 : -2.611109
[setup reg-reg] s799/Q -> c698/SCD : -2.591154
[setup in-reg] in20 -> c243/SET_B : -2.564499
[setup reg-out] s769/Q -> out6 : -2.552622
[setup reg-out] s797/Q -> out46 : -2.550143
[setup in-reg] in20 -> c607/SCD : -2.548584
[setup reg-out] c157/Q -> out61 : -2.535464
[setup reg-out] c157/Q -> out28 : -2.529125
[setup reg-reg] s799/Q -> c668/RESET_B : -2.518716
[setup in-reg] in2 -> c557/SCD : -2.463451
[setup in-reg] in20 -> c116/SET_B : -2.449466
[setup in-reg] in20 -> c111/SET_B : -2.449077
[setup in-reg] in20 -> c232/RESET_B : -2.398949
[setup in-reg] in2 -> s787/D : -2.396463
[setup in-reg] in2 -> s804/D : -2.382311
[setup in-reg] in20 -> c94/SET_B : -2.349131
[setup in-reg] in2 -> c686/SET_B : -2.333841
[setup reg-reg] s801/Q -> c562/D : -2.330164
[setup in-reg] in2 -> c554/SCD : -2.329941
[setup in-reg] in2 -> c668/D : -2.326721
[setup reg-reg] s799/Q -> c682/SCD : -2.325837
[setup reg-reg] s799/Q -> c675/SET_B : -2.308026
[setup in-reg] in2 -> c557/SCE : -2.295867
[setup reg-reg] s801/Q -> s807/D : -2.239752
[setup reg-out] c157/Q -> out21 : -2.233391
[setup reg-reg] s799/Q -> c698/SET_B : -2.220013
[setup in-reg] in2 -> c681/SCD : -2.206978
[setup reg-reg] s750/Q_N -> c463/D : -2.170691
[setup reg-reg] s765/Q -> c702/SCE : -2.159539
[setup reg-reg] s770/Q -> s825/D : -2.143286
[setup in-reg] in2 -> c157/D : -2.141947
[setup in-reg] in2 -> s783/D : -2.132471
[setup reg-reg] s756/Q -> c584/SET_B : -2.120303
[setup in-reg] in2 -> c675/D : -2.116786
[setup in-reg] in2 -> c640/D : -2.112619
[setup reg-out] s753/Q -> out59 : -2.099872
[setup in-reg] in2 -> c543/D : -2.068927
[setup reg-reg] s765/Q -> c680/RESET_B : -2.052965
[setup reg-reg] s765/Q -> c686/RESET_B : -2.052814
[setup reg-reg] s799/Q -> c661/RESET_B : -2.052514
[setup in-reg] in20 -> c114/RESET_B : -2.043353
[setup in-reg] in20 -> c232/SCD : -2.016866
[setup in-reg] in2 -> c599/SCD : -2.016237
[setup in-reg] in2 -> c517/SCD : -2.004807
[setup reg-out] c157/Q -> out37 : -1.990221
[setup in-out] in2 -> out29 : -1.989368
[setup reg-out] c157/Q -> out22 : -1.978414
[setup in-reg] in2 -> c554/RESET_B : -1.970618
[setup in-reg] in2 -> c703/RESET_B : -1.965577
[setup in-reg] in2 -> c682/RESET_B : -1.950888
[setup in-reg] in2 -> c517/D : -1.938692
[setup in-reg] in20 -> c243/RESET_B : -1.922826
[setup reg-out] s781/Q -> out32 : -1.901165
[setup reg-reg] s801/Q -> s814/D : -1.887784
[setup reg-reg] c157/Q -> s770/D : -1.882308
[setup reg-out] s752/Q -> out53 : -1.870857
[setup in-reg] in2 -> c668/SCE : -1.861179
[setup reg-reg] s799/Q -> c703/SET_B : -1.856711
[setup reg-reg] s765/Q -> c680/SCD : -1.850716
[setup reg-reg] s801/Q -> c555/SCE : -1.845857
[setup in-reg] in2 -> c556/SET_B : -1.825520
[setup in-reg] in2 -> c413/D : -1.811252
[setup in-reg] in2 -> c409/D : -1.795101
[setup reg-reg] s801/Q -> s822/D : -1.787877
[setup reg-reg] s750/Q_N -> s773/D : -1.785795
[setup reg-out] s754/Q -> out43 : -1.785436
[setup reg-reg] s801/Q -> c665/D : -1.768439
[setup reg-reg] s750/Q_N -> s778/GATE : -1.766561
[setup reg-reg] s750/Q_N -> s774/D : -1.758198
[setup reg-reg] c473/Q -> c474/RESET_B : -1.753085
[setup reg-reg] c157/Q -> s769/D : -1.748214
[setup reg-reg] s801/Q -> c552/D : -1.740559
[setup reg-reg] s750/Q_N -> s779/GATE : -1.717500
[setup reg-reg] s801/Q -> s813/D : -1.717046
[setup reg-reg] c473/Q_N -> c476/RESET_B : -1.712301
[setup in-reg] in2 -> c412/SCE : -1.710909
[setup reg-reg] s750/Q_N -> s777/D : -1.700061
[setup in-reg] in2 -> c412/RESET_B : -1.696551
[setup reg-reg] s801/Q -> s802/D : -1.641180
[setup in-reg] in20 -> c94/RESET_B : -1.629680
[setup reg-reg] s765/Q_N -> c595/D : -1.568236
[setup in-reg] in2 -> c681/D : -1.568123
[setup reg-reg] s782/Q_N -> s800/D : -1.545521
[setup reg-reg] s750/Q -> s811/GATE : -1.534002
[setup reg-reg] s801/Q -> c705/SCD : -1.505023
[setup in-reg] in2 -> c703/SCD : -1.503592
[setup reg-reg] s750/Q -> c345/SCE : -1.495864
[setup reg-reg] s765/Q_N -> c595/RESET_B : -1.493052
[setup reg-reg] s799/Q_N -> c675/RESET_B : -1.485836
[setup reg-reg] s801/Q -> c672/SCE : -1.473017
[setup reg-reg] s801/Q -> c545/RESET_B : -1.464994
[setup reg-reg] s801/Q -> c686/SCD : -1.447155
[setup reg-out] c157/Q -> out8 : -1.434414
[setup in-reg] in20 -> c120/D : -1.413406
[setup reg-reg] c157/Q -> c454/SCE : -1.399840
[setup in-reg] in2 -> c465/SCE : -1.378112
[setup reg-reg] s750/Q -> c354/D : -1.374728
[setup reg-reg] s782/Q_N -> c555/D : -1.361682
[setup reg-reg] s750/Q -> c601/SCE : -1.357636
[setup reg-reg] s786/Q -> s789/D : -1.346887
[setup reg-reg] s782/Q_N -> s790/D : -1.341947
[setup reg-reg] s786/Q -> s793/D : -1.292076
[setup reg-reg] s786/Q -> s795/GATE : -1.269792
[setup reg-reg] s782/Q_N -> c562/SCD : -1.250316
[setup reg-reg] s750/Q_N -> s798/D : -1.223623
[setup reg-reg] s799/Q_N -> c675/SCE : -1.211847
[setup reg-reg] s782/Q_N -> c532/SCD : -1.208002
[setup in-reg] in2 -> c537/SET_B : -1.201543
[setup reg-reg] s782/Q_N -> c534/SCD : -1.196617
[setup reg-reg] s782/Q_N -> c548/D : -1.167161
[setup reg-reg] c157/Q -> s786/D : -1.159412
[setup reg-reg] s816/Q -> c696/D : -1.154864
[setup reg-reg] s799/Q_N -> c668/SCD : -1.143402
[setup reg-reg] s770/Q -> c595/SCD : -1.115550
[setup reg-reg] s801/Q -> s809/D : -1.105745
[setup reg-reg] c157/Q -> s791/D : -1.064323
[setup reg-reg] c157/Q -> s766/D : -1.057573
[setup reg-reg] c157/Q -> c335/D : -1.055327
[setup in-reg] in2 -> c240/RESET_B : -1.042679
[setup reg-reg] c157/Q -> s765/D : -1.027626
[setup reg-reg] s801/Q -> c662/SCE : -1.024183
[setup in-out] in20 -> out52 : -1.020594
[setup in-reg] in2 -> s758/D : -1.015431
[setup reg-reg] s784/Q -> s801/D : -1.007594
[setup reg-reg] s770/Q -> c601/RESET_B : -1.003677
[setup reg-reg] s801/Q -> c665/SCE : -1.001794
[setup reg-reg] s786/Q -> c443/D : -0.940601
[setup reg-reg] s804/Q -> c556/D : -0.910064
[setup reg-reg] s801/Q -> c655/D : -0.891468
[setup reg-reg] s799/Q_N -> c640/RESET_B : -0.888650
[setup reg-reg] s765/Q -> c567/SCD : -0.885795
[setup reg-reg] s770/Q -> c705/D : -0.882864
[setup reg-reg] s786/Q -> c446/D : -0.874662
[setup in-reg] in20 -> c710/D : -0.870170
[setup in-reg] in20 -> c604/D : -0.845636
[setup reg-reg] c157/Q -> c423/DE : -0.831403
[setup reg-reg] s802/Q -> c562/RESET_B : -0.801456
[setup reg-reg] s801/Q -> c548/SCD : -0.789618
[setup reg-reg] s770/Q -> c601/SET_B : -0.786617
[setup reg-reg] s770/Q -> c705/SCE : -0.781959
[setup reg-reg] s769/Q -> s808/D : -0.771137
[setup reg-reg] s782/Q_N -> c552/RESET_B : -0.766601
[setup reg-reg] c406/Q -> s784/D : -0.748007
[setup reg-reg] s801/Q -> c656/SCE : -0.737836
[setup reg-reg] s770/Q -> c696/SCD : -0.718809
[setup reg-reg] c157/Q -> c431/SCE : -0.707812
[setup reg-reg] s770/Q -> c702/SCD : -0.707802
[setup reg-reg] c157/Q -> s747/GATE : -0.685375
[setup reg-reg] s802/Q -> c568/SCE : -0.666920
[setup in-reg] in2 -> c281/SCE : -0.665070
[setup in-reg] in2 -> s745/D : -0.660010
[setup reg-reg] c157/Q -> c335/SCD : -0.659114
[setup reg-reg] c157/Q -> s749/D : -0.628424
[setup in-out] in20 -> out26 : -0.593438
[setup reg-reg] c157/Q -> s764/GATE : -0.582742
[setup reg-reg] s786/Q -> c437/SCE : -0.560320
[setup reg-reg] s804/Q -> c682/SET_B : -0.543349
[setup reg-reg] c157/Q -> s794/GATE : -0.542228
[setup reg-reg] s765/Q -> c548/SCE : -0.515920
[setup reg-reg] s770/Q -> c708/SET_B : -0.511282
[setup reg-reg] s784/Q -> c534/SCE : -0.503791
[setup reg-reg] s770/Q -> c468/SET_B : -0.444023
[setup reg-reg] c157/Q -> c336/D : -0.440679
[setup in-reg] in2 -> c280/D : -0.434611
[setup reg-reg] c157/Q -> s775/D : -0.412286
[setup in-reg] in2 -> c537/D : -0.406908
[setup in-reg] in2 -> c426/D : -0.396845
[setup reg-reg] c157/Q -> c437/D : -0.392216
[setup reg-reg] c157/Q -> c468/D : -0.390338
[setup in-reg] in2 -> s780/GATE : -0.387161
[setup in-reg] in20 -> c111/RESET_B : -0.381538
[setup in-reg] in2 -> c149/D : -0.379710
[setup reg-reg] s802/Q -> c545/SET_B : -0.378312
[setup in-reg] in2 -> s760/D : -0.368333
[setup in-reg] in2 -> s757/D : -0.367495
[setup reg-reg] c157/Q -> s776/D : -0.366426
[setup in-reg] in2 -> s782/D : -0.354069
[setup in-reg] in2 -> c148/SCD : -0.332815
[setup reg-reg] s807/Q -> c582/SET_B : -0.303048
[setup reg-reg] c157/Q -> s810/GATE : -0.268242
[setup in-out] in20 -> out3 : -0.257925
[setup reg-reg] s813/Q -> c680/SET_B : -0.257115
[setup in-reg] in2 -> c521/SCD : -0.237081
[setup reg-reg] s766/Q -> c345/SET_B : -0.232140
[setup in-reg] in2 -> c254/D : -0.224096
[setup reg-reg] c157/Q -> s750/D : -0.217836
[setup in-reg] in2 -> c341/SET_B : -0.200711
[setup in-reg] in2 -> s763/GATE : -0.187937
[setup reg-reg] c157/Q -> c328/SCD : -0.186952
[setup reg-reg] c157/Q -> c318/SCE : -0.178866
[setup reg-reg] c157/Q -> c324/SCD : -0.174241
[setup in-reg] in2 -> s762/GATE : -0.161529
[setup reg-reg] s803/Q -> c543/SET_B : -0.160900
[setup reg-reg] c157/Q -> c468/SCE : -0.102530
[setup reg-reg] c157/Q -> c680/SCE : -0.092184
[setup reg-reg] c157/Q -> c686/D : -0.084410
[setup in-reg] in2 -> c392/D : -0.063665
[setup reg-reg] c157/Q -> c702/D : -0.055855
[setup reg-reg] s817/Q -> c705/SET_B : -0.031564
[setup reg-reg] s818/Q -> c696/SET_B : -0.024658
[setup reg-out] c157/Q -> out34 : -0.007989
[setup in-reg] in2 -> c537/RESET_B : -0.007896
[setup in-reg] in2 -> s816/D : 0.000000
[setup in-reg] in2 -> c406/D : 0.000000
[setup in-reg] in2 -> s768/D : 0.000000
[setup in-reg] in20 -> s752/D : 0.000000
[setup in-reg] in2 -> s781/D : 0.000000
[setup in-reg] in20 -> s753/D : 0.000000
[setup in-reg] in20 -> s754/D : 0.000000
[setup in-reg] in2 -> s785/D : 0.000000
[setup in-reg] in2 -> c452/D : 0.000000
[setup in-reg] in2 -> c514/D : 0.000000
Writing metric timing__hold_vio__count__corner:nom_tt_025C_1v80: 13
Writing metric timing__hold_r2r__ws__corner:nom_tt_025C_1v80: -3.285547
Writing metric timing__hold_r2r_vio__count__corner:nom_tt_025C_1v80: 10
Writing metric timing__setup_vio__count__corner:nom_tt_025C_1v80: 325
Writing metric timing__setup_r2r__ws__corner:nom_tt_025C_1v80: -9.971744
Writing metric timing__setup_r2r_vio__count__corner:nom_tt_025C_1v80: 163
