
===========================================================================
report_checks -unconstrained
===========================================================================
======================= nom_ff_n40C_1v95 Corner ===================================

Startpoint: s804 (positive level-sensitive latch clocked by clk)
Endpoint: c708 (recovery check against falling-edge clock clk)
Path Group: asynchronous
Path Type: max

Fanout         Cap        Slew       Delay        Time   Description
---------------------------------------------------------------------------------------------
                                  0.000000    0.000000   clock clk (rise edge)
                                  0.000000    0.000000   clock source latency
     2    0.039336    0.136163    0.096575    0.096575 ^ clk (in)
                                                         clk (net)
                      0.136563    0.000000    0.096575 ^ clkbuf_0_clk/A (sky130_fd_sc_hd__clkbuf_16)
    33    0.195761    0.160577    0.202834    0.299409 ^ clkbuf_0_clk/X (sky130_fd_sc_hd__clkbuf_16)
                                                         clknet_0_clk (net)
                      0.161146    0.007744    0.307153 ^ clkbuf_4_3_0_clk/A (sky130_fd_sc_hd__clkbuf_8)
    10    0.042357    0.065528    0.139139    0.446292 ^ clkbuf_4_3_0_clk/X (sky130_fd_sc_hd__clkbuf_8)
                                                         clknet_4_3_0_clk (net)
                      0.065538    0.000859    0.447151 ^ s804/GATE (sky130_fd_sc_hd__dlxbp_1)
                                  3.632298    4.079450   time given to startpoint
                      0.067219    0.000000    4.079450 v s804/D (sky130_fd_sc_hd__dlxbp_1)
     1    0.006828    0.034726    0.179996    4.259445 v s804/Q (sky130_fd_sc_hd__dlxbp_1)
                                                         net667 (net)
                      0.034728    0.000302    4.259748 v c588/C (sky130_fd_sc_hd__or3_4)
    13    0.046177    0.088084    0.251992    4.511740 v c588/X (sky130_fd_sc_hd__or3_4)
                                                         net453 (net)
                      0.088087    0.000751    4.512491 v c591/B1 (sky130_fd_sc_hd__o2111a_4)
     1    0.012631    0.042650    0.133981    4.646472 v c591/X (sky130_fd_sc_hd__o2111a_4)
                                                         net457 (net)
                      0.042682    0.000656    4.647128 v clkbuf_0_net457/A (sky130_fd_sc_hd__clkbuf_16)
     2    0.020132    0.026806    0.103678    4.750806 v clkbuf_0_net457/X (sky130_fd_sc_hd__clkbuf_16)
                                                         clknet_0_net457 (net)
                      0.026817    0.000637    4.751443 v clkbuf_1_0__f_net457/A (sky130_fd_sc_hd__clkbuf_16)
     3    0.019177    0.026398    0.096492    4.847935 v clkbuf_1_0__f_net457/X (sky130_fd_sc_hd__clkbuf_16)
                                                         clknet_1_0__leaf_net457 (net)
                      0.026407    0.000571    4.848505 v c706/C_N (sky130_fd_sc_hd__or3b_1)
     1    0.011356    0.083664    0.141127    4.989633 ^ c706/X (sky130_fd_sc_hd__or3b_1)
                                                         net549 (net)
                      0.083665    0.000495    4.990128 ^ clkbuf_0_net549/A (sky130_fd_sc_hd__clkbuf_16)
     2    0.018504    0.030808    0.097892    5.088020 ^ clkbuf_0_net549/X (sky130_fd_sc_hd__clkbuf_16)
                                                         clknet_0_net549 (net)
                      0.030815    0.000468    5.088488 ^ clkbuf_1_1__f_net549/A (sky130_fd_sc_hd__clkbuf_16)
     3    0.013122    0.026597    0.079711    5.168199 ^ clkbuf_1_1__f_net549/X (sky130_fd_sc_hd__clkbuf_16)
                                                         clknet_1_1__leaf_net549 (net)
                      0.026597    0.000223    5.168422 ^ c708/RESET_B (sky130_fd_sc_hd__dfbbn_1)
                                              5.168422   data arrival time

                                  4.000000    4.000000   clock clk (fall edge)
                                  0.000000    4.000000   clock source latency
     2    0.038340    0.060430    0.043658    4.043658 v clk (in)
                                                         clk (net)
                      0.061267    0.000000    4.043658 v clkbuf_0_clk/A (sky130_fd_sc_hd__clkbuf_16)
    33    0.187744    0.095667    0.170189    4.213847 v clkbuf_0_clk/X (sky130_fd_sc_hd__clkbuf_16)
                                                         clknet_0_clk (net)
                      0.097294    0.009865    4.223711 v clkbuf_4_5_0_clk/A (sky130_fd_sc_hd__clkbuf_8)
    11    0.039771    0.042027    0.138420    4.362132 v clkbuf_4_5_0_clk/X (sky130_fd_sc_hd__clkbuf_8)
                                                         clknet_4_5_0_clk (net)
                      0.042052    0.000925    4.363057 v c708/CLK_N (sky130_fd_sc_hd__dfbbn_1)
                                 -0.250000    4.113057   clock uncertainty
                                  0.000000    4.113057   clock reconvergence pessimism
                                 -0.035905    4.077152   library recovery time
                                              4.077152   data required time
---------------------------------------------------------------------------------------------
                                              4.077152   data required time
                                             -5.168422   data arrival time
---------------------------------------------------------------------------------------------
                                             -1.091270   slack (VIOLATED)


Startpoint: c702 (falling edge-triggered flip-flop clocked by clk)
Endpoint: c708 (rising edge-triggered flip-flop clocked by clk')
Path Group: clk
Path Type: max

Fanout         Cap        Slew       Delay        Time   Description
---------------------------------------------------------------------------------------------
                                  4.000000    4.000000   clock clk (fall edge)
                                  0.000000    4.000000   clock source latency
     2    0.038340    0.060430    0.043658    4.043658 v clk (in)
                                                         clk (net)
                      0.061267    0.000000    4.043658 v clkbuf_0_clk/A (sky130_fd_sc_hd__clkbuf_16)
    33    0.187744    0.095667    0.170189    4.213847 v clkbuf_0_clk/X (sky130_fd_sc_hd__clkbuf_16)
                                                         clknet_0_clk (net)
                      0.097294    0.009865    4.223711 v clkbuf_4_5_0_clk/A (sky130_fd_sc_hd__clkbuf_8)
    11    0.039771    0.042027    0.138420    4.362132 v clkbuf_4_5_0_clk/X (sky130_fd_sc_hd__clkbuf_8)
                                                         clknet_4_5_0_clk (net)
                      0.042038    0.000659    4.362791 v c702/CLK_N (sky130_fd_sc_hd__dfbbn_1)
     1    0.004592    0.049497    0.331807    4.694598 ^ c702/Q_N (sky130_fd_sc_hd__dfbbn_1)
                                                         net544 (net)
                      0.049497    0.000102    4.694699 ^ c708/SET_B (sky130_fd_sc_hd__dfbbn_1)
                                              4.694699   data arrival time

                                  0.000000    0.000000   clock clk' (rise edge)
                                  0.000000    0.000000   clock source latency
     2    0.038340    0.060430    0.043658    4.043658 v clk (in)
                                                         clk (net)
                      0.061267    0.000000    4.043658 v clkbuf_0_clk/A (sky130_fd_sc_hd__clkbuf_16)
    33    0.187744    0.095667    0.170189    4.213847 v clkbuf_0_clk/X (sky130_fd_sc_hd__clkbuf_16)
                                                         clknet_0_clk (net)
                      0.096570    0.007382    4.221229 v clkbuf_4_3_0_clk/A (sky130_fd_sc_hd__clkbuf_8)
    10    0.040073    0.042231    0.138209    4.359438 v clkbuf_4_3_0_clk/X (sky130_fd_sc_hd__clkbuf_8)
                                                         clknet_4_3_0_clk (net)
                      0.042269    0.001141    4.360579 v s801/CLK (sky130_fd_sc_hd__dlclkp_4)
     1    0.009971    0.028907    0.116341    4.476920 v s801/GCLK (sky130_fd_sc_hd__dlclkp_4)
                                                         net661 (net)
                      0.028918    0.000434    4.477354 v clkbuf_0_net661/A (sky130_fd_sc_hd__clkbuf_16)
     2    0.018436    0.026112    0.096924    4.574278 v clkbuf_0_net661/X (sky130_fd_sc_hd__clkbuf_16)
                                                         clknet_0_net661 (net)
                      0.026119    0.000500    4.574778 v clkbuf_1_1__f_net661/A (sky130_fd_sc_hd__clkbuf_16)
     3    0.013828    0.024256    0.093118    4.667896 v clkbuf_1_1__f_net661/X (sky130_fd_sc_hd__clkbuf_16)
                                                         clknet_1_1__leaf_net661 (net)
                      0.024256    0.000188    4.668084 v c591/D1 (sky130_fd_sc_hd__o2111a_4)
     1    0.012631    0.025731    0.089255    4.757339 v c591/X (sky130_fd_sc_hd__o2111a_4)
                                                         net457 (net)
                      0.025751    0.000655    4.757994 v clkbuf_0_net457/A (sky130_fd_sc_hd__clkbuf_16)
     2    0.020132    0.026789    0.096539    4.854533 v clkbuf_0_net457/X (sky130_fd_sc_hd__clkbuf_16)
                                                         clknet_0_net457 (net)
                      0.026799    0.000637    4.855170 v clkbuf_1_0__f_net457/A (sky130_fd_sc_hd__clkbuf_16)
     3    0.019177    0.026398    0.096484    4.951654 v clkbuf_1_0__f_net457/X (sky130_fd_sc_hd__clkbuf_16)
                                                         clknet_1_0__leaf_net457 (net)
                      0.026407    0.000571    4.952225 v c706/C_N (sky130_fd_sc_hd__or3b_1)
     1    0.011356    0.083113    0.141127    5.093352 ^ c706/X (sky130_fd_sc_hd__or3b_1)
                                                         net549 (net)
                      0.083115    0.000495    5.093847 ^ clkbuf_0_net549/A (sky130_fd_sc_hd__clkbuf_16)
     2    0.018504    0.030797    0.097746    5.191593 ^ clkbuf_0_net549/X (sky130_fd_sc_hd__clkbuf_16)
                                                         clknet_0_net549 (net)
                      0.030804    0.000468    5.192060 ^ clkbuf_1_1__f_net549/A (sky130_fd_sc_hd__clkbuf_16)
     3    0.013122    0.026597    0.079708    5.271769 ^ clkbuf_1_1__f_net549/X (sky130_fd_sc_hd__clkbuf_16)
                                                         clknet_1_1__leaf_net549 (net)
                      0.026597    0.000223    5.271992 ^ c708/RESET_B (sky130_fd_sc_hd__dfbbn_1)
                                 -0.250000    1.021992   clock uncertainty
                                  0.000000    1.021992   clock reconvergence pessimism
                                 -0.074385    0.947607   library non-sequential setup time
                                              0.947607   data required time
---------------------------------------------------------------------------------------------
                                              0.947607   data required time
                                             -4.694699   data arrival time
---------------------------------------------------------------------------------------------
                                             -3.747093   slack (VIOLATED)




===========================================================================
report_checks --slack_max -0.01
============================================================================
======================= nom_ff_n40C_1v95 Corner ===================================

Startpoint: s804 (positive level-sensitive latch clocked by clk)
Endpoint: c708 (recovery check against falling-edge clock clk)
Path Group: asynchronous
Path Type: max

Fanout         Cap        Slew       Delay        Time   Description
---------------------------------------------------------------------------------------------
                                  0.000000    0.000000   clock clk (rise edge)
                                  0.000000    0.000000   clock source latency
     2    0.039336    0.136163    0.096575    0.096575 ^ clk (in)
                                                         clk (net)
                      0.136563    0.000000    0.096575 ^ clkbuf_0_clk/A (sky130_fd_sc_hd__clkbuf_16)
    33    0.195761    0.160577    0.202834    0.299409 ^ clkbuf_0_clk/X (sky130_fd_sc_hd__clkbuf_16)
                                                         clknet_0_clk (net)
                      0.161146    0.007744    0.307153 ^ clkbuf_4_3_0_clk/A (sky130_fd_sc_hd__clkbuf_8)
    10    0.042357    0.065528    0.139139    0.446292 ^ clkbuf_4_3_0_clk/X (sky130_fd_sc_hd__clkbuf_8)
                                                         clknet_4_3_0_clk (net)
                      0.065538    0.000859    0.447151 ^ s804/GATE (sky130_fd_sc_hd__dlxbp_1)
                                  3.632298    4.079450   time given to startpoint
                      0.067219    0.000000    4.079450 v s804/D (sky130_fd_sc_hd__dlxbp_1)
     1    0.006828    0.034726    0.179996    4.259445 v s804/Q (sky130_fd_sc_hd__dlxbp_1)
                                                         net667 (net)
                      0.034728    0.000302    4.259748 v c588/C (sky130_fd_sc_hd__or3_4)
    13    0.046177    0.088084    0.251992    4.511740 v c588/X (sky130_fd_sc_hd__or3_4)
                                                         net453 (net)
                      0.088087    0.000751    4.512491 v c591/B1 (sky130_fd_sc_hd__o2111a_4)
     1    0.012631    0.042650    0.133981    4.646472 v c591/X (sky130_fd_sc_hd__o2111a_4)
                                                         net457 (net)
                      0.042682    0.000656    4.647128 v clkbuf_0_net457/A (sky130_fd_sc_hd__clkbuf_16)
     2    0.020132    0.026806    0.103678    4.750806 v clkbuf_0_net457/X (sky130_fd_sc_hd__clkbuf_16)
                                                         clknet_0_net457 (net)
                      0.026817    0.000637    4.751443 v clkbuf_1_0__f_net457/A (sky130_fd_sc_hd__clkbuf_16)
     3    0.019177    0.026398    0.096492    4.847935 v clkbuf_1_0__f_net457/X (sky130_fd_sc_hd__clkbuf_16)
                                                         clknet_1_0__leaf_net457 (net)
                      0.026407    0.000571    4.848505 v c706/C_N (sky130_fd_sc_hd__or3b_1)
     1    0.011356    0.083664    0.141127    4.989633 ^ c706/X (sky130_fd_sc_hd__or3b_1)
                                                         net549 (net)
                      0.083665    0.000495    4.990128 ^ clkbuf_0_net549/A (sky130_fd_sc_hd__clkbuf_16)
     2    0.018504    0.030808    0.097892    5.088020 ^ clkbuf_0_net549/X (sky130_fd_sc_hd__clkbuf_16)
                                                         clknet_0_net549 (net)
                      0.030815    0.000468    5.088488 ^ clkbuf_1_1__f_net549/A (sky130_fd_sc_hd__clkbuf_16)
     3    0.013122    0.026597    0.079711    5.168199 ^ clkbuf_1_1__f_net549/X (sky130_fd_sc_hd__clkbuf_16)
                                                         clknet_1_1__leaf_net549 (net)
                      0.026597    0.000223    5.168422 ^ c708/RESET_B (sky130_fd_sc_hd__dfbbn_1)
                                              5.168422   data arrival time

                                  4.000000    4.000000   clock clk (fall edge)
                                  0.000000    4.000000   clock source latency
     2    0.038340    0.060430    0.043658    4.043658 v clk (in)
                                                         clk (net)
                      0.061267    0.000000    4.043658 v clkbuf_0_clk/A (sky130_fd_sc_hd__clkbuf_16)
    33    0.187744    0.095667    0.170189    4.213847 v clkbuf_0_clk/X (sky130_fd_sc_hd__clkbuf_16)
                                                         clknet_0_clk (net)
                      0.097294    0.009865    4.223711 v clkbuf_4_5_0_clk/A (sky130_fd_sc_hd__clkbuf_8)
    11    0.039771    0.042027    0.138420    4.362132 v clkbuf_4_5_0_clk/X (sky130_fd_sc_hd__clkbuf_8)
                                                         clknet_4_5_0_clk (net)
                      0.042052    0.000925    4.363057 v c708/CLK_N (sky130_fd_sc_hd__dfbbn_1)
                                 -0.250000    4.113057   clock uncertainty
                                  0.000000    4.113057   clock reconvergence pessimism
                                 -0.035905    4.077152   library recovery time
                                              4.077152   data required time
---------------------------------------------------------------------------------------------
                                              4.077152   data required time
                                             -5.168422   data arrival time
---------------------------------------------------------------------------------------------
                                             -1.091270   slack (VIOLATED)


Startpoint: c702 (falling edge-triggered flip-flop clocked by clk)
Endpoint: c708 (rising edge-triggered flip-flop clocked by clk')
Path Group: clk
Path Type: max

Fanout         Cap        Slew       Delay        Time   Description
---------------------------------------------------------------------------------------------
                                  4.000000    4.000000   clock clk (fall edge)
                                  0.000000    4.000000   clock source latency
     2    0.038340    0.060430    0.043658    4.043658 v clk (in)
                                                         clk (net)
                      0.061267    0.000000    4.043658 v clkbuf_0_clk/A (sky130_fd_sc_hd__clkbuf_16)
    33    0.187744    0.095667    0.170189    4.213847 v clkbuf_0_clk/X (sky130_fd_sc_hd__clkbuf_16)
                                                         clknet_0_clk (net)
                      0.097294    0.009865    4.223711 v clkbuf_4_5_0_clk/A (sky130_fd_sc_hd__clkbuf_8)
    11    0.039771    0.042027    0.138420    4.362132 v clkbuf_4_5_0_clk/X (sky130_fd_sc_hd__clkbuf_8)
                                                         clknet_4_5_0_clk (net)
                      0.042038    0.000659    4.362791 v c702/CLK_N (sky130_fd_sc_hd__dfbbn_1)
     1    0.004592    0.049497    0.331807    4.694598 ^ c702/Q_N (sky130_fd_sc_hd__dfbbn_1)
                                                         net544 (net)
                      0.049497    0.000102    4.694699 ^ c708/SET_B (sky130_fd_sc_hd__dfbbn_1)
                                              4.694699   data arrival time

                                  0.000000    0.000000   clock clk' (rise edge)
                                  0.000000    0.000000   clock source latency
     2    0.038340    0.060430    0.043658    4.043658 v clk (in)
                                                         clk (net)
                      0.061267    0.000000    4.043658 v clkbuf_0_clk/A (sky130_fd_sc_hd__clkbuf_16)
    33    0.187744    0.095667    0.170189    4.213847 v clkbuf_0_clk/X (sky130_fd_sc_hd__clkbuf_16)
                                                         clknet_0_clk (net)
                      0.096570    0.007382    4.221229 v clkbuf_4_3_0_clk/A (sky130_fd_sc_hd__clkbuf_8)
    10    0.040073    0.042231    0.138209    4.359438 v clkbuf_4_3_0_clk/X (sky130_fd_sc_hd__clkbuf_8)
                                                         clknet_4_3_0_clk (net)
                      0.042269    0.001141    4.360579 v s801/CLK (sky130_fd_sc_hd__dlclkp_4)
     1    0.009971    0.028907    0.116341    4.476920 v s801/GCLK (sky130_fd_sc_hd__dlclkp_4)
                                                         net661 (net)
                      0.028918    0.000434    4.477354 v clkbuf_0_net661/A (sky130_fd_sc_hd__clkbuf_16)
     2    0.018436    0.026112    0.096924    4.574278 v clkbuf_0_net661/X (sky130_fd_sc_hd__clkbuf_16)
                                                         clknet_0_net661 (net)
                      0.026119    0.000500    4.574778 v clkbuf_1_1__f_net661/A (sky130_fd_sc_hd__clkbuf_16)
     3    0.013828    0.024256    0.093118    4.667896 v clkbuf_1_1__f_net661/X (sky130_fd_sc_hd__clkbuf_16)
                                                         clknet_1_1__leaf_net661 (net)
                      0.024256    0.000188    4.668084 v c591/D1 (sky130_fd_sc_hd__o2111a_4)
     1    0.012631    0.025731    0.089255    4.757339 v c591/X (sky130_fd_sc_hd__o2111a_4)
                                                         net457 (net)
                      0.025751    0.000655    4.757994 v clkbuf_0_net457/A (sky130_fd_sc_hd__clkbuf_16)
     2    0.020132    0.026789    0.096539    4.854533 v clkbuf_0_net457/X (sky130_fd_sc_hd__clkbuf_16)
                                                         clknet_0_net457 (net)
                      0.026799    0.000637    4.855170 v clkbuf_1_0__f_net457/A (sky130_fd_sc_hd__clkbuf_16)
     3    0.019177    0.026398    0.096484    4.951654 v clkbuf_1_0__f_net457/X (sky130_fd_sc_hd__clkbuf_16)
                                                         clknet_1_0__leaf_net457 (net)
                      0.026407    0.000571    4.952225 v c706/C_N (sky130_fd_sc_hd__or3b_1)
     1    0.011356    0.083113    0.141127    5.093352 ^ c706/X (sky130_fd_sc_hd__or3b_1)
                                                         net549 (net)
                      0.083115    0.000495    5.093847 ^ clkbuf_0_net549/A (sky130_fd_sc_hd__clkbuf_16)
     2    0.018504    0.030797    0.097746    5.191593 ^ clkbuf_0_net549/X (sky130_fd_sc_hd__clkbuf_16)
                                                         clknet_0_net549 (net)
                      0.030804    0.000468    5.192060 ^ clkbuf_1_1__f_net549/A (sky130_fd_sc_hd__clkbuf_16)
     3    0.013122    0.026597    0.079708    5.271769 ^ clkbuf_1_1__f_net549/X (sky130_fd_sc_hd__clkbuf_16)
                                                         clknet_1_1__leaf_net549 (net)
                      0.026597    0.000223    5.271992 ^ c708/RESET_B (sky130_fd_sc_hd__dfbbn_1)
                                 -0.250000    1.021992   clock uncertainty
                                  0.000000    1.021992   clock reconvergence pessimism
                                 -0.074385    0.947607   library non-sequential setup time
                                              0.947607   data required time
---------------------------------------------------------------------------------------------
                                              0.947607   data required time
                                             -4.694699   data arrival time
---------------------------------------------------------------------------------------------
                                             -3.747093   slack (VIOLATED)




===========================================================================
 report_check_types -max_slew -max_cap -max_fanout -violators
============================================================================
======================= nom_ff_n40C_1v95 Corner ===================================

max fanout

Pin                                   Limit Fanout  Slack
---------------------------------------------------------
clkbuf_0_clk/X                           10     33    -23 (VIOLATED)
clkbuf_4_6_0_clk/X                       10     23    -13 (VIOLATED)
c560/X                                   10     21    -11 (VIOLATED)
clkbuf_4_11_0_clk/X                      10     21    -11 (VIOLATED)
fanout125/X                              10     21    -11 (VIOLATED)
fanout129/X                              10     21    -11 (VIOLATED)
fanout134/X                              10     21    -11 (VIOLATED)
c118/X                                   10     19     -9 (VIOLATED)
c167/Y                                   10     19     -9 (VIOLATED)
c327/X                                   10     19     -9 (VIOLATED)
c464/X                                   10     19     -9 (VIOLATED)
c530/Y                                   10     19     -9 (VIOLATED)
c188/X                                   10     17     -7 (VIOLATED)
c231/Y                                   10     17     -7 (VIOLATED)
c276/Y                                   10     17     -7 (VIOLATED)
c323/X                                   10     17     -7 (VIOLATED)
c453/Y                                   10     17     -7 (VIOLATED)
clkbuf_4_10_0_clk/X                      10     17     -7 (VIOLATED)
clkbuf_4_8_0_clk/X                       10     17     -7 (VIOLATED)
input56/X                                10     17     -7 (VIOLATED)
c279/X                                   10     15     -5 (VIOLATED)
c284/X                                   10     15     -5 (VIOLATED)
c325/X                                   10     15     -5 (VIOLATED)
c397/Y                                   10     15     -5 (VIOLATED)
c404/X                                   10     15     -5 (VIOLATED)
c449/X                                   10     15     -5 (VIOLATED)
c67/X                                    10     15     -5 (VIOLATED)
c99/X                                    10     15     -5 (VIOLATED)
clkbuf_4_2_0_clk/X                       10     15     -5 (VIOLATED)
input1/X                                 10     15     -5 (VIOLATED)
c109/Y                                   10     13     -3 (VIOLATED)
c207/X                                   10     13     -3 (VIOLATED)
c210/X                                   10     13     -3 (VIOLATED)
c229/Y                                   10     13     -3 (VIOLATED)
c435/X                                   10     13     -3 (VIOLATED)
c588/X                                   10     13     -3 (VIOLATED)
c65/Y                                    10     13     -3 (VIOLATED)
c680/X                                   10     13     -3 (VIOLATED)
c98/Y                                    10     13     -3 (VIOLATED)
input15/X                                10     13     -3 (VIOLATED)
input45/X                                10     13     -3 (VIOLATED)
input50/X                                10     13     -3 (VIOLATED)
c104/Y                                   10     11        (VIOLATED)
c213/Y                                   10     11        (VIOLATED)
c338/X                                   10     11        (VIOLATED)
c398/X                                   10     11        (VIOLATED)
c400/X                                   10     11        (VIOLATED)
c407/Y                                   10     11        (VIOLATED)
c418/X                                   10     11        (VIOLATED)
c424/Y                                   10     11        (VIOLATED)
c479/X                                   10     11        (VIOLATED)
c62/Y                                    10     11        (VIOLATED)
c686/Y                                   10     11        (VIOLATED)
c78/Y                                    10     11        (VIOLATED)
c79/Y                                    10     11        (VIOLATED)
c84/Y                                    10     11        (VIOLATED)
clkbuf_4_5_0_clk/X                       10     11        (VIOLATED)
input16/X                                10     11        (VIOLATED)
input29/X                                10     11        (VIOLATED)
input39/X                                10     11        (VIOLATED)
input46/X                                10     11        (VIOLATED)
input55/X                                10     11        (VIOLATED)
max_cap128/X                             10     11        (VIOLATED)



===========================================================================
report_parasitic_annotation -report_unannotated
============================================================================
Found 32 unannotated drivers.
 rst
 c214/Q_N
 c235/Q_N
 c307/Q_N
 c359/Q_N
 c393/Q_N
 c421/Q_N
 c439/Q_N
 c463/Q_N
 c470/Q_N
 c481/Q_N
 c483/Q_N
 c539/Q_N
 c569/Q_N
 c578/Q_N
 c585/Q_N
 c614/Q_N
 c615/Q_N
 c628/Q_N
 c632/Q_N
 c633/Q_N
 c685/Q_N
 c691/Q_N
 c724/Q_N
 c743/Q_N
 c745/Q_N
 c747/Q_N
 s795/Q_N
 s811/Q_N
 s818/Q_N
 s819/Q
 s819/Q_N
Found 0 partially unannotated drivers.

===========================================================================
max slew violation count 0
max fanout violation count 63
max cap violation count 0
============================================================================

===========================================================================
check_setup -verbose -unconstrained_endpoints -multiple_clock -no_clock -no_input_delay -loops -generated_clocks
===========================================================================
Warning: There are 7 unconstrained endpoints.
  out41
  out48
  out61
  merge757/SCD
  merge767/SCD
  merge774/SCE
  merge787/D
