
===========================================================================
report_checks -unconstrained
===========================================================================
======================= nom_ss_100C_1v60 Corner ===================================

Startpoint: in18 (input port clocked by clk)
Endpoint: merge808 (recovery check against falling-edge clock clk)
Path Group: asynchronous
Path Type: max

Fanout         Cap        Slew       Delay        Time   Description
---------------------------------------------------------------------------------------------
                      0.150000    0.000000    0.000000   clock clk (rise edge)
                                  0.000000    0.000000   clock network delay (ideal)
                                  1.600000    1.600000 v input external delay
     8    0.020158    0.090012    0.062002    1.662002 v in18 (in)
                                                         in18 (net)
                      0.090012    0.000000    1.662002 v c132/A (sky130_fd_sc_hd__nor2_2)
     5    0.013235    0.275140    0.295562    1.957564 ^ c132/Y (sky130_fd_sc_hd__nor2_2)
                                                         net64 (net)
                      0.275140    0.000000    1.957564 ^ c139/B (sky130_fd_sc_hd__nand2_1)
     5    0.010887    0.201789    0.279191    2.236755 v c139/Y (sky130_fd_sc_hd__nand2_1)
                                                         net71 (net)
                      0.201789    0.000000    2.236755 v c141/B (sky130_fd_sc_hd__and2_1)
     6    0.013697    0.158018    0.467870    2.704624 v c141/X (sky130_fd_sc_hd__and2_1)
                                                         net73 (net)
                      0.158018    0.000000    2.704624 v c142/A (sky130_fd_sc_hd__nor2_1)
    19    0.051684    1.494651    1.211623    3.916247 ^ c142/Y (sky130_fd_sc_hd__nor2_1)
                                                         net74 (net)
                      1.494651    0.000000    3.916247 ^ c143/S1 (sky130_fd_sc_hd__mux4_1)
     8    0.028925    0.416827    1.352188    5.268435 v c143/X (sky130_fd_sc_hd__mux4_1)
                                                         net75 (net)
                      0.416827    0.000000    5.268435 v c144/B (sky130_fd_sc_hd__nand2_1)
    21    0.047846    0.698361    0.710099    5.978534 ^ c144/Y (sky130_fd_sc_hd__nand2_1)
                                                         net76 (net)
                      0.698361    0.000000    5.978534 ^ c146/B_N (sky130_fd_sc_hd__or2b_4)
     6    0.012371    0.102571    0.735464    6.713998 v c146/X (sky130_fd_sc_hd__or2b_4)
                                                         net78 (net)
                      0.102571    0.000000    6.713998 v c148/A (sky130_fd_sc_hd__and3_4)
     6    0.009626    0.071083    0.296246    7.010244 v c148/X (sky130_fd_sc_hd__and3_4)
                                                         net80 (net)
                      0.071083    0.000000    7.010244 v c275/B (sky130_fd_sc_hd__and2_4)
     5    0.039276    0.122848    0.360350    7.370595 v c275/X (sky130_fd_sc_hd__and2_4)
                                                         out61 (net)
                      0.122848    0.000000    7.370595 v c278/A (sky130_fd_sc_hd__or4bb_2)
    21    0.057800    0.511422    1.948231    9.318825 v c278/X (sky130_fd_sc_hd__or4bb_2)
                                                         net196 (net)
                      0.511422    0.000000    9.318825 v c282/D1 (sky130_fd_sc_hd__a2111oi_0)
     5    0.015106    2.018830    1.741567   11.060392 ^ c282/Y (sky130_fd_sc_hd__a2111oi_0)
                                                         net200 (net)
                      2.018830    0.000000   11.060392 ^ c286/C_N (sky130_fd_sc_hd__or4bb_2)
     9    0.031838    0.387289    2.080660   13.141052 v c286/X (sky130_fd_sc_hd__or4bb_2)
                                                         net204 (net)
                      0.387289    0.000000   13.141052 v c291/C_N (sky130_fd_sc_hd__or4bb_4)
     3    0.013062    0.093133    0.603693   13.744745 ^ c291/X (sky130_fd_sc_hd__or4bb_4)
                                                         net209 (net)
                      0.093133    0.000000   13.744745 ^ c293/A (sky130_fd_sc_hd__or2b_4)
     9    0.022799    0.131806    0.270142   14.014888 ^ c293/X (sky130_fd_sc_hd__or2b_4)
                                                         net211 (net)
                      0.131806    0.000000   14.014888 ^ c298/D_N (sky130_fd_sc_hd__or4bb_2)
     2    0.009777    0.264050    1.356723   15.371611 v c298/X (sky130_fd_sc_hd__or4bb_2)
                                                         net217 (net)
                      0.264050    0.000000   15.371611 v c435/A1 (sky130_fd_sc_hd__o2111ai_4)
     1    0.002516    0.228652    0.355911   15.727521 ^ c435/Y (sky130_fd_sc_hd__o2111ai_4)
                                                         net335 (net)
                      0.228652    0.000000   15.727521 ^ merge808/RESET_B (sky130_fd_sc_hd__dlrtp_4)
                                             15.727521   data arrival time

                      0.150000    4.000000    4.000000   clock clk (fall edge)
                                  0.000000    4.000000   clock network delay (ideal)
                                 -0.250000    3.750000   clock uncertainty
                                  0.000000    3.750000   clock reconvergence pessimism
                                              3.750000 v merge808/GATE (sky130_fd_sc_hd__dlrtp_4)
                                 -0.011908    3.738092   library recovery time
                                              3.738092   data required time
---------------------------------------------------------------------------------------------
                                              3.738092   data required time
                                            -15.727521   data arrival time
---------------------------------------------------------------------------------------------
                                            -11.989429   slack (VIOLATED)


Startpoint: in18 (input port clocked by clk)
Endpoint: c693 (rising edge-triggered flip-flop clocked by clk)
Path Group: clk
Path Type: max

Fanout         Cap        Slew       Delay        Time   Description
---------------------------------------------------------------------------------------------
                      0.150000    0.000000    0.000000   clock clk (rise edge)
                                  0.000000    0.000000   clock network delay (ideal)
                                  1.600000    1.600000 v input external delay
     8    0.020158    0.090012    0.062002    1.662002 v in18 (in)
                                                         in18 (net)
                      0.090012    0.000000    1.662002 v c132/A (sky130_fd_sc_hd__nor2_2)
     5    0.013235    0.275140    0.295562    1.957564 ^ c132/Y (sky130_fd_sc_hd__nor2_2)
                                                         net64 (net)
                      0.275140    0.000000    1.957564 ^ c139/B (sky130_fd_sc_hd__nand2_1)
     5    0.010887    0.201789    0.279191    2.236755 v c139/Y (sky130_fd_sc_hd__nand2_1)
                                                         net71 (net)
                      0.201789    0.000000    2.236755 v c141/B (sky130_fd_sc_hd__and2_1)
     6    0.013697    0.158018    0.467870    2.704624 v c141/X (sky130_fd_sc_hd__and2_1)
                                                         net73 (net)
                      0.158018    0.000000    2.704624 v c142/A (sky130_fd_sc_hd__nor2_1)
    19    0.051684    1.494651    1.211623    3.916247 ^ c142/Y (sky130_fd_sc_hd__nor2_1)
                                                         net74 (net)
                      1.494651    0.000000    3.916247 ^ c143/S1 (sky130_fd_sc_hd__mux4_1)
     8    0.028925    0.416827    1.352188    5.268435 v c143/X (sky130_fd_sc_hd__mux4_1)
                                                         net75 (net)
                      0.416827    0.000000    5.268435 v c144/B (sky130_fd_sc_hd__nand2_1)
    21    0.047846    0.698361    0.710099    5.978534 ^ c144/Y (sky130_fd_sc_hd__nand2_1)
                                                         net76 (net)
                      0.698361    0.000000    5.978534 ^ c145/D_N (sky130_fd_sc_hd__or4bb_1)
     5    0.017010    0.329585    1.307527    7.286061 v c145/X (sky130_fd_sc_hd__or4bb_1)
                                                         net77 (net)
                      0.329585    0.000000    7.286061 v c267/B (sky130_fd_sc_hd__and2_0)
     5    0.043289    0.602867    0.845982    8.132043 v c267/X (sky130_fd_sc_hd__and2_0)
                                                         out41 (net)
                      0.602867    0.000000    8.132043 v c281/A (sky130_fd_sc_hd__or4bb_4)
     4    0.014311    0.192300    1.311984    9.444027 v c281/X (sky130_fd_sc_hd__or4bb_4)
                                                         net199 (net)
                      0.192300    0.000000    9.444027 v c401/A (sky130_fd_sc_hd__nor2_1)
    35    0.105722    2.988947    2.327176   11.771203 ^ c401/Y (sky130_fd_sc_hd__nor2_1)
                                                         net300 (net)
                      2.988947    0.000000   11.771203 ^ c531/C_N (sky130_fd_sc_hd__or3b_4)
     8    0.022773    0.179501    1.362167   13.133370 v c531/X (sky130_fd_sc_hd__or3b_4)
                                                         net408 (net)
                      0.179501    0.000000   13.133370 v c683/S1 (sky130_fd_sc_hd__mux4_1)
     2    0.003355    0.110723    0.455851   13.589222 ^ c683/X (sky130_fd_sc_hd__mux4_1)
                                                         net545 (net)
                      0.110723    0.000000   13.589222 ^ c693/RESET_B (sky130_fd_sc_hd__sdfbbn_1)
                                             13.589222   data arrival time

                      0.150000    0.000000    0.000000   clock clk (rise edge)
                                  0.000000    0.000000   clock network delay (ideal)
                                 -0.250000   -0.250000   clock uncertainty
                                  0.000000   -0.250000   clock reconvergence pessimism
                                             -0.250000 ^ c693/SET_B (sky130_fd_sc_hd__sdfbbn_1)
                                  0.266171    0.016171   library non-sequential setup time
                                              0.016171   data required time
---------------------------------------------------------------------------------------------
                                              0.016171   data required time
                                            -13.589222   data arrival time
---------------------------------------------------------------------------------------------
                                            -13.573050   slack (VIOLATED)




===========================================================================
report_checks --slack_max -0.01
============================================================================
======================= nom_ss_100C_1v60 Corner ===================================

Startpoint: in18 (input port clocked by clk)
Endpoint: merge808 (recovery check against falling-edge clock clk)
Path Group: asynchronous
Path Type: max

Fanout         Cap        Slew       Delay        Time   Description
---------------------------------------------------------------------------------------------
                      0.150000    0.000000    0.000000   clock clk (rise edge)
                                  0.000000    0.000000   clock network delay (ideal)
                                  1.600000    1.600000 v input external delay
     8    0.020158    0.090012    0.062002    1.662002 v in18 (in)
                                                         in18 (net)
                      0.090012    0.000000    1.662002 v c132/A (sky130_fd_sc_hd__nor2_2)
     5    0.013235    0.275140    0.295562    1.957564 ^ c132/Y (sky130_fd_sc_hd__nor2_2)
                                                         net64 (net)
                      0.275140    0.000000    1.957564 ^ c139/B (sky130_fd_sc_hd__nand2_1)
     5    0.010887    0.201789    0.279191    2.236755 v c139/Y (sky130_fd_sc_hd__nand2_1)
                                                         net71 (net)
                      0.201789    0.000000    2.236755 v c141/B (sky130_fd_sc_hd__and2_1)
     6    0.013697    0.158018    0.467870    2.704624 v c141/X (sky130_fd_sc_hd__and2_1)
                                                         net73 (net)
                      0.158018    0.000000    2.704624 v c142/A (sky130_fd_sc_hd__nor2_1)
    19    0.051684    1.494651    1.211623    3.916247 ^ c142/Y (sky130_fd_sc_hd__nor2_1)
                                                         net74 (net)
                      1.494651    0.000000    3.916247 ^ c143/S1 (sky130_fd_sc_hd__mux4_1)
     8    0.028925    0.416827    1.352188    5.268435 v c143/X (sky130_fd_sc_hd__mux4_1)
                                                         net75 (net)
                      0.416827    0.000000    5.268435 v c144/B (sky130_fd_sc_hd__nand2_1)
    21    0.047846    0.698361    0.710099    5.978534 ^ c144/Y (sky130_fd_sc_hd__nand2_1)
                                                         net76 (net)
                      0.698361    0.000000    5.978534 ^ c146/B_N (sky130_fd_sc_hd__or2b_4)
     6    0.012371    0.102571    0.735464    6.713998 v c146/X (sky130_fd_sc_hd__or2b_4)
                                                         net78 (net)
                      0.102571    0.000000    6.713998 v c148/A (sky130_fd_sc_hd__and3_4)
     6    0.009626    0.071083    0.296246    7.010244 v c148/X (sky130_fd_sc_hd__and3_4)
                                                         net80 (net)
                      0.071083    0.000000    7.010244 v c275/B (sky130_fd_sc_hd__and2_4)
     5    0.039276    0.122848    0.360350    7.370595 v c275/X (sky130_fd_sc_hd__and2_4)
                                                         out61 (net)
                      0.122848    0.000000    7.370595 v c278/A (sky130_fd_sc_hd__or4bb_2)
    21    0.057800    0.511422    1.948231    9.318825 v c278/X (sky130_fd_sc_hd__or4bb_2)
                                                         net196 (net)
                      0.511422    0.000000    9.318825 v c282/D1 (sky130_fd_sc_hd__a2111oi_0)
     5    0.015106    2.018830    1.741567   11.060392 ^ c282/Y (sky130_fd_sc_hd__a2111oi_0)
                                                         net200 (net)
                      2.018830    0.000000   11.060392 ^ c286/C_N (sky130_fd_sc_hd__or4bb_2)
     9    0.031838    0.387289    2.080660   13.141052 v c286/X (sky130_fd_sc_hd__or4bb_2)
                                                         net204 (net)
                      0.387289    0.000000   13.141052 v c291/C_N (sky130_fd_sc_hd__or4bb_4)
     3    0.013062    0.093133    0.603693   13.744745 ^ c291/X (sky130_fd_sc_hd__or4bb_4)
                                                         net209 (net)
                      0.093133    0.000000   13.744745 ^ c293/A (sky130_fd_sc_hd__or2b_4)
     9    0.022799    0.131806    0.270142   14.014888 ^ c293/X (sky130_fd_sc_hd__or2b_4)
                                                         net211 (net)
                      0.131806    0.000000   14.014888 ^ c298/D_N (sky130_fd_sc_hd__or4bb_2)
     2    0.009777    0.264050    1.356723   15.371611 v c298/X (sky130_fd_sc_hd__or4bb_2)
                                                         net217 (net)
                      0.264050    0.000000   15.371611 v c435/A1 (sky130_fd_sc_hd__o2111ai_4)
     1    0.002516    0.228652    0.355911   15.727521 ^ c435/Y (sky130_fd_sc_hd__o2111ai_4)
                                                         net335 (net)
                      0.228652    0.000000   15.727521 ^ merge808/RESET_B (sky130_fd_sc_hd__dlrtp_4)
                                             15.727521   data arrival time

                      0.150000    4.000000    4.000000   clock clk (fall edge)
                                  0.000000    4.000000   clock network delay (ideal)
                                 -0.250000    3.750000   clock uncertainty
                                  0.000000    3.750000   clock reconvergence pessimism
                                              3.750000 v merge808/GATE (sky130_fd_sc_hd__dlrtp_4)
                                 -0.011908    3.738092   library recovery time
                                              3.738092   data required time
---------------------------------------------------------------------------------------------
                                              3.738092   data required time
                                            -15.727521   data arrival time
---------------------------------------------------------------------------------------------
                                            -11.989429   slack (VIOLATED)


Startpoint: in18 (input port clocked by clk)
Endpoint: c693 (rising edge-triggered flip-flop clocked by clk)
Path Group: clk
Path Type: max

Fanout         Cap        Slew       Delay        Time   Description
---------------------------------------------------------------------------------------------
                      0.150000    0.000000    0.000000   clock clk (rise edge)
                                  0.000000    0.000000   clock network delay (ideal)
                                  1.600000    1.600000 v input external delay
     8    0.020158    0.090012    0.062002    1.662002 v in18 (in)
                                                         in18 (net)
                      0.090012    0.000000    1.662002 v c132/A (sky130_fd_sc_hd__nor2_2)
     5    0.013235    0.275140    0.295562    1.957564 ^ c132/Y (sky130_fd_sc_hd__nor2_2)
                                                         net64 (net)
                      0.275140    0.000000    1.957564 ^ c139/B (sky130_fd_sc_hd__nand2_1)
     5    0.010887    0.201789    0.279191    2.236755 v c139/Y (sky130_fd_sc_hd__nand2_1)
                                                         net71 (net)
                      0.201789    0.000000    2.236755 v c141/B (sky130_fd_sc_hd__and2_1)
     6    0.013697    0.158018    0.467870    2.704624 v c141/X (sky130_fd_sc_hd__and2_1)
                                                         net73 (net)
                      0.158018    0.000000    2.704624 v c142/A (sky130_fd_sc_hd__nor2_1)
    19    0.051684    1.494651    1.211623    3.916247 ^ c142/Y (sky130_fd_sc_hd__nor2_1)
                                                         net74 (net)
                      1.494651    0.000000    3.916247 ^ c143/S1 (sky130_fd_sc_hd__mux4_1)
     8    0.028925    0.416827    1.352188    5.268435 v c143/X (sky130_fd_sc_hd__mux4_1)
                                                         net75 (net)
                      0.416827    0.000000    5.268435 v c144/B (sky130_fd_sc_hd__nand2_1)
    21    0.047846    0.698361    0.710099    5.978534 ^ c144/Y (sky130_fd_sc_hd__nand2_1)
                                                         net76 (net)
                      0.698361    0.000000    5.978534 ^ c145/D_N (sky130_fd_sc_hd__or4bb_1)
     5    0.017010    0.329585    1.307527    7.286061 v c145/X (sky130_fd_sc_hd__or4bb_1)
                                                         net77 (net)
                      0.329585    0.000000    7.286061 v c267/B (sky130_fd_sc_hd__and2_0)
     5    0.043289    0.602867    0.845982    8.132043 v c267/X (sky130_fd_sc_hd__and2_0)
                                                         out41 (net)
                      0.602867    0.000000    8.132043 v c281/A (sky130_fd_sc_hd__or4bb_4)
     4    0.014311    0.192300    1.311984    9.444027 v c281/X (sky130_fd_sc_hd__or4bb_4)
                                                         net199 (net)
                      0.192300    0.000000    9.444027 v c401/A (sky130_fd_sc_hd__nor2_1)
    35    0.105722    2.988947    2.327176   11.771203 ^ c401/Y (sky130_fd_sc_hd__nor2_1)
                                                         net300 (net)
                      2.988947    0.000000   11.771203 ^ c531/C_N (sky130_fd_sc_hd__or3b_4)
     8    0.022773    0.179501    1.362167   13.133370 v c531/X (sky130_fd_sc_hd__or3b_4)
                                                         net408 (net)
                      0.179501    0.000000   13.133370 v c683/S1 (sky130_fd_sc_hd__mux4_1)
     2    0.003355    0.110723    0.455851   13.589222 ^ c683/X (sky130_fd_sc_hd__mux4_1)
                                                         net545 (net)
                      0.110723    0.000000   13.589222 ^ c693/RESET_B (sky130_fd_sc_hd__sdfbbn_1)
                                             13.589222   data arrival time

                      0.150000    0.000000    0.000000   clock clk (rise edge)
                                  0.000000    0.000000   clock network delay (ideal)
                                 -0.250000   -0.250000   clock uncertainty
                                  0.000000   -0.250000   clock reconvergence pessimism
                                             -0.250000 ^ c693/SET_B (sky130_fd_sc_hd__sdfbbn_1)
                                  0.266171    0.016171   library non-sequential setup time
                                              0.016171   data required time
---------------------------------------------------------------------------------------------
                                              0.016171   data required time
                                            -13.589222   data arrival time
---------------------------------------------------------------------------------------------
                                            -13.573050   slack (VIOLATED)




===========================================================================
 report_check_types -max_slew -max_cap -max_fanout -violators
============================================================================
======================= nom_ss_100C_1v60 Corner ===================================

max slew

Pin                                        Limit        Slew       Slack
------------------------------------------------------------------------
c702/Y                                  0.750000    3.073133   -2.323133 (VIOLATED)
c708/S0                                 0.750000    3.073133   -2.323133 (VIOLATED)
c709/S0                                 0.750000    3.073133   -2.323133 (VIOLATED)
c716/S1                                 0.750000    3.073133   -2.323133 (VIOLATED)
c727/S0                                 0.750000    3.073133   -2.323133 (VIOLATED)
c734/S1                                 0.750000    3.073133   -2.323133 (VIOLATED)
c738/A2                                 0.750000    3.073133   -2.323133 (VIOLATED)
c762/A2                                 0.750000    3.073133   -2.323133 (VIOLATED)
c401/Y                                  0.750000    2.988947   -2.238947 (VIOLATED)
c402/B                                  0.750000    2.988947   -2.238947 (VIOLATED)
c403/B_N                                0.750000    2.988947   -2.238947 (VIOLATED)
c404/D_N                                0.750000    2.988947   -2.238947 (VIOLATED)
c408/C                                  0.750000    2.988947   -2.238947 (VIOLATED)
c409/D_N                                0.750000    2.988947   -2.238947 (VIOLATED)
c411/D_N                                0.750000    2.988947   -2.238947 (VIOLATED)
c412/D1                                 0.750000    2.988947   -2.238947 (VIOLATED)
c415/SET_B                              0.750000    2.988947   -2.238947 (VIOLATED)
c420/D_N                                0.750000    2.988947   -2.238947 (VIOLATED)
c421/D_N                                0.750000    2.988947   -2.238947 (VIOLATED)
c425/D1                                 0.750000    2.988947   -2.238947 (VIOLATED)
c430/SET_B                              0.750000    2.988947   -2.238947 (VIOLATED)
c435/D1                                 0.750000    2.988947   -2.238947 (VIOLATED)
c444/SET_B                              0.750000    2.988947   -2.238947 (VIOLATED)
c445/C                                  0.750000    2.988947   -2.238947 (VIOLATED)
c446/D1                                 0.750000    2.988947   -2.238947 (VIOLATED)
c457/S0                                 0.750000    2.988947   -2.238947 (VIOLATED)
c462/A3                                 0.750000    2.988947   -2.238947 (VIOLATED)
c467/D_N                                0.750000    2.988947   -2.238947 (VIOLATED)
c468/SCE                                0.750000    2.988947   -2.238947 (VIOLATED)
c473/S0                                 0.750000    2.988947   -2.238947 (VIOLATED)
c474/SCE                                0.750000    2.988947   -2.238947 (VIOLATED)
c477/SCE                                0.750000    2.988947   -2.238947 (VIOLATED)
c530/C                                  0.750000    2.988947   -2.238947 (VIOLATED)
c531/C_N                                0.750000    2.988947   -2.238947 (VIOLATED)
c534/A2                                 0.750000    2.988947   -2.238947 (VIOLATED)
c550/C                                  0.750000    2.988947   -2.238947 (VIOLATED)
c557/RESET_B                            0.750000    2.988947   -2.238947 (VIOLATED)
c559/C                                  0.750000    2.988947   -2.238947 (VIOLATED)
c567/S0                                 0.750000    2.988947   -2.238947 (VIOLATED)
c597/S0                                 0.750000    2.988947   -2.238947 (VIOLATED)
c599/S1                                 0.750000    2.988947   -2.238947 (VIOLATED)
c602/A0                                 0.750000    2.988947   -2.238947 (VIOLATED)
c612/SCE                                0.750000    2.988947   -2.238947 (VIOLATED)
merge780/S1                             0.750000    2.988947   -2.238947 (VIOLATED)
out33                                   0.750000    2.689778   -1.939778 (VIOLATED)
c256/Y                                  0.750000    2.689778   -1.939778 (VIOLATED)
c282/Y                                  0.750000    2.018830   -1.268830 (VIOLATED)
c283/A1                                 0.750000    2.018830   -1.268830 (VIOLATED)
c284/A1                                 0.750000    2.018830   -1.268830 (VIOLATED)
c286/C_N                                0.750000    2.018830   -1.268830 (VIOLATED)
c298/A                                  0.750000    2.018830   -1.268830 (VIOLATED)
c301/B1                                 0.750000    2.018830   -1.268830 (VIOLATED)
c142/Y                                  0.750000    1.494651   -0.744651 (VIOLATED)
c143/S1                                 0.750000    1.494651   -0.744651 (VIOLATED)
c148/B                                  0.750000    1.494651   -0.744651 (VIOLATED)
c149/B_N                                0.750000    1.494651   -0.744651 (VIOLATED)
c189/S0                                 0.750000    1.494651   -0.744651 (VIOLATED)
c218/SCE                                0.750000    1.494651   -0.744651 (VIOLATED)
c280/S1                                 0.750000    1.494651   -0.744651 (VIOLATED)
c282/C1                                 0.750000    1.494651   -0.744651 (VIOLATED)
c284/S1                                 0.750000    1.494651   -0.744651 (VIOLATED)
c290/D_N                                0.750000    1.494651   -0.744651 (VIOLATED)
c328/RESET_B                            0.750000    1.494651   -0.744651 (VIOLATED)
c329/D1                                 0.750000    1.494651   -0.744651 (VIOLATED)
c347/A                                  0.750000    1.494651   -0.744651 (VIOLATED)
c437/S0                                 0.750000    1.494651   -0.744651 (VIOLATED)
c442/C_N                                0.750000    1.494651   -0.744651 (VIOLATED)
c462/S0                                 0.750000    1.494651   -0.744651 (VIOLATED)
c481/A2                                 0.750000    1.494651   -0.744651 (VIOLATED)
c551/C                                  0.750000    1.494651   -0.744651 (VIOLATED)
c552/A_N                                0.750000    1.494651   -0.744651 (VIOLATED)
merge784/S1                             0.750000    1.494651   -0.744651 (VIOLATED)
out58                                   0.750000    1.270373   -0.520373 (VIOLATED)
c225/Y                                  0.750000    1.270373   -0.520373 (VIOLATED)
c227/B                                  0.750000    1.270373   -0.520373 (VIOLATED)
c250/S0                                 0.750000    1.270373   -0.520373 (VIOLATED)
c262/A3                                 0.750000    1.270373   -0.520373 (VIOLATED)
c395/S0                                 0.750000    1.270373   -0.520373 (VIOLATED)
out49                                   0.750000    1.207814   -0.457814 (VIOLATED)
c247/Y                                  0.750000    1.207814   -0.457814 (VIOLATED)
c250/A1                                 0.750000    1.207814   -0.457814 (VIOLATED)
c252/B1                                 0.750000    1.207814   -0.457814 (VIOLATED)
out41                                   0.750000    1.093418   -0.343418 (VIOLATED)
c267/X                                  0.750000    1.093418   -0.343418 (VIOLATED)
c281/A                                  0.750000    1.093418   -0.343418 (VIOLATED)
c334/A3                                 0.750000    1.093418   -0.343418 (VIOLATED)
c440/B                                  0.750000    1.093418   -0.343418 (VIOLATED)
c453/A1                                 0.750000    1.093418   -0.343418 (VIOLATED)
c582/Y                                  0.750000    1.028454   -0.278454 (VIOLATED)
c583/C1                                 0.750000    1.028454   -0.278454 (VIOLATED)
c584/D                                  0.750000    1.028454   -0.278454 (VIOLATED)
c591/A2                                 0.750000    1.028454   -0.278454 (VIOLATED)
out30                                   0.750000    0.992817   -0.242817 (VIOLATED)
c182/C                                  0.750000    0.992817   -0.242817 (VIOLATED)
c194/D_N                                0.750000    0.992817   -0.242817 (VIOLATED)
c245/S1                                 0.750000    0.992817   -0.242817 (VIOLATED)
c319/D_N                                0.750000    0.992817   -0.242817 (VIOLATED)
c335/C                                  0.750000    0.992817   -0.242817 (VIOLATED)
c465/C_N                                0.750000    0.992817   -0.242817 (VIOLATED)
c557/SCE                                0.750000    0.992817   -0.242817 (VIOLATED)
c601/SET_B                              0.750000    0.992817   -0.242817 (VIOLATED)
c607/SET_B                              0.750000    0.992817   -0.242817 (VIOLATED)
c705/S0                                 0.750000    0.992817   -0.242817 (VIOLATED)
c742/S1                                 0.750000    0.992817   -0.242817 (VIOLATED)
c753/S0                                 0.750000    0.992817   -0.242817 (VIOLATED)
merge814/Q                              0.750000    0.992817   -0.242817 (VIOLATED)
out13                                   0.750000    0.989400   -0.239400 (VIOLATED)
c229/X                                  0.750000    0.989400   -0.239400 (VIOLATED)
c234/C1                                 0.750000    0.989400   -0.239400 (VIOLATED)
c238/C                                  0.750000    0.989400   -0.239400 (VIOLATED)
c241/A3                                 0.750000    0.989400   -0.239400 (VIOLATED)
c245/A3                                 0.750000    0.989400   -0.239400 (VIOLATED)
c262/A2                                 0.750000    0.989400   -0.239400 (VIOLATED)
c359/C1                                 0.750000    0.989400   -0.239400 (VIOLATED)
c393/S0                                 0.750000    0.989400   -0.239400 (VIOLATED)
c486/A3                                 0.750000    0.989400   -0.239400 (VIOLATED)
c488/A3                                 0.750000    0.989400   -0.239400 (VIOLATED)
c491/S0                                 0.750000    0.989400   -0.239400 (VIOLATED)
c620/S0                                 0.750000    0.989400   -0.239400 (VIOLATED)
c626/A2                                 0.750000    0.989400   -0.239400 (VIOLATED)
c215/D                                  0.750000    0.975301   -0.225301 (VIOLATED)
c72/Y                                   0.750000    0.975301   -0.225301 (VIOLATED)
c78/A                                   0.750000    0.975301   -0.225301 (VIOLATED)
c80/B                                   0.750000    0.975301   -0.225301 (VIOLATED)
c85/B1                                  0.750000    0.975301   -0.225301 (VIOLATED)
c432/Y                                  0.750000    0.953973   -0.203973 (VIOLATED)
c435/C1                                 0.750000    0.953973   -0.203973 (VIOLATED)
c459/SCE                                0.750000    0.953973   -0.203973 (VIOLATED)
c581/A2                                 0.750000    0.953973   -0.203973 (VIOLATED)
merge776/DE                             0.750000    0.953973   -0.203973 (VIOLATED)
c446/Y                                  0.750000    0.945903   -0.195903 (VIOLATED)
c447/C1                                 0.750000    0.945903   -0.195903 (VIOLATED)
c448/C                                  0.750000    0.945903   -0.195903 (VIOLATED)
c450/A3                                 0.750000    0.945903   -0.195903 (VIOLATED)
c461/S0                                 0.750000    0.945903   -0.195903 (VIOLATED)
c464/C1                                 0.750000    0.945903   -0.195903 (VIOLATED)
c469/A3                                 0.750000    0.945903   -0.195903 (VIOLATED)
c607/SCD                                0.750000    0.945903   -0.195903 (VIOLATED)
c764/A1                                 0.750000    0.945903   -0.195903 (VIOLATED)
out53                                   0.750000    0.943546   -0.193546 (VIOLATED)
c242/Y                                  0.750000    0.943546   -0.193546 (VIOLATED)
c686/Y                                  0.750000    0.900446   -0.150446 (VIOLATED)
c687/A2                                 0.750000    0.900446   -0.150446 (VIOLATED)
c693/SCE                                0.750000    0.900446   -0.150446 (VIOLATED)
c695/A1                                 0.750000    0.900446   -0.150446 (VIOLATED)
c698/A                                  0.750000    0.900446   -0.150446 (VIOLATED)
c708/A0                                 0.750000    0.900446   -0.150446 (VIOLATED)
c720/S1                                 0.750000    0.900446   -0.150446 (VIOLATED)
c724/A3                                 0.750000    0.900446   -0.150446 (VIOLATED)
out24                                   0.750000    0.805005   -0.055005 (VIOLATED)
c355/Y                                  0.750000    0.805005   -0.055005 (VIOLATED)
c357/B                                  0.750000    0.805005   -0.055005 (VIOLATED)
c359/D1                                 0.750000    0.805005   -0.055005 (VIOLATED)
c364/B1                                 0.750000    0.805005   -0.055005 (VIOLATED)
c366/RESET_B                            0.750000    0.805005   -0.055005 (VIOLATED)
out31                                   0.750000    0.784654   -0.034654 (VIOLATED)
c153/X                                  0.750000    0.784654   -0.034654 (VIOLATED)
c158/B                                  0.750000    0.784654   -0.034654 (VIOLATED)
c170/C1                                 0.750000    0.784654   -0.034654 (VIOLATED)
c183/B                                  0.750000    0.784654   -0.034654 (VIOLATED)
c280/A0                                 0.750000    0.784654   -0.034654 (VIOLATED)
c361/B                                  0.750000    0.784654   -0.034654 (VIOLATED)
c368/A2                                 0.750000    0.784654   -0.034654 (VIOLATED)
c499/A3                                 0.750000    0.784654   -0.034654 (VIOLATED)
c425/Y                                  0.750000    0.750436   -0.000436 (VIOLATED)
c428/A_N                                0.750000    0.750436   -0.000436 (VIOLATED)
c593/B                                  0.750000    0.750436   -0.000436 (VIOLATED)
c736/A3                                 0.750000    0.750436   -0.000436 (VIOLATED)
c748/S0                                 0.750000    0.750436   -0.000436 (VIOLATED)

max fanout

Pin                                   Limit Fanout  Slack
---------------------------------------------------------
c401/Y                                   10     35    -25 (VIOLATED)
c144/Y                                   10     21    -11 (VIOLATED)
c278/X                                   10     21    -11 (VIOLATED)
c142/Y                                   10     19     -9 (VIOLATED)
c98/Y                                    10     13     -3 (VIOLATED)
in43                                     10     12     -2 (VIOLATED)
c136/Y                                   10     12     -2 (VIOLATED)
c150/X                                   10     12     -2 (VIOLATED)
c177/Y                                   10     12     -2 (VIOLATED)
c179/X                                   10     12     -2 (VIOLATED)
c189/X                                   10     12     -2 (VIOLATED)
c229/X                                   10     12     -2 (VIOLATED)
c269/X                                   10     12     -2 (VIOLATED)
merge814/Q                               10     12     -2 (VIOLATED)
in3                                      10     11        (VIOLATED)
in49                                     10     11        (VIOLATED)
in55                                     10     11        (VIOLATED)
in9                                      10     11        (VIOLATED)
c206/X                                   10     11        (VIOLATED)
c214/X                                   10     11        (VIOLATED)
c284/X                                   10     11        (VIOLATED)

max capacitance

Pin                                        Limit         Cap       Slack
------------------------------------------------------------------------
c401/Y                                  0.050364    0.105722   -0.055358 (VIOLATED)
c256/Y                                  0.015574    0.033442   -0.017868 (VIOLATED)
c702/Y                                  0.010081    0.024523   -0.014442 (VIOLATED)
c282/Y                                  0.010081    0.015106   -0.005025 (VIOLATED)
c142/Y                                  0.050364    0.051684   -0.001320 (VIOLATED)



===========================================================================
report_parasitic_annotation -report_unannotated
============================================================================
Found 901 unannotated drivers.
 clk
 in0
 in1
 in10
 in11
 in12
 in13
 in14
 in15
 in16
 in17
 in18
 in19
 in2
 in20
 in21
 in22
 in23
 in24
 in25
 in26
 in27
 in28
 in29
 in3
 in30
 in31
 in32
 in33
 in34
 in35
 in36
 in37
 in38
 in39
 in4
 in40
 in41
 in42
 in43
 in44
 in45
 in46
 in47
 in48
 in49
 in5
 in50
 in51
 in52
 in53
 in54
 in55
 in56
 in57
 in58
 in59
 in6
 in60
 in61
 in7
 in8
 in9
 rst
 c100/Y
 c101/X
 c102/Y
 c103/Y
 c104/X
 c105/X
 c106/Y
 c107/X
 c108/X
 c109/X
 c110/X
 c111/Y
 c112/X
 c113/Y
 c114/X
 c115/Y
 c116/Y
 c117/X
 c118/X
 c119/X
 c120/X
 c121/X
 c122/X
 c123/X
 c124/X
 c125/X
 c126/Y
 c127/X
 c128/X
 c129/X
 c130/Y
 c131/Y
 c132/Y
 c133/X
 c134/X
 c135/Y
 c136/Y
 c137/Y
 c138/Y
 c139/Y
 c140/X
 c141/X
 c142/Y
 c143/X
 c144/Y
 c145/X
 c146/X
 c147/X
 c148/X
 c149/Y
 c150/X
 c151/X
 c152/X
 c153/X
 c154/X
 c155/Y
 c156/X
 c157/X
 c158/X
 c159/X
 c160/X
 c161/Y
 c162/X
 c163/Y
 c164/Y
 c165/X
 c166/X
 c167/X
 c168/X
 c169/Y
 c170/X
 c171/Y
 c172/X
 c173/X
 c174/X
 c175/Y
 c176/X
 c177/Y
 c178/Y
 c179/X
 c180/Y
 c181/Y
 c182/X
 c183/X
 c184/Y
 c185/Y
 c186/Y
 c187/X
 c188/X
 c189/X
 c190/X
 c191/Y
 c192/Y
 c193/X
 c194/X
 c195/Y
 c196/Y
 c197/X
 c198/X
 c199/Y
 c200/Y
 c201/X
 c202/X
 c203/X
 c204/X
 c205/X
 c206/X
 c207/X
 c208/X
 c209/Y
 c210/X
 c211/X
 c212/Y
 c213/X
 c214/X
 c215/Q
 c215/Q_N
 c216/Q
 c216/Q_N
 c217/Q
 c217/Q_N
 c218/Q
 c218/Q_N
 c219/Q
 c219/Q_N
 c220/X
 c221/X
 c222/Y
 c223/X
 c224/X
 c225/Y
 c226/Y
 c227/X
 c228/Y
 c229/X
 c230/X
 c231/X
 c232/Y
 c233/X
 c234/X
 c235/X
 c236/Y
 c237/X
 c238/Y
 c239/X
 c240/X
 c241/X
 c242/Y
 c243/X
 c244/X
 c245/X
 c246/X
 c247/Y
 c248/Y
 c249/X
 c250/X
 c251/X
 c252/Y
 c253/Y
 c254/X
 c255/X
 c256/Y
 c257/Y
 c258/X
 c259/Y
 c260/X
 c261/Y
 c262/X
 c263/X
 c264/X
 c265/X
 c266/Y
 c267/X
 c268/Y
 c269/X
 c270/X
 c271/X
 c272/Y
 c273/Y
 c274/X
 c275/X
 c276/Y
 c277/X
 c278/X
 c279/Y
 c280/X
 c281/X
 c282/Y
 c283/X
 c284/X
 c285/X
 c286/X
 c287/Y
 c288/X
 c289/Y
 c290/X
 c291/X
 c292/Y
 c293/X
 c294/X
 c295/X
 c296/Q
 c296/Q_N
 c297/Y
 c298/X
 c299/X
 c300/X
 c301/Y
 c302/X
 c303/X
 c304/X
 c305/X
 c306/Y
 c307/X
 c308/Y
 c309/Q
 c309/Q_N
 c310/Y
 c311/X
 c312/Y
 c313/X
 c314/X
 c315/X
 c316/X
 c317/X
 c318/X
 c319/X
 c320/Y
 c321/Q
 c321/Q_N
 c322/Y
 c323/Q
 c323/Q_N
 c324/X
 c325/X
 c326/X
 c327/Y
 c328/Q
 c328/Q_N
 c329/X
 c330/X
 c331/X
 c332/X
 c333/X
 c334/X
 c335/Y
 c336/Y
 c337/X
 c338/Y
 c339/X
 c340/X
 c341/X
 c342/X
 c343/Y
 c344/X
 c345/X
 c346/X
 c347/X
 c348/Y
 c349/Q
 c350/Q
 c351/X
 c352/X
 c353/Y
 c354/X
 c355/Y
 c356/X
 c357/X
 c358/Y
 c359/X
 c360/X
 c361/Y
 c362/X
 c363/X
 c364/X
 c365/X
 c366/Q
 c367/X
 c368/X
 c369/X
 c370/X
 c371/X
 c372/Y
 c373/Q
 c373/Q_N
 c392/X
 c393/X
 c394/X
 c395/X
 c396/X
 c397/Y
 c398/Y
 c399/X
 c400/X
 c401/Y
 c402/X
 c403/Y
 c404/X
 c405/Y
 c406/Y
 c407/X
 c408/Y
 c409/X
 c410/Y
 c411/X
 c412/X
 c413/Y
 c414/X
 c415/Q
 c415/Q_N
 c416/X
 c417/X
 c418/X
 c419/Y
 c420/X
 c421/X
 c422/Y
 c423/X
 c424/Q
 c424/Q_N
 c425/Y
 c426/Y
 c427/Y
 c428/X
 c429/X
 c430/Q
 c430/Q_N
 c431/X
 c432/Y
 c433/Y
 c434/Y
 c435/Y
 c436/Y
 c437/X
 c438/X
 c439/X
 c440/Y
 c441/X
 c442/X
 c443/X
 c444/Q
 c444/Q_N
 c445/X
 c446/Y
 c447/X
 c448/X
 c449/Y
 c450/X
 c451/Y
 c452/X
 c453/X
 c454/Y
 c455/Y
 c456/X
 c457/X
 c458/Q
 c459/Q
 c459/Q_N
 c460/X
 c461/X
 c462/X
 c463/X
 c464/X
 c465/X
 c466/X
 c467/X
 c468/Q
 c468/Q_N
 c469/X
 c470/Y
 c471/Q
 c471/Q_N
 c472/X
 c473/X
 c474/Q
 c474/Q_N
 c475/Y
 c476/X
 c477/Q
 c477/Q_N
 c478/Q
 c478/Q_N
 c479/Q
 c479/Q_N
 c480/Q
 c480/Q_N
 c481/X
 c482/Q
 c482/Q_N
 c483/X
 c484/X
 c485/X
 c486/X
 c487/X
 c488/X
 c489/X
 c490/X
 c491/X
 c492/Y
 c493/X
 c494/X
 c495/X
 c496/X
 c497/X
 c498/X
 c499/X
 c500/X
 c501/X
 c502/X
 c503/X
 c504/X
 c505/X
 c528/Y
 c529/X
 c530/Y
 c531/X
 c532/X
 c533/Y
 c534/Y
 c535/Q
 c535/Q_N
 c536/Y
 c537/X
 c538/X
 c539/Y
 c540/X
 c541/Y
 c542/X
 c543/X
 c544/X
 c545/Y
 c546/X
 c547/Y
 c548/X
 c549/Y
 c550/X
 c551/Y
 c552/Y
 c553/X
 c554/X
 c555/X
 c556/X
 c557/Q
 c557/Q_N
 c558/Y
 c559/Y
 c560/X
 c561/X
 c562/Y
 c563/X
 c564/X
 c565/X
 c566/Y
 c567/X
 c568/Q
 c568/Q_N
 c569/Q
 c569/Q_N
 c570/X
 c571/X
 c572/X
 c573/Y
 c574/X
 c575/X
 c576/X
 c577/X
 c578/X
 c579/X
 c580/X
 c581/Y
 c582/Y
 c583/X
 c584/Q
 c585/Q
 c586/Y
 c587/Y
 c588/Q
 c588/Q_N
 c589/X
 c590/Y
 c591/X
 c592/Q
 c593/X
 c594/X
 c595/X
 c596/X
 c597/X
 c598/X
 c599/X
 c600/X
 c601/Q
 c601/Q_N
 c602/X
 c603/X
 c604/Y
 c605/X
 c606/Y
 c607/Q
 c607/Q_N
 c608/Y
 c609/X
 c610/X
 c611/X
 c612/Q
 c612/Q_N
 c613/Q
 c613/Q_N
 c614/Y
 c615/X
 c616/X
 c617/X
 c618/X
 c619/X
 c62/X
 c620/X
 c621/X
 c622/X
 c623/X
 c624/X
 c625/X
 c626/X
 c627/X
 c628/X
 c629/X
 c63/X
 c630/X
 c631/X
 c632/X
 c633/X
 c634/X
 c635/X
 c636/X
 c637/X
 c64/X
 c65/X
 c66/Y
 c660/X
 c661/X
 c662/X
 c663/Y
 c664/Y
 c665/X
 c666/Y
 c667/Y
 c668/X
 c669/X
 c67/X
 c670/X
 c671/X
 c672/Y
 c673/Q
 c673/Q_N
 c674/X
 c675/X
 c676/X
 c677/X
 c678/Y
 c679/Y
 c68/Y
 c680/Y
 c681/X
 c682/X
 c683/X
 c684/X
 c685/X
 c686/Y
 c687/X
 c688/Q
 c688/Q_N
 c689/Y
 c69/X
 c690/X
 c691/Y
 c692/X
 c693/Q
 c693/Q_N
 c694/X
 c695/X
 c696/X
 c697/Y
 c698/Y
 c699/Y
 c70/Y
 c700/X
 c701/X
 c702/Y
 c703/X
 c704/X
 c705/X
 c706/X
 c707/X
 c708/X
 c709/X
 c71/X
 c710/X
 c711/Y
 c712/X
 c713/X
 c714/X
 c715/X
 c716/X
 c717/Q
 c717/Q_N
 c718/X
 c719/X
 c72/Y
 c720/X
 c721/X
 c722/Q
 c722/Q_N
 c723/X
 c724/X
 c725/X
 c726/X
 c727/X
 c728/X
 c729/X
 c73/Y
 c730/X
 c731/X
 c732/X
 c733/X
 c734/X
 c735/X
 c736/X
 c737/X
 c738/X
 c739/X
 c74/X
 c740/X
 c741/X
 c742/X
 c743/X
 c744/X
 c745/X
 c746/X
 c747/X
 c748/X
 c749/X
 c75/Y
 c750/X
 c751/X
 c752/X
 c753/X
 c754/X
 c755/X
 c756/X
 c757/X
 c758/X
 c759/X
 c76/Y
 c760/X
 c761/X
 c762/X
 c763/X
 c764/X
 c77/X
 c78/Y
 c79/X
 c80/X
 c81/Y
 c82/Y
 c83/X
 c84/X
 c85/Y
 c86/X
 c87/X
 c88/Y
 c89/Y
 c90/X
 c91/X
 c92/Y
 c93/X
 c94/X
 c95/X
 c96/X
 c97/X
 c98/Y
 c99/X
 merge765/X
 merge766/X
 merge767/X
 merge768/X
 merge769/Q
 merge769/Q_N
 merge770/X
 merge771/X
 merge772/Y
 merge773/Q
 merge773/Q_N
 merge774/Q
 merge774/Q_N
 merge775/X
 merge776/Q
 merge776/Q_N
 merge777/X
 merge778/X
 merge779/X
 merge780/X
 merge781/X
 merge782/X
 merge783/Q
 merge783/Q_N
 merge784/X
 merge785/Q
 merge785/Q_N
 merge786/Q
 merge786/Q_N
 merge787/Y
 merge788/Q
 merge789/Q
 merge790/Q
 merge791/Q
 merge792/Q
 merge792/Q_N
 merge793/Q
 merge793/Q_N
 merge794/Q
 merge795/Q
 merge796/Q
 merge797/Q
 merge797/Q_N
 merge798/Q
 merge798/Q_N
 merge799/Q
 merge799/Q_N
 merge800/Q
 merge800/Q_N
 merge801/Q
 merge802/Q
 merge803/Q
 merge804/Q
 merge805/Q
 merge806/X
 merge807/X
 merge808/Q
 merge809/Q
 merge809/Q_N
 merge810/Q
 merge811/GCLK
 merge812/GCLK
 merge813/GCLK
 merge814/Q
 merge814/Q_N
 merge815/Q
 merge815/Q_N
 merge816/Q
 s817/Q
 s817/Q_N
 s818/Q
 s818/Q_N
 s819/Q
 s820/Q
 s821/Q
 s822/GCLK
 s823/GCLK
 s824/GCLK
 s825/Q
 s825/Q_N
 s826/Q
 s826/Q_N
 s827/Q
 s827/Q_N
 s828/Q
 s829/Q
 s830/Q
 s831/Q
 s832/Q
 s833/Q
 s833/Q_N
 s834/Q
 s834/Q_N
 s835/Q
 s836/Q
 s837/Q
 s838/GCLK
 s839/GCLK
 s840/GCLK
 s841/Q
 s841/Q_N
 s842/Q
 s842/Q_N
 s843/Q
 s843/Q_N
 s844/Q
 s845/Q
 s846/Q
 s847/Q
 s848/Q
 s849/Q
 s849/Q_N
 s850/Q
 s850/Q_N
 s851/Q
 s852/Q
 s853/Q
 s854/GCLK
 s855/GCLK
 s856/GCLK
 s857/Q
 s857/Q_N
 s858/Q
 s858/Q_N
 s859/Q
 s859/Q_N
 s860/Q
 s861/Q
 s862/Q
 s863/Q
 s864/Q
 s865/Q
 s865/Q_N
 s866/Q
 s866/Q_N
 s867/Q
 s868/Q
 s869/Q
 s870/GCLK
 s871/GCLK
 s872/GCLK
 s873/Q
 s873/Q_N
 s874/Q
 s874/Q_N
 s875/Q
 s875/Q_N
 s876/Q
 s877/Q
 s878/Q
 s879/Q
 s880/Q
 s881/Q
 s881/Q_N
 s882/Q
 s882/Q_N
 s883/Q
 s884/Q
Found 0 partially unannotated drivers.

===========================================================================
max slew violation count 169
max fanout violation count 21
max cap violation count 5
============================================================================

===========================================================================
check_setup -verbose -unconstrained_endpoints -multiple_clock -no_clock -no_input_delay -loops -generated_clocks
===========================================================================
Warning: There are 6 unconstrained endpoints.
  out42
  out5
  out56
  out57
  out8
  merge814/D
