
===========================================================================
Violator List
============================================================================
[setup in-reg] in18 -> c693/RESET_B : -13.573050
[setup in-reg] in18 -> s832/D : -13.534395
[setup in-reg] in18 -> c717/SCD : -13.401598
[setup in-reg] in18 -> merge808/D : -12.690704
[setup in-reg] in18 -> s879/D : -12.604020
[setup in-reg] in18 -> c459/SCE : -12.237384
[setup in-reg] in18 -> s880/D : -12.097510
[setup in-reg] in18 -> c557/RESET_B : -12.086934
[setup in-reg] in18 -> s859/D : -12.067464
[setup in-reg] in18 -> merge799/D : -12.036642
[setup in-reg] in18 -> c613/SCE : -12.000073
[setup in-reg] in18 -> merge808/RESET_B : -11.989429
[setup in-reg] in18 -> s827/D : -11.885019
[setup in-reg] in18 -> merge800/D : -11.786198
[setup in-reg] in18 -> merge804/D : -11.612391
[setup in-reg] in18 -> c612/RESET_B : -11.556471
[setup in-reg] in18 -> merge805/RESET_B : -11.455292
[setup in-reg] in18 -> c328/D : -11.421507
[setup in-reg] in18 -> s843/D : -11.258021
[setup in-reg] in18 -> c323/SCD : -11.239558
[setup in-reg] in18 -> merge769/SCE : -10.992801
[setup in-reg] in18 -> c323/RESET_B : -10.948967
[setup in-reg] in18 -> c415/SCE : -10.802974
[setup in-reg] in18 -> c535/SCE : -10.802974
[setup in-reg] in18 -> s864/D : -10.723654
[setup in-reg] in18 -> c415/SCD : -10.679729
[setup in-reg] in18 -> c424/SCD : -10.672503
[setup in-reg] in18 -> s831/D : -10.649014
[setup in-reg] in18 -> s863/D : -10.561136
[setup in-reg] in18 -> s876/D : -10.436159
[setup in-reg] in18 -> c477/SCD : -10.382174
[setup in-reg] in18 -> c601/SCD : -10.382174
[setup in-reg] in18 -> merge788/D : -10.361671
[setup in-reg] in18 -> c557/D : -10.296915
[setup in-reg] in18 -> s845/D : -10.202122
[setup in-reg] in18 -> c479/RESET_B : -10.130920
[setup in-reg] in18 -> merge801/D : -10.075295
[setup in-reg] in18 -> merge800/RESET_B : -10.055288
[setup in-reg] in18 -> c717/SCE : -10.028278
[setup in-reg] in18 -> c693/RESET_B : -9.923913
[setup in-reg] in18 -> s846/D : -9.875689
[setup in-reg] in18 -> merge769/RESET_B : -9.818152
[setup in-reg] in18 -> s848/D : -9.533405
[setup in-reg] in18 -> s874/D : -9.502013
[setup in-reg] in18 -> c584/SCE : -9.476921
[setup in-reg] in18 -> s865/D : -9.444538
[setup in-reg] in18 -> s847/D : -9.394423
[setup in-reg] in18 -> s854/GATE : -9.348749
[setup in-reg] in18 -> s870/GATE : -9.322836
[setup in-reg] in18 -> merge791/D : -9.298057
[setup in-reg] in18 -> merge789/D : -9.271923
[setup in-out] in18 -> out39 : -9.262347
[setup in-reg] in18 -> c717/D : -9.257038
[setup in-reg] in18 -> merge811/SCE : -9.189845
[setup in-reg] in18 -> merge804/RESET_B : -9.172223
[setup in-reg] in18 -> merge799/RESET_B : -9.160892
[setup in-out] in18 -> out3 : -9.125245
[setup in-reg] in18 -> c612/SCE : -9.114361
[setup in-reg] in18 -> c477/SCE : -9.110822
[setup in-reg] in18 -> s875/D : -9.101236
[setup in-reg] in18 -> c588/D : -9.070231
[setup in-reg] in18 -> s849/D : -9.068024
[setup in-reg] in18 -> s851/D : -9.055127
[setup in-reg] in18 -> merge810/D : -9.049821
[setup in-reg] in18 -> s825/D : -9.044193
[setup in-reg] in18 -> s817/D : -9.044016
[setup in-reg] in18 -> s838/GATE : -9.043405
[setup in-reg] in18 -> s852/D : -9.005547
[setup in-out] in18 -> out18 : -9.001081
[setup in-reg] in18 -> c216/D : -8.977747
[setup in-reg] in18 -> c219/SCE : -8.968744
[setup in-reg] in18 -> c349/SCE : -8.968282
[setup in-reg] in18 -> c424/RESET_B : -8.935659
[setup in-reg] in18 -> merge793/D : -8.926979
[setup in-reg] in18 -> c557/RESET_B : -8.857384
[setup in-reg] in18 -> c480/RESET_B : -8.852377
[setup in-reg] in18 -> s822/GATE : -8.774829
[setup in-reg] in18 -> s878/D : -8.712092
[setup in-reg] in18 -> merge816/D : -8.706233
[setup in-reg] in18 -> s840/GATE : -8.682557
[setup reg-reg] s826/Q -> c479/SET_B : -8.654701
[setup in-reg] in18 -> merge805/D : -8.654139
[setup in-reg] in18 -> c215/SCD : -8.653035
[setup in-reg] in18 -> c218/SCD : -8.653035
[setup in-reg] in18 -> s877/D : -8.631002
[setup in-reg] in18 -> c471/SCE : -8.564069
[setup in-reg] in18 -> c415/SET_B : -8.535412
[setup in-reg] in18 -> c444/SET_B : -8.535412
[setup in-reg] in18 -> merge810/DE : -8.515249
[setup in-reg] in18 -> c588/SCD : -8.485123
[setup in-reg] in18 -> s841/D : -8.411004
[setup in-out] in18 -> out22 : -8.405096
[setup in-reg] in18 -> c585/SCD : -8.391782
[setup in-reg] in18 -> merge773/SCD : -8.374457
[setup in-reg] in18 -> s867/D : -8.348336
[setup in-reg] in18 -> c349/SCD : -8.344527
[setup in-reg] in18 -> c458/D : -8.343665
[setup in-reg] in18 -> merge773/D : -8.299587
[setup in-reg] in18 -> merge798/D : -8.291116
[setup in-reg] in18 -> merge776/DE : -8.275471
[setup in-reg] in18 -> c444/D : -8.242609
[setup in-reg] in18 -> s862/D : -8.241905
[setup in-reg] in18 -> merge790/D : -8.231529
[setup in-reg] in18 -> c592/D : -8.132947
[setup in-reg] in18 -> c478/SCD : -8.100875
[setup in-reg] in18 -> c349/D : -8.097010
[setup in-out] in18 -> out11 : -8.035972
[setup in-reg] in18 -> c535/RESET_B : -7.870492
[setup in-reg] in18 -> c693/SCE : -7.868343
[setup in-out] in18 -> out43 : -7.855459
[setup in-reg] in18 -> s860/D : -7.852593
[setup in-reg] in18 -> s873/D : -7.803266
[setup in-reg] in18 -> merge815/D : -7.789197
[setup in-reg] in18 -> c584/D : -7.763797
[setup in-reg] in18 -> merge776/D : -7.713130
[setup in-reg] in18 -> merge769/D : -7.706338
[setup in-reg] in18 -> s821/D : -7.695006
[setup in-reg] in18 -> merge790/RESET_B : -7.664981
[setup in-out] in18 -> out15 : -7.663852
[setup in-reg] in18 -> merge809/DE : -7.644865
[setup in-reg] in18 -> s837/D : -7.641156
[setup in-reg] in18 -> c296/SCE : -7.620113
[setup in-reg] in18 -> s884/D : -7.619624
[setup in-reg] in18 -> merge774/D : -7.601468
[setup in-reg] in18 -> s820/D : -7.586367
[setup in-reg] in18 -> c673/SCD : -7.580331
[setup in-reg] in18 -> c722/SCD : -7.580331
[setup in-reg] in18 -> merge816/RESET_B : -7.548861
[setup in-reg] in18 -> s871/GATE : -7.548452
[setup in-reg] in18 -> c592/SET_B : -7.537804
[setup in-reg] in18 -> merge797/D : -7.486850
[setup in-reg] in18 -> s833/D : -7.486614
[setup in-reg] in18 -> s829/D : -7.484861
[setup in-reg] in18 -> s836/D : -7.389499
[setup in-out] in18 -> out35 : -7.382229
[setup in-reg] in18 -> s872/GATE : -7.373945
[setup in-reg] in18 -> c366/SCE : -7.358543
[setup in-reg] in18 -> merge813/SCE : -7.354534
[setup in-reg] in18 -> c323/RESET_B : -7.345062
[setup in-reg] in18 -> c568/SCE : -7.300706
[setup in-reg] in18 -> s881/D : -7.267650
[setup in-reg] in18 -> c216/SCD : -7.261344
[setup in-reg] in18 -> merge792/D : -7.259258
[setup in-reg] in18 -> c430/SCD : -7.234892
[setup in-reg] in18 -> s830/D : -7.230917
[setup in-reg] in18 -> merge788/RESET_B : -7.210054
[setup in-reg] in18 -> merge798/RESET_B : -7.197121
[setup in-reg] in18 -> c323/SCE : -7.138322
[setup in-reg] in18 -> merge792/SET_B : -7.125114
[setup in-reg] in18 -> merge801/RESET_B : -7.094947
[setup in-reg] in18 -> s823/GATE : -7.093434
[setup in-reg] in18 -> s866/D : -7.052935
[setup in-reg] in18 -> c569/SCE : -7.030862
[setup in-reg] in18 -> merge789/RESET_B : -7.027298
[setup in-reg] in18 -> merge811/GATE : -6.999646
[setup in-reg] in18 -> s853/D : -6.957547
[setup in-reg] in18 -> s850/D : -6.939034
[setup in-reg] in18 -> s826/D : -6.916100
[setup in-reg] in18 -> s855/GATE : -6.909111
[setup in-reg] in18 -> merge773/SET_B : -6.834268
[setup in-reg] in18 -> merge791/RESET_B : -6.832036
[setup in-reg] in18 -> c585/SCE : -6.810781
[setup in-reg] in18 -> s883/D : -6.777416
[setup in-reg] in18 -> s869/D : -6.767977
[setup in-reg] in18 -> c673/RESET_B : -6.750522
[setup in-reg] in18 -> merge783/RESET_B : -6.750522
[setup in-reg] in18 -> c309/SCE : -6.749609
[setup in-reg] in18 -> merge793/SET_B : -6.741244
[setup in-reg] in18 -> merge795/D : -6.688852
[setup in-reg] in18 -> c328/SET_B : -6.639690
[setup in-reg] in18 -> c218/D : -6.585633
[setup in-reg] in18 -> c349/RESET_B : -6.573639
[setup in-reg] in18 -> c373/RESET_B : -6.558306
[setup in-reg] in18 -> merge774/SET_B : -6.550915
[setup in-out] in18 -> out52 : -6.493325
[setup in-reg] in18 -> c474/SET_B : -6.490398
[setup in-reg] in18 -> c535/D : -6.475273
[setup in-reg] in18 -> c430/D : -6.462495
[setup in-reg] in18 -> merge795/SET_B : -6.423060
[setup in-out] in18 -> out37 : -6.395007
[setup in-reg] in18 -> c215/RESET_B : -6.344646
[setup in-reg] in18 -> c478/D : -6.311796
[setup in-reg] in18 -> c607/SCD : -6.286671
[setup in-reg] in18 -> c459/SCD : -6.271472
[setup in-reg] in18 -> s839/GATE : -6.223333
[setup in-reg] in18 -> merge812/SCE : -6.196581
[setup in-reg] in18 -> c693/D : -6.174235
[setup in-out] in18 -> out25 : -6.113375
[setup in-reg] in18 -> c722/SCE : -6.085535
[setup in-reg] in18 -> merge773/SCE : -6.052876
[setup in-reg] in18 -> c601/RESET_B : -6.050843
[setup in-reg] in18 -> merge794/D : -5.969859
[setup in-reg] in18 -> s868/D : -5.945572
[setup in-reg] in18 -> merge809/D : -5.933019
[setup in-reg] in18 -> c613/RESET_B : -5.878786
[setup in-reg] in18 -> c607/D : -5.851157
[setup in-reg] in18 -> merge796/D : -5.841431
[setup in-reg] in18 -> s824/GATE : -5.790050
[setup in-reg] in18 -> c588/SCE : -5.779285
[setup in-reg] in18 -> s818/D : -5.769638
[setup in-out] in60 -> out47 : -5.752491
[setup in-reg] in18 -> c373/SET_B : -5.735295
[setup in-reg] in18 -> s844/D : -5.607933
[setup in-reg] in18 -> merge812/GATE : -5.587347
[setup in-reg] in18 -> s835/D : -5.564922
[setup in-out] in18 -> out29 : -5.521645
[setup in-reg] in18 -> s819/D : -5.507412
[setup in-out] in18 -> out33 : -5.447089
[setup in-reg] in18 -> merge797/RESET_B : -5.439166
[setup in-out] in18 -> out20 : -5.393233
[setup in-out] in60 -> out59 : -5.386956
[setup in-reg] in18 -> c468/SCD : -5.381336
[setup in-reg] in18 -> c474/SCE : -5.271880
[setup in-out] in18 -> out32 : -5.248254
[setup in-reg] in60 -> c477/D : -5.242828
[setup in-reg] in18 -> c296/RESET_B : -5.232456
[setup in-reg] in18 -> c424/SET_B : -5.173062
[setup in-reg] in18 -> c468/SCE : -5.172975
[setup in-reg] in18 -> merge813/GATE : -5.096084
[setup in-reg] in18 -> merge786/D : -5.078517
[setup in-reg] in18 -> s842/D : -5.077817
[setup in-reg] in18 -> c217/SCE : -5.034887
[setup in-reg] in18 -> c607/SCE : -5.034887
[setup in-reg] in18 -> merge803/D : -4.967856
[setup in-reg] in18 -> s828/D : -4.967083
[setup in-reg] in18 -> c568/SET_B : -4.934148
[setup in-reg] in18 -> merge803/RESET_B : -4.916610
[setup in-reg] in18 -> s834/D : -4.908836
[setup in-reg] in18 -> c468/D : -4.783597
[setup in-reg] in18 -> c430/SET_B : -4.780479
[setup in-out] in18 -> out19 : -4.777743
[setup in-out] in18 -> out1 : -4.756444
[setup in-reg] in18 -> s857/D : -4.675150
[setup in-reg] in18 -> s861/D : -4.588975
[setup in-reg] in18 -> c592/SCE : -4.570778
[setup in-reg] in60 -> s882/D : -4.564198
[setup in-reg] in18 -> c688/SCD : -4.499112
[setup in-reg] in18 -> c482/SET_B : -4.475730
[setup in-reg] in18 -> c471/SCD : -4.407504
[setup in-reg] in18 -> merge802/RESET_B : -4.400835
[setup in-reg] in18 -> c612/D : -4.326895
[setup in-reg] in18 -> merge785/RESET_B : -4.325304
[setup in-reg] in60 -> s858/D : -4.321180
[setup in-out] in60 -> out26 : -4.307009
[setup in-reg] in18 -> c471/SET_B : -4.293463
[setup in-out] in18 -> out49 : -4.283262
[setup in-reg] in18 -> c444/SCD : -4.237588
[setup in-reg] in18 -> merge802/D : -4.225084
[setup in-reg] in18 -> c373/SCE : -4.212423
[setup in-reg] in18 -> c468/RESET_B : -4.113510
[setup in-reg] in18 -> c328/RESET_B : -4.079412
[setup in-reg] in18 -> merge815/RESET_B : -4.069999
[setup in-reg] in60 -> merge785/D : -4.049911
[setup in-reg] in18 -> c482/RESET_B : -4.016106
[setup in-reg] in18 -> s856/GATE : -4.005998
[setup in-reg] in60 -> c373/D : -3.993474
[setup in-out] in18 -> out51 : -3.929753
[setup in-reg] in18 -> c444/RESET_B : -3.896543
[setup in-reg] in18 -> c459/RESET_B : -3.882492
[setup in-reg] in18 -> c717/RESET_B : -3.878084
[setup in-out] in60 -> out4 : -3.820571
[setup in-reg] in18 -> merge794/SET_B : -3.643561
[setup in-reg] in18 -> merge796/SET_B : -3.620880
[setup in-reg] in18 -> c321/SCE : -3.517520
[setup in-out] in60 -> out13 : -3.432927
[setup in-reg] in18 -> c693/SET_B : -3.413883
[setup in-reg] in18 -> merge814/RESET_B : -3.403618
[setup in-reg] in18 -> c350/D : -3.351723
[setup in-reg] in60 -> c612/SCD : -3.347255
[setup in-reg] in60 -> c215/SET_B : -3.339610
[setup in-reg] in60 -> c218/SET_B : -3.339610
[setup in-reg] in18 -> merge783/D : -3.316666
[setup in-reg] in18 -> c479/SCE : -3.297473
[setup in-out] in60 -> out58 : -3.294833
[setup in-reg] in18 -> c321/D : -3.144785
[setup in-reg] in18 -> c568/SCD : -3.136866
[setup in-out] in60 -> out9 : -3.076661
[setup in-reg] in60 -> c219/SET_B : -3.068173
[setup in-reg] in18 -> c350/RESET_B : -3.067162
[setup in-reg] in18 -> c444/SCE : -3.064377
[setup in-reg] in60 -> c218/RESET_B : -3.050031
[setup in-reg] in18 -> c366/D : -2.975614
[setup in-reg] in18 -> c613/SCD : -2.740782
[setup in-out] in60 -> out36 : -2.662067
[setup in-reg] in18 -> c480/SCD : -2.591256
[setup in-reg] in18 -> c569/SET_B : -2.549003
[setup in-out] in60 -> out53 : -2.522098
[setup reg-out] merge797/Q -> out16 : -2.433914
[setup in-out] in60 -> out24 : -2.428081
[setup in-reg] in18 -> c688/SCE : -2.363431
[setup in-reg] in18 -> c607/RESET_B : -2.238090
[setup reg-out] s829/Q -> out14 : -2.139858
[setup in-reg] in60 -> merge774/RESET_B : -2.065926
[setup reg-out] s830/Q -> out23 : -2.043071
[setup in-reg] in18 -> c569/RESET_B : -2.041173
[setup in-out] in60 -> out44 : -1.991962
[setup in-out] in18 -> out41 : -1.982043
[setup in-out] in18 -> out7 : -1.939121
[setup in-reg] in18 -> c459/D : -1.930107
[setup in-reg] in18 -> c424/SCE : -1.926809
[setup in-reg] in18 -> c309/D : -1.769931
[setup in-out] in60 -> out27 : -1.684474
[setup reg-reg] merge798/Q -> c722/D : -1.578788
[setup in-reg] in18 -> c296/SCD : -1.364479
[setup reg-reg] merge804/Q -> c557/SCD : -1.243798
[setup in-out] in18 -> out61 : -1.220595
[setup in-reg] in60 -> c215/D : -1.146645
[setup in-reg] in18 -> c585/D : -1.091657
[setup in-reg] in18 -> c218/SCE : -1.018864
[setup in-reg] in18 -> c323/D : -0.990514
[setup in-out] in18 -> out31 : -0.853865
[setup in-out] in60 -> out2 : -0.768160
[setup in-reg] in60 -> c471/RESET_B : -0.753205
[setup in-reg] in60 -> c366/RESET_B : -0.722519
[setup in-reg] in18 -> c474/SCD : -0.701222
[setup in-reg] in18 -> c673/SCE : -0.658008
[setup in-reg] in18 -> c328/RESET_B : -0.648086
[setup reg-reg] merge802/Q -> c217/SET_B : -0.335813
[setup in-reg] in18 -> c478/RESET_B : -0.332332
[setup reg-reg] merge803/Q -> c468/SET_B : -0.286162
[setup reg-reg] merge801/Q -> c722/SET_B : -0.280024
[setup in-reg] in18 -> c430/RESET_B : -0.232163
[setup in-out] in60 -> out45 : -0.187582
[setup reg-reg] s826/Q_N -> c478/SET_B : -0.157935
[setup in-reg] in18 -> c296/SET_B : -0.155462
