[WARNING ORD-0039] .openroad ignored with -python
Unannotated report:
['report_parasitic_annotation -report_unannotated\n',
 '============================================================================\n',
 'Found 32 unannotated drivers.\n',
 ' rst\n',
 ' c214/Q_N\n',
 ' c235/Q_N\n',
 ' c307/Q_N\n',
 ' c359/Q_N\n',
 ' c393/Q_N\n',
 ' c421/Q_N\n',
 ' c439/Q_N\n',
 ' c463/Q_N\n',
 ' c470/Q_N\n',
 ' c481/Q_N\n',
 ' c483/Q_N\n',
 ' c539/Q_N\n',
 ' c569/Q_N\n',
 ' c578/Q_N\n',
 ' c585/Q_N\n',
 ' c614/Q_N\n',
 ' c615/Q_N\n',
 ' c628/Q_N\n',
 ' c632/Q_N\n',
 ' c633/Q_N\n',
 ' c685/Q_N\n',
 ' c691/Q_N\n',
 ' c724/Q_N\n',
 ' c743/Q_N\n',
 ' c745/Q_N\n',
 ' c747/Q_N\n',
 ' s795/Q_N\n',
 ' s811/Q_N\n',
 ' s818/Q_N\n',
 ' s819/Q\n',
 ' s819/Q_N\n',
 'Found 0 partially unannotated drivers.\n',
 '\n']
Reported nets:
['rst',
 'c214/Q_N',
 'c235/Q_N',
 'c307/Q_N',
 'c359/Q_N',
 'c393/Q_N',
 'c421/Q_N',
 'c439/Q_N',
 'c463/Q_N',
 'c470/Q_N',
 'c481/Q_N',
 'c483/Q_N',
 'c539/Q_N',
 'c569/Q_N',
 'c578/Q_N',
 'c585/Q_N',
 'c614/Q_N',
 'c615/Q_N',
 'c628/Q_N',
 'c632/Q_N',
 'c633/Q_N',
 'c685/Q_N',
 'c691/Q_N',
 'c724/Q_N',
 'c743/Q_N',
 'c745/Q_N',
 'c747/Q_N',
 's795/Q_N',
 's811/Q_N',
 's818/Q_N',
 's819/Q',
 's819/Q_N']
Filtered nets:
[]
done
