
===========================================================================
report_checks -unconstrained
===========================================================================
======================= nom_tt_025C_1v80 Corner ===================================

Startpoint: in0 (input port clocked by clk)
Endpoint: merge828 (recovery check against falling-edge clock clk)
Path Group: asynchronous
Path Type: max

Fanout         Cap        Slew       Delay        Time   Description
---------------------------------------------------------------------------------------------
                                  0.000000    0.000000   clock clk (rise edge)
                                  0.000000    0.000000   clock network delay (propagated)
                                  1.600000    1.600000 v input external delay
     2    0.008777    0.021844    0.014256    1.614256 v in0 (in)
                                                         in0 (net)
                      0.021846    0.000000    1.614256 v input1/A (sky130_fd_sc_hd__buf_8)
     9    0.085945    0.071714    0.146110    1.760366 v input1/X (sky130_fd_sc_hd__buf_8)
                                                         net133 (net)
                      0.075737    0.013076    1.773442 v fanout224/A (sky130_fd_sc_hd__buf_12)
    13    0.097236    0.062420    0.169877    1.943318 v fanout224/X (sky130_fd_sc_hd__buf_12)
                                                         net1083 (net)
                      0.062448    0.001045    1.944363 v fanout223/A (sky130_fd_sc_hd__buf_12)
    11    0.054960    0.043729    0.150854    2.095218 v fanout223/X (sky130_fd_sc_hd__buf_12)
                                                         net1082 (net)
                      0.044296    0.003516    2.098733 v fanout222/A (sky130_fd_sc_hd__buf_12)
     7    0.044738    0.040482    0.138835    2.237568 v fanout222/X (sky130_fd_sc_hd__buf_12)
                                                         net1081 (net)
                      0.040517    0.001071    2.238639 v c132/C (sky130_fd_sc_hd__or3_4)
     5    0.048865    0.132755    0.417177    2.655816 v c132/X (sky130_fd_sc_hd__or3_4)
                                                         net68 (net)
                      0.132773    0.001556    2.657372 v fanout207/A (sky130_fd_sc_hd__buf_12)
    13    0.062251    0.046937    0.186785    2.844158 v fanout207/X (sky130_fd_sc_hd__buf_12)
                                                         net1066 (net)
                      0.047086    0.001751    2.845908 v c134/C1 (sky130_fd_sc_hd__a2111oi_4)
     3    0.019485    0.418887    0.409014    3.254922 ^ c134/Y (sky130_fd_sc_hd__a2111oi_4)
                                                         net70 (net)
                      0.418887    0.000340    3.255262 ^ fanout192/A (sky130_fd_sc_hd__buf_6)
     5    0.041915    0.094537    0.210379    3.465641 ^ fanout192/X (sky130_fd_sc_hd__buf_6)
                                                         net1051 (net)
                      0.094544    0.000930    3.466571 ^ c136/D1 (sky130_fd_sc_hd__o2111ai_4)
     3    0.022950    0.161040    0.156031    3.622603 v c136/Y (sky130_fd_sc_hd__o2111ai_4)
                                                         net72 (net)
                      0.161040    0.000379    3.622982 v fanout180/A (sky130_fd_sc_hd__buf_8)
     7    0.065982    0.058798    0.205470    3.828452 v fanout180/X (sky130_fd_sc_hd__buf_8)
                                                         net1039 (net)
                      0.058830    0.001314    3.829766 v fanout179/A (sky130_fd_sc_hd__buf_12)
     5    0.036769    0.036396    0.140520    3.970286 v fanout179/X (sky130_fd_sc_hd__buf_12)
                                                         net1038 (net)
                      0.036502    0.001687    3.971973 v c138/C (sky130_fd_sc_hd__nor3_4)
     4    0.021185    0.266151    0.217831    4.189803 ^ c138/Y (sky130_fd_sc_hd__nor3_4)
                                                         net74 (net)
                      0.266151    0.000417    4.190220 ^ max_cap177/A (sky130_fd_sc_hd__buf_8)
     8    0.065821    0.113919    0.201605    4.391825 ^ max_cap177/X (sky130_fd_sc_hd__buf_8)
                                                         net1036 (net)
                      0.114189    0.004475    4.396300 ^ c142/A1 (sky130_fd_sc_hd__a2111o_4)
     5    0.051093    0.163284    0.273973    4.670273 ^ c142/X (sky130_fd_sc_hd__a2111o_4)
                                                         net78 (net)
                      0.163290    0.001134    4.671406 ^ fanout176/A (sky130_fd_sc_hd__buf_12)
     5    0.034439    0.054075    0.142464    4.813871 ^ fanout176/X (sky130_fd_sc_hd__buf_12)
                                                         net1035 (net)
                      0.054098    0.001023    4.814894 ^ c145/D1 (sky130_fd_sc_hd__o2111ai_4)
     2    0.013174    0.123497    0.113521    4.928415 v c145/Y (sky130_fd_sc_hd__o2111ai_4)
                                                         net81 (net)
                      0.123497    0.000387    4.928802 v fanout166/A (sky130_fd_sc_hd__buf_12)
    11    0.052473    0.043141    0.179188    5.107990 v fanout166/X (sky130_fd_sc_hd__buf_12)
                                                         net1025 (net)
                      0.043158    0.001017    5.109006 v c146/B1 (sky130_fd_sc_hd__a2111oi_4)
     2    0.007532    0.282637    0.341182    5.450188 ^ c146/Y (sky130_fd_sc_hd__a2111oi_4)
                                                         net82 (net)
                      0.282637    0.000126    5.450314 ^ c148/A2 (sky130_fd_sc_hd__o2111a_2)
     3    0.028484    0.164386    0.323058    5.773372 ^ c148/X (sky130_fd_sc_hd__o2111a_2)
                                                         net84 (net)
                      0.164400    0.001640    5.775012 ^ c154/A2 (sky130_fd_sc_hd__o2111ai_4)
     3    0.021060    0.181696    0.169226    5.944238 v c154/Y (sky130_fd_sc_hd__o2111ai_4)
                                                         net90 (net)
                      0.181697    0.000477    5.944715 v rebuffer23/A (sky130_fd_sc_hd__dlymetal6s2s_1)
     3    0.029898    0.152861    0.293805    6.238519 v rebuffer23/X (sky130_fd_sc_hd__dlymetal6s2s_1)
                                                         net1114 (net)
                      0.152931    0.003065    6.241584 v c234/A1 (sky130_fd_sc_hd__mux4_1)
     3    0.009137    0.119111    0.591049    6.832634 v c234/X (sky130_fd_sc_hd__mux4_1)
                                                         net169 (net)
                      0.119111    0.000194    6.832828 v c239/A0 (sky130_fd_sc_hd__mux4_2)
     2    0.011773    0.108490    0.523118    7.355945 v c239/X (sky130_fd_sc_hd__mux4_2)
                                                         net174 (net)
                      0.108490    0.000591    7.356535 v c367/A0 (sky130_fd_sc_hd__mux4_2)
     1    0.013524    0.113900    0.526646    7.883182 v c367/X (sky130_fd_sc_hd__mux4_2)
                                                         net300 (net)
                      0.113900    0.000695    7.883876 v clkbuf_0_net300/A (sky130_fd_sc_hd__clkbuf_16)
     2    0.020139    0.035271    0.178899    8.062775 v clkbuf_0_net300/X (sky130_fd_sc_hd__clkbuf_16)
                                                         clknet_0_net300 (net)
                      0.035273    0.000650    8.063425 v clkbuf_1_1__f_net300/A (sky130_fd_sc_hd__clkbuf_16)
     4    0.019486    0.034797    0.142007    8.205432 v clkbuf_1_1__f_net300/X (sky130_fd_sc_hd__clkbuf_16)
                                                         clknet_1_1__leaf_net300 (net)
                      0.034813    0.000874    8.206306 v c368/S0 (sky130_fd_sc_hd__mux4_4)
     1    0.015045    0.134192    0.592483    8.798790 v c368/X (sky130_fd_sc_hd__mux4_4)
                                                         net947 (net)
                      0.134193    0.000628    8.799417 v clkbuf_0_net947/A (sky130_fd_sc_hd__clkbuf_16)
     2    0.017534    0.033992    0.186198    8.985615 v clkbuf_0_net947/X (sky130_fd_sc_hd__clkbuf_16)
                                                         clknet_0_net947 (net)
                      0.033992    0.000515    8.986131 v clkbuf_1_0__f_net947/A (sky130_fd_sc_hd__clkbuf_16)
     4    0.019029    0.034526    0.141178    9.127308 v clkbuf_1_0__f_net947/X (sky130_fd_sc_hd__clkbuf_16)
                                                         clknet_1_0__leaf_net947 (net)
                      0.034537    0.000528    9.127835 v c485/A2 (sky130_fd_sc_hd__mux4_2)
     1    0.010287    0.103993    0.489262    9.617098 v c485/X (sky130_fd_sc_hd__mux4_2)
                                                         net401 (net)
                      0.103993    0.000443    9.617540 v clkbuf_0_net401/A (sky130_fd_sc_hd__clkbuf_16)
     2    0.019214    0.034742    0.173578    9.791120 v clkbuf_0_net401/X (sky130_fd_sc_hd__clkbuf_16)
                                                         clknet_0_net401 (net)
                      0.034742    0.000541    9.791660 v clkbuf_1_1__f_net401/A (sky130_fd_sc_hd__clkbuf_16)
     3    0.013328    0.031456    0.137000    9.928660 v clkbuf_1_1__f_net401/X (sky130_fd_sc_hd__clkbuf_16)
                                                         clknet_1_1__leaf_net401 (net)
                      0.031456    0.000348    9.929008 v c487/A0 (sky130_fd_sc_hd__mux4_1)
     1    0.010774    0.126518    0.539753   10.468761 v c487/X (sky130_fd_sc_hd__mux4_1)
                                                         net403 (net)
                      0.126518    0.000547   10.469309 v clkbuf_0_net403/A (sky130_fd_sc_hd__clkbuf_16)
     2    0.016210    0.033182    0.181670   10.650978 v clkbuf_0_net403/X (sky130_fd_sc_hd__clkbuf_16)
                                                         clknet_0_net403 (net)
                      0.033182    0.000277   10.651256 v clkbuf_1_1__f_net403/A (sky130_fd_sc_hd__clkbuf_16)
     5    0.020335    0.035221    0.141877   10.793132 v clkbuf_1_1__f_net403/X (sky130_fd_sc_hd__clkbuf_16)
                                                         clknet_1_1__leaf_net403 (net)
                      0.035238    0.000414   10.793546 v c505/S0 (sky130_fd_sc_hd__mux4_4)
     1    0.004610    0.063750    0.381769   11.175315 ^ c505/X (sky130_fd_sc_hd__mux4_4)
                                                         net417 (net)
                      0.063750    0.000163   11.175478 ^ merge808/B (sky130_fd_sc_hd__or2_4)
     1    0.003460    0.028280    0.105422   11.280900 ^ merge808/X (sky130_fd_sc_hd__or2_4)
                                                         net677 (net)
                      0.028280    0.000077   11.280977 ^ merge828/RESET_B (sky130_fd_sc_hd__dlrtp_2)
                                             11.280977   data arrival time

                                  4.000000    4.000000   clock clk (fall edge)
                                  0.000000    4.000000   clock source latency
     2    0.045637    0.102827    0.074996    4.074996 v clk (in)
                                                         clk (net)
                      0.103296    0.000000    4.074996 v clkbuf_0_clk/A (sky130_fd_sc_hd__clkbuf_16)
    33    0.206679    0.139061    0.262434    4.337429 v clkbuf_0_clk/X (sky130_fd_sc_hd__clkbuf_16)
                                                         clknet_0_clk (net)
                      0.139645    0.006787    4.344216 v clkbuf_4_13_0_clk/A (sky130_fd_sc_hd__clkbuf_8)
    12    0.045221    0.062780    0.211170    4.555386 v clkbuf_4_13_0_clk/X (sky130_fd_sc_hd__clkbuf_8)
                                                         clknet_4_13_0_clk (net)
                      0.062869    0.002094    4.557479 v merge828/GATE (sky130_fd_sc_hd__dlrtp_2)
                                 -0.250000    4.307479   clock uncertainty
                                  0.000000    4.307479   clock reconvergence pessimism
                                  0.042199    4.349679   library recovery time
                                              4.349679   data required time
---------------------------------------------------------------------------------------------
                                              4.349679   data required time
                                            -11.280977   data arrival time
---------------------------------------------------------------------------------------------
                                             -6.931298   slack (VIOLATED)


Startpoint: s884 (negative level-sensitive latch clocked by clk)
Endpoint: c363 (rising edge-triggered flip-flop clocked by clk)
Path Group: clk
Path Type: max

Fanout         Cap        Slew       Delay        Time   Description
---------------------------------------------------------------------------------------------
                                  4.000000    4.000000   clock clk (fall edge)
                                  0.000000    4.000000   clock source latency
     2    0.045637    0.102827    0.074996    4.074996 v clk (in)
                                                         clk (net)
                      0.103296    0.000000    4.074996 v clkbuf_0_clk/A (sky130_fd_sc_hd__clkbuf_16)
    33    0.206679    0.139061    0.262434    4.337429 v clkbuf_0_clk/X (sky130_fd_sc_hd__clkbuf_16)
                                                         clknet_0_clk (net)
                      0.140009    0.008831    4.346260 v clkbuf_4_15_0_clk/A (sky130_fd_sc_hd__clkbuf_8)
    25    0.075644    0.088625    0.237812    4.584072 v clkbuf_4_15_0_clk/X (sky130_fd_sc_hd__clkbuf_8)
                                                         clknet_4_15_0_clk (net)
                      0.088653    0.001512    4.585584 v s884/GATE_N (sky130_fd_sc_hd__dlxbn_1)
                                  3.770945    8.356528   time given to startpoint
                      0.112536    0.000000    8.356528 v s884/D (sky130_fd_sc_hd__dlxbn_1)
     4    0.024403    0.118099    0.480202    8.836730 v s884/Q_N (sky130_fd_sc_hd__dlxbn_1)
                                                         net763 (net)
                      0.118101    0.000699    8.837429 v c234/S0 (sky130_fd_sc_hd__mux4_1)
     3    0.009608    0.115149    0.404325    9.241754 ^ c234/X (sky130_fd_sc_hd__mux4_1)
                                                         net169 (net)
                      0.115149    0.000205    9.241959 ^ c239/A0 (sky130_fd_sc_hd__mux4_2)
     2    0.012030    0.097478    0.284094    9.526052 ^ c239/X (sky130_fd_sc_hd__mux4_2)
                                                         net174 (net)
                      0.097478    0.000198    9.526250 ^ c240/A1 (sky130_fd_sc_hd__mux4_1)
     2    0.005831    0.085969    0.258772    9.785022 ^ c240/X (sky130_fd_sc_hd__mux4_1)
                                                         net175 (net)
                      0.085969    0.000147    9.785170 ^ c241/A3 (sky130_fd_sc_hd__mux4_4)
     1    0.013838    0.090519    0.331265   10.116434 ^ c241/X (sky130_fd_sc_hd__mux4_4)
                                                         net957 (net)
                      0.090523    0.000720   10.117154 ^ clkbuf_0_net957/A (sky130_fd_sc_hd__clkbuf_16)
     2    0.017849    0.040051    0.139999   10.257154 ^ clkbuf_0_net957/X (sky130_fd_sc_hd__clkbuf_16)
                                                         clknet_0_net957 (net)
                      0.040060    0.000459   10.257613 ^ clkbuf_1_0__f_net957/A (sky130_fd_sc_hd__clkbuf_16)
     1    0.002391    0.026304    0.105605   10.363218 ^ clkbuf_1_0__f_net957/X (sky130_fd_sc_hd__clkbuf_16)
                                                         clknet_1_0__leaf_net957 (net)
                      0.026304    0.000068   10.363287 ^ c363/RESET_B (sky130_fd_sc_hd__sdfbbp_1)
                                             10.363287   data arrival time

                                  0.000000    0.000000   clock clk (rise edge)
                                  0.000000    0.000000   clock source latency
     2    0.046674    0.213490    0.150923    0.150923 ^ clk (in)
                                                         clk (net)
                      0.213734    0.000000    0.150923 ^ clkbuf_0_clk/A (sky130_fd_sc_hd__clkbuf_16)
    33    0.215090    0.225666    0.317486    0.468408 ^ clkbuf_0_clk/X (sky130_fd_sc_hd__clkbuf_16)
                                                         clknet_0_clk (net)
                      0.226105    0.008132    0.476541 ^ clkbuf_4_8_0_clk/A (sky130_fd_sc_hd__clkbuf_8)
    19    0.056991    0.109753    0.238234    0.714775 ^ clkbuf_4_8_0_clk/X (sky130_fd_sc_hd__clkbuf_8)
                                                         clknet_4_8_0_clk (net)
                      0.109754    0.000631    0.715406 ^ s898/CLK (sky130_fd_sc_hd__dlclkp_2)
     1    0.024812    0.139389    0.237270    0.952676 ^ s898/GCLK (sky130_fd_sc_hd__dlclkp_2)
                                                         net779 (net)
                      0.139424    0.002142    0.954818 ^ clkbuf_0_net779/A (sky130_fd_sc_hd__clkbuf_16)
     2    0.029592    0.051107    0.167541    1.122360 ^ clkbuf_0_net779/X (sky130_fd_sc_hd__clkbuf_16)
                                                         clknet_0_net779 (net)
                      0.051122    0.000857    1.123216 ^ clkbuf_1_1__f_net779/A (sky130_fd_sc_hd__clkbuf_16)
     4    0.022125    0.043690    0.129444    1.252661 ^ clkbuf_1_1__f_net779/X (sky130_fd_sc_hd__clkbuf_16)
                                                         clknet_1_1__leaf_net779 (net)
                      0.043700    0.000630    1.253290 ^ c363/SET_B (sky130_fd_sc_hd__sdfbbp_1)
                                 -0.250000    1.003290   clock uncertainty
                                  0.000000    1.003290   clock reconvergence pessimism
                                  0.113561    1.116851   library non-sequential setup time
                                              1.116851   data required time
---------------------------------------------------------------------------------------------
                                              1.116851   data required time
                                            -10.363287   data arrival time
---------------------------------------------------------------------------------------------
                                             -9.246435   slack (VIOLATED)




===========================================================================
report_checks --slack_max -0.01
============================================================================
======================= nom_tt_025C_1v80 Corner ===================================

Startpoint: in0 (input port clocked by clk)
Endpoint: merge828 (recovery check against falling-edge clock clk)
Path Group: asynchronous
Path Type: max

Fanout         Cap        Slew       Delay        Time   Description
---------------------------------------------------------------------------------------------
                                  0.000000    0.000000   clock clk (rise edge)
                                  0.000000    0.000000   clock network delay (propagated)
                                  1.600000    1.600000 v input external delay
     2    0.008777    0.021844    0.014256    1.614256 v in0 (in)
                                                         in0 (net)
                      0.021846    0.000000    1.614256 v input1/A (sky130_fd_sc_hd__buf_8)
     9    0.085945    0.071714    0.146110    1.760366 v input1/X (sky130_fd_sc_hd__buf_8)
                                                         net133 (net)
                      0.075737    0.013076    1.773442 v fanout224/A (sky130_fd_sc_hd__buf_12)
    13    0.097236    0.062420    0.169877    1.943318 v fanout224/X (sky130_fd_sc_hd__buf_12)
                                                         net1083 (net)
                      0.062448    0.001045    1.944363 v fanout223/A (sky130_fd_sc_hd__buf_12)
    11    0.054960    0.043729    0.150854    2.095218 v fanout223/X (sky130_fd_sc_hd__buf_12)
                                                         net1082 (net)
                      0.044296    0.003516    2.098733 v fanout222/A (sky130_fd_sc_hd__buf_12)
     7    0.044738    0.040482    0.138835    2.237568 v fanout222/X (sky130_fd_sc_hd__buf_12)
                                                         net1081 (net)
                      0.040517    0.001071    2.238639 v c132/C (sky130_fd_sc_hd__or3_4)
     5    0.048865    0.132755    0.417177    2.655816 v c132/X (sky130_fd_sc_hd__or3_4)
                                                         net68 (net)
                      0.132773    0.001556    2.657372 v fanout207/A (sky130_fd_sc_hd__buf_12)
    13    0.062251    0.046937    0.186785    2.844158 v fanout207/X (sky130_fd_sc_hd__buf_12)
                                                         net1066 (net)
                      0.047086    0.001751    2.845908 v c134/C1 (sky130_fd_sc_hd__a2111oi_4)
     3    0.019485    0.418887    0.409014    3.254922 ^ c134/Y (sky130_fd_sc_hd__a2111oi_4)
                                                         net70 (net)
                      0.418887    0.000340    3.255262 ^ fanout192/A (sky130_fd_sc_hd__buf_6)
     5    0.041915    0.094537    0.210379    3.465641 ^ fanout192/X (sky130_fd_sc_hd__buf_6)
                                                         net1051 (net)
                      0.094544    0.000930    3.466571 ^ c136/D1 (sky130_fd_sc_hd__o2111ai_4)
     3    0.022950    0.161040    0.156031    3.622603 v c136/Y (sky130_fd_sc_hd__o2111ai_4)
                                                         net72 (net)
                      0.161040    0.000379    3.622982 v fanout180/A (sky130_fd_sc_hd__buf_8)
     7    0.065982    0.058798    0.205470    3.828452 v fanout180/X (sky130_fd_sc_hd__buf_8)
                                                         net1039 (net)
                      0.058830    0.001314    3.829766 v fanout179/A (sky130_fd_sc_hd__buf_12)
     5    0.036769    0.036396    0.140520    3.970286 v fanout179/X (sky130_fd_sc_hd__buf_12)
                                                         net1038 (net)
                      0.036502    0.001687    3.971973 v c138/C (sky130_fd_sc_hd__nor3_4)
     4    0.021185    0.266151    0.217831    4.189803 ^ c138/Y (sky130_fd_sc_hd__nor3_4)
                                                         net74 (net)
                      0.266151    0.000417    4.190220 ^ max_cap177/A (sky130_fd_sc_hd__buf_8)
     8    0.065821    0.113919    0.201605    4.391825 ^ max_cap177/X (sky130_fd_sc_hd__buf_8)
                                                         net1036 (net)
                      0.114189    0.004475    4.396300 ^ c142/A1 (sky130_fd_sc_hd__a2111o_4)
     5    0.051093    0.163284    0.273973    4.670273 ^ c142/X (sky130_fd_sc_hd__a2111o_4)
                                                         net78 (net)
                      0.163290    0.001134    4.671406 ^ fanout176/A (sky130_fd_sc_hd__buf_12)
     5    0.034439    0.054075    0.142464    4.813871 ^ fanout176/X (sky130_fd_sc_hd__buf_12)
                                                         net1035 (net)
                      0.054098    0.001023    4.814894 ^ c145/D1 (sky130_fd_sc_hd__o2111ai_4)
     2    0.013174    0.123497    0.113521    4.928415 v c145/Y (sky130_fd_sc_hd__o2111ai_4)
                                                         net81 (net)
                      0.123497    0.000387    4.928802 v fanout166/A (sky130_fd_sc_hd__buf_12)
    11    0.052473    0.043141    0.179188    5.107990 v fanout166/X (sky130_fd_sc_hd__buf_12)
                                                         net1025 (net)
                      0.043158    0.001017    5.109006 v c146/B1 (sky130_fd_sc_hd__a2111oi_4)
     2    0.007532    0.282637    0.341182    5.450188 ^ c146/Y (sky130_fd_sc_hd__a2111oi_4)
                                                         net82 (net)
                      0.282637    0.000126    5.450314 ^ c148/A2 (sky130_fd_sc_hd__o2111a_2)
     3    0.028484    0.164386    0.323058    5.773372 ^ c148/X (sky130_fd_sc_hd__o2111a_2)
                                                         net84 (net)
                      0.164400    0.001640    5.775012 ^ c154/A2 (sky130_fd_sc_hd__o2111ai_4)
     3    0.021060    0.181696    0.169226    5.944238 v c154/Y (sky130_fd_sc_hd__o2111ai_4)
                                                         net90 (net)
                      0.181697    0.000477    5.944715 v rebuffer23/A (sky130_fd_sc_hd__dlymetal6s2s_1)
     3    0.029898    0.152861    0.293805    6.238519 v rebuffer23/X (sky130_fd_sc_hd__dlymetal6s2s_1)
                                                         net1114 (net)
                      0.152931    0.003065    6.241584 v c234/A1 (sky130_fd_sc_hd__mux4_1)
     3    0.009137    0.119111    0.591049    6.832634 v c234/X (sky130_fd_sc_hd__mux4_1)
                                                         net169 (net)
                      0.119111    0.000194    6.832828 v c239/A0 (sky130_fd_sc_hd__mux4_2)
     2    0.011773    0.108490    0.523118    7.355945 v c239/X (sky130_fd_sc_hd__mux4_2)
                                                         net174 (net)
                      0.108490    0.000591    7.356535 v c367/A0 (sky130_fd_sc_hd__mux4_2)
     1    0.013524    0.113900    0.526646    7.883182 v c367/X (sky130_fd_sc_hd__mux4_2)
                                                         net300 (net)
                      0.113900    0.000695    7.883876 v clkbuf_0_net300/A (sky130_fd_sc_hd__clkbuf_16)
     2    0.020139    0.035271    0.178899    8.062775 v clkbuf_0_net300/X (sky130_fd_sc_hd__clkbuf_16)
                                                         clknet_0_net300 (net)
                      0.035273    0.000650    8.063425 v clkbuf_1_1__f_net300/A (sky130_fd_sc_hd__clkbuf_16)
     4    0.019486    0.034797    0.142007    8.205432 v clkbuf_1_1__f_net300/X (sky130_fd_sc_hd__clkbuf_16)
                                                         clknet_1_1__leaf_net300 (net)
                      0.034813    0.000874    8.206306 v c368/S0 (sky130_fd_sc_hd__mux4_4)
     1    0.015045    0.134192    0.592483    8.798790 v c368/X (sky130_fd_sc_hd__mux4_4)
                                                         net947 (net)
                      0.134193    0.000628    8.799417 v clkbuf_0_net947/A (sky130_fd_sc_hd__clkbuf_16)
     2    0.017534    0.033992    0.186198    8.985615 v clkbuf_0_net947/X (sky130_fd_sc_hd__clkbuf_16)
                                                         clknet_0_net947 (net)
                      0.033992    0.000515    8.986131 v clkbuf_1_0__f_net947/A (sky130_fd_sc_hd__clkbuf_16)
     4    0.019029    0.034526    0.141178    9.127308 v clkbuf_1_0__f_net947/X (sky130_fd_sc_hd__clkbuf_16)
                                                         clknet_1_0__leaf_net947 (net)
                      0.034537    0.000528    9.127835 v c485/A2 (sky130_fd_sc_hd__mux4_2)
     1    0.010287    0.103993    0.489262    9.617098 v c485/X (sky130_fd_sc_hd__mux4_2)
                                                         net401 (net)
                      0.103993    0.000443    9.617540 v clkbuf_0_net401/A (sky130_fd_sc_hd__clkbuf_16)
     2    0.019214    0.034742    0.173578    9.791120 v clkbuf_0_net401/X (sky130_fd_sc_hd__clkbuf_16)
                                                         clknet_0_net401 (net)
                      0.034742    0.000541    9.791660 v clkbuf_1_1__f_net401/A (sky130_fd_sc_hd__clkbuf_16)
     3    0.013328    0.031456    0.137000    9.928660 v clkbuf_1_1__f_net401/X (sky130_fd_sc_hd__clkbuf_16)
                                                         clknet_1_1__leaf_net401 (net)
                      0.031456    0.000348    9.929008 v c487/A0 (sky130_fd_sc_hd__mux4_1)
     1    0.010774    0.126518    0.539753   10.468761 v c487/X (sky130_fd_sc_hd__mux4_1)
                                                         net403 (net)
                      0.126518    0.000547   10.469309 v clkbuf_0_net403/A (sky130_fd_sc_hd__clkbuf_16)
     2    0.016210    0.033182    0.181670   10.650978 v clkbuf_0_net403/X (sky130_fd_sc_hd__clkbuf_16)
                                                         clknet_0_net403 (net)
                      0.033182    0.000277   10.651256 v clkbuf_1_1__f_net403/A (sky130_fd_sc_hd__clkbuf_16)
     5    0.020335    0.035221    0.141877   10.793132 v clkbuf_1_1__f_net403/X (sky130_fd_sc_hd__clkbuf_16)
                                                         clknet_1_1__leaf_net403 (net)
                      0.035238    0.000414   10.793546 v c505/S0 (sky130_fd_sc_hd__mux4_4)
     1    0.004610    0.063750    0.381769   11.175315 ^ c505/X (sky130_fd_sc_hd__mux4_4)
                                                         net417 (net)
                      0.063750    0.000163   11.175478 ^ merge808/B (sky130_fd_sc_hd__or2_4)
     1    0.003460    0.028280    0.105422   11.280900 ^ merge808/X (sky130_fd_sc_hd__or2_4)
                                                         net677 (net)
                      0.028280    0.000077   11.280977 ^ merge828/RESET_B (sky130_fd_sc_hd__dlrtp_2)
                                             11.280977   data arrival time

                                  4.000000    4.000000   clock clk (fall edge)
                                  0.000000    4.000000   clock source latency
     2    0.045637    0.102827    0.074996    4.074996 v clk (in)
                                                         clk (net)
                      0.103296    0.000000    4.074996 v clkbuf_0_clk/A (sky130_fd_sc_hd__clkbuf_16)
    33    0.206679    0.139061    0.262434    4.337429 v clkbuf_0_clk/X (sky130_fd_sc_hd__clkbuf_16)
                                                         clknet_0_clk (net)
                      0.139645    0.006787    4.344216 v clkbuf_4_13_0_clk/A (sky130_fd_sc_hd__clkbuf_8)
    12    0.045221    0.062780    0.211170    4.555386 v clkbuf_4_13_0_clk/X (sky130_fd_sc_hd__clkbuf_8)
                                                         clknet_4_13_0_clk (net)
                      0.062869    0.002094    4.557479 v merge828/GATE (sky130_fd_sc_hd__dlrtp_2)
                                 -0.250000    4.307479   clock uncertainty
                                  0.000000    4.307479   clock reconvergence pessimism
                                  0.042199    4.349679   library recovery time
                                              4.349679   data required time
---------------------------------------------------------------------------------------------
                                              4.349679   data required time
                                            -11.280977   data arrival time
---------------------------------------------------------------------------------------------
                                             -6.931298   slack (VIOLATED)


Startpoint: s884 (negative level-sensitive latch clocked by clk)
Endpoint: c363 (rising edge-triggered flip-flop clocked by clk)
Path Group: clk
Path Type: max

Fanout         Cap        Slew       Delay        Time   Description
---------------------------------------------------------------------------------------------
                                  4.000000    4.000000   clock clk (fall edge)
                                  0.000000    4.000000   clock source latency
     2    0.045637    0.102827    0.074996    4.074996 v clk (in)
                                                         clk (net)
                      0.103296    0.000000    4.074996 v clkbuf_0_clk/A (sky130_fd_sc_hd__clkbuf_16)
    33    0.206679    0.139061    0.262434    4.337429 v clkbuf_0_clk/X (sky130_fd_sc_hd__clkbuf_16)
                                                         clknet_0_clk (net)
                      0.140009    0.008831    4.346260 v clkbuf_4_15_0_clk/A (sky130_fd_sc_hd__clkbuf_8)
    25    0.075644    0.088625    0.237812    4.584072 v clkbuf_4_15_0_clk/X (sky130_fd_sc_hd__clkbuf_8)
                                                         clknet_4_15_0_clk (net)
                      0.088653    0.001512    4.585584 v s884/GATE_N (sky130_fd_sc_hd__dlxbn_1)
                                  3.770945    8.356528   time given to startpoint
                      0.112536    0.000000    8.356528 v s884/D (sky130_fd_sc_hd__dlxbn_1)
     4    0.024403    0.118099    0.480202    8.836730 v s884/Q_N (sky130_fd_sc_hd__dlxbn_1)
                                                         net763 (net)
                      0.118101    0.000699    8.837429 v c234/S0 (sky130_fd_sc_hd__mux4_1)
     3    0.009608    0.115149    0.404325    9.241754 ^ c234/X (sky130_fd_sc_hd__mux4_1)
                                                         net169 (net)
                      0.115149    0.000205    9.241959 ^ c239/A0 (sky130_fd_sc_hd__mux4_2)
     2    0.012030    0.097478    0.284094    9.526052 ^ c239/X (sky130_fd_sc_hd__mux4_2)
                                                         net174 (net)
                      0.097478    0.000198    9.526250 ^ c240/A1 (sky130_fd_sc_hd__mux4_1)
     2    0.005831    0.085969    0.258772    9.785022 ^ c240/X (sky130_fd_sc_hd__mux4_1)
                                                         net175 (net)
                      0.085969    0.000147    9.785170 ^ c241/A3 (sky130_fd_sc_hd__mux4_4)
     1    0.013838    0.090519    0.331265   10.116434 ^ c241/X (sky130_fd_sc_hd__mux4_4)
                                                         net957 (net)
                      0.090523    0.000720   10.117154 ^ clkbuf_0_net957/A (sky130_fd_sc_hd__clkbuf_16)
     2    0.017849    0.040051    0.139999   10.257154 ^ clkbuf_0_net957/X (sky130_fd_sc_hd__clkbuf_16)
                                                         clknet_0_net957 (net)
                      0.040060    0.000459   10.257613 ^ clkbuf_1_0__f_net957/A (sky130_fd_sc_hd__clkbuf_16)
     1    0.002391    0.026304    0.105605   10.363218 ^ clkbuf_1_0__f_net957/X (sky130_fd_sc_hd__clkbuf_16)
                                                         clknet_1_0__leaf_net957 (net)
                      0.026304    0.000068   10.363287 ^ c363/RESET_B (sky130_fd_sc_hd__sdfbbp_1)
                                             10.363287   data arrival time

                                  0.000000    0.000000   clock clk (rise edge)
                                  0.000000    0.000000   clock source latency
     2    0.046674    0.213490    0.150923    0.150923 ^ clk (in)
                                                         clk (net)
                      0.213734    0.000000    0.150923 ^ clkbuf_0_clk/A (sky130_fd_sc_hd__clkbuf_16)
    33    0.215090    0.225666    0.317486    0.468408 ^ clkbuf_0_clk/X (sky130_fd_sc_hd__clkbuf_16)
                                                         clknet_0_clk (net)
                      0.226105    0.008132    0.476541 ^ clkbuf_4_8_0_clk/A (sky130_fd_sc_hd__clkbuf_8)
    19    0.056991    0.109753    0.238234    0.714775 ^ clkbuf_4_8_0_clk/X (sky130_fd_sc_hd__clkbuf_8)
                                                         clknet_4_8_0_clk (net)
                      0.109754    0.000631    0.715406 ^ s898/CLK (sky130_fd_sc_hd__dlclkp_2)
     1    0.024812    0.139389    0.237270    0.952676 ^ s898/GCLK (sky130_fd_sc_hd__dlclkp_2)
                                                         net779 (net)
                      0.139424    0.002142    0.954818 ^ clkbuf_0_net779/A (sky130_fd_sc_hd__clkbuf_16)
     2    0.029592    0.051107    0.167541    1.122360 ^ clkbuf_0_net779/X (sky130_fd_sc_hd__clkbuf_16)
                                                         clknet_0_net779 (net)
                      0.051122    0.000857    1.123216 ^ clkbuf_1_1__f_net779/A (sky130_fd_sc_hd__clkbuf_16)
     4    0.022125    0.043690    0.129444    1.252661 ^ clkbuf_1_1__f_net779/X (sky130_fd_sc_hd__clkbuf_16)
                                                         clknet_1_1__leaf_net779 (net)
                      0.043700    0.000630    1.253290 ^ c363/SET_B (sky130_fd_sc_hd__sdfbbp_1)
                                 -0.250000    1.003290   clock uncertainty
                                  0.000000    1.003290   clock reconvergence pessimism
                                  0.113561    1.116851   library non-sequential setup time
                                              1.116851   data required time
---------------------------------------------------------------------------------------------
                                              1.116851   data required time
                                            -10.363287   data arrival time
---------------------------------------------------------------------------------------------
                                             -9.246435   slack (VIOLATED)




===========================================================================
 report_check_types -max_slew -max_cap -max_fanout -violators
============================================================================
======================= nom_tt_025C_1v80 Corner ===================================

max slew

Pin                                        Limit        Slew       Slack
------------------------------------------------------------------------
c214/Y                                  0.750000    0.944043   -0.194043 (VIOLATED)
clkbuf_0_net946/A                       0.750000    0.944043   -0.194043 (VIOLATED)
clkbuf_0_net153/A                       0.750000    0.927205   -0.177205 (VIOLATED)
c216/Y                                  0.750000    0.927203   -0.177203 (VIOLATED)

max fanout

Pin                                   Limit Fanout  Slack
---------------------------------------------------------
clkbuf_4_0_0_clk/X                       10     35    -25 (VIOLATED)
clkbuf_0_clk/X                           10     33    -23 (VIOLATED)
clkbuf_4_14_0_clk/X                      10     33    -23 (VIOLATED)
clkbuf_4_2_0_clk/X                       10     31    -21 (VIOLATED)
clkbuf_4_1_0_clk/X                       10     27    -17 (VIOLATED)
clkbuf_4_4_0_clk/X                       10     27    -17 (VIOLATED)
clkbuf_4_15_0_clk/X                      10     25    -15 (VIOLATED)
fanout147/X                              10     22    -12 (VIOLATED)
fanout211/X                              10     22    -12 (VIOLATED)
fanout215/X                              10     22    -12 (VIOLATED)
c162/X                                   10     21    -11 (VIOLATED)
c170/X                                   10     21    -11 (VIOLATED)
c183/X                                   10     21    -11 (VIOLATED)
c294/X                                   10     21    -11 (VIOLATED)
clkbuf_4_11_0_clk/X                      10     21    -11 (VIOLATED)
clkbuf_4_7_0_clk/X                       10     21    -11 (VIOLATED)
fanout124/X                              10     21    -11 (VIOLATED)
fanout129/X                              10     21    -11 (VIOLATED)
fanout134/X                              10     21    -11 (VIOLATED)
fanout136/X                              10     21    -11 (VIOLATED)
fanout138/X                              10     21    -11 (VIOLATED)
fanout139/X                              10     21    -11 (VIOLATED)
fanout140/X                              10     21    -11 (VIOLATED)
fanout143/X                              10     21    -11 (VIOLATED)
fanout145/X                              10     21    -11 (VIOLATED)
fanout152/X                              10     21    -11 (VIOLATED)
fanout155/X                              10     21    -11 (VIOLATED)
fanout158/X                              10     21    -11 (VIOLATED)
fanout159/X                              10     21    -11 (VIOLATED)
fanout160/X                              10     21    -11 (VIOLATED)
fanout161/X                              10     21    -11 (VIOLATED)
fanout167/X                              10     21    -11 (VIOLATED)
fanout169/X                              10     21    -11 (VIOLATED)
fanout178/X                              10     21    -11 (VIOLATED)
fanout181/X                              10     21    -11 (VIOLATED)
fanout182/X                              10     21    -11 (VIOLATED)
fanout188/X                              10     21    -11 (VIOLATED)
fanout190/X                              10     21    -11 (VIOLATED)
fanout191/X                              10     21    -11 (VIOLATED)
fanout194/X                              10     21    -11 (VIOLATED)
fanout195/X                              10     21    -11 (VIOLATED)
fanout196/X                              10     21    -11 (VIOLATED)
fanout197/X                              10     21    -11 (VIOLATED)
fanout199/X                              10     21    -11 (VIOLATED)
fanout200/X                              10     21    -11 (VIOLATED)
fanout201/X                              10     21    -11 (VIOLATED)
fanout203/X                              10     21    -11 (VIOLATED)
fanout205/X                              10     21    -11 (VIOLATED)
fanout208/X                              10     21    -11 (VIOLATED)
fanout209/X                              10     21    -11 (VIOLATED)
fanout213/X                              10     21    -11 (VIOLATED)
fanout216/X                              10     21    -11 (VIOLATED)
fanout217/X                              10     21    -11 (VIOLATED)
fanout218/X                              10     21    -11 (VIOLATED)
fanout219/X                              10     21    -11 (VIOLATED)
fanout220/X                              10     21    -11 (VIOLATED)
input23/X                                10     21    -11 (VIOLATED)
input30/X                                10     21    -11 (VIOLATED)
input7/X                                 10     21    -11 (VIOLATED)
s880/Q                                   10     21    -11 (VIOLATED)
s885/Q                                   10     21    -11 (VIOLATED)
s885/Q_N                                 10     21    -11 (VIOLATED)
s953/Q                                   10     21    -11 (VIOLATED)
c156/Y                                   10     19     -9 (VIOLATED)
c222/X                                   10     19     -9 (VIOLATED)
c351/X                                   10     19     -9 (VIOLATED)
c531/X                                   10     19     -9 (VIOLATED)
c535/Y                                   10     19     -9 (VIOLATED)
clkbuf_4_6_0_clk/X                       10     19     -9 (VIOLATED)
clkbuf_4_8_0_clk/X                       10     19     -9 (VIOLATED)
input19/X                                10     19     -9 (VIOLATED)
input37/X                                10     19     -9 (VIOLATED)
input49/X                                10     19     -9 (VIOLATED)
merge801/Q                               10     19     -9 (VIOLATED)
s888/Q                                   10     19     -9 (VIOLATED)
c176/X                                   10     17     -7 (VIOLATED)
c188/X                                   10     17     -7 (VIOLATED)
c194/X                                   10     17     -7 (VIOLATED)
c461/Y                                   10     17     -7 (VIOLATED)
c69/X                                    10     17     -7 (VIOLATED)
c74/Y                                    10     17     -7 (VIOLATED)
c81/X                                    10     17     -7 (VIOLATED)
c88/X                                    10     17     -7 (VIOLATED)
clkbuf_1_0__f_net946/X                   10     17     -7 (VIOLATED)
clkbuf_1_0__f_net959/X                   10     17     -7 (VIOLATED)
clkbuf_1_1__f_net153/X                   10     17     -7 (VIOLATED)
clkbuf_4_5_0_clk/X                       10     17     -7 (VIOLATED)
input54/X                                10     17     -7 (VIOLATED)
merge859/Q                               10     17     -7 (VIOLATED)
merge872/Q                               10     17     -7 (VIOLATED)
s887/Q                                   10     17     -7 (VIOLATED)
s889/Q                                   10     17     -7 (VIOLATED)
s890/Q                                   10     17     -7 (VIOLATED)
s926/Q                                   10     17     -7 (VIOLATED)
s943/Q                                   10     17     -7 (VIOLATED)
s944/Q                                   10     17     -7 (VIOLATED)
c102/Q_N                                 10     15     -5 (VIOLATED)
c149/X                                   10     15     -5 (VIOLATED)
c268/X                                   10     15     -5 (VIOLATED)
c270/X                                   10     15     -5 (VIOLATED)
c281/Q_N                                 10     15     -5 (VIOLATED)
c287/X                                   10     15     -5 (VIOLATED)
c288/Y                                   10     15     -5 (VIOLATED)
c301/X                                   10     15     -5 (VIOLATED)
c304/X                                   10     15     -5 (VIOLATED)
c308/Y                                   10     15     -5 (VIOLATED)
c404/X                                   10     15     -5 (VIOLATED)
c418/Y                                   10     15     -5 (VIOLATED)
c592/X                                   10     15     -5 (VIOLATED)
clkbuf_4_10_0_clk/X                      10     15     -5 (VIOLATED)
fanout151/X                              10     15     -5 (VIOLATED)
fanout184/X                              10     15     -5 (VIOLATED)
fanout204/X                              10     15     -5 (VIOLATED)
input20/X                                10     15     -5 (VIOLATED)
max_cap135/X                             10     15     -5 (VIOLATED)
merge861/Q                               10     15     -5 (VIOLATED)
s895/Q                                   10     15     -5 (VIOLATED)
s903/Q                                   10     15     -5 (VIOLATED)
s904/Q                                   10     15     -5 (VIOLATED)
s919/Q                                   10     15     -5 (VIOLATED)
s921/Q                                   10     15     -5 (VIOLATED)
s955/Q                                   10     15     -5 (VIOLATED)
s877/Q_N                                 10     14     -4 (VIOLATED)
c108/X                                   10     13     -3 (VIOLATED)
c113/Q                                   10     13     -3 (VIOLATED)
c159/X                                   10     13     -3 (VIOLATED)
c280/Q                                   10     13     -3 (VIOLATED)
c280/Q_N                                 10     13     -3 (VIOLATED)
c283/X                                   10     13     -3 (VIOLATED)
c356/X                                   10     13     -3 (VIOLATED)
c478/X                                   10     13     -3 (VIOLATED)
c565/Q                                   10     13     -3 (VIOLATED)
c66/Y                                    10     13     -3 (VIOLATED)
c683/X                                   10     13     -3 (VIOLATED)
clkbuf_1_0__f_net153/X                   10     13     -3 (VIOLATED)
clkbuf_1_1__f_net542/X                   10     13     -3 (VIOLATED)
clkbuf_1_1__f_net706/X                   10     13     -3 (VIOLATED)
clkbuf_1_1__f_net778/X                   10     13     -3 (VIOLATED)
clkbuf_1_1__f_net946/X                   10     13     -3 (VIOLATED)
fanout207/X                              10     13     -3 (VIOLATED)
fanout212/X                              10     13     -3 (VIOLATED)
fanout221/X                              10     13     -3 (VIOLATED)
fanout224/X                              10     13     -3 (VIOLATED)
input61/X                                10     13     -3 (VIOLATED)
max_cap206/X                             10     13     -3 (VIOLATED)
merge831/Q                               10     13     -3 (VIOLATED)
merge850/Q                               10     13     -3 (VIOLATED)
merge851/Q                               10     13     -3 (VIOLATED)
merge864/Q                               10     13     -3 (VIOLATED)
s877/Q                                   10     13     -3 (VIOLATED)
s927/Q                                   10     13     -3 (VIOLATED)
s928/Q                                   10     13     -3 (VIOLATED)
s935/Q                                   10     13     -3 (VIOLATED)
s937/Q                                   10     13     -3 (VIOLATED)
s939/Q                                   10     13     -3 (VIOLATED)
clkbuf_4_13_0_clk/X                      10     12     -2 (VIOLATED)
c269/X                                   10     11        (VIOLATED)
c275/X                                   10     11        (VIOLATED)
c276/X                                   10     11        (VIOLATED)
c359/X                                   10     11        (VIOLATED)
c460/X                                   10     11        (VIOLATED)
c529/Y                                   10     11        (VIOLATED)
c560/X                                   10     11        (VIOLATED)
c565/Q_N                                 10     11        (VIOLATED)
c62/X                                    10     11        (VIOLATED)
c65/X                                    10     11        (VIOLATED)
c97/X                                    10     11        (VIOLATED)
clkbuf_1_1__f_net762/X                   10     11        (VIOLATED)
clkbuf_1_1__f_net934/X                   10     11        (VIOLATED)
clkbuf_4_3_0_clk/X                       10     11        (VIOLATED)
clone10/X                                10     11        (VIOLATED)
clone17/X                                10     11        (VIOLATED)
clone26/X                                10     11        (VIOLATED)
clone28/X                                10     11        (VIOLATED)
clone34/X                                10     11        (VIOLATED)
clone39/X                                10     11        (VIOLATED)
fanout148/X                              10     11        (VIOLATED)
fanout150/X                              10     11        (VIOLATED)
fanout166/X                              10     11        (VIOLATED)
fanout185/X                              10     11        (VIOLATED)
fanout214/X                              10     11        (VIOLATED)
fanout223/X                              10     11        (VIOLATED)
input17/X                                10     11        (VIOLATED)
input21/X                                10     11        (VIOLATED)
input41/X                                10     11        (VIOLATED)
input50/X                                10     11        (VIOLATED)
s878/Q                                   10     11        (VIOLATED)
s900/Q                                   10     11        (VIOLATED)
s901/Q                                   10     11        (VIOLATED)
s901/Q_N                                 10     11        (VIOLATED)
s906/Q                                   10     11        (VIOLATED)
s920/Q                                   10     11        (VIOLATED)
s922/Q                                   10     11        (VIOLATED)
s938/Q                                   10     11        (VIOLATED)
s940/Q                                   10     11        (VIOLATED)

max capacitance

Pin                                        Limit         Cap       Slack
------------------------------------------------------------------------
clkbuf_0_clk/X                          0.200000    0.215090   -0.015090 (VIOLATED)



===========================================================================
report_parasitic_annotation -report_unannotated
============================================================================
Found 1 unannotated drivers.
 rst
Found 0 partially unannotated drivers.

===========================================================================
max slew violation count 4
max fanout violation count 195
max cap violation count 1
============================================================================

===========================================================================
check_setup -verbose -unconstrained_endpoints -multiple_clock -no_clock -no_input_delay -loops -generated_clocks
===========================================================================
Warning: There are 9 unconstrained endpoints.
  out26
  out33
  out35
  out37
  out54
  out59
  c422/SCD
  merge792/D
  merge863/D
