
===========================================================================
Violator List
============================================================================
[hold in-reg] clk -> c129/SET_B : -4.018961
[hold in-reg] clk -> c363/SET_B : -1.196131
[hold reg-reg] merge871/Q -> c322/SET_B : -1.036443
[hold reg-reg] s922/Q -> c447/SET_B : -1.023281
[hold reg-reg] merge829/Q -> merge847/RESET_B : -0.027653
[hold reg-reg] c538/Q -> c540/SET_B : -0.025929
[setup reg-reg] s884/Q_N -> c363/RESET_B : -9.246435
[setup reg-out] merge853/Q_N -> out8 : -7.875834
[setup reg-out] merge853/Q_N -> out23 : -7.847555
[setup reg-reg] merge807/Q_N -> c423/SET_B : -7.800804
[setup in-reg] clk -> c129/RESET_B : -7.387117
[setup in-reg] in0 -> merge870/D : -7.210033
[setup in-reg] in0 -> s923/D : -7.106601
[setup in-reg] in0 -> merge812/D : -7.102041
[setup in-reg] in0 -> merge862/D : -7.095227
[setup in-reg] in0 -> c322/D : -7.003861
[setup in-reg] in0 -> s955/D : -6.985780
[setup in-reg] in0 -> merge828/RESET_B : -6.931298
[setup reg-out] merge853/Q_N -> out41 : -6.906059
[setup reg-out] s920/Q -> out4 : -6.820282
[setup in-reg] in0 -> merge861/RESET_B : -6.815324
[setup reg-out] s948/Q -> out0 : -6.787152
[setup in-reg] in0 -> s966/D : -6.718694
[setup reg-reg] s948/Q -> merge844/D : -6.716240
[setup in-reg] in0 -> s950/D : -6.712074
[setup reg-out] merge853/Q_N -> out50 : -6.601521
[setup in-reg] in0 -> merge828/D : -6.558906
[setup in-reg] in0 -> merge862/RESET_B : -6.545844
[setup reg-reg] s948/Q -> merge836/SCE : -6.472871
[setup in-reg] in0 -> merge812/RESET_B : -6.317272
[setup in-reg] in0 -> merge861/D : -6.270178
[setup in-reg] in0 -> c432/SCD : -6.231030
[setup in-reg] in0 -> merge856/D : -6.224376
[setup in-reg] in0 -> s918/D : -6.217450
[setup reg-reg] merge853/Q_N -> merge851/D : -6.203811
[setup in-reg] in0 -> merge843/D : -6.183138
[setup in-reg] in0 -> s938/D : -6.166107
[setup in-reg] in0 -> merge843/RESET_B : -6.099751
[setup in-reg] in0 -> merge826/D : -6.096598
[setup in-reg] in0 -> c427/SCE : -6.091803
[setup reg-out] merge853/Q_N -> out32 : -6.087457
[setup in-reg] in0 -> s890/D : -6.057698
[setup reg-reg] merge853/Q_N -> merge872/RESET_B : -6.039145
[setup in-reg] in0 -> s954/D : -6.036896
[setup in-reg] in0 -> s939/D : -6.029787
[setup in-reg] in0 -> merge855/D : -6.019624
[setup reg-reg] merge853/Q_N -> s929/GATE : -5.985613
[setup reg-reg] merge853/Q_N -> s933/D : -5.969370
[setup reg-reg] merge853/Q_N -> s931/GATE : -5.928133
[setup reg-reg] merge853/Q_N -> merge834/GATE : -5.903943
[setup in-reg] in0 -> s902/D : -5.894641
[setup in-reg] in0 -> s922/D : -5.892614
[setup in-reg] in0 -> c565/SCE : -5.886210
[setup reg-reg] merge853/Q_N -> merge857/D : -5.869170
[setup in-reg] in0 -> s934/D : -5.867815
[setup in-reg] in0 -> merge827/D : -5.843911
[setup reg-reg] merge853/Q_N -> s932/D : -5.838953
[setup reg-reg] merge853/Q_N -> s930/GATE : -5.814487
[setup in-reg] in0 -> s886/D : -5.777921
[setup in-reg] in35 -> merge860/D : -5.767527
[setup in-reg] in0 -> c540/SCE : -5.737513
[setup in-reg] in0 -> merge783/D : -5.688298
[setup reg-reg] merge807/Q_N -> merge850/D : -5.678127
[setup reg-reg] merge807/Q_N -> s947/GATE : -5.655368
[setup reg-reg] merge807/Q_N -> s945/GATE : -5.630093
[setup in-reg] in0 -> s906/D : -5.606177
[setup reg-out] s948/Q -> out20 : -5.601748
[setup in-reg] in0 -> s907/D : -5.600856
[setup in-reg] in0 -> c442/SCD : -5.593729
[setup in-reg] in0 -> c427/SCD : -5.592175
[setup reg-out] s884/Q_N -> out44 : -5.520607
[setup reg-reg] merge807/Q_N -> merge829/DE : -5.513951
[setup in-reg] in0 -> c209/SET_B : -5.504722
[setup in-reg] in0 -> c432/RESET_B : -5.496670
[setup in-reg] in0 -> merge811/D : -5.480587
[setup in-out] clk -> out57 : -5.459637
[setup in-reg] in0 -> c201/D : -5.451769
[setup reg-reg] merge807/Q_N -> s956/D : -5.428424
[setup in-reg] in0 -> merge827/RESET_B : -5.427025
[setup in-reg] in0 -> c565/SCD : -5.401638
[setup reg-reg] merge807/Q_N -> s960/D : -5.363689
[setup in-reg] in0 -> c201/SCE : -5.358245
[setup reg-reg] merge807/Q_N -> s964/D : -5.315111
[setup in-reg] in0 -> c565/RESET_B : -5.305350
[setup in-reg] in0 -> c540/D : -5.287645
[setup reg-reg] merge807/Q_N -> merge854/RESET_B : -5.179048
[setup reg-reg] s920/Q -> merge874/D : -5.139119
[setup in-reg] in0 -> c691/RESET_B : -5.107547
[setup in-reg] in0 -> c422/RESET_B : -5.106297
[setup in-reg] in0 -> merge855/RESET_B : -5.088701
[setup in-reg] in0 -> merge783/RESET_B : -5.086668
[setup in-reg] in0 -> c691/D : -5.063631
[setup in-reg] in35 -> merge856/RESET_B : -5.052171
[setup in-reg] in35 -> merge811/RESET_B : -5.039598
[setup reg-reg] merge807/Q_N -> merge865/SCE : -4.999907
[setup in-reg] in0 -> c322/RESET_B : -4.989547
[setup reg-reg] s920/Q -> merge845/D : -4.978842
[setup reg-reg] s920/Q -> merge848/D : -4.976009
[setup reg-reg] s920/Q -> s959/D : -4.973560
[setup reg-reg] s920/Q -> s927/D : -4.967199
[setup reg-reg] s920/Q -> s962/GATE : -4.859796
[setup reg-reg] merge807/Q_N -> merge873/D : -4.854631
[setup reg-reg] merge807/Q_N -> merge814/D : -4.851374
[setup reg-reg] merge807/Q_N -> s949/D : -4.807737
[setup in-reg] in0 -> merge826/RESET_B : -4.794846
[setup reg-reg] merge807/Q_N -> s958/D : -4.779930
[setup in-reg] in0 -> c565/D : -4.778975
[setup reg-reg] merge807/Q_N -> s948/D : -4.778792
[setup reg-reg] merge807/Q_N -> merge875/D : -4.776854
[setup reg-reg] merge807/Q_N -> s957/D : -4.764483
[setup reg-reg] merge807/Q_N -> s940/D : -4.728068
[setup in-reg] in0 -> c209/D : -4.716442
[setup reg-reg] s948/Q -> s951/D : -4.713326
[setup in-reg] in0 -> c427/D : -4.686646
[setup reg-reg] merge853/Q_N -> merge857/RESET_B : -4.684633
[setup in-reg] in0 -> c447/RESET_B : -4.609173
[setup reg-reg] merge807/Q_N -> s942/D : -4.585125
[setup in-reg] in0 -> c423/RESET_B : -4.553922
[setup reg-reg] merge807/Q_N -> s941/D : -4.553891
[setup reg-reg] merge807/Q_N -> merge786/RESET_B : -4.552709
[setup reg-reg] merge807/Q_N -> s961/GATE : -4.516908
[setup reg-reg] merge807/Q_N -> merge813/D : -4.500452
[setup reg-reg] s920/Q -> merge872/D : -4.449988
[setup in-reg] in0 -> c423/SCE : -4.377801
[setup reg-reg] merge807/Q_N -> s963/GATE : -4.375580
[setup reg-reg] merge807/Q_N -> c559/RESET_B : -4.366562
[setup reg-reg] merge807/Q_N -> merge858/RESET_B : -4.365634
[setup reg-reg] s920/Q -> merge845/RESET_B : -4.351223
[setup reg-reg] merge807/Q_N -> merge851/SET_B : -4.348871
[setup reg-reg] merge807/Q_N -> merge854/D : -4.309372
[setup reg-reg] merge807/Q_N -> merge864/DE : -4.303117
[setup reg-reg] merge807/Q_N -> merge869/D : -4.296165
[setup reg-reg] merge807/Q_N -> s936/D : -4.273340
[setup reg-out] s900/Q -> out25 : -4.262860
[setup reg-reg] merge807/Q_N -> merge864/D : -4.262823
[setup reg-reg] merge807/Q_N -> merge836/GATE : -4.256161
[setup reg-reg] s920/Q -> s946/GATE : -4.239379
[setup reg-reg] merge807/Q_N -> merge852/SET_B : -4.207935
[setup reg-reg] s948/Q -> merge849/SET_B : -4.188363
[setup reg-reg] merge807/Q_N -> s937/D : -4.175839
[setup reg-reg] merge807/Q_N -> merge807/D : -4.157369
[setup reg-reg] s885/Q_N -> merge835/GATE : -4.102973
[setup reg-reg] s920/Q -> merge850/SET_B : -4.098968
[setup reg-reg] merge807/Q_N -> merge786/D : -4.098399
[setup reg-reg] merge807/Q_N -> merge847/D : -4.077512
[setup in-reg] in35 -> c355/D : -4.075588
[setup reg-reg] merge807/Q_N -> c559/D : -4.056766
[setup in-reg] in35 -> s891/D : -4.051787
[setup reg-reg] merge813/Q -> merge874/SET_B : -4.043512
[setup reg-reg] merge807/Q_N -> s919/D : -4.035533
[setup reg-reg] s920/Q -> merge834/SCE : -4.003534
[setup in-reg] in0 -> c427/RESET_B : -3.999957
[setup reg-reg] merge807/Q_N -> merge852/D : -3.983117
[setup reg-reg] merge807/Q_N -> merge814/RESET_B : -3.977008
[setup in-reg] in35 -> c113/RESET_B : -3.976965
[setup reg-reg] c423/Q_N -> c432/SET_B : -3.956058
[setup reg-reg] merge807/Q_N -> merge848/SET_B : -3.951163
[setup reg-out] s887/Q -> out58 : -3.948572
[setup reg-reg] merge807/Q_N -> s953/D : -3.943889
[setup in-reg] in35 -> merge870/RESET_B : -3.935729
[setup reg-reg] merge807/Q_N -> merge849/D : -3.926307
[setup reg-reg] merge807/Q_N -> merge873/RESET_B : -3.902570
[setup in-reg] in35 -> merge860/RESET_B : -3.898454
[setup reg-reg] s920/Q -> s924/D : -3.880760
[setup reg-reg] merge807/Q_N -> s952/D : -3.876784
[setup in-reg] in0 -> c442/RESET_B : -3.867754
[setup reg-reg] merge807/Q_N -> merge825/D : -3.859293
[setup in-out] in0 -> out61 : -3.844215
[setup reg-reg] merge807/Q_N -> merge865/GATE : -3.799604
[setup reg-reg] merge807/Q_N -> s965/D : -3.787072
[setup reg-reg] merge807/Q_N -> merge825/RESET_B : -3.760790
[setup reg-reg] merge807/Q_N -> s935/D : -3.738569
[setup in-reg] clk -> merge831/DE : -3.736127
[setup in-reg] clk -> merge867/SCE : -3.723439
[setup reg-reg] merge807/Q_N -> c538/SCE : -3.714165
[setup reg-reg] merge807/Q_N -> s920/D : -3.708009
[setup reg-reg] merge807/Q_N -> merge853/D : -3.707274
[setup in-out] in0 -> out12 : -3.694184
[setup reg-reg] merge807/Q_N -> s916/D : -3.694087
[setup reg-reg] merge807/Q_N -> s917/D : -3.689756
[setup reg-reg] s884/Q_N -> s893/D : -3.689434
[setup reg-out] s900/Q -> out16 : -3.636597
[setup reg-reg] merge807/Q_N -> c538/SCD : -3.605381
[setup reg-reg] merge806/Q -> merge858/D : -3.592211
[setup reg-reg] s884/Q_N -> s894/D : -3.587321
[setup reg-reg] merge806/Q_N -> s912/D : -3.576413
[setup reg-reg] merge807/Q_N -> c563/RESET_B : -3.570090
[setup in-reg] in35 -> c106/D : -3.566940
[setup reg-reg] merge807/Q_N -> s915/GATE : -3.549060
[setup reg-reg] merge807/Q_N -> merge847/RESET_B : -3.529675
[setup reg-reg] merge806/Q_N -> s910/D : -3.522973
[setup reg-out] s917/Q_N -> out17 : -3.505363
[setup in-reg] in0 -> c565/SET_B : -3.476409
[setup reg-reg] merge807/Q_N -> merge813/RESET_B : -3.468197
[setup reg-reg] merge807/Q_N -> s926/D : -3.446371
[setup reg-reg] merge807/Q_N -> s943/D : -3.382867
[setup reg-out] s889/Q -> out34 : -3.376030
[setup reg-reg] merge853/Q_N -> s928/D : -3.348300
[setup in-out] clk -> out22 : -3.332909
[setup in-reg] clk -> merge866/SCE : -3.307315
[setup reg-reg] merge807/Q_N -> merge875/SET_B : -3.295644
[setup in-reg] in0 -> c444/SCE : -3.284031
[setup reg-out] s920/Q -> out24 : -3.278478
[setup reg-reg] merge853/Q_N -> s914/GATE : -3.257159
[setup in-reg] in0 -> c540/SCD : -3.236198
[setup reg-reg] merge807/Q_N -> merge782/RESET_B : -3.233450
[setup reg-reg] merge807/Q_N -> merge844/RESET_B : -3.231696
[setup in-reg] in35 -> c102/RESET_B : -3.179706
[setup in-reg] in0 -> c423/D : -3.174169
[setup reg-reg] s922/Q -> c447/SET_B : -3.146599
[setup in-reg] in0 -> s901/D : -3.131656
[setup reg-out] s885/Q -> out15 : -3.123979
[setup in-reg] in0 -> merge871/RESET_B : -3.081797
[setup reg-out] merge859/Q -> out48 : -2.994122
[setup reg-out] s948/Q -> out19 : -2.988656
[setup reg-reg] merge807/Q_N -> s925/D : -2.980296
[setup in-reg] in0 -> merge842/RESET_B : -2.978836
[setup reg-out] s901/Q -> out7 : -2.972030
[setup reg-reg] merge806/Q -> s921/D : -2.899114
[setup reg-reg] merge807/Q_N -> merge782/D : -2.870787
[setup in-out] in35 -> out31 : -2.765397
[setup reg-reg] merge807/Q_N -> c563/SCE : -2.751453
[setup reg-reg] merge807/Q_N -> c429/RESET_B : -2.749337
[setup reg-reg] merge806/Q -> merge805/D : -2.684695
[setup in-reg] clk -> s892/D : -2.615346
[setup reg-reg] merge807/Q_N -> s944/D : -2.590793
[setup reg-reg] merge807/Q_N -> c428/SCD : -2.538659
[setup in-reg] in0 -> s904/D : -2.408847
[setup in-reg] in0 -> s896/D : -2.370402
[setup reg-reg] merge806/Q -> merge869/RESET_B : -2.333918
[setup in-out] in35 -> out53 : -2.320391
[setup in-reg] in0 -> c209/RESET_B : -2.306533
[setup in-reg] in0 -> s899/GATE : -2.240214
[setup reg-reg] merge807/Q_N -> merge842/D : -2.194161
[setup reg-reg] s905/Q -> merge795/D : -2.141299
[setup in-reg] in0 -> merge859/D : -2.104836
[setup in-reg] in0 -> c423/SCD : -2.104626
[setup in-out] clk -> out27 : -2.064709
[setup in-reg] in0 -> merge801/SET_B : -1.986957
[setup in-reg] in0 -> s878/D : -1.975741
[setup in-reg] in0 -> s895/D : -1.953354
[setup reg-reg] s884/Q_N -> c363/RESET_B : -1.951222
[setup in-reg] in0 -> merge829/D : -1.944797
[setup in-reg] in0 -> s897/GATE : -1.936089
[setup in-reg] in0 -> s911/D : -1.896707
[setup in-reg] in0 -> s898/GATE : -1.895573
[setup in-reg] in0 -> merge790/D : -1.895214
[setup in-reg] in0 -> s908/D : -1.870842
[setup reg-reg] merge853/Q_N -> merge859/RESET_B : -1.864316
[setup in-reg] in0 -> s888/D : -1.843873
[setup in-reg] in0 -> merge866/GATE : -1.829112
[setup in-out] clk -> out60 : -1.822316
[setup in-reg] in0 -> s881/GATE : -1.813638
[setup in-reg] in0 -> s883/GATE : -1.807940
[setup in-reg] in0 -> s882/GATE : -1.797203
[setup in-reg] in0 -> merge867/GATE : -1.785503
[setup reg-reg] s900/Q -> s913/GATE : -1.771638
[setup reg-reg] s920/Q -> c563/SCD : -1.770411
[setup in-reg] in0 -> merge799/D : -1.768234
[setup reg-reg] merge807/Q_N -> c538/RESET_B : -1.765719
[setup in-reg] in0 -> merge838/D : -1.759087
[setup in-reg] in0 -> merge835/SCE : -1.752873
[setup in-reg] in0 -> c280/D : -1.717508
[setup in-reg] in0 -> s887/D : -1.706525
[setup in-reg] in0 -> c281/SCD : -1.686342
[setup in-reg] in0 -> merge801/D : -1.674747
[setup in-reg] in0 -> s879/D : -1.653766
[setup reg-reg] s885/Q -> merge792/RESET_B : -1.645252
[setup in-reg] in0 -> c363/SCD : -1.627661
[setup in-reg] in0 -> s900/D : -1.617460
[setup in-reg] in0 -> s903/D : -1.602727
[setup in-reg] in0 -> merge807/RESET_B : -1.536559
[setup in-reg] in0 -> s909/D : -1.510491
[setup in-reg] in0 -> merge806/D : -1.504798
[setup in-out] clk -> out51 : -1.495284
[setup reg-reg] merge806/Q -> c559/SCD : -1.483623
[setup in-reg] in0 -> c428/RESET_B : -1.467590
[setup in-reg] in0 -> c427/SET_B : -1.425290
[setup in-reg] in0 -> s877/D : -1.385718
[setup in-reg] in0 -> merge853/RESET_B : -1.370412
[setup in-reg] in0 -> merge778/D : -1.369763
[setup in-reg] in35 -> merge863/DE : -1.347070
[setup in-reg] in35 -> s884/D : -1.337482
[setup in-reg] in0 -> merge778/RESET_B : -1.314837
[setup in-reg] in35 -> c106/SCD : -1.314043
[setup in-reg] in0 -> merge871/D : -1.303100
[setup in-reg] in0 -> merge868/D : -1.252498
[setup in-reg] in0 -> c281/D : -1.245901
[setup in-reg] in35 -> s885/D : -1.214460
[setup in-reg] in35 -> s905/D : -1.202772
[setup in-reg] in35 -> s880/D : -1.197676
[setup in-reg] in35 -> c201/RESET_B : -1.174096
[setup in-reg] in35 -> s889/D : -1.165190
[setup reg-reg] s905/Q -> merge868/RESET_B : -1.148583
[setup in-reg] in0 -> merge806/RESET_B : -1.144727
[setup in-reg] in0 -> merge805/SET_B : -1.134412
[setup in-reg] in35 -> c102/SCE : -1.116106
[setup in-reg] in35 -> c363/D : -1.034574
[setup in-reg] in35 -> c106/SCE : -0.993739
[setup in-out] clk -> out46 : -0.959460
[setup in-reg] in35 -> c102/SCD : -0.882841
[setup reg-reg] s936/Q -> c559/SCE : -0.822948
[setup in-reg] in35 -> merge799/SET_B : -0.723090
[setup in-reg] in0 -> merge795/SET_B : -0.719124
[setup reg-reg] s891/Q -> c355/SCE : -0.716418
[setup reg-reg] c538/Q -> c540/SET_B : -0.507609
[setup reg-reg] s922/Q -> c447/SET_B : -0.420220
[setup in-reg] in0 -> c280/SCD : -0.397747
[setup reg-out] merge861/Q -> out2 : -0.339461
[setup in-reg] in0 -> c280/RESET_B : -0.337606
[setup reg-reg] s938/Q -> c691/SET_B : -0.302948
[setup reg-out] c565/Q -> out6 : -0.284837
[setup reg-reg] merge814/Q -> c563/SET_B : -0.246783
[setup in-reg] in0 -> c281/SET_B : -0.230220
[setup reg-reg] merge871/Q -> c322/SET_B : -0.192746
[setup in-reg] in35 -> merge798/D : -0.064381
[setup in-reg] in35 -> merge831/D : -0.063846
