
===========================================================================
Violator List
============================================================================
[hold reg-reg] merge788/Q -> c633/RESET_B : -9.888055
[hold reg-reg] merge788/Q -> c627/RESET_B : -9.256076
[hold reg-reg] merge821/Q_N -> c756/SET_B : -9.143283
[hold reg-reg] merge798/Q_N -> merge769/RESET_B : -8.829390
[hold reg-reg] s858/Q -> c633/SET_B : -8.677021
[hold reg-reg] c623/Q -> c627/SET_B : -8.654529
[hold reg-reg] merge812/Q -> merge769/SET_B : -8.593728
[hold in-reg] clk -> c504/SET_B : -8.261450
[hold reg-reg] merge820/Q_N -> c631/RESET_B : -6.224871
[hold reg-reg] c246/Q -> c258/RESET_B : -5.833968
[hold reg-reg] merge785/Q_N -> c293/SET_B : -3.745301
[hold reg-reg] merge785/Q_N -> c292/SET_B : -3.659969
[hold reg-reg] merge810/Q -> c323/SET_B : -3.650302
[hold reg-reg] merge785/Q_N -> c323/RESET_B : -3.263864
[hold in-reg] clk -> c167/RESET_B : -2.838406
[hold in-reg] clk -> c168/SET_B : -2.228448
[hold reg-reg] s842/Q -> c194/SET_B : -2.204702
[hold reg-reg] s886/Q -> c192/SET_B : -1.606369
[hold reg-reg] merge785/Q -> c192/RESET_B : -1.564363
[hold reg-reg] c363/Q -> c366/RESET_B : -0.850872
[hold in-reg] in53 -> merge789/SET_B : -0.459730
[hold in-reg] clk -> c168/RESET_B : -0.199232
[setup in-reg] clk -> c504/RESET_B : -12.261451
[setup in-reg] clk -> c633/RESET_B : -12.217299
[setup in-reg] clk -> c633/SET_B : -11.829629
[setup in-reg] clk -> merge769/SET_B : -11.498246
[setup in-reg] clk -> c627/SET_B : -11.197650
[setup in-reg] in21 -> merge821/D : -11.141234
[setup in-reg] clk -> merge769/RESET_B : -11.065942
[setup in-reg] in21 -> s885/D : -10.997842
[setup in-reg] in21 -> merge829/D : -10.940580
[setup in-reg] in21 -> s870/D : -10.872576
[setup in-reg] in21 -> s881/D : -10.780373
[setup in-reg] in21 -> merge829/RESET_B : -10.761534
[setup in-reg] in21 -> c366/SCD : -10.699623
[setup in-reg] in21 -> merge821/RESET_B : -10.599927
[setup in-reg] in21 -> c756/D : -10.527918
[setup in-reg] in21 -> s869/D : -10.493661
[setup in-reg] in21 -> c631/SET_B : -10.479083
[setup in-reg] in21 -> c633/SET_B : -10.478995
[setup in-reg] in21 -> c631/SCE : -10.459266
[setup in-reg] in21 -> merge769/D : -10.398703
[setup in-reg] in21 -> merge837/RESET_B : -10.309585
[setup in-reg] in21 -> merge769/SET_B : -10.285947
[setup in-reg] clk -> c627/RESET_B : -10.156148
[setup in-reg] in21 -> c627/SET_B : -9.829936
[setup in-reg] in21 -> c756/RESET_B : -9.812015
[setup in-reg] in21 -> merge807/RESET_B : -9.766575
[setup in-reg] in21 -> merge769/RESET_B : -9.602658
[setup in-reg] in21 -> c627/RESET_B : -9.582863
[setup in-reg] in21 -> c633/RESET_B : -9.573729
[setup reg-out] merge825/Q -> out59 : -9.371146
[setup in-reg] in21 -> merge769/SCD : -9.307955
[setup in-out] clk -> out17 : -9.089654
[setup reg-reg] merge825/Q -> merge834/SCE : -9.002460
[setup reg-reg] merge825/Q -> merge831/D : -8.854910
[setup in-out] clk -> out4 : -8.625084
[setup in-out] clk -> out38 : -8.613066
[setup in-reg] in21 -> c366/SCE : -8.034085
[setup in-out] clk -> out34 : -7.902350
[setup in-out] clk -> out52 : -7.823680
[setup in-out] clk -> out44 : -7.674619
[setup in-out] clk -> out47 : -7.294489
[setup in-reg] clk -> s884/D : -7.201016
[setup in-reg] clk -> s858/D : -7.181415
[setup in-reg] clk -> s872/D : -7.178244
[setup in-reg] clk -> s857/D : -7.129212
[setup reg-reg] merge820/Q_N -> c631/RESET_B : -7.097489
[setup in-reg] clk -> s883/D : -7.087804
[setup in-reg] clk -> merge831/DE : -7.039637
[setup in-reg] clk -> s882/D : -7.036054
[setup in-reg] clk -> c623/D : -7.018034
[setup in-reg] clk -> c630/SCE : -7.006273
[setup in-reg] clk -> merge788/SCE : -6.998745
[setup in-reg] clk -> s856/D : -6.967515
[setup in-reg] clk -> merge805/D : -6.964658
[setup in-reg] clk -> c632/SCE : -6.949700
[setup in-reg] clk -> c623/SCD : -6.938746
[setup in-out] clk -> out43 : -6.923208
[setup in-reg] clk -> merge815/D : -6.906770
[setup in-out] clk -> out22 : -6.891612
[setup in-reg] clk -> s880/D : -6.889025
[setup in-reg] clk -> merge798/SCE : -6.884810
[setup in-reg] clk -> s861/GATE : -6.859478
[setup reg-reg] s886/Q -> s849/D : -6.852687
[setup in-reg] clk -> s860/GATE : -6.831418
[setup in-reg] clk -> merge834/GATE : -6.825565
[setup reg-reg] s886/Q -> merge827/D : -6.820438
[setup in-reg] clk -> merge812/D : -6.785097
[setup in-reg] clk -> merge820/RESET_B : -6.780727
[setup in-reg] clk -> c167/SET_B : -6.762830
[setup in-out] clk -> out30 : -6.757524
[setup in-reg] clk -> s868/D : -6.687326
[setup in-reg] clk -> c363/SCE : -6.681175
[setup in-reg] clk -> s871/D : -6.653644
[setup in-reg] clk -> merge830/DE : -6.612306
[setup reg-reg] s886/Q -> c258/SCD : -6.603525
[setup in-reg] clk -> merge815/SET_B : -6.549438
[setup in-reg] clk -> merge830/D : -6.518499
[setup in-reg] clk -> merge798/D : -6.457712
[setup reg-reg] merge824/Q -> s866/D : -6.445536
[setup in-reg] clk -> merge808/D : -6.428555
[setup in-reg] clk -> merge819/D : -6.400336
[setup in-reg] clk -> c504/SCD : -6.396707
[setup reg-reg] merge824/Q -> merge820/D : -6.384179
[setup reg-reg] merge824/Q -> s867/D : -6.375320
[setup in-reg] clk -> merge812/SET_B : -6.310326
[setup reg-reg] s886/Q -> c258/SET_B : -6.296549
[setup in-reg] clk -> merge805/RESET_B : -6.211876
[setup reg-reg] merge825/Q -> s847/D : -6.184148
[setup reg-reg] merge825/Q -> s848/D : -6.181014
[setup reg-reg] s886/Q -> c258/SCE : -6.152038
[setup in-reg] clk -> c323/RESET_B : -6.114746
[setup in-reg] clk -> c168/RESET_B : -6.063000
[setup in-reg] clk -> merge819/RESET_B : -6.049471
[setup in-reg] clk -> merge808/RESET_B : -6.036761
[setup in-reg] clk -> c504/D : -5.639585
[setup reg-reg] merge824/Q -> s875/D : -5.589872
[setup reg-reg] merge824/Q -> s874/D : -5.581739
[setup reg-reg] merge824/Q -> merge832/GATE : -5.552664
[setup reg-reg] merge824/Q -> c719/SCD : -5.387022
[setup in-reg] clk -> c363/D : -5.375217
[setup reg-reg] merge824/Q -> c710/SCD : -5.274581
[setup reg-reg] merge824/Q -> c710/D : -5.173148
[setup reg-reg] merge824/Q -> c717/RESET_B : -5.064092
[setup reg-reg] merge824/Q -> c717/SET_B : -5.062781
[setup in-reg] clk -> c323/SET_B : -5.050511
[setup reg-reg] merge824/Q -> c582/SET_B : -5.038021
[setup reg-reg] merge824/Q -> c582/SCD : -5.032234
[setup in-reg] clk -> merge814/D : -4.919304
[setup in-reg] clk -> c504/RESET_B : -4.848794
[setup in-reg] clk -> merge798/SCD : -4.798705
[setup in-reg] clk -> c192/RESET_B : -4.691708
[setup reg-reg] merge825/Q -> c229/D : -4.665486
[setup reg-reg] merge824/Q -> c582/RESET_B : -4.641711
[setup reg-reg] s886/Q -> c230/SCD : -4.362792
[setup in-reg] clk -> c363/SCD : -4.334905
[setup in-reg] in21 -> s854/D : -4.240977
[setup in-reg] clk -> c192/SET_B : -4.134490
[setup reg-reg] merge825/Q -> c232/D : -3.995186
[setup reg-reg] merge783/Q -> c426/D : -3.841185
[setup in-reg] in21 -> merge823/D : -3.837087
[setup in-reg] clk -> c167/RESET_B : -3.808098
[setup reg-reg] merge824/Q -> s873/D : -3.737878
[setup in-reg] in21 -> c293/D : -3.661529
[setup in-reg] in21 -> s886/D : -3.586542
[setup reg-reg] merge825/Q -> c232/RESET_B : -3.580796
[setup in-reg] in26 -> c225/SCE : -3.563648
[setup reg-reg] merge824/Q -> c717/D : -3.537593
[setup reg-reg] merge824/Q -> c701/D : -3.535583
[setup in-reg] in21 -> s853/D : -3.526024
[setup in-reg] in21 -> c293/RESET_B : -3.494821
[setup in-reg] clk -> c363/SET_B : -3.485821
[setup in-reg] in21 -> merge828/D : -3.448661
[setup in-reg] in21 -> c292/RESET_B : -3.445060
[setup reg-reg] merge783/Q -> c539/SCE : -3.403703
[setup reg-reg] merge783/Q -> c532/SCE : -3.403571
[setup in-reg] in21 -> merge789/SET_B : -3.400213
[setup in-reg] in26 -> merge827/RESET_B : -3.333747
[setup reg-reg] s886/Q -> c225/RESET_B : -3.329589
[setup in-reg] in21 -> c168/SCE : -3.295164
[setup reg-reg] c230/Q_N -> c232/SET_B : -3.291895
[setup in-reg] in21 -> c292/SCE : -3.226779
[setup in-reg] in21 -> merge828/RESET_B : -3.204958
[setup in-reg] in21 -> merge789/D : -3.165961
[setup in-reg] in21 -> merge823/RESET_B : -3.163444
[setup in-reg] in26 -> merge800/SCE : -3.138897
[setup reg-reg] merge783/Q -> merge795/SCE : -3.129555
[setup reg-reg] merge783/Q -> merge837/D : -3.125123
[setup in-reg] clk -> c323/SCE : -3.108326
[setup in-reg] clk -> c321/D : -3.102940
[setup in-reg] in26 -> c230/SET_B : -3.099200
[setup reg-reg] merge783/Q -> c538/SET_B : -3.061598
[setup reg-reg] merge783/Q -> c536/SET_B : -3.061048
[setup in-reg] in26 -> c258/D : -2.967568
[setup in-reg] in26 -> c122/SCE : -2.961289
[setup in-reg] in26 -> merge804/D : -2.951317
[setup reg-reg] merge824/Q -> c701/SCD : -2.891723
[setup in-reg] in26 -> c107/SCD : -2.864116
[setup reg-reg] merge783/Q -> c532/SCD : -2.817866
[setup reg-reg] merge783/Q -> c539/SCD : -2.817508
[setup in-reg] in21 -> c167/SET_B : -2.812403
[setup in-reg] in26 -> merge804/SCD : -2.795687
[setup in-reg] in26 -> merge804/RESET_B : -2.769165
[setup in-reg] in21 -> c168/D : -2.743078
[setup reg-reg] merge825/Q -> merge825/D : -2.741330
[setup in-reg] in26 -> merge800/RESET_B : -2.739495
[setup in-reg] in21 -> c194/RESET_B : -2.725463
[setup reg-reg] merge825/Q -> s843/D : -2.715743
[setup reg-out] s884/Q -> out14 : -2.715691
[setup reg-reg] merge838/Q -> s865/D : -2.688451
[setup in-reg] in26 -> c107/RESET_B : -2.648112
[setup in-reg] in26 -> c225/D : -2.634379
[setup reg-reg] merge825/Q -> s844/GATE : -2.616954
[setup reg-reg] merge825/Q -> s845/GATE : -2.588567
[setup reg-reg] merge824/Q -> merge809/RESET_B : -2.571182
[setup reg-reg] merge824/Q -> c701/RESET_B : -2.521271
[setup in-reg] in26 -> c122/RESET_B : -2.491002
[setup in-reg] in26 -> c107/SCE : -2.426572
[setup in-reg] clk -> c321/RESET_B : -2.415639
[setup reg-reg] merge826/Q -> merge826/D : -2.414830
[setup reg-reg] merge783/Q -> c437/RESET_B : -2.407189
[setup reg-reg] merge783/Q -> c435/RESET_B : -2.406703
[setup reg-reg] merge783/Q_N -> merge766/SCD : -2.376210
[setup reg-reg] merge838/Q -> c585/SCE : -2.354791
[setup reg-reg] merge783/Q -> c437/D : -2.335706
[setup in-reg] in26 -> merge804/SET_B : -2.334480
[setup in-reg] in21 -> c194/D : -2.333004
[setup in-reg] in21 -> c273/D : -2.266624
[setup in-reg] in21 -> c274/RESET_B : -2.258742
[setup reg-reg] merge824/Q -> merge809/D : -2.245311
[setup reg-reg] merge838/Q -> c713/SCD : -2.231991
[setup reg-reg] merge838/Q -> c714/SCD : -2.231861
[setup reg-reg] merge783/Q -> c435/SCD : -2.222286
[setup reg-reg] s852/Q -> s855/D : -2.216017
[setup reg-reg] merge826/Q -> c246/D : -2.199817
[setup reg-reg] merge783/Q_N -> merge766/D : -2.183481
[setup in-reg] in21 -> c167/D : -2.180261
[setup reg-reg] merge838/Q -> merge795/RESET_B : -2.135199
[setup in-reg] clk -> c321/SCD : -2.100741
[setup in-reg] in21 -> c274/SCE : -2.061642
[setup reg-reg] merge783/Q -> c437/SCD : -2.038399
[setup in-reg] in21 -> c168/RESET_B : -2.001329
[setup in-reg] in21 -> c274/SCD : -1.933540
[setup reg-reg] merge838/Q -> c585/D : -1.933278
[setup reg-reg] merge825/Q -> s890/D : -1.921173
[setup in-reg] in21 -> merge789/RESET_B : -1.854855
[setup reg-reg] merge825/Q -> c246/SCD : -1.849997
[setup reg-reg] merge783/Q -> c426/RESET_B : -1.844665
[setup reg-reg] merge783/Q -> c426/SCD : -1.791025
[setup reg-reg] merge825/Q -> c232/SCD : -1.759762
[setup reg-reg] merge783/Q -> c435/D : -1.759404
[setup reg-reg] s879/Q -> merge813/D : -1.668817
[setup reg-reg] merge825/Q -> s846/GATE : -1.660928
[setup in-reg] in21 -> c167/SCD : -1.647455
[setup reg-reg] merge824/Q -> merge765/SCE : -1.600857
[setup reg-reg] merge826/Q -> c246/RESET_B : -1.572252
[setup reg-reg] merge824/Q -> merge824/D : -1.561469
[setup in-reg] in21 -> c273/SET_B : -1.468965
[setup reg-reg] merge825/Q -> s888/D : -1.451196
[setup reg-reg] merge825/Q -> c229/RESET_B : -1.388338
[setup reg-reg] merge826/Q -> c246/SCE : -1.363034
[setup reg-reg] merge824/Q -> merge836/RESET_B : -1.319608
[setup reg-reg] s863/Q_N -> merge836/D : -1.301524
[setup reg-reg] merge821/Q_N -> c756/SET_B : -1.295660
[setup reg-reg] merge825/Q -> c232/SCE : -1.252167
[setup reg-reg] merge827/Q -> c230/D : -1.214636
[setup reg-reg] merge783/Q_N -> merge766/RESET_B : -1.192382
[setup in-reg] in21 -> c168/SCD : -1.181925
[setup in-reg] clk -> c323/RESET_B : -1.139870
[setup in-reg] in21 -> c273/RESET_B : -1.135396
[setup in-reg] clk -> merge838/D : -1.109622
[setup reg-reg] s863/Q_N -> s864/D : -1.102999
[setup in-reg] clk -> c321/SCE : -1.071895
[setup reg-reg] merge789/Q_N -> c582/D : -0.980114
[setup reg-reg] c431/Q -> merge795/D : -0.966994
[setup reg-reg] merge783/Q -> c426/SET_B : -0.925247
[setup reg-reg] merge819/Q -> s876/GATE : -0.922417
[setup reg-reg] merge819/Q -> s878/GATE : -0.920327
[setup reg-reg] merge783/Q -> c532/D : -0.915458
[setup in-reg] clk -> s852/D : -0.891073
[setup in-reg] in21 -> merge789/SET_B : -0.863917
[setup reg-reg] merge825/Q -> c208/SCD : -0.860229
[setup reg-reg] merge795/Q -> s877/GATE : -0.843103
[setup reg-reg] merge827/Q -> c225/SCD : -0.839770
[setup reg-reg] merge826/Q -> c125/SCE : -0.802778
[setup reg-reg] merge825/Q -> c229/SCE : -0.800817
[setup reg-reg] merge820/Q_N -> c630/D : -0.746397
[setup reg-reg] merge824/Q -> merge824/RESET_B : -0.743673
[setup in-reg] clk -> merge833/GATE : -0.725493
[setup reg-reg] merge795/Q -> s879/D : -0.719696
[setup in-reg] clk -> s841/D : -0.646482
[setup reg-reg] s886/Q -> merge789/SCD : -0.616199
[setup in-reg] clk -> s840/D : -0.599290
[setup reg-reg] c431/Q -> c585/SET_B : -0.571573
[setup reg-reg] merge825/Q -> merge825/RESET_B : -0.566098
[setup reg-reg] merge783/Q_N -> c714/SCE : -0.393290
[setup reg-reg] merge783/Q_N -> c713/D : -0.391482
[setup in-reg] clk -> c168/SET_B : -0.371579
[setup in-reg] clk -> merge833/SCE : -0.370951
[setup reg-reg] merge795/Q -> merge813/SET_B : -0.339794
[setup reg-reg] s884/Q -> merge788/SET_B : -0.331053
[setup reg-out] c631/Q_N -> out0 : -0.320221
[setup reg-reg] merge821/Q_N -> c756/SET_B : -0.252359
[setup in-reg] clk -> merge785/SET_B : -0.249919
[setup in-reg] clk -> merge785/SCE : -0.228448
[setup reg-reg] s883/Q -> merge798/SET_B : -0.186266
[setup reg-reg] s851/Q -> merge838/RESET_B : -0.184446
[setup in-reg] clk -> c323/SET_B : -0.148935
[setup in-reg] clk -> merge785/SCD : -0.120842
[setup reg-reg] merge783/Q -> s863/D : 0.000000
[setup reg-reg] s850/Q -> s851/D : 0.000000
[setup in-reg] in21 -> s850/D : 0.000000
