
===========================================================================
report_checks -unconstrained
===========================================================================
======================= nom_ss_100C_1v60 Corner ===================================

Startpoint: in51 (input port clocked by clk)
Endpoint: merge853 (recovery check against falling-edge clock clk)
Path Group: asynchronous
Path Type: max

Fanout         Cap        Slew       Delay        Time   Description
---------------------------------------------------------------------------------------------
                                  0.000000    0.000000   clock clk (rise edge)
                                  0.000000    0.000000   clock network delay (propagated)
                                  1.600000    1.600000 v input external delay
     2    0.003783    0.022280    0.012328    1.612328 v in51 (in)
                                                         in51 (net)
                      0.022280    0.000000    1.612328 v input48/A (sky130_fd_sc_hd__buf_2)
     5    0.034382    0.166731    0.322589    1.934917 v input48/X (sky130_fd_sc_hd__buf_2)
                                                         net955 (net)
                      0.166733    0.000903    1.935820 v fanout146/A (sky130_fd_sc_hd__buf_4)
    22    0.070673    0.175345    0.412191    2.348011 v fanout146/X (sky130_fd_sc_hd__buf_4)
                                                         net1053 (net)
                      0.175392    0.002731    2.350742 v c55/A3 (sky130_fd_sc_hd__mux4_2)
     6    0.034805    0.308332    1.317636    3.668378 v c55/X (sky130_fd_sc_hd__mux4_2)
                                                         net3 (net)
                      0.308332    0.000654    3.669032 v c56/S0 (sky130_fd_sc_hd__mux4_2)
     3    0.014661    0.218742    1.163368    4.832400 v c56/X (sky130_fd_sc_hd__mux4_2)
                                                         net4 (net)
                      0.218742    0.000346    4.832746 v c58/A2 (sky130_fd_sc_hd__mux4_2)
     8    0.029321    0.283055    1.289882    6.122628 v c58/X (sky130_fd_sc_hd__mux4_2)
                                                         net6 (net)
                      0.283055    0.000624    6.123252 v c59/S0 (sky130_fd_sc_hd__mux4_1)
     1    0.005398    0.186176    1.150827    7.274079 v c59/X (sky130_fd_sc_hd__mux4_1)
                                                         net7 (net)
                      0.186176    0.000213    7.274292 v fanout122/A (sky130_fd_sc_hd__buf_4)
    19    0.088442    0.209907    0.449742    7.724034 v fanout122/X (sky130_fd_sc_hd__buf_4)
                                                         net1029 (net)
                      0.209911    0.001335    7.725369 v fanout121/A (sky130_fd_sc_hd__buf_4)
    21    0.084921    0.205532    0.453902    8.179271 v fanout121/X (sky130_fd_sc_hd__buf_4)
                                                         net1028 (net)
                      0.205778    0.006324    8.185595 v c61/A1 (sky130_fd_sc_hd__mux4_2)
     6    0.024643    0.263044    1.231294    9.416889 v c61/X (sky130_fd_sc_hd__mux4_2)
                                                         net9 (net)
                      0.263045    0.001127    9.418016 v c73/A1 (sky130_fd_sc_hd__a21o_4)
     4    0.023300    0.103147    0.499723    9.917739 v c73/X (sky130_fd_sc_hd__a21o_4)
                                                         net20 (net)
                      0.103152    0.000764    9.918503 v c75/B1_N (sky130_fd_sc_hd__o21ba_2)
     8    0.033261    0.314272    0.679175   10.597677 ^ c75/X (sky130_fd_sc_hd__o21ba_2)
                                                         net22 (net)
                      0.314272    0.000989   10.598666 ^ c76/A0 (sky130_fd_sc_hd__mux4_2)
     7    0.042876    0.390503    0.833039   11.431705 ^ c76/X (sky130_fd_sc_hd__mux4_2)
                                                         net23 (net)
                      0.390505    0.001819   11.433524 ^ c77/A3 (sky130_fd_sc_hd__a41oi_1)
     2    0.004926    0.275833    0.413737   11.847260 v c77/Y (sky130_fd_sc_hd__a41oi_1)
                                                         net24 (net)
                      0.275833    0.000106   11.847366 v c78/A0 (sky130_fd_sc_hd__mux4_2)
     6    0.026903    0.272794    1.291791   13.139156 v c78/X (sky130_fd_sc_hd__mux4_2)
                                                         net25 (net)
                      0.272794    0.000818   13.139975 v c79/A3 (sky130_fd_sc_hd__mux4_2)
    21    0.101647    0.567540    1.637899   14.777874 v c79/X (sky130_fd_sc_hd__mux4_2)
                                                         net26 (net)
                      0.568076    0.015959   14.793833 v c244/A2 (sky130_fd_sc_hd__a41oi_4)
     1    0.005170    0.218032    0.474477   15.268310 ^ c244/Y (sky130_fd_sc_hd__a41oi_4)
                                                         net194 (net)
                      0.218032    0.000201   15.268511 ^ c257/A1 (sky130_fd_sc_hd__a41oi_1)
     1    0.008626    0.368630    0.400773   15.669283 v c257/Y (sky130_fd_sc_hd__a41oi_1)
                                                         net960 (net)
                      0.368630    0.000298   15.669581 v clkbuf_0_net960/A (sky130_fd_sc_hd__clkbuf_16)
     2    0.015529    0.055065    0.396838   16.066420 v clkbuf_0_net960/X (sky130_fd_sc_hd__clkbuf_16)
                                                         clknet_0_net960 (net)
                      0.055065    0.000290   16.066710 v clkbuf_1_0__f_net960/A (sky130_fd_sc_hd__clkbuf_16)
     1    0.010014    0.048522    0.238201   16.304911 v clkbuf_1_0__f_net960/X (sky130_fd_sc_hd__clkbuf_16)
                                                         clknet_1_0__leaf_net960 (net)
                      0.048523    0.000401   16.305311 v c261/A3 (sky130_fd_sc_hd__a41o_4)
     1    0.015524    0.089198    0.478737   16.784048 v c261/X (sky130_fd_sc_hd__a41o_4)
                                                         net207 (net)
                      0.089198    0.001036   16.785084 v clkbuf_0_net207/A (sky130_fd_sc_hd__clkbuf_16)
     2    0.018503    0.055883    0.264516   17.049599 v clkbuf_0_net207/X (sky130_fd_sc_hd__clkbuf_16)
                                                         clknet_0_net207 (net)
                      0.055883    0.000428   17.050028 v clkbuf_1_1__f_net207/A (sky130_fd_sc_hd__clkbuf_16)
     1    0.003233    0.041144    0.227621   17.277649 v clkbuf_1_1__f_net207/X (sky130_fd_sc_hd__clkbuf_16)
                                                         clknet_1_1__leaf_net207 (net)
                      0.041144    0.000108   17.277756 v c389/A3 (sky130_fd_sc_hd__mux4_4)
     1    0.013165    0.248924    1.419334   18.697090 v c389/X (sky130_fd_sc_hd__mux4_4)
                                                         net329 (net)
                      0.248924    0.000611   18.697702 v merge818/B (sky130_fd_sc_hd__xor2_2)
     1    0.003182    0.146558    0.257289   18.954990 ^ merge818/X (sky130_fd_sc_hd__xor2_2)
                                                         net719 (net)
                      0.146558    0.000098   18.955090 ^ merge853/RESET_B (sky130_fd_sc_hd__dlrtp_1)
                                             18.955090   data arrival time

                                  4.000000    4.000000   clock clk (fall edge)
                                  0.000000    4.000000   clock source latency
     2    0.045011    0.195268    0.138775    4.138775 v clk (in)
                                                         clk (net)
                      0.195284    0.000000    4.138775 v clkbuf_0_clk/A (sky130_fd_sc_hd__clkbuf_16)
    33    0.215503    0.233782    0.476169    4.614944 v clkbuf_0_clk/X (sky130_fd_sc_hd__clkbuf_16)
                                                         clknet_0_clk (net)
                      0.233965    0.006014    4.620959 v clkbuf_4_14_0_clk/A (sky130_fd_sc_hd__clkbuf_8)
     9    0.041356    0.100538    0.370801    4.991760 v clkbuf_4_14_0_clk/X (sky130_fd_sc_hd__clkbuf_8)
                                                         clknet_4_14_0_clk (net)
                      0.100568    0.001620    4.993380 v merge853/GATE (sky130_fd_sc_hd__dlrtp_1)
                                 -0.250000    4.743380   clock uncertainty
                                  0.000000    4.743380   clock reconvergence pessimism
                                  0.060527    4.803907   library recovery time
                                              4.803907   data required time
---------------------------------------------------------------------------------------------
                                              4.803907   data required time
                                            -18.955090   data arrival time
---------------------------------------------------------------------------------------------
                                            -14.151182   slack (VIOLATED)


Startpoint: in51 (input port clocked by clk)
Endpoint: s892 (positive level-sensitive latch clocked by clk)
Path Group: clk
Path Type: max

Fanout         Cap        Slew       Delay        Time   Description
---------------------------------------------------------------------------------------------
                                  0.000000    0.000000   clock clk (rise edge)
                                  0.000000    0.000000   clock network delay (propagated)
                                  1.600000    1.600000 v input external delay
     2    0.003783    0.022280    0.012328    1.612328 v in51 (in)
                                                         in51 (net)
                      0.022280    0.000000    1.612328 v input48/A (sky130_fd_sc_hd__buf_2)
     5    0.034382    0.166731    0.322589    1.934917 v input48/X (sky130_fd_sc_hd__buf_2)
                                                         net955 (net)
                      0.166733    0.000903    1.935820 v fanout146/A (sky130_fd_sc_hd__buf_4)
    22    0.070673    0.175345    0.412191    2.348011 v fanout146/X (sky130_fd_sc_hd__buf_4)
                                                         net1053 (net)
                      0.175392    0.002731    2.350742 v c55/A3 (sky130_fd_sc_hd__mux4_2)
     6    0.034805    0.308332    1.317636    3.668378 v c55/X (sky130_fd_sc_hd__mux4_2)
                                                         net3 (net)
                      0.308332    0.000654    3.669032 v c56/S0 (sky130_fd_sc_hd__mux4_2)
     3    0.014661    0.218742    1.163368    4.832400 v c56/X (sky130_fd_sc_hd__mux4_2)
                                                         net4 (net)
                      0.218742    0.000346    4.832746 v c58/A2 (sky130_fd_sc_hd__mux4_2)
     8    0.029321    0.283055    1.289882    6.122628 v c58/X (sky130_fd_sc_hd__mux4_2)
                                                         net6 (net)
                      0.283055    0.000624    6.123252 v c59/S0 (sky130_fd_sc_hd__mux4_1)
     1    0.005398    0.186176    1.150827    7.274079 v c59/X (sky130_fd_sc_hd__mux4_1)
                                                         net7 (net)
                      0.186176    0.000213    7.274292 v fanout122/A (sky130_fd_sc_hd__buf_4)
    19    0.088442    0.209907    0.449742    7.724034 v fanout122/X (sky130_fd_sc_hd__buf_4)
                                                         net1029 (net)
                      0.209950    0.003019    7.727053 v c66/A1 (sky130_fd_sc_hd__o21bai_4)
     6    0.045029    0.506503    0.555484    8.282537 ^ c66/Y (sky130_fd_sc_hd__o21bai_4)
                                                         net13 (net)
                      0.506506    0.001042    8.283579 ^ c70/S (sky130_fd_sc_hd__mux2_2)
     4    0.031235    0.278632    0.628370    8.911949 ^ c70/X (sky130_fd_sc_hd__mux2_2)
                                                         net17 (net)
                      0.278644    0.002132    8.914081 ^ c74/A1 (sky130_fd_sc_hd__a31oi_4)
     5    0.020305    0.214997    0.295333    9.209413 v c74/Y (sky130_fd_sc_hd__a31oi_4)
                                                         net21 (net)
                      0.215001    0.000408    9.209821 v c75/A1 (sky130_fd_sc_hd__o21ba_2)
     8    0.031466    0.178440    0.577836    9.787656 v c75/X (sky130_fd_sc_hd__o21ba_2)
                                                         net22 (net)
                      0.178442    0.000936    9.788592 v c76/A0 (sky130_fd_sc_hd__mux4_2)
     7    0.041191    0.340462    1.333300   11.121892 v c76/X (sky130_fd_sc_hd__mux4_2)
                                                         net23 (net)
                      0.340465    0.001743   11.123635 v c77/A3 (sky130_fd_sc_hd__a41oi_1)
     2    0.005214    0.319758    0.505167   11.628803 ^ c77/Y (sky130_fd_sc_hd__a41oi_1)
                                                         net24 (net)
                      0.319758    0.000112   11.628915 ^ c78/A0 (sky130_fd_sc_hd__mux4_2)
     6    0.027539    0.275960    0.743141   12.372056 ^ c78/X (sky130_fd_sc_hd__mux4_2)
                                                         net25 (net)
                      0.275960    0.001124   12.373180 ^ c92/A_N (sky130_fd_sc_hd__and2b_1)
     3    0.018075    0.186666    0.555821   12.929002 v c92/X (sky130_fd_sc_hd__and2b_1)
                                                         net38 (net)
                      0.186666    0.000558   12.929559 v c223/A0 (sky130_fd_sc_hd__mux4_2)
     9    0.042067    0.344449    1.342335   14.271894 v c223/X (sky130_fd_sc_hd__mux4_2)
                                                         net173 (net)
                      0.344449    0.000888   14.272782 v c226/A1 (sky130_fd_sc_hd__mux4_4)
     1    0.011241    0.244061    1.482046   15.754829 v c226/X (sky130_fd_sc_hd__mux4_4)
                                                         net176 (net)
                      0.244061    0.000515   15.755344 v clkbuf_0_net176/A (sky130_fd_sc_hd__clkbuf_16)
     2    0.019258    0.056981    0.341386   16.096729 v clkbuf_0_net176/X (sky130_fd_sc_hd__clkbuf_16)
                                                         clknet_0_net176 (net)
                      0.056981    0.000460   16.097189 v clkbuf_1_1__f_net176/A (sky130_fd_sc_hd__clkbuf_16)
     1    0.004015    0.042009    0.229429   16.326618 v clkbuf_1_1__f_net176/X (sky130_fd_sc_hd__clkbuf_16)
                                                         clknet_1_1__leaf_net176 (net)
                      0.042010    0.000131   16.326750 v c237/A0 (sky130_fd_sc_hd__mux4_4)
     1    0.009801    0.238643    1.394081   17.720831 v c237/X (sky130_fd_sc_hd__mux4_4)
                                                         net187 (net)
                      0.238643    0.000396   17.721228 v clkbuf_0_net187/A (sky130_fd_sc_hd__clkbuf_16)
     2    0.017156    0.055135    0.336312   18.057541 v clkbuf_0_net187/X (sky130_fd_sc_hd__clkbuf_16)
                                                         clknet_0_net187 (net)
                      0.055135    0.000419   18.057959 v clkbuf_1_1__f_net187/A (sky130_fd_sc_hd__clkbuf_16)
     1    0.002632    0.040465    0.226276   18.284235 v clkbuf_1_1__f_net187/X (sky130_fd_sc_hd__clkbuf_16)
                                                         clknet_1_1__leaf_net187 (net)
                      0.040465    0.000078   18.284313 v c241/A0 (sky130_fd_sc_hd__mux4_1)
     1    0.004354    0.175306    1.110591   19.394903 v c241/X (sky130_fd_sc_hd__mux4_1)
                                                         net191 (net)
                      0.175306    0.000156   19.395060 v s892/D (sky130_fd_sc_hd__dlxtp_1)
                                             19.395060   data arrival time

                                  0.000000    0.000000   clock clk (rise edge)
                                  0.000000    0.000000   clock source latency
     2    0.045949    0.331428    0.230998    0.230998 ^ clk (in)
                                                         clk (net)
                      0.331439    0.000000    0.230998 ^ clkbuf_0_clk/A (sky130_fd_sc_hd__clkbuf_16)
    33    0.223283    0.348292    0.558392    0.789390 ^ clkbuf_0_clk/X (sky130_fd_sc_hd__clkbuf_16)
                                                         clknet_0_clk (net)
                      0.348747    0.008771    0.798161 ^ clkbuf_4_11_0_clk/A (sky130_fd_sc_hd__clkbuf_8)
    31    0.087325    0.246903    0.487901    1.286063 ^ clkbuf_4_11_0_clk/X (sky130_fd_sc_hd__clkbuf_8)
                                                         clknet_4_11_0_clk (net)
                      0.246914    0.001887    1.287949 ^ s892/GATE (sky130_fd_sc_hd__dlxtp_1)
                                 -0.250000    1.037949   clock uncertainty
                                  0.000000    1.037949   clock reconvergence pessimism
                                  3.685204    4.723153   time borrowed from endpoint
                                              4.723153   data required time
---------------------------------------------------------------------------------------------
                                              4.723153   data required time
                                            -19.395060   data arrival time
---------------------------------------------------------------------------------------------
                                            -14.671906   slack (VIOLATED)

Time Borrowing Information
------------------------------------------------
clk nominal pulse width                 4.000000
clock latency difference               -0.235315
library setup time                     -0.079482
------------------------------------------------
max time borrow                         3.685204
------------------------------------------------
actual time borrow                      3.685204
open edge uncertainty                  -0.250000
------------------------------------------------
time given to startpoint                3.435204
------------------------------------------------




===========================================================================
report_checks --slack_max -0.01
============================================================================
======================= nom_ss_100C_1v60 Corner ===================================

Startpoint: in51 (input port clocked by clk)
Endpoint: merge853 (recovery check against falling-edge clock clk)
Path Group: asynchronous
Path Type: max

Fanout         Cap        Slew       Delay        Time   Description
---------------------------------------------------------------------------------------------
                                  0.000000    0.000000   clock clk (rise edge)
                                  0.000000    0.000000   clock network delay (propagated)
                                  1.600000    1.600000 v input external delay
     2    0.003783    0.022280    0.012328    1.612328 v in51 (in)
                                                         in51 (net)
                      0.022280    0.000000    1.612328 v input48/A (sky130_fd_sc_hd__buf_2)
     5    0.034382    0.166731    0.322589    1.934917 v input48/X (sky130_fd_sc_hd__buf_2)
                                                         net955 (net)
                      0.166733    0.000903    1.935820 v fanout146/A (sky130_fd_sc_hd__buf_4)
    22    0.070673    0.175345    0.412191    2.348011 v fanout146/X (sky130_fd_sc_hd__buf_4)
                                                         net1053 (net)
                      0.175392    0.002731    2.350742 v c55/A3 (sky130_fd_sc_hd__mux4_2)
     6    0.034805    0.308332    1.317636    3.668378 v c55/X (sky130_fd_sc_hd__mux4_2)
                                                         net3 (net)
                      0.308332    0.000654    3.669032 v c56/S0 (sky130_fd_sc_hd__mux4_2)
     3    0.014661    0.218742    1.163368    4.832400 v c56/X (sky130_fd_sc_hd__mux4_2)
                                                         net4 (net)
                      0.218742    0.000346    4.832746 v c58/A2 (sky130_fd_sc_hd__mux4_2)
     8    0.029321    0.283055    1.289882    6.122628 v c58/X (sky130_fd_sc_hd__mux4_2)
                                                         net6 (net)
                      0.283055    0.000624    6.123252 v c59/S0 (sky130_fd_sc_hd__mux4_1)
     1    0.005398    0.186176    1.150827    7.274079 v c59/X (sky130_fd_sc_hd__mux4_1)
                                                         net7 (net)
                      0.186176    0.000213    7.274292 v fanout122/A (sky130_fd_sc_hd__buf_4)
    19    0.088442    0.209907    0.449742    7.724034 v fanout122/X (sky130_fd_sc_hd__buf_4)
                                                         net1029 (net)
                      0.209911    0.001335    7.725369 v fanout121/A (sky130_fd_sc_hd__buf_4)
    21    0.084921    0.205532    0.453902    8.179271 v fanout121/X (sky130_fd_sc_hd__buf_4)
                                                         net1028 (net)
                      0.205778    0.006324    8.185595 v c61/A1 (sky130_fd_sc_hd__mux4_2)
     6    0.024643    0.263044    1.231294    9.416889 v c61/X (sky130_fd_sc_hd__mux4_2)
                                                         net9 (net)
                      0.263045    0.001127    9.418016 v c73/A1 (sky130_fd_sc_hd__a21o_4)
     4    0.023300    0.103147    0.499723    9.917739 v c73/X (sky130_fd_sc_hd__a21o_4)
                                                         net20 (net)
                      0.103152    0.000764    9.918503 v c75/B1_N (sky130_fd_sc_hd__o21ba_2)
     8    0.033261    0.314272    0.679175   10.597677 ^ c75/X (sky130_fd_sc_hd__o21ba_2)
                                                         net22 (net)
                      0.314272    0.000989   10.598666 ^ c76/A0 (sky130_fd_sc_hd__mux4_2)
     7    0.042876    0.390503    0.833039   11.431705 ^ c76/X (sky130_fd_sc_hd__mux4_2)
                                                         net23 (net)
                      0.390505    0.001819   11.433524 ^ c77/A3 (sky130_fd_sc_hd__a41oi_1)
     2    0.004926    0.275833    0.413737   11.847260 v c77/Y (sky130_fd_sc_hd__a41oi_1)
                                                         net24 (net)
                      0.275833    0.000106   11.847366 v c78/A0 (sky130_fd_sc_hd__mux4_2)
     6    0.026903    0.272794    1.291791   13.139156 v c78/X (sky130_fd_sc_hd__mux4_2)
                                                         net25 (net)
                      0.272794    0.000818   13.139975 v c79/A3 (sky130_fd_sc_hd__mux4_2)
    21    0.101647    0.567540    1.637899   14.777874 v c79/X (sky130_fd_sc_hd__mux4_2)
                                                         net26 (net)
                      0.568076    0.015959   14.793833 v c244/A2 (sky130_fd_sc_hd__a41oi_4)
     1    0.005170    0.218032    0.474477   15.268310 ^ c244/Y (sky130_fd_sc_hd__a41oi_4)
                                                         net194 (net)
                      0.218032    0.000201   15.268511 ^ c257/A1 (sky130_fd_sc_hd__a41oi_1)
     1    0.008626    0.368630    0.400773   15.669283 v c257/Y (sky130_fd_sc_hd__a41oi_1)
                                                         net960 (net)
                      0.368630    0.000298   15.669581 v clkbuf_0_net960/A (sky130_fd_sc_hd__clkbuf_16)
     2    0.015529    0.055065    0.396838   16.066420 v clkbuf_0_net960/X (sky130_fd_sc_hd__clkbuf_16)
                                                         clknet_0_net960 (net)
                      0.055065    0.000290   16.066710 v clkbuf_1_0__f_net960/A (sky130_fd_sc_hd__clkbuf_16)
     1    0.010014    0.048522    0.238201   16.304911 v clkbuf_1_0__f_net960/X (sky130_fd_sc_hd__clkbuf_16)
                                                         clknet_1_0__leaf_net960 (net)
                      0.048523    0.000401   16.305311 v c261/A3 (sky130_fd_sc_hd__a41o_4)
     1    0.015524    0.089198    0.478737   16.784048 v c261/X (sky130_fd_sc_hd__a41o_4)
                                                         net207 (net)
                      0.089198    0.001036   16.785084 v clkbuf_0_net207/A (sky130_fd_sc_hd__clkbuf_16)
     2    0.018503    0.055883    0.264516   17.049599 v clkbuf_0_net207/X (sky130_fd_sc_hd__clkbuf_16)
                                                         clknet_0_net207 (net)
                      0.055883    0.000428   17.050028 v clkbuf_1_1__f_net207/A (sky130_fd_sc_hd__clkbuf_16)
     1    0.003233    0.041144    0.227621   17.277649 v clkbuf_1_1__f_net207/X (sky130_fd_sc_hd__clkbuf_16)
                                                         clknet_1_1__leaf_net207 (net)
                      0.041144    0.000108   17.277756 v c389/A3 (sky130_fd_sc_hd__mux4_4)
     1    0.013165    0.248924    1.419334   18.697090 v c389/X (sky130_fd_sc_hd__mux4_4)
                                                         net329 (net)
                      0.248924    0.000611   18.697702 v merge818/B (sky130_fd_sc_hd__xor2_2)
     1    0.003182    0.146558    0.257289   18.954990 ^ merge818/X (sky130_fd_sc_hd__xor2_2)
                                                         net719 (net)
                      0.146558    0.000098   18.955090 ^ merge853/RESET_B (sky130_fd_sc_hd__dlrtp_1)
                                             18.955090   data arrival time

                                  4.000000    4.000000   clock clk (fall edge)
                                  0.000000    4.000000   clock source latency
     2    0.045011    0.195268    0.138775    4.138775 v clk (in)
                                                         clk (net)
                      0.195284    0.000000    4.138775 v clkbuf_0_clk/A (sky130_fd_sc_hd__clkbuf_16)
    33    0.215503    0.233782    0.476169    4.614944 v clkbuf_0_clk/X (sky130_fd_sc_hd__clkbuf_16)
                                                         clknet_0_clk (net)
                      0.233965    0.006014    4.620959 v clkbuf_4_14_0_clk/A (sky130_fd_sc_hd__clkbuf_8)
     9    0.041356    0.100538    0.370801    4.991760 v clkbuf_4_14_0_clk/X (sky130_fd_sc_hd__clkbuf_8)
                                                         clknet_4_14_0_clk (net)
                      0.100568    0.001620    4.993380 v merge853/GATE (sky130_fd_sc_hd__dlrtp_1)
                                 -0.250000    4.743380   clock uncertainty
                                  0.000000    4.743380   clock reconvergence pessimism
                                  0.060527    4.803907   library recovery time
                                              4.803907   data required time
---------------------------------------------------------------------------------------------
                                              4.803907   data required time
                                            -18.955090   data arrival time
---------------------------------------------------------------------------------------------
                                            -14.151182   slack (VIOLATED)


Startpoint: in51 (input port clocked by clk)
Endpoint: s892 (positive level-sensitive latch clocked by clk)
Path Group: clk
Path Type: max

Fanout         Cap        Slew       Delay        Time   Description
---------------------------------------------------------------------------------------------
                                  0.000000    0.000000   clock clk (rise edge)
                                  0.000000    0.000000   clock network delay (propagated)
                                  1.600000    1.600000 v input external delay
     2    0.003783    0.022280    0.012328    1.612328 v in51 (in)
                                                         in51 (net)
                      0.022280    0.000000    1.612328 v input48/A (sky130_fd_sc_hd__buf_2)
     5    0.034382    0.166731    0.322589    1.934917 v input48/X (sky130_fd_sc_hd__buf_2)
                                                         net955 (net)
                      0.166733    0.000903    1.935820 v fanout146/A (sky130_fd_sc_hd__buf_4)
    22    0.070673    0.175345    0.412191    2.348011 v fanout146/X (sky130_fd_sc_hd__buf_4)
                                                         net1053 (net)
                      0.175392    0.002731    2.350742 v c55/A3 (sky130_fd_sc_hd__mux4_2)
     6    0.034805    0.308332    1.317636    3.668378 v c55/X (sky130_fd_sc_hd__mux4_2)
                                                         net3 (net)
                      0.308332    0.000654    3.669032 v c56/S0 (sky130_fd_sc_hd__mux4_2)
     3    0.014661    0.218742    1.163368    4.832400 v c56/X (sky130_fd_sc_hd__mux4_2)
                                                         net4 (net)
                      0.218742    0.000346    4.832746 v c58/A2 (sky130_fd_sc_hd__mux4_2)
     8    0.029321    0.283055    1.289882    6.122628 v c58/X (sky130_fd_sc_hd__mux4_2)
                                                         net6 (net)
                      0.283055    0.000624    6.123252 v c59/S0 (sky130_fd_sc_hd__mux4_1)
     1    0.005398    0.186176    1.150827    7.274079 v c59/X (sky130_fd_sc_hd__mux4_1)
                                                         net7 (net)
                      0.186176    0.000213    7.274292 v fanout122/A (sky130_fd_sc_hd__buf_4)
    19    0.088442    0.209907    0.449742    7.724034 v fanout122/X (sky130_fd_sc_hd__buf_4)
                                                         net1029 (net)
                      0.209950    0.003019    7.727053 v c66/A1 (sky130_fd_sc_hd__o21bai_4)
     6    0.045029    0.506503    0.555484    8.282537 ^ c66/Y (sky130_fd_sc_hd__o21bai_4)
                                                         net13 (net)
                      0.506506    0.001042    8.283579 ^ c70/S (sky130_fd_sc_hd__mux2_2)
     4    0.031235    0.278632    0.628370    8.911949 ^ c70/X (sky130_fd_sc_hd__mux2_2)
                                                         net17 (net)
                      0.278644    0.002132    8.914081 ^ c74/A1 (sky130_fd_sc_hd__a31oi_4)
     5    0.020305    0.214997    0.295333    9.209413 v c74/Y (sky130_fd_sc_hd__a31oi_4)
                                                         net21 (net)
                      0.215001    0.000408    9.209821 v c75/A1 (sky130_fd_sc_hd__o21ba_2)
     8    0.031466    0.178440    0.577836    9.787656 v c75/X (sky130_fd_sc_hd__o21ba_2)
                                                         net22 (net)
                      0.178442    0.000936    9.788592 v c76/A0 (sky130_fd_sc_hd__mux4_2)
     7    0.041191    0.340462    1.333300   11.121892 v c76/X (sky130_fd_sc_hd__mux4_2)
                                                         net23 (net)
                      0.340465    0.001743   11.123635 v c77/A3 (sky130_fd_sc_hd__a41oi_1)
     2    0.005214    0.319758    0.505167   11.628803 ^ c77/Y (sky130_fd_sc_hd__a41oi_1)
                                                         net24 (net)
                      0.319758    0.000112   11.628915 ^ c78/A0 (sky130_fd_sc_hd__mux4_2)
     6    0.027539    0.275960    0.743141   12.372056 ^ c78/X (sky130_fd_sc_hd__mux4_2)
                                                         net25 (net)
                      0.275960    0.001124   12.373180 ^ c92/A_N (sky130_fd_sc_hd__and2b_1)
     3    0.018075    0.186666    0.555821   12.929002 v c92/X (sky130_fd_sc_hd__and2b_1)
                                                         net38 (net)
                      0.186666    0.000558   12.929559 v c223/A0 (sky130_fd_sc_hd__mux4_2)
     9    0.042067    0.344449    1.342335   14.271894 v c223/X (sky130_fd_sc_hd__mux4_2)
                                                         net173 (net)
                      0.344449    0.000888   14.272782 v c226/A1 (sky130_fd_sc_hd__mux4_4)
     1    0.011241    0.244061    1.482046   15.754829 v c226/X (sky130_fd_sc_hd__mux4_4)
                                                         net176 (net)
                      0.244061    0.000515   15.755344 v clkbuf_0_net176/A (sky130_fd_sc_hd__clkbuf_16)
     2    0.019258    0.056981    0.341386   16.096729 v clkbuf_0_net176/X (sky130_fd_sc_hd__clkbuf_16)
                                                         clknet_0_net176 (net)
                      0.056981    0.000460   16.097189 v clkbuf_1_1__f_net176/A (sky130_fd_sc_hd__clkbuf_16)
     1    0.004015    0.042009    0.229429   16.326618 v clkbuf_1_1__f_net176/X (sky130_fd_sc_hd__clkbuf_16)
                                                         clknet_1_1__leaf_net176 (net)
                      0.042010    0.000131   16.326750 v c237/A0 (sky130_fd_sc_hd__mux4_4)
     1    0.009801    0.238643    1.394081   17.720831 v c237/X (sky130_fd_sc_hd__mux4_4)
                                                         net187 (net)
                      0.238643    0.000396   17.721228 v clkbuf_0_net187/A (sky130_fd_sc_hd__clkbuf_16)
     2    0.017156    0.055135    0.336312   18.057541 v clkbuf_0_net187/X (sky130_fd_sc_hd__clkbuf_16)
                                                         clknet_0_net187 (net)
                      0.055135    0.000419   18.057959 v clkbuf_1_1__f_net187/A (sky130_fd_sc_hd__clkbuf_16)
     1    0.002632    0.040465    0.226276   18.284235 v clkbuf_1_1__f_net187/X (sky130_fd_sc_hd__clkbuf_16)
                                                         clknet_1_1__leaf_net187 (net)
                      0.040465    0.000078   18.284313 v c241/A0 (sky130_fd_sc_hd__mux4_1)
     1    0.004354    0.175306    1.110591   19.394903 v c241/X (sky130_fd_sc_hd__mux4_1)
                                                         net191 (net)
                      0.175306    0.000156   19.395060 v s892/D (sky130_fd_sc_hd__dlxtp_1)
                                             19.395060   data arrival time

                                  0.000000    0.000000   clock clk (rise edge)
                                  0.000000    0.000000   clock source latency
     2    0.045949    0.331428    0.230998    0.230998 ^ clk (in)
                                                         clk (net)
                      0.331439    0.000000    0.230998 ^ clkbuf_0_clk/A (sky130_fd_sc_hd__clkbuf_16)
    33    0.223283    0.348292    0.558392    0.789390 ^ clkbuf_0_clk/X (sky130_fd_sc_hd__clkbuf_16)
                                                         clknet_0_clk (net)
                      0.348747    0.008771    0.798161 ^ clkbuf_4_11_0_clk/A (sky130_fd_sc_hd__clkbuf_8)
    31    0.087325    0.246903    0.487901    1.286063 ^ clkbuf_4_11_0_clk/X (sky130_fd_sc_hd__clkbuf_8)
                                                         clknet_4_11_0_clk (net)
                      0.246914    0.001887    1.287949 ^ s892/GATE (sky130_fd_sc_hd__dlxtp_1)
                                 -0.250000    1.037949   clock uncertainty
                                  0.000000    1.037949   clock reconvergence pessimism
                                  3.685204    4.723153   time borrowed from endpoint
                                              4.723153   data required time
---------------------------------------------------------------------------------------------
                                              4.723153   data required time
                                            -19.395060   data arrival time
---------------------------------------------------------------------------------------------
                                            -14.671906   slack (VIOLATED)

Time Borrowing Information
------------------------------------------------
clk nominal pulse width                 4.000000
clock latency difference               -0.235315
library setup time                     -0.079482
------------------------------------------------
max time borrow                         3.685204
------------------------------------------------
actual time borrow                      3.685204
open edge uncertainty                  -0.250000
------------------------------------------------
time given to startpoint                3.435204
------------------------------------------------




===========================================================================
 report_check_types -max_slew -max_cap -max_fanout -violators
============================================================================
======================= nom_ss_100C_1v60 Corner ===================================

max slew

Pin                                        Limit        Slew       Slack
------------------------------------------------------------------------
merge764_1/A                            0.750000    1.327820   -0.577820 (VIOLATED)
net999_2/A                              0.750000    1.327821   -0.577821 (VIOLATED)
ANTENNA_net999_2_A/DIODE                0.750000    1.327819   -0.577819 (VIOLATED)
ANTENNA_merge764_1_A/DIODE              0.750000    1.327818   -0.577818 (VIOLATED)
ANTENNA_c579_B1/DIODE                   0.750000    1.327814   -0.577814 (VIOLATED)
c579/B1                                 0.750000    1.327814   -0.577814 (VIOLATED)
c589/S1                                 0.750000    1.327811   -0.577811 (VIOLATED)
ANTENNA_c589_S1/DIODE                   0.750000    1.327810   -0.577810 (VIOLATED)
ANTENNA_c541_A/DIODE                    0.750000    1.327808   -0.577808 (VIOLATED)
c541/A                                  0.750000    1.327808   -0.577808 (VIOLATED)
ANTENNA_merge831_GCLK/DIODE             0.750000    1.327807   -0.577807 (VIOLATED)
merge831/GCLK                           0.750000    1.327804   -0.577805 (VIOLATED)
ANTENNA_c474_A0/DIODE                   0.750000    1.304991   -0.554991 (VIOLATED)
ANTENNA_c334_A3/DIODE                   0.750000    1.304989   -0.554990 (VIOLATED)
ANTENNA_c348_A1/DIODE                   0.750000    1.304990   -0.554990 (VIOLATED)
ANTENNA_c70_S/DIODE                     0.750000    1.304989   -0.554989 (VIOLATED)
ANTENNA_c71_A3/DIODE                    0.750000    1.304989   -0.554989 (VIOLATED)
ANTENNA_c73_B1/DIODE                    0.750000    1.304989   -0.554989 (VIOLATED)
ANTENNA_c77_A2/DIODE                    0.750000    1.304989   -0.554989 (VIOLATED)
ANTENNA_c79_S1/DIODE                    0.750000    1.304989   -0.554989 (VIOLATED)
ANTENNA_c213_A2/DIODE                   0.750000    1.304987   -0.554987 (VIOLATED)
ANTENNA_c66_Y/DIODE                     0.750000    1.304987   -0.554987 (VIOLATED)
clone1/Y                                0.750000    1.304987   -0.554987 (VIOLATED)
c334/A3                                 0.750000    0.977465   -0.227465 (VIOLATED)
c348/A1                                 0.750000    0.977465   -0.227465 (VIOLATED)
ANTENNA_c80_A2/DIODE                    0.750000    0.977463   -0.227463 (VIOLATED)
c213/A2                                 0.750000    0.977463   -0.227463 (VIOLATED)
c80/A2                                  0.750000    0.977463   -0.227463 (VIOLATED)
clone7/Y                                0.750000    0.977463   -0.227463 (VIOLATED)
c217/A2                                 0.750000    0.965880   -0.215880 (VIOLATED)
ANTENNA_c217_A2/DIODE                   0.750000    0.965879   -0.215879 (VIOLATED)
c349/A1                                 0.750000    0.965878   -0.215878 (VIOLATED)
ANTENNA_c349_A1/DIODE                   0.750000    0.965877   -0.215877 (VIOLATED)
c208/A2                                 0.750000    0.965877   -0.215877 (VIOLATED)
c337/RESET_B                            0.750000    0.965874   -0.215874 (VIOLATED)
ANTENNA_c208_A2/DIODE                   0.750000    0.965873   -0.215873 (VIOLATED)
c334/A1                                 0.750000    0.965873   -0.215873 (VIOLATED)
ANTENNA_c334_A1/DIODE                   0.750000    0.965872   -0.215872 (VIOLATED)
ANTENNA_c337_RESET_B/DIODE              0.750000    0.965871   -0.215871 (VIOLATED)
c321/RESET_B                            0.750000    0.965864   -0.215864 (VIOLATED)
ANTENNA_c314_A2/DIODE                   0.750000    0.965862   -0.215862 (VIOLATED)
c314/A2                                 0.750000    0.965859   -0.215859 (VIOLATED)
ANTENNA_c321_RESET_B/DIODE              0.750000    0.965858   -0.215858 (VIOLATED)
c216/S1                                 0.750000    0.965858   -0.215858 (VIOLATED)
ANTENNA_c216_S1/DIODE                   0.750000    0.965844   -0.215844 (VIOLATED)
ANTENNA_c178_B/DIODE                    0.750000    0.965793   -0.215793 (VIOLATED)
c178/B                                  0.750000    0.965793   -0.215793 (VIOLATED)
c174/A0                                 0.750000    0.965767   -0.215767 (VIOLATED)
ANTENNA_c174_A0/DIODE                   0.750000    0.965763   -0.215763 (VIOLATED)
ANTENNA_c158_Y/DIODE                    0.750000    0.965756   -0.215757 (VIOLATED)
c158/Y                                  0.750000    0.965756   -0.215757 (VIOLATED)
ANTENNA_c357_RESET_B/DIODE              0.750000    0.852494   -0.102494 (VIOLATED)
c357/RESET_B                            0.750000    0.852494   -0.102494 (VIOLATED)
c394/A0                                 0.750000    0.852479   -0.102479 (VIOLATED)
ANTENNA_c394_A0/DIODE                   0.750000    0.852477   -0.102477 (VIOLATED)
ANTENNA_c244_A2/DIODE                   0.750000    0.852378   -0.102378 (VIOLATED)
c244/A2                                 0.750000    0.852374   -0.102375 (VIOLATED)
c111/B1_N                               0.750000    0.852242   -0.102242 (VIOLATED)
ANTENNA_c111_B1_N/DIODE                 0.750000    0.852232   -0.102232 (VIOLATED)
c98/A2                                  0.750000    0.852058   -0.102058 (VIOLATED)
ANTENNA_c98_A2/DIODE                    0.750000    0.852057   -0.102057 (VIOLATED)
c95/A4                                  0.750000    0.852028   -0.102028 (VIOLATED)
ANTENNA_c95_A4/DIODE                    0.750000    0.852025   -0.102025 (VIOLATED)
c82/S0                                  0.750000    0.851990   -0.101990 (VIOLATED)
ANTENNA_c82_S0/DIODE                    0.750000    0.851956   -0.101956 (VIOLATED)
c84/A1                                  0.750000    0.851938   -0.101938 (VIOLATED)
ANTENNA_c84_A1/DIODE                    0.750000    0.851938   -0.101938 (VIOLATED)
c81/S1                                  0.750000    0.851936   -0.101936 (VIOLATED)
c83/A2                                  0.750000    0.851936   -0.101936 (VIOLATED)
ANTENNA_c81_S1/DIODE                    0.750000    0.851934   -0.101934 (VIOLATED)
ANTENNA_c83_A2/DIODE                    0.750000    0.851934   -0.101934 (VIOLATED)
ANTENNA_c79_X/DIODE                     0.750000    0.851609   -0.101609 (VIOLATED)
c79/X                                   0.750000    0.851609   -0.101609 (VIOLATED)
c622/A2                                 0.750000    0.796365   -0.046365 (VIOLATED)
ANTENNA_c622_A2/DIODE                   0.750000    0.796365   -0.046365 (VIOLATED)
ANTENNA_c493_A1/DIODE                   0.750000    0.796360   -0.046360 (VIOLATED)
c493/A1                                 0.750000    0.796360   -0.046360 (VIOLATED)
c386/A1                                 0.750000    0.796306   -0.046306 (VIOLATED)
ANTENNA_c386_A1/DIODE                   0.750000    0.796304   -0.046305 (VIOLATED)
output55/A                              0.750000    0.796266   -0.046266 (VIOLATED)
ANTENNA_output55_A/DIODE                0.750000    0.796265   -0.046265 (VIOLATED)
c235/A1                                 0.750000    0.796225   -0.046225 (VIOLATED)
ANTENNA_c235_A1/DIODE                   0.750000    0.796197   -0.046197 (VIOLATED)
c221/A4                                 0.750000    0.796180   -0.046181 (VIOLATED)
ANTENNA_c221_A4/DIODE                   0.750000    0.796140   -0.046140 (VIOLATED)
c217/A0                                 0.750000    0.796118   -0.046118 (VIOLATED)
c215/S1                                 0.750000    0.796105   -0.046105 (VIOLATED)
ANTENNA_c215_S1/DIODE                   0.750000    0.796104   -0.046104 (VIOLATED)
ANTENNA_c217_A0/DIODE                   0.750000    0.796100   -0.046100 (VIOLATED)
ANTENNA_c207_Q/DIODE                    0.750000    0.796097   -0.046097 (VIOLATED)
c207/Q                                  0.750000    0.796097   -0.046097 (VIOLATED)
ANTENNA_c600_S1/DIODE                   0.750000    0.788929   -0.038929 (VIOLATED)
ANTENNA_c611_S1/DIODE                   0.750000    0.788929   -0.038929 (VIOLATED)
ANTENNA_c619_S1/DIODE                   0.750000    0.788929   -0.038929 (VIOLATED)
ANTENNA_c623_S1/DIODE                   0.750000    0.788929   -0.038929 (VIOLATED)
ANTENNA_c631_S1/DIODE                   0.750000    0.788929   -0.038929 (VIOLATED)
ANTENNA_s941_Q/DIODE                    0.750000    0.788929   -0.038929 (VIOLATED)
c600/S1                                 0.750000    0.788929   -0.038929 (VIOLATED)
c611/S1                                 0.750000    0.788929   -0.038929 (VIOLATED)
c619/S1                                 0.750000    0.788929   -0.038929 (VIOLATED)
c623/S1                                 0.750000    0.788929   -0.038929 (VIOLATED)
c631/S1                                 0.750000    0.788929   -0.038929 (VIOLATED)
s941/Q                                  0.750000    0.788929   -0.038929 (VIOLATED)
clkbuf_0_net448/A                       0.750000    0.785674   -0.035674 (VIOLATED)
c536/Y                                  0.750000    0.785672   -0.035672 (VIOLATED)
c743/A0                                 0.750000    0.762131   -0.012131 (VIOLATED)
ANTENNA_c743_A0/DIODE                   0.750000    0.762130   -0.012130 (VIOLATED)
c482/A2                                 0.750000    0.762110   -0.012110 (VIOLATED)
ANTENNA_c482_A2/DIODE                   0.750000    0.762109   -0.012109 (VIOLATED)
c589/A1                                 0.750000    0.762104   -0.012104 (VIOLATED)
ANTENNA_c589_A1/DIODE                   0.750000    0.762103   -0.012103 (VIOLATED)
ANTENNA_c443_A2/DIODE                   0.750000    0.762095   -0.012095 (VIOLATED)
c443/A2                                 0.750000    0.762081   -0.012081 (VIOLATED)
c320/D                                  0.750000    0.762074   -0.012074 (VIOLATED)
ANTENNA_c309_Y/DIODE                    0.750000    0.762073   -0.012073 (VIOLATED)
ANTENNA_c320_D/DIODE                    0.750000    0.762071   -0.012071 (VIOLATED)
c309/Y                                  0.750000    0.762071   -0.012071 (VIOLATED)
c549/S1                                 0.750000    0.752494   -0.002494 (VIOLATED)
ANTENNA_c549_S1/DIODE                   0.750000    0.752494   -0.002494 (VIOLATED)
c547/S1                                 0.750000    0.752493   -0.002493 (VIOLATED)
ANTENNA_c547_S1/DIODE                   0.750000    0.752492   -0.002492 (VIOLATED)
c560/A4                                 0.750000    0.752490   -0.002490 (VIOLATED)
ANTENNA_c560_A4/DIODE                   0.750000    0.752490   -0.002490 (VIOLATED)
ANTENNA_c566_SCE/DIODE                  0.750000    0.752486   -0.002486 (VIOLATED)
ANTENNA_c601_S1/DIODE                   0.750000    0.752486   -0.002486 (VIOLATED)
ANTENNA_s936_Q/DIODE                    0.750000    0.752486   -0.002486 (VIOLATED)
c566/SCE                                0.750000    0.752486   -0.002486 (VIOLATED)
c601/S1                                 0.750000    0.752486   -0.002486 (VIOLATED)
s936/Q                                  0.750000    0.752486   -0.002486 (VIOLATED)

max fanout

Pin                                   Limit Fanout  Slack
---------------------------------------------------------
clkbuf_4_5_0_clk/X                       10     37    -27 (VIOLATED)
clkbuf_0_clk/X                           10     33    -23 (VIOLATED)
clkbuf_4_10_0_clk/X                      10     33    -23 (VIOLATED)
clkbuf_4_6_0_clk/X                       10     33    -23 (VIOLATED)
clkbuf_4_7_0_clk/X                       10     33    -23 (VIOLATED)
clkbuf_4_11_0_clk/X                      10     31    -21 (VIOLATED)
clkbuf_4_2_0_clk/X                       10     31    -21 (VIOLATED)
clkbuf_4_4_0_clk/X                       10     27    -17 (VIOLATED)
clkbuf_4_9_0_clk/X                       10     27    -17 (VIOLATED)
fanout156/X                              10     23    -13 (VIOLATED)
fanout146/X                              10     22    -12 (VIOLATED)
input49/X                                10     22    -12 (VIOLATED)
c157/Y                                   10     21    -11 (VIOLATED)
c158/Y                                   10     21    -11 (VIOLATED)
c693/X                                   10     21    -11 (VIOLATED)
c79/X                                    10     21    -11 (VIOLATED)
clkbuf_4_1_0_clk/X                       10     21    -11 (VIOLATED)
fanout100/X                              10     21    -11 (VIOLATED)
fanout102/X                              10     21    -11 (VIOLATED)
fanout103/X                              10     21    -11 (VIOLATED)
fanout104/X                              10     21    -11 (VIOLATED)
fanout105/X                              10     21    -11 (VIOLATED)
fanout106/X                              10     21    -11 (VIOLATED)
fanout108/X                              10     21    -11 (VIOLATED)
fanout109/X                              10     21    -11 (VIOLATED)
fanout110/X                              10     21    -11 (VIOLATED)
fanout111/X                              10     21    -11 (VIOLATED)
fanout112/X                              10     21    -11 (VIOLATED)
fanout114/X                              10     21    -11 (VIOLATED)
fanout115/X                              10     21    -11 (VIOLATED)
fanout116/X                              10     21    -11 (VIOLATED)
fanout117/X                              10     21    -11 (VIOLATED)
fanout119/X                              10     21    -11 (VIOLATED)
fanout121/X                              10     21    -11 (VIOLATED)
fanout130/X                              10     21    -11 (VIOLATED)
fanout131/X                              10     21    -11 (VIOLATED)
fanout132/X                              10     21    -11 (VIOLATED)
fanout136/X                              10     21    -11 (VIOLATED)
fanout137/X                              10     21    -11 (VIOLATED)
fanout138/X                              10     21    -11 (VIOLATED)
fanout140/X                              10     21    -11 (VIOLATED)
fanout141/X                              10     21    -11 (VIOLATED)
fanout142/X                              10     21    -11 (VIOLATED)
fanout143/X                              10     21    -11 (VIOLATED)
fanout144/X                              10     21    -11 (VIOLATED)
fanout147/X                              10     21    -11 (VIOLATED)
fanout150/X                              10     21    -11 (VIOLATED)
fanout151/X                              10     21    -11 (VIOLATED)
fanout152/X                              10     21    -11 (VIOLATED)
fanout155/X                              10     21    -11 (VIOLATED)
fanout158/X                              10     21    -11 (VIOLATED)
fanout160/X                              10     21    -11 (VIOLATED)
s880/Q                                   10     21    -11 (VIOLATED)
s922/Q                                   10     21    -11 (VIOLATED)
c160/X                                   10     19     -9 (VIOLATED)
c201/X                                   10     19     -9 (VIOLATED)
c208/X                                   10     19     -9 (VIOLATED)
c282/X                                   10     19     -9 (VIOLATED)
clkbuf_1_1__f_net252/X                   10     19     -9 (VIOLATED)
clkbuf_1_1__f_net553/X                   10     19     -9 (VIOLATED)
clkbuf_4_8_0_clk/X                       10     19     -9 (VIOLATED)
fanout122/X                              10     19     -9 (VIOLATED)
fanout129/X                              10     19     -9 (VIOLATED)
s890/Q                                   10     19     -9 (VIOLATED)
s896/Q                                   10     19     -9 (VIOLATED)
s897/Q                                   10     19     -9 (VIOLATED)
c137/X                                   10     17     -7 (VIOLATED)
c165/Y                                   10     17     -7 (VIOLATED)
c207/Q                                   10     17     -7 (VIOLATED)
c703/X                                   10     17     -7 (VIOLATED)
clkbuf_1_0__f_net364/X                   10     17     -7 (VIOLATED)
clkbuf_4_0_0_clk/X                       10     17     -7 (VIOLATED)
fanout118/X                              10     17     -7 (VIOLATED)
fanout124/X                              10     17     -7 (VIOLATED)
fanout125/X                              10     17     -7 (VIOLATED)
fanout153/X                              10     17     -7 (VIOLATED)
input11/X                                10     17     -7 (VIOLATED)
input15/X                                10     17     -7 (VIOLATED)
input6/X                                 10     17     -7 (VIOLATED)
merge871/Q                               10     17     -7 (VIOLATED)
s923/Q                                   10     17     -7 (VIOLATED)
s928/Q                                   10     17     -7 (VIOLATED)
s955/Q                                   10     17     -7 (VIOLATED)
wire134/X                                10     17     -7 (VIOLATED)
input52/X                                10     16     -6 (VIOLATED)
c173/Q                                   10     15     -5 (VIOLATED)
c202/X                                   10     15     -5 (VIOLATED)
c337/Q                                   10     15     -5 (VIOLATED)
c442/X                                   10     15     -5 (VIOLATED)
c83/X                                    10     15     -5 (VIOLATED)
clkbuf_1_0__f_net252/X                   10     15     -5 (VIOLATED)
clkbuf_1_1__f_net271/X                   10     15     -5 (VIOLATED)
fanout113/X                              10     15     -5 (VIOLATED)
input2/X                                 10     15     -5 (VIOLATED)
input24/X                                10     15     -5 (VIOLATED)
max_cap126/X                             10     15     -5 (VIOLATED)
merge830/Q                               10     15     -5 (VIOLATED)
s905/Q                                   10     15     -5 (VIOLATED)
s911/Q                                   10     15     -5 (VIOLATED)
s911/Q_N                                 10     15     -5 (VIOLATED)
s914/Q                                   10     15     -5 (VIOLATED)
c101/Q                                   10     13     -3 (VIOLATED)
c104/X                                   10     13     -3 (VIOLATED)
c149/X                                   10     13     -3 (VIOLATED)
c164/X                                   10     13     -3 (VIOLATED)
c172/X                                   10     13     -3 (VIOLATED)
c173/Q_N                                 10     13     -3 (VIOLATED)
c265/Y                                   10     13     -3 (VIOLATED)
c331/Q                                   10     13     -3 (VIOLATED)
c53/X                                    10     13     -3 (VIOLATED)
clkbuf_1_0__f_net553/X                   10     13     -3 (VIOLATED)
clkbuf_1_0__f_net794/X                   10     13     -3 (VIOLATED)
clkbuf_1_1__f_net147/X                   10     13     -3 (VIOLATED)
clkbuf_1_1__f_net290/X                   10     13     -3 (VIOLATED)
clkbuf_1_1__f_net414/X                   10     13     -3 (VIOLATED)
clkbuf_1_1__f_net448/X                   10     13     -3 (VIOLATED)
clkbuf_4_13_0_clk/X                      10     13     -3 (VIOLATED)
fanout101/X                              10     13     -3 (VIOLATED)
fanout107/X                              10     13     -3 (VIOLATED)
fanout154/X                              10     13     -3 (VIOLATED)
input1/X                                 10     13     -3 (VIOLATED)
input27/X                                10     13     -3 (VIOLATED)
input39/X                                10     13     -3 (VIOLATED)
input40/X                                10     13     -3 (VIOLATED)
merge867/Q                               10     13     -3 (VIOLATED)
merge870/Q                               10     13     -3 (VIOLATED)
merge872/Q                               10     13     -3 (VIOLATED)
merge877/Q                               10     13     -3 (VIOLATED)
s882/Q                                   10     13     -3 (VIOLATED)
s886/Q                                   10     13     -3 (VIOLATED)
s886/Q_N                                 10     13     -3 (VIOLATED)
s902/Q                                   10     13     -3 (VIOLATED)
s926/Q                                   10     13     -3 (VIOLATED)
c100/X                                   10     11        (VIOLATED)
c135/X                                   10     11        (VIOLATED)
c159/X                                   10     11        (VIOLATED)
c161/X                                   10     11        (VIOLATED)
c174/X                                   10     11        (VIOLATED)
c264/X                                   10     11        (VIOLATED)
c266/X                                   10     11        (VIOLATED)
c278/Y                                   10     11        (VIOLATED)
c284/Y                                   10     11        (VIOLATED)
c309/Y                                   10     11        (VIOLATED)
c331/Q_N                                 10     11        (VIOLATED)
c449/Q                                   10     11        (VIOLATED)
c449/Q_N                                 10     11        (VIOLATED)
c52/Y                                    10     11        (VIOLATED)
c91/X                                    10     11        (VIOLATED)
clkbuf_1_0__f_net147/X                   10     11        (VIOLATED)
clkbuf_1_0__f_net290/X                   10     11        (VIOLATED)
clkbuf_1_0__f_net965/X                   10     11        (VIOLATED)
clkbuf_1_1__f_net794/X                   10     11        (VIOLATED)
clkbuf_1_1__f_net968/X                   10     11        (VIOLATED)
clkbuf_1_1__f_net993/X                   10     11        (VIOLATED)
fanout120/X                              10     11        (VIOLATED)
fanout133/X                              10     11        (VIOLATED)
fanout148/X                              10     11        (VIOLATED)
fanout157/X                              10     11        (VIOLATED)
fanout159/X                              10     11        (VIOLATED)
input17/X                                10     11        (VIOLATED)
input29/X                                10     11        (VIOLATED)
merge783/Q                               10     11        (VIOLATED)
merge831/GCLK                            10     11        (VIOLATED)
s895/Q                                   10     11        (VIOLATED)
s902/Q_N                                 10     11        (VIOLATED)
s926/Q_N                                 10     11        (VIOLATED)
s927/Q                                   10     11        (VIOLATED)
s934/Q                                   10     11        (VIOLATED)
s936/Q                                   10     11        (VIOLATED)
s941/Q                                   10     11        (VIOLATED)

max capacitance

Pin                                        Limit         Cap       Slack
------------------------------------------------------------------------
clkbuf_0_clk/X                          0.200000    0.223283   -0.023283 (VIOLATED)



===========================================================================
report_parasitic_annotation -report_unannotated
============================================================================
Found 2 unannotated drivers.
 rst
 c762/X
Found 0 partially unannotated drivers.

===========================================================================
max slew violation count 129
max fanout violation count 170
max cap violation count 1
============================================================================

===========================================================================
check_setup -verbose -unconstrained_endpoints -multiple_clock -no_clock -no_input_delay -loops -generated_clocks
===========================================================================
Warning: There are 9 unconstrained endpoints.
  out14
  out15
  out17
  out34
  out39
  out40
  c578/SCD
  merge838/D
  merge866/D
