
===========================================================================
Violator List
============================================================================
[hold in-reg] clk -> c447/SET_B : -6.303498
[hold in-reg] in18 -> c668/RESET_B : -4.778421
[hold reg-reg] s924/Q -> c582/SET_B : -3.232334
[hold reg-reg] s939/Q -> c566/SET_B : -1.718430
[hold in-reg] clk -> c331/SET_B : -1.614752
[hold reg-reg] s971/Q -> c744/SET_B : -1.555356
[hold reg-reg] s924/Q -> c582/RESET_B : -1.520970
[hold reg-reg] s895/Q -> c553/SET_B : -1.461505
[hold in-reg] in17 -> c552/SET_B : -0.782910
[hold in-reg] in7 -> c668/SET_B : -0.420481
[hold reg-reg] s936/Q_N -> c578/SET_B : -0.078841
[hold in-reg] in34 -> c337/RESET_B : -0.007234
[setup in-reg] in51 -> s892/D : -14.671906
[setup in-reg] in51 -> s893/D : -14.524821
[setup in-reg] in3 -> merge854/D : -14.482789
[setup in-reg] in51 -> s973/D : -14.333259
[setup in-reg] in51 -> merge853/RESET_B : -14.151182
[setup reg-reg] merge821/Q -> c447/RESET_B : -14.107692
[setup in-reg] in51 -> c108/D : -14.036983
[setup in-reg] in3 -> merge811/RESET_B : -13.990335
[setup in-reg] in3 -> merge823/RESET_B : -13.978614
[setup in-reg] in51 -> s941/D : -13.896293
[setup in-reg] in3 -> merge836/RESET_B : -13.794836
[setup in-reg] in3 -> merge823/D : -13.794024
[setup in-reg] in51 -> s888/D : -13.686543
[setup in-reg] in51 -> merge812/D : -13.685638
[setup in-reg] in51 -> merge836/D : -13.678508
[setup in-reg] in51 -> s925/D : -13.588200
[setup in-reg] in3 -> s968/D : -13.510997
[setup reg-reg] merge827/Q -> merge853/D : -13.504813
[setup in-reg] in51 -> c108/SCE : -13.502665
[setup in-reg] in51 -> merge876/D : -13.469003
[setup in-reg] in3 -> merge875/D : -13.442337
[setup in-reg] in3 -> merge849/D : -13.428366
[setup in-reg] in51 -> c127/D : -13.408718
[setup in-reg] in3 -> merge848/RESET_B : -13.390448
[setup reg-reg] merge827/Q -> merge855/D : -13.342508
[setup in-reg] in51 -> merge812/RESET_B : -13.257627
[setup in-reg] in3 -> merge827/D : -13.225283
[setup in-reg] in51 -> s904/D : -13.213819
[setup in-reg] in3 -> c321/SCE : -13.179642
[setup reg-out] merge821/Q -> out3 : -13.138842
[setup in-reg] in3 -> c337/RESET_B : -13.058365
[setup reg-reg] s955/Q -> merge839/D : -12.954583
[setup in-reg] in3 -> merge811/D : -12.914177
[setup in-reg] in51 -> c331/SCD : -12.844467
[setup in-reg] in3 -> c195/SCE : -12.825507
[setup in-reg] in3 -> merge826/D : -12.793034
[setup in-reg] in3 -> merge848/D : -12.766444
[setup reg-out] merge821/Q -> out19 : -12.674919
[setup in-reg] in3 -> merge783/D : -12.588768
[setup in-reg] in3 -> merge855/RESET_B : -12.378488
[setup in-reg] in51 -> c101/SET_B : -12.347529
[setup in-reg] in51 -> merge849/RESET_B : -12.345720
[setup in-reg] in51 -> merge864/RESET_B : -12.328709
[setup reg-reg] s955/Q -> merge850/D : -12.309949
[setup reg-reg] merge821/Q -> merge857/D : -12.254278
[setup reg-reg] merge821/Q -> merge852/D : -12.189929
[setup in-out] in51 -> out48 : -12.185627
[setup in-reg] in51 -> merge854/RESET_B : -12.151319
[setup in-reg] in3 -> c582/SCE : -12.143428
[setup in-reg] in3 -> c195/SCD : -12.143412
[setup in-reg] in3 -> merge864/D : -12.097740
[setup in-reg] in3 -> c582/D : -12.060905
[setup in-reg] in3 -> s936/D : -12.038721
[setup in-reg] in3 -> s920/D : -12.032538
[setup in-reg] in3 -> s940/D : -11.981150
[setup in-reg] in51 -> s972/D : -11.825655
[setup in-reg] in51 -> s975/D : -11.809218
[setup in-reg] in3 -> c297/SCD : -11.762395
[setup in-reg] in51 -> c357/SET_B : -11.746195
[setup in-reg] in51 -> c366/D : -11.745204
[setup reg-reg] merge821/Q -> s947/GATE : -11.700774
[setup reg-out] merge847/Q -> out13 : -11.697264
[setup in-out] in51 -> out36 : -11.661007
[setup in-reg] in3 -> s924/D : -11.655999
[setup in-reg] in3 -> c553/SCE : -11.652081
[setup in-reg] in3 -> merge876/RESET_B : -11.641992
[setup reg-reg] merge821/Q -> merge851/D : -11.627262
[setup in-reg] in3 -> c297/SCE : -11.559266
[setup in-reg] in3 -> c668/SET_B : -11.548556
[setup in-reg] in3 -> s908/D : -11.488114
[setup reg-reg] merge821/Q -> merge869/SET_B : -11.475795
[setup reg-reg] merge821/Q -> merge843/SET_B : -11.474012
[setup reg-reg] merge821/Q -> s932/GATE : -11.473166
[setup in-reg] in51 -> c335/RESET_B : -11.462353
[setup reg-reg] merge821/Q -> s931/GATE : -11.417600
[setup in-reg] in3 -> c195/D : -11.403894
[setup reg-reg] merge821/Q -> s948/GATE : -11.397108
[setup reg-reg] merge821/Q -> s933/GATE : -11.394170
[setup reg-reg] merge821/Q -> s943/D : -11.257975
[setup in-reg] in51 -> merge829/D : -11.250232
[setup in-reg] in3 -> s957/D : -11.238166
[setup reg-out] merge821/Q -> out12 : -11.235542
[setup in-reg] in3 -> c448/D : -11.181534
[setup reg-reg] merge821/Q -> merge839/RESET_B : -11.169803
[setup in-reg] in51 -> merge806/D : -11.156819
[setup in-reg] in51 -> merge867/D : -11.111544
[setup in-reg] in3 -> c297/D : -11.082431
[setup reg-reg] merge821/Q -> merge865/RESET_B : -11.072556
[setup in-reg] in51 -> merge861/GATE : -11.071263
[setup in-reg] in51 -> c331/RESET_B : -11.065947
[setup in-out] in51 -> out46 : -11.004687
[setup in-reg] in3 -> s952/D : -10.937063
[setup in-reg] in3 -> merge783/RESET_B : -10.927774
[setup in-reg] in3 -> s909/D : -10.920230
[setup reg-reg] merge821/Q -> merge871/SET_B : -10.879684
[setup in-reg] in51 -> s887/D : -10.822353
[setup in-reg] in51 -> merge846/D : -10.783360
[setup in-reg] in51 -> s884/GATE : -10.770923
[setup in-reg] in3 -> c449/RESET_B : -10.766603
[setup in-reg] in3 -> c173/RESET_B : -10.744992
[setup reg-reg] merge821/Q -> s945/D : -10.717848
[setup in-reg] in51 -> s903/D : -10.710879
[setup reg-reg] merge821/Q -> merge857/DE : -10.675337
[setup in-reg] in51 -> s891/D : -10.635839
[setup in-reg] in51 -> c366/SCE : -10.628379
[setup in-reg] in51 -> s890/D : -10.579449
[setup in-reg] in51 -> c127/RESET_B : -10.559686
[setup in-out] in51 -> out0 : -10.558200
[setup in-reg] in51 -> merge858/DE : -10.542893
[setup in-reg] in3 -> c195/RESET_B : -10.518806
[setup in-reg] in3 -> s956/D : -10.450640
[setup in-out] in51 -> out41 : -10.436317
[setup in-reg] in51 -> s878/D : -10.433741
[setup reg-reg] merge821/Q -> s974/D : -10.405301
[setup reg-reg] s923/Q -> s942/D : -10.397287
[setup in-reg] in3 -> merge830/DE : -10.361679
[setup reg-reg] merge821/Q -> merge859/SCE : -10.360939
[setup in-reg] in51 -> merge851/RESET_B : -10.334272
[setup in-reg] in3 -> merge875/RESET_B : -10.283561
[setup in-reg] in3 -> c448/SCD : -10.266725
[setup in-reg] in3 -> c321/RESET_B : -10.243561
[setup in-reg] in3 -> merge827/RESET_B : -10.235308
[setup reg-reg] merge847/Q -> merge865/D : -10.229533
[setup in-reg] in3 -> c566/SCD : -10.204045
[setup in-reg] in51 -> merge833/SCE : -10.155437
[setup reg-reg] merge821/Q -> s923/D : -10.144095
[setup reg-reg] merge821/Q -> merge840/SET_B : -10.104336
[setup in-reg] in51 -> merge861/SCE : -10.021601
[setup in-reg] in51 -> merge793/D : -10.010601
[setup in-reg] in3 -> merge847/D : -9.985749
[setup in-reg] in51 -> s889/D : -9.977155
[setup in-reg] in51 -> merge860/GATE : -9.923149
[setup in-reg] in51 -> c101/SCD : -9.916051
[setup in-reg] in51 -> merge834/D : -9.867664
[setup reg-reg] merge821/Q -> s919/D : -9.863367
[setup in-reg] in51 -> s879/D : -9.859188
[setup in-reg] in51 -> merge837/D : -9.836864
[setup in-reg] in51 -> c109/D : -9.825252
[setup in-reg] in51 -> merge829/DE : -9.824566
[setup reg-reg] merge847/Q -> s929/D : -9.804863
[setup in-reg] in3 -> s915/GATE : -9.798660
[setup in-reg] in51 -> merge800/D : -9.796619
[setup in-reg] in51 -> s880/D : -9.735984
[setup in-out] in51 -> out45 : -9.712603
[setup in-reg] in51 -> merge845/D : -9.691286
[setup in-reg] in51 -> c127/SET_B : -9.674894
[setup in-reg] in3 -> s962/D : -9.611117
[setup in-reg] in3 -> s910/D : -9.609787
[setup in-reg] in3 -> s898/D : -9.605390
[setup in-out] in51 -> out38 : -9.604748
[setup in-reg] in3 -> c566/RESET_B : -9.579103
[setup in-reg] in3 -> s965/GATE : -9.578771
[setup in-reg] in51 -> merge841/D : -9.573891
[setup reg-reg] s955/Q -> c744/SCD : -9.573817
[setup in-reg] in3 -> s963/GATE : -9.572509
[setup reg-reg] merge821/Q -> merge842/D : -9.572244
[setup in-reg] in3 -> s970/D : -9.572030
[setup in-reg] in3 -> merge859/GATE : -9.536216
[setup in-reg] in3 -> s883/GATE : -9.530401
[setup in-reg] in51 -> s885/GATE : -9.499657
[setup in-reg] in51 -> s926/D : -9.443675
[setup in-reg] in3 -> c668/SET_B : -9.408102
[setup in-reg] in3 -> c582/RESET_B : -9.374507
[setup in-reg] in3 -> s964/GATE : -9.348926
[setup reg-reg] merge821/Q -> merge858/D : -9.314895
[setup in-reg] in3 -> s911/D : -9.300354
[setup in-reg] in3 -> s927/D : -9.298691
[setup in-reg] in51 -> c109/SCE : -9.296605
[setup in-reg] in3 -> c668/SCE : -9.286064
[setup in-reg] in3 -> merge801/D : -9.217155
[setup in-reg] in3 -> merge832/SCE : -9.129413
[setup in-reg] in3 -> s966/D : -9.128297
[setup in-reg] in51 -> merge862/D : -9.128170
[setup in-reg] in3 -> merge830/D : -9.105245
[setup in-reg] in51 -> c108/RESET_B : -9.080390
[setup in-reg] in3 -> s971/D : -9.076700
[setup in-reg] in3 -> merge860/SCE : -9.074544
[setup in-reg] in3 -> merge871/D : -9.065687
[setup in-reg] in51 -> c357/RESET_B : -9.046021
[setup reg-reg] merge847/Q -> s906/D : -9.045623
[setup in-reg] in51 -> s886/D : -9.040898
[setup in-reg] in3 -> merge877/D : -9.020185
[setup in-reg] in51 -> merge821/D : -9.009842
[setup in-reg] in3 -> s900/GATE : -9.002913
[setup in-reg] in3 -> merge872/D : -9.000596
[setup in-reg] in51 -> merge833/GATE : -8.981961
[setup in-reg] in51 -> c357/SCD : -8.972903
[setup in-reg] in3 -> s944/D : -8.971809
[setup reg-reg] merge821/Q -> merge819/RESET_B : -8.962866
[setup in-out] in3 -> out6 : -8.943220
[setup in-reg] in3 -> merge832/GATE : -8.940090
[setup in-reg] in51 -> merge802/D : -8.922275
[setup in-reg] in3 -> s894/D : -8.899387
[setup reg-reg] merge821/Q -> s902/D : -8.887655
[setup in-reg] in3 -> s895/D : -8.886871
[setup in-reg] in3 -> s901/GATE : -8.846368
[setup in-reg] in3 -> s881/D : -8.839630
[setup in-reg] in3 -> merge847/RESET_B : -8.826474
[setup in-reg] in3 -> s916/GATE : -8.765386
[setup in-reg] in3 -> c582/RESET_B : -8.741415
[setup in-reg] in3 -> s914/D : -8.737564
[setup in-reg] in51 -> merge778/D : -8.724926
[setup in-reg] in3 -> merge792/D : -8.718742
[setup in-out] in51 -> out11 : -8.689869
[setup in-reg] in3 -> s912/D : -8.673060
[setup in-reg] in3 -> s928/D : -8.669127
[setup in-reg] in3 -> s917/GATE : -8.664425
[setup reg-reg] merge821/Q -> s922/D : -8.646876
[setup in-reg] in3 -> s896/D : -8.639460
[setup in-reg] in3 -> merge840/D : -8.635593
[setup in-reg] in3 -> s913/D : -8.595781
[setup in-reg] in3 -> merge809/D : -8.575507
[setup in-reg] in3 -> s897/D : -8.571450
[setup reg-reg] merge821/Q -> merge835/RESET_B : -8.556945
[setup reg-reg] merge847/Q -> s905/D : -8.553575
[setup reg-reg] merge847/Q -> s907/D : -8.547958
[setup in-reg] in3 -> merge837/RESET_B : -8.534410
[setup reg-reg] merge821/Q -> merge797/D : -8.533257
[setup reg-reg] merge821/Q -> s921/D : -8.525136
[setup in-reg] in51 -> c331/RESET_B : -8.520514
[setup in-reg] in3 -> merge868/SET_B : -8.520209
[setup in-reg] in3 -> merge868/D : -8.501860
[setup in-reg] in51 -> merge802/SET_B : -8.495649
[setup in-reg] in3 -> c337/SCE : -8.485338
[setup reg-reg] merge821/Q -> merge873/D : -8.385463
[setup in-reg] in3 -> c290/D : -8.368703
[setup reg-reg] merge821/Q -> s918/D : -8.358211
[setup in-reg] in51 -> c101/D : -8.313516
[setup reg-reg] merge821/Q -> merge874/RESET_B : -8.296057
[setup in-reg] in3 -> c552/SCE : -8.284865
[setup in-reg] in3 -> merge821/RESET_B : -8.279683
[setup in-reg] in3 -> merge822/D : -8.182835
[setup reg-out] s923/Q -> out25 : -8.168429
[setup in-reg] in3 -> merge870/SET_B : -8.159986
[setup in-reg] in3 -> merge843/D : -8.139751
[setup in-reg] in3 -> c400/D : -8.138859
[setup in-reg] in3 -> merge863/D : -8.136820
[setup in-reg] in3 -> merge831/SCE : -8.091798
[setup in-reg] in51 -> c321/D : -8.085108
[setup in-reg] in51 -> c366/SCD : -8.082935
[setup in-reg] in3 -> s951/D : -8.073284
[setup in-reg] in51 -> merge862/RESET_B : -8.066484
[setup in-reg] in3 -> c320/D : -8.024920
[setup in-reg] in3 -> s935/D : -8.002738
[setup reg-reg] merge821/Q -> merge852/RESET_B : -7.936822
[setup in-reg] in3 -> s937/D : -7.932622
[setup in-reg] in3 -> c320/SCD : -7.925292
[setup in-reg] in3 -> merge819/D : -7.904186
[setup in-reg] in3 -> merge822/RESET_B : -7.881474
[setup in-reg] in3 -> merge874/D : -7.871730
[setup in-reg] in3 -> merge838/RESET_B : -7.795460
[setup reg-reg] s923/Q -> s967/D : -7.760712
[setup in-reg] in3 -> c583/SCD : -7.755561
[setup reg-reg] merge821/Q -> merge797/SET_B : -7.720812
[setup in-reg] in51 -> merge842/SET_B : -7.687655
[setup reg-reg] merge821/Q -> c447/RESET_B : -7.674515
[setup in-reg] in3 -> c320/RESET_B : -7.644063
[setup in-reg] in3 -> merge798/D : -7.624987
[setup in-reg] in3 -> s882/D : -7.603580
[setup reg-reg] merge821/Q -> merge850/RESET_B : -7.592766
[setup in-reg] in3 -> s960/D : -7.565574
[setup in-reg] in51 -> merge863/RESET_B : -7.564703
[setup in-out] in51 -> out35 : -7.549634
[setup in-reg] in51 -> merge841/SET_B : -7.544408
[setup in-reg] in3 -> c406/D : -7.501039
[setup in-reg] in3 -> merge873/RESET_B : -7.494816
[setup reg-reg] merge821/Q -> merge845/SET_B : -7.449787
[setup in-out] in51 -> out24 : -7.396352
[setup reg-reg] s923/Q -> c582/SET_B : -7.374801
[setup in-out] in51 -> out21 : -7.361773
[setup reg-reg] merge821/Q -> merge867/RESET_B : -7.328526
[setup in-reg] in3 -> s959/D : -7.312260
[setup in-reg] in3 -> s958/D : -7.309180
[setup reg-reg] s903/Q -> c366/SET_B : -7.308552
[setup in-reg] in3 -> merge869/D : -7.290185
[setup in-reg] in3 -> s946/D : -7.270911
[setup in-reg] in3 -> s899/GATE : -7.269011
[setup in-reg] in3 -> merge834/RESET_B : -7.256181
[setup in-reg] in3 -> s934/D : -7.209449
[setup in-reg] in3 -> c578/D : -7.202808
[setup in-reg] in3 -> c187/SCE : -7.202438
[setup in-reg] in3 -> s930/D : -7.132595
[setup in-reg] in3 -> c552/SCD : -7.130157
[setup in-reg] in3 -> c207/RESET_B : -7.008546
[setup in-reg] in3 -> s961/D : -6.990434
[setup in-reg] in51 -> merge846/RESET_B : -6.959520
[setup in-reg] in3 -> s939/D : -6.938182
[setup in-reg] in3 -> s954/D : -6.934323
[setup in-reg] in3 -> s950/D : -6.862196
[setup reg-reg] merge821/Q -> s969/D : -6.791405
[setup reg-reg] s955/Q -> c744/RESET_B : -6.781949
[setup in-reg] in51 -> c332/RESET_B : -6.779800
[setup in-reg] in3 -> merge835/D : -6.755545
[setup in-reg] in3 -> s949/GATE : -6.724670
[setup in-reg] in51 -> c331/D : -6.687915
[setup in-reg] in3 -> merge798/SET_B : -6.618992
[setup in-reg] in3 -> merge777/D : -6.583842
[setup in-reg] in3 -> merge870/D : -6.558334
[setup in-reg] in51 -> merge778/RESET_B : -6.526284
[setup in-reg] in3 -> c337/RESET_B : -6.522983
[setup in-reg] in3 -> merge831/GATE : -6.499162
[setup in-reg] in3 -> merge806/RESET_B : -6.488995
[setup in-reg] in3 -> c668/RESET_B : -6.478347
[setup in-reg] in3 -> c447/D : -6.456430
[setup in-reg] in3 -> merge801/SET_B : -6.432573
[setup in-reg] in3 -> merge877/RESET_B : -6.361663
[setup in-reg] in3 -> s955/D : -6.313906
[setup in-reg] in3 -> s938/D : -6.265289
[setup reg-out] s938/Q -> out18 : -6.218510
[setup in-out] in51 -> out42 : -6.138723
[setup in-reg] in51 -> c366/RESET_B : -6.103452
[setup in-reg] in3 -> s953/D : -6.063087
[setup in-reg] in3 -> c447/SCD : -6.032899
[setup in-reg] in3 -> merge866/RESET_B : -6.032458
[setup in-reg] in3 -> c578/RESET_B : -6.017087
[setup in-reg] in3 -> c668/RESET_B : -5.965231
[setup in-reg] in3 -> merge786/RESET_B : -5.880862
[setup reg-reg] merge827/Q -> c335/D : -5.868186
[setup in-reg] in3 -> merge792/RESET_B : -5.862145
[setup reg-reg] merge827/Q -> c321/SCD : -5.859446
[setup in-reg] in3 -> merge786/D : -5.795684
[setup in-out] in51 -> out31 : -5.681607
[setup in-reg] in3 -> merge809/RESET_B : -5.633101
[setup in-out] in51 -> out29 : -5.583839
[setup in-reg] in3 -> merge872/SET_B : -5.580731
[setup in-reg] in3 -> merge777/RESET_B : -5.506608
[setup reg-reg] s939/Q -> c566/SET_B : -5.325423
[setup reg-out] s890/Q -> out23 : -5.279291
[setup in-reg] in3 -> c566/D : -5.275942
[setup in-reg] in3 -> c552/D : -5.224281
[setup in-reg] in3 -> c744/D : -5.173354
[setup in-reg] in51 -> c101/RESET_B : -5.158529
[setup in-out] in51 -> out51 : -4.674845
[setup reg-reg] merge827/Q -> c582/SET_B : -4.651162
[setup in-reg] in3 -> c187/D : -4.606976
[setup reg-out] s891/Q -> out32 : -4.558445
[setup reg-out] merge852/Q -> out20 : -4.101915
[setup reg-out] s902/Q -> out33 : -4.084320
[setup reg-out] s905/Q -> out9 : -4.045186
[setup reg-out] merge851/Q -> out7 : -4.029806
[setup reg-reg] merge827/Q -> c553/D : -4.027574
[setup in-reg] in51 -> c335/SCD : -3.955251
[setup in-reg] in3 -> c173/SCE : -3.655140
[setup in-reg] in3 -> c406/SCE : -3.587845
[setup reg-reg] s936/Q_N -> c578/SET_B : -3.457624
[setup reg-reg] s971/Q -> c744/SET_B : -3.325546
[setup reg-reg] merge827/Q -> c297/RESET_B : -3.022468
[setup reg-reg] s940/Q -> c582/SCD : -2.634598
[setup in-reg] in51 -> c207/SCD : -2.118608
[setup in-reg] in3 -> c400/SCE : -2.103138
[setup in-reg] in3 -> c173/SET_B : -2.077443
[setup in-reg] in3 -> c187/SCD : -1.915497
[setup in-reg] in51 -> c109/RESET_B : -1.901894
[setup reg-reg] s936/Q -> c566/SCE : -1.761183
[setup reg-reg] merge823/Q -> c173/SCD : -1.598059
[setup in-reg] in3 -> c400/RESET_B : -1.051728
[setup reg-reg] merge843/Q -> c449/SCD : -1.021960
[setup reg-out] merge827/Q -> out30 : -0.886970
[setup reg-out] c331/Q -> out22 : -0.823310
[setup in-reg] in51 -> c207/SCE : -0.753087
[setup in-reg] in3 -> c583/D : -0.741242
[setup reg-reg] merge827/Q -> c447/SCE : -0.697964
[setup reg-reg] s971/Q -> c744/SET_B : -0.625573
[setup in-out] clk -> out43 : -0.377298
[setup in-out] clk -> out4 : -0.291801
[setup reg-reg] merge847/Q_N -> c320/SET_B : -0.215405
[setup in-out] clk -> out2 : -0.187510
[setup in-out] clk -> out37 : -0.109177
[setup reg-reg] merge812/Q_N -> c108/SET_B : -0.029349
