
===========================================================================
Violator List
============================================================================
[hold in-reg] in14 -> merge781/SET_B : -2.883343
[hold in-reg] in2 -> c472/RESET_B : -0.760301
[hold reg-reg] s866/Q -> c725/SET_B : -0.623748
[hold in-reg] in58 -> c360/RESET_B : -0.544660
[hold reg-reg] c360/Q -> c633/SET_B : -0.397720
[setup in-reg] in16 -> s831/D : -16.454994
[setup in-reg] in16 -> c741/D : -16.323366
[setup in-reg] in16 -> s826/D : -16.243883
[setup in-reg] in16 -> merge800/D : -16.229717
[setup in-reg] in5 -> merge807/D : -15.993979
[setup in-reg] in16 -> c364/SCE : -15.989207
[setup in-reg] in16 -> merge787/D : -15.977118
[setup in-reg] in16 -> s879/D : -15.878013
[setup in-reg] in16 -> merge801/D : -15.859343
[setup in-reg] in16 -> merge774/SCD : -15.636461
[setup in-reg] in16 -> c633/SCD : -15.466392
[setup in-reg] in16 -> c356/SCE : -15.426147
[setup in-reg] in16 -> c736/SCD : -15.408667
[setup in-reg] in16 -> merge787/RESET_B : -15.282538
[setup in-reg] in16 -> merge781/RESET_B : -15.202323
[setup in-reg] in16 -> s878/D : -15.080276
[setup in-reg] in16 -> c370/SCE : -15.078076
[setup in-reg] in16 -> s842/D : -14.902442
[setup in-reg] in16 -> s874/D : -14.874640
[setup in-reg] in16 -> c633/SET_B : -14.754404
[setup in-reg] in16 -> merge806/D : -14.597762
[setup in-reg] in16 -> s858/D : -14.573644
[setup in-reg] in16 -> c477/SCD : -14.480368
[setup in-reg] in16 -> c425/RESET_B : -14.456073
[setup in-reg] in16 -> merge776/D : -14.342072
[setup in-reg] in16 -> c483/RESET_B : -14.332128
[setup in-out] in16 -> out11 : -14.251439
[setup in-reg] in16 -> c486/D : -13.910456
[setup in-reg] in16 -> s830/D : -13.829015
[setup in-reg] in16 -> c337/D : -13.717066
[setup in-reg] in16 -> c370/RESET_B : -13.696114
[setup in-reg] in16 -> c712/D : -13.631951
[setup in-out] in16 -> out35 : -13.611442
[setup in-reg] in16 -> c364/SCD : -13.586917
[setup in-reg] in16 -> c370/D : -13.584032
[setup in-reg] in21 -> s846/D : -13.575046
[setup in-reg] in16 -> c486/RESET_B : -13.565518
[setup in-reg] in21 -> merge805/D : -13.509326
[setup in-out] in16 -> out14 : -13.454325
[setup in-reg] in16 -> c356/D : -13.139527
[setup in-reg] in16 -> c366/RESET_B : -13.119127
[setup in-reg] in16 -> merge812/SCE : -13.067362
[setup in-reg] in21 -> s847/D : -12.988885
[setup in-reg] in16 -> c599/SCD : -12.945052
[setup in-reg] in16 -> c472/D : -12.936680
[setup in-reg] in21 -> merge815/D : -12.851356
[setup in-reg] in16 -> merge774/D : -12.847704
[setup in-reg] in16 -> c477/SCE : -12.831635
[setup in-reg] in16 -> merge776/SCE : -12.819190
[setup in-reg] in16 -> merge801/RESET_B : -12.817520
[setup in-reg] in21 -> s863/D : -12.811440
[setup in-reg] in16 -> c472/SCD : -12.750485
[setup in-reg] in16 -> c633/SET_B : -12.657297
[setup in-reg] in16 -> merge796/D : -12.580781
[setup in-reg] in21 -> merge805/RESET_B : -12.555800
[setup in-reg] in16 -> merge781/SCE : -12.542971
[setup in-reg] in16 -> s886/GATE : -12.414029
[setup in-reg] in5 -> merge807/RESET_B : -12.343440
[setup in-reg] in16 -> s881/D : -12.299029
[setup in-reg] in21 -> merge815/RESET_B : -12.217766
[setup in-reg] in16 -> c337/RESET_B : -12.148048
[setup in-reg] in16 -> s869/GATE : -12.103665
[setup in-reg] in16 -> s853/GATE : -12.089578
[setup in-reg] in16 -> s867/D : -12.080738
[setup in-reg] in16 -> merge776/SET_B : -12.044409
[setup in-reg] in16 -> s883/D : -12.005225
[setup in-reg] in21 -> c562/SCE : -11.960391
[setup in-reg] in16 -> s857/D : -11.939012
[setup in-out] in16 -> out3 : -11.931419
[setup in-out] in16 -> out38 : -11.888612
[setup in-reg] in28 -> c262/RESET_B : -11.877980
[setup in-reg] in16 -> s829/D : -11.859761
[setup in-reg] in16 -> s877/D : -11.854549
[setup in-reg] in16 -> c738/SCD : -11.839675
[setup in-reg] in16 -> s835/D : -11.824969
[setup in-reg] in16 -> s854/GATE : -11.820650
[setup in-reg] in16 -> s885/GATE : -11.796672
[setup in-reg] in21 -> c483/SCE : -11.760847
[setup in-reg] in21 -> merge774/SCE : -11.742928
[setup in-reg] in16 -> s827/D : -11.718905
[setup in-reg] in16 -> s880/D : -11.697460
[setup in-reg] in16 -> s860/D : -11.648078
[setup in-reg] in16 -> merge794/D : -11.624986
[setup in-out] in28 -> out45 : -11.620616
[setup in-reg] in16 -> s848/D : -11.620294
[setup in-reg] in5 -> merge766/D : -11.599878
[setup in-reg] in16 -> merge767/SCE : -11.586816
[setup in-reg] in16 -> s882/D : -11.561979
[setup in-reg] in21 -> c725/RESET_B : -11.508845
[setup in-reg] in5 -> merge802/D : -11.507513
[setup in-reg] in21 -> s862/D : -11.503693
[setup in-reg] in16 -> s859/D : -11.486985
[setup in-reg] in16 -> merge798/RESET_B : -11.445989
[setup in-out] in28 -> out30 : -11.430359
[setup in-reg] in16 -> s852/D : -11.405061
[setup in-reg] in16 -> s871/GATE : -11.373928
[setup in-reg] in16 -> c714/DE : -11.365024
[setup in-reg] in16 -> s851/D : -11.351393
[setup in-reg] in16 -> s855/GATE : -11.341775
[setup in-out] in21 -> out2 : -11.331923
[setup in-reg] in16 -> s872/D : -11.269191
[setup in-reg] in16 -> c425/SCD : -11.258875
[setup in-reg] in16 -> s840/D : -11.256809
[setup in-reg] in16 -> merge767/SCD : -11.225754
[setup in-reg] in16 -> s834/D : -11.211079
[setup in-reg] in16 -> merge795/D : -11.205110
[setup in-reg] in21 -> c741/SCE : -11.194995
[setup in-reg] in16 -> c479/SCD : -11.140148
[setup in-reg] in16 -> s856/D : -11.120285
[setup in-reg] in16 -> c491/D : -11.095141
[setup in-reg] in21 -> c477/RESET_B : -11.079461
[setup in-reg] in16 -> s876/D : -11.059783
[setup in-reg] in16 -> merge785/D : -11.057393
[setup in-reg] in16 -> s838/GATE : -11.018080
[setup in-reg] in16 -> c481/SCD : -11.007797
[setup in-reg] in16 -> s839/GATE : -11.007622
[setup in-reg] in16 -> s865/D : -10.992107
[setup in-reg] in16 -> merge798/D : -10.951688
[setup in-out] in21 -> out17 : -10.887931
[setup in-reg] in16 -> s837/GATE : -10.886612
[setup in-reg] in16 -> s836/D : -10.885338
[setup in-reg] in16 -> s819/D : -10.877596
[setup in-reg] in5 -> merge777/D : -10.859639
[setup in-reg] in16 -> s820/D : -10.851892
[setup in-out] in28 -> out34 : -10.741158
[setup in-reg] in16 -> merge814/D : -10.725685
[setup in-reg] in16 -> c633/RESET_B : -10.620366
[setup in-reg] in16 -> s822/GATE : -10.603289
[setup in-reg] in16 -> s845/D : -10.470760
[setup in-reg] in16 -> c608/SCE : -10.467475
[setup in-reg] in16 -> s844/D : -10.447765
[setup in-reg] in16 -> s850/D : -10.447716
[setup in-reg] in16 -> c346/SCD : -10.431749
[setup in-reg] in16 -> merge803/D : -10.425854
[setup in-reg] in16 -> s817/D : -10.399765
[setup in-reg] in16 -> merge812/GATE : -10.389931
[setup in-reg] in16 -> c618/SCE : -10.384665
[setup in-reg] in5 -> merge766/DE : -10.378294
[setup in-reg] in21 -> c740/RESET_B : -10.365985
[setup in-out] in28 -> out47 : -10.320747
[setup in-reg] in16 -> c487/SCE : -10.287122
[setup in-reg] in21 -> merge804/D : -10.277339
[setup in-reg] in16 -> c618/SCD : -10.246206
[setup in-reg] in21 -> merge800/RESET_B : -10.237620
[setup in-reg] in21 -> s868/D : -10.218382
[setup in-reg] in16 -> c740/D : -10.215445
[setup in-reg] in16 -> merge799/D : -10.214575
[setup in-reg] in21 -> s864/D : -10.172205
[setup in-out] in5 -> out15 : -10.147728
[setup in-reg] in16 -> merge794/SET_B : -10.145230
[setup in-reg] in16 -> s825/D : -10.138101
[setup in-out] in28 -> out57 : -10.131460
[setup in-reg] in16 -> c360/RESET_B : -10.127099
[setup in-reg] in16 -> c716/D : -10.068060
[setup in-reg] in16 -> s884/D : -10.040986
[setup in-reg] in16 -> s870/GATE : -9.955211
[setup in-reg] in16 -> s818/D : -9.951471
[setup in-reg] in16 -> s828/D : -9.941907
[setup in-reg] in16 -> s824/D : -9.923920
[setup in-reg] in16 -> merge767/D : -9.911735
[setup in-reg] in16 -> c360/SCD : -9.895611
[setup in-reg] in21 -> c736/RESET_B : -9.836838
[setup in-reg] in16 -> merge790/RESET_B : -9.823377
[setup in-reg] in16 -> s821/GATE : -9.788509
[setup in-reg] in16 -> c360/SET_B : -9.767937
[setup in-reg] in16 -> merge803/RESET_B : -9.763418
[setup in-reg] in16 -> merge811/GATE : -9.653674
[setup in-reg] in21 -> s861/D : -9.527232
[setup in-reg] in21 -> merge797/D : -9.522639
[setup in-reg] in16 -> s833/D : -9.518935
[setup in-reg] in16 -> merge809/D : -9.462306
[setup in-reg] in21 -> s843/D : -9.435243
[setup in-reg] in16 -> merge793/D : -9.394767
[setup in-reg] in16 -> merge792/D : -9.361884
[setup in-reg] in16 -> c493/SCD : -9.336942
[setup in-reg] in16 -> s841/D : -9.259785
[setup in-reg] in16 -> c361/SCD : -9.210745
[setup in-reg] in21 -> merge813/D : -9.209999
[setup in-reg] in16 -> merge796/SET_B : -9.192832
[setup in-reg] in16 -> merge777/SCD : -9.184345
[setup in-reg] in16 -> s832/D : -9.179116
[setup in-reg] in21 -> s873/D : -9.139112
[setup in-reg] in16 -> merge797/SET_B : -9.136116
[setup in-reg] in16 -> c708/D : -9.113732
[setup in-reg] in16 -> c368/SCD : -9.092518
[setup in-reg] in16 -> c486/SCD : -8.939789
[setup in-reg] in28 -> s823/GATE : -8.868212
[setup in-reg] in16 -> merge785/RESET_B : -8.839229
[setup in-out] in16 -> out52 : -8.790904
[setup in-reg] in16 -> merge809/DE : -8.780057
[setup in-reg] in5 -> c250/D : -8.779543
[setup in-reg] in21 -> merge786/D : -8.764227
[setup in-reg] in21 -> merge786/RESET_B : -8.660093
[setup in-reg] in16 -> c568/D : -8.658814
[setup in-reg] in21 -> s849/D : -8.648188
[setup in-reg] in16 -> c346/D : -8.535242
[setup in-reg] in16 -> merge811/SCE : -8.534452
[setup in-reg] in16 -> merge810/SCE : -8.520723
[setup in-reg] in21 -> merge810/GATE : -8.503489
[setup in-reg] in5 -> s816/D : -8.471452
[setup in-reg] in16 -> merge770/SCD : -8.437803
[setup in-reg] in16 -> c361/D : -8.406355
[setup in-reg] in28 -> merge814/RESET_B : -8.335920
[setup in-out] in28 -> out50 : -8.330252
[setup in-out] in16 -> out13 : -8.328149
[setup in-reg] in28 -> c262/D : -8.320568
[setup in-reg] in16 -> merge793/SET_B : -8.215220
[setup in-reg] in21 -> merge781/SCD : -8.127487
[setup in-out] in16 -> out16 : -8.124264
[setup in-reg] in16 -> c491/SET_B : -8.111676
[setup in-reg] in16 -> c618/D : -7.933068
[setup in-reg] in16 -> s875/D : -7.926476
[setup in-reg] in16 -> c357/RESET_B : -7.886779
[setup in-out] in16 -> out55 : -7.833725
[setup in-reg] in21 -> c608/SCD : -7.799870
[setup in-reg] in16 -> merge804/RESET_B : -7.795962
[setup in-reg] in28 -> c253/D : -7.732020
[setup in-reg] in16 -> c481/D : -7.700044
[setup in-reg] in16 -> merge808/D : -7.640315
[setup in-reg] in28 -> merge802/RESET_B : -7.610729
[setup in-reg] in16 -> c452/RESET_B : -7.577992
[setup in-out] in28 -> out23 : -7.543536
[setup in-reg] in16 -> merge813/RESET_B : -7.496546
[setup in-reg] in21 -> merge781/D : -7.368414
[setup in-out] in28 -> out12 : -7.345050
[setup in-reg] in21 -> c481/SCE : -7.220893
[setup in-reg] in28 -> merge766/SCD : -7.096724
[setup in-reg] in21 -> merge789/D : -7.085855
[setup in-reg] in21 -> merge770/RESET_B : -7.020801
[setup in-reg] in16 -> c608/D : -6.891910
[setup in-reg] in21 -> s866/D : -6.831129
[setup in-reg] in16 -> c487/SET_B : -6.709371
[setup in-reg] in21 -> c608/SET_B : -6.640557
[setup in-out] in28 -> out54 : -6.623423
[setup in-reg] in21 -> c479/SET_B : -6.554614
[setup in-reg] in16 -> merge792/RESET_B : -6.077985
[setup in-reg] in21 -> c568/SCD : -6.030075
[setup in-reg] in16 -> c633/D : -5.842457
[setup in-reg] in21 -> c712/SCE : -5.631665
[setup in-reg] in16 -> c479/SCE : -5.507986
[setup in-out] in21 -> out1 : -5.351794
[setup in-reg] in21 -> merge789/RESET_B : -5.190904
[setup in-reg] in16 -> c346/RESET_B : -5.152202
[setup in-out] in28 -> out20 : -5.145042
[setup in-reg] in28 -> c599/RESET_B : -5.091891
[setup reg-out] s829/Q -> out39 : -4.942201
[setup in-reg] in16 -> c477/D : -4.668599
[setup reg-out] s829/Q -> out21 : -4.569776
[setup in-reg] in21 -> c736/SCE : -4.499010
[setup in-reg] in28 -> c253/SCE : -4.421422
[setup in-reg] in16 -> c568/SCE : -4.280870
[setup in-reg] in16 -> c360/RESET_B : -4.243836
[setup in-out] in28 -> out25 : -4.181143
[setup in-reg] in21 -> c714/SCD : -4.121875
[setup in-reg] in28 -> merge774/RESET_B : -4.112247
[setup in-reg] in16 -> c361/SCE : -4.083093
[setup in-reg] in21 -> c712/RESET_B : -4.063865
[setup in-reg] in28 -> c472/SCE : -3.884794
[setup reg-out] s828/Q -> out36 : -3.824703
[setup reg-out] s829/Q -> out33 : -3.797749
[setup reg-reg] s825/Q -> c360/SCE : -3.764838
[setup reg-out] s827/Q -> out41 : -3.738739
[setup in-reg] in21 -> c599/SET_B : -3.738352
[setup reg-reg] s825/Q -> c357/D : -3.603870
[setup in-reg] in28 -> c337/SCD : -3.521356
[setup reg-out] merge776/Q -> out51 : -3.433454
[setup in-out] in21 -> out29 : -2.938318
[setup reg-reg] s825/Q -> c357/SCD : -2.465219
[setup in-reg] in16 -> c740/SCE : -2.461414
[setup in-reg] in16 -> c425/D : -2.401507
[setup in-reg] in16 -> c562/RESET_B : -2.360383
[setup in-out] clk -> out44 : -2.233216
[setup in-reg] in16 -> c356/RESET_B : -1.988076
[setup in-out] in28 -> out31 : -1.945714
[setup in-reg] in21 -> c738/D : -1.908855
[setup reg-reg] c477/Q_N -> c483/SET_B : -1.883919
[setup in-reg] in21 -> c472/RESET_B : -1.825188
[setup reg-reg] s861/Q -> c716/RESET_B : -1.695156
[setup reg-reg] s824/Q_N -> c452/SCE : -1.618766
[setup reg-reg] merge801/Q_N -> c366/D : -1.390427
[setup reg-reg] s861/Q -> c708/SCE : -1.385995
[setup in-reg] in16 -> c452/SCD : -1.269063
[setup reg-reg] merge776/Q -> merge777/SCE : -1.231236
[setup in-out] clk -> out53 : -1.147888
[setup reg-reg] merge803/Q -> c708/SCD : -1.087548
[setup in-reg] in16 -> c493/SCE : -1.049223
[setup in-out] clk -> out19 : -1.046193
[setup in-reg] in34 -> c740/SCD : -0.992856
[setup reg-out] merge774/Q -> out8 : -0.925938
[setup in-reg] in28 -> c253/SCD : -0.890537
[setup reg-reg] merge770/Q -> c738/RESET_B : -0.817129
[setup reg-reg] s826/Q_N -> c337/SET_B : -0.706233
[setup in-reg] in21 -> merge770/D : -0.668537
[setup reg-out] c370/Q -> out10 : -0.653730
[setup reg-reg] merge809/Q -> c366/SCE : -0.629835
[setup reg-reg] merge809/Q -> c633/SCE : -0.623725
[setup in-reg] in21 -> c562/D : -0.622879
[setup reg-out] c356/Q -> out58 : -0.546200
[setup reg-out] merge774/Q_N -> out32 : -0.544104
[setup reg-reg] s828/Q -> c368/SET_B : -0.538031
[setup reg-out] c486/Q -> out42 : -0.494366
[setup reg-reg] merge799/Q_N -> merge770/SET_B : -0.421948
[setup reg-out] merge787/Q -> out43 : -0.415890
[setup in-out] in16 -> out40 : -0.370256
[setup reg-reg] s841/Q_N -> c618/SET_B : -0.364811
[setup in-reg] in21 -> c472/RESET_B : -0.361985
[setup reg-out] s826/Q -> out7 : -0.228604
[setup in-reg] in5 -> c493/D : -0.176056
[setup reg-out] c262/Q -> out59 : -0.088832
