
===========================================================================
Violator List
============================================================================
[hold reg-reg] c699/Q -> c702/RESET_B : -0.060363
[hold reg-reg] c568/Q -> merge761/RESET_B : -0.059368
[setup in-reg] in0 -> c716/SET_B : -5.556717
[setup reg-reg] c702/Q_N -> c708/SET_B : -4.968564
[setup in-reg] in0 -> c714/SET_B : -4.677859
[setup in-reg] in0 -> s825/D : -2.511306
[setup in-reg] in0 -> s808/D : -2.422642
[setup in-reg] in0 -> c350/SCE : -2.337631
[setup in-reg] in0 -> s824/D : -2.235229
[setup in-reg] in0 -> s809/D : -2.168700
[setup in-reg] in0 -> c462/RESET_B : -2.133137
[setup in-reg] in0 -> merge759/SCD : -2.129469
[setup in-reg] in0 -> merge764/SCD : -2.097317
[setup reg-out] s821/Q -> out4 : -2.077815
[setup in-reg] in0 -> c714/SCE : -1.922113
[setup in-reg] in0 -> c745/D : -1.904000
[setup in-reg] in0 -> c714/RESET_B : -1.887885
[setup in-reg] in0 -> merge761/SCD : -1.823900
[setup in-reg] in0 -> c614/D : -1.818192
[setup in-reg] in0 -> c605/RESET_B : -1.795458
[setup in-reg] in0 -> s820/D : -1.769410
[setup in-reg] in0 -> c605/SCD : -1.758481
[setup in-reg] in0 -> c411/SCE : -1.727502
[setup in-reg] in0 -> c439/D : -1.690813
[setup reg-reg] s820/Q_N -> c568/SCE : -1.667935
[setup in-reg] in0 -> c714/D : -1.626378
[setup in-reg] in0 -> s804/D : -1.613514
[setup in-reg] in0 -> merge761/D : -1.606539
[setup in-reg] in0 -> c307/SCD : -1.566805
[setup in-reg] in0 -> c743/RESET_B : -1.514128
[setup in-reg] in0 -> c439/SCE : -1.493898
[setup in-reg] in21 -> c239/SCD : -1.475251
[setup in-reg] in0 -> merge773/SET_B : -1.433499
[setup reg-reg] s803/Q -> s815/GATE : -1.396424
[setup in-reg] in21 -> c359/D : -1.360632
[setup in-reg] in0 -> c578/SCD : -1.347416
[setup in-reg] in0 -> c478/SCE : -1.339982
[setup in-reg] in0 -> merge773/D : -1.328793
[setup in-reg] in0 -> merge773/SCD : -1.319515
[setup in-reg] in0 -> merge780/SCD : -1.316017
[setup in-reg] in0 -> c568/SET_B : -1.311331
[setup in-reg] in0 -> merge764/SET_B : -1.303138
[setup in-reg] in0 -> c239/D : -1.258006
[setup in-reg] in0 -> merge764/RESET_B : -1.257230
[setup in-reg] in21 -> c251/D : -1.241107
[setup in-reg] in0 -> c483/SCD : -1.230628
[setup reg-out] s802/Q -> out14 : -1.211640
[setup in-reg] in0 -> c702/D : -1.192358
[setup in-reg] in61 -> c257/D : -1.188677
[setup in-reg] in0 -> c363/RESET_B : -1.168242
[setup in-reg] in0 -> merge761/RESET_B : -1.144014
[setup reg-reg] s803/Q_N -> s821/D : -1.140536
[setup in-reg] in21 -> c632/SET_B : -1.116508
[setup reg-reg] s804/Q -> c708/RESET_B : -1.104672
[setup in-reg] in0 -> c702/SET_B : -1.099697
[setup in-reg] in0 -> c578/SCE : -1.070823
[setup reg-reg] s803/Q -> c637/DE : -1.070651
[setup reg-reg] s803/Q -> c630/DE : -1.070120
[setup reg-reg] s804/Q -> c615/RESET_B : -1.068523
[setup reg-reg] s820/Q_N -> c605/SCE : -1.058498
[setup in-reg] in0 -> c463/RESET_B : -1.023984
[setup in-reg] in0 -> c615/SCE : -1.023811
[setup in-reg] in61 -> c257/SCE : -1.017889
[setup in-reg] in0 -> c483/D : -1.005016
[setup reg-reg] s803/Q_N -> s814/D : -0.994143
[setup in-reg] in0 -> c411/SCD : -0.987578
[setup in-reg] in0 -> c411/SET_B : -0.972372
[setup reg-reg] s803/Q -> c629/SCE : -0.930573
[setup reg-reg] merge772/Q -> c615/SET_B : -0.903185
[setup reg-reg] s820/Q_N -> c307/SCE : -0.893501
[setup in-reg] in61 -> merge767/D : -0.884057
[setup in-reg] in0 -> c563/RESET_B : -0.881998
[setup in-reg] in0 -> c363/SET_B : -0.851156
[setup in-reg] in21 -> merge759/RESET_B : -0.837104
[setup reg-out] s802/Q -> out5 : -0.824726
[setup reg-reg] s803/Q -> c628/SCD : -0.820235
[setup in-reg] in0 -> merge759/SCE : -0.819428
[setup in-reg] in0 -> c708/D : -0.785911
[setup reg-reg] s820/Q_N -> c439/RESET_B : -0.784247
[setup reg-reg] s821/Q -> c629/SCD : -0.763397
[setup in-reg] in61 -> c251/SCD : -0.742992
[setup reg-reg] s820/Q_N -> c307/D : -0.741790
[setup reg-out] s802/Q -> out13 : -0.707149
[setup in-reg] in0 -> c350/SET_B : -0.703181
[setup in-reg] in61 -> merge780/D : -0.678990
[setup reg-reg] s803/Q -> c500/SCD : -0.633958
[setup reg-reg] s821/Q -> c633/D : -0.601443
[setup in-reg] in0 -> c462/D : -0.600432
[setup reg-out] merge780/Q -> out38 : -0.577323
[setup reg-reg] s804/Q_N -> c614/RESET_B : -0.567405
[setup in-reg] in61 -> merge780/RESET_B : -0.558603
[setup in-reg] in21 -> c478/SCD : -0.554529
[setup reg-reg] s818/Q -> s819/D : -0.481107
[setup reg-reg] c699/Q -> c702/RESET_B : -0.476867
[setup reg-out] s802/Q -> out7 : -0.435200
[setup in-reg] in0 -> c714/SET_B : -0.423287
[setup in-reg] in61 -> c257/SET_B : -0.417753
[setup in-reg] in21 -> c350/D : -0.391547
[setup reg-out] merge780/Q -> out59 : -0.324403
[setup in-reg] in0 -> c307/SET_B : -0.219400
[setup in-reg] in61 -> merge759/SET_B : -0.201909
[setup in-reg] in21 -> c462/SET_B : -0.126145
[setup in-reg] in21 -> c251/SCE : -0.107760
[setup in-reg] in0 -> c563/D : -0.041813
[setup in-reg] in61 -> merge767/RESET_B : -0.005869
[setup reg-reg] s802/Q -> s803/D : 0.000000
[setup reg-reg] s802/Q -> s818/D : 0.000000
[setup reg-reg] s802/Q -> s806/D : 0.000000
[setup in-reg] in0 -> s823/D : 0.000000
[setup in-reg] clk -> s822/D : 0.000000
[setup in-reg] in0 -> s805/D : 0.000000
[setup in-reg] in0 -> s807/D : 0.000000
[setup reg-reg] c411/Q_N -> s802/D : 0.000000
