[WARNING ORD-0039] .openroad ignored with -python
Unannotated report:
['report_parasitic_annotation -report_unannotated\n',
 '============================================================================\n',
 'Found 28 unannotated drivers.\n',
 ' rst\n',
 ' c129/Q_N\n',
 ' c199/Q_N\n',
 ' c260/Q_N\n',
 ' c413/Q_N\n',
 ' c439/Q_N\n',
 ' c471/Q_N\n',
 ' c582/Q_N\n',
 ' c587/Q_N\n',
 ' c602/Q_N\n',
 ' c603/Q_N\n',
 ' c625/Q_N\n',
 ' c628/Q_N\n',
 ' c632/Q_N\n',
 ' c665/Q_N\n',
 ' c694/Q_N\n',
 ' c707/Q_N\n',
 ' c710/Q_N\n',
 ' c712/Q_N\n',
 ' c714/Q_N\n',
 ' c745/Q_N\n',
 ' c754/Q_N\n',
 ' c755/Q_N\n',
 ' c756/X\n',
 ' s790/Q_N\n',
 ' s792/Q_N\n',
 ' s798/Q_N\n',
 ' s799/Q_N\n',
 'Found 0 partially unannotated drivers.\n',
 '\n']
Reported nets:
['rst',
 'c129/Q_N',
 'c199/Q_N',
 'c260/Q_N',
 'c413/Q_N',
 'c439/Q_N',
 'c471/Q_N',
 'c582/Q_N',
 'c587/Q_N',
 'c602/Q_N',
 'c603/Q_N',
 'c625/Q_N',
 'c628/Q_N',
 'c632/Q_N',
 'c665/Q_N',
 'c694/Q_N',
 'c707/Q_N',
 'c710/Q_N',
 'c712/Q_N',
 'c714/Q_N',
 'c745/Q_N',
 'c754/Q_N',
 'c755/Q_N',
 'c756/X',
 's790/Q_N',
 's792/Q_N',
 's798/Q_N',
 's799/Q_N']
Filtered nets:
[]
done
