
===========================================================================
Violator List
============================================================================
[hold reg-reg] s756/Q -> c473/RESET_B : -5.466083
[hold in-reg] clk -> c607/SET_B : -5.184891
[hold reg-reg] c640/Q -> c698/SET_B : -3.903482
[hold reg-reg] c473/Q -> c474/RESET_B : -3.297010
[hold reg-reg] c149/Q_N -> c710/SET_B : -2.952827
[hold in-reg] in7 -> c686/SET_B : -2.783673
[hold reg-reg] c423/Q_N -> c561/SET_B : -2.552626
[hold reg-reg] c473/Q_N -> c476/RESET_B : -1.436033
[hold reg-reg] c548/Q -> c554/SET_B : -1.375120
[hold reg-reg] s807/Q -> c582/SET_B : -1.166534
[hold reg-reg] s804/Q -> c682/SET_B : -0.892299
[hold reg-reg] s807/Q -> c593/SET_B : -0.871725
[hold reg-reg] s799/Q_N -> c703/SET_B : -0.661653
[hold reg-reg] c527/Q -> c562/RESET_B : -0.479198
[hold in-reg] in22 -> c303/RESET_B : -0.185338
[hold reg-reg] s813/Q -> c680/SET_B : -0.069975
[setup in-reg] in1 -> s820/D : -13.062757
[setup in-reg] in1 -> s756/D : -12.806492
[setup in-reg] in1 -> c607/RESET_B : -12.353591
[setup in-reg] in20 -> s831/D : -12.235272
[setup in-reg] in1 -> c157/SCD : -12.167922
[setup in-reg] in1 -> s803/D : -11.962646
[setup in-reg] in1 -> c711/SCE : -11.958503
[setup in-reg] in1 -> s788/D : -11.744147
[setup in-reg] in20 -> c476/D : -11.617350
[setup in-reg] in1 -> c465/SCD : -11.252954
[setup in-reg] in1 -> c557/D : -11.225234
[setup in-reg] in1 -> c252/RESET_B : -10.978792
[setup in-reg] in1 -> c252/D : -10.819144
[setup in-reg] in1 -> s819/D : -10.772216
[setup in-reg] in1 -> s799/D : -10.744660
[setup in-reg] in1 -> s815/D : -10.583925
[setup in-reg] in20 -> s771/D : -10.552286
[setup in-reg] in1 -> c607/D : -10.515434
[setup in-reg] in1 -> c698/RESET_B : -10.498425
[setup in-reg] in20 -> s751/D : -10.492738
[setup in-reg] in1 -> c350/D : -10.487687
[setup in-reg] in1 -> s772/D : -10.381032
[setup in-reg] in1 -> c711/SCD : -10.230351
[setup in-reg] in1 -> c607/SCE : -10.221425
[setup in-out] in1 -> out38 : -10.196724
[setup in-reg] in20 -> c341/SCE : -10.191613
[setup in-reg] in1 -> c341/SCD : -10.154834
[setup in-reg] in1 -> c232/SCE : -10.140821
[setup in-reg] in1 -> c681/SCE : -9.946527
[setup in-reg] in1 -> c604/SCD : -9.906618
[setup in-reg] in1 -> c675/SCD : -9.814136
[setup in-reg] in1 -> c710/RESET_B : -9.749314
[setup in-reg] in1 -> c521/SET_B : -9.693194
[setup in-reg] in20 -> s755/D : -9.598000
[setup in-reg] in1 -> s758/D : -9.513641
[setup in-reg] in1 -> c561/D : -9.481075
[setup in-reg] in1 -> c474/D : -9.478548
[setup in-reg] in1 -> c343/RESET_B : -9.478429
[setup in-out] in1 -> out29 : -9.359154
[setup in-reg] in20 -> c474/SET_B : -9.305443
[setup in-reg] in20 -> c473/SET_B : -9.296807
[setup reg-reg] s756/Q -> c593/D : -9.291986
[setup in-reg] in20 -> c343/D : -9.232966
[setup in-reg] in1 -> c349/SET_B : -9.211047
[setup in-reg] in1 -> c607/RESET_B : -9.124648
[setup in-reg] in1 -> c202/RESET_B : -9.122976
[setup in-reg] in20 -> c120/SCE : -9.062598
[setup in-reg] in20 -> c114/D : -9.056755
[setup in-reg] in1 -> c561/SCD : -9.007304
[setup in-reg] in20 -> c100/D : -8.950891
[setup in-reg] in1 -> s745/D : -8.893023
[setup in-reg] in1 -> c593/SCE : -8.869725
[setup in-out] in1 -> out21 : -8.830368
[setup in-reg] in1 -> c350/SCE : -8.815944
[setup in-reg] in1 -> s767/D : -8.807340
[setup in-reg] in20 -> c240/D : -8.798908
[setup in-reg] in1 -> c710/SET_B : -8.778003
[setup in-out] in20 -> out51 : -8.777697
[setup in-reg] in20 -> c350/SCD : -8.776662
[setup in-reg] in1 -> c281/SCE : -8.655515
[setup in-reg] in20 -> s770/D : -8.633101
[setup reg-out] c157/Q -> out18 : -8.606418
[setup in-reg] in20 -> c94/D : -8.596985
[setup in-reg] in20 -> c116/D : -8.594417
[setup in-reg] in1 -> c710/SET_B : -8.581957
[setup in-reg] in20 -> c114/SCE : -8.573425
[setup in-reg] in1 -> c202/SCE : -8.560904
[setup in-reg] in20 -> c111/D : -8.523382
[setup in-out] in20 -> out60 : -8.503876
[setup in-out] in1 -> out22 : -8.462703
[setup in-reg] in1 -> s786/D : -8.376635
[setup in-reg] in20 -> c94/SCD : -8.372617
[setup reg-reg] s802/Q -> c562/RESET_B : -8.356770
[setup in-reg] in1 -> s821/D : -8.333632
[setup in-reg] in20 -> s769/D : -8.333041
[setup in-reg] in20 -> c100/SCD : -8.302071
[setup in-reg] in1 -> c561/RESET_B : -8.293801
[setup in-reg] in1 -> c582/RESET_B : -8.273558
[setup in-reg] in1 -> c703/SET_B : -8.265390
[setup in-reg] in20 -> c120/SCD : -8.257935
[setup in-reg] in20 -> s830/D : -8.256896
[setup in-reg] in1 -> s765/D : -8.256024
[setup in-reg] in20 -> s828/GATE : -8.255115
[setup in-out] in1 -> out0 : -8.221727
[setup in-reg] in1 -> c599/D : -8.210741
[setup in-reg] in1 -> c473/RESET_B : -8.183593
[setup in-reg] in20 -> c100/RESET_B : -8.181868
[setup in-reg] in1 -> s766/D : -8.169238
[setup in-reg] in1 -> s798/D : -8.155104
[setup in-reg] in1 -> c582/D : -8.150335
[setup in-reg] in1 -> c149/D : -8.145408
[setup in-reg] in1 -> s760/D : -8.142194
[setup in-reg] in1 -> c280/D : -8.131871
[setup in-reg] in1 -> s757/D : -8.108633
[setup in-reg] in20 -> c243/SET_B : -8.040798
[setup in-reg] in1 -> c593/RESET_B : -8.028991
[setup in-reg] in1 -> c148/SCD : -8.026949
[setup in-reg] in1 -> c682/D : -8.024098
[setup in-reg] in20 -> s827/GATE : -8.014659
[setup in-reg] in1 -> c426/D : -8.009780
[setup in-reg] in1 -> s782/D : -7.992791
[setup in-reg] in20 -> s826/GATE : -7.931316
[setup in-reg] in20 -> s832/D : -7.891204
[setup in-reg] in1 -> s806/D : -7.827561
[setup in-reg] in1 -> s807/D : -7.780169
[setup in-reg] in20 -> c607/SCD : -7.760157
[setup in-reg] in1 -> s780/GATE : -7.749308
[setup in-reg] in20 -> c116/SET_B : -7.747017
[setup in-reg] in20 -> c111/SET_B : -7.746283
[setup in-reg] in1 -> c557/SCD : -7.739271
[setup in-reg] in1 -> c668/D : -7.664090
[setup in-reg] in20 -> s824/D : -7.631659
[setup in-reg] in1 -> c423/DE : -7.622341
[setup reg-out] c157/Q -> out33 : -7.591769
[setup reg-out] c157/Q -> out61 : -7.589742
[setup in-out] in20 -> out52 : -7.586652
[setup in-reg] in20 -> c454/SCE : -7.568230
[setup in-reg] in1 -> c254/D : -7.536632
[setup in-out] in20 -> out58 : -7.534440
[setup in-reg] in1 -> s804/D : -7.497983
[setup in-reg] in1 -> s787/D : -7.495921
[setup in-reg] in1 -> c554/SCD : -7.462559
[setup in-reg] in1 -> c703/D : -7.454775
[setup in-reg] in20 -> c232/RESET_B : -7.452537
[setup in-reg] in1 -> s762/GATE : -7.411186
[setup reg-reg] s802/Q -> c554/SET_B : -7.407677
[setup in-reg] in1 -> c431/SCE : -7.402038
[setup reg-reg] s770/Q -> c468/SET_B : -7.401047
[setup in-reg] in1 -> s812/GATE : -7.343898
[setup in-reg] in1 -> s783/D : -7.261396
[setup in-reg] in1 -> s763/GATE : -7.239280
[setup reg-out] c157/Q -> out28 : -7.225722
[setup in-reg] in20 -> c94/SET_B : -7.224318
[setup in-reg] in1 -> c557/SCE : -7.215544
[setup in-out] in1 -> out10 : -7.179845
[setup in-reg] in1 -> c640/D : -7.178380
[setup in-reg] in20 -> s829/D : -7.171105
[setup in-reg] in1 -> c378/D : -7.170083
[setup in-reg] in1 -> c711/D : -7.125945
[setup in-reg] in1 -> c543/D : -7.125760
[setup in-reg] in1 -> c698/SCE : -7.119887
[setup in-reg] in1 -> s759/D : -7.113991
[setup in-reg] in1 -> c675/SET_B : -7.101821
[setup in-reg] in1 -> c157/D : -7.099249
[setup in-reg] in20 -> s797/D : -7.071719
[setup in-reg] in1 -> s805/D : -7.040099
[setup in-reg] in20 -> s823/D : -7.019738
[setup in-out] in1 -> out8 : -7.004872
[setup in-reg] in1 -> c253/RESET_B : -7.003468
[setup in-reg] in1 -> c392/D : -7.003364
[setup in-reg] in1 -> s764/GATE : -6.964100
[setup in-reg] in1 -> s774/D : -6.963406
[setup in-reg] in1 -> c517/SCD : -6.953024
[setup in-reg] in1 -> c681/SCD : -6.949988
[setup in-reg] in20 -> c335/D : -6.922719
[setup in-reg] in1 -> c675/D : -6.898428
[setup in-reg] in1 -> c517/D : -6.894968
[setup in-reg] in1 -> s779/GATE : -6.893607
[setup in-reg] in1 -> s818/D : -6.884509
[setup in-reg] in20 -> s791/D : -6.867007
[setup in-reg] in20 -> s796/GATE : -6.860738
[setup in-reg] in20 -> c232/SCD : -6.850593
[setup in-reg] in1 -> s773/D : -6.820873
[setup in-out] in20 -> out45 : -6.814759
[setup in-reg] in1 -> c682/SCD : -6.804016
[setup in-reg] in1 -> s816/D : -6.793912
[setup in-reg] in1 -> s776/D : -6.779457
[setup reg-reg] s756/Q -> c476/SET_B : -6.763383
[setup in-reg] in1 -> s747/GATE : -6.666612
[setup in-reg] in1 -> c406/D : -6.635119
[setup in-reg] in1 -> c556/SET_B : -6.632146
[setup in-reg] in1 -> c336/D : -6.626303
[setup in-reg] in1 -> s801/D : -6.625470
[setup in-reg] in1 -> c702/SCE : -6.624691
[setup reg-out] c157/Q -> out37 : -6.620030
[setup in-reg] in1 -> c599/SCD : -6.616504
[setup in-reg] in1 -> s749/D : -6.611105
[setup in-reg] in20 -> c243/RESET_B : -6.605726
[setup in-reg] in20 -> c114/RESET_B : -6.600349
[setup in-out] in20 -> out26 : -6.593929
[setup in-reg] in1 -> s775/D : -6.585588
[setup in-reg] in1 -> c400/SCE : -6.583781
[setup in-reg] in1 -> c303/RESET_B : -6.576515
[setup in-reg] in1 -> c468/D : -6.573796
[setup in-reg] in1 -> c303/SCE : -6.558737
[setup reg-reg] s756/Q -> c349/D : -6.541592
[setup in-reg] in1 -> s808/D : -6.536282
[setup in-reg] in1 -> c661/D : -6.528605
[setup in-reg] in1 -> c413/D : -6.507000
[setup in-reg] in1 -> c437/D : -6.497210
[setup in-reg] in1 -> s800/D : -6.492981
[setup in-reg] in20 -> c463/D : -6.492640
[setup in-reg] in1 -> s810/GATE : -6.464361
[setup in-reg] in1 -> c409/D : -6.459480
[setup in-reg] in1 -> s761/D : -6.417055
[setup in-reg] in1 -> s750/D : -6.390599
[setup reg-out] s770/Q -> out4 : -6.379926
[setup in-reg] in1 -> s794/GATE : -6.353442
[setup in-reg] in1 -> c668/SCE : -6.319438
[setup in-reg] in1 -> s768/D : -6.304447
[setup in-reg] in1 -> c698/SCD : -6.252832
[setup in-reg] in1 -> c275/D : -6.228319
[setup in-reg] in1 -> c703/SET_B : -6.215188
[setup in-reg] in1 -> c284/D : -6.202195
[setup in-reg] in1 -> s817/D : -6.189844
[setup in-reg] in1 -> c412/RESET_B : -6.184008
[setup in-reg] in1 -> c584/SET_B : -6.164338
[setup in-reg] in1 -> c473/RESET_B : -6.161250
[setup in-reg] in1 -> c682/RESET_B : -6.159112
[setup in-reg] in1 -> s825/D : -6.154795
[setup in-reg] in1 -> c554/RESET_B : -6.147029
[setup in-reg] in1 -> c580/D : -6.144631
[setup in-reg] in1 -> c668/RESET_B : -6.140772
[setup in-reg] in1 -> c703/RESET_B : -6.136353
[setup in-reg] in20 -> s742/D : -6.127481
[setup in-reg] in1 -> c412/SCE : -6.107265
[setup in-reg] in1 -> s746/GATE : -6.100569
[setup in-reg] in1 -> s781/D : -6.085937
[setup in-reg] in1 -> c572/SCD : -6.060608
[setup in-reg] in1 -> c680/SCE : -6.048383
[setup in-reg] in1 -> c686/D : -6.043200
[setup in-reg] in1 -> c571/SCD : -6.003854
[setup in-reg] in1 -> c702/D : -5.995364
[setup in-reg] in1 -> c572/SCE : -5.982711
[setup in-reg] in20 -> c335/SCD : -5.975282
[setup in-reg] in1 -> c567/SCE : -5.958224
[setup reg-reg] s813/Q -> c680/SET_B : -5.946323
[setup in-out] in20 -> out3 : -5.890623
[setup in-reg] in20 -> s752/D : -5.874560
[setup in-reg] in1 -> c656/SCD : -5.850482
[setup in-reg] in20 -> s744/D : -5.846046
[setup in-reg] in20 -> c94/RESET_B : -5.832143
[setup in-reg] in1 -> c703/SCD : -5.827614
[setup in-reg] in1 -> c304/RESET_B : -5.821159
[setup in-reg] in20 -> c345/SCE : -5.819659
[setup in-reg] in1 -> merge740/SCD : -5.813109
[setup in-reg] in1 -> c198/SCD : -5.804193
[setup in-reg] in1 -> c705/D : -5.780800
[setup in-reg] in1 -> c601/SCD : -5.766178
[setup in-reg] in1 -> c519/RESET_B : -5.759761
[setup in-reg] in1 -> c696/D : -5.720962
[setup in-reg] in20 -> s778/GATE : -5.699189
[setup in-reg] in1 -> c199/D : -5.693536
[setup in-reg] in1 -> c527/SCD : -5.671696
[setup in-reg] in20 -> c120/D : -5.666539
[setup in-reg] in1 -> c681/D : -5.651392
[setup in-reg] in20 -> s753/D : -5.618179
[setup in-reg] in20 -> s777/D : -5.614291
[setup in-reg] in20 -> s743/D : -5.596800
[setup in-reg] in1 -> c698/SET_B : -5.589515
[setup in-reg] in20 -> c354/D : -5.567244
[setup in-reg] in20 -> s754/D : -5.562845
[setup in-reg] in1 -> c698/SET_B : -5.539530
[setup in-reg] in1 -> c328/SCD : -5.510929
[setup in-reg] in1 -> c324/SCD : -5.493262
[setup in-reg] in1 -> c318/SCE : -5.488088
[setup in-reg] in1 -> c465/SCE : -5.461062
[setup in-reg] in1 -> c660/SET_B : -5.455812
[setup in-reg] in1 -> c562/D : -5.428136
[setup in-reg] in1 -> s809/D : -5.397511
[setup in-reg] in1 -> s792/D : -5.358350
[setup in-reg] in1 -> c274/D : -5.357110
[setup in-reg] in20 -> s741/D : -5.322644
[setup in-reg] in1 -> c702/SCD : -5.209736
[setup in-reg] in1 -> c288/D : -5.187946
[setup in-reg] in1 -> c705/SCE : -5.179859
[setup in-reg] in1 -> c661/RESET_B : -5.160677
[setup in-reg] in1 -> c399/D : -5.159161
[setup in-reg] in1 -> s811/GATE : -5.074232
[setup in-reg] in1 -> s748/GATE : -5.039752
[setup in-reg] in20 -> c247/SCD : -5.022266
[setup in-reg] in20 -> c123/SCE : -4.974853
[setup in-reg] in1 -> c336/SCD : -4.963308
[setup in-reg] in1 -> c345/SET_B : -4.846156
[setup in-reg] in1 -> c537/SET_B : -4.798752
[setup in-reg] in1 -> c277/SET_B : -4.758382
[setup in-reg] in1 -> c708/SET_B : -4.643701
[setup in-reg] in1 -> c680/SCD : -4.631309
[setup in-reg] in20 -> c102/D : -4.624983
[setup in-reg] in20 -> c244/D : -4.624323
[setup in-reg] in1 -> s813/D : -4.608925
[setup reg-out] s753/Q -> out59 : -4.599487
[setup in-reg] in20 -> c227/SCE : -4.595942
[setup in-reg] in1 -> c555/SCE : -4.526102
[setup in-reg] in20 -> c122/D : -4.486220
[setup in-reg] in20 -> c246/D : -4.473187
[setup in-reg] in1 -> c580/SCE : -4.472445
[setup in-reg] in20 -> c122/RESET_B : -4.472330
[setup in-reg] in1 -> c568/SCD : -4.468897
[setup in-reg] in1 -> c680/RESET_B : -4.467276
[setup in-reg] in1 -> c686/RESET_B : -4.467110
[setup in-reg] in1 -> c206/SCE : -4.454782
[setup in-reg] in1 -> c454/D : -4.445366
[setup in-reg] in20 -> c710/D : -4.439498
[setup in-reg] in1 -> c240/RESET_B : -4.373202
[setup in-reg] in20 -> c237/SCE : -4.355595
[setup in-reg] in1 -> c201/SCD : -4.309849
[setup in-reg] in1 -> c296/D : -4.307233
[setup in-reg] in20 -> c102/RESET_B : -4.295011
[setup reg-reg] c157/Q -> c468/SCE : -4.276289
[setup in-reg] in1 -> c552/D : -4.229865
[setup in-reg] in1 -> s793/D : -4.170479
[setup in-reg] in20 -> c227/D : -4.159964
[setup in-reg] in20 -> c221/D : -4.157191
[setup in-out] in1 -> out34 : -4.154698
[setup in-reg] in1 -> s789/D : -4.129945
[setup in-reg] in20 -> c604/D : -4.055912
[setup in-reg] in1 -> c708/RESET_B : -4.041821
[setup reg-out] s769/Q -> out6 : -4.027656
[setup in-reg] in20 -> c463/SCD : -4.024320
[setup in-reg] in1 -> c587/SET_B : -3.979352
[setup in-reg] in20 -> c234/RESET_B : -3.976473
[setup in-reg] in20 -> c237/D : -3.975125
[setup in-reg] in1 -> c318/D : -3.962912
[setup reg-out] s754/Q -> out43 : -3.957625
[setup in-reg] in1 -> c442/RESET_B : -3.940490
[setup reg-reg] s801/Q -> s814/D : -3.917062
[setup reg-reg] s801/Q -> s822/D : -3.889227
[setup in-reg] in1 -> s795/GATE : -3.887300
[setup in-reg] in20 -> c97/D : -3.868676
[setup in-reg] in20 -> c244/RESET_B : -3.855051
[setup in-reg] in1 -> c463/SCE : -3.851792
[setup in-reg] in20 -> c595/RESET_B : -3.813869
[setup reg-out] s797/Q -> out46 : -3.805903
[setup reg-out] s781/Q -> out32 : -3.794106
[setup reg-reg] s801/Q -> c665/D : -3.772884
[setup in-reg] in20 -> c102/SCD : -3.749099
[setup in-reg] in1 -> s785/D : -3.706679
[setup in-reg] in1 -> c555/D : -3.693242
[setup in-reg] in1 -> c221/RESET_B : -3.683061
[setup reg-out] s752/Q -> out53 : -3.659800
[setup in-reg] in1 -> s790/D : -3.645662
[setup in-reg] in1 -> c680/D : -3.610374
[setup in-reg] in1 -> c303/SCD : -3.562991
[setup in-out] in1 -> out35 : -3.533716
[setup in-reg] in1 -> c708/D : -3.511853
[setup in-reg] in1 -> c660/SCE : -3.500134
[setup reg-reg] s801/Q -> s802/D : -3.464917
[setup in-reg] in20 -> c97/RESET_B : -3.431078
[setup in-out] in1 -> out20 : -3.415408
[setup in-reg] in1 -> c562/SCD : -3.356271
[setup reg-reg] s765/Q_N -> c595/D : -3.335952
[setup in-reg] in1 -> c537/D : -3.315993
[setup in-reg] in1 -> c532/SCD : -3.297850
[setup in-reg] in1 -> c686/SET_B : -3.282645
[setup in-reg] in1 -> c534/SCD : -3.271482
[setup reg-reg] s804/Q -> c682/SET_B : -3.229110
[setup in-reg] in20 -> c123/SET_B : -3.193603
[setup in-reg] in1 -> c446/D : -3.187712
[setup in-reg] in1 -> c548/D : -3.185470
[setup reg-reg] s801/Q -> c705/SCD : -3.178528
[setup in-reg] in20 -> c111/RESET_B : -3.166911
[setup in-reg] in1 -> c443/D : -3.140294
[setup in-reg] in1 -> c206/D : -3.126733
[setup in-reg] in1 -> c658/SCE : -3.104008
[setup in-reg] in1 -> c510/SCE : -3.086131
[setup in-reg] in1 -> c527/D : -3.040842
[setup in-reg] in1 -> c446/SCD : -3.029847
[setup in-reg] in1 -> c521/SCD : -2.991448
[setup in-reg] in1 -> c520/D : -2.970922
[setup reg-reg] s799/Q_N -> c675/RESET_B : -2.957218
[setup reg-reg] s801/Q -> c686/SCD : -2.903547
[setup in-reg] in20 -> c234/SCD : -2.875644
[setup in-reg] in1 -> c567/SCD : -2.874960
[setup in-reg] in1 -> c514/D : -2.849967
[setup in-reg] in1 -> c288/SET_B : -2.818173
[setup reg-reg] s801/Q -> c545/RESET_B : -2.813972
[setup in-reg] in1 -> c341/SET_B : -2.799216
[setup reg-reg] s801/Q -> c672/SCE : -2.787658
[setup in-reg] in20 -> c122/SET_B : -2.708138
[setup in-reg] in1 -> c708/SCD : -2.706853
[setup in-reg] in1 -> c430/SCD : -2.705996
[setup reg-reg] s750/Q -> c601/SCE : -2.704690
[setup in-reg] in1 -> c571/D : -2.639676
[setup in-reg] in1 -> c509/SET_B : -2.620783
[setup in-reg] in1 -> s784/D : -2.617044
[setup in-reg] in1 -> c452/D : -2.596200
[setup in-reg] in1 -> c247/D : -2.595212
[setup reg-reg] s799/Q_N -> c675/SCE : -2.457836
[setup reg-reg] s770/Q -> c595/SCD : -2.434772
[setup in-reg] in20 -> c102/SCE : -2.396759
[setup in-reg] in1 -> c303/D : -2.392390
[setup in-reg] in1 -> c519/D : -2.338392
[setup in-reg] in1 -> c657/SCE : -2.335489
[setup in-reg] in1 -> c537/RESET_B : -2.322831
[setup in-reg] in20 -> c336/SET_B : -2.256277
[setup in-reg] in1 -> c552/RESET_B : -2.244370
[setup reg-reg] s799/Q_N -> c668/SCD : -2.239821
[setup in-reg] in1 -> c324/D : -2.070177
[setup reg-reg] s770/Q -> c601/RESET_B : -2.029609
[setup reg-reg] s804/Q -> c556/D : -2.026929
[setup in-reg] in1 -> c601/D : -2.006605
[setup in-reg] in1 -> c431/DE : -1.958213
[setup in-reg] in1 -> c303/SET_B : -1.952357
[setup in-reg] in1 -> c412/SCD : -1.951872
[setup in-reg] in1 -> c552/SCE : -1.924087
[setup in-reg] in1 -> c655/SCD : -1.869108
[setup in-reg] in1 -> c281/SET_B : -1.843315
[setup reg-reg] c157/Q -> c335/SCE : -1.840980
[setup reg-reg] s801/Q -> c665/SCE : -1.818152
[setup in-reg] in1 -> c157/SET_B : -1.808816
[setup reg-reg] s770/Q -> c601/SET_B : -1.804388
[setup reg-reg] s801/Q -> c655/D : -1.796406
[setup reg-reg] s801/Q -> c662/SCE : -1.777652
[setup reg-reg] c157/Q -> c324/SCE : -1.764970
[setup reg-reg] s799/Q_N -> c640/RESET_B : -1.757827
[setup in-reg] in1 -> c656/D : -1.723573
[setup reg-reg] s770/Q -> c696/SCD : -1.714700
[setup in-reg] in1 -> c423/SCD : -1.706348
[setup reg-reg] s802/Q -> c562/RESET_B : -1.671459
[setup in-out] in1 -> out17 : -1.650051
[setup in-reg] in1 -> c201/D : -1.628827
[setup in-reg] in1 -> c430/DE : -1.620976
[setup reg-reg] s801/Q -> c548/SCD : -1.589767
[setup in-reg] in1 -> c658/D : -1.569996
[setup reg-reg] c584/Q -> c587/RESET_B : -1.537308
[setup in-reg] in1 -> c657/D : -1.498948
[setup in-reg] in1 -> c426/SCD : -1.422976
[setup in-reg] in1 -> c431/SCD : -1.403313
[setup reg-reg] s801/Q -> c656/SCE : -1.364654
[setup in-reg] in1 -> c277/D : -1.361185
[setup reg-reg] c514/Q -> c519/SCE : -1.348534
[setup in-reg] in1 -> merge740/SET_B : -1.266598
[setup reg-reg] s804/Q -> c682/SET_B : -1.218536
[setup in-reg] in1 -> c655/RESET_B : -1.213116
[setup reg-reg] s770/Q -> c468/SET_B : -1.194507
[setup reg-out] c114/Q -> out50 : -1.163563
[setup reg-reg] s802/Q -> c568/SCE : -1.162507
[setup in-reg] in1 -> c244/SET_B : -1.120405
[setup reg-reg] c514/Q -> c520/SCD : -1.028456
[setup reg-reg] s786/Q -> c437/SCE : -1.016095
[setup reg-out] c557/Q -> out2 : -0.908325
[setup in-reg] in1 -> merge740/RESET_B : -0.862421
[setup in-reg] in1 -> c392/SCD : -0.862205
[setup in-reg] in1 -> c399/SCE : -0.820006
[setup reg-reg] s765/Q -> c548/SCE : -0.806950
[setup reg-reg] s784/Q -> c534/SCE : -0.772746
[setup reg-reg] s802/Q -> c545/SET_B : -0.761649
[setup reg-out] c341/Q -> out47 : -0.704540
[setup in-reg] in1 -> c660/RESET_B : -0.687367
[setup in-out] clk -> out25 : -0.666187
[setup in-reg] in20 -> c100/SCE : -0.664202
[setup in-reg] in1 -> c303/RESET_B : -0.651160
[setup in-reg] in1 -> c400/RESET_B : -0.622294
[setup reg-reg] s807/Q -> c582/SET_B : -0.590074
[setup reg-out] c240/Q -> out5 : -0.583886
[setup reg-out] c593/Q -> out11 : -0.559107
[setup reg-out] c232/Q -> out13 : -0.537324
[setup reg-out] c476/Q -> out39 : -0.479191
[setup reg-reg] s813/Q -> c680/SET_B : -0.459115
[setup reg-reg] s781/Q_N -> c400/SET_B : -0.444319
[setup reg-out] c304/Q -> out55 : -0.365092
[setup reg-reg] s803/Q -> c543/SET_B : -0.291753
[setup in-out] clk -> out36 : -0.289158
[setup in-out] clk -> out48 : -0.225017
[setup in-reg] in20 -> c94/SCE : -0.203444
[setup in-reg] in20 -> c349/RESET_B : -0.168584
[setup reg-reg] s817/Q -> c705/SET_B : -0.058176
[setup reg-reg] s768/Q -> c335/SET_B : -0.056268
[setup reg-reg] s818/Q -> c696/SET_B : -0.027560
