[RSZ-0020] found 4 floating nets.
[RSZ-0095] found 2 floating pins.
[CTS-0041] Net "net618" has 1 sinks. Skipping...
[CTS-0041] Net "net619" has 1 sinks. Skipping...
[CTS-0041] Net "net617" has 1 sinks. Skipping...
[CTS-0041] Net "net743" has 1 sinks. Skipping...
[CTS-0041] Net "net616" has 1 sinks. Skipping...
[CTS-0041] Net "net752" has 1 sinks. Skipping...
[CTS-0041] Net "net636" has 1 sinks. Skipping...
[CTS-0041] Net "net721" has 1 sinks. Skipping...
[CTS-0041] Net "net754" has 1 sinks. Skipping...
[CTS-0041] Net "net626" has 1 sinks. Skipping...
[CTS-0041] Net "net635" has 1 sinks. Skipping...
[CTS-0041] Net "net631" has 1 sinks. Skipping...
[CTS-0041] Net "net630" has 1 sinks. Skipping...
[CTS-0041] Net "net624" has 1 sinks. Skipping...
[CTS-0041] Net "net622" has 1 sinks. Skipping...
[CTS-0041] Net "net629" has 1 sinks. Skipping...
[CTS-0041] Net "net615" has 1 sinks. Skipping...
[CTS-0041] Net "net612" has 1 sinks. Skipping...
[CTS-0041] Net "net520" has 1 sinks. Skipping...
[CTS-0041] Net "net757" has 1 sinks. Skipping...
[CTS-0041] Net "net521" has 1 sinks. Skipping...
[CTS-0041] Net "net518" has 1 sinks. Skipping...
[CTS-0041] Net "net763" has 1 sinks. Skipping...
[CTS-0041] Net "net517" has 1 sinks. Skipping...
[CTS-0041] Net "net516" has 1 sinks. Skipping...
[CTS-0041] Net "net765" has 1 sinks. Skipping...
[CTS-0041] Net "net514" has 1 sinks. Skipping...
[CTS-0041] Net "net745" has 1 sinks. Skipping...
[CTS-0041] Net "out18" has 0 sinks. Skipping...
[CTS-0041] Net "net515" has 1 sinks. Skipping...
[CTS-0041] Net "net513" has 1 sinks. Skipping...
[CTS-0041] Net "out20" has 0 sinks. Skipping...
[CTS-0041] Net "net522" has 1 sinks. Skipping...
[CTS-0041] Net "net506" has 1 sinks. Skipping...
[CTS-0041] Net "net729" has 1 sinks. Skipping...
[CTS-0041] Net "net504" has 1 sinks. Skipping...
[CTS-0041] Net "net512" has 1 sinks. Skipping...
[CTS-0041] Net "net610" has 1 sinks. Skipping...
[CTS-0041] Net "net605" has 1 sinks. Skipping...
[CTS-0041] Net "net682" has 1 sinks. Skipping...
[CTS-0041] Net "net654" has 1 sinks. Skipping...
[CTS-0105] Net "net798" already has clock buffer c464. Skipping...
[CTS-0041] Net "net382" has 1 sinks. Skipping...
[CTS-0041] Net "net388" has 1 sinks. Skipping...
[CTS-0041] Net "net373" has 1 sinks. Skipping...
[CTS-0041] Net "net685" has 1 sinks. Skipping...
[CTS-0105] Net "net766" already has clock buffer c319. Skipping...
[CTS-0041] Net "net1056" has 1 sinks. Skipping...
[CTS-0041] Net "net500" has 1 sinks. Skipping...
[CTS-0041] Net "net499" has 1 sinks. Skipping...
[CTS-0041] Net "net486" has 1 sinks. Skipping...
[CTS-0041] Net "net483" has 1 sinks. Skipping...
[CTS-0041] Net "net660" has 1 sinks. Skipping...
[CTS-0041] Net "net642" has 1 sinks. Skipping...
[CTS-0041] Net "net492" has 1 sinks. Skipping...
[CTS-0041] Net "net705" has 1 sinks. Skipping...
[CTS-0041] Net "net1055" has 1 sinks. Skipping...
[CTS-0041] Net "net385" has 1 sinks. Skipping...
[CTS-0041] Net "net394" has 1 sinks. Skipping...
[CTS-0041] Net "net683" has 1 sinks. Skipping...
[CTS-0041] Net "net411" has 1 sinks. Skipping...
[CTS-0041] Net "net402" has 1 sinks. Skipping...
[CTS-0041] Net "net405" has 1 sinks. Skipping...
[CTS-0041] Net "net401" has 1 sinks. Skipping...
[CTS-0041] Net "net742" has 1 sinks. Skipping...
[CTS-0041] Net "net386" has 1 sinks. Skipping...
[CTS-0041] Net "net389" has 1 sinks. Skipping...
[CTS-0041] Net "net634" has 1 sinks. Skipping...
[CTS-0041] Net "net633" has 1 sinks. Skipping...
[CTS-0041] Net "net741" has 1 sinks. Skipping...
[CTS-0041] Net "net505" has 1 sinks. Skipping...
[CTS-0041] Net "net479" has 1 sinks. Skipping...
[CTS-0105] Net "net241" already has clock buffer c319. Skipping...
[CTS-0041] Net "net477" has 1 sinks. Skipping...
[CTS-0041] Net "net739" has 1 sinks. Skipping...
[CTS-0041] Net "net472" has 1 sinks. Skipping...
[CTS-0041] Net "net720" has 1 sinks. Skipping...
[CTS-0041] Net "net490" has 1 sinks. Skipping...
[CTS-0041] Net "net487" has 1 sinks. Skipping...
[CTS-0041] Net "net484" has 1 sinks. Skipping...
[CTS-0041] Net "out13" has 0 sinks. Skipping...
[CTS-0041] Net "net647" has 1 sinks. Skipping...
[CTS-0105] Net "net800" already has clock buffer c579. Skipping...
[CTS-0041] Net "net1060" has 1 sinks. Skipping...
[CTS-0041] Net "net701" has 1 sinks. Skipping...
[CTS-0041] Net "net758" has 1 sinks. Skipping...
[CTS-0041] Net "net693" has 1 sinks. Skipping...
[CTS-0041] Net "net645" has 1 sinks. Skipping...
[CTS-0041] Net "net563" has 1 sinks. Skipping...
[CTS-0041] Net "net557" has 1 sinks. Skipping...
[CTS-0041] Net "net548" has 1 sinks. Skipping...
[CTS-0041] Net "net535" has 1 sinks. Skipping...
[CTS-0041] Net "net1059" has 1 sinks. Skipping...
[CTS-0041] Net "net594" has 1 sinks. Skipping...
[CTS-0041] Net "net588" has 1 sinks. Skipping...
[CTS-0041] Net "net544" has 1 sinks. Skipping...
[CTS-0041] Net "net700" has 1 sinks. Skipping...
[CTS-0041] Net "net1058" has 1 sinks. Skipping...
[CTS-0041] Net "net663" has 1 sinks. Skipping...
[CTS-0041] Net "net627" has 1 sinks. Skipping...
[CTS-0041] Net "net595" has 1 sinks. Skipping...
[CTS-0041] Net "net579" has 1 sinks. Skipping...
[CTS-0041] Net "net480" has 1 sinks. Skipping...
[CTS-0041] Net "net478" has 1 sinks. Skipping...
[CTS-0041] Net "net476" has 1 sinks. Skipping...
[CTS-0105] Net "net463" already has clock buffer c579. Skipping...
[CTS-0041] Net "net607" has 1 sinks. Skipping...
[CTS-0041] Net "net777" has 1 sinks. Skipping...
[CTS-0041] Net "net602" has 1 sinks. Skipping...
[CTS-0041] Net "net496" has 1 sinks. Skipping...
[CTS-0041] Net "net467" has 1 sinks. Skipping...
[CTS-0041] Net "net469" has 1 sinks. Skipping...
[CTS-0041] Net "net425" has 1 sinks. Skipping...
[CTS-0041] Net "net466" has 1 sinks. Skipping...
[CTS-0041] Net "net511" has 1 sinks. Skipping...
[CTS-0041] Net "net774" has 1 sinks. Skipping...
[CTS-0041] Net "net510" has 1 sinks. Skipping...
[CTS-0041] Net "net508" has 1 sinks. Skipping...
[CTS-0041] Net "net753" has 1 sinks. Skipping...
[CTS-0041] Net "net503" has 1 sinks. Skipping...
[CTS-0041] Net "net381" has 1 sinks. Skipping...
[CTS-0041] Net "net716" has 1 sinks. Skipping...
[CTS-0041] Net "net364" has 1 sinks. Skipping...
[CTS-0041] Net "net740" has 1 sinks. Skipping...
[CTS-0041] Net "net362" has 1 sinks. Skipping...
[CTS-0041] Net "net356" has 1 sinks. Skipping...
[CTS-0041] Net "net353" has 1 sinks. Skipping...
[CTS-0041] Net "net715" has 1 sinks. Skipping...
[CTS-0041] Net "net246" has 1 sinks. Skipping...
[CTS-0041] Net "net247" has 1 sinks. Skipping...
[CTS-0105] Net "net371" already has clock buffer c464. Skipping...
[CTS-0041] Net "net991" has 1 sinks. Skipping...
[CTS-0041] Net "out39" has 0 sinks. Skipping...
[CTS-0041] Net "net507" has 1 sinks. Skipping...
[CTS-0041] Net "net764" has 1 sinks. Skipping...
[CTS-0041] Net "net407" has 1 sinks. Skipping...
[CTS-0041] Net "net978" has 1 sinks. Skipping...
[CTS-0041] Net "out27" has 0 sinks. Skipping...
[CTS-0041] Net "net509" has 1 sinks. Skipping...
[CTS-0041] Net "net409" has 1 sinks. Skipping...
[CTS-0041] Net "net399" has 1 sinks. Skipping...
[CTS-0041] Net "net497" has 1 sinks. Skipping...
[CTS-0041] Net "net625" has 1 sinks. Skipping...
[CTS-0041] Net "net620" has 1 sinks. Skipping...
[CTS-0041] Net "net609" has 1 sinks. Skipping...
[CTS-0041] Net "net608" has 1 sinks. Skipping...
[CTS-0041] Net "net606" has 1 sinks. Skipping...
[CTS-0041] Net "net611" has 1 sinks. Skipping...
[CTS-0041] Net "net604" has 1 sinks. Skipping...
[CTS-0041] Net "net599" has 1 sinks. Skipping...
[CTS-0041] Net "net731" has 1 sinks. Skipping...
[CTS-0041] Net "net592" has 1 sinks. Skipping...
[CTS-0041] Net "net750" has 1 sinks. Skipping...
[CTS-0041] Net "net589" has 1 sinks. Skipping...
[CTS-0041] Net "net586" has 1 sinks. Skipping...
[CTS-0041] Net "net584" has 1 sinks. Skipping...
[CTS-0041] Net "net708" has 1 sinks. Skipping...
[CTS-0041] Net "net621" has 1 sinks. Skipping...
[CTS-0041] Net "net456" has 1 sinks. Skipping...
[CTS-0041] Net "net358" has 1 sinks. Skipping...
[CTS-0041] Net "net460" has 1 sinks. Skipping...
[CTS-0041] Net "net368" has 1 sinks. Skipping...
[CTS-0041] Net "net367" has 1 sinks. Skipping...
[CTS-0041] Net "net396" has 1 sinks. Skipping...
[CTS-0041] Net "net346" has 1 sinks. Skipping...
[CTS-0041] Net "net646" has 1 sinks. Skipping...
[CTS-0041] Net "net454" has 1 sinks. Skipping...
[CTS-0041] Net "net451" has 1 sinks. Skipping...
[CTS-0041] Net "net344" has 1 sinks. Skipping...
[CTS-0041] Net "net730" has 1 sinks. Skipping...
[CTS-0041] Net "net502" has 1 sinks. Skipping...
[CTS-0041] Net "net287" has 1 sinks. Skipping...
[CTS-0041] Net "net269" has 1 sinks. Skipping...
[CTS-0041] Net "net236" has 1 sinks. Skipping...
[CTS-0041] Net "net365" has 1 sinks. Skipping...
[CTS-0041] Net "net632" has 1 sinks. Skipping...
[CTS-0041] Net "net431" has 1 sinks. Skipping...
[CTS-0041] Net "net338" has 1 sinks. Skipping...
[CTS-0041] Net "net298" has 1 sinks. Skipping...
[CTS-0041] Net "net276" has 1 sinks. Skipping...
[CTS-0041] Net "net738" has 1 sinks. Skipping...
[CTS-0041] Net "out30" has 0 sinks. Skipping...
[CTS-0041] Net "net177" has 1 sinks. Skipping...
[CTS-0041] Net "net733" has 1 sinks. Skipping...
[CTS-0041] Net "net692" has 1 sinks. Skipping...
[CTS-0041] Net "net684" has 1 sinks. Skipping...
[CTS-0041] Net "net643" has 1 sinks. Skipping...
[CTS-0041] Net "net713" has 1 sinks. Skipping...
[CTS-0041] Net "net99" has 1 sinks. Skipping...
[CTS-0041] Net "net83" has 1 sinks. Skipping...
[CTS-0041] Net "net665" has 1 sinks. Skipping...
[CTS-0041] Net "net661" has 1 sinks. Skipping...
[CTS-0041] Net "net125" has 1 sinks. Skipping...
[CTS-0041] Net "net88" has 1 sinks. Skipping...
[CTS-0041] Net "out47" has 0 sinks. Skipping...
[CTS-0041] Net "net698" has 1 sinks. Skipping...
[CTS-0041] Net "net696" has 1 sinks. Skipping...
[CTS-0041] Net "net299" has 1 sinks. Skipping...
[CTS-0041] Net "net711" has 1 sinks. Skipping...
[CTS-0041] Net "net270" has 1 sinks. Skipping...
[CTS-0041] Net "net97" has 1 sinks. Skipping...
[CTS-0041] Net "net82" has 1 sinks. Skipping...
[CTS-0041] Net "net1057" has 1 sinks. Skipping...
[CTS-0041] Net "net328" has 1 sinks. Skipping...
[CTS-0041] Net "net690" has 1 sinks. Skipping...
[CTS-0041] Net "net688" has 1 sinks. Skipping...
[CTS-0041] Net "net601" has 1 sinks. Skipping...
[CTS-0041] Net "net438" has 1 sinks. Skipping...
[CTS-0041] Net "net410" has 1 sinks. Skipping...
[CTS-0041] Net "net398" has 1 sinks. Skipping...
[CTS-0041] Net "net717" has 1 sinks. Skipping...
[CTS-0041] Net "net343" has 1 sinks. Skipping...
[CTS-0041] Net "net697" has 1 sinks. Skipping...
[CTS-0041] Net "net354" has 1 sinks. Skipping...
[CTS-0041] Net "net686" has 1 sinks. Skipping...
[CTS-0041] Net "net321" has 1 sinks. Skipping...
[CTS-0041] Net "net649" has 1 sinks. Skipping...
[CTS-0041] Net "net422" has 1 sinks. Skipping...
[CTS-0041] Net "net315" has 1 sinks. Skipping...
[CTS-0041] Net "net311" has 1 sinks. Skipping...
[CTS-0041] Net "net672" has 1 sinks. Skipping...
[CTS-0041] Net "net219" has 1 sinks. Skipping...
[CTS-0041] Net "out3" has 0 sinks. Skipping...
[CTS-0041] Net "net1054" has 1 sinks. Skipping...
[CTS-0041] Net "out5" has 0 sinks. Skipping...
[CTS-0041] Net "net297" has 1 sinks. Skipping...
[CTS-0041] Net "net1053" has 1 sinks. Skipping...
[CTS-0041] Net "out59" has 0 sinks. Skipping...
[CTS-0041] Net "net1052" has 1 sinks. Skipping...
[CTS-0041] Net "out15" has 0 sinks. Skipping...
[CTS-0041] Net "net167" has 1 sinks. Skipping...
[CTS-0041] Net "net160" has 1 sinks. Skipping...
[CTS-0041] Net "net1051" has 1 sinks. Skipping...
[CTS-0041] Net "net1050" has 1 sinks. Skipping...
[CTS-0041] Net "net170" has 1 sinks. Skipping...
[CTS-0041] Net "net169" has 1 sinks. Skipping...
[CTS-0041] Net "net1049" has 1 sinks. Skipping...
[CTS-0041] Net "net178" has 1 sinks. Skipping...
[CTS-0041] Net "out36" has 0 sinks. Skipping...
[CTS-0041] Net "out32" has 0 sinks. Skipping...
[CTS-0041] Net "net650" has 1 sinks. Skipping...
[CTS-0041] Net "net680" has 1 sinks. Skipping...
[CTS-0041] Net "net286" has 1 sinks. Skipping...
[CTS-0041] Net "net288" has 1 sinks. Skipping...
[CTS-0041] Net "net776" has 1 sinks. Skipping...
[CTS-0041] Net "net285" has 1 sinks. Skipping...
[CTS-0041] Net "net165" has 1 sinks. Skipping...
[RSZ-0062] Unable to repair all setup violations.
[RSZ-0064] Unable to repair all hold checks within margin.
'GPL_CELL_PADDING' is set to 0. This step may cause overlap failures.
[RSZ-0062] Unable to repair all setup violations.
[RSZ-0064] Unable to repair all hold checks within margin.
[DRT-0349] LEF58_ENCLOSURE with no CUTCLASS is not supported. Skipping for layer mcon
[DRT-0349] LEF58_ENCLOSURE with no CUTCLASS is not supported. Skipping for layer mcon
[DRT-0349] LEF58_ENCLOSURE with no CUTCLASS is not supported. Skipping for layer via
[DRT-0349] LEF58_ENCLOSURE with no CUTCLASS is not supported. Skipping for layer via
[DRT-0349] LEF58_ENCLOSURE with no CUTCLASS is not supported. Skipping for layer via2
[DRT-0349] LEF58_ENCLOSURE with no CUTCLASS is not supported. Skipping for layer via2
[DRT-0349] LEF58_ENCLOSURE with no CUTCLASS is not supported. Skipping for layer via3
[DRT-0349] LEF58_ENCLOSURE with no CUTCLASS is not supported. Skipping for layer via3
[DRT-0349] LEF58_ENCLOSURE with no CUTCLASS is not supported. Skipping for layer via4
[DRT-0349] LEF58_ENCLOSURE with no CUTCLASS is not supported. Skipping for layer via4
Threshold for Threshold-surpassing long wires is not set. The checker will be skipped.
'VSRC_LOC_FILES' was not given a value, which may make the results of IR drop analysis inaccurate. If you are not integrating a top-level chip for manufacture, you may ignore this warning, otherwise, see the documentation for 'VSRC_LOC_FILES'.
Cell 'netlist_1' has (1) input pin(s) without antenna gate information. They might not be connected to a gate.
Cell 'netlist_1' has (4) output pin(s) without antenna diffusion information. They might not be driven.
