
===========================================================================
report_checks -unconstrained
===========================================================================
======================= nom_ss_100C_1v60 Corner ===================================

Startpoint: in14 (input port clocked by clk)
Endpoint: c472 (recovery check against falling-edge clock clk)
Path Group: asynchronous
Path Type: max

Fanout         Cap        Slew       Delay        Time   Description
---------------------------------------------------------------------------------------------
                                  0.000000    0.000000   clock clk (rise edge)
                                  0.000000    0.000000   clock network delay (propagated)
                                  1.600000    1.600000 v input external delay
     2    0.003950    0.022937    0.012853    1.612853 v in14 (in)
                                                         in14 (net)
                      0.022937    0.000000    1.612853 v input7/A (sky130_fd_sc_hd__clkbuf_4)
     3    0.038197    0.151013    0.311521    1.924374 v input7/X (sky130_fd_sc_hd__clkbuf_4)
                                                         net674 (net)
                      0.151082    0.003018    1.927392 v c127/A (sky130_fd_sc_hd__inv_12)
     7    0.032085    0.078857    0.137784    2.065176 ^ c127/Y (sky130_fd_sc_hd__inv_12)
                                                         net71 (net)
                      0.078873    0.001114    2.066291 ^ c138/C_N (sky130_fd_sc_hd__or4bb_4)
     2    0.006220    0.161781    1.053815    3.120106 v c138/X (sky130_fd_sc_hd__or4bb_4)
                                                         net82 (net)
                      0.161781    0.000148    3.120254 v c139/B (sky130_fd_sc_hd__or2_4)
     7    0.033001    0.145456    0.564596    3.684850 v c139/X (sky130_fd_sc_hd__or2_4)
                                                         net83 (net)
                      0.145456    0.000422    3.685271 v c143/A_N (sky130_fd_sc_hd__and2b_1)
     3    0.020222    0.299963    0.579452    4.264723 ^ c143/X (sky130_fd_sc_hd__and2b_1)
                                                         net87 (net)
                      0.299963    0.000783    4.265507 ^ c156/B (sky130_fd_sc_hd__nand2_1)
     2    0.005449    0.224069    0.219501    4.485008 v c156/Y (sky130_fd_sc_hd__nand2_1)
                                                         net100 (net)
                      0.224069    0.000147    4.485155 v c157/A_N (sky130_fd_sc_hd__nand2b_4)
     9    0.029140    0.167200    0.399823    4.884978 v c157/Y (sky130_fd_sc_hd__nand2b_4)
                                                         net101 (net)
                      0.167200    0.000313    4.885291 v c158/A (sky130_fd_sc_hd__and2_1)
     2    0.006118    0.094480    0.350751    5.236042 v c158/X (sky130_fd_sc_hd__and2_1)
                                                         net102 (net)
                      0.094480    0.000078    5.236120 v c159/A (sky130_fd_sc_hd__and2_1)
     2    0.007664    0.106737    0.327578    5.563699 v c159/X (sky130_fd_sc_hd__and2_1)
                                                         net103 (net)
                      0.106737    0.000177    5.563876 v c160/B (sky130_fd_sc_hd__or3_4)
    13    0.038552    0.202990    0.866765    6.430641 v c160/X (sky130_fd_sc_hd__or3_4)
                                                         net104 (net)
                      0.202997    0.001467    6.432108 v c408/B (sky130_fd_sc_hd__nor2_1)
     2    0.008413    0.285815    0.310501    6.742610 ^ c408/Y (sky130_fd_sc_hd__nor2_1)
                                                         net350 (net)
                      0.285815    0.000313    6.742922 ^ c421/A_N (sky130_fd_sc_hd__and3b_1)
     2    0.004292    0.083346    0.448543    7.191464 v c421/X (sky130_fd_sc_hd__and3b_1)
                                                         net365 (net)
                      0.083346    0.000058    7.191522 v c427/B (sky130_fd_sc_hd__and3_1)
     1    0.011253    0.140892    0.411747    7.603270 v c427/X (sky130_fd_sc_hd__and3_1)
                                                         net371 (net)
                      0.140892    0.000500    7.603769 v clkbuf_0_net371/A (sky130_fd_sc_hd__clkbuf_16)
     2    0.018216    0.055737    0.289615    7.893384 v clkbuf_0_net371/X (sky130_fd_sc_hd__clkbuf_16)
                                                         clknet_0_net371 (net)
                      0.055737    0.000485    7.893869 v clkbuf_1_1__f_net371/A (sky130_fd_sc_hd__clkbuf_16)
     1    0.003359    0.041283    0.227759    8.121628 v clkbuf_1_1__f_net371/X (sky130_fd_sc_hd__clkbuf_16)
                                                         clknet_1_1__leaf_net371 (net)
                      0.041284    0.000096    8.121724 v c437/S1 (sky130_fd_sc_hd__mux4_4)
     1    0.010546    0.241353    1.022198    9.143922 v c437/X (sky130_fd_sc_hd__mux4_4)
                                                         net383 (net)
                      0.241353    0.000491    9.144414 v clkbuf_0_net383/A (sky130_fd_sc_hd__clkbuf_16)
     2    0.017877    0.055780    0.338454    9.482867 v clkbuf_0_net383/X (sky130_fd_sc_hd__clkbuf_16)
                                                         clknet_0_net383 (net)
                      0.055780    0.000420    9.483287 v clkbuf_1_1__f_net383/A (sky130_fd_sc_hd__clkbuf_16)
     1    0.003510    0.041453    0.228029    9.711316 v clkbuf_1_1__f_net383/X (sky130_fd_sc_hd__clkbuf_16)
                                                         clknet_1_1__leaf_net383 (net)
                      0.041453    0.000124    9.711441 v c439/A_N (sky130_fd_sc_hd__nand3b_1)
     1    0.012312    0.330379    0.474448   10.185889 v c439/Y (sky130_fd_sc_hd__nand3b_1)
                                                         net385 (net)
                      0.330379    0.000614   10.186502 v clkbuf_0_net385/A (sky130_fd_sc_hd__clkbuf_16)
     2    0.016949    0.055870    0.380162   10.566665 v clkbuf_0_net385/X (sky130_fd_sc_hd__clkbuf_16)
                                                         clknet_0_net385 (net)
                      0.055870    0.000273   10.566936 v clkbuf_1_1__f_net385/A (sky130_fd_sc_hd__clkbuf_16)
     1    0.006587    0.044694    0.233137   10.800074 v clkbuf_1_1__f_net385/X (sky130_fd_sc_hd__clkbuf_16)
                                                         clknet_1_1__leaf_net385 (net)
                      0.044694    0.000252   10.800326 v c469/C (sky130_fd_sc_hd__nor3_2)
     1    0.010424    0.365645    0.299641   11.099968 ^ c469/Y (sky130_fd_sc_hd__nor3_2)
                                                         net412 (net)
                      0.365645    0.000441   11.100408 ^ clkbuf_0_net412/A (sky130_fd_sc_hd__clkbuf_16)
     2    0.020054    0.070344    0.349838   11.450246 ^ clkbuf_0_net412/X (sky130_fd_sc_hd__clkbuf_16)
                                                         clknet_0_net412 (net)
                      0.070344    0.000551   11.450796 ^ clkbuf_1_1__f_net412/A (sky130_fd_sc_hd__clkbuf_16)
     1    0.002127    0.043689    0.192786   11.643582 ^ clkbuf_1_1__f_net412/X (sky130_fd_sc_hd__clkbuf_16)
                                                         clknet_1_1__leaf_net412 (net)
                      0.043689    0.000062   11.643644 ^ c472/RESET_B (sky130_fd_sc_hd__dfbbn_1)
                                             11.643644   data arrival time

                                  4.000000    4.000000   clock clk (fall edge)
                                  0.000000    4.000000   clock source latency
     2    0.035734    0.155393    0.111557    4.111557 v clk (in)
                                                         clk (net)
                      0.155558    0.000000    4.111557 v clkbuf_0_clk/A (sky130_fd_sc_hd__clkbuf_16)
    33    0.191476    0.211043    0.437938    4.549495 v clkbuf_0_clk/X (sky130_fd_sc_hd__clkbuf_16)
                                                         clknet_0_clk (net)
                      0.213215    0.017041    4.566536 v clkbuf_4_3_0_clk/A (sky130_fd_sc_hd__clkbuf_8)
     7    0.027158    0.080044    0.339437    4.905973 v clkbuf_4_3_0_clk/X (sky130_fd_sc_hd__clkbuf_8)
                                                         clknet_4_3_0_clk (net)
                      0.080054    0.000901    4.906875 v c472/CLK_N (sky130_fd_sc_hd__dfbbn_1)
                                 -0.250000    4.656875   clock uncertainty
                                  0.000000    4.656875   clock reconvergence pessimism
                                 -0.098696    4.558179   library recovery time
                                              4.558179   data required time
---------------------------------------------------------------------------------------------
                                              4.558179   data required time
                                            -11.643644   data arrival time
---------------------------------------------------------------------------------------------
                                             -7.085466   slack (VIOLATED)


Startpoint: in3 (input port clocked by clk)
Endpoint: c703 (falling edge-triggered flip-flop clocked by clk)
Path Group: clk
Path Type: max

Fanout         Cap        Slew       Delay        Time   Description
---------------------------------------------------------------------------------------------
                                  0.000000    0.000000   clock clk (rise edge)
                                  0.000000    0.000000   clock network delay (propagated)
                                  1.600000    1.600000 v input external delay
     2    0.004238    0.024084    0.013757    1.613757 v in3 (in)
                                                         in3 (net)
                      0.024084    0.000000    1.613757 v input24/A (sky130_fd_sc_hd__clkbuf_2)
    11    0.037020    0.259648    0.327169    1.940926 v input24/X (sky130_fd_sc_hd__clkbuf_2)
                                                         net691 (net)
                      0.259768    0.002901    1.943827 v c126/A (sky130_fd_sc_hd__nor2b_1)
     3    0.012331    0.413270    0.458228    2.402055 ^ c126/Y (sky130_fd_sc_hd__nor2b_1)
                                                         net70 (net)
                      0.413270    0.000339    2.402394 ^ c255/A (sky130_fd_sc_hd__inv_1)
     5    0.023027    0.235775    0.353097    2.755491 v c255/Y (sky130_fd_sc_hd__inv_1)
                                                         net199 (net)
                      0.235775    0.000679    2.756171 v fanout110/A (sky130_fd_sc_hd__clkbuf_4)
    21    0.074103    0.265813    0.500718    3.256888 v fanout110/X (sky130_fd_sc_hd__clkbuf_4)
                                                         net777 (net)
                      0.265813    0.000740    3.257628 v c257/B (sky130_fd_sc_hd__and2b_1)
     5    0.010149    0.125543    0.477488    3.735116 v c257/X (sky130_fd_sc_hd__and2b_1)
                                                         net201 (net)
                      0.125543    0.000322    3.735438 v c286/B (sky130_fd_sc_hd__or3_2)
     5    0.020124    0.261945    1.239964    4.975402 v c286/X (sky130_fd_sc_hd__or3_2)
                                                         net228 (net)
                      0.261945    0.000329    4.975730 v c289/A (sky130_fd_sc_hd__and2_2)
    13    0.045454    0.236772    0.619163    5.594893 v c289/X (sky130_fd_sc_hd__and2_2)
                                                         net231 (net)
                      0.236773    0.001064    5.595958 v c292/A (sky130_fd_sc_hd__nor2b_1)
     3    0.012505    0.417397    0.453045    6.049002 ^ c292/Y (sky130_fd_sc_hd__nor2b_1)
                                                         net234 (net)
                      0.417397    0.000227    6.049230 ^ c276/B (sky130_fd_sc_hd__or2_1)
     2    0.008086    0.139012    0.345870    6.395100 ^ c276/X (sky130_fd_sc_hd__or2_1)
                                                         net220 (net)
                      0.139012    0.000125    6.395225 ^ c277/A_N (sky130_fd_sc_hd__and2b_1)
     2    0.005376    0.086855    0.408702    6.803926 v c277/X (sky130_fd_sc_hd__and2b_1)
                                                         net221 (net)
                      0.086855    0.000086    6.804013 v c284/A (sky130_fd_sc_hd__or2b_4)
    19    0.098999    0.270653    0.707562    7.511575 v c284/X (sky130_fd_sc_hd__or2b_4)
                                                         net731 (net)
                      0.270687    0.003322    7.514896 v c418/C (sky130_fd_sc_hd__and3b_2)
     1    0.016393    0.134423    0.613434    8.128330 v c418/X (sky130_fd_sc_hd__and3b_2)
                                                         net360 (net)
                      0.134429    0.000997    8.129327 v clkbuf_0_net360/A (sky130_fd_sc_hd__clkbuf_16)
     2    0.017806    0.055373    0.285959    8.415286 v clkbuf_0_net360/X (sky130_fd_sc_hd__clkbuf_16)
                                                         clknet_0_net360 (net)
                      0.055373    0.000492    8.415777 v clkbuf_1_0__f_net360/A (sky130_fd_sc_hd__clkbuf_16)
     2    0.007551    0.045660    0.234505    8.650283 v clkbuf_1_0__f_net360/X (sky130_fd_sc_hd__clkbuf_16)
                                                         clknet_1_0__leaf_net360 (net)
                      0.045661    0.000198    8.650480 v c580/A_N (sky130_fd_sc_hd__nand3b_1)
     1    0.011902    0.320174    0.469617    9.120098 v c580/Y (sky130_fd_sc_hd__nand3b_1)
                                                         net515 (net)
                      0.320174    0.000554    9.120652 v clkbuf_0_net515/A (sky130_fd_sc_hd__clkbuf_16)
     2    0.016219    0.055153    0.374389    9.495042 v clkbuf_0_net515/X (sky130_fd_sc_hd__clkbuf_16)
                                                         clknet_0_net515 (net)
                      0.055153    0.000285    9.495327 v clkbuf_1_0__f_net515/A (sky130_fd_sc_hd__clkbuf_16)
     3    0.016315    0.053996    0.245741    9.741068 v clkbuf_1_0__f_net515/X (sky130_fd_sc_hd__clkbuf_16)
                                                         clknet_1_0__leaf_net515 (net)
                      0.053996    0.000460    9.741528 v c583/A1 (sky130_fd_sc_hd__mux4_2)
     1    0.014667    0.219777    1.106849   10.848376 v c583/X (sky130_fd_sc_hd__mux4_2)
                                                         net518 (net)
                      0.219777    0.000830   10.849206 v clkbuf_0_net518/A (sky130_fd_sc_hd__clkbuf_16)
     2    0.016324    0.054260    0.326243   11.175449 v clkbuf_0_net518/X (sky130_fd_sc_hd__clkbuf_16)
                                                         clknet_0_net518 (net)
                      0.054260    0.000338   11.175788 v clkbuf_1_0__f_net518/A (sky130_fd_sc_hd__clkbuf_16)
     2    0.008344    0.046449    0.235292   11.411079 v clkbuf_1_0__f_net518/X (sky130_fd_sc_hd__clkbuf_16)
                                                         clknet_1_0__leaf_net518 (net)
                      0.046449    0.000213   11.411293 v c703/SCE (sky130_fd_sc_hd__sdfbbn_1)
                                             11.411293   data arrival time

                                  4.000000    4.000000   clock clk (fall edge)
                                  0.000000    4.000000   clock source latency
     2    0.035734    0.155393    0.111557    4.111557 v clk (in)
                                                         clk (net)
                      0.155558    0.000000    4.111557 v clkbuf_0_clk/A (sky130_fd_sc_hd__clkbuf_16)
    33    0.191476    0.211043    0.437938    4.549495 v clkbuf_0_clk/X (sky130_fd_sc_hd__clkbuf_16)
                                                         clknet_0_clk (net)
                      0.211245    0.005383    4.554878 v clkbuf_4_13_0_clk/A (sky130_fd_sc_hd__clkbuf_8)
    25    0.057131    0.125334    0.381045    4.935923 v clkbuf_4_13_0_clk/X (sky130_fd_sc_hd__clkbuf_8)
                                                         clknet_4_13_0_clk (net)
                      0.125355    0.001658    4.937581 v c703/CLK_N (sky130_fd_sc_hd__sdfbbn_1)
                                 -0.250000    4.687581   clock uncertainty
                                  0.000000    4.687581   clock reconvergence pessimism
                                 -0.864113    3.823468   library setup time
                                              3.823468   data required time
---------------------------------------------------------------------------------------------
                                              3.823468   data required time
                                            -11.411293   data arrival time
---------------------------------------------------------------------------------------------
                                             -7.587825   slack (VIOLATED)




===========================================================================
report_checks --slack_max -0.01
============================================================================
======================= nom_ss_100C_1v60 Corner ===================================

Startpoint: in14 (input port clocked by clk)
Endpoint: c472 (recovery check against falling-edge clock clk)
Path Group: asynchronous
Path Type: max

Fanout         Cap        Slew       Delay        Time   Description
---------------------------------------------------------------------------------------------
                                  0.000000    0.000000   clock clk (rise edge)
                                  0.000000    0.000000   clock network delay (propagated)
                                  1.600000    1.600000 v input external delay
     2    0.003950    0.022937    0.012853    1.612853 v in14 (in)
                                                         in14 (net)
                      0.022937    0.000000    1.612853 v input7/A (sky130_fd_sc_hd__clkbuf_4)
     3    0.038197    0.151013    0.311521    1.924374 v input7/X (sky130_fd_sc_hd__clkbuf_4)
                                                         net674 (net)
                      0.151082    0.003018    1.927392 v c127/A (sky130_fd_sc_hd__inv_12)
     7    0.032085    0.078857    0.137784    2.065176 ^ c127/Y (sky130_fd_sc_hd__inv_12)
                                                         net71 (net)
                      0.078873    0.001114    2.066291 ^ c138/C_N (sky130_fd_sc_hd__or4bb_4)
     2    0.006220    0.161781    1.053815    3.120106 v c138/X (sky130_fd_sc_hd__or4bb_4)
                                                         net82 (net)
                      0.161781    0.000148    3.120254 v c139/B (sky130_fd_sc_hd__or2_4)
     7    0.033001    0.145456    0.564596    3.684850 v c139/X (sky130_fd_sc_hd__or2_4)
                                                         net83 (net)
                      0.145456    0.000422    3.685271 v c143/A_N (sky130_fd_sc_hd__and2b_1)
     3    0.020222    0.299963    0.579452    4.264723 ^ c143/X (sky130_fd_sc_hd__and2b_1)
                                                         net87 (net)
                      0.299963    0.000783    4.265507 ^ c156/B (sky130_fd_sc_hd__nand2_1)
     2    0.005449    0.224069    0.219501    4.485008 v c156/Y (sky130_fd_sc_hd__nand2_1)
                                                         net100 (net)
                      0.224069    0.000147    4.485155 v c157/A_N (sky130_fd_sc_hd__nand2b_4)
     9    0.029140    0.167200    0.399823    4.884978 v c157/Y (sky130_fd_sc_hd__nand2b_4)
                                                         net101 (net)
                      0.167200    0.000313    4.885291 v c158/A (sky130_fd_sc_hd__and2_1)
     2    0.006118    0.094480    0.350751    5.236042 v c158/X (sky130_fd_sc_hd__and2_1)
                                                         net102 (net)
                      0.094480    0.000078    5.236120 v c159/A (sky130_fd_sc_hd__and2_1)
     2    0.007664    0.106737    0.327578    5.563699 v c159/X (sky130_fd_sc_hd__and2_1)
                                                         net103 (net)
                      0.106737    0.000177    5.563876 v c160/B (sky130_fd_sc_hd__or3_4)
    13    0.038552    0.202990    0.866765    6.430641 v c160/X (sky130_fd_sc_hd__or3_4)
                                                         net104 (net)
                      0.202997    0.001467    6.432108 v c408/B (sky130_fd_sc_hd__nor2_1)
     2    0.008413    0.285815    0.310501    6.742610 ^ c408/Y (sky130_fd_sc_hd__nor2_1)
                                                         net350 (net)
                      0.285815    0.000313    6.742922 ^ c421/A_N (sky130_fd_sc_hd__and3b_1)
     2    0.004292    0.083346    0.448543    7.191464 v c421/X (sky130_fd_sc_hd__and3b_1)
                                                         net365 (net)
                      0.083346    0.000058    7.191522 v c427/B (sky130_fd_sc_hd__and3_1)
     1    0.011253    0.140892    0.411747    7.603270 v c427/X (sky130_fd_sc_hd__and3_1)
                                                         net371 (net)
                      0.140892    0.000500    7.603769 v clkbuf_0_net371/A (sky130_fd_sc_hd__clkbuf_16)
     2    0.018216    0.055737    0.289615    7.893384 v clkbuf_0_net371/X (sky130_fd_sc_hd__clkbuf_16)
                                                         clknet_0_net371 (net)
                      0.055737    0.000485    7.893869 v clkbuf_1_1__f_net371/A (sky130_fd_sc_hd__clkbuf_16)
     1    0.003359    0.041283    0.227759    8.121628 v clkbuf_1_1__f_net371/X (sky130_fd_sc_hd__clkbuf_16)
                                                         clknet_1_1__leaf_net371 (net)
                      0.041284    0.000096    8.121724 v c437/S1 (sky130_fd_sc_hd__mux4_4)
     1    0.010546    0.241353    1.022198    9.143922 v c437/X (sky130_fd_sc_hd__mux4_4)
                                                         net383 (net)
                      0.241353    0.000491    9.144414 v clkbuf_0_net383/A (sky130_fd_sc_hd__clkbuf_16)
     2    0.017877    0.055780    0.338454    9.482867 v clkbuf_0_net383/X (sky130_fd_sc_hd__clkbuf_16)
                                                         clknet_0_net383 (net)
                      0.055780    0.000420    9.483287 v clkbuf_1_1__f_net383/A (sky130_fd_sc_hd__clkbuf_16)
     1    0.003510    0.041453    0.228029    9.711316 v clkbuf_1_1__f_net383/X (sky130_fd_sc_hd__clkbuf_16)
                                                         clknet_1_1__leaf_net383 (net)
                      0.041453    0.000124    9.711441 v c439/A_N (sky130_fd_sc_hd__nand3b_1)
     1    0.012312    0.330379    0.474448   10.185889 v c439/Y (sky130_fd_sc_hd__nand3b_1)
                                                         net385 (net)
                      0.330379    0.000614   10.186502 v clkbuf_0_net385/A (sky130_fd_sc_hd__clkbuf_16)
     2    0.016949    0.055870    0.380162   10.566665 v clkbuf_0_net385/X (sky130_fd_sc_hd__clkbuf_16)
                                                         clknet_0_net385 (net)
                      0.055870    0.000273   10.566936 v clkbuf_1_1__f_net385/A (sky130_fd_sc_hd__clkbuf_16)
     1    0.006587    0.044694    0.233137   10.800074 v clkbuf_1_1__f_net385/X (sky130_fd_sc_hd__clkbuf_16)
                                                         clknet_1_1__leaf_net385 (net)
                      0.044694    0.000252   10.800326 v c469/C (sky130_fd_sc_hd__nor3_2)
     1    0.010424    0.365645    0.299641   11.099968 ^ c469/Y (sky130_fd_sc_hd__nor3_2)
                                                         net412 (net)
                      0.365645    0.000441   11.100408 ^ clkbuf_0_net412/A (sky130_fd_sc_hd__clkbuf_16)
     2    0.020054    0.070344    0.349838   11.450246 ^ clkbuf_0_net412/X (sky130_fd_sc_hd__clkbuf_16)
                                                         clknet_0_net412 (net)
                      0.070344    0.000551   11.450796 ^ clkbuf_1_1__f_net412/A (sky130_fd_sc_hd__clkbuf_16)
     1    0.002127    0.043689    0.192786   11.643582 ^ clkbuf_1_1__f_net412/X (sky130_fd_sc_hd__clkbuf_16)
                                                         clknet_1_1__leaf_net412 (net)
                      0.043689    0.000062   11.643644 ^ c472/RESET_B (sky130_fd_sc_hd__dfbbn_1)
                                             11.643644   data arrival time

                                  4.000000    4.000000   clock clk (fall edge)
                                  0.000000    4.000000   clock source latency
     2    0.035734    0.155393    0.111557    4.111557 v clk (in)
                                                         clk (net)
                      0.155558    0.000000    4.111557 v clkbuf_0_clk/A (sky130_fd_sc_hd__clkbuf_16)
    33    0.191476    0.211043    0.437938    4.549495 v clkbuf_0_clk/X (sky130_fd_sc_hd__clkbuf_16)
                                                         clknet_0_clk (net)
                      0.213215    0.017041    4.566536 v clkbuf_4_3_0_clk/A (sky130_fd_sc_hd__clkbuf_8)
     7    0.027158    0.080044    0.339437    4.905973 v clkbuf_4_3_0_clk/X (sky130_fd_sc_hd__clkbuf_8)
                                                         clknet_4_3_0_clk (net)
                      0.080054    0.000901    4.906875 v c472/CLK_N (sky130_fd_sc_hd__dfbbn_1)
                                 -0.250000    4.656875   clock uncertainty
                                  0.000000    4.656875   clock reconvergence pessimism
                                 -0.098696    4.558179   library recovery time
                                              4.558179   data required time
---------------------------------------------------------------------------------------------
                                              4.558179   data required time
                                            -11.643644   data arrival time
---------------------------------------------------------------------------------------------
                                             -7.085466   slack (VIOLATED)


Startpoint: in3 (input port clocked by clk)
Endpoint: c703 (falling edge-triggered flip-flop clocked by clk)
Path Group: clk
Path Type: max

Fanout         Cap        Slew       Delay        Time   Description
---------------------------------------------------------------------------------------------
                                  0.000000    0.000000   clock clk (rise edge)
                                  0.000000    0.000000   clock network delay (propagated)
                                  1.600000    1.600000 v input external delay
     2    0.004238    0.024084    0.013757    1.613757 v in3 (in)
                                                         in3 (net)
                      0.024084    0.000000    1.613757 v input24/A (sky130_fd_sc_hd__clkbuf_2)
    11    0.037020    0.259648    0.327169    1.940926 v input24/X (sky130_fd_sc_hd__clkbuf_2)
                                                         net691 (net)
                      0.259768    0.002901    1.943827 v c126/A (sky130_fd_sc_hd__nor2b_1)
     3    0.012331    0.413270    0.458228    2.402055 ^ c126/Y (sky130_fd_sc_hd__nor2b_1)
                                                         net70 (net)
                      0.413270    0.000339    2.402394 ^ c255/A (sky130_fd_sc_hd__inv_1)
     5    0.023027    0.235775    0.353097    2.755491 v c255/Y (sky130_fd_sc_hd__inv_1)
                                                         net199 (net)
                      0.235775    0.000679    2.756171 v fanout110/A (sky130_fd_sc_hd__clkbuf_4)
    21    0.074103    0.265813    0.500718    3.256888 v fanout110/X (sky130_fd_sc_hd__clkbuf_4)
                                                         net777 (net)
                      0.265813    0.000740    3.257628 v c257/B (sky130_fd_sc_hd__and2b_1)
     5    0.010149    0.125543    0.477488    3.735116 v c257/X (sky130_fd_sc_hd__and2b_1)
                                                         net201 (net)
                      0.125543    0.000322    3.735438 v c286/B (sky130_fd_sc_hd__or3_2)
     5    0.020124    0.261945    1.239964    4.975402 v c286/X (sky130_fd_sc_hd__or3_2)
                                                         net228 (net)
                      0.261945    0.000329    4.975730 v c289/A (sky130_fd_sc_hd__and2_2)
    13    0.045454    0.236772    0.619163    5.594893 v c289/X (sky130_fd_sc_hd__and2_2)
                                                         net231 (net)
                      0.236773    0.001064    5.595958 v c292/A (sky130_fd_sc_hd__nor2b_1)
     3    0.012505    0.417397    0.453045    6.049002 ^ c292/Y (sky130_fd_sc_hd__nor2b_1)
                                                         net234 (net)
                      0.417397    0.000227    6.049230 ^ c276/B (sky130_fd_sc_hd__or2_1)
     2    0.008086    0.139012    0.345870    6.395100 ^ c276/X (sky130_fd_sc_hd__or2_1)
                                                         net220 (net)
                      0.139012    0.000125    6.395225 ^ c277/A_N (sky130_fd_sc_hd__and2b_1)
     2    0.005376    0.086855    0.408702    6.803926 v c277/X (sky130_fd_sc_hd__and2b_1)
                                                         net221 (net)
                      0.086855    0.000086    6.804013 v c284/A (sky130_fd_sc_hd__or2b_4)
    19    0.098999    0.270653    0.707562    7.511575 v c284/X (sky130_fd_sc_hd__or2b_4)
                                                         net731 (net)
                      0.270687    0.003322    7.514896 v c418/C (sky130_fd_sc_hd__and3b_2)
     1    0.016393    0.134423    0.613434    8.128330 v c418/X (sky130_fd_sc_hd__and3b_2)
                                                         net360 (net)
                      0.134429    0.000997    8.129327 v clkbuf_0_net360/A (sky130_fd_sc_hd__clkbuf_16)
     2    0.017806    0.055373    0.285959    8.415286 v clkbuf_0_net360/X (sky130_fd_sc_hd__clkbuf_16)
                                                         clknet_0_net360 (net)
                      0.055373    0.000492    8.415777 v clkbuf_1_0__f_net360/A (sky130_fd_sc_hd__clkbuf_16)
     2    0.007551    0.045660    0.234505    8.650283 v clkbuf_1_0__f_net360/X (sky130_fd_sc_hd__clkbuf_16)
                                                         clknet_1_0__leaf_net360 (net)
                      0.045661    0.000198    8.650480 v c580/A_N (sky130_fd_sc_hd__nand3b_1)
     1    0.011902    0.320174    0.469617    9.120098 v c580/Y (sky130_fd_sc_hd__nand3b_1)
                                                         net515 (net)
                      0.320174    0.000554    9.120652 v clkbuf_0_net515/A (sky130_fd_sc_hd__clkbuf_16)
     2    0.016219    0.055153    0.374389    9.495042 v clkbuf_0_net515/X (sky130_fd_sc_hd__clkbuf_16)
                                                         clknet_0_net515 (net)
                      0.055153    0.000285    9.495327 v clkbuf_1_0__f_net515/A (sky130_fd_sc_hd__clkbuf_16)
     3    0.016315    0.053996    0.245741    9.741068 v clkbuf_1_0__f_net515/X (sky130_fd_sc_hd__clkbuf_16)
                                                         clknet_1_0__leaf_net515 (net)
                      0.053996    0.000460    9.741528 v c583/A1 (sky130_fd_sc_hd__mux4_2)
     1    0.014667    0.219777    1.106849   10.848376 v c583/X (sky130_fd_sc_hd__mux4_2)
                                                         net518 (net)
                      0.219777    0.000830   10.849206 v clkbuf_0_net518/A (sky130_fd_sc_hd__clkbuf_16)
     2    0.016324    0.054260    0.326243   11.175449 v clkbuf_0_net518/X (sky130_fd_sc_hd__clkbuf_16)
                                                         clknet_0_net518 (net)
                      0.054260    0.000338   11.175788 v clkbuf_1_0__f_net518/A (sky130_fd_sc_hd__clkbuf_16)
     2    0.008344    0.046449    0.235292   11.411079 v clkbuf_1_0__f_net518/X (sky130_fd_sc_hd__clkbuf_16)
                                                         clknet_1_0__leaf_net518 (net)
                      0.046449    0.000213   11.411293 v c703/SCE (sky130_fd_sc_hd__sdfbbn_1)
                                             11.411293   data arrival time

                                  4.000000    4.000000   clock clk (fall edge)
                                  0.000000    4.000000   clock source latency
     2    0.035734    0.155393    0.111557    4.111557 v clk (in)
                                                         clk (net)
                      0.155558    0.000000    4.111557 v clkbuf_0_clk/A (sky130_fd_sc_hd__clkbuf_16)
    33    0.191476    0.211043    0.437938    4.549495 v clkbuf_0_clk/X (sky130_fd_sc_hd__clkbuf_16)
                                                         clknet_0_clk (net)
                      0.211245    0.005383    4.554878 v clkbuf_4_13_0_clk/A (sky130_fd_sc_hd__clkbuf_8)
    25    0.057131    0.125334    0.381045    4.935923 v clkbuf_4_13_0_clk/X (sky130_fd_sc_hd__clkbuf_8)
                                                         clknet_4_13_0_clk (net)
                      0.125355    0.001658    4.937581 v c703/CLK_N (sky130_fd_sc_hd__sdfbbn_1)
                                 -0.250000    4.687581   clock uncertainty
                                  0.000000    4.687581   clock reconvergence pessimism
                                 -0.864113    3.823468   library setup time
                                              3.823468   data required time
---------------------------------------------------------------------------------------------
                                              3.823468   data required time
                                            -11.411293   data arrival time
---------------------------------------------------------------------------------------------
                                             -7.587825   slack (VIOLATED)




===========================================================================
 report_check_types -max_slew -max_cap -max_fanout -violators
============================================================================
======================= nom_ss_100C_1v60 Corner ===================================

max slew

Pin                                        Limit        Slew       Slack
------------------------------------------------------------------------
ANTENNA_output79_A/DIODE                0.750000    1.052841   -0.302841 (VIOLATED)
output79/A                              0.750000    1.052841   -0.302841 (VIOLATED)
ANTENNA_c588_SET_B/DIODE                0.750000    1.052833   -0.302833 (VIOLATED)
c588/SET_B                              0.750000    1.052834   -0.302834 (VIOLATED)
c582/RESET_B                            0.750000    1.052833   -0.302833 (VIOLATED)
ANTENNA_c582_RESET_B/DIODE              0.750000    1.052831   -0.302831 (VIOLATED)
ANTENNA_c456_Y/DIODE                    0.750000    1.052829   -0.302829 (VIOLATED)
c456/Y                                  0.750000    1.052829   -0.302829 (VIOLATED)
c714/Y                                  0.750000    1.045072   -0.295072 (VIOLATED)
c729/A1                                 0.750000    1.045072   -0.295072 (VIOLATED)
c344/C1                                 0.750000    0.982326   -0.232326 (VIOLATED)
ANTENNA_c344_C1/DIODE                   0.750000    0.982325   -0.232325 (VIOLATED)
c594/D                                  0.750000    0.982325   -0.232325 (VIOLATED)
ANTENNA_c594_D/DIODE                    0.750000    0.982324   -0.232324 (VIOLATED)
ANTENNA_c535_B/DIODE                    0.750000    0.982282   -0.232282 (VIOLATED)
c535/B                                  0.750000    0.982282   -0.232282 (VIOLATED)
ANTENNA_c280_B/DIODE                    0.750000    0.982270   -0.232270 (VIOLATED)
c280/B                                  0.750000    0.982270   -0.232270 (VIOLATED)
ANTENNA_c273_Y/DIODE                    0.750000    0.982269   -0.232269 (VIOLATED)
c273/Y                                  0.750000    0.982269   -0.232269 (VIOLATED)
ANTENNA_output83_A/DIODE                0.750000    0.954200   -0.204200 (VIOLATED)
output83/A                              0.750000    0.954200   -0.204200 (VIOLATED)
c359/B                                  0.750000    0.954199   -0.204199 (VIOLATED)
ANTENNA_c359_B/DIODE                    0.750000    0.954198   -0.204198 (VIOLATED)
c357/A1                                 0.750000    0.954184   -0.204184 (VIOLATED)
ANTENNA_c357_A1/DIODE                   0.750000    0.954179   -0.204179 (VIOLATED)
ANTENNA_c321_SCE/DIODE                  0.750000    0.954116   -0.204116 (VIOLATED)
c321/SCE                                0.750000    0.954115   -0.204115 (VIOLATED)
ANTENNA_c279_Y/DIODE                    0.750000    0.954090   -0.204090 (VIOLATED)
c279/Y                                  0.750000    0.954090   -0.204090 (VIOLATED)
ANTENNA_c196_B/DIODE                    0.750000    0.920821   -0.170821 (VIOLATED)
c196/B                                  0.750000    0.920821   -0.170821 (VIOLATED)
ANTENNA_c61_B_N/DIODE                   0.750000    0.920820   -0.170820 (VIOLATED)
c61/B_N                                 0.750000    0.920820   -0.170820 (VIOLATED)
ANTENNA_c64_B/DIODE                     0.750000    0.920819   -0.170819 (VIOLATED)
c64/B                                   0.750000    0.920820   -0.170820 (VIOLATED)
ANTENNA_c209_A1/DIODE                   0.750000    0.920819   -0.170819 (VIOLATED)
ANTENNA_c83_D_N/DIODE                   0.750000    0.920818   -0.170818 (VIOLATED)
c83/D_N                                 0.750000    0.920819   -0.170819 (VIOLATED)
ANTENNA_c66_B/DIODE                     0.750000    0.920818   -0.170818 (VIOLATED)
c190/A                                  0.750000    0.920818   -0.170818 (VIOLATED)
c66/B                                   0.750000    0.920818   -0.170818 (VIOLATED)
ANTENNA_c190_A/DIODE                    0.750000    0.920818   -0.170818 (VIOLATED)
c209/A1                                 0.750000    0.920818   -0.170818 (VIOLATED)
ANTENNA_c59_Y/DIODE                     0.750000    0.920817   -0.170817 (VIOLATED)
c59/Y                                   0.750000    0.920815   -0.170815 (VIOLATED)
c416/Y                                  0.750000    0.884758   -0.134758 (VIOLATED)
clkbuf_0_net359/A                       0.750000    0.884758   -0.134758 (VIOLATED)
c708/A1                                 0.750000    0.862781   -0.112781 (VIOLATED)
ANTENNA_c708_A1/DIODE                   0.750000    0.862781   -0.112781 (VIOLATED)
c571/B                                  0.750000    0.862776   -0.112776 (VIOLATED)
ANTENNA_c571_B/DIODE                    0.750000    0.862769   -0.112769 (VIOLATED)
ANTENNA_c192_B/DIODE                    0.750000    0.862735   -0.112735 (VIOLATED)
c192/B                                  0.750000    0.862735   -0.112735 (VIOLATED)
ANTENNA_c151_Y/DIODE                    0.750000    0.862731   -0.112731 (VIOLATED)
ANTENNA_c156_A/DIODE                    0.750000    0.862731   -0.112731 (VIOLATED)
c151/Y                                  0.750000    0.862731   -0.112731 (VIOLATED)
c156/A                                  0.750000    0.862731   -0.112731 (VIOLATED)
c702/A                                  0.750000    0.850647   -0.100647 (VIOLATED)
ANTENNA_c702_A/DIODE                    0.750000    0.850646   -0.100646 (VIOLATED)
ANTENNA_c567_B/DIODE                    0.750000    0.850633   -0.100633 (VIOLATED)
c567/B                                  0.750000    0.850630   -0.100630 (VIOLATED)
c568/C_N                                0.750000    0.850614   -0.100614 (VIOLATED)
ANTENNA_c568_C_N/DIODE                  0.750000    0.850609   -0.100610 (VIOLATED)
ANTENNA_c321_SET_B/DIODE                0.750000    0.850581   -0.100581 (VIOLATED)
c321/SET_B                              0.750000    0.850581   -0.100581 (VIOLATED)
ANTENNA_c190_Y/DIODE                    0.750000    0.850578   -0.100578 (VIOLATED)
c190/Y                                  0.750000    0.850578   -0.100578 (VIOLATED)
c234/B                                  0.750000    0.835617   -0.085617 (VIOLATED)
ANTENNA_c234_B/DIODE                    0.750000    0.835617   -0.085617 (VIOLATED)
c222/B                                  0.750000    0.835617   -0.085617 (VIOLATED)
ANTENNA_c222_B/DIODE                    0.750000    0.835616   -0.085616 (VIOLATED)
c137/A_N                                0.750000    0.835606   -0.085606 (VIOLATED)
ANTENNA_c137_A_N/DIODE                  0.750000    0.835606   -0.085606 (VIOLATED)
ANTENNA_c134_B_N/DIODE                  0.750000    0.835600   -0.085600 (VIOLATED)
c134/B_N                                0.750000    0.835600   -0.085600 (VIOLATED)
ANTENNA_c165_D_N/DIODE                  0.750000    0.835600   -0.085600 (VIOLATED)
c165/D_N                                0.750000    0.835600   -0.085600 (VIOLATED)
ANTENNA_c150_B/DIODE                    0.750000    0.835599   -0.085599 (VIOLATED)
c150/B                                  0.750000    0.835599   -0.085599 (VIOLATED)
ANTENNA_c133_Y/DIODE                    0.750000    0.835598   -0.085598 (VIOLATED)
c133/Y                                  0.750000    0.835598   -0.085598 (VIOLATED)
c569/SCE                                0.750000    0.807839   -0.057839 (VIOLATED)
ANTENNA_c569_SCE/DIODE                  0.750000    0.807838   -0.057838 (VIOLATED)
c589/A_N                                0.750000    0.807830   -0.057830 (VIOLATED)
ANTENNA_c589_A_N/DIODE                  0.750000    0.807830   -0.057830 (VIOLATED)
c472/SET_B                              0.750000    0.807823   -0.057823 (VIOLATED)
ANTENNA_c472_SET_B/DIODE                0.750000    0.807823   -0.057823 (VIOLATED)
ANTENNA_max_cap111_A/DIODE              0.750000    0.807810   -0.057810 (VIOLATED)
max_cap111/A                            0.750000    0.807810   -0.057810 (VIOLATED)
c222/D_N                                0.750000    0.807794   -0.057794 (VIOLATED)
ANTENNA_c222_D_N/DIODE                  0.750000    0.807794   -0.057794 (VIOLATED)
ANTENNA_c60_Y/DIODE                     0.750000    0.807791   -0.057791 (VIOLATED)
c60/Y                                   0.750000    0.807791   -0.057791 (VIOLATED)
output55/A                              0.750000    0.803959   -0.053959 (VIOLATED)
c465/Y                                  0.750000    0.803957   -0.053957 (VIOLATED)
c475/B                                  0.750000    0.790045   -0.040045 (VIOLATED)
ANTENNA_c475_B/DIODE                    0.750000    0.790045   -0.040045 (VIOLATED)
c214/B                                  0.750000    0.790044   -0.040044 (VIOLATED)
ANTENNA_c214_B/DIODE                    0.750000    0.790043   -0.040043 (VIOLATED)
output82/A                              0.750000    0.790042   -0.040042 (VIOLATED)
ANTENNA_output82_A/DIODE                0.750000    0.790042   -0.040042 (VIOLATED)
c248/B                                  0.750000    0.790042   -0.040042 (VIOLATED)
ANTENNA_c248_B/DIODE                    0.750000    0.790042   -0.040042 (VIOLATED)
c101/B                                  0.750000    0.790039   -0.040039 (VIOLATED)
ANTENNA_c101_B/DIODE                    0.750000    0.790039   -0.040039 (VIOLATED)
ANTENNA_c100_Y/DIODE                    0.750000    0.790036   -0.040036 (VIOLATED)
c100/Y                                  0.750000    0.790036   -0.040036 (VIOLATED)

max fanout

Pin                                   Limit Fanout  Slack
---------------------------------------------------------
clkbuf_0_clk/X                           10     33    -23 (VIOLATED)
clkbuf_4_13_0_clk/X                      10     25    -15 (VIOLATED)
clkbuf_4_8_0_clk/X                       10     25    -15 (VIOLATED)
clkbuf_4_15_0_clk/X                      10     21    -11 (VIOLATED)
clkbuf_4_7_0_clk/X                       10     21    -11 (VIOLATED)
fanout107/X                              10     21    -11 (VIOLATED)
fanout108/X                              10     21    -11 (VIOLATED)
fanout110/X                              10     21    -11 (VIOLATED)
c284/X                                   10     19     -9 (VIOLATED)
c315/X                                   10     19     -9 (VIOLATED)
c642/X                                   10     19     -9 (VIOLATED)
c657/Y                                   10     19     -9 (VIOLATED)
c295/Y                                   10     17     -7 (VIOLATED)
c309/Y                                   10     17     -7 (VIOLATED)
c384/X                                   10     17     -7 (VIOLATED)
c414/X                                   10     17     -7 (VIOLATED)
c635/Y                                   10     17     -7 (VIOLATED)
c67/Y                                    10     17     -7 (VIOLATED)
c68/Y                                    10     17     -7 (VIOLATED)
clkbuf_4_10_0_clk/X                      10     17     -7 (VIOLATED)
input34/X                                10     17     -7 (VIOLATED)
c166/Y                                   10     15     -5 (VIOLATED)
c197/Y                                   10     15     -5 (VIOLATED)
c328/Y                                   10     15     -5 (VIOLATED)
c578/X                                   10     15     -5 (VIOLATED)
c59/Y                                    10     15     -5 (VIOLATED)
c98/X                                    10     15     -5 (VIOLATED)
c102/X                                   10     13     -3 (VIOLATED)
c132/Y                                   10     13     -3 (VIOLATED)
c133/Y                                   10     13     -3 (VIOLATED)
c134/X                                   10     13     -3 (VIOLATED)
c136/X                                   10     13     -3 (VIOLATED)
c137/Y                                   10     13     -3 (VIOLATED)
c160/X                                   10     13     -3 (VIOLATED)
c174/Y                                   10     13     -3 (VIOLATED)
c178/X                                   10     13     -3 (VIOLATED)
c212/Y                                   10     13     -3 (VIOLATED)
c289/X                                   10     13     -3 (VIOLATED)
c344/X                                   10     13     -3 (VIOLATED)
c527/Q                                   10     13     -3 (VIOLATED)
c539/Y                                   10     13     -3 (VIOLATED)
clkbuf_4_0_0_clk/X                       10     13     -3 (VIOLATED)
clkbuf_4_4_0_clk/X                       10     13     -3 (VIOLATED)
input35/X                                10     13     -3 (VIOLATED)
input8/X                                 10     13     -3 (VIOLATED)
c100/Y                                   10     11        (VIOLATED)
c104/X                                   10     11        (VIOLATED)
c161/X                                   10     11        (VIOLATED)
c165/X                                   10     11        (VIOLATED)
c208/Y                                   10     11        (VIOLATED)
c214/X                                   10     11        (VIOLATED)
c252/X                                   10     11        (VIOLATED)
c265/X                                   10     11        (VIOLATED)
c272/X                                   10     11        (VIOLATED)
c302/X                                   10     11        (VIOLATED)
c395/X                                   10     11        (VIOLATED)
c411/Y                                   10     11        (VIOLATED)
c526/Q                                   10     11        (VIOLATED)
c60/Y                                    10     11        (VIOLATED)
c600/Q_N                                 10     11        (VIOLATED)
c62/X                                    10     11        (VIOLATED)
input1/X                                 10     11        (VIOLATED)
input10/X                                10     11        (VIOLATED)
input12/X                                10     11        (VIOLATED)
input14/X                                10     11        (VIOLATED)
input24/X                                10     11        (VIOLATED)
input36/X                                10     11        (VIOLATED)
input43/X                                10     11        (VIOLATED)
input51/X                                10     11        (VIOLATED)
max_cap111/X                             10     11        (VIOLATED)



===========================================================================
report_parasitic_annotation -report_unannotated
============================================================================
Found 33 unannotated drivers.
 rst
 c182/Q_N
 c184/Q_N
 c206/Q_N
 c211/Q_N
 c235/Q_N
 c306/Q_N
 c336/Q_N
 c472/Q_N
 c473/Q_N
 c494/Q_N
 c502/Q_N
 c562/Q_N
 c582/Q_N
 c588/Q_N
 c593/Q_N
 c596/Q_N
 c666/Q_N
 c671/Q_N
 c673/Q_N
 c676/Q_N
 c703/Q_N
 c706/Q_N
 c711/Q_N
 c712/Q_N
 c718/Q_N
 c734/Q
 c734/Q_N
 s764/Q_N
 s765/Q_N
 s766/Q_N
 s772/Q_N
 s773/Q_N
Found 0 partially unannotated drivers.

===========================================================================
max slew violation count 108
max fanout violation count 70
max cap violation count 0
============================================================================

===========================================================================
check_setup -verbose -unconstrained_endpoints -multiple_clock -no_clock -no_input_delay -loops -generated_clocks
===========================================================================
Warning: There are 2 unconstrained endpoints.
  out22
  out45
