
===========================================================================
Violator List
============================================================================
[hold reg-reg] c416/Q -> c667/SET_B : -0.148420
[hold reg-reg] s803/Q -> c666/SET_B : -0.111396
[hold reg-reg] s809/Q -> c690/SET_B : -0.106076
[hold reg-reg] c337/Q -> c347/RESET_B : -0.103078
[hold reg-reg] s815/Q_N -> c708/SET_B : -0.100680
[hold reg-reg] c534/Q -> c535/RESET_B : -0.098665
[hold reg-reg] s804/Q -> c664/SET_B : -0.096372
[hold reg-reg] c394/Q_N -> c396/SET_B : -0.064601
[hold reg-reg] c394/Q -> c436/RESET_B : -0.060510
[hold reg-reg] c164/Q_N -> c171/RESET_B : -0.057746
[hold reg-reg] c397/Q -> c529/RESET_B : -0.055725
[hold reg-reg] s741/Q_N -> c246/SET_B : -0.054476
[hold reg-reg] merge740/Q -> c516/RESET_B : -0.029412
[hold reg-reg] s765/Q -> c457/SET_B : -0.020422
[hold reg-reg] s750/Q_N -> c682/SET_B : -0.016699
[setup reg-reg] s765/Q -> c457/SET_B : -7.661170
[setup reg-reg] s770/Q -> c466/SET_B : -7.508040
[setup reg-reg] s749/Q_N -> c694/SET_B : -6.856082
[setup reg-reg] c429/Q -> c703/RESET_B : -6.583978
[setup in-reg] clk -> c333/RESET_B : -6.254397
[setup in-reg] clk -> c333/SET_B : -5.330470
[setup reg-reg] c190/Q -> c349/SET_B : -5.191332
[setup reg-reg] c288/Q -> c329/RESET_B : -5.018800
[setup reg-reg] c672/Q_N -> c683/SET_B : -4.760564
[setup reg-reg] c508/Q -> c553/RESET_B : -4.541516
[setup reg-reg] c327/Q_N -> c344/RESET_B : -4.526341
[setup reg-reg] s819/Q -> c713/SET_B : -4.187565
[setup reg-reg] s815/Q_N -> c708/SET_B : -4.179980
[setup in-reg] in7 -> c555/RESET_B : -3.372766
[setup in-reg] in7 -> c554/RESET_B : -3.372510
[setup in-reg] in7 -> c672/SCD : -3.016460
[setup in-reg] in7 -> c683/SCE : -3.010861
[setup in-reg] in7 -> c553/D : -2.789590
[setup in-reg] in7 -> c555/SCE : -2.706968
[setup in-reg] in7 -> s820/D : -2.630378
[setup in-reg] in7 -> c544/RESET_B : -2.610715
[setup in-reg] in7 -> s787/D : -2.592155
[setup in-reg] in7 -> s772/D : -2.570871
[setup in-reg] in7 -> s767/D : -2.527675
[setup in-reg] in7 -> s799/D : -2.486509
[setup in-reg] in7 -> s783/D : -2.477504
[setup in-reg] in7 -> c544/SET_B : -2.445517
[setup in-reg] in7 -> s815/D : -2.419848
[setup in-reg] in7 -> s819/D : -2.362674
[setup in-reg] in7 -> s771/D : -2.304901
[setup in-reg] in7 -> c674/SCD : -2.262708
[setup in-reg] in7 -> c430/D : -2.262439
[setup in-reg] in7 -> c429/D : -2.207273
[setup in-reg] in7 -> c703/RESET_B : -2.182912
[setup in-reg] in54 -> c331/RESET_B : -2.112660
[setup reg-out] s801/Q -> out22 : -2.012254
[setup in-reg] in7 -> s788/D : -1.960027
[setup in-reg] in7 -> c241/RESET_B : -1.931462
[setup in-reg] in7 -> c713/RESET_B : -1.901961
[setup in-reg] in7 -> s755/D : -1.872996
[setup in-reg] in7 -> c331/D : -1.840335
[setup in-reg] in7 -> c457/RESET_B : -1.814581
[setup in-reg] in33 -> c676/RESET_B : -1.796373
[setup in-reg] in7 -> c344/D : -1.713810
[setup in-reg] in7 -> s751/D : -1.706590
[setup in-reg] in7 -> c567/SET_B : -1.681923
[setup in-reg] in7 -> c444/SET_B : -1.681410
[setup reg-out] s766/Q -> out25 : -1.648493
[setup in-reg] in7 -> c178/D : -1.644664
[setup in-reg] in7 -> c327/SCE : -1.640173
[setup reg-out] s770/Q -> out9 : -1.613555
[setup in-reg] in7 -> c457/D : -1.612719
[setup in-reg] in7 -> c190/SCD : -1.609416
[setup in-reg] in7 -> c333/RESET_B : -1.577910
[setup in-reg] in7 -> c694/SET_B : -1.569510
[setup in-reg] in7 -> c288/D : -1.561174
[setup in-reg] in7 -> c185/D : -1.557230
[setup in-reg] in7 -> c182/RESET_B : -1.548429
[setup in-reg] in7 -> c331/SET_B : -1.482657
[setup in-reg] in7 -> c182/SCD : -1.479979
[setup in-reg] clk -> c703/SET_B : -1.473812
[setup in-reg] in7 -> c344/SET_B : -1.473057
[setup in-reg] in7 -> c183/SET_B : -1.467002
[setup in-reg] in7 -> c567/D : -1.455772
[setup in-reg] in7 -> s831/D : -1.438318
[setup in-reg] in7 -> c183/RESET_B : -1.431565
[setup in-reg] in7 -> c694/SCE : -1.389396
[setup in-reg] in7 -> c541/SCD : -1.378916
[setup in-reg] in7 -> c713/D : -1.375306
[setup reg-out] s770/Q -> out46 : -1.361251
[setup in-reg] in7 -> c288/RESET_B : -1.325598
[setup in-reg] in7 -> c548/SCE : -1.269307
[setup in-reg] in7 -> c247/SET_B : -1.256550
[setup in-reg] in7 -> c457/SCE : -1.212285
[setup in-out] clk -> out10 : -1.183953
[setup in-reg] in7 -> c429/SCD : -1.181707
[setup in-reg] in7 -> c672/SCE : -1.160395
[setup in-reg] in7 -> c432/SCE : -1.158324
[setup in-reg] in7 -> s756/D : -1.135349
[setup in-reg] in7 -> c682/RESET_B : -1.101799
[setup in-reg] in7 -> c683/RESET_B : -1.096751
[setup in-reg] in7 -> c508/D : -1.030938
[setup in-reg] in7 -> c241/SCD : -1.021155
[setup in-reg] in7 -> s803/D : -1.011319
[setup in-reg] in7 -> c347/SET_B : -1.010356
[setup reg-reg] s785/Q -> s795/GATE : -1.010198
[setup in-reg] in7 -> c654/RESET_B : -0.996652
[setup in-reg] in7 -> c694/D : -0.932605
[setup reg-reg] s785/Q -> s821/D : -0.888738
[setup in-reg] in7 -> c548/RESET_B : -0.879376
[setup in-reg] in7 -> s804/D : -0.876719
[setup in-reg] in7 -> c646/RESET_B : -0.872851
[setup in-reg] in7 -> c644/D : -0.860517
[setup in-out] clk -> out48 : -0.835180
[setup in-reg] in7 -> c288/SCD : -0.834339
[setup reg-reg] s818/Q -> s832/D : -0.735946
[setup reg-reg] s801/Q -> s828/GATE : -0.730981
[setup reg-reg] s785/Q -> s800/D : -0.719560
[setup in-reg] in7 -> c694/RESET_B : -0.711248
[setup in-reg] in7 -> c536/D : -0.704230
[setup in-reg] in7 -> c646/D : -0.684599
[setup reg-reg] s785/Q -> s792/D : -0.683245
[setup in-reg] in7 -> c548/SCD : -0.665461
[setup reg-reg] s829/Q -> s833/D : -0.664281
[setup reg-out] s798/Q -> out11 : -0.663866
[setup in-reg] in7 -> c327/D : -0.661841
[setup in-reg] in7 -> c683/D : -0.660989
[setup in-reg] in7 -> c644/SCD : -0.656771
[setup in-reg] in7 -> c654/D : -0.627489
[setup reg-reg] s800/Q -> s826/GATE : -0.626647
[setup reg-reg] c246/Q -> c247/RESET_B : -0.623339
[setup reg-reg] s741/Q_N -> c246/SET_B : -0.619029
[setup reg-reg] s829/Q -> s830/D : -0.612856
[setup in-out] clk -> out26 : -0.609229
[setup reg-reg] c240/Q_N -> c241/SET_B : -0.606011
[setup in-reg] in7 -> c183/SCE : -0.604262
[setup reg-reg] s786/Q -> s794/GATE : -0.596805
[setup in-reg] in7 -> c457/SCD : -0.526479
[setup reg-reg] s770/Q -> s796/GATE : -0.520525
[setup reg-reg] s786/Q -> s789/D : -0.483135
[setup in-reg] in7 -> c703/D : -0.482797
[setup reg-reg] s785/Q -> s793/D : -0.473833
[setup reg-reg] s813/Q_N -> s823/D : -0.473803
[setup in-reg] in7 -> c380/RESET_B : -0.464027
[setup in-reg] in7 -> c683/SCD : -0.462279
[setup in-out] clk -> out29 : -0.448682
[setup reg-reg] s770/Q -> s775/D : -0.426573
[setup in-reg] in7 -> c183/SCD : -0.426319
[setup reg-reg] s786/Q -> s791/D : -0.424760
[setup reg-reg] s786/Q -> s790/D : -0.421547
[setup in-reg] in61 -> c247/D : -0.411791
[setup in-reg] in7 -> c541/SCE : -0.403880
[setup reg-reg] c337/Q -> c347/RESET_B : -0.392048
[setup reg-reg] c534/Q -> c535/RESET_B : -0.390051
[setup in-reg] in7 -> c672/D : -0.385059
[setup in-reg] in7 -> c241/D : -0.382204
[setup reg-reg] s770/Q -> s801/D : -0.354830
[setup reg-reg] s770/Q -> s773/D : -0.344421
[setup in-reg] in61 -> c241/SCE : -0.323580
[setup reg-reg] s784/Q -> s785/D : -0.319196
[setup in-reg] in7 -> c182/SCE : -0.313580
[setup in-reg] in7 -> c182/D : -0.301570
[setup in-reg] in7 -> c535/SET_B : -0.285890
[setup in-reg] in7 -> c178/SET_B : -0.282840
[setup reg-reg] s815/Q -> c713/SCE : -0.266999
[setup in-out] clk -> out47 : -0.263603
[setup reg-reg] s782/Q_N -> s784/D : -0.238593
[setup in-reg] in7 -> c288/SCE : -0.209693
[setup in-reg] in7 -> c508/RESET_B : -0.204695
[setup in-out] in7 -> out13 : -0.183954
[setup in-out] clk -> out42 : -0.162572
[setup reg-reg] s768/Q -> c466/SCE : -0.142531
[setup reg-reg] s786/Q -> s816/D : -0.122721
[setup reg-reg] s813/Q -> s818/D : -0.106304
[setup in-reg] in7 -> c331/SCD : -0.099650
[setup in-reg] in7 -> c444/SCD : -0.099650
[setup in-out] clk -> out55 : -0.097653
[setup reg-reg] s803/Q -> c654/SET_B : -0.090803
[setup reg-reg] s766/Q -> s774/D : -0.085893
[setup reg-reg] s786/Q -> s825/D : -0.061935
[setup reg-reg] s786/Q -> s824/D : -0.059505
[setup reg-out] s750/Q_N -> out30 : -0.041973
[setup reg-reg] s766/Q -> s829/D : -0.036818
[setup reg-reg] s819/Q -> c713/SET_B : -0.025019
[setup reg-reg] s765/Q_N -> s768/D : 0.000000
[setup reg-reg] s749/Q_N -> s813/D : 0.000000
[setup reg-reg] s749/Q_N -> s782/D : 0.000000
[setup reg-reg] s749/Q_N -> s786/D : 0.000000
[setup in-reg] clk -> s766/D : 0.000000
[setup reg-reg] s754/Q -> s769/D : 0.000000
[setup in-reg] clk -> s765/D : 0.000000
[setup in-reg] clk -> s770/D : 0.000000
[setup in-reg] clk -> s754/D : 0.000000
[setup reg-reg] c429/Q -> s814/D : 0.000000
[setup in-reg] in7 -> s781/D : 0.000000
[setup reg-reg] s802/Q -> s817/D : 0.000000
[setup reg-reg] s797/Q -> s798/D : 0.000000
[setup in-reg] clk -> s797/D : 0.000000
[setup reg-reg] s752/Q -> s753/D : 0.000000
[setup reg-reg] c380/Q -> s802/D : 0.000000
[setup reg-reg] s749/Q -> s750/D : 0.000000
[setup in-reg] in7 -> s749/D : 0.000000
[setup reg-reg] c182/Q_N -> s752/D : 0.000000
