
===========================================================================
Violator List
============================================================================
[hold reg-reg] c240/Q_N -> c241/SET_B : -4.881437
[hold reg-reg] c246/Q -> c247/RESET_B : -3.582835
[hold reg-reg] s819/Q -> c713/SET_B : -3.415072
[hold reg-reg] c337/Q -> c347/RESET_B : -2.597476
[hold in-reg] in47 -> c331/RESET_B : -2.020709
[hold in-reg] in47 -> c349/SET_B : -1.931542
[hold reg-reg] c276/Q_N -> c329/RESET_B : -1.855722
[hold in-reg] clk -> c703/SET_B : -1.826471
[hold reg-reg] s741/Q_N -> c246/SET_B : -1.784534
[hold reg-reg] c324/Q -> c333/RESET_B : -1.274656
[hold in-reg] in3 -> c333/SET_B : -1.191240
[hold reg-reg] c534/Q -> c535/RESET_B : -0.942080
[hold reg-reg] s815/Q_N -> c708/SET_B : -0.375236
[hold reg-reg] s765/Q -> c457/SET_B : -0.238367
[hold reg-reg] s815/Q_N -> c708/SET_B : -0.046955
[setup reg-reg] s749/Q_N -> c694/SET_B : -8.320925
[setup reg-reg] c429/Q -> c703/RESET_B : -7.995105
[setup in-reg] in7 -> c333/RESET_B : -6.350883
[setup in-reg] in17 -> s820/D : -5.230480
[setup reg-reg] s765/Q -> c457/SET_B : -5.223031
[setup in-reg] in17 -> s799/D : -5.036996
[setup reg-reg] s770/Q -> c466/SET_B : -5.003277
[setup in-reg] in17 -> s787/D : -4.968995
[setup in-reg] in17 -> s767/D : -4.883663
[setup in-reg] in17 -> s819/D : -4.711326
[setup in-reg] in17 -> s815/D : -4.505100
[setup in-reg] in17 -> c429/D : -4.375798
[setup in-reg] in17 -> s783/D : -4.317138
[setup reg-reg] c508/Q -> c553/RESET_B : -4.294369
[setup in-reg] in17 -> s771/D : -4.232537
[setup in-reg] in17 -> s772/D : -4.228511
[setup in-reg] in7 -> s755/D : -4.208442
[setup in-reg] in17 -> c430/D : -4.197071
[setup in-reg] in17 -> c241/RESET_B : -4.165617
[setup reg-out] s770/Q -> out9 : -4.074772
[setup in-reg] in17 -> c344/D : -4.050986
[setup in-out] clk -> out10 : -4.030908
[setup reg-reg] c190/Q -> c349/SET_B : -4.028607
[setup in-reg] in7 -> c327/SCE : -4.016633
[setup in-reg] in17 -> c683/SCE : -4.001386
[setup in-reg] in17 -> c674/SCD : -4.000753
[setup in-reg] in17 -> c703/RESET_B : -3.910141
[setup in-reg] in7 -> c672/SCE : -3.903455
[setup in-reg] in17 -> c672/SCD : -3.900925
[setup in-reg] in7 -> c457/D : -3.868476
[setup in-reg] in7 -> s756/D : -3.839167
[setup in-out] clk -> out26 : -3.828811
[setup in-reg] in7 -> s831/D : -3.821200
[setup in-reg] in7 -> c333/RESET_B : -3.812350
[setup in-out] clk -> out48 : -3.697428
[setup in-reg] in7 -> c331/SET_B : -3.676612
[setup reg-reg] c288/Q -> c329/RESET_B : -3.652064
[setup in-reg] in7 -> c432/SCE : -3.639798
[setup in-reg] in17 -> c554/RESET_B : -3.633811
[setup in-reg] in17 -> c555/RESET_B : -3.632201
[setup in-reg] in17 -> c713/RESET_B : -3.591034
[setup reg-reg] s815/Q_N -> c708/SET_B : -3.580847
[setup in-reg] in17 -> c444/SET_B : -3.560588
[setup reg-out] s798/Q -> out22 : -3.534260
[setup in-reg] in17 -> c567/SET_B : -3.531008
[setup in-reg] in17 -> c457/RESET_B : -3.452389
[setup in-reg] in17 -> c331/D : -3.451762
[setup reg-out] s766/Q -> out25 : -3.430806
[setup in-reg] in7 -> c683/RESET_B : -3.419759
[setup in-reg] in17 -> s788/D : -3.349699
[setup reg-out] s770/Q -> out46 : -3.339889
[setup in-reg] in7 -> c347/SET_B : -3.299583
[setup in-reg] in7 -> s803/D : -3.244429
[setup in-reg] in7 -> c694/RESET_B : -3.221361
[setup in-reg] in17 -> c555/SCE : -3.202674
[setup in-reg] in17 -> c553/D : -3.199548
[setup in-reg] clk -> c333/SET_B : -3.131456
[setup reg-reg] s749/Q_N -> s785/D : -3.092013
[setup reg-reg] s749/Q_N -> s784/D : -3.085638
[setup in-reg] in7 -> c508/D : -3.084772
[setup in-reg] in7 -> s804/D : -3.059487
[setup in-reg] in7 -> c644/D : -3.044006
[setup in-reg] in7 -> c646/RESET_B : -3.042831
[setup in-reg] in7 -> c682/RESET_B : -3.031405
[setup in-reg] in7 -> c646/D : -2.987890
[setup reg-reg] s819/Q -> c713/SET_B : -2.984969
[setup in-reg] in7 -> c644/SCD : -2.908939
[setup in-out] clk -> out29 : -2.901451
[setup in-reg] in17 -> c694/SCE : -2.896669
[setup in-reg] in17 -> s751/D : -2.893399
[setup in-reg] in17 -> c694/SET_B : -2.865691
[setup reg-out] s798/Q -> out11 : -2.825828
[setup reg-reg] c672/Q_N -> c683/SET_B : -2.791774
[setup in-reg] in17 -> c178/D : -2.783878
[setup reg-reg] c327/Q_N -> c344/RESET_B : -2.776756
[setup in-reg] in17 -> c713/D : -2.769605
[setup reg-reg] s749/Q_N -> s812/GATE : -2.767964
[setup in-reg] in7 -> c548/SCD : -2.766636
[setup in-reg] in7 -> c683/D : -2.718626
[setup in-reg] in17 -> c544/SET_B : -2.702762
[setup in-reg] in7 -> c567/D : -2.700865
[setup reg-reg] s786/Q -> s789/D : -2.686842
[setup reg-reg] s749/Q_N -> s813/D : -2.679590
[setup in-reg] in7 -> c654/D : -2.653526
[setup in-reg] in17 -> c190/SCD : -2.619391
[setup reg-reg] s749/Q_N -> s763/GATE : -2.619344
[setup in-reg] in17 -> c247/SET_B : -2.585705
[setup reg-reg] s786/Q -> s790/D : -2.581734
[setup reg-out] s802/Q -> out3 : -2.571462
[setup reg-reg] s770/Q -> s795/GATE : -2.529580
[setup in-reg] in17 -> c344/SET_B : -2.526269
[setup in-reg] in17 -> c288/D : -2.522389
[setup in-reg] in17 -> c185/D : -2.504917
[setup reg-reg] s749/Q_N -> s823/D : -2.498681
[setup reg-reg] s749/Q_N -> s786/D : -2.498123
[setup in-reg] in17 -> c182/RESET_B : -2.497199
[setup in-reg] in17 -> c429/SCD : -2.495306
[setup in-reg] in17 -> c544/RESET_B : -2.487514
[setup in-reg] in7 -> c536/D : -2.472051
[setup reg-reg] s770/Q -> s800/D : -2.465901
[setup reg-reg] s749/Q_N -> s768/D : -2.456844
[setup reg-out] s750/Q_N -> out30 : -2.452464
[setup reg-reg] s749/Q_N -> s829/D : -2.441527
[setup reg-reg] s749/Q_N -> s822/D : -2.425180
[setup reg-reg] s770/Q -> s796/GATE : -2.410082
[setup in-out] clk -> out47 : -2.406267
[setup reg-reg] s749/Q_N -> c546/SCD : -2.357638
[setup in-reg] in17 -> c548/SCE : -2.352960
[setup in-reg] in17 -> c183/SET_B : -2.346247
[setup reg-reg] s749/Q_N -> c532/SCE : -2.324696
[setup in-reg] in17 -> c541/SCD : -2.308308
[setup in-reg] in7 -> c380/RESET_B : -2.299381
[setup in-out] clk -> out42 : -2.298191
[setup reg-reg] s749/Q_N -> s782/D : -2.296334
[setup in-reg] in17 -> c182/SCD : -2.283479
[setup reg-reg] s770/Q -> s775/D : -2.277481
[setup in-reg] in17 -> c288/RESET_B : -2.275535
[setup reg-out] s750/Q -> out23 : -2.268857
[setup reg-reg] s749/Q_N -> c433/SCD : -2.251400
[setup reg-reg] s749/Q_N -> c431/SCD : -2.235713
[setup in-reg] in7 -> c683/SCD : -2.219468
[setup in-reg] clk -> s801/D : -2.217208
[setup reg-reg] s749/Q_N -> s832/D : -2.214200
[setup in-reg] clk -> s824/D : -2.210539
[setup in-reg] in7 -> c541/SCE : -2.209624
[setup in-reg] clk -> s825/D : -2.206582
[setup reg-reg] s749/Q_N -> c418/DE : -2.195485
[setup reg-reg] s749/Q_N -> s779/GATE : -2.193146
[setup reg-reg] s749/Q_N -> c570/SCE : -2.187357
[setup in-reg] in17 -> c183/RESET_B : -2.186424
[setup in-reg] clk -> s821/D : -2.176035
[setup reg-reg] s770/Q -> s773/D : -2.162488
[setup reg-reg] s749/Q_N -> s826/GATE : -2.154501
[setup reg-reg] s786/Q -> s794/GATE : -2.127394
[setup reg-reg] s749/Q_N -> c421/SCD : -2.097557
[setup reg-reg] s749/Q_N -> c545/SCD : -2.084956
[setup reg-reg] s749/Q_N -> c413/D : -2.060047
[setup reg-reg] s749/Q_N -> c417/SCD : -2.059950
[setup in-out] clk -> out55 : -2.000598
[setup reg-reg] s749/Q_N -> c411/SCD : -1.999133
[setup reg-out] s752/Q -> out17 : -1.973253
[setup reg-reg] s749/Q_N -> c413/SCD : -1.937389
[setup in-reg] clk -> s758/D : -1.925885
[setup in-reg] in17 -> c694/D : -1.898425
[setup reg-reg] s749/Q_N -> c410/D : -1.893580
[setup reg-reg] s749/Q_N -> c416/D : -1.887031
[setup in-reg] in7 -> c535/SET_B : -1.878412
[setup reg-reg] s786/Q -> s816/D : -1.873844
[setup reg-reg] s786/Q -> s791/D : -1.872156
[setup in-reg] in7 -> c241/SCD : -1.867026
[setup reg-reg] s749/Q_N -> c436/D : -1.847056
[setup in-reg] clk -> s766/D : -1.832262
[setup in-reg] clk -> s762/GATE : -1.828308
[setup in-out] in17 -> out15 : -1.825804
[setup in-reg] clk -> s761/D : -1.807990
[setup in-reg] in17 -> c654/RESET_B : -1.807922
[setup in-reg] clk -> s760/D : -1.774334
[setup reg-reg] s786/Q -> s833/D : -1.765287
[setup reg-out] c429/Q -> out0 : -1.761130
[setup in-reg] clk -> s765/D : -1.757582
[setup in-reg] in17 -> c457/SCE : -1.714440
[setup in-reg] in61 -> c247/D : -1.665922
[setup in-reg] clk -> c242/SCD : -1.655020
[setup reg-reg] s749/Q_N -> c570/RESET_B : -1.599954
[setup reg-reg] s801/Q -> s828/GATE : -1.560518
[setup in-reg] clk -> c240/SCD : -1.560126
[setup in-reg] clk -> s770/D : -1.553386
[setup in-reg] clk -> s793/D : -1.553212
[setup reg-reg] c429/Q -> s818/D : -1.535113
[setup reg-reg] s749/Q_N -> c708/D : -1.528495
[setup in-reg] in7 -> c508/RESET_B : -1.507294
[setup in-reg] clk -> s759/D : -1.496944
[setup in-reg] clk -> c240/SCE : -1.485276
[setup reg-reg] s829/Q -> s830/D : -1.446799
[setup reg-reg] s749/Q_N -> s764/GATE : -1.444209
[setup in-reg] in61 -> c241/SCE : -1.442511
[setup reg-reg] s802/Q -> s817/D : -1.378709
[setup reg-reg] s786/Q -> s792/D : -1.372336
[setup reg-reg] s749/Q_N -> c431/D : -1.368992
[setup in-reg] clk -> c355/SCD : -1.362968
[setup in-reg] in17 -> c288/SCD : -1.355877
[setup in-reg] in17 -> c548/RESET_B : -1.348219
[setup in-reg] in7 -> c327/D : -1.332102
[setup reg-reg] s754/Q -> s757/D : -1.312871
[setup reg-reg] s749/Q_N -> c411/SCE : -1.306712
[setup reg-reg] s754/Q -> s769/D : -1.287982
[setup in-out] clk -> out31 : -1.277536
[setup reg-reg] s749/Q_N -> c416/SCE : -1.254512
[setup reg-reg] s749/Q_N -> c413/SCE : -1.254445
[setup reg-reg] s749/Q_N -> c418/SCE : -1.248919
[setup in-reg] in7 -> c288/SET_B : -1.232094
[setup reg-reg] s749/Q_N -> c417/SCE : -1.216460
[setup in-reg] clk -> c337/SCD : -1.206368
[setup in-reg] clk -> c250/RESET_B : -1.203044
[setup reg-reg] s766/Q -> s774/D : -1.176862
[setup reg-reg] s749/Q_N -> c410/SCD : -1.155396
[setup in-reg] in17 -> c183/SCE : -1.149481
[setup reg-reg] s770/Q -> s776/D : -1.060376
[setup in-reg] in7 -> c333/SET_B : -1.040470
[setup reg-reg] c429/Q -> s814/D : -0.899667
[setup reg-out] c380/Q -> out4 : -0.889622
[setup in-out] in17 -> out13 : -0.860893
[setup reg-reg] c429/Q -> s827/GATE : -0.857726
[setup in-reg] in33 -> c676/RESET_B : -0.847183
[setup reg-reg] c429/Q -> s811/GATE : -0.825120
[setup reg-reg] s749/Q_N -> c433/SET_B : -0.812650
[setup in-out] in61 -> out61 : -0.798071
[setup in-reg] clk -> c246/D : -0.776583
[setup in-reg] in7 -> c457/SCD : -0.753369
[setup reg-reg] s753/Q -> c349/D : -0.718077
[setup in-out] clk -> out37 : -0.711515
[setup in-reg] in7 -> c703/D : -0.677824
[setup reg-reg] c429/Q -> c676/SCD : -0.663824
[setup in-reg] clk -> s754/D : -0.661834
[setup in-reg] in17 -> c241/D : -0.631297
[setup in-reg] in17 -> c444/SCD : -0.619816
[setup in-reg] in17 -> c672/D : -0.615147
[setup in-reg] in17 -> c331/SCD : -0.614207
[setup reg-reg] s815/Q -> c713/SCE : -0.606193
[setup reg-reg] s802/Q -> s806/D : -0.574181
[setup in-out] clk -> out6 : -0.567340
[setup reg-reg] s768/Q -> c466/SCE : -0.552082
[setup in-reg] in17 -> c183/SCD : -0.551292
[setup reg-reg] s749/Q_N -> c667/SCE : -0.520140
[setup in-out] clk -> out54 : -0.502883
[setup reg-reg] s750/Q_N -> c318/SCE : -0.488130
[setup reg-reg] s749/Q_N -> c663/SCE : -0.454099
[setup in-out] in61 -> out52 : -0.439539
[setup in-out] in7 -> out1 : -0.435117
[setup in-reg] in17 -> c182/D : -0.419127
[setup reg-reg] c429/Q -> s781/D : -0.398171
[setup in-reg] in17 -> c178/RESET_B : -0.392297
[setup in-reg] in17 -> c555/RESET_B : -0.387796
[setup in-out] in7 -> out21 : -0.380840
[setup in-reg] in17 -> c432/RESET_B : -0.375940
[setup reg-reg] s752/Q -> s798/D : -0.353347
[setup in-reg] in17 -> c182/SCE : -0.347021
[setup reg-reg] s750/Q_N -> c319/D : -0.341979
[setup in-reg] in17 -> c178/SET_B : -0.323944
[setup in-reg] in17 -> c288/SCE : -0.288468
[setup in-out] in61 -> out39 : -0.283860
[setup in-reg] in17 -> s807/D : -0.262566
[setup reg-reg] s770/Q -> c466/SET_B : -0.234175
[setup reg-reg] s803/Q -> c654/SET_B : -0.227619
[setup in-reg] clk -> s748/GATE : -0.200812
[setup reg-reg] s752/Q -> c577/D : -0.192115
[setup reg-reg] c380/Q -> c666/SCD : -0.172090
[setup in-reg] clk -> c319/SCD : -0.160986
[setup in-reg] in7 -> c429/RESET_B : -0.142439
[setup reg-reg] c380/Q -> c656/D : -0.122590
[setup reg-reg] s752/Q -> s753/D : -0.117971
[setup in-reg] in17 -> s780/GATE : -0.100052
[setup reg-reg] c380/Q -> c645/SCD : -0.097303
[setup in-reg] clk -> c250/D : -0.096022
[setup reg-reg] s819/Q -> c713/SET_B : -0.060114
[setup reg-reg] c380/Q -> c642/SCE : -0.059544
[setup reg-reg] s753/Q -> c313/SET_B : -0.050891
[setup reg-reg] s752/Q -> c313/SCE : -0.010312
[setup reg-reg] c380/Q -> s802/D : 0.000000
[setup in-reg] clk -> s797/D : 0.000000
[setup reg-reg] c182/Q_N -> s752/D : 0.000000
[setup reg-reg] s749/Q -> s750/D : 0.000000
[setup in-reg] in17 -> s749/D : 0.000000
