Using 8 threads…
Using a tile size of (500 µm)²…
Reading /Users/junpeng/openlane2/netlist_mid_ad_min/src/netlist_1/runs/physical_design/46-magic-streamout/netlist_1.magic.gds ..
Reading /Users/junpeng/openlane2/netlist_mid_ad_min/src/netlist_1/runs/physical_design/47-klayout-streamout/netlist_1.klayout.gds ..
--- Running XOR for layer 122/16 ---
"input" in: xor.drc:109
    Polygons (raw): 8243 (flat)  178 (hierarchical)
    Elapsed: 0.000s
"input" in: xor.drc:109
    Polygons (raw): 8243 (flat)  178 (hierarchical)
    Elapsed: 0.000s
"^" in: xor.drc:109
    Polygons (raw): 0 (flat)  0 (hierarchical)
    Elapsed: 0.030s
XOR differences: 0
"output" in: xor.drc:86
    Polygons (raw): 0 (flat)  0 (hierarchical)
    Elapsed: 0.000s
--- Running XOR for layer 235/4 ---
"input" in: xor.drc:109
    Polygons (raw): 1 (flat)  1 (hierarchical)
    Elapsed: 0.000s
"input" in: xor.drc:109
    Polygons (raw): 1 (flat)  1 (hierarchical)
    Elapsed: 0.000s
"^" in: xor.drc:109
    Polygons (raw): 0 (flat)  0 (hierarchical)
    Elapsed: 0.010s
XOR differences: 0
"output" in: xor.drc:86
    Polygons (raw): 0 (flat)  0 (hierarchical)
    Elapsed: 0.000s
--- Running XOR for layer 236/0 ---
"input" in: xor.drc:109
    Polygons (raw): 6940 (flat)  145 (hierarchical)
    Elapsed: 0.000s
"input" in: xor.drc:109
    Polygons (raw): 6940 (flat)  145 (hierarchical)
    Elapsed: 0.000s
"^" in: xor.drc:109
    Polygons (raw): 0 (flat)  0 (hierarchical)
    Elapsed: 0.040s
XOR differences: 0
"output" in: xor.drc:86
    Polygons (raw): 0 (flat)  0 (hierarchical)
    Elapsed: 0.000s
--- Running XOR for layer 64/16 ---
"input" in: xor.drc:109
    Polygons (raw): 8243 (flat)  178 (hierarchical)
    Elapsed: 0.000s
"input" in: xor.drc:109
    Polygons (raw): 8243 (flat)  178 (hierarchical)
    Elapsed: 0.000s
"^" in: xor.drc:109
    Polygons (raw): 0 (flat)  0 (hierarchical)
    Elapsed: 0.040s
XOR differences: 0
"output" in: xor.drc:86
    Polygons (raw): 0 (flat)  0 (hierarchical)
    Elapsed: 0.000s
--- Running XOR for layer 64/20 ---
"input" in: xor.drc:109
    Polygons (raw): 9250 (flat)  148 (hierarchical)
    Elapsed: 0.000s
"input" in: xor.drc:109
    Polygons (raw): 9250 (flat)  148 (hierarchical)
    Elapsed: 0.000s
"^" in: xor.drc:109
    Polygons (raw): 0 (flat)  0 (hierarchical)
    Elapsed: 0.050s
XOR differences: 0
"output" in: xor.drc:86
    Polygons (raw): 0 (flat)  0 (hierarchical)
    Elapsed: 0.000s
--- Running XOR for layer 64/5 ---
"input" in: xor.drc:109
    Polygons (raw): 0 (flat)  0 (hierarchical)
    Elapsed: 0.000s
"input" in: xor.drc:109
    Polygons (raw): 0 (flat)  0 (hierarchical)
    Elapsed: 0.000s
"^" in: xor.drc:109
    Polygons (raw): 0 (flat)  0 (hierarchical)
    Elapsed: 0.000s
XOR differences: 0
"output" in: xor.drc:86
    Polygons (raw): 0 (flat)  0 (hierarchical)
    Elapsed: 0.000s
--- Running XOR for layer 64/59 ---
"input" in: xor.drc:109
    Polygons (raw): 0 (flat)  0 (hierarchical)
    Elapsed: 0.000s
"input" in: xor.drc:109
    Polygons (raw): 0 (flat)  0 (hierarchical)
    Elapsed: 0.000s
"^" in: xor.drc:109
    Polygons (raw): 0 (flat)  0 (hierarchical)
    Elapsed: 0.010s
XOR differences: 0
"output" in: xor.drc:86
    Polygons (raw): 0 (flat)  0 (hierarchical)
    Elapsed: 0.000s
--- Running XOR for layer 65/20 ---
"input" in: xor.drc:109
    Polygons (raw): 14742 (flat)  645 (hierarchical)
    Elapsed: 0.000s
"input" in: xor.drc:109
    Polygons (raw): 14742 (flat)  645 (hierarchical)
    Elapsed: 0.000s
"^" in: xor.drc:109
    Polygons (raw): 0 (flat)  0 (hierarchical)
    Elapsed: 0.050s
XOR differences: 0
"output" in: xor.drc:86
    Polygons (raw): 0 (flat)  0 (hierarchical)
    Elapsed: 0.000s
--- Running XOR for layer 65/44 ---
"input" in: xor.drc:109
    Polygons (raw): 2288 (flat)  2 (hierarchical)
    Elapsed: 0.000s
"input" in: xor.drc:109
    Polygons (raw): 2288 (flat)  2 (hierarchical)
    Elapsed: 0.000s
"^" in: xor.drc:109
    Polygons (raw): 0 (flat)  0 (hierarchical)
    Elapsed: 0.010s
XOR differences: 0
"output" in: xor.drc:86
    Polygons (raw): 0 (flat)  0 (hierarchical)
    Elapsed: 0.000s
--- Running XOR for layer 66/20 ---
"input" in: xor.drc:109
    Polygons (raw): 16395 (flat)  1135 (hierarchical)
    Elapsed: 0.000s
"input" in: xor.drc:109
    Polygons (raw): 16395 (flat)  1135 (hierarchical)
    Elapsed: 0.000s
"^" in: xor.drc:109
    Polygons (raw): 0 (flat)  0 (hierarchical)
    Elapsed: 0.110s
XOR differences: 0
"output" in: xor.drc:86
    Polygons (raw): 0 (flat)  0 (hierarchical)
    Elapsed: 0.000s
--- Running XOR for layer 66/44 ---
"input" in: xor.drc:109
    Polygons (raw): 70322 (flat)  5562 (hierarchical)
    Elapsed: 0.000s
"input" in: xor.drc:109
    Polygons (raw): 70322 (flat)  5562 (hierarchical)
    Elapsed: 0.000s
"^" in: xor.drc:109
    Polygons (raw): 0 (flat)  0 (hierarchical)
    Elapsed: 0.210s
XOR differences: 0
"output" in: xor.drc:86
    Polygons (raw): 0 (flat)  0 (hierarchical)
    Elapsed: 0.010s
--- Running XOR for layer 67/16 ---
"input" in: xor.drc:109
    Polygons (raw): 17563 (flat)  1143 (hierarchical)
    Elapsed: 0.000s
"input" in: xor.drc:109
    Polygons (raw): 17563 (flat)  1143 (hierarchical)
    Elapsed: 0.000s
"^" in: xor.drc:109
    Polygons (raw): 0 (flat)  0 (hierarchical)
    Elapsed: 0.050s
XOR differences: 0
"output" in: xor.drc:86
    Polygons (raw): 0 (flat)  0 (hierarchical)
    Elapsed: 0.000s
--- Running XOR for layer 67/20 ---
"input" in: xor.drc:109
    Polygons (raw): 46651 (flat)  5591 (hierarchical)
    Elapsed: 0.000s
"input" in: xor.drc:109
    Polygons (raw): 46651 (flat)  1639 (hierarchical)
    Elapsed: 0.000s
"^" in: xor.drc:109
    Polygons (raw): 0 (flat)  0 (hierarchical)
    Elapsed: 0.290s
XOR differences: 0
"output" in: xor.drc:86
    Polygons (raw): 0 (flat)  0 (hierarchical)
    Elapsed: 0.000s
--- Running XOR for layer 67/44 ---
"input" in: xor.drc:109
    Polygons (raw): 133588 (flat)  7795 (hierarchical)
    Elapsed: 0.000s
"input" in: xor.drc:109
    Polygons (raw): 133588 (flat)  3843 (hierarchical)
    Elapsed: 0.000s
"^" in: xor.drc:109
    Polygons (raw): 0 (flat)  0 (hierarchical)
    Elapsed: 0.390s
XOR differences: 0
"output" in: xor.drc:86
    Polygons (raw): 0 (flat)  0 (hierarchical)
    Elapsed: 0.000s
--- Running XOR for layer 67/5 ---
"input" in: xor.drc:109
    Polygons (raw): 0 (flat)  0 (hierarchical)
    Elapsed: 0.000s
"input" in: xor.drc:109
    Polygons (raw): 0 (flat)  0 (hierarchical)
    Elapsed: 0.000s
"^" in: xor.drc:109
    Polygons (raw): 0 (flat)  0 (hierarchical)
    Elapsed: 0.010s
XOR differences: 0
"output" in: xor.drc:86
    Polygons (raw): 0 (flat)  0 (hierarchical)
    Elapsed: 0.000s
--- Running XOR for layer 68/16 ---
"input" in: xor.drc:109
    Polygons (raw): 18554 (flat)  311 (hierarchical)
    Elapsed: 0.000s
"input" in: xor.drc:109
    Polygons (raw): 18554 (flat)  311 (hierarchical)
    Elapsed: 0.000s
"^" in: xor.drc:109
    Polygons (raw): 0 (flat)  0 (hierarchical)
    Elapsed: 0.060s
XOR differences: 0
"output" in: xor.drc:86
    Polygons (raw): 0 (flat)  0 (hierarchical)
    Elapsed: 0.000s
--- Running XOR for layer 68/20 ---
"input" in: xor.drc:109
    Polygons (raw): 36105 (flat)  17405 (hierarchical)
    Elapsed: 0.000s
"input" in: xor.drc:109
    Polygons (raw): 32595 (flat)  5591 (hierarchical)
    Elapsed: 0.000s
"^" in: xor.drc:109
    Polygons (raw): 0 (flat)  0 (hierarchical)
    Elapsed: 0.170s
XOR differences: 0
"output" in: xor.drc:86
    Polygons (raw): 0 (flat)  0 (hierarchical)
    Elapsed: 0.000s
--- Running XOR for layer 68/44 ---
"input" in: xor.drc:109
    Polygons (raw): 5179 (flat)  5179 (hierarchical)
    Elapsed: 0.000s
"input" in: xor.drc:109
    Polygons (raw): 5179 (flat)  7 (hierarchical)
    Elapsed: 0.000s
"^" in: xor.drc:109
    Polygons (raw): 0 (flat)  0 (hierarchical)
    Elapsed: 0.010s
XOR differences: 0
"output" in: xor.drc:86
    Polygons (raw): 0 (flat)  0 (hierarchical)
    Elapsed: 0.000s
--- Running XOR for layer 68/5 ---
"input" in: xor.drc:109
    Polygons (raw): 0 (flat)  0 (hierarchical)
    Elapsed: 0.000s
"input" in: xor.drc:109
    Polygons (raw): 0 (flat)  0 (hierarchical)
    Elapsed: 0.000s
"^" in: xor.drc:109
    Polygons (raw): 0 (flat)  0 (hierarchical)
    Elapsed: 0.020s
XOR differences: 0
"output" in: xor.drc:86
    Polygons (raw): 0 (flat)  0 (hierarchical)
    Elapsed: 0.000s
--- Running XOR for layer 69/16 ---
"input" in: xor.drc:109
    Polygons (raw): 61 (flat)  61 (hierarchical)
    Elapsed: 0.000s
"input" in: xor.drc:109
    Polygons (raw): 61 (flat)  61 (hierarchical)
    Elapsed: 0.000s
"^" in: xor.drc:109
    Polygons (raw): 0 (flat)  0 (hierarchical)
    Elapsed: 0.000s
XOR differences: 0
"output" in: xor.drc:86
    Polygons (raw): 0 (flat)  0 (hierarchical)
    Elapsed: 0.000s
--- Running XOR for layer 69/20 ---
"input" in: xor.drc:109
    Polygons (raw): 7503 (flat)  7503 (hierarchical)
    Elapsed: 0.000s
"input" in: xor.drc:109
    Polygons (raw): 7752 (flat)  3075 (hierarchical)
    Elapsed: 0.000s
"^" in: xor.drc:109
    Polygons (raw): 0 (flat)  0 (hierarchical)
    Elapsed: 0.060s
XOR differences: 0
"output" in: xor.drc:86
    Polygons (raw): 0 (flat)  0 (hierarchical)
    Elapsed: 0.000s
--- Running XOR for layer 69/44 ---
"input" in: xor.drc:109
    Polygons (raw): 945 (flat)  945 (hierarchical)
    Elapsed: 0.000s
"input" in: xor.drc:109
    Polygons (raw): 945 (flat)  5 (hierarchical)
    Elapsed: 0.000s
"^" in: xor.drc:109
    Polygons (raw): 0 (flat)  0 (hierarchical)
    Elapsed: 0.000s
XOR differences: 0
"output" in: xor.drc:86
    Polygons (raw): 0 (flat)  0 (hierarchical)
    Elapsed: 0.000s
--- Running XOR for layer 69/5 ---
"input" in: xor.drc:109
    Polygons (raw): 0 (flat)  0 (hierarchical)
    Elapsed: 0.000s
"input" in: xor.drc:109
    Polygons (raw): 0 (flat)  0 (hierarchical)
    Elapsed: 0.000s
"^" in: xor.drc:109
    Polygons (raw): 0 (flat)  0 (hierarchical)
    Elapsed: 0.010s
XOR differences: 0
"output" in: xor.drc:86
    Polygons (raw): 0 (flat)  0 (hierarchical)
    Elapsed: 0.000s
--- Running XOR for layer 70/16 ---
"input" in: xor.drc:109
    Polygons (raw): 65 (flat)  65 (hierarchical)
    Elapsed: 0.000s
"input" in: xor.drc:109
    Polygons (raw): 65 (flat)  65 (hierarchical)
    Elapsed: 0.000s
"^" in: xor.drc:109
    Polygons (raw): 0 (flat)  0 (hierarchical)
    Elapsed: 0.000s
XOR differences: 0
"output" in: xor.drc:86
    Polygons (raw): 0 (flat)  0 (hierarchical)
    Elapsed: 0.000s
--- Running XOR for layer 70/20 ---
"input" in: xor.drc:109
    Polygons (raw): 682 (flat)  682 (hierarchical)
    Elapsed: 0.000s
"input" in: xor.drc:109
    Polygons (raw): 926 (flat)  393 (hierarchical)
    Elapsed: 0.000s
"^" in: xor.drc:109
    Polygons (raw): 0 (flat)  0 (hierarchical)
    Elapsed: 0.010s
XOR differences: 0
"output" in: xor.drc:86
    Polygons (raw): 0 (flat)  0 (hierarchical)
    Elapsed: 0.000s
--- Running XOR for layer 70/44 ---
"input" in: xor.drc:109
    Polygons (raw): 828 (flat)  828 (hierarchical)
    Elapsed: 0.000s
"input" in: xor.drc:109
    Polygons (raw): 828 (flat)  5 (hierarchical)
    Elapsed: 0.000s
"^" in: xor.drc:109
    Polygons (raw): 0 (flat)  0 (hierarchical)
    Elapsed: 0.010s
XOR differences: 0
"output" in: xor.drc:86
    Polygons (raw): 0 (flat)  0 (hierarchical)
    Elapsed: 0.000s
--- Running XOR for layer 70/5 ---
"input" in: xor.drc:109
    Polygons (raw): 0 (flat)  0 (hierarchical)
    Elapsed: 0.000s
"input" in: xor.drc:109
    Polygons (raw): 0 (flat)  0 (hierarchical)
    Elapsed: 0.000s
"^" in: xor.drc:109
    Polygons (raw): 0 (flat)  0 (hierarchical)
    Elapsed: 0.000s
XOR differences: 0
"output" in: xor.drc:86
    Polygons (raw): 0 (flat)  0 (hierarchical)
    Elapsed: 0.000s
--- Running XOR for layer 71/16 ---
"input" in: xor.drc:109
    Polygons (raw): 4 (flat)  4 (hierarchical)
    Elapsed: 0.000s
"input" in: xor.drc:109
    Polygons (raw): 4 (flat)  4 (hierarchical)
    Elapsed: 0.000s
"^" in: xor.drc:109
    Polygons (raw): 0 (flat)  0 (hierarchical)
    Elapsed: 0.000s
XOR differences: 0
"output" in: xor.drc:86
    Polygons (raw): 0 (flat)  0 (hierarchical)
    Elapsed: 0.000s
--- Running XOR for layer 71/20 ---
"input" in: xor.drc:109
    Polygons (raw): 10 (flat)  10 (hierarchical)
    Elapsed: 0.000s
"input" in: xor.drc:109
    Polygons (raw): 228 (flat)  13 (hierarchical)
    Elapsed: 0.000s
"^" in: xor.drc:109
    Polygons (raw): 0 (flat)  0 (hierarchical)
    Elapsed: 0.010s
XOR differences: 0
"output" in: xor.drc:86
    Polygons (raw): 0 (flat)  0 (hierarchical)
    Elapsed: 0.000s
--- Running XOR for layer 71/44 ---
"input" in: xor.drc:109
    Polygons (raw): 8 (flat)  8 (hierarchical)
    Elapsed: 0.000s
"input" in: xor.drc:109
    Polygons (raw): 8 (flat)  1 (hierarchical)
    Elapsed: 0.000s
"^" in: xor.drc:109
    Polygons (raw): 0 (flat)  0 (hierarchical)
    Elapsed: 0.000s
XOR differences: 0
"output" in: xor.drc:86
    Polygons (raw): 0 (flat)  0 (hierarchical)
    Elapsed: 0.000s
--- Running XOR for layer 71/5 ---
"input" in: xor.drc:109
    Polygons (raw): 0 (flat)  0 (hierarchical)
    Elapsed: 0.000s
"input" in: xor.drc:109
    Polygons (raw): 0 (flat)  0 (hierarchical)
    Elapsed: 0.000s
"^" in: xor.drc:109
    Polygons (raw): 0 (flat)  0 (hierarchical)
    Elapsed: 0.010s
XOR differences: 0
"output" in: xor.drc:86
    Polygons (raw): 0 (flat)  0 (hierarchical)
    Elapsed: 0.000s
--- Running XOR for layer 72/16 ---
"input" in: xor.drc:109
    Polygons (raw): 4 (flat)  4 (hierarchical)
    Elapsed: 0.000s
"input" in: xor.drc:109
    Polygons (raw): 4 (flat)  4 (hierarchical)
    Elapsed: 0.000s
"^" in: xor.drc:109
    Polygons (raw): 0 (flat)  0 (hierarchical)
    Elapsed: 0.000s
XOR differences: 0
"output" in: xor.drc:86
    Polygons (raw): 0 (flat)  0 (hierarchical)
    Elapsed: 0.000s
--- Running XOR for layer 72/20 ---
"input" in: xor.drc:109
    Polygons (raw): 4 (flat)  4 (hierarchical)
    Elapsed: 0.000s
"input" in: xor.drc:109
    Polygons (raw): 16 (flat)  9 (hierarchical)
    Elapsed: 0.000s
"^" in: xor.drc:109
    Polygons (raw): 0 (flat)  0 (hierarchical)
    Elapsed: 0.010s
XOR differences: 0
"output" in: xor.drc:86
    Polygons (raw): 0 (flat)  0 (hierarchical)
    Elapsed: 0.000s
--- Running XOR for layer 72/5 ---
"input" in: xor.drc:109
    Polygons (raw): 0 (flat)  0 (hierarchical)
    Elapsed: 0.000s
"input" in: xor.drc:109
    Polygons (raw): 0 (flat)  0 (hierarchical)
    Elapsed: 0.000s
"^" in: xor.drc:109
    Polygons (raw): 0 (flat)  0 (hierarchical)
    Elapsed: 0.000s
XOR differences: 0
"output" in: xor.drc:86
    Polygons (raw): 0 (flat)  0 (hierarchical)
    Elapsed: 0.000s
--- Running XOR for layer 78/44 ---
"input" in: xor.drc:109
    Polygons (raw): 9271 (flat)  154 (hierarchical)
    Elapsed: 0.000s
"input" in: xor.drc:109
    Polygons (raw): 9271 (flat)  154 (hierarchical)
    Elapsed: 0.000s
"^" in: xor.drc:109
    Polygons (raw): 0 (flat)  0 (hierarchical)
    Elapsed: 0.040s
XOR differences: 0
"output" in: xor.drc:86
    Polygons (raw): 0 (flat)  0 (hierarchical)
    Elapsed: 0.000s
--- Running XOR for layer 81/23 ---
"input" in: xor.drc:109
    Polygons (raw): 875 (flat)  1 (hierarchical)
    Elapsed: 0.000s
"input" in: xor.drc:109
    Polygons (raw): 875 (flat)  1 (hierarchical)
    Elapsed: 0.000s
"^" in: xor.drc:109
    Polygons (raw): 0 (flat)  0 (hierarchical)
    Elapsed: 0.010s
XOR differences: 0
"output" in: xor.drc:86
    Polygons (raw): 0 (flat)  0 (hierarchical)
    Elapsed: 0.000s
--- Running XOR for layer 81/4 ---
"input" in: xor.drc:109
    Polygons (raw): 9250 (flat)  148 (hierarchical)
    Elapsed: 0.000s
"input" in: xor.drc:109
    Polygons (raw): 9250 (flat)  148 (hierarchical)
    Elapsed: 0.000s
"^" in: xor.drc:109
    Polygons (raw): 0 (flat)  0 (hierarchical)
    Elapsed: 0.050s
XOR differences: 0
"output" in: xor.drc:86
    Polygons (raw): 0 (flat)  0 (hierarchical)
    Elapsed: 0.000s
--- Running XOR for layer 83/44 ---
"input" in: xor.drc:109
    Polygons (raw): 0 (flat)  0 (hierarchical)
    Elapsed: 0.000s
"input" in: xor.drc:109
    Polygons (raw): 0 (flat)  0 (hierarchical)
    Elapsed: 0.000s
"^" in: xor.drc:109
    Polygons (raw): 0 (flat)  0 (hierarchical)
    Elapsed: 0.010s
XOR differences: 0
"output" in: xor.drc:86
    Polygons (raw): 0 (flat)  0 (hierarchical)
    Elapsed: 0.000s
--- Running XOR for layer 93/44 ---
"input" in: xor.drc:109
    Polygons (raw): 10394 (flat)  149 (hierarchical)
    Elapsed: 0.000s
"input" in: xor.drc:109
    Polygons (raw): 10394 (flat)  149 (hierarchical)
    Elapsed: 0.000s
"^" in: xor.drc:109
    Polygons (raw): 0 (flat)  0 (hierarchical)
    Elapsed: 0.050s
XOR differences: 0
"output" in: xor.drc:86
    Polygons (raw): 0 (flat)  0 (hierarchical)
    Elapsed: 0.010s
--- Running XOR for layer 94/20 ---
"input" in: xor.drc:109
    Polygons (raw): 10394 (flat)  149 (hierarchical)
    Elapsed: 0.000s
"input" in: xor.drc:109
    Polygons (raw): 10394 (flat)  149 (hierarchical)
    Elapsed: 0.000s
"^" in: xor.drc:109
    Polygons (raw): 0 (flat)  0 (hierarchical)
    Elapsed: 0.060s
XOR differences: 0
"output" in: xor.drc:86
    Polygons (raw): 0 (flat)  0 (hierarchical)
    Elapsed: 0.000s
--- Running XOR for layer 95/20 ---
"input" in: xor.drc:109
    Polygons (raw): 6116 (flat)  159 (hierarchical)
    Elapsed: 0.000s
"input" in: xor.drc:109
    Polygons (raw): 6116 (flat)  159 (hierarchical)
    Elapsed: 0.000s
"^" in: xor.drc:109
    Polygons (raw): 0 (flat)  0 (hierarchical)
    Elapsed: 0.040s
XOR differences: 0
"output" in: xor.drc:86
    Polygons (raw): 0 (flat)  0 (hierarchical)
    Elapsed: 0.000s
---
Total XOR differences: 0
Writing report database: /Users/junpeng/openlane2/netlist_mid_ad_min/src/netlist_1/runs/physical_design/50-klayout-xor/xor.xml ..
Total elapsed: 2.040s
/Users/junpeng/openlane2/netlist_mid_ad_min/src/netlist_1/runs/physical_design/46-magic-streamout/netlist_1.magic.gds
/Users/junpeng/openlane2/netlist_mid_ad_min/src/netlist_1/runs/physical_design/47-klayout-streamout/netlist_1.klayout.gds
%OL_METRIC_I design__xor_difference__count 0
