****************************************
Report : Averaged Power
	-net_power
	-hierarchy
	-sort_by net_switching_power
	-power_greater_than       0
	-nosplit
Design : netlist_1
Version: Q-2019.12-SP1
Date   : Wed Jul 24 01:02:05 2024
****************************************



  Attributes
  ----------
      a  -  Switching activity information / Switching power information annotated on net
      p  -  Propagated switching activity information on net
      d  -  Default switching activity used on net
      u  -  Net switching activity uninitialized
      m  -  Net is driven by multiple pins
      b  -  Net is a primary input (boundary net)

		Toggle rates reported with respect to time unit 1ns
--------------------------------------------------------------------------------
                                  Total      Static   Toggle   Switching
Net                         Vdd   Net Load   Prob.    Rate     Power      Attrs
--------------------------------------------------------------------------------
clknet_0_clk                1.80    0.211    0.500    0.1000   3.418e-05  a
net16                       1.80    0.078    0.443    0.1986   2.507e-05  p
net793                      1.80    0.120    0.626    0.1215   2.359e-05  p
net193                      1.80    0.076    0.606    0.1697   2.090e-05  p
net792                      1.80    0.100    0.279    0.1254   2.041e-05  p
net736                      1.80    0.091    0.416    0.1292   1.910e-05  p
net721                      1.80    0.108    0.500    0.1000   1.755e-05  a
net103                      1.80    0.054    0.440    0.1896   1.673e-05  p
net743                      1.80    0.075    0.661    0.1298   1.576e-05  p
net108                      1.80    0.060    0.337    0.1556   1.521e-05  p
net673                      1.80    0.092    0.500    0.1000   1.494e-05  a
net740                      1.80    0.095    0.815    0.0942   1.443e-05  p
net761                      1.80    0.045    0.372    0.1979   1.432e-05  p
net196                      1.80    0.051    0.662    0.1726   1.429e-05  p
net726                      1.80    0.087    0.500    0.1000   1.410e-05  a
clknet_4_11_0_clk           1.80    0.086    0.500    0.1000   1.394e-05  a
net684                      1.80    0.085    0.500    0.1000   1.385e-05  a
net188                      1.80    0.063    0.416    0.1318   1.352e-05  p
net90                       1.80    0.083    0.750    0.0994   1.338e-05  p
net134                      1.80    0.074    0.790    0.1092   1.317e-05  p
net742                      1.80    0.052    0.298    0.1545   1.294e-05  p
net164                      1.80    0.049    0.490    0.1591   1.262e-05  p
net413                      1.80    0.054    0.657    0.1419   1.252e-05  p
net7                        1.80    0.064    0.630    0.1206   1.247e-05  p
net162                      1.80    0.043    0.309    0.1783   1.235e-05  p
net97                       1.80    0.060    0.279    0.1254   1.225e-05  p
net131                      1.80    0.072    0.493    0.1029   1.197e-05  p
net693                      1.80    0.072    0.500    0.1000   1.167e-05  a
net747                      1.80    0.082    0.131    0.0880   1.166e-05  p
net2                        1.80    0.038    0.492    0.1883   1.150e-05  p
net704                      1.80    0.071    0.500    0.1000   1.147e-05  a
net760                      1.80    0.065    0.501    0.1079   1.133e-05  p
net689                      1.80    0.069    0.500    0.1000   1.116e-05  a
net794                      1.80    0.055    0.626    0.1215   1.078e-05  p
net211                      1.80    0.051    0.163    0.1301   1.072e-05  p
net113                      1.80    0.058    0.813    0.1135   1.062e-05  p
clknet_4_5_0_clk            1.80    0.064    0.500    0.1000   1.044e-05  a
net236                      1.80    0.052    0.523    0.1205   1.020e-05  p
net671                      1.80    0.061    0.500    0.1000   9.860e-06  a
net674                      1.80    0.060    0.500    0.1000   9.668e-06  a
net679                      1.80    0.060    0.500    0.1000   9.652e-06  a
net690                      1.80    0.059    0.500    0.1000   9.551e-06  a
net789                      1.80    0.032    0.338    0.1726   8.894e-06  p
net691                      1.80    0.054    0.500    0.1000   8.809e-06  a
net676                      1.80    0.054    0.500    0.1000   8.798e-06  a
net29                       1.80    0.064    0.873    0.0839   8.755e-06  p
net688                      1.80    0.053    0.500    0.1000   8.649e-06  a
net422                      1.80    0.030    0.760    0.1794   8.641e-06  p
net823                      1.80    0.031    0.449    0.1698   8.524e-06  p
net289                      1.80    0.044    0.176    0.1184   8.519e-06  p
clknet_4_4_0_clk            1.80    0.052    0.500    0.1000   8.425e-06  a
net749                      1.80    0.030    0.449    0.1698   8.207e-06  p
net208                      1.80    0.021    0.517    0.2344   8.121e-06  p
net809                      1.80    0.030    0.373    0.1651   8.053e-06  p
net728                      1.80    0.050    0.500    0.1000   8.025e-06  a
net93                       1.80    0.066    0.875    0.0748   8.007e-06  p
net217                      1.80    0.030    0.617    0.1623   7.969e-06  p
net548                      1.80    0.032    0.233    0.1525   7.857e-06  p
net438                      1.80    0.029    0.519    0.1657   7.844e-06  p
net5                        1.80    0.050    0.255    0.0971   7.814e-06  p
net729                      1.80    0.048    0.500    0.1000   7.754e-06  a
net703                      1.80    0.047    0.500    0.1000   7.663e-06  a
net791                      1.80    0.074    0.092    0.0637   7.663e-06  p
net187                      1.80    0.050    0.169    0.0934   7.507e-06  p
clknet_4_7_0_clk            1.80    0.046    0.500    0.1000   7.455e-06  a
clknet_4_9_0_clk            1.80    0.045    0.500    0.1000   7.306e-06  a
net66                       1.80    0.045    0.250    0.0988   7.256e-06  p
net710                      1.80    0.044    0.500    0.1000   7.188e-06  a
net723                      1.80    0.044    0.500    0.1000   7.123e-06  a
net65                       1.80    0.036    0.375    0.1228   7.121e-06  p
clknet_4_10_0_clk           1.80    0.044    0.500    0.1000   7.109e-06  a
net232                      1.80    0.040    0.496    0.1077   7.068e-06  p
net522                      1.80    0.028    0.530    0.1531   6.984e-06  p
net790                      1.80    0.035    0.626    0.1215   6.977e-06  p
net732                      1.80    0.034    0.774    0.1257   6.942e-06  p
clknet_4_2_0_clk            1.80    0.043    0.500    0.1000   6.927e-06  a
net12                       1.80    0.031    0.247    0.1361   6.753e-06  p
net677                      1.80    0.042    0.500    0.1000   6.746e-06  a
net292                      1.80    0.034    0.461    0.1211   6.741e-06  p
net687                      1.80    0.042    0.500    0.1000   6.739e-06  a
clknet_4_8_0_clk            1.80    0.041    0.500    0.1000   6.689e-06  a
net817                      1.80    0.025    0.445    0.1667   6.658e-06  p
net76                       1.80    0.042    0.803    0.0986   6.637e-06  p
net81                       1.80    0.027    0.602    0.1509   6.501e-06  p
net67                       1.80    0.041    0.754    0.0963   6.460e-06  p
net349                      1.80    0.049    0.611    0.0806   6.441e-06  p
net542                      1.80    0.037    0.874    0.1051   6.383e-06  p
net354                      1.80    0.023    0.450    0.1671   6.304e-06  p
net254                      1.80    0.041    0.241    0.0955   6.278e-06  p
net320                      1.80    0.041    0.187    0.0928   6.236e-06  p
net102                      1.80    0.022    0.656    0.1659   5.991e-06  p
net125                      1.80    0.030    0.793    0.1206   5.939e-06  p
clknet_4_6_0_clk            1.80    0.036    0.500    0.1000   5.912e-06  a
net819                      1.80    0.022    0.445    0.1667   5.863e-06  p
net454                      1.80    0.026    0.564    0.1380   5.795e-06  p
net112                      1.80    0.035    0.216    0.1006   5.762e-06  p
net715                      1.80    0.035    0.500    0.1000   5.749e-06  a
net713                      1.80    0.035    0.500    0.1000   5.719e-06  a
net527                      1.80    0.036    0.509    0.0987   5.675e-06  p
net235                      1.80    0.024    0.231    0.1462   5.621e-06  p
clknet_4_3_0_clk            1.80    0.034    0.500    0.1000   5.546e-06  a
net119                      1.80    0.023    0.726    0.1466   5.534e-06  p
clknet_4_14_0_clk           1.80    0.034    0.500    0.1000   5.479e-06  a
net427                      1.80    0.022    0.675    0.1496   5.418e-06  p
net365                      1.80    0.013    0.497    0.2497   5.408e-06  p
net805                      1.80    0.019    0.449    0.1698   5.361e-06  p
net83                       1.80    0.019    0.656    0.1721   5.337e-06  p
net199                      1.80    0.044    0.875    0.0741   5.269e-06  p
net194                      1.80    0.024    0.724    0.1363   5.220e-06  p
net266                      1.80    0.032    0.177    0.0994   5.165e-06  p
clknet_4_13_0_clk           1.80    0.032    0.500    0.1000   5.151e-06  a
net675                      1.80    0.032    0.500    0.1000   5.136e-06  a
net672                      1.80    0.031    0.500    0.1000   5.088e-06  a
net40                       1.80    0.023    0.602    0.1352   5.060e-06  p
net171                      1.80    0.018    0.449    0.1700   4.996e-06  p
net348                      1.80    0.029    0.496    0.1077   4.981e-06  p
clknet_4_15_0_clk           1.80    0.030    0.500    0.1000   4.939e-06  a
net74                       1.80    0.024    0.625    0.1228   4.871e-06  p
net746                      1.80    0.025    0.716    0.1224   4.868e-06  p
net525                      1.80    0.033    0.433    0.0893   4.806e-06  p
net811                      1.80    0.018    0.373    0.1651   4.801e-06  p
net356                      1.80    0.023    0.273    0.1259   4.777e-06  p
net517                      1.80    0.029    0.290    0.1031   4.760e-06  p
net709                      1.80    0.029    0.500    0.1000   4.722e-06  a
net808                      1.80    0.018    0.373    0.1651   4.683e-06  p
net198                      1.80    0.024    0.176    0.1184   4.681e-06  p
net294                      1.80    0.017    0.445    0.1667   4.632e-06  p
net681                      1.80    0.028    0.500    0.1000   4.580e-06  a
net825                      1.80    0.029    0.796    0.0986   4.573e-06  p
net124                      1.80    0.021    0.655    0.1344   4.554e-06  p
net512                      1.80    0.029    0.753    0.0968   4.552e-06  p
net206                      1.80    0.027    0.745    0.1001   4.448e-06  p
clknet_4_12_0_clk           1.80    0.027    0.500    0.1000   4.425e-06  a
net135                      1.80    0.047    0.078    0.0572   4.350e-06  p
net812                      1.80    0.016    0.373    0.1651   4.336e-06  p
net253                      1.80    0.020    0.782    0.1350   4.329e-06  p
net528                      1.80    0.037    0.876    0.0718   4.307e-06  p
net632                      1.80    0.027    0.500    0.1000   4.300e-06  a
net69                       1.80    0.042    0.908    0.0637   4.286e-06  p
net686                      1.80    0.026    0.500    0.1000   4.249e-06  a
net92                       1.80    0.021    0.611    0.1265   4.243e-06  p
net234                      1.80    0.041    0.092    0.0637   4.197e-06  p
net787                      1.80    0.021    0.779    0.1253   4.193e-06  p
net564                      1.80    0.036    0.799    0.0712   4.136e-06  p
net725                      1.80    0.025    0.500    0.1000   4.114e-06  a
net73                       1.80    0.021    0.629    0.1198   4.072e-06  p
net683                      1.80    0.025    0.500    0.1000   4.070e-06  a
net191                      1.80    0.019    0.584    0.1318   4.013e-06  p
net680                      1.80    0.025    0.500    0.1000   3.990e-06  a
net290                      1.80    0.017    0.412    0.1481   3.974e-06  p
net84                       1.80    0.015    0.373    0.1651   3.965e-06  p
net798                      1.80    0.025    0.249    0.0954   3.921e-06  p
clknet_4_0_0_clk            1.80    0.024    0.500    0.1000   3.839e-06  a
net94                       1.80    0.024    0.763    0.0981   3.739e-06  p
net3                        1.80    0.024    0.185    0.0950   3.677e-06  p
net757                      1.80    0.016    0.758    0.1378   3.676e-06  p
net775                      1.80    0.014    0.371    0.1656   3.651e-06  p
net87                       1.80    0.023    0.254    0.0994   3.646e-06  p
net530                      1.80    0.037    0.744    0.0602   3.617e-06  p
net804                      1.80    0.013    0.449    0.1698   3.527e-06  p
net752                      1.80    0.022    0.267    0.0985   3.510e-06  p
net64                       1.80    0.023    0.249    0.0954   3.500e-06  p
net357                      1.80    0.017    0.726    0.1259   3.494e-06  p
net551                      1.80    0.018    0.206    0.1200   3.491e-06  p
net15                       1.80    0.011    0.443    0.1986   3.468e-06  p
net192                      1.80    0.014    0.670    0.1495   3.462e-06  p
net795                      1.80    0.054    0.045    0.0395   3.457e-06  p
clknet_4_1_0_clk            1.80    0.021    0.500    0.1000   3.450e-06  a
net21                       1.80    0.015    0.636    0.1416   3.439e-06  p
net331                      1.80    0.019    0.231    0.1074   3.312e-06  p
net685                      1.80    0.020    0.500    0.1000   3.296e-06  a
net717                      1.80    0.020    0.500    0.1000   3.283e-06  a
net75                       1.80    0.021    0.183    0.0944   3.269e-06  p
net32                       1.80    0.023    0.870    0.0863   3.268e-06  p
net26                       1.80    0.016    0.739    0.1267   3.192e-06  p
net466                      1.80    0.024    0.830    0.0823   3.162e-06  p
net231                      1.80    0.016    0.541    0.1248   3.154e-06  p
net701                      1.80    0.019    0.500    0.1000   3.083e-06  a
net678                      1.80    0.019    0.500    0.1000   3.042e-06  a
net719                      1.80    0.019    0.500    0.1000   3.038e-06  a
net205                      1.80    0.017    0.849    0.1054   2.963e-06  p
net307                      1.80    0.011    0.369    0.1722   2.949e-06  p
net406                      1.80    0.013    0.342    0.1374   2.941e-06  p
net582                      1.80    0.035    0.987    0.0513   2.930e-06  p
net731                      1.80    0.018    0.500    0.1000   2.918e-06  a
net186                      1.80    0.019    0.151    0.0931   2.903e-06  p
net426                      1.80    0.013    0.658    0.1374   2.878e-06  p
net459                      1.80    0.057    0.905    0.0310   2.869e-06  p
net141                      1.80    0.021    0.215    0.0848   2.865e-06  p
net803                      1.80    0.010    0.449    0.1698   2.842e-06  p
net718                      1.80    0.017    0.500    0.1000   2.833e-06  a
net529                      1.80    0.029    0.256    0.0602   2.833e-06  p
net104                      1.80    0.031    0.072    0.0547   2.779e-06  p
net695                      1.80    0.017    0.500    0.1000   2.778e-06  a
net772                      1.80    0.014    0.543    0.1211   2.758e-06  p
net229                      1.80    0.017    0.507    0.1029   2.757e-06  p
net393                      1.80    0.009    0.651    0.1807   2.735e-06  p
net436                      1.80    0.031    0.195    0.0536   2.713e-06  p
net700                      1.80    0.017    0.500    0.1000   2.707e-06  a
net210                      1.80    0.026    0.914    0.0642   2.658e-06  p
net37                       1.80    0.013    0.562    0.1267   2.656e-06  p
net137                      1.80    0.016    0.224    0.1026   2.635e-06  p
net11                       1.80    0.023    0.122    0.0707   2.628e-06  p
net692                      1.80    0.016    0.500    0.1000   2.588e-06  a
net807                      1.80    0.010    0.373    0.1651   2.574e-06  p
net350                      1.80    0.014    0.603    0.1098   2.573e-06  p
net25                       1.80    0.012    0.602    0.1352   2.530e-06  p
net682                      1.80    0.016    0.500    0.1000   2.526e-06  a
net237                      1.80    0.010    0.208    0.1498   2.517e-06  p
net78                       1.80    0.016    0.796    0.0986   2.516e-06  p
net220                      1.80    0.012    0.298    0.1298   2.501e-06  p
net367                      1.80    0.020    0.226    0.0781   2.478e-06  p
net8                        1.80    0.016    0.185    0.0942   2.475e-06  p
net720                      1.80    0.015    0.500    0.1000   2.470e-06  a
net776                      1.80    0.022    0.847    0.0698   2.466e-06  p
net293                      1.80    0.015    0.755    0.0984   2.464e-06  p
net14                       1.80    0.028    0.061    0.0547   2.451e-06  p
net707                      1.80    0.015    0.500    0.1000   2.445e-06  a
net117                      1.80    0.024    0.089    0.0620   2.445e-06  p
net714                      1.80    0.015    0.500    0.1000   2.410e-06  a
net49                       1.80    0.018    0.873    0.0816   2.405e-06  p
net814                      1.80    0.012    0.375    0.1228   2.367e-06  p
net784                      1.80    0.022    0.873    0.0675   2.366e-06  p
net824                      1.80    0.015    0.796    0.0986   2.356e-06  p
net118                      1.80    0.012    0.542    0.1219   2.342e-06  p
net711                      1.80    0.014    0.500    0.1000   2.335e-06  a
net802                      1.80    0.008    0.449    0.1698   2.327e-06  p
net159                      1.80    0.009    0.755    0.1552   2.316e-06  p
clknet_0_net770             1.80    0.018    0.415    0.0806   2.304e-06  p
net19                       1.80    0.010    0.247    0.1361   2.296e-06  p
net545                      1.80    0.012    0.861    0.1175   2.290e-06  p
net712                      1.80    0.014    0.500    0.1000   2.289e-06  a
clknet_0_net751             1.80    0.019    0.359    0.0737   2.246e-06  p
net95                       1.80    0.011    0.621    0.1230   2.240e-06  p
net1                        1.80    0.007    0.496    0.1882   2.240e-06  p
net145                      1.80    0.035    0.903    0.0391   2.218e-06  p
net31                       1.80    0.015    0.878    0.0889   2.202e-06  p
net771                      1.80    0.020    0.903    0.0680   2.181e-06  p
net495                      1.80    0.010    0.658    0.1313   2.170e-06  p
net287                      1.80    0.009    0.527    0.1556   2.143e-06  p
net602                      1.80    0.010    0.645    0.1313   2.143e-06  p
net428                      1.80    0.010    0.375    0.1257   2.117e-06  p
net727                      1.80    0.013    0.500    0.1000   2.066e-06  a
net457                      1.80    0.009    0.564    0.1380   2.055e-06  p
net18                       1.80    0.067    0.016    0.0190   2.051e-06  p
net197                      1.80    0.010    0.375    0.1228   2.045e-06  p
net754                      1.80    0.025    0.938    0.0507   2.042e-06  p
net722                      1.80    0.013    0.500    0.1000   2.042e-06  a
net753                      1.80    0.012    0.859    0.1084   2.031e-06  p
net756                      1.80    0.007    0.449    0.1698   2.019e-06  p
net33                       1.80    0.016    0.118    0.0790   1.997e-06  p
net96                       1.80    0.010    0.565    0.1215   1.990e-06  p
net207                      1.80    0.010    0.685    0.1210   1.987e-06  p
net497                      1.80    0.012    0.505    0.1000   1.977e-06  p
net385                      1.80    0.011    0.475    0.1056   1.964e-06  p
net99                       1.80    0.018    0.885    0.0686   1.958e-06  p
net617                      1.80    0.015    0.646    0.0798   1.955e-06  p
net301                      1.80    0.043    0.038    0.0277   1.943e-06  p
net296                      1.80    0.012    0.197    0.0985   1.935e-06  p
net661                      1.80    0.010    0.613    0.1228   1.901e-06  p
net481                      1.80    0.017    0.639    0.0702   1.898e-06  p
net363                      1.80    0.011    0.733    0.1049   1.889e-06  p
net767                      1.80    0.017    0.874    0.0670   1.878e-06  p
net377                      1.80    0.009    0.440    0.1325   1.872e-06  p
net860                      1.80    0.014    0.389    0.0806   1.866e-06  p
net724                      1.80    0.011    0.500    0.1000   1.845e-06  a
net763                      1.80    0.030    0.178    0.0386   1.843e-06  p
net82                       1.80    0.008    0.741    0.1342   1.834e-06  p
net109                      1.80    0.012    0.171    0.0974   1.826e-06  p
net591                      1.80    0.010    0.482    0.1072   1.813e-06  p
net706                      1.80    0.011    0.500    0.1000   1.810e-06  a
net597                      1.80    0.008    0.484    0.1325   1.807e-06  p
net532                      1.80    0.022    0.987    0.0515   1.800e-06  p
net324                      1.80    0.011    0.244    0.1010   1.785e-06  p
net13                       1.80    0.024    0.062    0.0457   1.781e-06  p
net201                      1.80    0.007    0.670    0.1495   1.773e-06  p
net735                      1.80    0.050    0.061    0.0219   1.768e-06  p
net0                        1.80    0.006    0.501    0.1706   1.766e-06  p
net435                      1.80    0.034    0.325    0.0319   1.761e-06  p
net98                       1.80    0.016    0.905    0.0659   1.753e-06  p
net697                      1.80    0.011    0.500    0.1000   1.752e-06  a
net801                      1.80    0.007    0.689    0.1536   1.746e-06  p
net734                      1.80    0.019    0.928    0.0559   1.719e-06  p
net341                      1.80    0.110    0.002    0.0096   1.700e-06  p
net72                       1.80    0.026    0.045    0.0395   1.685e-06  p
net815                      1.80    0.008    0.375    0.1228   1.652e-06  p
net80                       1.80    0.008    0.579    0.1257   1.648e-06  p
net6                        1.80    0.010    0.259    0.0994   1.642e-06  p
net488                      1.80    0.011    0.475    0.0910   1.637e-06  p
net251                      1.80    0.010    0.759    0.0955   1.618e-06  p
net730                      1.80    0.010    0.500    0.1000   1.617e-06  a
net146                      1.80    0.008    0.600    0.1258   1.617e-06  p
net759                      1.80    0.014    0.866    0.0697   1.616e-06  p
net475                      1.80    0.009    0.662    0.1133   1.616e-06  p
net88                       1.80    0.008    0.379    0.1230   1.614e-06  p
net764                      1.80    0.010    0.498    0.0943   1.590e-06  p
net694                      1.80    0.010    0.500    0.1000   1.588e-06  a
net765                      1.80    0.006    0.528    0.1667   1.586e-06  p
net745                      1.80    0.014    0.356    0.0704   1.557e-06  p
net100                      1.80    0.006    0.689    0.1536   1.556e-06  p
net233                      1.80    0.043    0.982    0.0221   1.550e-06  p
net447                      1.80    0.051    0.093    0.0188   1.544e-06  p
net70                       1.80    0.010    0.249    0.0971   1.539e-06  p
net39                       1.80    0.008    0.750    0.1209   1.538e-06  p
net335                      1.80    0.019    0.941    0.0486   1.531e-06  p
net291                      1.80    0.020    0.951    0.0473   1.531e-06  p
net515                      1.80    0.010    0.282    0.0928   1.528e-06  p
net215                      1.80    0.008    0.374    0.1215   1.528e-06  p
net332                      1.80    0.009    0.448    0.1041   1.525e-06  p
net570                      1.80    0.006    0.613    0.1677   1.509e-06  p
net71                       1.80    0.023    0.045    0.0395   1.499e-06  p
net38                       1.80    0.007    0.817    0.1248   1.477e-06  p
net611                      1.80    0.015    0.293    0.0615   1.472e-06  p
net168                      1.80    0.005    0.444    0.1774   1.462e-06  p
net507                      1.80    0.005    0.568    0.1676   1.460e-06  p
net244                      1.80    0.023    0.820    0.0385   1.459e-06  p
net101                      1.80    0.013    0.885    0.0686   1.457e-06  p
net264                      1.80    0.038    0.046    0.0237   1.456e-06  p
net650                      1.80    0.022    0.097    0.0391   1.397e-06  p
net268                      1.80    0.006    0.281    0.1512   1.392e-06  p
net468                      1.80    0.007    0.720    0.1153   1.382e-06  p
net339                      1.80    0.008    0.503    0.1088   1.368e-06  p
net818                      1.80    0.005    0.445    0.1667   1.361e-06  p
net155                      1.80    0.007    0.449    0.1179   1.356e-06  p
net603                      1.80    0.007    0.199    0.1256   1.353e-06  p
net20                       1.80    0.005    0.467    0.1617   1.344e-06  p
net284                      1.80    0.009    0.792    0.0946   1.344e-06  p
net212                      1.80    0.006    0.850    0.1266   1.328e-06  p
net806                      1.80    0.005    0.449    0.1698   1.320e-06  p
net299                      1.80    0.022    0.066    0.0372   1.320e-06  p
net9                        1.80    0.013    0.093    0.0642   1.309e-06  p
net737                      1.80    0.025    0.956    0.0323   1.307e-06  p
net437                      1.80    0.014    0.869    0.0565   1.307e-06  p
net708                      1.80    0.008    0.500    0.1000   1.304e-06  a
net133                      1.80    0.010    0.646    0.0798   1.303e-06  p
net368                      1.80    0.016    0.944    0.0500   1.297e-06  p
net748                      1.80    0.013    0.840    0.0629   1.292e-06  p
net561                      1.80    0.016    0.847    0.0500   1.281e-06  p
net115                      1.80    0.006    0.783    0.1337   1.273e-06  p
net245                      1.80    0.007    0.534    0.1073   1.268e-06  p
net366                      1.80    0.004    0.634    0.2077   1.263e-06  p
net4                        1.80    0.008    0.744    0.1015   1.262e-06  p
net86                       1.80    0.009    0.864    0.0900   1.249e-06  p
net443                      1.80    0.037    0.633    0.0203   1.229e-06  p
net89                       1.80    0.009    0.847    0.0888   1.228e-06  p
net555                      1.80    0.007    0.149    0.1015   1.211e-06  p
net698                      1.80    0.007    0.500    0.1000   1.207e-06  a
net705                      1.80    0.007    0.500    0.1000   1.206e-06  a
net388                      1.80    0.005    0.251    0.1595   1.202e-06  p
net770                      1.80    0.009    0.415    0.0806   1.193e-06  p
net239                      1.80    0.007    0.466    0.1073   1.189e-06  p
net741                      1.80    0.031    0.090    0.0234   1.185e-06  p
net474                      1.80    0.008    0.843    0.0894   1.177e-06  p
net608                      1.80    0.009    0.821    0.0806   1.159e-06  p
net543                      1.80    0.012    0.276    0.0571   1.135e-06  p
net832                      1.80    0.006    0.257    0.1160   1.135e-06  p
net300                      1.80    0.004    0.462    0.1648   1.129e-06  p
net147                      1.80    0.011    0.087    0.0622   1.120e-06  p
net179                      1.80    0.010    0.127    0.0675   1.110e-06  p
net751                      1.80    0.009    0.359    0.0737   1.109e-06  p
net242                      1.80    0.004    0.463    0.1783   1.097e-06  p
net461                      1.80    0.007    0.541    0.1011   1.085e-06  p
net786                      1.80    0.006    0.686    0.1070   1.082e-06  p
net246                      1.80    0.007    0.140    0.0902   1.066e-06  p
net154                      1.80    0.011    0.707    0.0615   1.064e-06  p
net417                      1.80    0.005    0.416    0.1318   1.063e-06  p
net355                      1.80    0.007    0.908    0.0998   1.058e-06  p
net330                      1.80    0.014    0.172    0.0461   1.055e-06  p
net433                      1.80    0.006    0.732    0.0987   1.033e-06  p
net403                      1.80    0.022    0.785    0.0283   1.027e-06  p
net375                      1.80    0.003    0.427    0.1952   1.024e-06  p
net502                      1.80    0.005    0.696    0.1216   1.016e-06  p
net319                      1.80    0.016    0.851    0.0385   1.011e-06  p
net610                      1.80    0.010    0.486    0.0648   1.000e-06  p
net544                      1.80    0.011    0.722    0.0570   9.998e-07  p
net389                      1.80    0.028    0.437    0.0223   9.974e-07  p
net662                      1.80    0.006    0.421    0.1085   9.913e-07  p
net176                      1.80    0.006    0.797    0.0982   9.833e-07  p
net44                       1.80    0.004    0.655    0.1454   9.828e-07  p
net666                      1.80    0.012    0.843    0.0485   9.761e-07  p
net152                      1.80    0.010    0.705    0.0615   9.701e-07  p
net576                      1.80    0.007    0.890    0.0918   9.694e-07  p
net506                      1.80    0.007    0.859    0.0862   9.679e-07  p
net267                      1.80    0.006    0.180    0.1039   9.610e-07  p
net345                      1.80    0.004    0.216    0.1350   9.540e-07  p
net613                      1.80    0.011    0.013    0.0513   9.419e-07  p
net329                      1.80    0.012    0.172    0.0461   9.303e-07  p
net716                      1.80    0.006    0.500    0.1000   9.250e-07  a
net862                      1.80    0.011    0.013    0.0514   9.226e-07  p
net285                      1.80    0.005    0.837    0.1173   9.113e-07  p
net822                      1.80    0.020    0.973    0.0285   9.079e-07  p
net487                      1.80    0.005    0.257    0.1160   8.988e-07  p
net667                      1.80    0.006    0.501    0.0935   8.982e-07  p
net225                      1.80    0.003    0.592    0.2208   8.963e-07  p
net295                      1.80    0.029    0.995    0.0190   8.957e-07  p
net473                      1.80    0.003    0.338    0.1723   8.954e-07  p
net434                      1.80    0.012    0.957    0.0447   8.856e-07  p
net755                      1.80    0.026    0.659    0.0213   8.831e-07  p
net190                      1.80    0.043    0.011    0.0128   8.803e-07  p
net622                      1.80    0.029    0.907    0.0188   8.794e-07  p
net458                      1.80    0.003    0.354    0.1572   8.777e-07  p
net531                      1.80    0.011    0.013    0.0515   8.761e-07  p
net480                      1.80    0.006    0.249    0.0852   8.754e-07  p
net379                      1.80    0.003    0.618    0.1923   8.698e-07  p
net541                      1.80    0.005    0.297    0.1034   8.671e-07  p
net439                      1.80    0.013    0.122    0.0409   8.660e-07  p
net696                      1.80    0.005    0.500    0.1000   8.619e-07  a
net60                       1.80    0.004    0.412    0.1377   8.435e-07  p
net598                      1.80    0.004    0.250    0.1169   8.422e-07  p
net800                      1.80    0.005    0.249    0.0954   8.389e-07  p
net172                      1.80    0.017    0.959    0.0307   8.345e-07  p
net47                       1.80    0.004    0.753    0.1361   8.334e-07  p
net313                      1.80    0.034    0.984    0.0151   8.282e-07  p
net280                      1.80    0.003    0.667    0.1860   8.264e-07  p
net449                      1.80    0.014    0.081    0.0358   8.200e-07  p
net53                       1.80    0.019    0.022    0.0260   8.147e-07  p
net494                      1.80    0.006    0.290    0.0833   8.111e-07  p
net820                      1.80    0.003    0.445    0.1667   7.964e-07  p
net489                      1.80    0.003    0.513    0.1557   7.933e-07  p
net399                      1.80    0.007    0.817    0.0668   7.909e-07  p
net279                      1.80    0.004    0.247    0.1363   7.872e-07  p
net472                      1.80    0.020    0.533    0.0245   7.864e-07  p
net778                      1.80    0.004    0.441    0.1239   7.807e-07  p
net378                      1.80    0.022    0.061    0.0219   7.768e-07  p
net353                      1.80    0.005    0.588    0.1041   7.721e-07  p
net577                      1.80    0.005    0.784    0.0892   7.720e-07  p
net352                      1.80    0.006    0.544    0.0808   7.661e-07  p
net660                      1.80    0.004    0.385    0.1228   7.579e-07  p
net10                       1.80    0.005    0.245    0.0973   7.448e-07  p
net369                      1.80    0.003    0.576    0.1438   7.367e-07  p
net68                       1.80    0.004    0.686    0.1217   7.338e-07  p
net484                      1.80    0.004    0.481    0.1046   7.314e-07  p
net298                      1.80    0.012    0.933    0.0375   7.299e-07  p
net758                      1.80    0.011    0.360    0.0406   7.277e-07  p
net560                      1.80    0.003    0.707    0.1526   7.195e-07  p
net420                      1.80    0.039    0.854    0.0113   7.133e-07  p
net491                      1.80    0.003    0.816    0.1455   6.958e-07  p
net826                      1.80    0.004    0.796    0.0986   6.853e-07  p
net578                      1.80    0.004    0.483    0.0988   6.853e-07  p
net278                      1.80    0.003    0.719    0.1512   6.819e-07  p
net359                      1.80    0.004    0.751    0.1190   6.818e-07  p
net604                      1.80    0.006    0.737    0.0709   6.817e-07  p
net583                      1.80    0.003    0.345    0.1478   6.812e-07  p
net799                      1.80    0.004    0.249    0.0954   6.793e-07  p
net328                      1.80    0.015    0.225    0.0276   6.712e-07  p
net362                      1.80    0.060    0.995    0.0069   6.707e-07  p
net590                      1.80    0.007    0.245    0.0625   6.643e-07  p
net202                      1.80    0.014    0.970    0.0293   6.515e-07  p
net214                      1.80    0.004    0.509    0.0994   6.510e-07  p
net777                      1.80    0.002    0.506    0.1660   6.498e-07  p
net616                      1.80    0.005    0.352    0.0797   6.487e-07  p
net580                      1.80    0.022    0.734    0.0175   6.355e-07  p
net839                      1.80    0.004    0.843    0.0894   6.344e-07  p
net323                      1.80    0.028    0.301    0.0139   6.332e-07  p
net189                      1.80    0.009    0.952    0.0437   6.272e-07  p
net657                      1.80    0.017    0.595    0.0233   6.261e-07  p
net829                      1.80    0.017    0.595    0.0233   6.251e-07  p
net391                      1.80    0.003    0.625    0.1112   6.250e-07  p
net326                      1.80    0.081    0.008    0.0048   6.221e-07  p
clknet_1_0__leaf_net770     1.80    0.005    0.415    0.0806   6.211e-07  p
net50                       1.80    0.004    0.156    0.1042   6.170e-07  p
net659                      1.80    0.004    0.453    0.0986   6.143e-07  p
net408                      1.80    0.007    0.949    0.0517   6.129e-07  p
net834                      1.80    0.004    0.244    0.0936   6.080e-07  p
net869                      1.80    0.011    0.069    0.0338   6.065e-07  p
net553                      1.80    0.008    0.104    0.0454   5.936e-07  p
net796                      1.80    0.009    0.045    0.0395   5.925e-07  p
net702                      1.80    0.004    0.500    0.1000   5.917e-07  a
net382                      1.80    0.003    0.254    0.1251   5.893e-07  p
net302                      1.80    0.003    0.173    0.1072   5.884e-07  p
net573                      1.80    0.010    0.532    0.0361   5.862e-07  p
net615                      1.80    0.019    0.995    0.0190   5.852e-07  p
net554                      1.80    0.004    0.851    0.1017   5.848e-07  p
net699                      1.80    0.004    0.500    0.1000   5.829e-07  a
net496                      1.80    0.004    0.813    0.0904   5.803e-07  p
net151                      1.80    0.008    0.050    0.0464   5.739e-07  p
net342                      1.80    0.029    0.010    0.0123   5.730e-07  p
net585                      1.80    0.003    0.631    0.1200   5.703e-07  p
net370                      1.80    0.003    0.237    0.1285   5.694e-07  p
net478                      1.80    0.002    0.690    0.1459   5.687e-07  p
net163                      1.80    0.009    0.097    0.0392   5.641e-07  p
net769                      1.80    0.004    0.136    0.0786   5.572e-07  p
net412                      1.80    0.003    0.510    0.1143   5.528e-07  p
net830                      1.80    0.009    0.178    0.0385   5.494e-07  p
net277                      1.80    0.002    0.703    0.1614   5.491e-07  p
net600                      1.80    0.007    0.171    0.0475   5.452e-07  p
net221                      1.80    0.002    0.276    0.1630   5.444e-07  p
out50                       1.80    0.002    0.371    0.1656   5.444e-07  p
net306                      1.80    0.028    0.003    0.0119   5.428e-07  p
net470                      1.80    0.006    0.110    0.0584   5.353e-07  p
net150                      1.80    0.007    0.950    0.0464   5.323e-07  p
net121                      1.80    0.011    0.973    0.0304   5.322e-07  p
net810                      1.80    0.002    0.373    0.1651   5.267e-07  p
net111                      1.80    0.003    0.442    0.1227   5.261e-07  p
net485                      1.80    0.003    0.519    0.1046   5.252e-07  p
net52                       1.80    0.004    0.873    0.0816   5.234e-07  p
net265                      1.80    0.010    0.069    0.0338   5.227e-07  p
net338                      1.80    0.003    0.853    0.1013   5.222e-07  p
net165                      1.80    0.008    0.066    0.0414   5.183e-07  p
net640                      1.80    0.003    0.534    0.1074   5.098e-07  p
net91                       1.80    0.016    0.017    0.0192   5.097e-07  p
net106                      1.80    0.011    0.973    0.0285   5.093e-07  p
out25                       1.80    0.002    0.449    0.1698   5.036e-07  p
net262                      1.80    0.002    0.779    0.1253   5.008e-07  p
net409                      1.80    0.022    0.003    0.0138   5.007e-07  p
net340                      1.80    0.004    0.610    0.0808   4.954e-07  p
net469                      1.80    0.012    0.467    0.0245   4.941e-07  p
net346                      1.80    0.032    0.002    0.0096   4.937e-07  p
net477                      1.80    0.004    0.827    0.0753   4.932e-07  p
net465                      1.80    0.002    0.662    0.1307   4.906e-07  p
net305                      1.80    0.009    0.728    0.0328   4.900e-07  p
net269                      1.80    0.002    0.194    0.1252   4.883e-07  p
net774                      1.80    0.019    0.039    0.0162   4.868e-07  p
net411                      1.80    0.066    0.001    0.0045   4.845e-07  p
net123                      1.80    0.003    0.207    0.1045   4.838e-07  p
net158                      1.80    0.003    0.224    0.1026   4.810e-07  p
net136                      1.80    0.004    0.648    0.0797   4.806e-07  p
net500                      1.80    0.010    0.065    0.0305   4.761e-07  p
net637                      1.80    0.004    0.389    0.0807   4.718e-07  p
net638                      1.80    0.004    0.610    0.0808   4.702e-07  p
net639                      1.80    0.003    0.466    0.1074   4.689e-07  p
net288                      1.80    0.015    0.005    0.0190   4.638e-07  p
net27                       1.80    0.017    0.016    0.0170   4.625e-07  p
net568                      1.80    0.003    0.347    0.0942   4.599e-07  p
net48                       1.80    0.007    0.166    0.0431   4.591e-07  p
net402                      1.80    0.010    0.774    0.0288   4.548e-07  p
net272                      1.80    0.014    0.678    0.0202   4.547e-07  p
net398                      1.80    0.004    0.182    0.0670   4.526e-07  p
net614                      1.80    0.005    0.987    0.0513   4.491e-07  p
net508                      1.80    0.011    0.535    0.0246   4.469e-07  p
net257                      1.80    0.002    0.813    0.1137   4.433e-07  p
net816                      1.80    0.007    0.045    0.0395   4.410e-07  p
net156                      1.80    0.008    0.034    0.0346   4.405e-07  p
net227                      1.80    0.022    0.010    0.0123   4.363e-07  p
net247                      1.80    0.011    0.523    0.0234   4.342e-07  p
net479                      1.80    0.006    0.442    0.0428   4.342e-07  p
clknet_1_0__leaf_net751     1.80    0.004    0.359    0.0737   4.334e-07  p
net311                      1.80    0.010    0.773    0.0272   4.323e-07  p
net566                      1.80    0.003    0.840    0.0966   4.281e-07  p
net361                      1.80    0.002    0.271    0.1271   4.280e-07  p
clknet_1_1__leaf_net751     1.80    0.003    0.359    0.0737   4.159e-07  p
net871                      1.80    0.013    0.633    0.0203   4.140e-07  p
net303                      1.80    0.013    0.005    0.0190   4.135e-07  p
net195                      1.80    0.010    0.974    0.0261   4.082e-07  p
net572                      1.80    0.026    0.134    0.0095   4.066e-07  p
net579                      1.80    0.002    0.531    0.1050   3.940e-07  p
net750                      1.80    0.014    0.743    0.0174   3.876e-07  p
net286                      1.80    0.002    0.752    0.1160   3.865e-07  p
net281                      1.80    0.002    0.491    0.1063   3.853e-07  p
net116                      1.80    0.003    0.185    0.0950   3.849e-07  p
net565                      1.80    0.004    0.689    0.0540   3.824e-07  p
net514                      1.80    0.004    0.163    0.0648   3.802e-07  p
out40                       1.80    0.001    0.528    0.1667   3.798e-07  p
net240                      1.80    0.006    0.951    0.0366   3.793e-07  p
net838                      1.80    0.010    0.533    0.0245   3.773e-07  p
net575                      1.80    0.004    0.897    0.0614   3.768e-07  p
net595                      1.80    0.005    0.847    0.0500   3.716e-07  p
net861                      1.80    0.004    0.256    0.0602   3.709e-07  p
net270                      1.80    0.004    0.902    0.0637   3.692e-07  p
net490                      1.80    0.012    0.014    0.0192   3.676e-07  p
net460                      1.80    0.003    0.205    0.0815   3.674e-07  p
net114                      1.80    0.004    0.913    0.0637   3.669e-07  p
net536                      1.80    0.024    0.720    0.0092   3.649e-07  p
net492                      1.80    0.010    0.049    0.0225   3.632e-07  p
net780                      1.80    0.011    0.713    0.0202   3.629e-07  p
net856                      1.80    0.004    0.707    0.0615   3.622e-07  p
net467                      1.80    0.003    0.844    0.0797   3.557e-07  p
net120                      1.80    0.004    0.909    0.0614   3.519e-07  p
net509                      1.80    0.008    0.974    0.0278   3.493e-07  p
net664                      1.80    0.002    0.244    0.0936   3.490e-07  p
net138                      1.80    0.002    0.357    0.0868   3.467e-07  p
net55                       1.80    0.004    0.938    0.0507   3.462e-07  p
net315                      1.80    0.014    0.213    0.0155   3.407e-07  p
net612                      1.80    0.003    0.706    0.0615   3.362e-07  p
net846                      1.80    0.002    0.718    0.0928   3.344e-07  p
net498                      1.80    0.002    0.139    0.0878   3.271e-07  p
net552                      1.80    0.002    0.916    0.0816   3.257e-07  p
net620                      1.80    0.015    0.856    0.0132   3.232e-07  p
out53                       1.80    0.002    0.441    0.1239   3.182e-07  p
out31                       1.80    0.001    0.449    0.1698   3.150e-07  p
net605                      1.80    0.007    0.395    0.0288   3.142e-07  p
net419                      1.80    0.014    0.997    0.0134   3.127e-07  p
clknet_1_1__leaf_net770     1.80    0.002    0.415    0.0806   3.117e-07  p
net308                      1.80    0.005    0.359    0.0426   3.116e-07  p
net351                      1.80    0.002    0.455    0.0809   3.109e-07  p
net347                      1.80    0.003    0.209    0.0591   3.074e-07  p
net174                      1.80    0.005    0.636    0.0407   3.049e-07  p
net520                      1.80    0.002    0.718    0.0928   3.027e-07  p
net143                      1.80    0.006    0.853    0.0318   3.026e-07  p
net837                      1.80    0.009    0.633    0.0203   3.021e-07  p
net274                      1.80    0.008    0.975    0.0229   3.019e-07  p
net397                      1.80    0.008    0.631    0.0219   3.000e-07  p
net593                      1.80    0.004    0.011    0.0426   2.977e-07  p
net387                      1.80    0.010    0.734    0.0174   2.890e-07  p
net59                       1.80    0.007    0.978    0.0260   2.885e-07  p
net663                      1.80    0.002    0.258    0.0745   2.861e-07  p
net144                      1.80    0.006    0.145    0.0317   2.831e-07  p
net845                      1.80    0.002    0.282    0.0928   2.790e-07  p
net185                      1.80    0.008    0.022    0.0226   2.756e-07  p
net476                      1.80    0.004    0.587    0.0376   2.715e-07  p
net442                      1.80    0.015    0.105    0.0115   2.713e-07  p
net390                      1.80    0.004    0.636    0.0441   2.664e-07  p
net463                      1.80    0.006    0.086    0.0265   2.660e-07  p
net641                      1.80    0.017    0.720    0.0092   2.602e-07  p
out0                        1.80    0.001    0.774    0.1257   2.589e-07  p
net169                      1.80    0.011    0.010    0.0145   2.558e-07  p
net511                      1.80    0.008    0.328    0.0208   2.550e-07  pm
net309                      1.80    0.004    0.637    0.0427   2.542e-07  p
net456                      1.80    0.004    0.233    0.0404   2.534e-07  p
net17                       1.80    0.005    0.031    0.0284   2.529e-07  p
net665                      1.80    0.005    0.095    0.0309   2.511e-07  p
net645                      1.80    0.014    0.854    0.0113   2.488e-07  p
net607                      1.80    0.003    0.088    0.0523   2.478e-07  p
net241                      1.80    0.004    0.049    0.0366   2.474e-07  p
out37                       1.80    0.001    0.372    0.1979   2.462e-07  p
net584                      1.80    0.003    0.013    0.0512   2.460e-07  p
net256                      1.80    0.011    0.183    0.0137   2.438e-07  p
net626                      1.80    0.004    0.878    0.0409   2.394e-07  p
net797                      1.80    0.004    0.045    0.0395   2.378e-07  p
net312                      1.80    0.009    0.213    0.0155   2.368e-07  p
net58                       1.80    0.006    0.022    0.0260   2.365e-07  p
net781                      1.80    0.006    0.566    0.0225   2.354e-07  p
out60                       1.80    0.001    0.686    0.1070   2.346e-07  p
net448                      1.80    0.003    0.127    0.0541   2.341e-07  p
net831                      1.80    0.006    0.154    0.0246   2.317e-07  p
net139                      1.80    0.003    0.074    0.0526   2.295e-07  p
net343                      1.80    0.005    0.226    0.0299   2.273e-07  p
net425                      1.80    0.018    0.998    0.0075   2.242e-07  p
out52                       1.80    0.001    0.506    0.1660   2.242e-07  p
net625                      1.80    0.003    0.122    0.0409   2.239e-07  p
net228                      1.80    0.019    0.995    0.0069   2.185e-07  p
net655                      1.80    0.006    0.440    0.0217   2.183e-07  p
net405                      1.80    0.012    0.146    0.0113   2.178e-07  p
net344                      1.80    0.019    0.995    0.0069   2.172e-07  p
net628                      1.80    0.010    0.817    0.0137   2.164e-07  p
net283                      1.80    0.011    0.939    0.0122   2.153e-07  p
net836                      1.80    0.004    0.325    0.0319   2.136e-07  p
net424                      1.80    0.010    0.997    0.0138   2.128e-07  p
net464                      1.80    0.014    0.876    0.0095   2.112e-07  p
net658                      1.80    0.007    0.091    0.0178   2.091e-07  p
net407                      1.80    0.027    0.999    0.0047   2.090e-07  p
net586                      1.80    0.003    0.931    0.0388   2.073e-07  p
out18                       1.80    0.001    0.298    0.1545   2.046e-07  p
net421                      1.80    0.011    0.146    0.0113   2.039e-07  p
out16                       1.80    0.001    0.815    0.0942   2.024e-07  p
out29                       1.80    0.001    0.859    0.1084   2.010e-07  p
net631                      1.80    0.006    0.663    0.0212   2.002e-07  p
out45                       1.80    0.002    0.415    0.0806   1.994e-07  p
net337                      1.80    0.013    0.939    0.0092   1.976e-07  p
net618                      1.80    0.007    0.743    0.0174   1.972e-07  p
net441                      1.80    0.006    0.666    0.0217   1.969e-07  p
net779                      1.80    0.031    0.954    0.0039   1.959e-07  p
net28                       1.80    0.018    0.005    0.0067   1.957e-07  p
net538                      1.80    0.013    0.280    0.0092   1.940e-07  p
net110                      1.80    0.002    0.945    0.0521   1.930e-07  p
net148                      1.80    0.032    0.989    0.0037   1.927e-07  p
net599                      1.80    0.003    0.095    0.0373   1.922e-07  p
net444                      1.80    0.008    0.058    0.0143   1.864e-07  p
out4                        1.80    0.001    0.498    0.0943   1.858e-07  p
out47                       1.80    0.001    0.543    0.1211   1.843e-07  p
out28                       1.80    0.001    0.267    0.0985   1.815e-07  p
net249                      1.80    0.005    0.620    0.0217   1.800e-07  p
net601                      1.80    0.005    0.028    0.0211   1.762e-07  p
net858                      1.80    0.005    0.415    0.0218   1.747e-07  p
net550                      1.80    0.011    0.292    0.0100   1.720e-07  p
net261                      1.80    0.003    0.097    0.0391   1.718e-07  p
out32                       1.80    0.001    0.758    0.1378   1.702e-07  p
net587                      1.80    0.002    0.988    0.0461   1.696e-07  p
net652                      1.80    0.005    0.331    0.0212   1.696e-07  p
out35                       1.80    0.001    0.501    0.1079   1.693e-07  p
net260                      1.80    0.004    0.095    0.0286   1.683e-07  p
net259                      1.80    0.008    0.827    0.0135   1.671e-07  p
net848                      1.80    0.005    0.666    0.0217   1.667e-07  p
net252                      1.80    0.003    0.958    0.0347   1.663e-07  p
net400                      1.80    0.009    0.146    0.0113   1.663e-07  p
net596                      1.80    0.003    0.008    0.0310   1.654e-07  p
net22                       1.80    0.018    0.996    0.0057   1.623e-07  p
net310                      1.80    0.004    0.227    0.0272   1.617e-07  p
net321                      1.80    0.006    0.791    0.0176   1.616e-07  p
net482                      1.80    0.011    0.870    0.0092   1.613e-07  p
net416                      1.80    0.009    0.878    0.0105   1.605e-07  p
net415                      1.80    0.010    0.111    0.0099   1.604e-07  p
net373                      1.80    0.004    0.342    0.0226   1.597e-07  p
out12                       1.80    0.001    0.416    0.1292   1.596e-07  p
net594                      1.80    0.004    0.993    0.0275   1.577e-07  p
net627                      1.80    0.007    0.173    0.0135   1.523e-07  p
out61                       1.80    0.001    0.779    0.1253   1.510e-07  p
net455                      1.80    0.005    0.529    0.0201   1.491e-07  p
out22                       1.80    0.001    0.131    0.0880   1.490e-07  p
net788                      1.80    0.015    0.956    0.0060   1.488e-07  p
net374                      1.80    0.008    0.997    0.0112   1.479e-07  p
net619                      1.80    0.005    0.246    0.0169   1.460e-07  p
net483                      1.80    0.009    0.119    0.0095   1.447e-07  p
net867                      1.80    0.003    0.022    0.0260   1.442e-07  p
out8                        1.80    0.001    0.338    0.1726   1.442e-07  p
net633                      1.80    0.006    0.213    0.0155   1.434e-07  p
net423                      1.80    0.002    0.122    0.0409   1.424e-07  p
net606                      1.80    0.004    0.934    0.0217   1.393e-07  p
net868                      1.80    0.005    0.907    0.0188   1.386e-07  p
net854                      1.80    0.008    0.854    0.0113   1.379e-07  p
out23                       1.80    0.001    0.840    0.0629   1.365e-07  p
net643                      1.80    0.003    0.467    0.0245   1.360e-07  p
net581                      1.80    0.002    0.013    0.0513   1.344e-07  p
out46                       1.80    0.001    0.903    0.0680   1.333e-07  p
net644                      1.80    0.009    0.134    0.0095   1.326e-07  p
net384                      1.80    0.003    0.030    0.0270   1.319e-07  p
net250                      1.80    0.004    0.371    0.0217   1.319e-07  p
net440                      1.80    0.004    0.325    0.0217   1.314e-07  p
net609                      1.80    0.004    0.760    0.0224   1.293e-07  p
out44                       1.80    0.001    0.136    0.0786   1.289e-07  p
net499                      1.80    0.004    0.612    0.0197   1.232e-07  p
net376                      1.80    0.013    0.012    0.0059   1.226e-07  p
net828                      1.80    0.010    0.902    0.0079   1.223e-07  p
net833                      1.80    0.008    0.869    0.0092   1.189e-07  p
net589                      1.80    0.002    0.992    0.0326   1.180e-07  p
net41                       1.80    0.018    0.003    0.0040   1.169e-07  p
out21                       1.80    0.001    0.716    0.1224   1.165e-07  p
net36                       1.80    0.018    0.003    0.0040   1.156e-07  p
out19                       1.80    0.001    0.661    0.1298   1.149e-07  p
net149                      1.80    0.012    0.996    0.0058   1.149e-07  p
net863                      1.80    0.007    0.875    0.0095   1.148e-07  p
net62                       1.80    0.002    0.264    0.0357   1.142e-07  p
net513                      1.80    0.003    0.337    0.0212   1.138e-07  p
out42                       1.80    0.001    0.874    0.0670   1.138e-07  p
out27                       1.80    0.001    0.359    0.0737   1.134e-07  p
net592                      1.80    0.003    0.489    0.0229   1.128e-07  p
net462                      1.80    0.003    0.914    0.0265   1.126e-07  p
net322                      1.80    0.015    0.990    0.0048   1.120e-07  p
net304                      1.80    0.010    0.998    0.0067   1.094e-07  p
net372                      1.80    0.003    0.649    0.0228   1.089e-07  p
net642                      1.80    0.003    0.533    0.0245   1.068e-07  p
out51                       1.80    0.001    0.847    0.0698   1.057e-07  p
net668                      1.80    0.005    0.798    0.0144   1.055e-07  p
net130                      1.80    0.003    0.494    0.0225   1.047e-07  p
net273                      1.80    0.004    0.754    0.0169   1.037e-07  p
out9                        1.80    0.001    0.626    0.1215   1.032e-07  p
out59                       1.80    0.001    0.873    0.0675   1.021e-07  p
net336                      1.80    0.009    0.005    0.0069   1.018e-07  p
net841                      1.80    0.003    0.612    0.0197   1.015e-07  p
net653                      1.80    0.003    0.575    0.0219   1.013e-07  p
net549                      1.80    0.006    0.708    0.0100   9.926e-08  p
net849                      1.80    0.003    0.734    0.0174   9.732e-08  p
net534                      1.80    0.017    0.037    0.0035   9.724e-08  p
net360                      1.80    0.002    0.632    0.0274   9.654e-08  p
net450                      1.80    0.019    0.005    0.0031   9.631e-08  p
net621                      1.80    0.004    0.144    0.0132   9.626e-08  p
net844                      1.80    0.003    0.632    0.0213   9.624e-08  p
net656                      1.80    0.003    0.278    0.0185   9.483e-08  p
net624                      1.80    0.007    0.994    0.0079   9.372e-08  p
net132                      1.80    0.002    0.978    0.0251   9.175e-08  p
out34                       1.80    0.001    0.866    0.0697   9.143e-08  p
net654                      1.80    0.003    0.415    0.0218   9.101e-08  p
net852                      1.80    0.003    0.369    0.0219   9.084e-08  p
net842                      1.80    0.002    0.526    0.0227   8.933e-08  p
out39                       1.80    0.001    0.178    0.0385   8.873e-08  p
net181                      1.80    0.003    0.661    0.0211   8.820e-08  p
net396                      1.80    0.002    0.369    0.0219   8.716e-08  p
net452                      1.80    0.002    0.527    0.0227   8.660e-08  p
net395                      1.80    0.011    0.992    0.0047   8.659e-08  p
net835                      1.80    0.005    0.111    0.0099   8.630e-08  p
net248                      1.80    0.002    0.468    0.0233   8.488e-08  p
net840                      1.80    0.002    0.468    0.0233   8.425e-08  p
net486                      1.80    0.002    0.154    0.0246   8.321e-08  p
net504                      1.80    0.002    0.632    0.0213   8.187e-08  p
net493                      1.80    0.004    0.144    0.0132   8.055e-08  p
net739                      1.80    0.004    0.144    0.0132   7.900e-08  p
net334                      1.80    0.008    0.012    0.0059   7.898e-08  p
net670                      1.80    0.003    0.251    0.0179   7.840e-08  p
net173                      1.80    0.003    0.990    0.0142   7.730e-08  p
net571                      1.80    0.003    0.783    0.0164   7.629e-08  p
net569                      1.80    0.003    0.820    0.0139   7.581e-08  p
out3                        1.80    0.001    0.938    0.0507   7.561e-08  p
net864                      1.80    0.004    0.061    0.0122   7.539e-08  p
net453                      1.80    0.003    0.699    0.0139   7.366e-08  p
out20                       1.80    0.001    0.356    0.0703   7.338e-08  p
net853                      1.80    0.003    0.213    0.0155   7.298e-08  p
net271                      1.80    0.008    0.970    0.0056   7.278e-08  p
net317                      1.80    0.003    0.984    0.0151   7.258e-08  p
net167                      1.80    0.003    0.820    0.0142   7.027e-08  p
net446                      1.80    0.002    0.093    0.0188   6.987e-08  p
net222                      1.80    0.002    0.722    0.0185   6.969e-08  p
net866                      1.80    0.004    0.170    0.0106   6.923e-08  p
net623                      1.80    0.005    0.006    0.0079   6.740e-08  p
net383                      1.80    0.009    0.006    0.0046   6.662e-08  p
net567                      1.80    0.007    0.922    0.0061   6.634e-08  p
out33                       1.80    0.001    0.360    0.0406   6.574e-08  p
net523                      1.80    0.003    0.156    0.0131   6.567e-08  p
net404                      1.80    0.009    0.999    0.0047   6.554e-08  p
net325                      1.80    0.006    0.935    0.0065   6.408e-08  p
net471                      1.80    0.003    0.114    0.0132   6.403e-08  p
net557                      1.80    0.017    0.982    0.0023   6.281e-08  p
out10                       1.80    0.001    0.928    0.0559   5.836e-08  p
net859                      1.80    0.004    0.134    0.0095   5.799e-08  p
net516                      1.80    0.003    0.053    0.0139   5.768e-08  p
net333                      1.80    0.006    0.986    0.0061   5.720e-08  p
out13                       1.80    0.001    0.956    0.0323   5.665e-08  p
net410                      1.80    0.006    0.999    0.0058   5.611e-08  p
net782                      1.80    0.019    0.999    0.0018   5.592e-08  p
net635                      1.80    0.009    0.994    0.0036   5.479e-08  p
net364                      1.80    0.006    0.941    0.0060   5.475e-08  p
net574                      1.80    0.002    0.874    0.0163   5.409e-08  p
net182                      1.80    0.003    0.028    0.0096   5.337e-08  p
net282                      1.80    0.003    0.061    0.0122   5.267e-08  p
out11                       1.80    0.001    0.061    0.0219   5.263e-08  p
net122                      1.80    0.002    0.989    0.0149   5.214e-08  p
net46                       1.80    0.008    0.998    0.0040   5.204e-08  p
net276                      1.80    0.003    0.006    0.0113   5.127e-08  p
net669                      1.80    0.004    0.897    0.0085   5.111e-08  p
net505                      1.80    0.003    0.901    0.0092   5.059e-08  p
net183                      1.80    0.003    0.972    0.0096   5.051e-08  p
net358                      1.80    0.004    0.994    0.0079   4.980e-08  p
net533                      1.80    0.003    0.997    0.0118   4.882e-08  p
net870                      1.80    0.002    0.820    0.0142   4.878e-08  p
net392                      1.80    0.002    0.795    0.0125   4.875e-08  p
net371                      1.80    0.004    0.006    0.0079   4.630e-08  p
net563                      1.80    0.003    0.134    0.0095   4.582e-08  p
net432                      1.80    0.003    0.170    0.0106   4.562e-08  p
net651                      1.80    0.009    0.013    0.0033   4.544e-08  p
net431                      1.80    0.003    0.823    0.0111   4.531e-08  p
net142                      1.80    0.008    0.987    0.0033   4.477e-08  p
net865                      1.80    0.003    0.119    0.0095   4.439e-08  p
net401                      1.80    0.006    0.001    0.0048   4.338e-08  p
net535                      1.80    0.003    0.997    0.0104   4.248e-08  p
out26                       1.80    0.001    0.743    0.0174   4.145e-08  p
net851                      1.80    0.003    0.720    0.0092   4.112e-08  p
net394                      1.80    0.012    0.002    0.0022   4.023e-08  p
net518                      1.80    0.002    0.906    0.0101   3.812e-08  p
net744                      1.80    0.013    0.019    0.0017   3.797e-08  p
net630                      1.80    0.010    0.971    0.0024   3.761e-08  p
net161                      1.80    0.005    0.023    0.0044   3.457e-08  p
out30                       1.80    0.001    0.659    0.0213   3.324e-08  p
net263                      1.80    0.003    0.995    0.0060   3.238e-08  p
net258                      1.80    0.002    0.989    0.0101   3.184e-08  p
net175                      1.80    0.008    0.029    0.0024   3.121e-08  p
net556                      1.80    0.008    0.018    0.0023   3.120e-08  p
net766                      1.80    0.004    0.993    0.0043   3.094e-08  p
out55                       1.80    0.001    0.713    0.0202   3.087e-08  p
net503                      1.80    0.002    0.902    0.0079   3.084e-08  p
net157                      1.80    0.008    0.005    0.0023   3.031e-08  p
net501                      1.80    0.004    0.999    0.0045   2.919e-08  p
out15                       1.80    0.001    0.144    0.0132   2.757e-08  p
out56                       1.80    0.001    0.565    0.0225   2.739e-08  p
net45                       1.80    0.008    0.001    0.0018   2.477e-08  p
net140                      1.80    0.005    0.987    0.0033   2.467e-08  p
net629                      1.80    0.009    0.019    0.0017   2.446e-08  p
net184                      1.80    0.003    0.993    0.0051   2.340e-08  p
net539                      1.80    0.002    0.057    0.0064   2.226e-08  p
net847                      1.80    0.004    0.037    0.0035   2.117e-08  p
net160                      1.80    0.003    0.972    0.0050   2.071e-08  p
out17                       1.80    0.001    0.090    0.0234   2.020e-08  p
net634                      1.80    0.004    0.006    0.0032   1.958e-08  p
net451                      1.80    0.004    0.996    0.0031   1.889e-08  p
net559                      1.80    0.004    0.985    0.0031   1.883e-08  p
net773                      1.80    0.009    0.984    0.0012   1.824e-08  p
net855                      1.80    0.002    0.023    0.0044   1.787e-08  p
net588                      1.80    0.003    0.969    0.0040   1.730e-08  p
net562                      1.80    0.003    0.993    0.0035   1.667e-08  p
net386                      1.80    0.003    0.994    0.0032   1.657e-08  p
net380                      1.80    0.006    0.000    0.0015   1.451e-08  p
out5                        1.80    0.001    0.039    0.0162   1.372e-08  p
net843                      1.80    0.003    0.011    0.0033   1.353e-08  p
net178                      1.80    0.010    0.002    0.0008   1.306e-08  p
net540                      1.80    0.002    0.011    0.0033   1.240e-08  p
net381                      1.80    0.005    1.000    0.0015   1.205e-08  p
net547                      1.80    0.018    0.016    0.0004   1.136e-08  p
net857                      1.80    0.003    0.982    0.0023   1.114e-08  p
out54                       1.80    0.002    0.953    0.0039   1.056e-08  p
net177                      1.80    0.005    0.997    0.0011   1.008e-08  p
out41                       1.80    0.001    0.993    0.0043   9.892e-09  p
net170                      1.80    0.002    0.002    0.0024   7.295e-09  p
net61                       1.80    0.008    0.006    0.0005   7.104e-09  p
net166                      1.80    0.002    0.019    0.0020   6.512e-09  p
net738                      1.80    0.013    1.000    0.0003   6.068e-09  p
out7                        1.80    0.001    0.956    0.0060   5.938e-09  p
out2                        1.80    0.001    0.019    0.0017   3.631e-09  p
out57                       1.80    0.001    0.999    0.0018   2.929e-09  p
net850                      1.80    0.003    0.018    0.0006   2.697e-09  p
net56                       1.80    0.005    0.000    0.0003   2.437e-09  p
net546                      1.80    0.002    0.018    0.0006   1.900e-09  p
out48                       1.80    0.001    0.984    0.0012   1.459e-09  p
net57                       1.80    0.002    1.000    0.0003   1.142e-09  p
net636                      1.80    0.010    0.036    0.41e-4  6.821e-10  p
net51                       1.80    0.008    0.036    0.41e-4  5.573e-10  p
net54                       1.80    0.008    0.036    0.41e-4  5.454e-10  p
net63                       1.80    0.007    0.036    0.41e-4  4.587e-10  p
out14                       1.80    0.001    1.000    0.0003   3.149e-10  p
net23                       1.80    0.007    0.000    0.0000      0.0000  p
net24                       1.80    0.014    0.000    0.0000      0.0000  p
net30                       1.80    0.033    1.000    0.0000      0.0000  p
net34                       1.80    0.011    1.000    0.0000      0.0000  p
net35                       1.80    0.007    0.000    0.0000      0.0000  p
net42                       1.80    0.013    1.000    0.0000      0.0000  p
net43                       1.80    0.027    0.000    0.0000      0.0000  p
net77                       1.80    0.008    1.000    0.0000      0.0000  p
net79                       1.80    0.011    1.000    0.0000      0.0000  p
net85                       1.80    0.006    0.000    0.0000      0.0000  p
net105                      1.80    0.028    0.000    0.0000      0.0000  p
net107                      1.80    0.013    1.000    0.0000      0.0000  p
net126                      1.80    0.008    1.000    0.0000      0.0000  p
net127                      1.80    0.003    1.000    0.0000      0.0000  p
net128                      1.80    0.009    0.000    0.0000      0.0000  p
net129                      1.80    0.008    1.000    0.0000      0.0000  p
net153                      1.80    0.010    1.000    0.0000      0.0000  p
net180                      1.80    0.005    1.000    0.0000      0.0000  p
net200                      1.80    0.060    0.000    0.0000      0.0000  p
net203                      1.80    0.040    0.000    0.0000      0.0000  p
net204                      1.80    0.030    0.000    0.0000      0.0000  p
net209                      1.80    0.012    0.000    0.0000      0.0000  p
net213                      1.80    0.010    0.000    0.0000      0.0000  p
net216                      1.80    0.010    0.000    0.0000      0.0000  p
net218                      1.80    0.010    1.000    0.0000      0.0000  p
net219                      1.80    0.041    0.000    0.0000      0.0000  p
net223                      1.80    0.002    0.000    0.0000      0.0000  p
net224                      1.80    0.010    1.000    0.0000      0.0000  p
net226                      1.80    0.007    1.000    0.0000      0.0000  p
net230                      1.80    0.021    1.000    0.0000      0.0000  p
net238                      1.80    0.015    1.000    0.0000      0.0000  p
net243                      1.80    0.002    1.000    0.0000      0.0000  p
net255                      1.80    0.008    0.000    0.0000      0.0000  p
net275                      1.80    0.002    1.000    0.0000      0.0000  p
net297                      1.80    0.008    0.000    0.0000      0.0000  p
net314                      1.80    0.036    1.000    0.0000      0.0000  p
net316                      1.80    0.002    1.000    0.0000      0.0000  p
net318                      1.80    0.020    1.000    0.0000      0.0000  p
net327                      1.80    0.004    0.000    0.0000      0.0000  p
net414                      1.80    0.012    0.000    0.0000      0.0000  p
net418                      1.80    0.019    1.000    0.0000      0.0000  p
net429                      1.80    0.037    0.000    0.0000      0.0000  p
net430                      1.80    0.013    0.000    0.0000      0.0000  p
net445                      1.80    0.027    1.000    0.0000      0.0000  p
net510                      1.80    0.017    0.000    0.0000      0.0000  p
net519                      1.80    0.005    0.000    0.0000      0.0000  p
net521                      1.80    0.002    1.000    0.0000      0.0000  p
net524                      1.80    0.008    0.000    0.0000      0.0000  p
net526                      1.80    0.004    1.000    0.0000      0.0000  p
net537                      1.80    0.013    0.000    0.0000      0.0000  p
net558                      1.80    0.022    0.000    0.0000      0.0000  p
net646                      1.80    0.003    1.000    0.0000      0.0000  p
net647                      1.80    0.016    0.000    0.0000      0.0000  p
net648                      1.80    0.004    1.000    0.0000      0.0000  p
net649                      1.80    0.003    0.000    0.0000      0.0000  p
net733                      1.80    0.043    1.000    0.0000      0.0000  p
net762                      1.80    0.039    0.000    0.0000      0.0000  p
net768                      1.80    0.037    0.000    0.0000      0.0000  p
net783                      1.80    0.018    1.000    0.0000      0.0000  p
net785                      1.80    0.029    0.000    0.0000      0.0000  p
net813                      1.80    0.003    0.000    0.0000      0.0000  p
net821                      1.80    0.011    1.000    0.0000      0.0000  p
net827                      1.80    0.005    1.000    0.0000      0.0000  p
out1                        1.80    0.002    1.000    0.0000      0.0000  p
out6                        1.80    0.001    0.000    0.0000      0.0000  p
out38                       1.80    0.001    0.000    0.0000      0.0000  p
out43                       1.80    0.001    0.000    0.0000      0.0000  p
out58                       1.80    0.001    1.000    0.0000      0.0000  p
--------------------------------------------------------------------------------
Total (954 nets)                                               1.869e-03 Watt



                                      Int      Switch   Leak      Total
Hierarchy                             Power    Power    Power     Power    %
--------------------------------------------------------------------------------
netlist_1                             1.61e-03 1.87e-03 4.84e-09  3.48e-03 100.0
1
