****************************************
Report : Averaged Power
	-net_power
	-hierarchy
	-sort_by net_switching_power
	-power_greater_than       0
	-nosplit
Design : netlist_4
Version: Q-2019.12-SP1
Date   : Wed Jul 24 02:37:02 2024
****************************************



  Attributes
  ----------
      a  -  Switching activity information / Switching power information annotated on net
      p  -  Propagated switching activity information on net
      d  -  Default switching activity used on net
      u  -  Net switching activity uninitialized
      m  -  Net is driven by multiple pins
      b  -  Net is a primary input (boundary net)

		Toggle rates reported with respect to time unit 1ns
--------------------------------------------------------------------------------
                                  Total      Static   Toggle   Switching
Net                         Vdd   Net Load   Prob.    Rate     Power      Attrs
--------------------------------------------------------------------------------
clknet_0_clk                1.80    0.202    0.500    0.1000   3.273e-05  a
net734                      1.80    0.094    0.381    0.1378   2.109e-05  p
net671                      1.80    0.119    0.500    0.1000   1.926e-05  a
net737                      1.80    0.092    0.386    0.1236   1.834e-05  p
net21                       1.80    0.059    0.468    0.1752   1.671e-05  p
net114                      1.80    0.080    0.368    0.1223   1.586e-05  p
net774                      1.80    0.097    0.500    0.1000   1.576e-05  a
net744                      1.80    0.073    0.264    0.1251   1.472e-05  p
net672                      1.80    0.091    0.500    0.1000   1.468e-05  a
net204                      1.80    0.087    0.498    0.0999   1.406e-05  p
clknet_4_10_0_clk           1.80    0.087    0.500    0.1000   1.406e-05  a
net773                      1.80    0.079    0.500    0.1000   1.277e-05  a
net714                      1.80    0.078    0.500    0.1000   1.271e-05  a
net220                      1.80    0.081    0.251    0.0953   1.249e-05  p
net79                       1.80    0.082    0.814    0.0920   1.223e-05  p
net464                      1.80    0.061    0.386    0.1236   1.221e-05  p
net794                      1.80    0.059    0.316    0.1273   1.220e-05  p
net698                      1.80    0.075    0.500    0.1000   1.214e-05  a
net406                      1.80    0.060    0.372    0.1207   1.181e-05  p
clknet_4_5_0_clk            1.80    0.071    0.500    0.1000   1.155e-05  a
net252                      1.80    0.070    0.740    0.1001   1.139e-05  p
net24                       1.80    0.049    0.626    0.1440   1.138e-05  p
net112                      1.80    0.048    0.724    0.1450   1.120e-05  p
net344                      1.80    0.051    0.426    0.1354   1.118e-05  p
net104                      1.80    0.072    0.814    0.0957   1.113e-05  p
clknet_4_12_0_clk           1.80    0.068    0.500    0.1000   1.109e-05  a
net701                      1.80    0.067    0.500    0.1000   1.089e-05  a
clknet_4_9_0_clk            1.80    0.066    0.500    0.1000   1.075e-05  a
net754                      1.80    0.066    0.502    0.0990   1.060e-05  p
net356                      1.80    0.034    0.616    0.1895   1.058e-05  p
net676                      1.80    0.064    0.500    0.1000   1.038e-05  a
net200                      1.80    0.064    0.500    0.1000   1.035e-05  a
net267                      1.80    0.044    0.365    0.1419   1.015e-05  p
net74                       1.80    0.063    0.748    0.0984   1.013e-05  p
net751                      1.80    0.075    0.895    0.0817   9.986e-06  p
net546                      1.80    0.054    0.510    0.1132   9.948e-06  p
net765                      1.80    0.071    0.831    0.0841   9.732e-06  p
net95                       1.80    0.049    0.374    0.1220   9.663e-06  p
net677                      1.80    0.060    0.500    0.1000   9.644e-06  a
net702                      1.80    0.059    0.500    0.1000   9.576e-06  a
clknet_4_4_0_clk            1.80    0.059    0.500    0.1000   9.492e-06  a
net769                      1.80    0.034    0.371    0.1701   9.470e-06  p
net673                      1.80    0.058    0.500    0.1000   9.427e-06  a
net433                      1.80    0.070    0.122    0.0828   9.423e-06  p
net118                      1.80    0.046    0.617    0.1258   9.355e-06  p
net740                      1.80    0.092    0.381    0.0608   9.082e-06  p
net682                      1.80    0.056    0.500    0.1000   9.002e-06  a
net742                      1.80    0.066    0.104    0.0841   8.929e-06  p
net771                      1.80    0.054    0.511    0.1018   8.898e-06  p
net458                      1.80    0.051    0.645    0.1050   8.595e-06  p
net679                      1.80    0.053    0.500    0.1000   8.507e-06  a
net47                       1.80    0.040    0.268    0.1310   8.386e-06  p
net339                      1.80    0.084    0.072    0.0606   8.196e-06  p
net715                      1.80    0.050    0.500    0.1000   8.162e-06  a
net298                      1.80    0.059    0.873    0.0845   8.026e-06  p
net141                      1.80    0.051    0.242    0.0961   8.009e-06  p
clknet_4_8_0_clk            1.80    0.049    0.500    0.1000   7.996e-06  a
clknet_4_2_0_clk            1.80    0.049    0.500    0.1000   7.932e-06  a
net711                      1.80    0.048    0.500    0.1000   7.757e-06  a
clknet_4_6_0_clk            1.80    0.048    0.500    0.1000   7.736e-06  a
clknet_4_14_0_clk           1.80    0.048    0.500    0.1000   7.706e-06  a
clknet_4_11_0_clk           1.80    0.047    0.500    0.1000   7.636e-06  a
net725                      1.80    0.039    0.723    0.1197   7.547e-06  p
net75                       1.80    0.047    0.751    0.0955   7.315e-06  p
net501                      1.80    0.048    0.702    0.0925   7.255e-06  p
net446                      1.80    0.029    0.355    0.1496   7.116e-06  p
net48                       1.80    0.039    0.173    0.1121   7.100e-06  p
net171                      1.80    0.044    0.888    0.0971   6.936e-06  p
net713                      1.80    0.041    0.500    0.1000   6.700e-06  a
clknet_4_15_0_clk           1.80    0.041    0.500    0.1000   6.670e-06  a
net117                      1.80    0.028    0.358    0.1484   6.650e-06  p
net739                      1.80    0.058    0.888    0.0701   6.593e-06  p
net155                      1.80    0.022    0.458    0.1807   6.561e-06  p
net127                      1.80    0.041    0.491    0.0997   6.543e-06  p
clknet_1_0__leaf_net749     1.80    0.025    0.385    0.1609   6.541e-06  p
net99                       1.80    0.041    0.258    0.0969   6.504e-06  p
net1                        1.80    0.033    0.386    0.1211   6.384e-06  p
net439                      1.80    0.042    0.857    0.0935   6.303e-06  p
net343                      1.80    0.043    0.237    0.0902   6.289e-06  p
clknet_4_13_0_clk           1.80    0.038    0.500    0.1000   6.195e-06  a
net176                      1.80    0.026    0.515    0.1438   6.123e-06  p
net145                      1.80    0.037    0.840    0.1030   6.110e-06  p
net86                       1.80    0.031    0.557    0.1215   6.094e-06  p
net763                      1.80    0.041    0.298    0.0925   6.071e-06  p
net46                       1.80    0.062    0.929    0.0590   5.975e-06  p
net216                      1.80    0.037    0.756    0.1004   5.944e-06  p
net444                      1.80    0.039    0.857    0.0935   5.898e-06  p
net98                       1.80    0.030    0.619    0.1211   5.870e-06  p
net40                       1.80    0.023    0.399    0.1573   5.817e-06  p
clknet_4_7_0_clk            1.80    0.036    0.500    0.1000   5.813e-06  a
net5                        1.80    0.027    0.637    0.1332   5.796e-06  p
net347                      1.80    0.019    0.616    0.1895   5.724e-06  p
clknet_0_net749             1.80    0.022    0.385    0.1609   5.635e-06  p
net369                      1.80    0.029    0.621    0.1199   5.577e-06  p
net8                        1.80    0.025    0.586    0.1329   5.486e-06  p
net119                      1.80    0.032    0.160    0.1030   5.297e-06  p
net421                      1.80    0.023    0.276    0.1393   5.292e-06  p
net11                       1.80    0.027    0.616    0.1196   5.234e-06  p
net690                      1.80    0.032    0.500    0.1000   5.196e-06  a
net424                      1.80    0.027    0.798    0.1160   5.113e-06  p
net753                      1.80    0.023    0.250    0.1365   5.112e-06  p
net88                       1.80    0.026    0.444    0.1197   5.094e-06  p
net766                      1.80    0.031    0.511    0.1018   5.079e-06  p
clknet_1_0__leaf_net388     1.80    0.031    0.504    0.1010   5.033e-06  p
net352                      1.80    0.021    0.491    0.1477   5.003e-06  p
net12                       1.80    0.032    0.249    0.0958   4.898e-06  p
net39                       1.80    0.018    0.542    0.1629   4.851e-06  p
net38                       1.80    0.032    0.155    0.0945   4.827e-06  p
net135                      1.80    0.025    0.443    0.1202   4.824e-06  p
clknet_4_3_0_clk            1.80    0.029    0.500    0.1000   4.760e-06  a
net749                      1.80    0.018    0.385    0.1609   4.751e-06  p
net328                      1.80    0.031    0.859    0.0933   4.747e-06  p
net78                       1.80    0.024    0.630    0.1211   4.643e-06  p
net45                       1.80    0.024    0.203    0.1186   4.631e-06  p
net140                      1.80    0.029    0.258    0.0969   4.606e-06  p
clknet_4_0_0_clk            1.80    0.028    0.500    0.1000   4.573e-06  a
net558                      1.80    0.028    0.228    0.1010   4.540e-06  p
net22                       1.80    0.017    0.670    0.1666   4.536e-06  p
net699                      1.80    0.028    0.500    0.1000   4.527e-06  a
net2                        1.80    0.024    0.487    0.1150   4.523e-06  p
net195                      1.80    0.023    0.709    0.1191   4.479e-06  p
net785                      1.80    0.023    0.444    0.1197   4.446e-06  p
clknet_4_1_0_clk            1.80    0.027    0.500    0.1000   4.412e-06  a
net222                      1.80    0.024    0.225    0.1152   4.400e-06  p
net391                      1.80    0.027    0.550    0.0989   4.353e-06  p
net26                       1.80    0.015    0.697    0.1747   4.350e-06  p
net358                      1.80    0.015    0.675    0.1790   4.297e-06  p
net678                      1.80    0.026    0.500    0.1000   4.248e-06  a
net704                      1.80    0.026    0.500    0.1000   4.226e-06  a
net226                      1.80    0.016    0.623    0.1652   4.217e-06  p
net712                      1.80    0.026    0.500    0.1000   4.189e-06  a
net138                      1.80    0.027    0.153    0.0935   4.155e-06  p
net100                      1.80    0.025    0.740    0.1001   4.131e-06  p
net717                      1.80    0.025    0.500    0.1000   4.063e-06  a
net14                       1.80    0.025    0.817    0.1022   4.057e-06  p
net0                        1.80    0.020    0.377    0.1240   4.027e-06  p
net541                      1.80    0.035    0.137    0.0695   3.940e-06  p
net249                      1.80    0.014    0.413    0.1694   3.910e-06  p
net154                      1.80    0.014    0.728    0.1689   3.868e-06  p
clknet_1_1__leaf_net388     1.80    0.023    0.504    0.1010   3.821e-06  p
clknet_0_net269             1.80    0.019    0.701    0.1225   3.820e-06  p
net375                      1.80    0.017    0.732    0.1378   3.768e-06  p
net113                      1.80    0.020    0.838    0.1133   3.748e-06  p
net33                       1.80    0.014    0.496    0.1648   3.727e-06  p
net683                      1.80    0.023    0.500    0.1000   3.724e-06  a
net388                      1.80    0.023    0.504    0.1010   3.711e-06  p
net172                      1.80    0.014    0.478    0.1668   3.698e-06  p
net705                      1.80    0.023    0.500    0.1000   3.673e-06  a
net199                      1.80    0.019    0.370    0.1211   3.640e-06  p
net224                      1.80    0.017    0.684    0.1298   3.624e-06  p
net4                        1.80    0.019    0.483    0.1142   3.602e-06  p
clknet_0_net388             1.80    0.022    0.504    0.1010   3.566e-06  p
net150                      1.80    0.016    0.250    0.1365   3.561e-06  p
net376                      1.80    0.010    0.560    0.2085   3.495e-06  p
net25                       1.80    0.022    0.147    0.0950   3.441e-06  p
net103                      1.80    0.022    0.839    0.0946   3.432e-06  p
net695                      1.80    0.021    0.500    0.1000   3.371e-06  a
net738                      1.80    0.017    0.311    0.1217   3.370e-06  p
clknet_0_net389             1.80    0.021    0.500    0.0994   3.360e-06  p
net152                      1.80    0.011    0.310    0.1947   3.314e-06  p
net19                       1.80    0.015    0.284    0.1330   3.300e-06  p
net230                      1.80    0.012    0.413    0.1694   3.298e-06  p
net549                      1.80    0.029    0.137    0.0695   3.272e-06  p
net410                      1.80    0.017    0.239    0.1180   3.230e-06  p
net28                       1.80    0.022    0.863    0.0906   3.227e-06  p
net338                      1.80    0.014    0.771    0.1384   3.209e-06  p
net148                      1.80    0.033    0.928    0.0601   3.171e-06  p
net3                        1.80    0.016    0.624    0.1219   3.114e-06  p
net94                       1.80    0.019    0.258    0.0988   3.103e-06  p
clknet_0_net507             1.80    0.021    0.298    0.0925   3.076e-06  p
net538                      1.80    0.022    0.273    0.0875   3.071e-06  p
clknet_0_net371             1.80    0.021    0.447    0.0894   3.067e-06  p
net42                       1.80    0.020    0.825    0.0959   3.043e-06  p
net223                      1.80    0.021    0.122    0.0886   3.020e-06  p
net36                       1.80    0.019    0.175    0.0959   3.011e-06  p
net708                      1.80    0.019    0.500    0.1000   3.010e-06  a
net335                      1.80    0.015    0.508    0.1232   3.007e-06  p
net371                      1.80    0.021    0.447    0.0894   2.989e-06  p
clknet_0_net750             1.80    0.019    0.629    0.0978   2.986e-06  p
net281                      1.80    0.018    0.512    0.1034   2.985e-06  p
net10                       1.80    0.014    0.588    0.1297   2.930e-06  p
net680                      1.80    0.018    0.500    0.1000   2.919e-06  a
net7                        1.80    0.014    0.626    0.1251   2.896e-06  p
net17                       1.80    0.016    0.192    0.1109   2.860e-06  p
net287                      1.80    0.011    0.543    0.1538   2.846e-06  p
net428                      1.80    0.016    0.838    0.1094   2.807e-06  p
net186                      1.80    0.018    0.866    0.0931   2.790e-06  p
net102                      1.80    0.018    0.805    0.0968   2.770e-06  p
net196                      1.80    0.017    0.248    0.0981   2.726e-06  p
net149                      1.80    0.012    0.354    0.1443   2.721e-06  p
net668                      1.80    0.017    0.500    0.1000   2.721e-06  a
net330                      1.80    0.013    0.434    0.1290   2.700e-06  p
net76                       1.80    0.016    0.495    0.1013   2.677e-06  p
net128                      1.80    0.016    0.495    0.1032   2.674e-06  p
net707                      1.80    0.016    0.500    0.1000   2.669e-06  a
net111                      1.80    0.017    0.258    0.0988   2.664e-06  p
net471                      1.80    0.014    0.432    0.1204   2.661e-06  p
net334                      1.80    0.016    0.215    0.1041   2.646e-06  p
net392                      1.80    0.011    0.444    0.1420   2.624e-06  p
clknet_1_0__leaf_net371     1.80    0.018    0.447    0.0894   2.601e-06  p
net80                       1.80    0.023    0.126    0.0699   2.599e-06  p
net365                      1.80    0.009    0.325    0.1790   2.595e-06  p
net408                      1.80    0.026    0.766    0.0624   2.594e-06  p
net681                      1.80    0.016    0.500    0.1000   2.581e-06  a
net468                      1.80    0.013    0.620    0.1221   2.577e-06  p
net251                      1.80    0.014    0.867    0.1123   2.559e-06  p
net90                       1.80    0.019    0.876    0.0834   2.536e-06  p
net214                      1.80    0.017    0.864    0.0895   2.535e-06  p
net718                      1.80    0.013    0.673    0.1201   2.527e-06  p
net89                       1.80    0.015    0.767    0.1024   2.521e-06  p
net723                      1.80    0.012    0.626    0.1262   2.493e-06  p
net537                      1.80    0.018    0.725    0.0875   2.490e-06  p
net50                       1.80    0.010    0.589    0.1562   2.471e-06  p
net768                      1.80    0.073    0.897    0.0208   2.468e-06  p
net688                      1.80    0.015    0.500    0.1000   2.465e-06  a
net157                      1.80    0.021    0.127    0.0710   2.454e-06  p
net844                      1.80    0.016    0.751    0.0955   2.445e-06  p
net332                      1.80    0.016    0.862    0.0922   2.434e-06  p
net29                       1.80    0.015    0.502    0.0990   2.417e-06  p
net122                      1.80    0.012    0.568    0.1204   2.409e-06  p
net722                      1.80    0.033    0.786    0.0444   2.388e-06  p
net706                      1.80    0.015    0.500    0.1000   2.381e-06  a
net685                      1.80    0.015    0.500    0.1000   2.379e-06  a
clknet_0_net500             1.80    0.021    0.783    0.0691   2.364e-06  p
net202                      1.80    0.013    0.723    0.1133   2.363e-06  p
net207                      1.80    0.009    0.455    0.1570   2.360e-06  p
net59                       1.80    0.011    0.751    0.1270   2.357e-06  p
net134                      1.80    0.014    0.502    0.1011   2.350e-06  p
net721                      1.80    0.011    0.316    0.1273   2.349e-06  p
net345                      1.80    0.018    0.895    0.0817   2.337e-06  p
net101                      1.80    0.020    0.124    0.0715   2.328e-06  p
net804                      1.80    0.016    0.237    0.0902   2.325e-06  p
net710                      1.80    0.014    0.500    0.1000   2.308e-06  a
net54                       1.80    0.010    0.322    0.1376   2.285e-06  p
clknet_0_net270             1.80    0.019    0.095    0.0736   2.281e-06  p
net106                      1.80    0.010    0.285    0.1348   2.275e-06  p
net467                      1.80    0.011    0.379    0.1222   2.253e-06  p
net282                      1.80    0.008    0.468    0.1714   2.248e-06  p
net750                      1.80    0.014    0.629    0.0978   2.237e-06  p
net13                       1.80    0.014    0.747    0.0997   2.229e-06  p
net551                      1.80    0.030    0.082    0.0460   2.221e-06  p
net700                      1.80    0.014    0.500    0.1000   2.200e-06  a
net709                      1.80    0.013    0.500    0.1000   2.163e-06  a
clknet_1_1__leaf_net371     1.80    0.015    0.447    0.0894   2.148e-06  p
net151                      1.80    0.007    0.250    0.1767   2.144e-06  p
net691                      1.80    0.013    0.500    0.1000   2.141e-06  a
net233                      1.80    0.008    0.587    0.1694   2.124e-06  p
net764                      1.80    0.022    0.454    0.0581   2.095e-06  p
net109                      1.80    0.013    0.805    0.0968   2.092e-06  p
net274                      1.80    0.015    0.169    0.0841   2.092e-06  p
net760                      1.80    0.010    0.821    0.1254   2.090e-06  p
net669                      1.80    0.013    0.500    0.1000   2.086e-06  a
net490                      1.80    0.010    0.506    0.1311   2.083e-06  p
net473                      1.80    0.040    0.105    0.0319   2.070e-06  p
net470                      1.80    0.023    0.940    0.0547   2.058e-06  p
clknet_0_net650             1.80    0.020    0.312    0.0641   2.055e-06  p
net27                       1.80    0.023    0.932    0.0554   2.055e-06  p
net277                      1.80    0.029    0.479    0.0443   2.050e-06  p
net129                      1.80    0.030    0.046    0.0419   2.049e-06  p
net108                      1.80    0.009    0.704    0.1354   2.031e-06  p
net96                       1.80    0.013    0.752    0.0963   2.020e-06  p
net15                       1.80    0.014    0.156    0.0891   2.002e-06  p
net35                       1.80    0.009    0.664    0.1354   1.985e-06  p
net110                      1.80    0.011    0.813    0.1127   1.982e-06  p
net137                      1.80    0.010    0.557    0.1202   1.978e-06  p
net348                      1.80    0.013    0.321    0.0960   1.951e-06  p
net284                      1.80    0.011    0.513    0.1093   1.951e-06  p
net73                       1.80    0.012    0.248    0.0981   1.942e-06  p
net136                      1.80    0.009    0.308    0.1302   1.930e-06  p
net121                      1.80    0.010    0.702    0.1204   1.927e-06  p
net336                      1.80    0.011    0.223    0.1051   1.915e-06  p
net474                      1.80    0.037    0.894    0.0321   1.907e-06  p
net420                      1.80    0.014    0.809    0.0858   1.902e-06  p
clknet_1_1__leaf_net749     1.80    0.007    0.385    0.1609   1.901e-06  p
net817                      1.80    0.009    0.316    0.1273   1.884e-06  p
net684                      1.80    0.012    0.500    0.1000   1.884e-06  a
net211                      1.80    0.019    0.918    0.0609   1.883e-06  p
net302                      1.80    0.009    0.389    0.1268   1.871e-06  p
net462                      1.80    0.012    0.492    0.0992   1.865e-06  p
net164                      1.80    0.015    0.129    0.0758   1.864e-06  p
net838                      1.80    0.009    0.316    0.1273   1.844e-06  p
net115                      1.80    0.010    0.318    0.1179   1.838e-06  p
net843                      1.80    0.009    0.316    0.1273   1.835e-06  p
net839                      1.80    0.009    0.316    0.1273   1.820e-06  p
net32                       1.80    0.009    0.626    0.1251   1.820e-06  p
net174                      1.80    0.009    0.385    0.1310   1.813e-06  p
net126                      1.80    0.013    0.104    0.0841   1.811e-06  p
net219                      1.80    0.007    0.411    0.1686   1.802e-06  p
net139                      1.80    0.018    0.928    0.0601   1.799e-06  p
net52                       1.80    0.010    0.494    0.1103   1.746e-06  p
net675                      1.80    0.011    0.500    0.1000   1.743e-06  a
net518                      1.80    0.007    0.315    0.1519   1.737e-06  p
net240                      1.80    0.018    0.062    0.0588   1.733e-06  p
net636                      1.80    0.007    0.380    0.1427   1.729e-06  p
net429                      1.80    0.012    0.860    0.0895   1.714e-06  p
net694                      1.80    0.011    0.500    0.1000   1.712e-06  a
net667                      1.80    0.011    0.500    0.1000   1.711e-06  a
net622                      1.80    0.010    0.467    0.1014   1.706e-06  p
net666                      1.80    0.011    0.500    0.1000   1.704e-06  a
net333                      1.80    0.011    0.752    0.0981   1.700e-06  p
net81                       1.80    0.017    0.908    0.0617   1.690e-06  p
net479                      1.80    0.009    0.337    0.1125   1.689e-06  p
clknet_0_net373             1.80    0.012    0.553    0.0894   1.684e-06  p
net500                      1.80    0.015    0.783    0.0691   1.675e-06  p
net786                      1.80    0.009    0.444    0.1197   1.650e-06  p
net296                      1.80    0.014    0.113    0.0726   1.639e-06  p
clknet_1_0__leaf_net389     1.80    0.010    0.500    0.0994   1.634e-06  p
net269                      1.80    0.008    0.701    0.1225   1.631e-06  p
net91                       1.80    0.008    0.422    0.1281   1.587e-06  p
net703                      1.80    0.010    0.500    0.1000   1.587e-06  a
net97                       1.80    0.010    0.249    0.0998   1.586e-06  p
net327                      1.80    0.010    0.812    0.0934   1.583e-06  p
net617                      1.80    0.014    0.183    0.0696   1.578e-06  p
net657                      1.80    0.016    0.833    0.0600   1.572e-06  p
net159                      1.80    0.010    0.186    0.0957   1.566e-06  p
net206                      1.80    0.008    0.630    0.1211   1.524e-06  p
net354                      1.80    0.010    0.860    0.0937   1.521e-06  p
net165                      1.80    0.009    0.213    0.1007   1.486e-06  p
net329                      1.80    0.010    0.812    0.0934   1.482e-06  p
net87                       1.80    0.021    0.057    0.0441   1.474e-06  p
net245                      1.80    0.007    0.371    0.1334   1.469e-06  p
net792                      1.80    0.010    0.553    0.0894   1.466e-06  p
net144                      1.80    0.037    0.978    0.0246   1.460e-06  p
clknet_0_net651             1.80    0.020    0.228    0.0455   1.454e-06  p
net389                      1.80    0.009    0.500    0.0994   1.453e-06  p
net390                      1.80    0.009    0.498    0.0998   1.443e-06  p
net437                      1.80    0.009    0.754    0.0955   1.436e-06  p
net507                      1.80    0.010    0.298    0.0925   1.429e-06  p
net654                      1.80    0.010    0.555    0.0852   1.424e-06  p
net270                      1.80    0.012    0.095    0.0736   1.421e-06  p
net373                      1.80    0.010    0.553    0.0894   1.420e-06  p
net692                      1.80    0.009    0.500    0.1000   1.419e-06  a
net746                      1.80    0.007    0.672    0.1331   1.418e-06  p
clknet_0_net581             1.80    0.019    0.941    0.0450   1.407e-06  p
net652                      1.80    0.010    0.445    0.0900   1.406e-06  p
net9                        1.80    0.008    0.510    0.1130   1.402e-06  p
net130                      1.80    0.006    0.380    0.1434   1.402e-06  p
clknet_1_0__leaf_net373     1.80    0.010    0.553    0.0894   1.396e-06  p
net268                      1.80    0.006    0.641    0.1429   1.393e-06  p
net601                      1.80    0.007    0.282    0.1187   1.391e-06  p
net616                      1.80    0.006    0.568    0.1518   1.388e-06  p
net827                      1.80    0.012    0.887    0.0726   1.371e-06  p
net481                      1.80    0.005    0.538    0.1791   1.351e-06  p
net689                      1.80    0.008    0.500    0.1000   1.341e-06  a
net77                       1.80    0.008    0.255    0.1005   1.341e-06  p
net18                       1.80    0.009    0.186    0.0954   1.337e-06  p
net213                      1.80    0.006    0.324    0.1394   1.325e-06  p
net93                       1.80    0.087    0.007    0.0094   1.323e-06  p
net212                      1.80    0.009    0.860    0.0895   1.314e-06  p
net271                      1.80    0.009    0.170    0.0841   1.293e-06  p
net30                       1.80    0.008    0.147    0.0950   1.291e-06  p
net574                      1.80    0.009    0.864    0.0848   1.283e-06  p
clknet_1_0__leaf_net581     1.80    0.018    0.941    0.0450   1.282e-06  p
net759                      1.80    0.016    0.829    0.0499   1.278e-06  p
net670                      1.80    0.008    0.500    0.1000   1.268e-06  a
net368                      1.80    0.007    0.540    0.1106   1.267e-06  p
net576                      1.80    0.005    0.350    0.1429   1.267e-06  p
net581                      1.80    0.017    0.941    0.0450   1.255e-06  p
net201                      1.80    0.007    0.723    0.1133   1.253e-06  p
net435                      1.80    0.008    0.143    0.0935   1.250e-06  p
net823                      1.80    0.008    0.298    0.0925   1.247e-06  p
net407                      1.80    0.008    0.155    0.0946   1.236e-06  p
clknet_1_1__leaf_net581     1.80    0.017    0.941    0.0450   1.234e-06  p
net615                      1.80    0.005    0.447    0.1574   1.224e-06  p
net234                      1.80    0.007    0.524    0.1109   1.217e-06  p
net210                      1.80    0.007    0.221    0.1024   1.206e-06  p
net440                      1.80    0.022    0.032    0.0331   1.181e-06  p
clknet_0_net384             1.80    0.021    0.924    0.0343   1.173e-06  p
net175                      1.80    0.008    0.814    0.0920   1.170e-06  p
net153                      1.80    0.006    0.859    0.1129   1.145e-06  p
clknet_1_0__leaf_net384     1.80    0.021    0.924    0.0343   1.143e-06  p
net610                      1.80    0.009    0.801    0.0818   1.132e-06  p
net290                      1.80    0.007    0.512    0.1034   1.130e-06  p
net716                      1.80    0.007    0.500    0.1000   1.130e-06  a
net351                      1.80    0.012    0.848    0.0582   1.126e-06  p
net107                      1.80    0.008    0.841    0.0877   1.113e-06  p
net533                      1.80    0.005    0.499    0.1486   1.112e-06  p
net203                      1.80    0.006    0.723    0.1133   1.100e-06  p
clknet_1_1__leaf_net269     1.80    0.006    0.701    0.1225   1.099e-06  p
net337                      1.80    0.007    0.752    0.0981   1.092e-06  p
net143                      1.80    0.007    0.258    0.0969   1.092e-06  p
net20                       1.80    0.007    0.137    0.0906   1.081e-06  p
net836                      1.80    0.005    0.316    0.1273   1.080e-06  p
net629                      1.80    0.026    0.806    0.0255   1.079e-06  p
net526                      1.80    0.009    0.393    0.0734   1.075e-06  p
net514                      1.80    0.007    0.499    0.0986   1.073e-06  p
net613                      1.80    0.004    0.698    0.1791   1.070e-06  p
net397                      1.80    0.003    0.441    0.1911   1.061e-06  p
net278                      1.80    0.004    0.458    0.1847   1.061e-06  p
net173                      1.80    0.003    0.642    0.2054   1.054e-06  p
net6                        1.80    0.006    0.498    0.1052   1.041e-06  p
net492                      1.80    0.019    0.894    0.0337   1.040e-06  p
net650                      1.80    0.010    0.312    0.0641   1.039e-06  p
net482                      1.80    0.017    0.812    0.0371   1.035e-06  p
clknet_1_1__leaf_net373     1.80    0.007    0.553    0.0894   1.026e-06  p
net503                      1.80    0.006    0.199    0.1024   1.022e-06  p
net324                      1.80    0.005    0.449    0.1194   1.021e-06  p
net124                      1.80    0.010    0.927    0.0608   1.015e-06  p
net123                      1.80    0.010    0.086    0.0632   9.941e-07  p
net295                      1.80    0.008    0.887    0.0726   9.856e-07  p
clknet_1_0__leaf_net750     1.80    0.006    0.629    0.0978   9.614e-07  p
clknet_0_net486             1.80    0.018    0.895    0.0319   9.539e-07  p
net217                      1.80    0.004    0.252    0.1349   9.474e-07  p
net643                      1.80    0.003    0.463    0.1909   9.473e-07  p
net772                      1.80    0.081    0.018    0.0072   9.412e-07  p
clknet_1_1__leaf_net384     1.80    0.017    0.924    0.0343   9.347e-07  p
net133                      1.80    0.006    0.840    0.1030   9.346e-07  p
net23                       1.80    0.019    0.029    0.0298   9.318e-07  p
net648                      1.80    0.025    0.504    0.0232   9.276e-07  p
net215                      1.80    0.006    0.864    0.0895   9.155e-07  p
net448                      1.80    0.009    0.115    0.0662   9.154e-07  p
net573                      1.80    0.003    0.540    0.1977   9.089e-07  p
net229                      1.80    0.003    0.587    0.1694   9.055e-07  p
net516                      1.80    0.007    0.893    0.0850   9.030e-07  p
net131                      1.80    0.023    0.023    0.0239   9.026e-07  p
net741                      1.80    0.018    0.198    0.0316   9.017e-07  p
net483                      1.80    0.008    0.764    0.0690   8.909e-07  p
clknet_1_1__leaf_net507     1.80    0.006    0.298    0.0925   8.907e-07  p
net736                      1.80    0.044    0.811    0.0124   8.902e-07  p
net419                      1.80    0.004    0.724    0.1393   8.899e-07  p
net497                      1.80    0.004    0.442    0.1436   8.854e-07  p
net394                      1.80    0.010    0.266    0.0567   8.795e-07  p
net84                       1.80    0.008    0.121    0.0689   8.657e-07  p
net603                      1.80    0.014    0.048    0.0382   8.569e-07  p
net125                      1.80    0.005    0.753    0.0990   8.432e-07  p
net288                      1.80    0.007    0.888    0.0701   8.384e-07  p
clknet_0_net385             1.80    0.021    0.517    0.0248   8.281e-07  p
net49                       1.80    0.003    0.299    0.1713   8.239e-07  p
net841                      1.80    0.004    0.316    0.1273   8.223e-07  p
net614                      1.80    0.003    0.626    0.1447   8.161e-07  p
clknet_1_1__leaf_net750     1.80    0.005    0.629    0.0978   8.126e-07  p
net275                      1.80    0.004    0.357    0.1388   8.125e-07  p
net396                      1.80    0.013    0.783    0.0390   8.101e-07  p
net405                      1.80    0.004    0.430    0.1360   8.059e-07  p
net16                       1.80    0.005    0.153    0.0911   8.037e-07  p
net499                      1.80    0.005    0.471    0.0956   7.989e-07  p
net510                      1.80    0.004    0.342    0.1247   7.982e-07  p
net463                      1.80    0.004    0.709    0.1179   7.934e-07  p
net520                      1.80    0.004    0.383    0.1178   7.817e-07  p
net313                      1.80    0.005    0.371    0.1022   7.806e-07  p
clknet_1_1__leaf_net389     1.80    0.005    0.500    0.0994   7.800e-07  p
net450                      1.80    0.003    0.560    0.1445   7.788e-07  p
net728                      1.80    0.009    0.754    0.0516   7.713e-07  p
net609                      1.80    0.006    0.199    0.0818   7.533e-07  p
net596                      1.80    0.010    0.721    0.0488   7.532e-07  p
net757                      1.80    0.020    0.522    0.0225   7.431e-07  p
net285                      1.80    0.003    0.610    0.1311   7.381e-07  p
net231                      1.80    0.004    0.316    0.1298   7.374e-07  p
net729                      1.80    0.063    0.015    0.0071   7.316e-07  p
net227                      1.80    0.009    0.063    0.0521   7.305e-07  p
net651                      1.80    0.010    0.228    0.0455   7.054e-07  p
net606                      1.80    0.004    0.543    0.1144   6.995e-07  p
net105                      1.80    0.004    0.791    0.1088   6.975e-07  p
net236                      1.80    0.015    0.030    0.0278   6.918e-07  p
net831                      1.80    0.007    0.381    0.0608   6.906e-07  p
net577                      1.80    0.038    0.367    0.0113   6.898e-07  p
net562                      1.80    0.002    0.535    0.1695   6.851e-07  p
net384                      1.80    0.012    0.924    0.0343   6.844e-07  p
net253                      1.80    0.002    0.525    0.1921   6.813e-07  p
net477                      1.80    0.004    0.382    0.1133   6.801e-07  p
clknet_1_1__leaf_net650     1.80    0.007    0.312    0.0641   6.790e-07  p
net466                      1.80    0.003    0.360    0.1260   6.789e-07  p
net447                      1.80    0.044    0.993    0.0094   6.767e-07  p
net452                      1.80    0.004    0.277    0.1063   6.739e-07  p
net43                       1.80    0.020    0.981    0.0205   6.663e-07  p
net304                      1.80    0.008    0.461    0.0524   6.644e-07  p
net221                      1.80    0.003    0.698    0.1196   6.587e-07  p
net656                      1.80    0.004    0.525    0.1080   6.571e-07  p
net730                      1.80    0.011    0.360    0.0370   6.487e-07  p
clknet_1_0__leaf_net270     1.80    0.005    0.095    0.0736   6.361e-07  p
net276                      1.80    0.003    0.643    0.1388   6.278e-07  p
clknet_1_0__leaf_net269     1.80    0.003    0.701    0.1225   6.258e-07  p
net536                      1.80    0.019    0.345    0.0201   6.220e-07  p
net496                      1.80    0.007    0.788    0.0569   6.217e-07  p
net187                      1.80    0.002    0.761    0.1578   6.214e-07  p
net382                      1.80    0.021    0.254    0.0180   6.205e-07  p
net64                       1.80    0.003    0.243    0.1277   6.168e-07  p
net630                      1.80    0.004    0.414    0.0911   6.165e-07  p
net323                      1.80    0.004    0.864    0.0895   6.144e-07  p
net524                      1.80    0.004    0.596    0.1062   6.133e-07  p
net600                      1.80    0.003    0.381    0.1378   6.129e-07  p
net44                       1.80    0.018    0.019    0.0205   6.128e-07  p
net34                       1.80    0.006    0.879    0.0685   6.117e-07  p
clknet_0_net513             1.80    0.019    0.859    0.0198   6.075e-07  p
net590                      1.80    0.031    0.634    0.0121   6.034e-07  p
net531                      1.80    0.006    0.187    0.0634   5.995e-07  p
net423                      1.80    0.003    0.575    0.1305   5.978e-07  p
net395                      1.80    0.009    0.215    0.0389   5.936e-07  p
net693                      1.80    0.004    0.500    0.1000   5.936e-07  a
net218                      1.80    0.003    0.688    0.1185   5.899e-07  p
net257                      1.80    0.002    0.391    0.1674   5.885e-07  p
net317                      1.80    0.017    0.531    0.0214   5.831e-07  p
net724                      1.80    0.013    0.567    0.0279   5.825e-07  p
net494                      1.80    0.043    0.006    0.0083   5.789e-07  p
net434                      1.80    0.007    0.062    0.0505   5.782e-07  p
net431                      1.80    0.038    0.993    0.0094   5.772e-07  p
net355                      1.80    0.009    0.067    0.0405   5.758e-07  p
net697                      1.80    0.004    0.500    0.1000   5.751e-07  a
clknet_1_1__leaf_net270     1.80    0.005    0.095    0.0736   5.742e-07  p
net398                      1.80    0.004    0.342    0.0939   5.722e-07  p
net400                      1.80    0.003    0.683    0.1224   5.702e-07  p
clknet_1_0__leaf_net507     1.80    0.004    0.298    0.0925   5.691e-07  p
net326                      1.80    0.037    0.993    0.0094   5.663e-07  p
net486                      1.80    0.011    0.895    0.0319   5.662e-07  p
net228                      1.80    0.016    0.978    0.0218   5.630e-07  p
net519                      1.80    0.005    0.818    0.0756   5.621e-07  p
net205                      1.80    0.003    0.723    0.1133   5.584e-07  p
net41                       1.80    0.004    0.866    0.0868   5.560e-07  p
net341                      1.80    0.003    0.248    0.0981   5.560e-07  p
net640                      1.80    0.005    0.831    0.0735   5.534e-07  p
net71                       1.80    0.006    0.732    0.0531   5.527e-07  p
net261                      1.80    0.002    0.435    0.1565   5.454e-07  p
net342                      1.80    0.008    0.011    0.0436   5.326e-07  p
net801                      1.80    0.003    0.752    0.0981   5.299e-07  p
net193                      1.80    0.002    0.333    0.1509   5.273e-07  p
net243                      1.80    0.002    0.454    0.1331   5.265e-07  p
net194                      1.80    0.016    0.511    0.0204   5.243e-07  p
net72                       1.80    0.030    0.902    0.0109   5.231e-07  p
net31                       1.80    0.003    0.500    0.1000   5.142e-07  a
net530                      1.80    0.009    0.724    0.0365   5.110e-07  p
net611                      1.80    0.004    0.796    0.0873   5.091e-07  p
net476                      1.80    0.003    0.278    0.1133   5.053e-07  p
net623                      1.80    0.002    0.613    0.1380   5.039e-07  p
net696                      1.80    0.003    0.500    0.1000   4.996e-07  a
net417                      1.80    0.019    0.727    0.0163   4.947e-07  p
net793                      1.80    0.008    0.375    0.0406   4.937e-07  p
net314                      1.80    0.003    0.493    0.1008   4.934e-07  p
net255                      1.80    0.007    0.954    0.0419   4.923e-07  p
clknet_1_0__leaf_net651     1.80    0.007    0.228    0.0455   4.921e-07  p
net331                      1.80    0.005    0.909    0.0656   4.896e-07  p
net404                      1.80    0.006    0.284    0.0509   4.857e-07  p
net438                      1.80    0.007    0.048    0.0400   4.854e-07  p
net522                      1.80    0.003    0.827    0.1040   4.844e-07  p
net422                      1.80    0.002    0.328    0.1251   4.740e-07  p
net383                      1.80    0.016    0.737    0.0183   4.652e-07  p
net525                      1.80    0.003    0.753    0.1005   4.601e-07  p
net254                      1.80    0.003    0.498    0.0999   4.590e-07  p
net585                      1.80    0.003    0.792    0.1053   4.569e-07  p
net340                      1.80    0.003    0.752    0.0981   4.551e-07  p
net743                      1.80    0.039    0.018    0.0072   4.533e-07  p
net460                      1.80    0.003    0.143    0.0935   4.518e-07  p
net659                      1.80    0.003    0.535    0.1011   4.504e-07  p
clknet_1_0__leaf_net650     1.80    0.004    0.312    0.0641   4.499e-07  p
net645                      1.80    0.012    0.636    0.0223   4.474e-07  p
net637                      1.80    0.014    0.655    0.0201   4.464e-07  p
net579                      1.80    0.003    0.137    0.0996   4.421e-07  p
net762                      1.80    0.008    0.677    0.0326   4.368e-07  p
net309                      1.80    0.006    0.140    0.0468   4.302e-07  p
net508                      1.80    0.003    0.817    0.1046   4.301e-07  p
net432                      1.80    0.018    0.014    0.0148   4.291e-07  p
net655                      1.80    0.003    0.355    0.0787   4.265e-07  p
net665                      1.80    0.012    0.443    0.0227   4.258e-07  p
net653                      1.80    0.003    0.327    0.0766   4.247e-07  p
net146                      1.80    0.003    0.201    0.1020   4.197e-07  p
net451                      1.80    0.006    0.375    0.0406   4.182e-07  p
net504                      1.80    0.003    0.623    0.0884   4.170e-07  p
net244                      1.80    0.003    0.502    0.0999   4.168e-07  p
net415                      1.80    0.003    0.903    0.0776   4.151e-07  p
clknet_1_1__leaf_net651     1.80    0.006    0.228    0.0455   4.143e-07  p
net569                      1.80    0.002    0.620    0.1225   4.137e-07  p
clknet_1_1__leaf_net500     1.80    0.004    0.783    0.0691   4.083e-07  p
net68                       1.80    0.015    0.114    0.0168   4.080e-07  p
clknet_1_0__leaf_net377     1.80    0.023    0.231    0.0111   4.078e-07  p
net192                      1.80    0.003    0.169    0.0873   4.077e-07  p
net58                       1.80    0.028    0.993    0.0088   4.068e-07  p
net544                      1.80    0.003    0.105    0.0817   4.049e-07  p
net761                      1.80    0.012    0.680    0.0216   4.048e-07  p
net686                      1.80    0.002    0.500    0.1000   4.032e-07  a
net442                      1.80    0.003    0.246    0.0955   4.028e-07  p
net385                      1.80    0.010    0.517    0.0248   3.987e-07  p
net310                      1.80    0.004    0.103    0.0673   3.977e-07  p
net513                      1.80    0.012    0.859    0.0198   3.975e-07  p
net197                      1.80    0.009    0.030    0.0278   3.945e-07  p
net731                      1.80    0.005    0.266    0.0531   3.913e-07  p
net631                      1.80    0.003    0.701    0.0929   3.887e-07  p
net545                      1.80    0.017    0.983    0.0139   3.881e-07  p
net183                      1.80    0.009    0.050    0.0260   3.863e-07  p
net687                      1.80    0.002    0.500    0.1000   3.850e-07  a
net735                      1.80    0.015    0.521    0.0156   3.837e-07  p
net572                      1.80    0.009    0.032    0.0266   3.827e-07  p
net632                      1.80    0.002    0.564    0.0962   3.767e-07  p
net674                      1.80    0.002    0.500    0.1000   3.731e-07  a
net235                      1.80    0.002    0.475    0.1108   3.709e-07  p
net262                      1.80    0.003    0.826    0.0649   3.653e-07  p
clknet_1_1__leaf_net486     1.80    0.007    0.895    0.0319   3.576e-07  p
net246                      1.80    0.004    0.076    0.0570   3.535e-07  p
net495                      1.80    0.026    0.994    0.0083   3.421e-07  p
net624                      1.80    0.005    0.786    0.0444   3.353e-07  p
net414                      1.80    0.009    0.548    0.0231   3.336e-07  p
net51                       1.80    0.003    0.895    0.0795   3.324e-07  p
net386                      1.80    0.009    0.111    0.0229   3.310e-07  p
clknet_1_0__leaf_net491     1.80    0.022    0.007    0.0094   3.305e-07  p
net37                       1.80    0.002    0.853    0.0950   3.294e-07  p
net604                      1.80    0.005    0.168    0.0441   3.287e-07  p
net745                      1.80    0.011    0.299    0.0179   3.270e-07  p
clknet_0_net491             1.80    0.021    0.007    0.0094   3.211e-07  p
net641                      1.80    0.017    0.844    0.0118   3.207e-07  p
net502                      1.80    0.002    0.801    0.1027   3.195e-07  p
net633                      1.80    0.006    0.126    0.0308   3.167e-07  p
clknet_0_net377             1.80    0.018    0.231    0.0111   3.150e-07  p
net818                      1.80    0.003    0.362    0.0636   3.067e-07  p
net810                      1.80    0.012    0.521    0.0156   3.056e-07  p
net426                      1.80    0.003    0.363    0.0636   3.039e-07  p
net578                      1.80    0.003    0.863    0.0695   3.021e-07  p
net416                      1.80    0.003    0.170    0.0649   3.014e-07  p
net63                       1.80    0.010    0.029    0.0178   2.987e-07  p
net349                      1.80    0.002    0.593    0.0872   2.975e-07  p
net626                      1.80    0.017    0.852    0.0109   2.939e-07  p
net732                      1.80    0.017    0.090    0.0105   2.923e-07  p
net239                      1.80    0.002    0.501    0.0986   2.921e-07  p
net427                      1.80    0.002    0.500    0.1000   2.913e-07  a
net92                       1.80    0.019    0.993    0.0094   2.898e-07  p
net807                      1.80    0.009    0.511    0.0203   2.894e-07  p
net300                      1.80    0.008    0.469    0.0230   2.890e-07  p
net61                       1.80    0.028    0.018    0.0063   2.871e-07  p
net472                      1.80    0.003    0.940    0.0547   2.851e-07  p
net156                      1.80    0.007    0.978    0.0246   2.835e-07  p
net260                      1.80    0.002    0.494    0.1000   2.800e-07  p
clknet_1_0__leaf_net500     1.80    0.002    0.783    0.0691   2.755e-07  p
net627                      1.80    0.003    0.716    0.0594   2.743e-07  p
net571                      1.80    0.002    0.346    0.0837   2.718e-07  p
net618                      1.80    0.007    0.514    0.0239   2.691e-07  p
net727                      1.80    0.006    0.046    0.0269   2.679e-07  p
net813                      1.80    0.004    0.140    0.0468   2.664e-07  p
net815                      1.80    0.004    0.011    0.0436   2.655e-07  p
net612                      1.80    0.002    0.237    0.0905   2.607e-07  p
out9                        1.80    0.001    0.371    0.1701   2.604e-07  p
clknet_1_0__leaf_net486     1.80    0.005    0.895    0.0319   2.601e-07  p
net756                      1.80    0.025    0.018    0.0062   2.572e-07  p
out23                       1.80    0.001    0.381    0.1378   2.556e-07  p
net393                      1.80    0.003    0.734    0.0565   2.553e-07  p
clknet_0_net489             1.80    0.019    0.007    0.0082   2.501e-07  p
net598                      1.80    0.013    0.911    0.0119   2.500e-07  p
out5                        1.80    0.002    0.298    0.0925   2.474e-07  p
net377                      1.80    0.014    0.231    0.0111   2.445e-07  p
net489                      1.80    0.018    0.007    0.0082   2.429e-07  p
net802                      1.80    0.007    0.522    0.0225   2.420e-07  p
net478                      1.80    0.005    0.885    0.0279   2.406e-07  p
net311                      1.80    0.014    0.035    0.0103   2.402e-07  p
clknet_1_0__leaf_net513     1.80    0.007    0.859    0.0198   2.398e-07  p
net589                      1.80    0.013    0.156    0.0118   2.396e-07  p
net401                      1.80    0.003    0.893    0.0435   2.371e-07  p
clknet_1_0__leaf_net489     1.80    0.018    0.007    0.0082   2.364e-07  p
net557                      1.80    0.028    0.004    0.0052   2.343e-07  p
net575                      1.80    0.005    0.492    0.0294   2.334e-07  p
net185                      1.80    0.013    0.090    0.0105   2.291e-07  p
net658                      1.80    0.002    0.597    0.0688   2.281e-07  p
net552                      1.80    0.008    0.026    0.0184   2.279e-07  p
net161                      1.80    0.018    0.020    0.0078   2.260e-07  p
clknet_1_1__leaf_net489     1.80    0.017    0.007    0.0082   2.235e-07  p
net591                      1.80    0.009    0.443    0.0150   2.234e-07  p
out40                       1.80    0.001    0.250    0.1365   2.210e-07  p
net350                      1.80    0.002    0.152    0.0582   2.190e-07  p
net635                      1.80    0.018    0.781    0.0076   2.181e-07  p
net560                      1.80    0.002    0.137    0.0695   2.147e-07  p
out15                       1.80    0.001    0.723    0.1197   2.131e-07  p
net403                      1.80    0.003    0.099    0.0406   2.131e-07  p
net412                      1.80    0.003    0.404    0.0482   2.110e-07  p
net272                      1.80    0.003    0.518    0.0389   2.104e-07  p
net361                      1.80    0.012    0.231    0.0110   2.101e-07  p
net436                      1.80    0.014    0.007    0.0094   2.070e-07  p
net566                      1.80    0.002    0.930    0.0545   2.056e-07  p
net179                      1.80    0.005    0.505    0.0228   2.021e-07  p
out34                       1.80    0.001    0.672    0.1331   2.009e-07  p
net491                      1.80    0.013    0.007    0.0094   2.001e-07  p
net316                      1.80    0.006    0.587    0.0190   1.994e-07  p
net53                       1.80    0.008    0.988    0.0147   1.990e-07  p
net493                      1.80    0.003    0.320    0.0451   1.990e-07  p
net814                      1.80    0.005    0.505    0.0228   1.983e-07  p
net178                      1.80    0.005    0.486    0.0228   1.961e-07  p
net588                      1.80    0.011    0.854    0.0114   1.952e-07  p
out11                       1.80    0.001    0.316    0.1273   1.933e-07  p
net748                      1.80    0.010    0.969    0.0123   1.910e-07  p
out26                       1.80    0.001    0.386    0.1236   1.898e-07  p
out27                       1.80    0.001    0.311    0.1217   1.874e-07  p
net418                      1.80    0.002    0.296    0.0634   1.856e-07  p
out0                        1.80    0.001    0.673    0.1201   1.820e-07  p
net663                      1.80    0.005    0.371    0.0207   1.808e-07  p
net517                      1.80    0.009    0.811    0.0124   1.796e-07  p
net767                      1.80    0.005    0.371    0.0207   1.760e-07  p
net828                      1.80    0.003    0.066    0.0397   1.738e-07  p
net822                      1.80    0.004    0.061    0.0256   1.737e-07  p
net582                      1.80    0.003    0.800    0.0417   1.732e-07  p
net457                      1.80    0.013    0.904    0.0082   1.732e-07  p
net661                      1.80    0.004    0.529    0.0237   1.715e-07  p
net286                      1.80    0.005    0.557    0.0231   1.704e-07  p
net248                      1.80    0.008    0.989    0.0137   1.703e-07  p
net55                       1.80    0.008    0.989    0.0130   1.699e-07  p
net56                       1.80    0.004    0.945    0.0246   1.686e-07  p
net592                      1.80    0.007    0.548    0.0156   1.679e-07  p
net430                      1.80    0.004    0.972    0.0268   1.658e-07  p
net294                      1.80    0.004    0.890    0.0261   1.645e-07  p
net733                      1.80    0.005    0.327    0.0193   1.630e-07  p
net542                      1.80    0.003    0.963    0.0306   1.630e-07  p
clknet_1_1__leaf_net377     1.80    0.009    0.231    0.0111   1.605e-07  p
net67                       1.80    0.027    0.005    0.0036   1.586e-07  p
out6                        1.80    0.001    0.511    0.1018   1.578e-07  p
out29                       1.80    0.002    0.381    0.0608   1.571e-07  p
net798                      1.80    0.008    0.852    0.0122   1.568e-07  p
net299                      1.80    0.004    0.521    0.0228   1.566e-07  p
net303                      1.80    0.003    0.838    0.0334   1.551e-07  p
net380                      1.80    0.005    0.308    0.0175   1.525e-07  p
net280                      1.80    0.002    0.066    0.0397   1.519e-07  p
net842                      1.80    0.006    0.521    0.0156   1.510e-07  p
net647                      1.80    0.005    0.338    0.0189   1.504e-07  p
net305                      1.80    0.008    0.852    0.0122   1.502e-07  p
net160                      1.80    0.012    0.020    0.0078   1.488e-07  p
clknet_1_1__leaf_net385     1.80    0.004    0.517    0.0248   1.485e-07  p
net279                      1.80    0.002    0.934    0.0397   1.482e-07  p
net181                      1.80    0.004    0.939    0.0256   1.455e-07  p
net511                      1.80    0.004    0.566    0.0231   1.435e-07  p
out47                       1.80    0.001    0.821    0.1254   1.422e-07  p
net747                      1.80    0.005    0.413    0.0190   1.403e-07  p
net461                      1.80    0.009    0.007    0.0094   1.397e-07  p
net819                      1.80    0.005    0.338    0.0189   1.396e-07  p
net66                       1.80    0.007    0.904    0.0114   1.379e-07  p
net543                      1.80    0.003    0.037    0.0306   1.375e-07  p
net594                      1.80    0.007    0.911    0.0119   1.349e-07  p
net811                      1.80    0.004    0.355    0.0221   1.346e-07  p
net584                      1.80    0.013    0.918    0.0064   1.338e-07  p
net593                      1.80    0.005    0.790    0.0153   1.318e-07  p
net586                      1.80    0.004    0.552    0.0185   1.318e-07  p
net795                      1.80    0.004    0.370    0.0219   1.312e-07  p
out30                       1.80    0.001    0.104    0.0841   1.304e-07  p
out37                       1.80    0.000    0.385    0.1609   1.281e-07  p
net662                      1.80    0.003    0.562    0.0234   1.270e-07  p
out13                       1.80    0.001    0.626    0.1262   1.247e-07  p
net465                      1.80    0.009    0.007    0.0082   1.234e-07  p
net283                      1.80    0.002    0.162    0.0334   1.213e-07  p
net639                      1.80    0.010    0.018    0.0072   1.206e-07  p
net726                      1.80    0.010    0.219    0.0076   1.177e-07  p
net364                      1.80    0.003    0.173    0.0217   1.177e-07  p
net409                      1.80    0.003    0.443    0.0227   1.176e-07  p
net469                      1.80    0.003    0.037    0.0233   1.167e-07  p
net449                      1.80    0.008    0.993    0.0094   1.156e-07  p
net607                      1.80    0.005    0.049    0.0141   1.147e-07  p
net57                       1.80    0.003    0.054    0.0243   1.146e-07  p
net163                      1.80    0.007    0.018    0.0108   1.143e-07  p
net820                      1.80    0.003    0.469    0.0229   1.123e-07  p
net599                      1.80    0.003    0.371    0.0207   1.120e-07  p
net812                      1.80    0.003    0.557    0.0231   1.119e-07  p
clknet_1_0__leaf_net385     1.80    0.003    0.517    0.0248   1.112e-07  p
net587                      1.80    0.003    0.414    0.0219   1.103e-07  p
out39                       1.80    0.001    0.895    0.0817   1.093e-07  p
net628                      1.80    0.003    0.652    0.0192   1.080e-07  p
clknet_1_1__leaf_net491     1.80    0.007    0.007    0.0094   1.061e-07  p
net555                      1.80    0.004    0.025    0.0183   1.057e-07  p
net180                      1.80    0.003    0.061    0.0256   1.055e-07  p
net168                      1.80    0.003    0.959    0.0202   1.055e-07  p
out32                       1.80    0.001    0.264    0.1251   1.047e-07  p
net372                      1.80    0.010    0.995    0.0065   1.035e-07  p
net664                      1.80    0.005    0.811    0.0124   9.940e-08  p
net644                      1.80    0.003    0.355    0.0221   9.811e-08  p
net755                      1.80    0.009    0.959    0.0066   9.755e-08  p
net399                      1.80    0.004    0.104    0.0168   9.658e-08  p
net62                       1.80    0.003    0.309    0.0212   9.479e-08  p
out41                       1.80    0.001    0.502    0.0990   9.397e-08  p
net649                      1.80    0.003    0.370    0.0219   9.179e-08  p
net60                       1.80    0.009    0.982    0.0063   9.179e-08  p
out51                       1.80    0.001    0.831    0.0841   9.086e-08  p
out18                       1.80    0.001    0.754    0.0516   8.972e-08  p
net825                      1.80    0.004    0.983    0.0139   8.964e-08  p
net829                      1.80    0.003    0.744    0.0179   8.936e-08  p
net379                      1.80    0.003    0.684    0.0179   8.909e-08  p
net535                      1.80    0.003    0.655    0.0201   8.837e-08  p
out20                       1.80    0.001    0.266    0.0531   8.750e-08  p
net498                      1.80    0.003    0.269    0.0185   8.710e-08  p
net834                      1.80    0.003    0.309    0.0212   8.683e-08  p
net411                      1.80    0.002    0.557    0.0227   8.635e-08  p
net258                      1.80    0.011    0.976    0.0047   8.615e-08  p
net646                      1.80    0.003    0.744    0.0179   8.574e-08  p
clknet_1_1__leaf_net513     1.80    0.003    0.859    0.0198   8.546e-08  p
net597                      1.80    0.003    0.974    0.0170   8.526e-08  p
net480                      1.80    0.006    0.993    0.0084   8.453e-08  p
net564                      1.80    0.034    0.001    0.0015   8.400e-08  p
net259                      1.80    0.041    0.999    0.0013   8.375e-08  p
net826                      1.80    0.003    0.041    0.0202   8.336e-08  p
net188                      1.80    0.003    0.256    0.0179   8.194e-08  p
net532                      1.80    0.004    0.946    0.0139   8.138e-08  p
net523                      1.80    0.005    0.875    0.0098   7.899e-08  p
out3                        1.80    0.002    0.198    0.0316   7.736e-08  p
net266                      1.80    0.010    0.024    0.0046   7.611e-08  p
net241                      1.80    0.003    0.012    0.0145   7.579e-08  p
out38                       1.80    0.000    0.629    0.0978   7.518e-08  p
net456                      1.80    0.006    0.905    0.0082   7.487e-08  p
net167                      1.80    0.002    0.041    0.0202   7.346e-08  p
net170                      1.80    0.003    0.203    0.0153   7.335e-08  p
net809                      1.80    0.002    0.738    0.0185   7.227e-08  p
net527                      1.80    0.002    0.739    0.0185   7.128e-08  p
net837                      1.80    0.009    0.976    0.0046   7.105e-08  p
net360                      1.80    0.004    0.758    0.0116   7.020e-08  p
out28                       1.80    0.001    0.888    0.0701   6.954e-08  p
out12                       1.80    0.001    0.786    0.0444   6.912e-08  p
net621                      1.80    0.005    0.972    0.0080   6.848e-08  p
net638                      1.80    0.005    0.980    0.0078   6.795e-08  p
net608                      1.80    0.003    0.951    0.0141   6.694e-08  p
net158                      1.80    0.006    0.982    0.0072   6.526e-08  p
net720                      1.80    0.008    0.941    0.0049   6.479e-08  p
net191                      1.80    0.004    0.134    0.0094   6.338e-08  p
net556                      1.80    0.002    0.975    0.0183   6.324e-08  p
net821                      1.80    0.002    0.548    0.0156   6.288e-08  p
out17                       1.80    0.001    0.046    0.0269   6.223e-08  p
net65                       1.80    0.002    0.238    0.0181   6.205e-08  p
net840                      1.80    0.002    0.786    0.0157   6.161e-08  p
net824                      1.80    0.003    0.980    0.0114   5.987e-08  p
net625                      1.80    0.005    0.219    0.0076   5.725e-08  p
net387                      1.80    0.002    0.510    0.0154   5.679e-08  p
net719                      1.80    0.023    0.019    0.0015   5.574e-08  p
net169                      1.80    0.002    0.786    0.0157   5.567e-08  p
net454                      1.80    0.003    0.993    0.0094   5.349e-08  p
net805                      1.80    0.003    0.811    0.0124   5.290e-08  p
net835                      1.80    0.003    0.146    0.0114   4.907e-08  p
net528                      1.80    0.004    0.799    0.0085   4.896e-08  p
out50                       1.80    0.001    0.454    0.0581   4.858e-08  p
net634                      1.80    0.003    0.148    0.0109   4.854e-08  p
net796                      1.80    0.002    0.238    0.0181   4.747e-08  p
net162                      1.80    0.003    0.981    0.0114   4.670e-08  p
net619                      1.80    0.004    0.985    0.0072   4.489e-08  p
net797                      1.80    0.008    0.005    0.0036   4.424e-08  p
net315                      1.80    0.004    0.982    0.0062   4.202e-08  p
out46                       1.80    0.001    0.829    0.0499   4.167e-08  p
net642                      1.80    0.002    0.147    0.0114   4.142e-08  p
out2                        1.80    0.001    0.360    0.0369   4.086e-08  p
net297                      1.80    0.003    0.010    0.0096   3.977e-08  p
out44                       1.80    0.001    0.522    0.0225   3.711e-08  p
out7                        1.80    0.001    0.371    0.0207   3.602e-08  p
net488                      1.80    0.035    0.002    0.0006   3.441e-08  p
net190                      1.80    0.002    0.857    0.0092   3.345e-08  p
net69                       1.80    0.006    0.995    0.0036   3.214e-08  p
net256                      1.80    0.004    0.990    0.0054   3.194e-08  p
net529                      1.80    0.004    0.933    0.0052   3.170e-08  p
net553                      1.80    0.003    0.017    0.0068   3.044e-08  p
out49                       1.80    0.001    0.677    0.0326   2.971e-08  p
net301                      1.80    0.002    0.098    0.0080   2.953e-08  p
out22                       1.80    0.001    0.327    0.0193   2.920e-08  p
out35                       1.80    0.001    0.413    0.0190   2.903e-08  p
net583                      1.80    0.003    0.082    0.0064   2.872e-08  p
net568                      1.80    0.003    0.004    0.0056   2.600e-08  p
out14                       1.80    0.001    0.567    0.0279   2.457e-08  p
out24                       1.80    0.001    0.521    0.0156   2.365e-08  p
out48                       1.80    0.001    0.680    0.0216   2.278e-08  p
net487                      1.80    0.021    0.997    0.0007   2.179e-08  p
net833                      1.80    0.005    0.027    0.0025   2.119e-08  p
net830                      1.80    0.008    0.001    0.0015   2.061e-08  p
net595                      1.80    0.021    0.002    0.0006   2.042e-08  p
out8                        1.80    0.001    0.897    0.0208   1.978e-08  p
out33                       1.80    0.001    0.300    0.0179   1.769e-08  p
net832                      1.80    0.003    0.004    0.0031   1.728e-08  p
net70                       1.80    0.012    0.001    0.0009   1.624e-08  p
out21                       1.80    0.001    0.090    0.0105   1.618e-08  p
net660                      1.80    0.003    0.004    0.0031   1.503e-08  p
out16                       1.80    0.001    0.219    0.0076   1.333e-08  p
net563                      1.80    0.022    1.000    0.0004   1.321e-08  p
out25                       1.80    0.001    0.811    0.0124   1.208e-08  p
out10                       1.80    0.001    0.940    0.0049   1.187e-08  p
net307                      1.80    0.011    0.001    0.0007   1.151e-08  p
net189                      1.80    0.003    0.027    0.0025   1.136e-08  p
out19                       1.80    0.001    0.015    0.0071   1.133e-08  p
net485                      1.80    0.021    0.998    0.0003   1.124e-08  p
out36                       1.80    0.001    0.969    0.0123   1.049e-08  p
net363                      1.80    0.039    1.000    0.0002   1.033e-08  p
net602                      1.80    0.005    0.987    0.0011   9.601e-09  p
net605                      1.80    0.005    0.999    0.0012   8.885e-09  p
net238                      1.80    0.015    1.000    0.0004   8.659e-09  p
net567                      1.80    0.008    0.003    0.0006   8.454e-09  p
net620                      1.80    0.008    0.005    0.0006   8.023e-09  p
out31                       1.80    0.001    0.018    0.0072   6.756e-09  p
out43                       1.80    0.001    0.018    0.0062   6.723e-09  p
net367                      1.80    0.032    1.000    0.0001   6.319e-09  p
net570                      1.80    0.046    0.000    0.81e-4  6.041e-09  p
net312                      1.80    0.006    0.001    0.0007   5.999e-09  p
net237                      1.80    0.010    0.000    0.0004   5.881e-09  p
out42                       1.80    0.001    0.959    0.0066   5.504e-09  p
net359                      1.80    0.026    1.000    0.0001   5.141e-09  p
net776                      1.80    0.024    1.000    0.0001   4.784e-09  p
net775                      1.80    0.024    1.000    0.0001   4.731e-09  p
net803                      1.80    0.004    0.998    0.0007   4.433e-09  p
clknet_0_net374             1.80    0.022    0.000    0.0001   4.299e-09  p
net357                      1.80    0.012    1.000    0.0002   3.959e-09  p
net752                      1.80    0.019    1.000    0.0001   3.802e-09  p
net784                      1.80    0.017    1.000    0.0001   3.336e-09  p
net561                      1.80    0.002    0.999    0.0009   3.263e-09  p
net778                      1.80    0.016    1.000    0.0001   3.226e-09  p
net378                      1.80    0.015    1.000    0.0001   2.969e-09  p
net554                      1.80    0.002    0.001    0.0008   2.787e-09  p
net177                      1.80    0.010    0.000    0.0002   2.746e-09  p
net781                      1.80    0.013    1.000    0.0001   2.656e-09  p
out1                        1.80    0.001    0.019    0.0015   2.560e-09  p
net306                      1.80    0.002    0.999    0.0007   2.366e-09  p
net777                      1.80    0.010    1.000    0.0001   2.075e-09  p
net374                      1.80    0.010    0.000    0.0001   2.068e-09  p
net346                      1.80    0.005    1.000    0.0002   2.058e-09  p
net580                      1.80    0.014    0.000    0.81e-4  1.853e-09  p
net780                      1.80    0.009    1.000    0.0001   1.735e-09  p
net782                      1.80    0.008    1.000    0.0001   1.668e-09  p
net506                      1.80    0.023    0.000    0.41e-4  1.531e-09  p
net779                      1.80    0.008    1.000    0.0001   1.486e-09  p
net783                      1.80    0.007    1.000    0.0001   1.463e-09  p
clknet_1_0__leaf_net374     1.80    0.007    0.000    0.0001   1.424e-09  p
net484                      1.80    0.007    0.000    0.0001   1.326e-09  p
net353                      1.80    0.020    1.000    0.41e-4  1.314e-09  p
net565                      1.80    0.002    0.005    0.0003   1.195e-09  p
net789                      1.80    0.015    1.000    0.41e-4  1.015e-09  p
clknet_1_1__leaf_net374     1.80    0.004    0.000    0.0001   8.484e-10  p
net308                      1.80    0.003    0.000    0.0001   6.323e-10  p
net362                      1.80    0.009    0.000    0.41e-4  5.779e-10  p
net790                      1.80    0.008    1.000    0.41e-4  5.176e-10  p
net366                      1.80    0.003    0.000    0.0001   5.063e-10  p
net505                      1.80    0.002    1.000    0.0001   4.487e-10  p
net787                      1.80    0.002    1.000    0.0001   3.821e-10  p
net791                      1.80    0.005    1.000    0.41e-4  3.288e-10  p
net320                      1.80    0.003    0.000    0.41e-4  1.665e-10  p
net800                      1.80    0.002    0.000    0.41e-4  1.584e-10  p
out4                        1.80    0.001    1.000    0.0001   1.022e-10  p
clknet_0_net381             1.80    0.011    1.000    0.0000      0.0000  p
clknet_1_0__leaf_net381     1.80    0.017    1.000    0.0000      0.0000  p
clknet_1_1__leaf_net381     1.80    0.028    1.000    0.0000      0.0000  p
net82                       1.80    0.029    1.000    0.0000      0.0000  p
net83                       1.80    0.041    0.000    0.0000      0.0000  p
net85                       1.80    0.010    0.000    0.0000      0.0000  p
net116                      1.80    0.036    1.000    0.0000      0.0000  p
net120                      1.80    0.009    0.000    0.0000      0.0000  p
net132                      1.80    0.042    1.000    0.0000      0.0000  p
net142                      1.80    0.056    1.000    0.0000      0.0000  p
net147                      1.80    0.016    0.000    0.0000      0.0000  p
net166                      1.80    0.011    1.000    0.0000      0.0000  p
net182                      1.80    0.037    1.000    0.0000      0.0000  p
net184                      1.80    0.008    1.000    0.0000      0.0000  p
net198                      1.80    0.014    0.000    0.0000      0.0000  p
net208                      1.80    0.022    1.000    0.0000      0.0000  p
net209                      1.80    0.111    0.000    0.0000      0.0000  p
net225                      1.80    0.035    0.000    0.0000      0.0000  p
net232                      1.80    0.011    0.000    0.0000      0.0000  p
net242                      1.80    0.015    1.000    0.0000      0.0000  p
net247                      1.80    0.027    1.000    0.0000      0.0000  p
net250                      1.80    0.009    0.000    0.0000      0.0000  p
net263                      1.80    0.012    0.000    0.0000      0.0000  p
net264                      1.80    0.013    1.000    0.0000      0.0000  p
net265                      1.80    0.036    1.000    0.0000      0.0000  p
net273                      1.80    0.005    0.000    0.0000      0.0000  p
net289                      1.80    0.004    0.000    0.0000      0.0000  p
net291                      1.80    0.010    0.000    0.0000      0.0000  p
net292                      1.80    0.004    0.000    0.0000      0.0000  p
net293                      1.80    0.004    1.000    0.0000      0.0000  p
net318                      1.80    0.033    1.000    0.0000      0.0000  p
net319                      1.80    0.010    0.000    0.0000      0.0000  p
net321                      1.80    0.006    0.000    0.0000      0.0000  p
net322                      1.80    0.004    1.000    0.0000      0.0000  p
net325                      1.80    0.009    0.000    0.0000      0.0000  p
net370                      1.80    0.016    0.000    0.0000      0.0000  p
net381                      1.80    0.013    1.000    0.0000      0.0000  p
net402                      1.80    0.003    0.000    0.0000      0.0000  p
net413                      1.80    0.013    1.000    0.0000      0.0000  p
net425                      1.80    0.003    0.000    0.0000      0.0000  p
net441                      1.80    0.003    0.000    0.0000      0.0000  p
net443                      1.80    0.008    1.000    0.0000      0.0000  p
net445                      1.80    0.040    0.000    0.0000      0.0000  p
net453                      1.80    0.002    0.000    0.0000      0.0000  p
net455                      1.80    0.014    0.000    0.0000      0.0000  p
net459                      1.80    0.003    1.000    0.0000      0.0000  p
net475                      1.80    0.006    0.000    0.0000      0.0000  p
net509                      1.80    0.023    1.000    0.0000      0.0000  p
net512                      1.80    0.003    1.000    0.0000      0.0000  p
net515                      1.80    0.008    1.000    0.0000      0.0000  p
net521                      1.80    0.002    1.000    0.0000      0.0000  p
net534                      1.80    0.013    0.000    0.0000      0.0000  p
net539                      1.80    0.028    1.000    0.0000      0.0000  p
net540                      1.80    0.008    0.000    0.0000      0.0000  p
net547                      1.80    0.002    0.000    0.0000      0.0000  p
net548                      1.80    0.008    0.000    0.0000      0.0000  p
net550                      1.80    0.003    0.000    0.0000      0.0000  p
net559                      1.80    0.002    0.000    0.0000      0.0000  p
net758                      1.80    0.061    1.000    0.0000      0.0000  p
net770                      1.80    0.074    0.000    0.0000      0.0000  p
net788                      1.80    0.011    1.000    0.0000      0.0000  p
net799                      1.80    0.006    0.000    0.0000      0.0000  p
net806                      1.80    0.003    0.000    0.0000      0.0000  p
net808                      1.80    0.002    1.000    0.0000      0.0000  p
net816                      1.80    0.003    0.000    0.0000      0.0000  p
out45                       1.80    0.001    1.000    0.0000      0.0000  p
--------------------------------------------------------------------------------
Total (980 nets)                                               1.804e-03 Watt



                                      Int      Switch   Leak      Total
Hierarchy                             Power    Power    Power     Power    %
--------------------------------------------------------------------------------
netlist_4                             1.78e-03 1.80e-03 5.46e-09  3.59e-03 100.0
1
