
===========================================================================
Violator List
============================================================================
[hold in-reg] clk -> c447/SET_B : -2.348928
[hold in-reg] clk -> c668/RESET_B : -1.558215
[hold reg-reg] s924/Q -> c582/SET_B : -1.371017
[hold reg-reg] s895/Q -> c553/SET_B : -0.735148
[hold in-reg] clk -> c331/SET_B : -0.721127
[hold reg-reg] s924/Q -> c582/RESET_B : -0.600082
[hold reg-reg] s936/Q_N -> c578/SET_B : -0.160888
[hold in-reg] clk -> c583/SET_B : -0.117945
[hold reg-reg] c297/Q -> merge783/RESET_B : -0.100381
[hold reg-reg] s914/Q -> c447/RESET_B : -0.053561
[hold reg-reg] s880/Q -> merge863/RESET_B : -0.050710
[hold in-reg] clk -> merge837/RESET_B : -0.020580
[hold reg-reg] s925/Q -> merge867/RESET_B : -0.013895
[hold reg-reg] merge826/Q -> s883/GATE : -0.011613
[hold reg-reg] merge786/Q -> merge786/RESET_B : -0.007065
[setup reg-reg] merge806/Q_N -> c447/RESET_B : -8.966447
[setup reg-reg] s903/Q -> c366/SET_B : -7.741932
[setup reg-reg] s923/Q -> c582/SET_B : -7.736510
[setup reg-reg] merge819/Q -> c668/SET_B : -6.940350
[setup reg-reg] merge821/Q -> c331/RESET_B : -6.667989
[setup reg-reg] s939/Q -> c566/SET_B : -6.527824
[setup reg-reg] s971/Q -> c744/SET_B : -6.302366
[setup reg-reg] merge827/Q -> c582/RESET_B : -5.563346
[setup in-reg] in3 -> c337/RESET_B : -5.268619
[setup reg-out] s923/Q -> out3 : -4.908254
[setup reg-reg] merge823/Q -> s973/D : -4.485238
[setup reg-out] merge847/Q -> out13 : -4.391720
[setup reg-reg] merge823/Q -> merge853/RESET_B : -4.388025
[setup reg-reg] merge823/Q -> s941/D : -4.306202
[setup reg-reg] merge823/Q -> merge836/D : -4.305653
[setup reg-reg] merge823/Q -> merge876/D : -4.280875
[setup reg-reg] merge823/Q -> s925/D : -4.273041
[setup reg-out] s889/Q -> out48 : -4.246806
[setup reg-reg] merge827/Q -> merge853/D : -4.166265
[setup reg-reg] merge827/Q -> merge875/D : -4.111146
[setup reg-reg] merge827/Q -> merge855/D : -4.105121
[setup reg-reg] merge823/Q -> merge864/RESET_B : -4.036234
[setup reg-reg] merge827/Q -> merge836/RESET_B : -4.000526
[setup reg-out] s889/Q -> out46 : -3.954904
[setup in-reg] clk -> c668/RESET_B : -3.908788
[setup reg-out] s923/Q -> out19 : -3.899469
[setup reg-reg] merge827/Q -> merge848/D : -3.848314
[setup reg-reg] merge823/Q -> s920/D : -3.826155
[setup reg-reg] s936/Q_N -> c578/SET_B : -3.815799
[setup reg-out] merge806/Q_N -> out12 : -3.814713
[setup reg-reg] merge827/Q -> merge864/D : -3.799123
[setup reg-reg] merge827/Q -> s972/D : -3.788685
[setup reg-reg] merge827/Q -> merge876/RESET_B : -3.770815
[setup reg-out] s923/Q -> out25 : -3.770738
[setup reg-reg] merge827/Q -> merge848/RESET_B : -3.617354
[setup reg-reg] s955/Q -> merge839/D : -3.617160
[setup reg-out] s889/Q -> out45 : -3.610446
[setup reg-out] s889/Q -> out38 : -3.588648
[setup reg-out] s891/Q -> out11 : -3.544797
[setup reg-reg] s955/Q -> merge850/D : -3.455163
[setup reg-reg] merge823/Q -> c448/D : -3.422858
[setup reg-reg] merge823/Q -> merge855/RESET_B : -3.377300
[setup reg-out] merge846/Q -> out41 : -3.346291
[setup reg-out] s889/Q -> out0 : -3.343756
[setup reg-reg] merge827/Q -> merge849/D : -3.212897
[setup reg-reg] s955/Q -> merge857/D : -3.105632
[setup reg-out] s889/Q -> out21 : -3.084431
[setup reg-reg] s923/Q -> s942/D : -2.999166
[setup reg-reg] s923/Q -> s948/GATE : -2.993780
[setup reg-reg] s956/Q -> merge854/D : -2.991617
[setup reg-reg] merge827/Q -> s968/D : -2.965562
[setup reg-out] s922/Q -> out35 : -2.942948
[setup reg-reg] s923/Q -> merge865/RESET_B : -2.924336
[setup reg-reg] s892/Q -> s893/D : -2.922231
[setup reg-out] s890/Q -> out23 : -2.886614
[setup reg-out] s889/Q -> out42 : -2.850356
[setup reg-out] s891/Q -> out32 : -2.770603
[setup reg-reg] merge806/Q_N -> merge852/D : -2.732743
[setup reg-reg] s903/Q -> s975/D : -2.728966
[setup in-reg] in3 -> merge811/RESET_B : -2.701623
[setup reg-reg] merge827/Q -> c582/RESET_B : -2.700974
[setup reg-reg] s955/Q -> c744/SCD : -2.689650
[setup reg-out] s938/Q -> out18 : -2.678677
[setup in-reg] in3 -> merge823/RESET_B : -2.670097
[setup in-reg] in40 -> s892/D : -2.657673
[setup reg-reg] merge847/Q -> merge865/D : -2.635563
[setup reg-reg] merge827/Q -> merge783/D : -2.619285
[setup in-reg] in3 -> merge823/D : -2.601924
[setup reg-out] s902/Q -> out33 : -2.585603
[setup reg-reg] merge806/Q_N -> merge851/D : -2.583403
[setup reg-reg] merge847/Q -> s947/GATE : -2.579211
[setup reg-out] merge852/Q -> out20 : -2.578663
[setup reg-reg] s889/Q -> merge861/SCE : -2.571824
[setup reg-out] s905/Q -> out9 : -2.569600
[setup in-reg] in3 -> merge826/D : -2.568959
[setup reg-reg] merge806/Q_N -> merge869/SET_B : -2.567948
[setup reg-reg] s903/Q -> merge839/RESET_B : -2.562937
[setup reg-reg] s889/Q -> merge837/D : -2.557254
[setup reg-out] merge851/Q -> out7 : -2.540308
[setup in-reg] in3 -> merge827/D : -2.527101
[setup reg-reg] merge806/Q_N -> merge843/SET_B : -2.521862
[setup reg-reg] s889/Q -> merge829/DE : -2.515761
[setup reg-reg] merge806/Q_N -> s932/GATE : -2.513905
[setup in-reg] in3 -> c195/SCE : -2.508561
[setup in-reg] in3 -> c321/SCE : -2.507725
[setup reg-reg] merge806/Q_N -> s931/GATE : -2.495325
[setup reg-reg] s923/Q -> s927/D : -2.492150
[setup reg-reg] merge847/Q -> s933/GATE : -2.491541
[setup reg-reg] merge847/Q -> s929/D : -2.488677
[setup in-reg] in3 -> s888/D : -2.463920
[setup reg-reg] merge806/Q_N -> s943/D : -2.452579
[setup in-reg] in3 -> merge811/D : -2.418979
[setup reg-reg] merge827/Q -> s940/D : -2.396739
[setup in-reg] in3 -> c195/SCD : -2.390765
[setup reg-reg] s923/Q -> s967/D : -2.390513
[setup reg-reg] s889/Q -> merge851/RESET_B : -2.378673
[setup reg-reg] s955/Q -> s962/D : -2.378657
[setup in-reg] in3 -> s936/D : -2.377195
[setup in-reg] in3 -> c582/D : -2.377115
[setup in-reg] in3 -> c582/SCE : -2.368506
[setup reg-reg] merge806/Q_N -> merge871/SET_B : -2.359615
[setup reg-reg] merge806/Q_N -> merge857/DE : -2.347573
[setup reg-reg] s923/Q -> s945/D : -2.346068
[setup reg-reg] merge847/Q -> s906/D : -2.299233
[setup in-reg] in3 -> s957/D : -2.292301
[setup reg-reg] s955/Q -> c744/RESET_B : -2.273696
[setup reg-reg] merge806/Q_N -> merge859/SCE : -2.272178
[setup in-reg] in3 -> s924/D : -2.259875
[setup in-reg] in40 -> c108/D : -2.256110
[setup in-reg] in40 -> merge812/D : -2.255171
[setup in-reg] in3 -> c331/SCD : -2.251683
[setup reg-reg] merge806/Q_N -> s974/D : -2.250398
[setup reg-reg] merge806/Q_N -> s923/D : -2.247684
[setup in-reg] in40 -> merge849/RESET_B : -2.246206
[setup in-reg] in40 -> merge812/RESET_B : -2.241942
[setup in-reg] in40 -> c108/SCE : -2.230358
[setup in-reg] in3 -> s952/D : -2.222352
[setup reg-reg] merge827/Q -> c553/SCE : -2.220621
[setup in-reg] in40 -> s904/D : -2.219590
[setup reg-reg] merge847/Q -> s905/D : -2.212324
[setup reg-reg] merge847/Q -> s907/D : -2.210299
[setup in-reg] in3 -> s908/D : -2.206238
[setup in-reg] in40 -> c127/D : -2.199186
[setup reg-reg] merge806/Q_N -> s919/D : -2.185683
[setup reg-reg] merge806/Q_N -> merge840/SET_B : -2.185228
[setup reg-reg] merge847/Q -> s903/D : -2.178252
[setup in-reg] in3 -> s956/D : -2.124196
[setup in-reg] in40 -> c101/SET_B : -2.095259
[setup in-reg] in3 -> c566/SCD : -2.091601
[setup reg-reg] merge847/Q -> merge837/RESET_B : -2.084248
[setup reg-reg] merge827/Q -> merge783/RESET_B : -2.079476
[setup in-reg] in3 -> merge875/RESET_B : -2.078648
[setup reg-reg] merge847/Q -> merge806/D : -2.074927
[setup in-reg] in3 -> c297/SCD : -2.062650
[setup in-reg] in3 -> merge827/RESET_B : -2.052343
[setup in-reg] in3 -> s909/D : -2.049338
[setup reg-reg] merge806/Q_N -> merge858/D : -2.034680
[setup reg-reg] merge847/Q -> merge861/GATE : -2.032189
[setup reg-reg] merge827/Q -> c321/SCD : -2.018614
[setup in-reg] in3 -> c449/RESET_B : -2.003762
[setup in-reg] in3 -> c297/SCE : -1.999499
[setup in-reg] in3 -> c195/D : -1.990848
[setup reg-reg] merge827/Q -> c335/D : -1.985116
[setup in-reg] in40 -> c366/D : -1.978641
[setup reg-reg] merge806/Q_N -> merge842/D : -1.965833
[setup in-reg] in3 -> c566/RESET_B : -1.956604
[setup in-reg] in3 -> c297/D : -1.955090
[setup reg-reg] merge847/Q -> merge846/D : -1.955009
[setup reg-reg] s955/Q -> merge850/RESET_B : -1.949177
[setup reg-reg] merge847/Q -> s884/GATE : -1.940995
[setup reg-reg] merge806/Q_N -> s922/D : -1.932168
[setup in-reg] in3 -> merge854/RESET_B : -1.925103
[setup reg-reg] s955/Q -> merge842/SET_B : -1.915606
[setup reg-reg] s923/Q -> s944/D : -1.898994
[setup reg-reg] merge806/Q_N -> s921/D : -1.897951
[setup in-reg] in3 -> c173/RESET_B : -1.893166
[setup reg-reg] merge806/Q_N -> merge845/D : -1.887211
[setup reg-reg] merge806/Q_N -> merge797/D : -1.887130
[setup in-reg] in40 -> c357/SET_B : -1.874601
[setup reg-reg] merge806/Q_N -> s963/GATE : -1.873096
[setup reg-reg] merge806/Q_N -> merge874/RESET_B : -1.870227
[setup in-reg] in3 -> c195/RESET_B : -1.866246
[setup reg-reg] merge874/Q -> merge832/SCE : -1.862658
[setup in-reg] in3 -> c448/SCD : -1.862482
[setup reg-reg] s923/Q -> merge877/D : -1.857685
[setup reg-reg] merge846/Q -> merge829/D : -1.856078
[setup reg-reg] merge806/Q_N -> s918/D : -1.846634
[setup in-reg] in3 -> c668/SET_B : -1.823492
[setup reg-reg] merge806/Q_N -> merge873/D : -1.815307
[setup reg-reg] merge846/Q -> merge867/D : -1.799833
[setup reg-reg] merge806/Q_N -> s926/D : -1.771194
[setup in-reg] in3 -> c321/RESET_B : -1.768164
[setup reg-reg] merge806/Q_N -> merge852/RESET_B : -1.755508
[setup reg-reg] merge806/Q_N -> s902/D : -1.747458
[setup in-reg] in3 -> c335/RESET_B : -1.737626
[setup reg-reg] merge846/Q -> s887/D : -1.736388
[setup reg-reg] merge847/Q -> merge800/D : -1.730984
[setup reg-reg] merge806/Q_N -> merge871/D : -1.720391
[setup reg-reg] merge827/Q -> c582/SET_B : -1.716192
[setup in-reg] in40 -> c127/RESET_B : -1.690778
[setup reg-reg] s889/Q -> merge862/D : -1.654549
[setup in-reg] in3 -> c668/SCE : -1.647091
[setup reg-reg] s955/Q -> s960/D : -1.645593
[setup reg-reg] s923/Q -> s969/D : -1.624007
[setup reg-reg] merge806/Q_N -> merge872/D : -1.602404
[setup reg-reg] s923/Q -> merge867/RESET_B : -1.597422
[setup reg-reg] merge806/Q_N -> s901/GATE : -1.595840
[setup reg-reg] s955/Q -> merge877/RESET_B : -1.581895
[setup in-reg] in40 -> c366/SCE : -1.577911
[setup reg-reg] merge823/Q -> c331/RESET_B : -1.573099
[setup reg-reg] merge806/Q_N -> merge797/SET_B : -1.561730
[setup reg-reg] merge806/Q_N -> c447/RESET_B : -1.556549
[setup reg-reg] merge846/Q -> s889/D : -1.535754
[setup reg-reg] s923/Q -> merge819/RESET_B : -1.521788
[setup reg-reg] merge846/Q -> s886/D : -1.495727
[setup reg-reg] merge806/Q_N -> merge845/SET_B : -1.483229
[setup reg-reg] merge806/Q_N -> c337/SCE : -1.449311
[setup reg-reg] s923/Q -> merge835/RESET_B : -1.413921
[setup in-reg] in40 -> c127/SET_B : -1.406208
[setup reg-reg] merge806/Q_N -> merge868/SET_B : -1.397230
[setup reg-reg] merge806/Q_N -> merge822/RESET_B : -1.385001
[setup reg-reg] s955/Q -> s958/D : -1.352346
[setup reg-reg] merge827/Q -> c553/D : -1.339624
[setup reg-reg] s955/Q -> merge873/RESET_B : -1.316387
[setup reg-reg] merge846/Q -> s891/D : -1.315318
[setup reg-reg] merge846/Q -> s890/D : -1.309807
[setup reg-reg] merge806/Q_N -> s900/GATE : -1.298577
[setup reg-reg] merge806/Q_N -> s917/GATE : -1.288056
[setup reg-reg] merge846/Q -> merge863/RESET_B : -1.267123
[setup in-reg] in40 -> c101/SCD : -1.241773
[setup in-reg] in40 -> c357/RESET_B : -1.229274
[setup reg-reg] s950/Q_N -> s953/D : -1.224069
[setup reg-reg] s950/Q -> s959/D : -1.221251
[setup reg-reg] s950/Q -> s964/GATE : -1.172070
[setup reg-reg] s950/Q -> s961/D : -1.157238
[setup reg-reg] s950/Q -> s954/D : -1.149039
[setup reg-reg] merge827/Q -> c297/RESET_B : -1.137673
[setup reg-reg] merge847/Q -> merge778/RESET_B : -1.115110
[setup reg-reg] merge806/Q_N -> merge859/GATE : -1.113481
[setup reg-reg] s955/Q -> merge809/RESET_B : -1.109634
[setup reg-reg] merge806/Q_N -> merge840/D : -1.103387
[setup in-reg] in17 -> c552/SET_B : -1.042338
[setup reg-reg] s923/Q -> merge870/SET_B : -1.040165
[setup in-reg] in40 -> c357/SCD : -1.031466
[setup in-reg] in40 -> c108/RESET_B : -1.025152
[setup reg-reg] s950/Q_N -> s955/D : -0.996884
[setup in-reg] in3 -> c321/D : -0.995986
[setup reg-reg] merge846/Q -> s885/GATE : -0.966604
[setup reg-reg] merge806/Q_N -> merge860/SCE : -0.964838
[setup reg-reg] s950/Q_N -> s951/D : -0.932423
[setup reg-reg] merge874/Q -> s970/D : -0.930242
[setup reg-reg] merge806/Q_N -> s971/D : -0.898639
[setup reg-reg] merge806/Q_N -> s966/D : -0.897534
[setup reg-reg] merge806/Q_N -> merge847/RESET_B : -0.828853
[setup reg-reg] s940/Q -> c582/SCD : -0.818869
[setup reg-reg] merge806/Q_N -> merge832/GATE : -0.805858
[setup in-reg] in40 -> c101/D : -0.770621
[setup reg-reg] merge874/Q -> c583/SCD : -0.743173
[setup in-reg] in40 -> c366/SCD : -0.736692
[setup in-reg] in3 -> c668/RESET_B : -0.694862
[setup reg-reg] merge846/Q_N -> merge834/D : -0.665300
[setup reg-reg] merge809/Q -> s950/D : -0.635517
[setup reg-reg] merge846/Q_N -> s879/D : -0.620033
[setup reg-reg] merge874/Q -> c578/RESET_B : -0.577254
[setup reg-reg] merge809/Q -> merge777/D : -0.569598
[setup reg-reg] merge809/Q -> s949/GATE : -0.533554
[setup reg-reg] merge823/Q -> c173/SCD : -0.502076
[setup reg-reg] merge874/Q -> merge838/RESET_B : -0.498382
[setup reg-reg] merge823/Q -> c173/SCE : -0.476869
[setup reg-reg] s886/Q -> merge872/SET_B : -0.476843
[setup reg-reg] s936/Q -> c566/SCE : -0.458602
[setup reg-reg] s953/Q -> merge835/D : -0.430359
[setup reg-reg] merge809/Q -> merge786/D : -0.401655
[setup in-reg] in40 -> c366/RESET_B : -0.337742
[setup in-out] in40 -> out36 : -0.325923
[setup reg-reg] s971/Q -> c744/SET_B : -0.242212
[setup reg-reg] s954/Q -> merge777/RESET_B : -0.232395
[setup in-reg] in40 -> c331/D : -0.221384
[setup reg-reg] s939/Q -> merge831/GATE : -0.161970
[setup in-reg] in3 -> c566/D : -0.155335
[setup reg-reg] s939/Q -> merge874/D : -0.146713
[setup reg-reg] merge812/Q_N -> c108/SET_B : -0.055165
[setup in-reg] in40 -> c101/RESET_B : -0.054751
[setup reg-reg] s938/Q -> merge792/D : -0.050213
[setup reg-reg] s938/Q -> merge870/D : -0.011749
[setup reg-reg] merge819/Q -> merge809/D : 0.000000
[setup reg-reg] s937/Q -> s939/D : 0.000000
[setup reg-reg] s935/Q -> s938/D : 0.000000
[setup reg-reg] merge822/Q -> merge847/D : 0.000000
[setup reg-reg] s935/Q_N -> s937/D : 0.000000
[setup in-reg] in3 -> merge822/D : 0.000000
[setup in-reg] in3 -> s935/D : 0.000000
[setup in-reg] in3 -> merge819/D : 0.000000
[setup reg-reg] c195/Q -> merge821/D : 0.000000
[setup in-reg] in3 -> s934/D : 0.000000
