
===========================================================================
report_checks -unconstrained
===========================================================================
======================= nom_tt_025C_1v80 Corner ===================================

Startpoint: in9 (input port clocked by clk)
Endpoint: merge764 (recovery check against falling-edge clock clk)
Path Group: asynchronous
Path Type: max

Fanout         Cap        Slew       Delay        Time   Description
---------------------------------------------------------------------------------------------
                                  0.000000    0.000000   clock clk (rise edge)
                                  0.000000    0.000000   clock network delay (propagated)
                                  1.600000    1.600000 ^ input external delay
     3    0.015702    0.076593    0.052501    1.652501 ^ in9 (in)
                                                         in9 (net)
                      0.076609    0.000000    1.652501 ^ c132/A_N (sky130_fd_sc_hd__and2b_1)
     4    0.030178    0.148720    0.283309    1.935810 v c132/X (sky130_fd_sc_hd__and2b_1)
                                                         net64 (net)
                      0.148720    0.000280    1.936091 v c133/A (sky130_fd_sc_hd__nor2_4)
     7    0.025637    0.179513    0.223903    2.159994 ^ c133/Y (sky130_fd_sc_hd__nor2_4)
                                                         net65 (net)
                      0.179513    0.000152    2.160146 ^ c137/A (sky130_fd_sc_hd__nand2_2)
     4    0.022950    0.119026    0.134726    2.294872 v c137/Y (sky130_fd_sc_hd__nand2_2)
                                                         net69 (net)
                      0.119026    0.000094    2.294966 v c139/A (sky130_fd_sc_hd__nor2b_1)
     8    0.059158    1.074560    0.850257    3.145222 ^ c139/Y (sky130_fd_sc_hd__nor2b_1)
                                                         net71 (net)
                      1.074560    0.000322    3.145545 ^ c145/C (sky130_fd_sc_hd__nand3b_4)
     2    0.005504    0.132034    0.110644    3.256189 v c145/Y (sky130_fd_sc_hd__nand3b_4)
                                                         net77 (net)
                      0.132034    0.000017    3.256206 v c147/B (sky130_fd_sc_hd__or3_4)
     3    0.011398    0.077045    0.412380    3.668586 v c147/X (sky130_fd_sc_hd__or3_4)
                                                         net79 (net)
                      0.077045    0.000053    3.668639 v c151/A1 (sky130_fd_sc_hd__mux4_4)
     3    0.019041    0.144189    0.651049    4.319688 v c151/X (sky130_fd_sc_hd__mux4_4)
                                                         net83 (net)
                      0.144189    0.000254    4.319942 v c153/A3 (sky130_fd_sc_hd__a311oi_2)
     2    0.006048    0.234831    0.325022    4.644964 ^ c153/Y (sky130_fd_sc_hd__a311oi_2)
                                                         net85 (net)
                      0.234831    0.000048    4.645011 ^ c168/A2 (sky130_fd_sc_hd__a211o_2)
     3    0.009779    0.072077    0.193324    4.838335 ^ c168/X (sky130_fd_sc_hd__a211o_2)
                                                         net100 (net)
                      0.072077    0.000033    4.838367 ^ c174/A_N (sky130_fd_sc_hd__nand3b_1)
     3    0.017501    0.209719    0.203300    5.041667 ^ c174/Y (sky130_fd_sc_hd__nand3b_1)
                                                         net106 (net)
                      0.209719    0.000191    5.041858 ^ c291/A2 (sky130_fd_sc_hd__a21bo_1)
     4    0.020993    0.180505    0.244843    5.286702 ^ c291/X (sky130_fd_sc_hd__a21bo_1)
                                                         net210 (net)
                      0.180505    0.000097    5.286798 ^ c293/A (sky130_fd_sc_hd__nand2_4)
     1    0.003024    0.044046    0.048357    5.335155 v c293/Y (sky130_fd_sc_hd__nand2_4)
                                                         net212 (net)
                      0.044046    0.000024    5.335179 v c299/A1 (sky130_fd_sc_hd__o21ai_1)
     1    0.006106    0.153407    0.166866    5.502045 ^ c299/Y (sky130_fd_sc_hd__o21ai_1)
                                                         net218 (net)
                      0.153407    0.000199    5.502243 ^ c339/A (sky130_fd_sc_hd__and2_0)
     4    0.061173    0.842137    0.695934    6.198178 ^ c339/X (sky130_fd_sc_hd__and2_0)
                                                         out31 (net)
                      0.842137    0.000494    6.198672 ^ c472/A2 (sky130_fd_sc_hd__mux4_4)
     3    0.010265    0.082710    0.484626    6.683298 ^ c472/X (sky130_fd_sc_hd__mux4_4)
                                                         net365 (net)
                      0.082710    0.000042    6.683340 ^ merge764/RESET_B (sky130_fd_sc_hd__sdfbbn_1)
                                              6.683340   data arrival time

                                  4.000000    4.000000   clock clk (fall edge)
                                  0.000000    4.000000   clock source latency
   139    0.252026    0.536287    0.408043    4.408043 v clk (in)
                                                         clk (net)
                      0.536287    0.000000    4.408043 v merge764/CLK_N (sky130_fd_sc_hd__sdfbbn_1)
                                 -0.250000    4.158043   clock uncertainty
                                  0.000000    4.158043   clock reconvergence pessimism
                                  0.142981    4.301024   library recovery time
                                              4.301024   data required time
---------------------------------------------------------------------------------------------
                                              4.301024   data required time
                                             -6.683340   data arrival time
---------------------------------------------------------------------------------------------
                                             -2.382315   slack (VIOLATED)


Startpoint: in9 (input port clocked by clk)
Endpoint: s792 (positive level-sensitive latch clocked by clk)
Path Group: clk
Path Type: max

Fanout         Cap        Slew       Delay        Time   Description
---------------------------------------------------------------------------------------------
                                  0.000000    0.000000   clock clk (rise edge)
                                  0.000000    0.000000   clock network delay (propagated)
                                  1.600000    1.600000 ^ input external delay
     3    0.015702    0.076593    0.052501    1.652501 ^ in9 (in)
                                                         in9 (net)
                      0.076609    0.000000    1.652501 ^ c132/A_N (sky130_fd_sc_hd__and2b_1)
     4    0.030178    0.148720    0.283309    1.935810 v c132/X (sky130_fd_sc_hd__and2b_1)
                                                         net64 (net)
                      0.148720    0.000280    1.936091 v c133/A (sky130_fd_sc_hd__nor2_4)
     7    0.025637    0.179513    0.223903    2.159994 ^ c133/Y (sky130_fd_sc_hd__nor2_4)
                                                         net65 (net)
                      0.179513    0.000152    2.160146 ^ c137/A (sky130_fd_sc_hd__nand2_2)
     4    0.022950    0.119026    0.134726    2.294872 v c137/Y (sky130_fd_sc_hd__nand2_2)
                                                         net69 (net)
                      0.119026    0.000094    2.294966 v c139/A (sky130_fd_sc_hd__nor2b_1)
     8    0.059158    1.074560    0.850257    3.145222 ^ c139/Y (sky130_fd_sc_hd__nor2b_1)
                                                         net71 (net)
                      1.074560    0.000322    3.145545 ^ c145/C (sky130_fd_sc_hd__nand3b_4)
     2    0.005504    0.132034    0.110644    3.256189 v c145/Y (sky130_fd_sc_hd__nand3b_4)
                                                         net77 (net)
                      0.132034    0.000017    3.256206 v c147/B (sky130_fd_sc_hd__or3_4)
     3    0.011398    0.077045    0.412380    3.668586 v c147/X (sky130_fd_sc_hd__or3_4)
                                                         net79 (net)
                      0.077045    0.000094    3.668680 v c169/A (sky130_fd_sc_hd__and2_4)
     2    0.004809    0.030499    0.147650    3.816329 v c169/X (sky130_fd_sc_hd__and2_4)
                                                         net101 (net)
                      0.030499    0.000032    3.816362 v c170/A (sky130_fd_sc_hd__and2_0)
     3    0.011060    0.095794    0.173888    3.990250 v c170/X (sky130_fd_sc_hd__and2_0)
                                                         net102 (net)
                      0.095794    0.000051    3.990300 v c172/A3 (sky130_fd_sc_hd__a311oi_1)
     4    0.021964    0.778801    0.693690    4.683990 ^ c172/Y (sky130_fd_sc_hd__a311oi_1)
                                                         net104 (net)
                      0.778801    0.000175    4.684165 ^ c173/B (sky130_fd_sc_hd__and3_1)
     5    0.020800    0.214741    0.393234    5.077399 ^ c173/X (sky130_fd_sc_hd__and3_1)
                                                         net105 (net)
                      0.214741    0.000052    5.077451 ^ c175/B (sky130_fd_sc_hd__nand3_2)
     3    0.016881    0.175911    0.163943    5.241394 v c175/Y (sky130_fd_sc_hd__nand3_2)
                                                         net107 (net)
                      0.175911    0.000014    5.241408 v c290/B (sky130_fd_sc_hd__nor3_4)
     3    0.015128    0.215130    0.271722    5.513130 ^ c290/Y (sky130_fd_sc_hd__nor3_4)
                                                         net209 (net)
                      0.215130    0.000099    5.513229 ^ c299/B1 (sky130_fd_sc_hd__o21ai_1)
     1    0.006032    0.088996    0.125149    5.638378 v c299/Y (sky130_fd_sc_hd__o21ai_1)
                                                         net218 (net)
                      0.088996    0.000195    5.638572 v c339/A (sky130_fd_sc_hd__and2_0)
     4    0.059863    0.452231    0.463002    6.101574 v c339/X (sky130_fd_sc_hd__and2_0)
                                                         out31 (net)
                      0.452231    0.000483    6.102058 v c472/A2 (sky130_fd_sc_hd__mux4_4)
     3    0.009708    0.124395    0.750477    6.852535 v c472/X (sky130_fd_sc_hd__mux4_4)
                                                         net365 (net)
                      0.124395    0.000129    6.852664 v c482/A0 (sky130_fd_sc_hd__mux4_4)
     1    0.001918    0.104448    0.603904    7.456568 v c482/X (sky130_fd_sc_hd__mux4_4)
                                                         net375 (net)
                      0.104448    0.000004    7.456573 v s792/D (sky130_fd_sc_hd__dlxbp_1)
                                              7.456573   data arrival time

                                  0.000000    0.000000   clock clk (rise edge)
                                  0.000000    0.000000   clock source latency
   139    0.276185    1.243297    0.849064    0.849064 ^ clk (in)
                                                         clk (net)
                      1.243297    0.000000    0.849064 ^ s792/GATE (sky130_fd_sc_hd__dlxbp_1)
                                 -0.250000    0.599064   clock uncertainty
                                  0.000000    0.599064   clock reconvergence pessimism
                                  3.668822    4.267886   time borrowed from endpoint
                                              4.267886   data required time
---------------------------------------------------------------------------------------------
                                              4.267886   data required time
                                             -7.456573   data arrival time
---------------------------------------------------------------------------------------------
                                             -3.188687   slack (VIOLATED)

Time Borrowing Information
------------------------------------------------
clk nominal pulse width                 4.000000
clock latency difference               -0.441020
library setup time                      0.109842
------------------------------------------------
max time borrow                         3.668822
------------------------------------------------
actual time borrow                      3.668822
open edge uncertainty                  -0.250000
------------------------------------------------
time given to startpoint                3.418822
------------------------------------------------




===========================================================================
report_checks --slack_max -0.01
============================================================================
======================= nom_tt_025C_1v80 Corner ===================================

Startpoint: in9 (input port clocked by clk)
Endpoint: merge764 (recovery check against falling-edge clock clk)
Path Group: asynchronous
Path Type: max

Fanout         Cap        Slew       Delay        Time   Description
---------------------------------------------------------------------------------------------
                                  0.000000    0.000000   clock clk (rise edge)
                                  0.000000    0.000000   clock network delay (propagated)
                                  1.600000    1.600000 ^ input external delay
     3    0.015702    0.076593    0.052501    1.652501 ^ in9 (in)
                                                         in9 (net)
                      0.076609    0.000000    1.652501 ^ c132/A_N (sky130_fd_sc_hd__and2b_1)
     4    0.030178    0.148720    0.283309    1.935810 v c132/X (sky130_fd_sc_hd__and2b_1)
                                                         net64 (net)
                      0.148720    0.000280    1.936091 v c133/A (sky130_fd_sc_hd__nor2_4)
     7    0.025637    0.179513    0.223903    2.159994 ^ c133/Y (sky130_fd_sc_hd__nor2_4)
                                                         net65 (net)
                      0.179513    0.000152    2.160146 ^ c137/A (sky130_fd_sc_hd__nand2_2)
     4    0.022950    0.119026    0.134726    2.294872 v c137/Y (sky130_fd_sc_hd__nand2_2)
                                                         net69 (net)
                      0.119026    0.000094    2.294966 v c139/A (sky130_fd_sc_hd__nor2b_1)
     8    0.059158    1.074560    0.850257    3.145222 ^ c139/Y (sky130_fd_sc_hd__nor2b_1)
                                                         net71 (net)
                      1.074560    0.000322    3.145545 ^ c145/C (sky130_fd_sc_hd__nand3b_4)
     2    0.005504    0.132034    0.110644    3.256189 v c145/Y (sky130_fd_sc_hd__nand3b_4)
                                                         net77 (net)
                      0.132034    0.000017    3.256206 v c147/B (sky130_fd_sc_hd__or3_4)
     3    0.011398    0.077045    0.412380    3.668586 v c147/X (sky130_fd_sc_hd__or3_4)
                                                         net79 (net)
                      0.077045    0.000053    3.668639 v c151/A1 (sky130_fd_sc_hd__mux4_4)
     3    0.019041    0.144189    0.651049    4.319688 v c151/X (sky130_fd_sc_hd__mux4_4)
                                                         net83 (net)
                      0.144189    0.000254    4.319942 v c153/A3 (sky130_fd_sc_hd__a311oi_2)
     2    0.006048    0.234831    0.325022    4.644964 ^ c153/Y (sky130_fd_sc_hd__a311oi_2)
                                                         net85 (net)
                      0.234831    0.000048    4.645011 ^ c168/A2 (sky130_fd_sc_hd__a211o_2)
     3    0.009779    0.072077    0.193324    4.838335 ^ c168/X (sky130_fd_sc_hd__a211o_2)
                                                         net100 (net)
                      0.072077    0.000033    4.838367 ^ c174/A_N (sky130_fd_sc_hd__nand3b_1)
     3    0.017501    0.209719    0.203300    5.041667 ^ c174/Y (sky130_fd_sc_hd__nand3b_1)
                                                         net106 (net)
                      0.209719    0.000191    5.041858 ^ c291/A2 (sky130_fd_sc_hd__a21bo_1)
     4    0.020993    0.180505    0.244843    5.286702 ^ c291/X (sky130_fd_sc_hd__a21bo_1)
                                                         net210 (net)
                      0.180505    0.000097    5.286798 ^ c293/A (sky130_fd_sc_hd__nand2_4)
     1    0.003024    0.044046    0.048357    5.335155 v c293/Y (sky130_fd_sc_hd__nand2_4)
                                                         net212 (net)
                      0.044046    0.000024    5.335179 v c299/A1 (sky130_fd_sc_hd__o21ai_1)
     1    0.006106    0.153407    0.166866    5.502045 ^ c299/Y (sky130_fd_sc_hd__o21ai_1)
                                                         net218 (net)
                      0.153407    0.000199    5.502243 ^ c339/A (sky130_fd_sc_hd__and2_0)
     4    0.061173    0.842137    0.695934    6.198178 ^ c339/X (sky130_fd_sc_hd__and2_0)
                                                         out31 (net)
                      0.842137    0.000494    6.198672 ^ c472/A2 (sky130_fd_sc_hd__mux4_4)
     3    0.010265    0.082710    0.484626    6.683298 ^ c472/X (sky130_fd_sc_hd__mux4_4)
                                                         net365 (net)
                      0.082710    0.000042    6.683340 ^ merge764/RESET_B (sky130_fd_sc_hd__sdfbbn_1)
                                              6.683340   data arrival time

                                  4.000000    4.000000   clock clk (fall edge)
                                  0.000000    4.000000   clock source latency
   139    0.252026    0.536287    0.408043    4.408043 v clk (in)
                                                         clk (net)
                      0.536287    0.000000    4.408043 v merge764/CLK_N (sky130_fd_sc_hd__sdfbbn_1)
                                 -0.250000    4.158043   clock uncertainty
                                  0.000000    4.158043   clock reconvergence pessimism
                                  0.142981    4.301024   library recovery time
                                              4.301024   data required time
---------------------------------------------------------------------------------------------
                                              4.301024   data required time
                                             -6.683340   data arrival time
---------------------------------------------------------------------------------------------
                                             -2.382315   slack (VIOLATED)


Startpoint: in9 (input port clocked by clk)
Endpoint: s792 (positive level-sensitive latch clocked by clk)
Path Group: clk
Path Type: max

Fanout         Cap        Slew       Delay        Time   Description
---------------------------------------------------------------------------------------------
                                  0.000000    0.000000   clock clk (rise edge)
                                  0.000000    0.000000   clock network delay (propagated)
                                  1.600000    1.600000 ^ input external delay
     3    0.015702    0.076593    0.052501    1.652501 ^ in9 (in)
                                                         in9 (net)
                      0.076609    0.000000    1.652501 ^ c132/A_N (sky130_fd_sc_hd__and2b_1)
     4    0.030178    0.148720    0.283309    1.935810 v c132/X (sky130_fd_sc_hd__and2b_1)
                                                         net64 (net)
                      0.148720    0.000280    1.936091 v c133/A (sky130_fd_sc_hd__nor2_4)
     7    0.025637    0.179513    0.223903    2.159994 ^ c133/Y (sky130_fd_sc_hd__nor2_4)
                                                         net65 (net)
                      0.179513    0.000152    2.160146 ^ c137/A (sky130_fd_sc_hd__nand2_2)
     4    0.022950    0.119026    0.134726    2.294872 v c137/Y (sky130_fd_sc_hd__nand2_2)
                                                         net69 (net)
                      0.119026    0.000094    2.294966 v c139/A (sky130_fd_sc_hd__nor2b_1)
     8    0.059158    1.074560    0.850257    3.145222 ^ c139/Y (sky130_fd_sc_hd__nor2b_1)
                                                         net71 (net)
                      1.074560    0.000322    3.145545 ^ c145/C (sky130_fd_sc_hd__nand3b_4)
     2    0.005504    0.132034    0.110644    3.256189 v c145/Y (sky130_fd_sc_hd__nand3b_4)
                                                         net77 (net)
                      0.132034    0.000017    3.256206 v c147/B (sky130_fd_sc_hd__or3_4)
     3    0.011398    0.077045    0.412380    3.668586 v c147/X (sky130_fd_sc_hd__or3_4)
                                                         net79 (net)
                      0.077045    0.000094    3.668680 v c169/A (sky130_fd_sc_hd__and2_4)
     2    0.004809    0.030499    0.147650    3.816329 v c169/X (sky130_fd_sc_hd__and2_4)
                                                         net101 (net)
                      0.030499    0.000032    3.816362 v c170/A (sky130_fd_sc_hd__and2_0)
     3    0.011060    0.095794    0.173888    3.990250 v c170/X (sky130_fd_sc_hd__and2_0)
                                                         net102 (net)
                      0.095794    0.000051    3.990300 v c172/A3 (sky130_fd_sc_hd__a311oi_1)
     4    0.021964    0.778801    0.693690    4.683990 ^ c172/Y (sky130_fd_sc_hd__a311oi_1)
                                                         net104 (net)
                      0.778801    0.000175    4.684165 ^ c173/B (sky130_fd_sc_hd__and3_1)
     5    0.020800    0.214741    0.393234    5.077399 ^ c173/X (sky130_fd_sc_hd__and3_1)
                                                         net105 (net)
                      0.214741    0.000052    5.077451 ^ c175/B (sky130_fd_sc_hd__nand3_2)
     3    0.016881    0.175911    0.163943    5.241394 v c175/Y (sky130_fd_sc_hd__nand3_2)
                                                         net107 (net)
                      0.175911    0.000014    5.241408 v c290/B (sky130_fd_sc_hd__nor3_4)
     3    0.015128    0.215130    0.271722    5.513130 ^ c290/Y (sky130_fd_sc_hd__nor3_4)
                                                         net209 (net)
                      0.215130    0.000099    5.513229 ^ c299/B1 (sky130_fd_sc_hd__o21ai_1)
     1    0.006032    0.088996    0.125149    5.638378 v c299/Y (sky130_fd_sc_hd__o21ai_1)
                                                         net218 (net)
                      0.088996    0.000195    5.638572 v c339/A (sky130_fd_sc_hd__and2_0)
     4    0.059863    0.452231    0.463002    6.101574 v c339/X (sky130_fd_sc_hd__and2_0)
                                                         out31 (net)
                      0.452231    0.000483    6.102058 v c472/A2 (sky130_fd_sc_hd__mux4_4)
     3    0.009708    0.124395    0.750477    6.852535 v c472/X (sky130_fd_sc_hd__mux4_4)
                                                         net365 (net)
                      0.124395    0.000129    6.852664 v c482/A0 (sky130_fd_sc_hd__mux4_4)
     1    0.001918    0.104448    0.603904    7.456568 v c482/X (sky130_fd_sc_hd__mux4_4)
                                                         net375 (net)
                      0.104448    0.000004    7.456573 v s792/D (sky130_fd_sc_hd__dlxbp_1)
                                              7.456573   data arrival time

                                  0.000000    0.000000   clock clk (rise edge)
                                  0.000000    0.000000   clock source latency
   139    0.276185    1.243297    0.849064    0.849064 ^ clk (in)
                                                         clk (net)
                      1.243297    0.000000    0.849064 ^ s792/GATE (sky130_fd_sc_hd__dlxbp_1)
                                 -0.250000    0.599064   clock uncertainty
                                  0.000000    0.599064   clock reconvergence pessimism
                                  3.668822    4.267886   time borrowed from endpoint
                                              4.267886   data required time
---------------------------------------------------------------------------------------------
                                              4.267886   data required time
                                             -7.456573   data arrival time
---------------------------------------------------------------------------------------------
                                             -3.188687   slack (VIOLATED)

Time Borrowing Information
------------------------------------------------
clk nominal pulse width                 4.000000
clock latency difference               -0.441020
library setup time                      0.109842
------------------------------------------------
max time borrow                         3.668822
------------------------------------------------
actual time borrow                      3.668822
open edge uncertainty                  -0.250000
------------------------------------------------
time given to startpoint                3.418822
------------------------------------------------




===========================================================================
 report_check_types -max_slew -max_cap -max_fanout -violators
============================================================================
======================= nom_tt_025C_1v80 Corner ===================================

max slew

Pin                                        Limit        Slew       Slack
------------------------------------------------------------------------
clk                                     0.750000    1.243297   -0.493297 (VIOLATED)
c110/CLK_N                              0.750000    1.243297   -0.493297 (VIOLATED)
c124/CLK_N                              0.750000    1.243297   -0.493297 (VIOLATED)
c125/CLK                                0.750000    1.243297   -0.493297 (VIOLATED)
c127/CLK                                0.750000    1.243297   -0.493297 (VIOLATED)
c129/CLK                                0.750000    1.243297   -0.493297 (VIOLATED)
c199/CLK                                0.750000    1.243297   -0.493297 (VIOLATED)
c212/CLK                                0.750000    1.243297   -0.493297 (VIOLATED)
c231/CLK                                0.750000    1.243297   -0.493297 (VIOLATED)
c237/CLK_N                              0.750000    1.243297   -0.493297 (VIOLATED)
c238/CLK                                0.750000    1.243297   -0.493297 (VIOLATED)
c240/CLK                                0.750000    1.243297   -0.493297 (VIOLATED)
c248/CLK_N                              0.750000    1.243297   -0.493297 (VIOLATED)
c255/CLK                                0.750000    1.243297   -0.493297 (VIOLATED)
c260/CLK_N                              0.750000    1.243297   -0.493297 (VIOLATED)
c261/CLK_N                              0.750000    1.243297   -0.493297 (VIOLATED)
c322/CLK_N                              0.750000    1.243297   -0.493297 (VIOLATED)
c325/CLK                                0.750000    1.243297   -0.493297 (VIOLATED)
c328/CLK                                0.750000    1.243297   -0.493297 (VIOLATED)
c329/CLK                                0.750000    1.243297   -0.493297 (VIOLATED)
c348/CLK                                0.750000    1.243297   -0.493297 (VIOLATED)
c349/CLK                                0.750000    1.243297   -0.493297 (VIOLATED)
c357/CLK                                0.750000    1.243297   -0.493297 (VIOLATED)
c359/CLK                                0.750000    1.243297   -0.493297 (VIOLATED)
c370/CLK                                0.750000    1.243297   -0.493297 (VIOLATED)
c372/CLK                                0.750000    1.243297   -0.493297 (VIOLATED)
c407/CLK_N                              0.750000    1.243297   -0.493297 (VIOLATED)
c413/CLK                                0.750000    1.243297   -0.493297 (VIOLATED)
c416/CLK                                0.750000    1.243297   -0.493297 (VIOLATED)
c417/CLK_N                              0.750000    1.243297   -0.493297 (VIOLATED)
c428/CLK                                0.750000    1.243297   -0.493297 (VIOLATED)
c429/CLK                                0.750000    1.243297   -0.493297 (VIOLATED)
c431/CLK                                0.750000    1.243297   -0.493297 (VIOLATED)
c439/CLK                                0.750000    1.243297   -0.493297 (VIOLATED)
c440/CLK                                0.750000    1.243297   -0.493297 (VIOLATED)
c457/CLK                                0.750000    1.243297   -0.493297 (VIOLATED)
c458/CLK_N                              0.750000    1.243297   -0.493297 (VIOLATED)
c463/CLK_N                              0.750000    1.243297   -0.493297 (VIOLATED)
c471/CLK                                0.750000    1.243297   -0.493297 (VIOLATED)
c479/CLK                                0.750000    1.243297   -0.493297 (VIOLATED)
c488/CLK_N                              0.750000    1.243297   -0.493297 (VIOLATED)
c495/CLK                                0.750000    1.243297   -0.493297 (VIOLATED)
c497/CLK                                0.750000    1.243297   -0.493297 (VIOLATED)
c500/CLK                                0.750000    1.243297   -0.493297 (VIOLATED)
c504/CLK_N                              0.750000    1.243297   -0.493297 (VIOLATED)
c505/CLK_N                              0.750000    1.243297   -0.493297 (VIOLATED)
c543/CLK                                0.750000    1.243297   -0.493297 (VIOLATED)
c559/CLK                                0.750000    1.243297   -0.493297 (VIOLATED)
c567/CLK                                0.750000    1.243297   -0.493297 (VIOLATED)
c568/CLK                                0.750000    1.243297   -0.493297 (VIOLATED)
c569/CLK                                0.750000    1.243297   -0.493297 (VIOLATED)
c579/CLK                                0.750000    1.243297   -0.493297 (VIOLATED)
c582/GATE_N                             0.750000    1.243297   -0.493297 (VIOLATED)
c587/GATE_N                             0.750000    1.243297   -0.493297 (VIOLATED)
c589/GATE                               0.750000    1.243297   -0.493297 (VIOLATED)
c590/CLK                                0.750000    1.243297   -0.493297 (VIOLATED)
c602/CLK_N                              0.750000    1.243297   -0.493297 (VIOLATED)
c603/CLK_N                              0.750000    1.243297   -0.493297 (VIOLATED)
c607/CLK                                0.750000    1.243297   -0.493297 (VIOLATED)
c608/CLK                                0.750000    1.243297   -0.493297 (VIOLATED)
c609/CLK                                0.750000    1.243297   -0.493297 (VIOLATED)
c610/CLK                                0.750000    1.243297   -0.493297 (VIOLATED)
c614/CLK                                0.750000    1.243297   -0.493297 (VIOLATED)
c625/CLK                                0.750000    1.243297   -0.493297 (VIOLATED)
c628/CLK                                0.750000    1.243297   -0.493297 (VIOLATED)
c630/CLK                                0.750000    1.243297   -0.493297 (VIOLATED)
c632/CLK                                0.750000    1.243297   -0.493297 (VIOLATED)
c665/GATE                               0.750000    1.243297   -0.493297 (VIOLATED)
c666/GATE_N                             0.750000    1.243297   -0.493297 (VIOLATED)
c667/GATE_N                             0.750000    1.243297   -0.493297 (VIOLATED)
c670/GATE_N                             0.750000    1.243297   -0.493297 (VIOLATED)
c674/CLK                                0.750000    1.243297   -0.493297 (VIOLATED)
c675/GATE                               0.750000    1.243297   -0.493297 (VIOLATED)
c680/CLK_N                              0.750000    1.243297   -0.493297 (VIOLATED)
c681/CLK_N                              0.750000    1.243297   -0.493297 (VIOLATED)
c683/CLK                                0.750000    1.243297   -0.493297 (VIOLATED)
c689/GATE                               0.750000    1.243297   -0.493297 (VIOLATED)
c690/GATE                               0.750000    1.243297   -0.493297 (VIOLATED)
c692/CLK_N                              0.750000    1.243297   -0.493297 (VIOLATED)
c694/CLK                                0.750000    1.243297   -0.493297 (VIOLATED)
c695/CLK                                0.750000    1.243297   -0.493297 (VIOLATED)
c697/CLK                                0.750000    1.243297   -0.493297 (VIOLATED)
c701/CLK_N                              0.750000    1.243297   -0.493297 (VIOLATED)
c702/CLK_N                              0.750000    1.243297   -0.493297 (VIOLATED)
c707/CLK_N                              0.750000    1.243297   -0.493297 (VIOLATED)
c710/CLK                                0.750000    1.243297   -0.493297 (VIOLATED)
c712/CLK                                0.750000    1.243297   -0.493297 (VIOLATED)
c714/CLK                                0.750000    1.243297   -0.493297 (VIOLATED)
c716/CLK                                0.750000    1.243297   -0.493297 (VIOLATED)
c723/CLK                                0.750000    1.243297   -0.493297 (VIOLATED)
c725/CLK                                0.750000    1.243297   -0.493297 (VIOLATED)
c737/CLK                                0.750000    1.243297   -0.493297 (VIOLATED)
c745/CLK_N                              0.750000    1.243297   -0.493297 (VIOLATED)
c750/CLK                                0.750000    1.243297   -0.493297 (VIOLATED)
c754/CLK                                0.750000    1.243297   -0.493297 (VIOLATED)
c755/CLK_N                              0.750000    1.243297   -0.493297 (VIOLATED)
merge757/CLK_N                          0.750000    1.243297   -0.493297 (VIOLATED)
merge758/CLK_N                          0.750000    1.243297   -0.493297 (VIOLATED)
merge759/CLK                            0.750000    1.243297   -0.493297 (VIOLATED)
merge760/CLK                            0.750000    1.243297   -0.493297 (VIOLATED)
merge761/CLK                            0.750000    1.243297   -0.493297 (VIOLATED)
merge762/CLK                            0.750000    1.243297   -0.493297 (VIOLATED)
merge763/CLK                            0.750000    1.243297   -0.493297 (VIOLATED)
merge764/CLK_N                          0.750000    1.243297   -0.493297 (VIOLATED)
merge765/CLK_N                          0.750000    1.243297   -0.493297 (VIOLATED)
merge766/CLK                            0.750000    1.243297   -0.493297 (VIOLATED)
merge767/CLK                            0.750000    1.243297   -0.493297 (VIOLATED)
merge768/CLK                            0.750000    1.243297   -0.493297 (VIOLATED)
merge769/CLK                            0.750000    1.243297   -0.493297 (VIOLATED)
merge770/CLK                            0.750000    1.243297   -0.493297 (VIOLATED)
merge771/CLK                            0.750000    1.243297   -0.493297 (VIOLATED)
merge772/CLK_N                          0.750000    1.243297   -0.493297 (VIOLATED)
merge773/CLK_N                          0.750000    1.243297   -0.493297 (VIOLATED)
merge774/CLK                            0.750000    1.243297   -0.493297 (VIOLATED)
merge775/CLK                            0.750000    1.243297   -0.493297 (VIOLATED)
merge776/CLK                            0.750000    1.243297   -0.493297 (VIOLATED)
merge777/CLK                            0.750000    1.243297   -0.493297 (VIOLATED)
merge778/CLK                            0.750000    1.243297   -0.493297 (VIOLATED)
merge779/CLK                            0.750000    1.243297   -0.493297 (VIOLATED)
merge780/CLK_N                          0.750000    1.243297   -0.493297 (VIOLATED)
merge781/CLK                            0.750000    1.243297   -0.493297 (VIOLATED)
s782/CLK                                0.750000    1.243297   -0.493297 (VIOLATED)
s783/CLK                                0.750000    1.243297   -0.493297 (VIOLATED)
s784/CLK                                0.750000    1.243297   -0.493297 (VIOLATED)
s785/CLK                                0.750000    1.243297   -0.493297 (VIOLATED)
s786/CLK                                0.750000    1.243297   -0.493297 (VIOLATED)
s787/CLK                                0.750000    1.243297   -0.493297 (VIOLATED)
s788/CLK                                0.750000    1.243297   -0.493297 (VIOLATED)
s789/CLK                                0.750000    1.243297   -0.493297 (VIOLATED)
s790/GATE_N                             0.750000    1.243297   -0.493297 (VIOLATED)
s791/GATE_N                             0.750000    1.243297   -0.493297 (VIOLATED)
s792/GATE                               0.750000    1.243297   -0.493297 (VIOLATED)
s793/GATE_N                             0.750000    1.243297   -0.493297 (VIOLATED)
s794/GATE_N                             0.750000    1.243297   -0.493297 (VIOLATED)
s795/GATE_N                             0.750000    1.243297   -0.493297 (VIOLATED)
s796/GATE                               0.750000    1.243297   -0.493297 (VIOLATED)
s797/SLEEP_B                            0.750000    1.243297   -0.493297 (VIOLATED)
s798/CLK                                0.750000    1.243297   -0.493297 (VIOLATED)
s799/CLK                                0.750000    1.243297   -0.493297 (VIOLATED)
s800/CLK                                0.750000    1.243297   -0.493297 (VIOLATED)
out35                                   0.750000    1.198859   -0.448859 (VIOLATED)
c371/B                                  0.750000    1.198807   -0.448807 (VIOLATED)
c353/B_N                                0.750000    1.198797   -0.448797 (VIOLATED)
c489/A2                                 0.750000    1.198791   -0.448791 (VIOLATED)
c325/RESET_B                            0.750000    1.198781   -0.448781 (VIOLATED)
merge773/SET_B                          0.750000    1.198772   -0.448772 (VIOLATED)
c318/Y                                  0.750000    1.198767   -0.448767 (VIOLATED)
c320/C1                                 0.750000    1.198767   -0.448767 (VIOLATED)
merge770/SCE                            0.750000    1.074602   -0.324602 (VIOLATED)
c620/C1                                 0.750000    1.074601   -0.324601 (VIOLATED)
c621/A1                                 0.750000    1.074600   -0.324600 (VIOLATED)
c612/A1                                 0.750000    1.074593   -0.324593 (VIOLATED)
c347/B                                  0.750000    1.074576   -0.324576 (VIOLATED)
c139/Y                                  0.750000    1.074560   -0.324560 (VIOLATED)
c140/B                                  0.750000    1.074560   -0.324560 (VIOLATED)
c145/C                                  0.750000    1.074560   -0.324560 (VIOLATED)
c153/A2                                 0.750000    1.074560   -0.324560 (VIOLATED)
out0                                    0.750000    1.028825   -0.278825 (VIOLATED)
c630/SCE                                0.750000    1.028785   -0.278785 (VIOLATED)
c634/B1_N                               0.750000    1.028783   -0.278783 (VIOLATED)
c470/Y                                  0.750000    1.028777   -0.278777 (VIOLATED)
c283/Y                                  0.750000    0.878910   -0.128910 (VIOLATED)
c420/B                                  0.750000    0.878910   -0.128910 (VIOLATED)
c545/B                                  0.750000    0.878910   -0.128910 (VIOLATED)
c558/A1                                 0.750000    0.878910   -0.128910 (VIOLATED)
merge778/RESET_B                        0.750000    0.878910   -0.128910 (VIOLATED)
c617/A1                                 0.750000    0.859766   -0.109766 (VIOLATED)
c619/B1                                 0.750000    0.859765   -0.109765 (VIOLATED)
c626/A2                                 0.750000    0.859763   -0.109763 (VIOLATED)
c603/SET_B                              0.750000    0.859756   -0.109756 (VIOLATED)
c596/B1                                 0.750000    0.859753   -0.109753 (VIOLATED)
c604/B1                                 0.750000    0.859747   -0.109747 (VIOLATED)
c553/B1                                 0.750000    0.859715   -0.109715 (VIOLATED)
c166/A                                  0.750000    0.859700   -0.109700 (VIOLATED)
c356/B                                  0.750000    0.859699   -0.109699 (VIOLATED)
c304/S1                                 0.750000    0.859696   -0.109696 (VIOLATED)
c165/Y                                  0.750000    0.859695   -0.109695 (VIOLATED)
c168/C1                                 0.750000    0.859695   -0.109695 (VIOLATED)
c172/C1                                 0.750000    0.859695   -0.109695 (VIOLATED)
c173/C                                  0.750000    0.859695   -0.109695 (VIOLATED)
c289/S0                                 0.750000    0.859695   -0.109695 (VIOLATED)
out31                                   0.750000    0.842209   -0.092209 (VIOLATED)
c498/A2                                 0.750000    0.842169   -0.092169 (VIOLATED)
c369/S1                                 0.750000    0.842149   -0.092149 (VIOLATED)
c339/X                                  0.750000    0.842137   -0.092137 (VIOLATED)
c472/A2                                 0.750000    0.842137   -0.092137 (VIOLATED)
out4                                    0.750000    0.809461   -0.059461 (VIOLATED)
c631/Y                                  0.750000    0.809449   -0.059449 (VIOLATED)
out8                                    0.750000    0.808003   -0.058003 (VIOLATED)
c599/B1                                 0.750000    0.807967   -0.057967 (VIOLATED)
c462/Y                                  0.750000    0.807964   -0.057964 (VIOLATED)
out50                                   0.750000    0.806446   -0.056446 (VIOLATED)
c394/A2                                 0.750000    0.806443   -0.056443 (VIOLATED)
c368/Y                                  0.750000    0.806438   -0.056438 (VIOLATED)
c476/A_N                                0.750000    0.785009   -0.035009 (VIOLATED)
c317/Y                                  0.750000    0.785008   -0.035008 (VIOLATED)
c340/B                                  0.750000    0.785008   -0.035008 (VIOLATED)
c441/C1                                 0.750000    0.785008   -0.035008 (VIOLATED)
c444/B                                  0.750000    0.785008   -0.035008 (VIOLATED)
c463/SCE                                0.750000    0.785008   -0.035008 (VIOLATED)
merge773/SCE                            0.750000    0.785008   -0.035008 (VIOLATED)
c172/Y                                  0.750000    0.778801   -0.028801 (VIOLATED)
c173/B                                  0.750000    0.778801   -0.028801 (VIOLATED)
c174/B                                  0.750000    0.778801   -0.028801 (VIOLATED)
c175/C                                  0.750000    0.778801   -0.028801 (VIOLATED)
c177/A                                  0.750000    0.778801   -0.028801 (VIOLATED)
out25                                   0.750000    0.761029   -0.011030 (VIOLATED)
c500/SCE                                0.750000    0.760984   -0.010984 (VIOLATED)
c392/S1                                 0.750000    0.760955   -0.010955 (VIOLATED)
c245/B                                  0.750000    0.760945   -0.010945 (VIOLATED)
c244/B                                  0.750000    0.760942   -0.010942 (VIOLATED)
c474/A                                  0.750000    0.760936   -0.010936 (VIOLATED)
c339/B                                  0.750000    0.760934   -0.010934 (VIOLATED)
c341/B_N                                0.750000    0.760932   -0.010932 (VIOLATED)
c85/X                                   0.750000    0.760931   -0.010931 (VIOLATED)
c588/A2                                 0.750000    0.755611   -0.005611 (VIOLATED)
c585/B1_N                               0.750000    0.755610   -0.005610 (VIOLATED)
c575/S1                                 0.750000    0.755608   -0.005608 (VIOLATED)
merge775/SCE                            0.750000    0.755603   -0.005603 (VIOLATED)
c608/SCD                                0.750000    0.755603   -0.005603 (VIOLATED)
c609/SCE                                0.750000    0.755599   -0.005599 (VIOLATED)
c477/B1                                 0.750000    0.755591   -0.005591 (VIOLATED)
c323/A1                                 0.750000    0.755579   -0.005579 (VIOLATED)
merge773/D                              0.750000    0.755575   -0.005575 (VIOLATED)
c319/B1                                 0.750000    0.755574   -0.005574 (VIOLATED)
c315/Y                                  0.750000    0.755572   -0.005572 (VIOLATED)
c327/B1                                 0.750000    0.755572   -0.005572 (VIOLATED)
c336/C1                                 0.750000    0.755572   -0.005572 (VIOLATED)

max fanout

Pin                                   Limit Fanout  Slack
---------------------------------------------------------
clk                                      10    139   -129 (VIOLATED)
c165/Y                                   10     14     -4 (VIOLATED)
c288/X                                   10     14     -4 (VIOLATED)
c315/Y                                   10     12     -2 (VIOLATED)

max capacitance

Pin                                        Limit         Cap       Slack
------------------------------------------------------------------------
clk                                     0.200000    0.276185   -0.076185 (VIOLATED)



===========================================================================
report_parasitic_annotation -report_unannotated
============================================================================
Found 37 unannotated drivers.
 clk
 rst
 c129/Q_N
 c199/Q_N
 c260/Q_N
 c394/X
 c395/X
 c413/Q_N
 c439/Q_N
 c465/X
 c471/Q_N
 c582/Q_N
 c587/Q_N
 c602/Q_N
 c603/Q_N
 c625/Q_N
 c628/Q_N
 c632/Q_N
 c665/Q_N
 c694/Q_N
 c707/Q_N
 c710/Q_N
 c712/Q_N
 c714/Q_N
 c723/GCLK
 c724/Y
 c745/Q_N
 c754/Q_N
 c755/Q_N
 c756/X
 s787/GCLK
 s788/GCLK
 s789/GCLK
 s790/Q_N
 s792/Q_N
 s798/Q_N
 s799/Q_N
Found 0 partially unannotated drivers.

===========================================================================
max slew violation count 228
Writing metric design__max_slew_violation__count__corner:nom_tt_025C_1v80: 228
max fanout violation count 4
Writing metric design__max_fanout_violation__count__corner:nom_tt_025C_1v80: 4
max cap violation count 1
Writing metric design__max_cap_violation__count__corner:nom_tt_025C_1v80: 1
============================================================================

===========================================================================
check_setup -verbose -unconstrained_endpoints -multiple_clock -no_clock -no_input_delay -loops -generated_clocks
===========================================================================
Warning: There are 4 unconstrained endpoints.
  out24
  out36
  out49
  merge768/SCE
