
===========================================================================
Violator List
============================================================================
[hold reg-reg] merge833/Q_N -> c414/SET_B : -1.642959
[hold reg-reg] c449/Q -> c454/RESET_B : -1.611694
[hold reg-reg] merge911/Q -> c608/SET_B : -1.382514
[hold reg-reg] s982/Q -> c725/SET_B : -0.751275
[hold in-reg] clk -> c369/SET_B : -0.389558
[hold in-reg] in15 -> c162/RESET_B : -0.307284
[hold reg-reg] c578/Q -> c704/SET_B : -0.304140
[hold in-reg] in59 -> merge844/RESET_B : -0.299705
[hold in-reg] clk -> merge923/RESET_B : -0.247137
[hold in-reg] clk -> c295/SET_B : -0.238836
[hold in-reg] in16 -> merge889/RESET_B : -0.200213
[hold in-reg] clk -> merge922/RESET_B : -0.156336
[hold in-reg] clk -> c369/SET_B : -0.146898
[hold in-reg] in8 -> merge895/RESET_B : -0.139753
[hold reg-reg] s990/Q -> merge920/RESET_B : -0.135332
[hold in-reg] in28 -> merge890/RESET_B : -0.120422
[hold reg-reg] s948/Q -> c344/SET_B : -0.119911
[hold in-reg] in54 -> c235/RESET_B : -0.112929
[hold in-reg] in57 -> c108/RESET_B : -0.104998
[hold in-reg] clk -> merge891/RESET_B : -0.100781
[hold in-reg] in2 -> merge833/RESET_B : -0.087556
[hold reg-reg] merge911/Q -> c590/SET_B : -0.086605
[hold reg-reg] s983/Q -> merge918/RESET_B : -0.053202
[hold in-reg] clk -> c493/SET_B : -0.045975
[hold in-reg] in38 -> merge831/RESET_B : -0.041859
[hold in-reg] in14 -> merge892/RESET_B : -0.036395
[hold in-reg] in61 -> c369/RESET_B : -0.030233
[hold in-reg] clk -> merge921/RESET_B : -0.029477
[hold reg-reg] s982/Q -> c725/SET_B : -0.018648
[hold in-reg] in31 -> c360/SET_B : -0.007491
[setup reg-reg] s942/Q_N -> c493/RESET_B : -8.547845
[setup reg-reg] s974/Q_N -> c678/SET_B : -8.522120
[setup reg-reg] merge870/Q -> c369/RESET_B : -8.320713
[setup reg-reg] merge870/Q -> c356/RESET_B : -8.118682
[setup reg-out] s942/Q_N -> out27 : -5.499230
[setup reg-out] merge869/Q -> out32 : -4.938968
[setup reg-out] merge869/Q -> out5 : -4.866848
[setup reg-reg] s976/Q -> c708/SET_B : -4.701449
[setup reg-out] s942/Q_N -> out18 : -4.394606
[setup reg-out] merge869/Q -> out34 : -4.315590
[setup reg-reg] merge929/Q -> c493/SET_B : -4.276430
[setup reg-out] merge869/Q -> out36 : -4.233495
[setup reg-out] merge869/Q -> out58 : -4.222261
[setup reg-out] merge870/Q -> out60 : -3.877470
[setup reg-out] merge870/Q -> out31 : -3.867338
[setup reg-out] s942/Q_N -> out15 : -3.707047
[setup reg-out] s944/Q -> out1 : -3.649843
[setup reg-out] s961/Q -> out3 : -3.594606
[setup reg-out] s945/Q -> out51 : -3.511360
[setup reg-out] s957/Q -> out19 : -3.487448
[setup reg-reg] s947/Q -> c292/RESET_B : -3.458552
[setup reg-out] merge870/Q -> out33 : -3.350277
[setup reg-reg] merge911/Q -> c608/SET_B : -3.283552
[setup reg-reg] merge905/Q -> merge905/D : -2.925160
[setup reg-out] merge909/Q -> out56 : -2.664187
[setup reg-reg] s993/Q -> merge923/D : -2.648802
[setup reg-reg] s993/Q -> merge903/D : -2.641023
[setup reg-reg] merge869/Q -> merge928/SET_B : -2.507000
[setup reg-reg] s993/Q -> merge882/DE : -2.476775
[setup reg-reg] merge877/Q -> merge912/D : -2.377127
[setup reg-reg] merge870/Q -> merge901/D : -2.351872
[setup reg-reg] s993/Q -> s974/D : -2.309884
[setup reg-reg] s993/Q -> s982/D : -2.292344
[setup reg-reg] merge870/Q -> merge908/D : -2.225755
[setup reg-reg] s942/Q_N -> s958/D : -2.209476
[setup reg-reg] s942/Q_N -> merge870/D : -2.195043
[setup reg-reg] merge866/Q_N -> c128/D : -2.173881
[setup reg-reg] merge878/Q -> merge878/RESET_B : -2.106041
[setup reg-reg] s993/Q -> merge922/D : -2.095261
[setup reg-reg] merge877/Q -> merge910/D : -2.094944
[setup reg-reg] merge870/Q -> merge928/D : -2.043051
[setup reg-reg] merge870/Q -> merge915/GATE : -2.008839
[setup reg-reg] s993/Q -> s981/D : -1.991515
[setup reg-reg] merge878/Q -> s979/D : -1.973609
[setup reg-reg] s973/Q -> s990/D : -1.890745
[setup reg-reg] merge870/Q -> merge881/DE : -1.855658
[setup reg-reg] merge878/Q -> s964/D : -1.851028
[setup reg-reg] merge866/Q_N -> merge912/RESET_B : -1.816680
[setup reg-reg] merge870/Q -> s954/GATE : -1.815268
[setup reg-reg] merge877/Q -> merge932/RESET_B : -1.815165
[setup reg-reg] s974/Q_N -> s977/D : -1.769087
[setup reg-reg] merge870/Q -> merge918/RESET_B : -1.766336
[setup reg-reg] merge866/Q_N -> c104/SCE : -1.751091
[setup reg-reg] s993/Q -> merge838/D : -1.730146
[setup reg-reg] merge877/Q -> c493/SCD : -1.727893
[setup reg-reg] merge870/Q -> merge869/D : -1.726390
[setup reg-reg] merge868/Q -> merge891/D : -1.723251
[setup reg-reg] merge877/Q -> c372/SCE : -1.718784
[setup reg-reg] merge877/Q -> merge932/D : -1.708537
[setup reg-reg] s974/Q_N -> merge914/DE : -1.696511
[setup reg-reg] merge870/Q -> merge892/D : -1.692726
[setup reg-reg] s947/Q -> merge878/D : -1.667779
[setup reg-reg] s993/Q -> c725/D : -1.661536
[setup reg-reg] s942/Q_N -> c502/SCD : -1.642667
[setup reg-reg] s947/Q -> merge866/D : -1.617620
[setup reg-reg] merge877/Q -> c370/SCD : -1.590595
[setup reg-reg] s974/Q -> s993/D : -1.558799
[setup reg-reg] merge906/Q -> merge920/D : -1.531297
[setup reg-reg] s961/Q -> merge907/D : -1.515542
[setup reg-reg] merge868/Q -> merge931/RESET_B : -1.515363
[setup reg-reg] s993/Q -> merge929/RESET_B : -1.503851
[setup reg-reg] s993/Q -> merge893/RESET_B : -1.498387
[setup reg-reg] s942/Q_N -> s971/GATE : -1.468004
[setup reg-reg] merge878/Q -> c711/SCE : -1.466661
[setup reg-reg] s993/Q -> merge838/RESET_B : -1.447989
[setup reg-reg] merge866/Q_N -> c497/RESET_B : -1.444131
[setup reg-reg] s993/Q -> merge840/RESET_B : -1.443596
[setup reg-reg] merge877/Q -> c370/SCE : -1.436558
[setup reg-reg] merge877/Q -> c226/SCE : -1.435763
[setup reg-reg] merge877/Q -> merge906/RESET_B : -1.408108
[setup reg-reg] merge877/Q -> c370/RESET_B : -1.404883
[setup reg-reg] merge877/Q -> s943/D : -1.383739
[setup reg-reg] merge908/Q -> merge909/RESET_B : -1.376533
[setup reg-reg] merge907/Q -> merge930/D : -1.375541
[setup reg-reg] s942/Q_N -> merge925/SET_B : -1.363741
[setup reg-reg] merge906/Q -> s991/D : -1.357027
[setup reg-reg] merge877/Q -> c356/SET_B : -1.341880
[setup reg-reg] merge869/Q -> merge915/SCE : -1.341505
[setup reg-reg] s947/Q -> merge911/RESET_B : -1.307616
[setup reg-reg] merge878/Q -> c696/SCE : -1.256131
[setup reg-reg] s942/Q_N -> merge858/D : -1.250991
[setup reg-reg] merge908/Q -> merge908/RESET_B : -1.215629
[setup reg-reg] merge908/Q -> c334/D : -1.212906
[setup reg-reg] s947/Q -> c303/D : -1.196995
[setup reg-reg] merge868/Q_N -> merge877/D : -1.181160
[setup reg-reg] merge904/Q_N -> s957/D : -1.173690
[setup reg-reg] merge868/Q_N -> s963/D : -1.169565
[setup reg-reg] merge868/Q_N -> merge906/D : -1.158596
[setup reg-reg] s957/Q_N -> merge889/D : -1.151322
[setup reg-reg] s961/Q -> merge893/D : -1.144183
[setup reg-reg] s973/Q -> s989/D : -1.133755
[setup reg-reg] merge912/Q -> merge905/RESET_B : -1.118210
[setup reg-reg] s977/Q -> merge927/D : -1.112792
[setup reg-reg] s961/Q -> s962/D : -1.112240
[setup reg-reg] s957/Q_N -> merge917/SCE : -1.100405
[setup reg-reg] merge858/Q -> s944/D : -1.059251
[setup reg-reg] merge877/Q -> c231/SET_B : -1.041254
[setup reg-reg] s974/Q -> s984/D : -1.035626
[setup reg-reg] merge869/Q -> merge892/RESET_B : -1.034967
[setup reg-reg] s958/Q -> s973/D : -1.031093
[setup reg-reg] merge906/Q_N -> merge910/RESET_B : -1.017486
[setup reg-reg] s947/Q -> c493/SET_B : -0.979556
[setup reg-reg] merge930/Q_N -> merge916/SCE : -0.965855
[setup reg-reg] s974/Q_N -> c694/RESET_B : -0.948013
[setup reg-reg] merge870/Q -> merge851/D : -0.883348
[setup reg-reg] s964/Q -> c708/RESET_B : -0.877494
[setup reg-reg] merge932/Q -> merge836/D : -0.874749
[setup reg-reg] merge877/Q -> merge868/D : -0.869597
[setup reg-reg] s958/Q_N -> merge925/D : -0.869433
[setup reg-reg] merge858/Q -> s945/D : -0.852122
[setup reg-reg] s977/Q -> merge926/D : -0.834238
[setup reg-reg] s958/Q_N -> merge924/SET_B : -0.825627
[setup reg-reg] c578/Q -> c704/SET_B : -0.824943
[setup reg-reg] merge906/Q -> c608/SCE : -0.823384
[setup reg-reg] merge903/Q_N -> s967/D : -0.802233
[setup reg-reg] merge870/Q -> merge858/RESET_B : -0.797253
[setup reg-reg] merge908/Q -> c485/RESET_B : -0.795766
[setup reg-reg] merge870/Q -> c369/RESET_B : -0.787138
[setup reg-reg] merge877/Q -> c231/RESET_B : -0.779363
[setup reg-reg] merge905/Q -> merge920/RESET_B : -0.757471
[setup reg-reg] merge878/Q -> c704/RESET_B : -0.750847
[setup reg-reg] merge877/Q -> c372/RESET_B : -0.710334
[setup reg-reg] s974/Q -> s985/D : -0.699905
[setup reg-reg] s957/Q -> c578/SCE : -0.698799
[setup reg-out] s941/Q_N -> out8 : -0.685501
[setup reg-reg] s942/Q -> merge924/D : -0.682264
[setup reg-reg] merge903/Q_N -> s969/D : -0.681545
[setup reg-out] c104/Q_N -> out54 : -0.666415
[setup reg-reg] merge908/Q -> c295/SCE : -0.661581
[setup reg-reg] merge858/Q_N -> c235/SCE : -0.646492
[setup reg-reg] s960/Q -> s972/GATE : -0.636109
[setup reg-reg] merge877/Q -> merge891/RESET_B : -0.628629
[setup reg-reg] merge877/Q -> c608/RESET_B : -0.618845
[setup reg-reg] merge877/Q -> c342/RESET_B : -0.617411
[setup reg-out] c303/Q -> out13 : -0.604536
[setup reg-reg] s992/Q -> merge888/SCE : -0.601612
[setup reg-reg] s942/Q -> merge900/SET_B : -0.593648
[setup reg-reg] s942/Q_N -> merge913/D : -0.586128
[setup reg-reg] s961/Q -> merge926/SET_B : -0.578695
[setup reg-reg] s982/Q -> c725/SET_B : -0.565687
[setup reg-reg] s992/Q -> s955/GATE : -0.555851
[setup reg-reg] s974/Q -> merge907/RESET_B : -0.551395
[setup reg-reg] merge903/Q -> c725/SCD : -0.508833
[setup reg-reg] merge877/Q -> c454/SET_B : -0.508384
[setup reg-reg] merge906/Q -> merge877/RESET_B : -0.485926
[setup reg-reg] s947/Q -> c292/RESET_B : -0.476791
[setup reg-reg] s960/Q -> merge882/D : -0.457432
[setup reg-reg] s945/Q -> merge869/RESET_B : -0.391821
[setup reg-reg] s962/Q -> merge902/SET_B : -0.374347
[setup reg-reg] merge868/Q -> c303/RESET_B : -0.362514
[setup reg-reg] s960/Q -> s966/D : -0.324158
[setup reg-reg] c449/Q -> c454/RESET_B : -0.311948
[setup reg-reg] merge848/Q -> c678/SCD : -0.285901
[setup reg-reg] s942/Q -> c235/RESET_B : -0.255818
[setup reg-reg] merge866/Q_N -> c128/RESET_B : -0.194778
[setup reg-reg] s947/Q -> c342/SET_B : -0.162353
[setup reg-reg] merge909/Q -> s950/D : -0.150145
[setup in-reg] clk -> c369/SET_B : -0.149482
[setup reg-reg] s992/Q -> merge916/GATE : -0.113350
[setup reg-reg] merge871/Q -> s942/D : 0.000000
[setup reg-reg] merge871/Q -> merge904/D : 0.000000
[setup reg-reg] merge859/Q_N -> s961/D : 0.000000
[setup reg-reg] merge859/Q_N -> s960/D : 0.000000
[setup reg-reg] s941/Q_N -> s992/D : 0.000000
[setup reg-reg] merge848/Q -> s947/D : 0.000000
[setup reg-reg] merge848/Q -> merge911/D : 0.000000
[setup reg-reg] merge848/Q -> s959/D : 0.000000
[setup reg-reg] s941/Q_N -> merge871/D : 0.000000
[setup reg-reg] c696/Q_N -> s976/D : 0.000000
[setup reg-reg] c696/Q_N -> s978/D : 0.000000
[setup in-reg] in13 -> s980/D : 0.000000
[setup reg-reg] c303/Q -> merge909/D : 0.000000
[setup in-reg] in13 -> merge931/D : 0.000000
[setup reg-reg] s946/Q -> merge859/D : 0.000000
[setup reg-reg] c162/Q -> merge873/D : 0.000000
[setup reg-reg] merge882/Q -> s975/D : 0.000000
[setup in-reg] in8 -> s948/D : 0.000000
[setup in-reg] clk -> s941/D : 0.000000
Writing metric timing__hold_vio__count__corner:nom_tt_025C_1v80: 30
Writing metric timing__hold_r2r__ws__corner:nom_tt_025C_1v80: -1.642959
Writing metric timing__hold_r2r_vio__count__corner:nom_tt_025C_1v80: 10
Writing metric timing__setup_vio__count__corner:nom_tt_025C_1v80: 188
Writing metric timing__setup_r2r__ws__corner:nom_tt_025C_1v80: -8.547845
Writing metric timing__setup_r2r_vio__count__corner:nom_tt_025C_1v80: 164
