[INFO GRT-0043] No OR_DEFAULT vias defined.
Net: net852
  Pin: c724/A3 (sky130_fd_sc_hd__a41o_4)
    Layer: met1
      Partial area ratio:    0.68
      Required ratio:    0.00 (Gate area) 
      Partial area ratio:    3.80
      Required ratio:  400.00 (Side area) 
      Cumulative area ratio:    0.68
      Required ratio:    0.00 (Cumulative area) 
      Cumulative area ratio:    3.80
      Required ratio:    0.00 (Cumulative side area) 

    Layer: li1
      Partial area ratio:    0.00
      Required ratio:    0.00 (Gate area) 
      Partial area ratio:    0.00
      Required ratio:   75.00 (Side area) 
      Cumulative area ratio:    0.00
      Required ratio:    0.00 (Cumulative area) 
      Cumulative area ratio:    0.00
      Required ratio:    0.00 (Cumulative side area) 

    Layer: met3
      Partial area ratio:    4.03
      Required ratio:    0.00 (Gate area) 
      Partial area ratio:   21.94
      Required ratio: 2781.50 (Side area) 
      Cumulative area ratio:  125.16
      Required ratio:    0.00 (Cumulative area) 
      Cumulative area ratio:  631.91
      Required ratio:    0.00 (Cumulative side area) 

    Via: M2M3_PR
      Partial area ratio:    0.06
      Required ratio:    6.00 (Gate area) 
      Cumulative area ratio:    0.75
      Required ratio:    0.00 (Cumulative area) 

    Via: M1M2_PR
      Partial area ratio:    0.09
      Required ratio:    6.00 (Gate area) 
      Cumulative area ratio:    0.15
      Required ratio:    0.00 (Cumulative area) 

    Via: L1M1_PR
      Partial area ratio:    0.06
      Required ratio:    3.00 (Gate area) 
      Cumulative area ratio:    0.06
      Required ratio:    0.00 (Cumulative area) 

  Pin: c732/A2 (sky130_fd_sc_hd__mux4_1)
    Layer: met1
      Partial area ratio:  120.46
      Required ratio:    0.00 (Gate area) 
      Partial area ratio:  606.17
      Required ratio:  400.00 (Side area) (VIOLATED)
      Cumulative area ratio:  120.46
      Required ratio:    0.00 (Cumulative area) 
      Cumulative area ratio:  606.17
      Required ratio:    0.00 (Cumulative side area) 

    Layer: li1
      Partial area ratio:    0.00
      Required ratio:    0.00 (Gate area) 
      Partial area ratio:    0.00
      Required ratio:   75.00 (Side area) 
      Cumulative area ratio:    0.00
      Required ratio:    0.00 (Cumulative area) 
      Cumulative area ratio:    0.00
      Required ratio:    0.00 (Cumulative side area) 

    Layer: met3
      Partial area ratio:    4.03
      Required ratio:    0.00 (Gate area) 
      Partial area ratio:   21.94
      Required ratio: 2781.50 (Side area) 
      Cumulative area ratio:  124.48
      Required ratio:    0.00 (Cumulative area) 
      Cumulative area ratio:  628.11
      Required ratio:    0.00 (Cumulative side area) 

    Via: M2M3_PR
      Partial area ratio:    0.06
      Required ratio:    6.00 (Gate area) 
      Cumulative area ratio:    0.83
      Required ratio:    0.00 (Cumulative area) 

    Via: M1M2_PR
      Partial area ratio:    0.54
      Required ratio:    6.00 (Gate area) 
      Cumulative area ratio:    0.77
      Required ratio:    0.00 (Cumulative area) 

    Via: L1M1_PR
      Partial area ratio:    0.23
      Required ratio:    3.00 (Gate area) 
      Cumulative area ratio:    0.23
      Required ratio:    0.00 (Cumulative area) 

  Pin: c674/S1 (sky130_fd_sc_hd__mux4_2)
    Layer: met3
      Partial area ratio:    4.03
      Required ratio:    0.00 (Gate area) 
      Partial area ratio:   21.94
      Required ratio: 2781.50 (Side area) 
      Cumulative area ratio:    9.31
      Required ratio:    0.00 (Cumulative area) 
      Cumulative area ratio:   49.48
      Required ratio:    0.00 (Cumulative side area) 

    Layer: met2
      Partial area ratio:    0.00
      Required ratio:    0.00 (Gate area) 
      Partial area ratio:    0.00
      Required ratio:  400.00 (Side area) 
      Cumulative area ratio:    5.28
      Required ratio:    0.00 (Cumulative area) 
      Cumulative area ratio:   27.54
      Required ratio:    0.00 (Cumulative side area) 

    Layer: met1
      Partial area ratio:    5.28
      Required ratio:    0.00 (Gate area) 
      Partial area ratio:   27.54
      Required ratio:  400.00 (Side area) 
      Cumulative area ratio:    5.28
      Required ratio:    0.00 (Cumulative area) 
      Cumulative area ratio:   27.54
      Required ratio:    0.00 (Cumulative side area) 

    Layer: li1
      Partial area ratio:    0.00
      Required ratio:    0.00 (Gate area) 
      Partial area ratio:    0.00
      Required ratio:   75.00 (Side area) 
      Cumulative area ratio:    0.00
      Required ratio:    0.00 (Cumulative area) 
      Cumulative area ratio:    0.00
      Required ratio:    0.00 (Cumulative side area) 

    Via: M2M3_PR
      Partial area ratio:    0.09
      Required ratio:    6.00 (Gate area) 
      Cumulative area ratio:    0.35
      Required ratio:    0.00 (Cumulative area) 

    Via: M1M2_PR
      Partial area ratio:    0.16
      Required ratio:    6.00 (Gate area) 
      Cumulative area ratio:    0.25
      Required ratio:    0.00 (Cumulative area) 

    Via: L1M1_PR
      Partial area ratio:    0.10
      Required ratio:    3.00 (Gate area) 
      Cumulative area ratio:    0.10
      Required ratio:    0.00 (Cumulative area) 

  Pin: c676/A3 (sky130_fd_sc_hd__mux4_1)
    Layer: met3
      Partial area ratio:    4.03
      Required ratio:    0.00 (Gate area) 
      Partial area ratio:   21.94
      Required ratio: 2781.50 (Side area) 
      Cumulative area ratio:    9.31
      Required ratio:    0.00 (Cumulative area) 
      Cumulative area ratio:   49.48
      Required ratio:    0.00 (Cumulative side area) 

    Layer: met2
      Partial area ratio:    0.00
      Required ratio:    0.00 (Gate area) 
      Partial area ratio:    0.00
      Required ratio:  400.00 (Side area) 
      Cumulative area ratio:    5.28
      Required ratio:    0.00 (Cumulative area) 
      Cumulative area ratio:   27.54
      Required ratio:    0.00 (Cumulative side area) 

    Layer: met1
      Partial area ratio:    5.28
      Required ratio:    0.00 (Gate area) 
      Partial area ratio:   27.54
      Required ratio:  400.00 (Side area) 
      Cumulative area ratio:    5.28
      Required ratio:    0.00 (Cumulative area) 
      Cumulative area ratio:   27.54
      Required ratio:    0.00 (Cumulative side area) 

    Layer: li1
      Partial area ratio:    0.00
      Required ratio:    0.00 (Gate area) 
      Partial area ratio:    0.00
      Required ratio:   75.00 (Side area) 
      Cumulative area ratio:    0.00
      Required ratio:    0.00 (Cumulative area) 
      Cumulative area ratio:    0.00
      Required ratio:    0.00 (Cumulative side area) 

    Via: M2M3_PR
      Partial area ratio:    0.09
      Required ratio:    6.00 (Gate area) 
      Cumulative area ratio:    0.48
      Required ratio:    0.00 (Cumulative area) 

    Via: M1M2_PR
      Partial area ratio:    0.16
      Required ratio:    6.00 (Gate area) 
      Cumulative area ratio:    0.39
      Required ratio:    0.00 (Cumulative area) 

    Via: L1M1_PR
      Partial area ratio:    0.23
      Required ratio:    3.00 (Gate area) 
      Cumulative area ratio:    0.23
      Required ratio:    0.00 (Cumulative area) 


Net: net853
  Pin: c696/A3 (sky130_fd_sc_hd__mux4_4)
    Layer: met1
      Partial area ratio:  108.71
      Required ratio:    0.00 (Gate area) 
      Partial area ratio:  546.65
      Required ratio:  400.00 (Side area) (VIOLATED)
      Cumulative area ratio:  108.71
      Required ratio:    0.00 (Cumulative area) 
      Cumulative area ratio:  546.65
      Required ratio:    0.00 (Cumulative side area) 

    Layer: li1
      Partial area ratio:    0.00
      Required ratio:    0.00 (Gate area) 
      Partial area ratio:    0.00
      Required ratio:   75.00 (Side area) 
      Cumulative area ratio:    0.00
      Required ratio:    0.00 (Cumulative area) 
      Cumulative area ratio:    0.00
      Required ratio:    0.00 (Cumulative side area) 

    Layer: met3
      Partial area ratio:    6.81
      Required ratio:    0.00 (Gate area) 
      Partial area ratio:   37.10
      Required ratio: 2778.20 (Side area) 
      Cumulative area ratio:  115.52
      Required ratio:    0.00 (Cumulative area) 
      Cumulative area ratio:  583.75
      Required ratio:    0.00 (Cumulative side area) 

    Layer: met4
      Partial area ratio:    1.55
      Required ratio:    0.00 (Gate area) 
      Partial area ratio:    8.62
      Required ratio: 2778.20 (Side area) 
      Cumulative area ratio:  117.08
      Required ratio:    0.00 (Cumulative area) 
      Cumulative area ratio:  592.37
      Required ratio:    0.00 (Cumulative side area) 

    Via: M2M3_PR
      Partial area ratio:    0.13
      Required ratio:    6.00 (Gate area) 
      Cumulative area ratio:    0.73
      Required ratio:    0.00 (Cumulative area) 

    Via: M1M2_PR
      Partial area ratio:    0.42
      Required ratio:    6.00 (Gate area) 
      Cumulative area ratio:    0.61
      Required ratio:    0.00 (Cumulative area) 

    Via: L1M1_PR
      Partial area ratio:    0.18
      Required ratio:    3.00 (Gate area) 
      Cumulative area ratio:    0.18
      Required ratio:    0.00 (Cumulative area) 

    Via: M3M4_PR
      Partial area ratio:    0.06
      Required ratio:    6.00 (Gate area) 
      Cumulative area ratio:    0.80
      Required ratio:    0.00 (Cumulative area) 

  Pin: c610/S0 (sky130_fd_sc_hd__mux4_1)
    Layer: met4
      Partial area ratio:    1.55
      Required ratio:    0.00 (Gate area) 
      Partial area ratio:    8.62
      Required ratio: 2778.20 (Side area) 
      Cumulative area ratio:    8.69
      Required ratio:    0.00 (Cumulative area) 
      Cumulative area ratio:   44.97
      Required ratio:    0.00 (Cumulative side area) 

    Layer: met3
      Partial area ratio:    0.00
      Required ratio:    0.00 (Gate area) 
      Partial area ratio:    0.00
      Required ratio:  400.00 (Side area) 
      Cumulative area ratio:    7.14
      Required ratio:    0.00 (Cumulative area) 
      Cumulative area ratio:   36.35
      Required ratio:    0.00 (Cumulative side area) 

    Layer: met2
      Partial area ratio:    5.04
      Required ratio:    0.00 (Gate area) 
      Partial area ratio:   25.31
      Required ratio:  400.00 (Side area) 
      Cumulative area ratio:    7.14
      Required ratio:    0.00 (Cumulative area) 
      Cumulative area ratio:   36.35
      Required ratio:    0.00 (Cumulative side area) 

    Layer: met1
      Partial area ratio:    2.10
      Required ratio:    0.00 (Gate area) 
      Partial area ratio:   11.04
      Required ratio:  400.00 (Side area) 
      Cumulative area ratio:    2.10
      Required ratio:    0.00 (Cumulative area) 
      Cumulative area ratio:   11.04
      Required ratio:    0.00 (Cumulative side area) 

    Layer: li1
      Partial area ratio:    0.00
      Required ratio:    0.00 (Gate area) 
      Partial area ratio:    0.00
      Required ratio:   75.00 (Side area) 
      Cumulative area ratio:    0.00
      Required ratio:    0.00 (Cumulative area) 
      Cumulative area ratio:    0.00
      Required ratio:    0.00 (Cumulative side area) 

    Via: M3M4_PR
      Partial area ratio:    0.05
      Required ratio:    6.00 (Gate area) 
      Cumulative area ratio:    0.30
      Required ratio:    0.00 (Cumulative area) 

    Via: M2M3_PR
      Partial area ratio:    0.05
      Required ratio:    6.00 (Gate area) 
      Cumulative area ratio:    0.25
      Required ratio:    0.00 (Cumulative area) 

    Via: M1M2_PR
      Partial area ratio:    0.12
      Required ratio:    6.00 (Gate area) 
      Cumulative area ratio:    0.20
      Required ratio:    0.00 (Cumulative area) 

    Via: L1M1_PR
      Partial area ratio:    0.08
      Required ratio:    3.00 (Gate area) 
      Cumulative area ratio:    0.08
      Required ratio:    0.00 (Cumulative area) 

  Pin: c736/S0 (sky130_fd_sc_hd__mux4_2)
    Layer: met4
      Partial area ratio:    1.55
      Required ratio:    0.00 (Gate area) 
      Partial area ratio:    8.62
      Required ratio: 2778.20 (Side area) 
      Cumulative area ratio:    6.93
      Required ratio:    0.00 (Cumulative area) 
      Cumulative area ratio:   36.15
      Required ratio:    0.00 (Cumulative side area) 

    Layer: met3
      Partial area ratio:    0.00
      Required ratio:    0.00 (Gate area) 
      Partial area ratio:    0.00
      Required ratio:  400.00 (Side area) 
      Cumulative area ratio:    5.38
      Required ratio:    0.00 (Cumulative area) 
      Cumulative area ratio:   27.53
      Required ratio:    0.00 (Cumulative side area) 

    Layer: met2
      Partial area ratio:    5.04
      Required ratio:    0.00 (Gate area) 
      Partial area ratio:   25.31
      Required ratio:  400.00 (Side area) 
      Cumulative area ratio:    5.38
      Required ratio:    0.00 (Cumulative area) 
      Cumulative area ratio:   27.53
      Required ratio:    0.00 (Cumulative side area) 

    Layer: met1
      Partial area ratio:    0.34
      Required ratio:    0.00 (Gate area) 
      Partial area ratio:    2.22
      Required ratio:  400.00 (Side area) 
      Cumulative area ratio:    0.34
      Required ratio:    0.00 (Cumulative area) 
      Cumulative area ratio:    2.22
      Required ratio:    0.00 (Cumulative side area) 

    Via: M3M4_PR
      Partial area ratio:    0.05
      Required ratio:    6.00 (Gate area) 
      Cumulative area ratio:    0.16
      Required ratio:    0.00 (Cumulative area) 

    Via: M2M3_PR
      Partial area ratio:    0.05
      Required ratio:    6.00 (Gate area) 
      Cumulative area ratio:    0.11
      Required ratio:    0.00 (Cumulative area) 

    Via: M1M2_PR
      Partial area ratio:    0.06
      Required ratio:    6.00 (Gate area) 
      Cumulative area ratio:    0.06
      Required ratio:    0.00 (Cumulative area) 

  Pin: c754/S1 (sky130_fd_sc_hd__mux4_2)
    Layer: met3
      Partial area ratio:    6.81
      Required ratio:    0.00 (Gate area) 
      Partial area ratio:   37.10
      Required ratio: 2778.20 (Side area) 
      Cumulative area ratio:   28.15
      Required ratio:    0.00 (Cumulative area) 
      Cumulative area ratio:  144.74
      Required ratio:    0.00 (Cumulative side area) 

    Layer: met4
      Partial area ratio:    1.55
      Required ratio:    0.00 (Gate area) 
      Partial area ratio:    8.62
      Required ratio: 2778.20 (Side area) 
      Cumulative area ratio:   29.70
      Required ratio:    0.00 (Cumulative area) 
      Cumulative area ratio:  153.36
      Required ratio:    0.00 (Cumulative side area) 

    Layer: met2
      Partial area ratio:    0.00
      Required ratio:    0.00 (Gate area) 
      Partial area ratio:    0.00
      Required ratio:  400.00 (Side area) 
      Cumulative area ratio:   21.33
      Required ratio:    0.00 (Cumulative area) 
      Cumulative area ratio:  107.64
      Required ratio:    0.00 (Cumulative side area) 

    Layer: met1
      Partial area ratio:   21.33
      Required ratio:    0.00 (Gate area) 
      Partial area ratio:  107.64
      Required ratio:  400.00 (Side area) 
      Cumulative area ratio:   21.33
      Required ratio:    0.00 (Cumulative area) 
      Cumulative area ratio:  107.64
      Required ratio:    0.00 (Cumulative side area) 

    Layer: li1
      Partial area ratio:    0.00
      Required ratio:    0.00 (Gate area) 
      Partial area ratio:    0.00
      Required ratio:   75.00 (Side area) 
      Cumulative area ratio:    0.00
      Required ratio:    0.00 (Cumulative area) 
      Cumulative area ratio:    0.00
      Required ratio:    0.00 (Cumulative side area) 

    Via: M3M4_PR
      Partial area ratio:    0.06
      Required ratio:    6.00 (Gate area) 
      Cumulative area ratio:    0.44
      Required ratio:    0.00 (Cumulative area) 

    Via: M2M3_PR
      Partial area ratio:    0.13
      Required ratio:    6.00 (Gate area) 
      Cumulative area ratio:    0.38
      Required ratio:    0.00 (Cumulative area) 

    Via: M1M2_PR
      Partial area ratio:    0.15
      Required ratio:    6.00 (Gate area) 
      Cumulative area ratio:    0.24
      Required ratio:    0.00 (Cumulative area) 

    Via: L1M1_PR
      Partial area ratio:    0.10
      Required ratio:    3.00 (Gate area) 
      Cumulative area ratio:    0.10
      Required ratio:    0.00 (Cumulative area) 

  Pin: c679/A2 (sky130_fd_sc_hd__mux4_4)
    Layer: met3
      Partial area ratio:    6.81
      Required ratio:    0.00 (Gate area) 
      Partial area ratio:   37.10
      Required ratio: 2778.20 (Side area) 
      Cumulative area ratio:   15.20
      Required ratio:    0.00 (Cumulative area) 
      Cumulative area ratio:   80.90
      Required ratio:    0.00 (Cumulative side area) 

    Layer: met4
      Partial area ratio:    1.55
      Required ratio:    0.00 (Gate area) 
      Partial area ratio:    8.62
      Required ratio: 2778.20 (Side area) 
      Cumulative area ratio:   16.75
      Required ratio:    0.00 (Cumulative area) 
      Cumulative area ratio:   89.52
      Required ratio:    0.00 (Cumulative side area) 

    Layer: met1
      Partial area ratio:    8.39
      Required ratio:    0.00 (Gate area) 
      Partial area ratio:   43.80
      Required ratio:  400.00 (Side area) 
      Cumulative area ratio:    8.39
      Required ratio:    0.00 (Cumulative area) 
      Cumulative area ratio:   43.80
      Required ratio:    0.00 (Cumulative side area) 

    Layer: li1
      Partial area ratio:    0.00
      Required ratio:    0.00 (Gate area) 
      Partial area ratio:    0.00
      Required ratio:   75.00 (Side area) 
      Cumulative area ratio:    0.00
      Required ratio:    0.00 (Cumulative area) 
      Cumulative area ratio:    0.00
      Required ratio:    0.00 (Cumulative side area) 

    Via: M2M3_PR
      Partial area ratio:    0.13
      Required ratio:    6.00 (Gate area) 
      Cumulative area ratio:    0.59
      Required ratio:    0.00 (Cumulative area) 

    Via: M3M4_PR
      Partial area ratio:    0.06
      Required ratio:    6.00 (Gate area) 
      Cumulative area ratio:    0.65
      Required ratio:    0.00 (Cumulative area) 

    Via: M1M2_PR
      Partial area ratio:    0.28
      Required ratio:    6.00 (Gate area) 
      Cumulative area ratio:    0.46
      Required ratio:    0.00 (Cumulative area) 

    Via: L1M1_PR
      Partial area ratio:    0.18
      Required ratio:    3.00 (Gate area) 
      Cumulative area ratio:    0.18
      Required ratio:    0.00 (Cumulative area) 


Net: net141
  Pin: c57/A2 (sky130_fd_sc_hd__mux4_1)
    Layer: met1
      Partial area ratio:   98.30
      Required ratio:    0.00 (Gate area) 
      Partial area ratio:  494.61
      Required ratio:  400.00 (Side area) (VIOLATED)
      Cumulative area ratio:   98.30
      Required ratio:    0.00 (Cumulative area) 
      Cumulative area ratio:  494.61
      Required ratio:    0.00 (Cumulative side area) 

    Layer: li1
      Partial area ratio:    0.00
      Required ratio:    0.00 (Gate area) 
      Partial area ratio:    0.00
      Required ratio:   75.00 (Side area) 
      Cumulative area ratio:    0.00
      Required ratio:    0.00 (Cumulative area) 
      Cumulative area ratio:    0.00
      Required ratio:    0.00 (Cumulative side area) 

    Via: M1M2_PR
      Partial area ratio:    0.36
      Required ratio:    6.00 (Gate area) 
      Cumulative area ratio:    0.59
      Required ratio:    0.00 (Cumulative area) 

    Via: L1M1_PR
      Partial area ratio:    0.23
      Required ratio:    3.00 (Gate area) 
      Cumulative area ratio:    0.23
      Required ratio:    0.00 (Cumulative area) 

  Pin: c135/A2 (sky130_fd_sc_hd__o21ba_2)
    Layer: met1
      Partial area ratio:    8.19
      Required ratio:    0.00 (Gate area) 
      Partial area ratio:   43.06
      Required ratio:  400.00 (Side area) 
      Cumulative area ratio:    8.19
      Required ratio:    0.00 (Cumulative area) 
      Cumulative area ratio:   43.06
      Required ratio:    0.00 (Cumulative side area) 

    Layer: li1
      Partial area ratio:    0.00
      Required ratio:    0.00 (Gate area) 
      Partial area ratio:    0.00
      Required ratio:   75.00 (Side area) 
      Cumulative area ratio:    0.00
      Required ratio:    0.00 (Cumulative area) 
      Cumulative area ratio:    0.00
      Required ratio:    0.00 (Cumulative side area) 

    Via: M1M2_PR
      Partial area ratio:    0.24
      Required ratio:    6.00 (Gate area) 
      Cumulative area ratio:    0.36
      Required ratio:    0.00 (Cumulative area) 

    Via: L1M1_PR
      Partial area ratio:    0.12
      Required ratio:    3.00 (Gate area) 
      Cumulative area ratio:    0.12
      Required ratio:    0.00 (Cumulative area) 

  Pin: c160/A2 (sky130_fd_sc_hd__mux4_2)
    Layer: met1
      Partial area ratio:    2.78
      Required ratio:    0.00 (Gate area) 
      Partial area ratio:   15.11
      Required ratio:  400.00 (Side area) 
      Cumulative area ratio:    2.78
      Required ratio:    0.00 (Cumulative area) 
      Cumulative area ratio:   15.11
      Required ratio:    0.00 (Cumulative side area) 

    Layer: li1
      Partial area ratio:    0.00
      Required ratio:    0.00 (Gate area) 
      Partial area ratio:    0.00
      Required ratio:   75.00 (Side area) 
      Cumulative area ratio:    0.00
      Required ratio:    0.00 (Cumulative area) 
      Cumulative area ratio:    0.00
      Required ratio:    0.00 (Cumulative side area) 

    Via: M1M2_PR
      Partial area ratio:    0.28
      Required ratio:    6.00 (Gate area) 
      Cumulative area ratio:    0.46
      Required ratio:    0.00 (Cumulative area) 

    Via: L1M1_PR
      Partial area ratio:    0.18
      Required ratio:    3.00 (Gate area) 
      Cumulative area ratio:    0.18
      Required ratio:    0.00 (Cumulative area) 

  Pin: c313/A1 (sky130_fd_sc_hd__o21a_1)
    Layer: met1
      Partial area ratio:   37.58
      Required ratio:    0.00 (Gate area) 
      Partial area ratio:  189.08
      Required ratio:  400.00 (Side area) 
      Cumulative area ratio:   37.58
      Required ratio:    0.00 (Cumulative area) 
      Cumulative area ratio:  189.08
      Required ratio:    0.00 (Cumulative side area) 

    Layer: li1
      Partial area ratio:    0.00
      Required ratio:    0.00 (Gate area) 
      Partial area ratio:    0.00
      Required ratio:   75.00 (Side area) 
      Cumulative area ratio:    0.00
      Required ratio:    0.00 (Cumulative area) 
      Cumulative area ratio:    0.00
      Required ratio:    0.00 (Cumulative side area) 

    Via: M1M2_PR
      Partial area ratio:    0.18
      Required ratio:    6.00 (Gate area) 
      Cumulative area ratio:    0.30
      Required ratio:    0.00 (Cumulative area) 

    Via: L1M1_PR
      Partial area ratio:    0.12
      Required ratio:    3.00 (Gate area) 
      Cumulative area ratio:    0.12
      Required ratio:    0.00 (Cumulative area) 

  Pin: c134/A_N (sky130_fd_sc_hd__and2b_2)
    Layer: met1
      Partial area ratio:    8.19
      Required ratio:    0.00 (Gate area) 
      Partial area ratio:   43.06
      Required ratio:  400.00 (Side area) 
      Cumulative area ratio:    8.19
      Required ratio:    0.00 (Cumulative area) 
      Cumulative area ratio:   43.06
      Required ratio:    0.00 (Cumulative side area) 

    Layer: li1
      Partial area ratio:    0.00
      Required ratio:    0.00 (Gate area) 
      Partial area ratio:    0.00
      Required ratio:   75.00 (Side area) 
      Cumulative area ratio:    0.00
      Required ratio:    0.00 (Cumulative area) 
      Cumulative area ratio:    0.00
      Required ratio:    0.00 (Cumulative side area) 

    Via: M1M2_PR
      Partial area ratio:    0.24
      Required ratio:    6.00 (Gate area) 
      Cumulative area ratio:    0.47
      Required ratio:    0.00 (Cumulative area) 

    Via: L1M1_PR
      Partial area ratio:    0.23
      Required ratio:    3.00 (Gate area) 
      Cumulative area ratio:    0.23
      Required ratio:    0.00 (Cumulative area) 

  Pin: c273/A2 (sky130_fd_sc_hd__a31o_1)
    Layer: met1
      Partial area ratio:    9.58
      Required ratio:    0.00 (Gate area) 
      Partial area ratio:   49.50
      Required ratio:  400.00 (Side area) 
      Cumulative area ratio:    9.58
      Required ratio:    0.00 (Cumulative area) 
      Cumulative area ratio:   49.50
      Required ratio:    0.00 (Cumulative side area) 

    Layer: li1
      Partial area ratio:    0.00
      Required ratio:    0.00 (Gate area) 
      Partial area ratio:    0.00
      Required ratio:   75.00 (Side area) 
      Cumulative area ratio:    0.00
      Required ratio:    0.00 (Cumulative area) 
      Cumulative area ratio:    0.00
      Required ratio:    0.00 (Cumulative side area) 

    Via: M1M2_PR
      Partial area ratio:    0.18
      Required ratio:    6.00 (Gate area) 
      Cumulative area ratio:    0.30
      Required ratio:    0.00 (Cumulative area) 

    Via: L1M1_PR
      Partial area ratio:    0.12
      Required ratio:    3.00 (Gate area) 
      Cumulative area ratio:    0.12
      Required ratio:    0.00 (Cumulative area) 


Net: net911
  Pin: fanout150/A (sky130_fd_sc_hd__buf_6)
    Layer: met1
      Partial area ratio:    0.85
      Required ratio:    0.00 (Gate area) 
      Partial area ratio:    4.67
      Required ratio:  400.00 (Side area) 
      Cumulative area ratio:    0.85
      Required ratio:    0.00 (Cumulative area) 
      Cumulative area ratio:    4.67
      Required ratio:    0.00 (Cumulative side area) 

    Layer: li1
      Partial area ratio:    0.00
      Required ratio:    0.00 (Gate area) 
      Partial area ratio:    0.00
      Required ratio:   75.00 (Side area) 
      Cumulative area ratio:    0.00
      Required ratio:    0.00 (Cumulative area) 
      Cumulative area ratio:    0.00
      Required ratio:    0.00 (Cumulative side area) 

    Layer: met3
      Partial area ratio:   29.45
      Required ratio:    0.00 (Gate area) 
      Partial area ratio:  158.06
      Required ratio: 2918.08 (Side area) 
      Cumulative area ratio:   30.31
      Required ratio:    0.00 (Cumulative area) 
      Cumulative area ratio:  162.73
      Required ratio:    0.00 (Cumulative side area) 

    Layer: met4
      Partial area ratio:   53.94
      Required ratio:    0.00 (Gate area) 
      Partial area ratio:  288.44
      Required ratio: 2918.08 (Side area) 
      Cumulative area ratio:   84.25
      Required ratio:    0.00 (Cumulative area) 
      Cumulative area ratio:  451.17
      Required ratio:    0.00 (Cumulative side area) 

    Via: M2M3_PR
      Partial area ratio:    0.08
      Required ratio:    6.00 (Gate area) 
      Cumulative area ratio:    0.23
      Required ratio:    0.00 (Cumulative area) 

    Via: M1M2_PR
      Partial area ratio:    0.09
      Required ratio:    6.00 (Gate area) 
      Cumulative area ratio:    0.15
      Required ratio:    0.00 (Cumulative area) 

    Via: L1M1_PR
      Partial area ratio:    0.06
      Required ratio:    3.00 (Gate area) 
      Cumulative area ratio:    0.06
      Required ratio:    0.00 (Cumulative area) 

    Via: M3M4_PR
      Partial area ratio:    0.08
      Required ratio:    6.00 (Gate area) 
      Cumulative area ratio:    0.31
      Required ratio:    0.00 (Cumulative area) 

  Pin: c742/A2 (sky130_fd_sc_hd__mux4_4)
    Layer: met4
      Partial area ratio:   53.94
      Required ratio:    0.00 (Gate area) 
      Partial area ratio:  288.44
      Required ratio: 2918.08 (Side area) 
      Cumulative area ratio:  137.21
      Required ratio:    0.00 (Cumulative area) 
      Cumulative area ratio:  735.26
      Required ratio:    0.00 (Cumulative side area) 

    Layer: met3
      Partial area ratio:   78.68
      Required ratio:    0.00 (Gate area) 
      Partial area ratio:  422.64
      Required ratio:  400.00 (Side area) (VIOLATED)
      Cumulative area ratio:   83.27
      Required ratio:    0.00 (Cumulative area) 
      Cumulative area ratio:  446.82
      Required ratio:    0.00 (Cumulative side area) 

    Layer: met2
      Partial area ratio:    0.00
      Required ratio:    0.00 (Gate area) 
      Partial area ratio:    0.00
      Required ratio:  400.00 (Side area) 
      Cumulative area ratio:    4.59
      Required ratio:    0.00 (Cumulative area) 
      Cumulative area ratio:   24.18
      Required ratio:    0.00 (Cumulative side area) 

    Layer: met1
      Partial area ratio:    4.59
      Required ratio:    0.00 (Gate area) 
      Partial area ratio:   24.18
      Required ratio:  400.00 (Side area) 
      Cumulative area ratio:    4.59
      Required ratio:    0.00 (Cumulative area) 
      Cumulative area ratio:   24.18
      Required ratio:    0.00 (Cumulative side area) 

    Layer: li1
      Partial area ratio:    0.00
      Required ratio:    0.00 (Gate area) 
      Partial area ratio:    0.00
      Required ratio:   75.00 (Side area) 
      Cumulative area ratio:    0.00
      Required ratio:    0.00 (Cumulative area) 
      Cumulative area ratio:    0.00
      Required ratio:    0.00 (Cumulative side area) 

    Via: M3M4_PR
      Partial area ratio:    0.25
      Required ratio:    6.00 (Gate area) 
      Cumulative area ratio:    0.97
      Required ratio:    0.00 (Cumulative area) 

    Via: M2M3_PR
      Partial area ratio:    0.25
      Required ratio:    6.00 (Gate area) 
      Cumulative area ratio:    0.72
      Required ratio:    0.00 (Cumulative area) 

    Via: M1M2_PR
      Partial area ratio:    0.28
      Required ratio:    6.00 (Gate area) 
      Cumulative area ratio:    0.46
      Required ratio:    0.00 (Cumulative area) 

    Via: L1M1_PR
      Partial area ratio:    0.18
      Required ratio:    3.00 (Gate area) 
      Cumulative area ratio:    0.18
      Required ratio:    0.00 (Cumulative area) 


Net: net918
  Pin: c264/A (sky130_fd_sc_hd__or2_4)
    Layer: met1
      Partial area ratio:    1.90
      Required ratio:    0.00 (Gate area) 
      Partial area ratio:   10.31
      Required ratio:  400.00 (Side area) 
      Cumulative area ratio:    1.90
      Required ratio:    0.00 (Cumulative area) 
      Cumulative area ratio:   10.31
      Required ratio:    0.00 (Cumulative side area) 

    Layer: li1
      Partial area ratio:    0.00
      Required ratio:    0.00 (Gate area) 
      Partial area ratio:    0.00
      Required ratio:   75.00 (Side area) 
      Cumulative area ratio:    0.00
      Required ratio:    0.00 (Cumulative area) 
      Cumulative area ratio:    0.00
      Required ratio:    0.00 (Cumulative side area) 

    Via: M1M2_PR
      Partial area ratio:    0.18
      Required ratio:    6.00 (Gate area) 
      Cumulative area ratio:    0.30
      Required ratio:    0.00 (Cumulative area) 

    Via: L1M1_PR
      Partial area ratio:    0.12
      Required ratio:    3.00 (Gate area) 
      Cumulative area ratio:    0.12
      Required ratio:    0.00 (Cumulative area) 

  Pin: c444/A0 (sky130_fd_sc_hd__mux4_1)
    Layer: met1
      Partial area ratio:   87.51
      Required ratio:    0.00 (Gate area) 
      Partial area ratio:  440.68
      Required ratio:  400.00 (Side area) (VIOLATED)
      Cumulative area ratio:   87.51
      Required ratio:    0.00 (Cumulative area) 
      Cumulative area ratio:  440.68
      Required ratio:    0.00 (Cumulative side area) 

    Layer: li1
      Partial area ratio:    0.00
      Required ratio:    0.00 (Gate area) 
      Partial area ratio:    0.00
      Required ratio:   75.00 (Side area) 
      Cumulative area ratio:    0.00
      Required ratio:    0.00 (Cumulative area) 
      Cumulative area ratio:    0.00
      Required ratio:    0.00 (Cumulative side area) 

    Via: M1M2_PR
      Partial area ratio:    0.54
      Required ratio:    6.00 (Gate area) 
      Cumulative area ratio:    0.77
      Required ratio:    0.00 (Cumulative area) 

    Via: L1M1_PR
      Partial area ratio:    0.23
      Required ratio:    3.00 (Gate area) 
      Cumulative area ratio:    0.23
      Required ratio:    0.00 (Cumulative area) 

  Pin: c290/SCD (sky130_fd_sc_hd__sdfrbp_2)
    Layer: met1
      Partial area ratio:    4.32
      Required ratio:    0.00 (Gate area) 
      Partial area ratio:   22.86
      Required ratio:  400.00 (Side area) 
      Cumulative area ratio:    4.32
      Required ratio:    0.00 (Cumulative area) 
      Cumulative area ratio:   22.86
      Required ratio:    0.00 (Cumulative side area) 

    Layer: li1
      Partial area ratio:    0.00
      Required ratio:    0.00 (Gate area) 
      Partial area ratio:    0.00
      Required ratio:   75.00 (Side area) 
      Cumulative area ratio:    0.00
      Required ratio:    0.00 (Cumulative area) 
      Cumulative area ratio:    0.00
      Required ratio:    0.00 (Cumulative side area) 

    Via: M1M2_PR
      Partial area ratio:    0.29
      Required ratio:    6.00 (Gate area) 
      Cumulative area ratio:    0.47
      Required ratio:    0.00 (Cumulative area) 

    Via: L1M1_PR
      Partial area ratio:    0.18
      Required ratio:    3.00 (Gate area) 
      Cumulative area ratio:    0.18
      Required ratio:    0.00 (Cumulative area) 

  Pin: c453/A3 (sky130_fd_sc_hd__mux4_2)
    Layer: met1
      Partial area ratio:   29.35
      Required ratio:    0.00 (Gate area) 
      Partial area ratio:  149.24
      Required ratio:  400.00 (Side area) 
      Cumulative area ratio:   29.35
      Required ratio:    0.00 (Cumulative area) 
      Cumulative area ratio:  149.24
      Required ratio:    0.00 (Cumulative side area) 

    Layer: li1
      Partial area ratio:    0.00
      Required ratio:    0.00 (Gate area) 
      Partial area ratio:    0.00
      Required ratio:   75.00 (Side area) 
      Cumulative area ratio:    0.00
      Required ratio:    0.00 (Cumulative area) 
      Cumulative area ratio:    0.00
      Required ratio:    0.00 (Cumulative side area) 

    Via: M1M2_PR
      Partial area ratio:    0.42
      Required ratio:    6.00 (Gate area) 
      Cumulative area ratio:    0.61
      Required ratio:    0.00 (Cumulative area) 

    Via: L1M1_PR
      Partial area ratio:    0.18
      Required ratio:    3.00 (Gate area) 
      Cumulative area ratio:    0.18
      Required ratio:    0.00 (Cumulative area) 

  Pin: c177/S1 (sky130_fd_sc_hd__mux4_1)
    Layer: met1
      Partial area ratio:    6.06
      Required ratio:    0.00 (Gate area) 
      Partial area ratio:   31.87
      Required ratio:  400.00 (Side area) 
      Cumulative area ratio:    6.06
      Required ratio:    0.00 (Cumulative area) 
      Cumulative area ratio:   31.87
      Required ratio:    0.00 (Cumulative side area) 

    Layer: li1
      Partial area ratio:    0.00
      Required ratio:    0.00 (Gate area) 
      Partial area ratio:    0.00
      Required ratio:   75.00 (Side area) 
      Cumulative area ratio:    0.00
      Required ratio:    0.00 (Cumulative area) 
      Cumulative area ratio:    0.00
      Required ratio:    0.00 (Cumulative side area) 

    Via: M1M2_PR
      Partial area ratio:    0.27
      Required ratio:    6.00 (Gate area) 
      Cumulative area ratio:    0.38
      Required ratio:    0.00 (Cumulative area) 

    Via: L1M1_PR
      Partial area ratio:    0.11
      Required ratio:    3.00 (Gate area) 
      Cumulative area ratio:    0.11
      Required ratio:    0.00 (Cumulative area) 

  Pin: c179/A2 (sky130_fd_sc_hd__a21boi_4)
    Layer: met1
      Partial area ratio:    1.07
      Required ratio:    0.00 (Gate area) 
      Partial area ratio:    5.56
      Required ratio:  400.00 (Side area) 
      Cumulative area ratio:    1.07
      Required ratio:    0.00 (Cumulative area) 
      Cumulative area ratio:    5.56
      Required ratio:    0.00 (Cumulative side area) 

    Layer: li1
      Partial area ratio:    0.00
      Required ratio:    0.00 (Gate area) 
      Partial area ratio:    0.00
      Required ratio:   75.00 (Side area) 
      Cumulative area ratio:    0.00
      Required ratio:    0.00 (Cumulative area) 
      Cumulative area ratio:    0.00
      Required ratio:    0.00 (Cumulative side area) 

    Via: M1M2_PR
      Partial area ratio:    0.05
      Required ratio:    6.00 (Gate area) 
      Cumulative area ratio:    0.07
      Required ratio:    0.00 (Cumulative area) 

    Via: L1M1_PR
      Partial area ratio:    0.03
      Required ratio:    3.00 (Gate area) 
      Cumulative area ratio:    0.03
      Required ratio:    0.00 (Cumulative area) 

  Pin: merge774/A2 (sky130_fd_sc_hd__a41oi_4)
    Layer: met1
      Partial area ratio:    0.58
      Required ratio:    0.00 (Gate area) 
      Partial area ratio:    3.10
      Required ratio:  400.00 (Side area) 
      Cumulative area ratio:    0.58
      Required ratio:    0.00 (Cumulative area) 
      Cumulative area ratio:    3.10
      Required ratio:    0.00 (Cumulative side area) 

    Layer: li1
      Partial area ratio:    0.00
      Required ratio:    0.00 (Gate area) 
      Partial area ratio:    0.00
      Required ratio:   75.00 (Side area) 
      Cumulative area ratio:    0.00
      Required ratio:    0.00 (Cumulative area) 
      Cumulative area ratio:    0.00
      Required ratio:    0.00 (Cumulative side area) 

    Via: M1M2_PR
      Partial area ratio:    0.05
      Required ratio:    6.00 (Gate area) 
      Cumulative area ratio:    0.07
      Required ratio:    0.00 (Cumulative area) 

    Via: L1M1_PR
      Partial area ratio:    0.03
      Required ratio:    3.00 (Gate area) 
      Cumulative area ratio:    0.03
      Required ratio:    0.00 (Cumulative area) 

  Pin: c435/A2 (sky130_fd_sc_hd__a41oi_4)
    Layer: met1
      Partial area ratio:    1.58
      Required ratio:    0.00 (Gate area) 
      Partial area ratio:    8.20
      Required ratio:  400.00 (Side area) 
      Cumulative area ratio:    1.58
      Required ratio:    0.00 (Cumulative area) 
      Cumulative area ratio:    8.20
      Required ratio:    0.00 (Cumulative side area) 

    Layer: li1
      Partial area ratio:    0.00
      Required ratio:    0.00 (Gate area) 
      Partial area ratio:    0.00
      Required ratio:   75.00 (Side area) 
      Cumulative area ratio:    0.00
      Required ratio:    0.00 (Cumulative area) 
      Cumulative area ratio:    0.00
      Required ratio:    0.00 (Cumulative side area) 

    Via: M1M2_PR
      Partial area ratio:    0.05
      Required ratio:    6.00 (Gate area) 
      Cumulative area ratio:    0.07
      Required ratio:    0.00 (Cumulative area) 

    Via: L1M1_PR
      Partial area ratio:    0.03
      Required ratio:    3.00 (Gate area) 
      Cumulative area ratio:    0.03
      Required ratio:    0.00 (Cumulative area) 


Net: net919
  Pin: fanout159/A (sky130_fd_sc_hd__clkbuf_2)
    Layer: met1
      Partial area ratio:  101.06
      Required ratio:    0.00 (Gate area) 
      Partial area ratio:  506.69
      Required ratio:  400.00 (Side area) (VIOLATED)
      Cumulative area ratio:  101.06
      Required ratio:    0.00 (Cumulative area) 
      Cumulative area ratio:  506.69
      Required ratio:    0.00 (Cumulative side area) 

    Layer: li1
      Partial area ratio:    0.00
      Required ratio:    0.00 (Gate area) 
      Partial area ratio:    0.00
      Required ratio:   75.00 (Side area) 
      Cumulative area ratio:    0.00
      Required ratio:    0.00 (Cumulative area) 
      Cumulative area ratio:    0.00
      Required ratio:    0.00 (Cumulative side area) 

    Via: M1M2_PR
      Partial area ratio:    0.21
      Required ratio:    6.00 (Gate area) 
      Cumulative area ratio:    0.35
      Required ratio:    0.00 (Cumulative area) 

    Via: L1M1_PR
      Partial area ratio:    0.14
      Required ratio:    3.00 (Gate area) 
      Cumulative area ratio:    0.14
      Required ratio:    0.00 (Cumulative area) 

  Pin: fanout158/A (sky130_fd_sc_hd__buf_4)
    Layer: met1
      Partial area ratio:    5.79
      Required ratio:    0.00 (Gate area) 
      Partial area ratio:   30.53
      Required ratio:  400.00 (Side area) 
      Cumulative area ratio:    5.79
      Required ratio:    0.00 (Cumulative area) 
      Cumulative area ratio:   30.53
      Required ratio:    0.00 (Cumulative side area) 

    Layer: li1
      Partial area ratio:    0.00
      Required ratio:    0.00 (Gate area) 
      Partial area ratio:    0.00
      Required ratio:   75.00 (Side area) 
      Cumulative area ratio:    0.00
      Required ratio:    0.00 (Cumulative area) 
      Cumulative area ratio:    0.00
      Required ratio:    0.00 (Cumulative side area) 

    Via: M1M2_PR
      Partial area ratio:    0.18
      Required ratio:    6.00 (Gate area) 
      Cumulative area ratio:    0.30
      Required ratio:    0.00 (Cumulative area) 

    Via: L1M1_PR
      Partial area ratio:    0.12
      Required ratio:    3.00 (Gate area) 
      Cumulative area ratio:    0.12
      Required ratio:    0.00 (Cumulative area) 


Net: net1025
  Pin: fanout117/A (sky130_fd_sc_hd__buf_4)
    Layer: met1
      Partial area ratio:    7.81
      Required ratio:    0.00 (Gate area) 
      Partial area ratio:   41.42
      Required ratio: 2918.08 (Side area) 
      Cumulative area ratio:    7.81
      Required ratio:    0.00 (Cumulative area) 
      Cumulative area ratio:   41.42
      Required ratio:    0.00 (Cumulative side area) 

    Layer: met2
      Partial area ratio:   15.46
      Required ratio:    0.00 (Gate area) 
      Partial area ratio:   77.87
      Required ratio: 2918.08 (Side area) 
      Cumulative area ratio:   23.27
      Required ratio:    0.00 (Cumulative area) 
      Cumulative area ratio:  119.29
      Required ratio:    0.00 (Cumulative side area) 

    Layer: li1
      Partial area ratio:    0.00
      Required ratio:    0.00 (Gate area) 
      Partial area ratio:    0.00
      Required ratio:   75.00 (Side area) 
      Cumulative area ratio:    0.00
      Required ratio:    0.00 (Cumulative area) 
      Cumulative area ratio:    0.00
      Required ratio:    0.00 (Cumulative side area) 

    Layer: met2
      Partial area ratio:   15.46
      Required ratio:    0.00 (Gate area) 
      Partial area ratio:   77.87
      Required ratio: 2918.08 (Side area) 
      Cumulative area ratio:   23.27
      Required ratio:    0.00 (Cumulative area) 
      Cumulative area ratio:  119.29
      Required ratio:    0.00 (Cumulative side area) 

    Layer: met3
      Partial area ratio:    0.00
      Required ratio:    0.00 (Gate area) 
      Partial area ratio:    0.00
      Required ratio: 2918.08 (Side area) 
      Cumulative area ratio:    7.81
      Required ratio:    0.00 (Cumulative area) 
      Cumulative area ratio:   41.42
      Required ratio:    0.00 (Cumulative side area) 

    Layer: met4
      Partial area ratio:    5.27
      Required ratio:    0.00 (Gate area) 
      Partial area ratio:   28.51
      Required ratio: 2918.08 (Side area) 
      Cumulative area ratio:   13.08
      Required ratio:    0.00 (Cumulative area) 
      Cumulative area ratio:   69.93
      Required ratio:    0.00 (Cumulative side area) 

    Via: M1M2_PR
      Partial area ratio:    0.27
      Required ratio:    6.00 (Gate area) 
      Cumulative area ratio:    0.39
      Required ratio:    0.00 (Cumulative area) 

    Via: L1M1_PR
      Partial area ratio:    0.12
      Required ratio:    3.00 (Gate area) 
      Cumulative area ratio:    0.12
      Required ratio:    0.00 (Cumulative area) 

    Via: M2M3_PR
      Partial area ratio:    0.04
      Required ratio:    6.00 (Gate area) 
      Cumulative area ratio:    0.43
      Required ratio:    0.00 (Cumulative area) 

    Via: M3M4_PR
      Partial area ratio:    0.04
      Required ratio:    6.00 (Gate area) 
      Cumulative area ratio:    0.46
      Required ratio:    0.00 (Cumulative area) 

  Pin: c468/A3 (sky130_fd_sc_hd__mux4_1)
    Layer: met1
      Partial area ratio:    3.87
      Required ratio:    0.00 (Gate area) 
      Partial area ratio:   20.91
      Required ratio:  400.00 (Side area) 
      Cumulative area ratio:    3.87
      Required ratio:    0.00 (Cumulative area) 
      Cumulative area ratio:   20.91
      Required ratio:    0.00 (Cumulative side area) 

    Layer: li1
      Partial area ratio:    0.00
      Required ratio:    0.00 (Gate area) 
      Partial area ratio:    0.00
      Required ratio:   75.00 (Side area) 
      Cumulative area ratio:    0.00
      Required ratio:    0.00 (Cumulative area) 
      Cumulative area ratio:    0.00
      Required ratio:    0.00 (Cumulative side area) 

    Layer: met3
      Partial area ratio:    0.00
      Required ratio:    0.00 (Gate area) 
      Partial area ratio:    0.00
      Required ratio: 2918.08 (Side area) 
      Cumulative area ratio:  138.88
      Required ratio:    0.00 (Cumulative area) 
      Cumulative area ratio:  701.39
      Required ratio:    0.00 (Cumulative side area) 

    Layer: met4
      Partial area ratio:    5.27
      Required ratio:    0.00 (Gate area) 
      Partial area ratio:   28.51
      Required ratio: 2918.08 (Side area) 
      Cumulative area ratio:  144.15
      Required ratio:    0.00 (Cumulative area) 
      Cumulative area ratio:  729.90
      Required ratio:    0.00 (Cumulative side area) 

    Via: M2M3_PR
      Partial area ratio:    0.04
      Required ratio:    6.00 (Gate area) 
      Cumulative area ratio:    1.52
      Required ratio:    0.00 (Cumulative area) 

    Via: M1M2_PR
      Partial area ratio:    0.36
      Required ratio:    6.00 (Gate area) 
      Cumulative area ratio:    0.59
      Required ratio:    0.00 (Cumulative area) 

    Via: L1M1_PR
      Partial area ratio:    0.23
      Required ratio:    3.00 (Gate area) 
      Cumulative area ratio:    0.23
      Required ratio:    0.00 (Cumulative area) 

    Via: M3M4_PR
      Partial area ratio:    0.04
      Required ratio:    6.00 (Gate area) 
      Cumulative area ratio:    1.55
      Required ratio:    0.00 (Cumulative area) 

  Pin: c491/A1 (sky130_fd_sc_hd__mux4_1)
    Layer: met4
      Partial area ratio:    5.27
      Required ratio:    0.00 (Gate area) 
      Partial area ratio:   28.51
      Required ratio: 2918.08 (Side area) 
      Cumulative area ratio:   11.67
      Required ratio:    0.00 (Cumulative area) 
      Cumulative area ratio:   62.07
      Required ratio:    0.00 (Cumulative side area) 

    Layer: met3
      Partial area ratio:    0.00
      Required ratio:    0.00 (Gate area) 
      Partial area ratio:    0.00
      Required ratio:  400.00 (Side area) 
      Cumulative area ratio:    6.40
      Required ratio:    0.00 (Cumulative area) 
      Cumulative area ratio:   33.57
      Required ratio:    0.00 (Cumulative side area) 

    Layer: met2
      Partial area ratio:    0.00
      Required ratio:    0.00 (Gate area) 
      Partial area ratio:    0.00
      Required ratio:  400.00 (Side area) 
      Cumulative area ratio:    6.40
      Required ratio:    0.00 (Cumulative area) 
      Cumulative area ratio:   33.57
      Required ratio:    0.00 (Cumulative side area) 

    Layer: met1
      Partial area ratio:    6.40
      Required ratio:    0.00 (Gate area) 
      Partial area ratio:   33.57
      Required ratio:  400.00 (Side area) 
      Cumulative area ratio:    6.40
      Required ratio:    0.00 (Cumulative area) 
      Cumulative area ratio:   33.57
      Required ratio:    0.00 (Cumulative side area) 

    Layer: li1
      Partial area ratio:    0.00
      Required ratio:    0.00 (Gate area) 
      Partial area ratio:    0.00
      Required ratio:   75.00 (Side area) 
      Cumulative area ratio:    0.00
      Required ratio:    0.00 (Cumulative area) 
      Cumulative area ratio:    0.00
      Required ratio:    0.00 (Cumulative side area) 

    Via: M3M4_PR
      Partial area ratio:    0.32
      Required ratio:    6.00 (Gate area) 
      Cumulative area ratio:    1.22
      Required ratio:    0.00 (Cumulative area) 

    Via: M2M3_PR
      Partial area ratio:    0.32
      Required ratio:    6.00 (Gate area) 
      Cumulative area ratio:    0.90
      Required ratio:    0.00 (Cumulative area) 

    Via: M1M2_PR
      Partial area ratio:    0.36
      Required ratio:    6.00 (Gate area) 
      Cumulative area ratio:    0.59
      Required ratio:    0.00 (Cumulative area) 

    Via: L1M1_PR
      Partial area ratio:    0.23
      Required ratio:    3.00 (Gate area) 
      Cumulative area ratio:    0.23
      Required ratio:    0.00 (Cumulative area) 

  Pin: c384/A1 (sky130_fd_sc_hd__mux4_1)
    Layer: met3
      Partial area ratio:    0.00
      Required ratio:    0.00 (Gate area) 
      Partial area ratio:    0.00
      Required ratio: 2918.08 (Side area) 
      Cumulative area ratio:  138.62
      Required ratio:    0.00 (Cumulative area) 
      Cumulative area ratio:  700.12
      Required ratio:    0.00 (Cumulative side area) 

    Layer: met4
      Partial area ratio:    5.27
      Required ratio:    0.00 (Gate area) 
      Partial area ratio:   28.51
      Required ratio: 2918.08 (Side area) 
      Cumulative area ratio:  143.89
      Required ratio:    0.00 (Cumulative area) 
      Cumulative area ratio:  728.62
      Required ratio:    0.00 (Cumulative side area) 

    Layer: met1
      Partial area ratio:    3.61
      Required ratio:    0.00 (Gate area) 
      Partial area ratio:   19.63
      Required ratio:  400.00 (Side area) 
      Cumulative area ratio:    3.61
      Required ratio:    0.00 (Cumulative area) 
      Cumulative area ratio:   19.63
      Required ratio:    0.00 (Cumulative side area) 

    Layer: li1
      Partial area ratio:    0.00
      Required ratio:    0.00 (Gate area) 
      Partial area ratio:    0.00
      Required ratio:   75.00 (Side area) 
      Cumulative area ratio:    0.00
      Required ratio:    0.00 (Cumulative area) 
      Cumulative area ratio:    0.00
      Required ratio:    0.00 (Cumulative side area) 

    Via: M2M3_PR
      Partial area ratio:    0.04
      Required ratio:    6.00 (Gate area) 
      Cumulative area ratio:    1.52
      Required ratio:    0.00 (Cumulative area) 

    Via: M3M4_PR
      Partial area ratio:    0.04
      Required ratio:    6.00 (Gate area) 
      Cumulative area ratio:    1.55
      Required ratio:    0.00 (Cumulative area) 

    Via: M1M2_PR
      Partial area ratio:    0.36
      Required ratio:    6.00 (Gate area) 
      Cumulative area ratio:    0.59
      Required ratio:    0.00 (Cumulative area) 

    Via: L1M1_PR
      Partial area ratio:    0.23
      Required ratio:    3.00 (Gate area) 
      Cumulative area ratio:    0.23
      Required ratio:    0.00 (Cumulative area) 

  Pin: c469/A1 (sky130_fd_sc_hd__mux4_1)
    Layer: met1
      Partial area ratio:  135.01
      Required ratio:    0.00 (Gate area) 
      Partial area ratio:  680.49
      Required ratio:  400.00 (Side area) (VIOLATED)
      Cumulative area ratio:  135.01
      Required ratio:    0.00 (Cumulative area) 
      Cumulative area ratio:  680.49
      Required ratio:    0.00 (Cumulative side area) 

    Layer: met3
      Partial area ratio:    0.00
      Required ratio:    0.00 (Gate area) 
      Partial area ratio:    0.00
      Required ratio: 2918.08 (Side area) 
      Cumulative area ratio:  135.01
      Required ratio:    0.00 (Cumulative area) 
      Cumulative area ratio:  680.49
      Required ratio:    0.00 (Cumulative side area) 

    Layer: met4
      Partial area ratio:    5.27
      Required ratio:    0.00 (Gate area) 
      Partial area ratio:   28.51
      Required ratio: 2918.08 (Side area) 
      Cumulative area ratio:  140.28
      Required ratio:    0.00 (Cumulative area) 
      Cumulative area ratio:  709.00
      Required ratio:    0.00 (Cumulative side area) 

    Layer: li1
      Partial area ratio:    0.00
      Required ratio:    0.00 (Gate area) 
      Partial area ratio:    0.00
      Required ratio:   75.00 (Side area) 
      Cumulative area ratio:    0.00
      Required ratio:    0.00 (Cumulative area) 
      Cumulative area ratio:    0.00
      Required ratio:    0.00 (Cumulative side area) 

    Via: M2M3_PR
      Partial area ratio:    0.04
      Required ratio:    6.00 (Gate area) 
      Cumulative area ratio:    1.16
      Required ratio:    0.00 (Cumulative area) 

    Via: M1M2_PR
      Partial area ratio:    0.89
      Required ratio:    6.00 (Gate area) 
      Cumulative area ratio:    1.12
      Required ratio:    0.00 (Cumulative area) 

    Via: M3M4_PR
      Partial area ratio:    0.04
      Required ratio:    6.00 (Gate area) 
      Cumulative area ratio:    1.20
      Required ratio:    0.00 (Cumulative area) 

    Via: L1M1_PR
      Partial area ratio:    0.23
      Required ratio:    3.00 (Gate area) 
      Cumulative area ratio:    0.23
      Required ratio:    0.00 (Cumulative area) 

  Pin: c706/A2 (sky130_fd_sc_hd__mux4_2)
    Layer: met3
      Partial area ratio:    0.00
      Required ratio:    0.00 (Gate area) 
      Partial area ratio:    0.00
      Required ratio: 2918.08 (Side area) 
      Cumulative area ratio:    0.92
      Required ratio:    0.00 (Cumulative area) 
      Cumulative area ratio:    5.84
      Required ratio:    0.00 (Cumulative side area) 

    Layer: met4
      Partial area ratio:    5.27
      Required ratio:    0.00 (Gate area) 
      Partial area ratio:   28.51
      Required ratio: 2918.08 (Side area) 
      Cumulative area ratio:    6.19
      Required ratio:    0.00 (Cumulative area) 
      Cumulative area ratio:   34.35
      Required ratio:    0.00 (Cumulative side area) 

    Layer: met1
      Partial area ratio:    0.92
      Required ratio:    0.00 (Gate area) 
      Partial area ratio:    5.84
      Required ratio:  400.00 (Side area) 
      Cumulative area ratio:    0.92
      Required ratio:    0.00 (Cumulative area) 
      Cumulative area ratio:    5.84
      Required ratio:    0.00 (Cumulative side area) 

    Layer: li1
      Partial area ratio:    0.00
      Required ratio:    0.00 (Gate area) 
      Partial area ratio:    0.00
      Required ratio:   75.00 (Side area) 
      Cumulative area ratio:    0.00
      Required ratio:    0.00 (Cumulative area) 
      Cumulative area ratio:    0.00
      Required ratio:    0.00 (Cumulative side area) 

    Via: M2M3_PR
      Partial area ratio:    0.04
      Required ratio:    6.00 (Gate area) 
      Cumulative area ratio:    0.50
      Required ratio:    0.00 (Cumulative area) 

    Via: M3M4_PR
      Partial area ratio:    0.04
      Required ratio:    6.00 (Gate area) 
      Cumulative area ratio:    0.54
      Required ratio:    0.00 (Cumulative area) 

    Via: M1M2_PR
      Partial area ratio:    0.28
      Required ratio:    6.00 (Gate area) 
      Cumulative area ratio:    0.46
      Required ratio:    0.00 (Cumulative area) 

    Via: L1M1_PR
      Partial area ratio:    0.18
      Required ratio:    3.00 (Gate area) 
      Cumulative area ratio:    0.18
      Required ratio:    0.00 (Cumulative area) 

  Pin: c719/A3 (sky130_fd_sc_hd__mux4_4)
    Layer: met3
      Partial area ratio:    0.00
      Required ratio:    0.00 (Gate area) 
      Partial area ratio:    0.00
      Required ratio: 2918.08 (Side area) 
      Cumulative area ratio:   36.18
      Required ratio:    0.00 (Cumulative area) 
      Cumulative area ratio:  183.36
      Required ratio:    0.00 (Cumulative side area) 

    Layer: met4
      Partial area ratio:    5.27
      Required ratio:    0.00 (Gate area) 
      Partial area ratio:   28.51
      Required ratio: 2918.08 (Side area) 
      Cumulative area ratio:   41.45
      Required ratio:    0.00 (Cumulative area) 
      Cumulative area ratio:  211.86
      Required ratio:    0.00 (Cumulative side area) 

    Layer: met1
      Partial area ratio:   36.18
      Required ratio:    0.00 (Gate area) 
      Partial area ratio:  183.36
      Required ratio:  400.00 (Side area) 
      Cumulative area ratio:   36.18
      Required ratio:    0.00 (Cumulative area) 
      Cumulative area ratio:  183.36
      Required ratio:    0.00 (Cumulative side area) 

    Layer: li1
      Partial area ratio:    0.00
      Required ratio:    0.00 (Gate area) 
      Partial area ratio:    0.00
      Required ratio:   75.00 (Side area) 
      Cumulative area ratio:    0.00
      Required ratio:    0.00 (Cumulative area) 
      Cumulative area ratio:    0.00
      Required ratio:    0.00 (Cumulative side area) 

    Via: M2M3_PR
      Partial area ratio:    0.04
      Required ratio:    6.00 (Gate area) 
      Cumulative area ratio:    0.64
      Required ratio:    0.00 (Cumulative area) 

    Via: M3M4_PR
      Partial area ratio:    0.04
      Required ratio:    6.00 (Gate area) 
      Cumulative area ratio:    0.68
      Required ratio:    0.00 (Cumulative area) 

    Via: M1M2_PR
      Partial area ratio:    0.42
      Required ratio:    6.00 (Gate area) 
      Cumulative area ratio:    0.61
      Required ratio:    0.00 (Cumulative area) 

    Via: L1M1_PR
      Partial area ratio:    0.18
      Required ratio:    3.00 (Gate area) 
      Cumulative area ratio:    0.18
      Required ratio:    0.00 (Cumulative area) 

  Pin: c733/A0 (sky130_fd_sc_hd__mux4_1)
    Layer: met3
      Partial area ratio:    0.00
      Required ratio:    0.00 (Gate area) 
      Partial area ratio:    0.00
      Required ratio: 2918.08 (Side area) 
      Cumulative area ratio:   41.55
      Required ratio:    0.00 (Cumulative area) 
      Cumulative area ratio:  211.78
      Required ratio:    0.00 (Cumulative side area) 

    Layer: met4
      Partial area ratio:    5.27
      Required ratio:    0.00 (Gate area) 
      Partial area ratio:   28.51
      Required ratio: 2918.08 (Side area) 
      Cumulative area ratio:   46.82
      Required ratio:    0.00 (Cumulative area) 
      Cumulative area ratio:  240.29
      Required ratio:    0.00 (Cumulative side area) 

    Layer: met1
      Partial area ratio:    5.37
      Required ratio:    0.00 (Gate area) 
      Partial area ratio:   28.43
      Required ratio:  400.00 (Side area) 
      Cumulative area ratio:    5.37
      Required ratio:    0.00 (Cumulative area) 
      Cumulative area ratio:   28.43
      Required ratio:    0.00 (Cumulative side area) 

    Layer: li1
      Partial area ratio:    0.00
      Required ratio:    0.00 (Gate area) 
      Partial area ratio:    0.00
      Required ratio:   75.00 (Side area) 
      Cumulative area ratio:    0.00
      Required ratio:    0.00 (Cumulative area) 
      Cumulative area ratio:    0.00
      Required ratio:    0.00 (Cumulative side area) 

    Via: M2M3_PR
      Partial area ratio:    0.04
      Required ratio:    6.00 (Gate area) 
      Cumulative area ratio:    1.05
      Required ratio:    0.00 (Cumulative area) 

    Via: M3M4_PR
      Partial area ratio:    0.04
      Required ratio:    6.00 (Gate area) 
      Cumulative area ratio:    1.09
      Required ratio:    0.00 (Cumulative area) 

    Via: M1M2_PR
      Partial area ratio:    0.36
      Required ratio:    6.00 (Gate area) 
      Cumulative area ratio:    0.59
      Required ratio:    0.00 (Cumulative area) 

    Via: L1M1_PR
      Partial area ratio:    0.23
      Required ratio:    3.00 (Gate area) 
      Cumulative area ratio:    0.23
      Required ratio:    0.00 (Cumulative area) 


Net: net1065
  Pin: c144/A4 (sky130_fd_sc_hd__a41o_1)
    Layer: met1
      Partial area ratio:    1.11
      Required ratio:    0.00 (Gate area) 
      Partial area ratio:    6.11
      Required ratio: 2956.40 (Side area) 
      Cumulative area ratio:    1.11
      Required ratio:    0.00 (Cumulative area) 
      Cumulative area ratio:    6.11
      Required ratio:    0.00 (Cumulative side area) 

    Layer: li1
      Partial area ratio:    0.00
      Required ratio:    0.00 (Gate area) 
      Partial area ratio:    0.00
      Required ratio:   75.00 (Side area) 
      Cumulative area ratio:    0.00
      Required ratio:    0.00 (Cumulative area) 
      Cumulative area ratio:    0.00
      Required ratio:    0.00 (Cumulative side area) 

    Layer: met2
      Partial area ratio:    0.86
      Required ratio:    0.00 (Gate area) 
      Partial area ratio:    4.40
      Required ratio: 2956.40 (Side area) 
      Cumulative area ratio:    1.97
      Required ratio:    0.00 (Cumulative area) 
      Cumulative area ratio:   10.51
      Required ratio:    0.00 (Cumulative side area) 

    Layer: met2
      Partial area ratio:    0.86
      Required ratio:    0.00 (Gate area) 
      Partial area ratio:    4.40
      Required ratio: 2956.40 (Side area) 
      Cumulative area ratio:    1.97
      Required ratio:    0.00 (Cumulative area) 
      Cumulative area ratio:   10.51
      Required ratio:    0.00 (Cumulative side area) 

    Layer: met3
      Partial area ratio:    6.29
      Required ratio:    0.00 (Gate area) 
      Partial area ratio:   33.71
      Required ratio: 2956.40 (Side area) 
      Cumulative area ratio:    7.40
      Required ratio:    0.00 (Cumulative area) 
      Cumulative area ratio:   39.82
      Required ratio:    0.00 (Cumulative side area) 

    Layer: met2
      Partial area ratio:    0.86
      Required ratio:    0.00 (Gate area) 
      Partial area ratio:    4.40
      Required ratio: 2956.40 (Side area) 
      Cumulative area ratio:    1.97
      Required ratio:    0.00 (Cumulative area) 
      Cumulative area ratio:   10.51
      Required ratio:    0.00 (Cumulative side area) 

    Via: M1M2_PR
      Partial area ratio:    0.07
      Required ratio:    6.00 (Gate area) 
      Cumulative area ratio:    0.19
      Required ratio:    0.00 (Cumulative area) 

    Via: L1M1_PR
      Partial area ratio:    0.12
      Required ratio:    3.00 (Gate area) 
      Cumulative area ratio:    0.12
      Required ratio:    0.00 (Cumulative area) 

    Via: M2M3_PR
      Partial area ratio:    0.02
      Required ratio:    6.00 (Gate area) 
      Cumulative area ratio:    0.21
      Required ratio:    0.00 (Cumulative area) 

  Pin: c136/B1 (sky130_fd_sc_hd__a21oi_4)
    Layer: met1
      Partial area ratio:    1.11
      Required ratio:    0.00 (Gate area) 
      Partial area ratio:    6.11
      Required ratio: 2956.40 (Side area) 
      Cumulative area ratio:    1.11
      Required ratio:    0.00 (Cumulative area) 
      Cumulative area ratio:    6.11
      Required ratio:    0.00 (Cumulative side area) 

    Layer: met2
      Partial area ratio:    0.86
      Required ratio:    0.00 (Gate area) 
      Partial area ratio:    4.40
      Required ratio: 2956.40 (Side area) 
      Cumulative area ratio:    1.97
      Required ratio:    0.00 (Cumulative area) 
      Cumulative area ratio:   10.51
      Required ratio:    0.00 (Cumulative side area) 

    Layer: li1
      Partial area ratio:    0.00
      Required ratio:    0.00 (Gate area) 
      Partial area ratio:    0.00
      Required ratio:   75.00 (Side area) 
      Cumulative area ratio:    0.00
      Required ratio:    0.00 (Cumulative area) 
      Cumulative area ratio:    0.00
      Required ratio:    0.00 (Cumulative side area) 

    Layer: met2
      Partial area ratio:    0.86
      Required ratio:    0.00 (Gate area) 
      Partial area ratio:    4.40
      Required ratio: 2956.40 (Side area) 
      Cumulative area ratio:    1.97
      Required ratio:    0.00 (Cumulative area) 
      Cumulative area ratio:   10.51
      Required ratio:    0.00 (Cumulative side area) 

    Layer: met3
      Partial area ratio:    6.29
      Required ratio:    0.00 (Gate area) 
      Partial area ratio:   33.71
      Required ratio: 2956.40 (Side area) 
      Cumulative area ratio:    7.40
      Required ratio:    0.00 (Cumulative area) 
      Cumulative area ratio:   39.82
      Required ratio:    0.00 (Cumulative side area) 

    Layer: met2
      Partial area ratio:    0.86
      Required ratio:    0.00 (Gate area) 
      Partial area ratio:    4.40
      Required ratio: 2956.40 (Side area) 
      Cumulative area ratio:    1.97
      Required ratio:    0.00 (Cumulative area) 
      Cumulative area ratio:   10.51
      Required ratio:    0.00 (Cumulative side area) 

    Via: M1M2_PR
      Partial area ratio:    0.07
      Required ratio:    6.00 (Gate area) 
      Cumulative area ratio:    0.10
      Required ratio:    0.00 (Cumulative area) 

    Via: L1M1_PR
      Partial area ratio:    0.03
      Required ratio:    3.00 (Gate area) 
      Cumulative area ratio:    0.03
      Required ratio:    0.00 (Cumulative area) 

    Via: M2M3_PR
      Partial area ratio:    0.02
      Required ratio:    6.00 (Gate area) 
      Cumulative area ratio:    0.12
      Required ratio:    0.00 (Cumulative area) 

  Pin: c133/A2 (sky130_fd_sc_hd__a21o_2)
    Layer: met1
      Partial area ratio:    7.23
      Required ratio:    0.00 (Gate area) 
      Partial area ratio:   37.12
      Required ratio:  400.00 (Side area) 
      Cumulative area ratio:    7.23
      Required ratio:    0.00 (Cumulative area) 
      Cumulative area ratio:   37.12
      Required ratio:    0.00 (Cumulative side area) 

    Layer: li1
      Partial area ratio:    0.00
      Required ratio:    0.00 (Gate area) 
      Partial area ratio:    0.00
      Required ratio:   75.00 (Side area) 
      Cumulative area ratio:    0.00
      Required ratio:    0.00 (Cumulative area) 
      Cumulative area ratio:    0.00
      Required ratio:    0.00 (Cumulative side area) 

    Layer: met3
      Partial area ratio:    6.29
      Required ratio:    0.00 (Gate area) 
      Partial area ratio:   33.71
      Required ratio: 2956.40 (Side area) 
      Cumulative area ratio:   13.52
      Required ratio:    0.00 (Cumulative area) 
      Cumulative area ratio:   70.83
      Required ratio:    0.00 (Cumulative side area) 

    Via: M2M3_PR
      Partial area ratio:    0.02
      Required ratio:    6.00 (Gate area) 
      Cumulative area ratio:    0.32
      Required ratio:    0.00 (Cumulative area) 

    Via: M1M2_PR
      Partial area ratio:    0.18
      Required ratio:    6.00 (Gate area) 
      Cumulative area ratio:    0.30
      Required ratio:    0.00 (Cumulative area) 

    Via: L1M1_PR
      Partial area ratio:    0.12
      Required ratio:    3.00 (Gate area) 
      Cumulative area ratio:    0.12
      Required ratio:    0.00 (Cumulative area) 

  Pin: c64/A3 (sky130_fd_sc_hd__mux4_2)
    Layer: met3
      Partial area ratio:    6.29
      Required ratio:    0.00 (Gate area) 
      Partial area ratio:   33.71
      Required ratio: 2956.40 (Side area) 
      Cumulative area ratio:  130.61
      Required ratio:    0.00 (Cumulative area) 
      Cumulative area ratio:  658.36
      Required ratio:    0.00 (Cumulative side area) 

    Layer: met2
      Partial area ratio:   12.69
      Required ratio:    0.00 (Gate area) 
      Partial area ratio:   64.00
      Required ratio:  400.00 (Side area) 
      Cumulative area ratio:  124.32
      Required ratio:    0.00 (Cumulative area) 
      Cumulative area ratio:  624.65
      Required ratio:    0.00 (Cumulative side area) 

    Layer: met1
      Partial area ratio:  111.64
      Required ratio:    0.00 (Gate area) 
      Partial area ratio:  560.65
      Required ratio:  400.00 (Side area) (VIOLATED)
      Cumulative area ratio:  111.64
      Required ratio:    0.00 (Cumulative area) 
      Cumulative area ratio:  560.65
      Required ratio:    0.00 (Cumulative side area) 

    Layer: li1
      Partial area ratio:    0.00
      Required ratio:    0.00 (Gate area) 
      Partial area ratio:    0.00
      Required ratio:   75.00 (Side area) 
      Cumulative area ratio:    0.00
      Required ratio:    0.00 (Cumulative area) 
      Cumulative area ratio:    0.00
      Required ratio:    0.00 (Cumulative side area) 

    Via: M2M3_PR
      Partial area ratio:    0.06
      Required ratio:    6.00 (Gate area) 
      Cumulative area ratio:    0.66
      Required ratio:    0.00 (Cumulative area) 

    Via: M1M2_PR
      Partial area ratio:    0.42
      Required ratio:    6.00 (Gate area) 
      Cumulative area ratio:    0.61
      Required ratio:    0.00 (Cumulative area) 

    Via: L1M1_PR
      Partial area ratio:    0.18
      Required ratio:    3.00 (Gate area) 
      Cumulative area ratio:    0.18
      Required ratio:    0.00 (Cumulative area) 

  Pin: c111/A1 (sky130_fd_sc_hd__o21bai_1)
    Layer: met3
      Partial area ratio:    6.29
      Required ratio:    0.00 (Gate area) 
      Partial area ratio:   33.71
      Required ratio: 2956.40 (Side area) 
      Cumulative area ratio:  131.06
      Required ratio:    0.00 (Cumulative area) 
      Cumulative area ratio:  661.37
      Required ratio:    0.00 (Cumulative side area) 

    Layer: met2
      Partial area ratio:   12.69
      Required ratio:    0.00 (Gate area) 
      Partial area ratio:   64.00
      Required ratio:  400.00 (Side area) 
      Cumulative area ratio:  124.77
      Required ratio:    0.00 (Cumulative area) 
      Cumulative area ratio:  627.66
      Required ratio:    0.00 (Cumulative side area) 

    Layer: met1
      Partial area ratio:    0.44
      Required ratio:    0.00 (Gate area) 
      Partial area ratio:    3.01
      Required ratio:  400.00 (Side area) 
      Cumulative area ratio:    0.44
      Required ratio:    0.00 (Cumulative area) 
      Cumulative area ratio:    3.01
      Required ratio:    0.00 (Cumulative side area) 

    Layer: li1
      Partial area ratio:    0.00
      Required ratio:    0.00 (Gate area) 
      Partial area ratio:    0.00
      Required ratio:   75.00 (Side area) 
      Cumulative area ratio:    0.00
      Required ratio:    0.00 (Cumulative area) 
      Cumulative area ratio:    0.00
      Required ratio:    0.00 (Cumulative side area) 

    Via: M2M3_PR
      Partial area ratio:    0.06
      Required ratio:    6.00 (Gate area) 
      Cumulative area ratio:    0.78
      Required ratio:    0.00 (Cumulative area) 

    Via: M1M2_PR
      Partial area ratio:    0.18
      Required ratio:    6.00 (Gate area) 
      Cumulative area ratio:    0.30
      Required ratio:    0.00 (Cumulative area) 

    Via: L1M1_PR
      Partial area ratio:    0.12
      Required ratio:    3.00 (Gate area) 
      Cumulative area ratio:    0.12
      Required ratio:    0.00 (Cumulative area) 

  Pin: c121/A3 (sky130_fd_sc_hd__mux4_1)
    Layer: met3
      Partial area ratio:    6.29
      Required ratio:    0.00 (Gate area) 
      Partial area ratio:   33.71
      Required ratio: 2956.40 (Side area) 
      Cumulative area ratio:  148.60
      Required ratio:    0.00 (Cumulative area) 
      Cumulative area ratio:  750.62
      Required ratio:    0.00 (Cumulative side area) 

    Layer: met2
      Partial area ratio:   12.69
      Required ratio:    0.00 (Gate area) 
      Partial area ratio:   64.00
      Required ratio:  400.00 (Side area) 
      Cumulative area ratio:  142.31
      Required ratio:    0.00 (Cumulative area) 
      Cumulative area ratio:  716.91
      Required ratio:    0.00 (Cumulative side area) 

    Layer: met1
      Partial area ratio:   17.99
      Required ratio:    0.00 (Gate area) 
      Partial area ratio:   92.26
      Required ratio:  400.00 (Side area) 
      Cumulative area ratio:   17.99
      Required ratio:    0.00 (Cumulative area) 
      Cumulative area ratio:   92.26
      Required ratio:    0.00 (Cumulative side area) 

    Layer: li1
      Partial area ratio:    0.00
      Required ratio:    0.00 (Gate area) 
      Partial area ratio:    0.00
      Required ratio:   75.00 (Side area) 
      Cumulative area ratio:    0.00
      Required ratio:    0.00 (Cumulative area) 
      Cumulative area ratio:    0.00
      Required ratio:    0.00 (Cumulative side area) 

    Via: M2M3_PR
      Partial area ratio:    0.06
      Required ratio:    6.00 (Gate area) 
      Cumulative area ratio:    1.07
      Required ratio:    0.00 (Cumulative area) 

    Via: M1M2_PR
      Partial area ratio:    0.36
      Required ratio:    6.00 (Gate area) 
      Cumulative area ratio:    0.59
      Required ratio:    0.00 (Cumulative area) 

    Via: L1M1_PR
      Partial area ratio:    0.23
      Required ratio:    3.00 (Gate area) 
      Cumulative area ratio:    0.23
      Required ratio:    0.00 (Cumulative area) 

  Pin: c187/RESET_B (sky130_fd_sc_hd__sdfbbp_1)
    Layer: met3
      Partial area ratio:    6.29
      Required ratio:    0.00 (Gate area) 
      Partial area ratio:   33.71
      Required ratio: 2956.40 (Side area) 
      Cumulative area ratio:   23.28
      Required ratio:    0.00 (Cumulative area) 
      Cumulative area ratio:  120.46
      Required ratio:    0.00 (Cumulative side area) 

    Layer: met2
      Partial area ratio:   12.69
      Required ratio:    0.00 (Gate area) 
      Partial area ratio:   64.00
      Required ratio:  400.00 (Side area) 
      Cumulative area ratio:   16.99
      Required ratio:    0.00 (Cumulative area) 
      Cumulative area ratio:   86.75
      Required ratio:    0.00 (Cumulative side area) 

    Layer: met1
      Partial area ratio:    4.30
      Required ratio:    0.00 (Gate area) 
      Partial area ratio:   22.75
      Required ratio:  400.00 (Side area) 
      Cumulative area ratio:    4.30
      Required ratio:    0.00 (Cumulative area) 
      Cumulative area ratio:   22.75
      Required ratio:    0.00 (Cumulative side area) 

    Layer: li1
      Partial area ratio:    0.00
      Required ratio:    0.00 (Gate area) 
      Partial area ratio:    0.00
      Required ratio:   75.00 (Side area) 
      Cumulative area ratio:    0.00
      Required ratio:    0.00 (Cumulative area) 
      Cumulative area ratio:    0.00
      Required ratio:    0.00 (Cumulative side area) 

    Via: M2M3_PR
      Partial area ratio:    0.06
      Required ratio:    6.00 (Gate area) 
      Cumulative area ratio:    0.52
      Required ratio:    0.00 (Cumulative area) 

    Via: M1M2_PR
      Partial area ratio:    0.28
      Required ratio:    6.00 (Gate area) 
      Cumulative area ratio:    0.46
      Required ratio:    0.00 (Cumulative area) 

    Via: L1M1_PR
      Partial area ratio:    0.18
      Required ratio:    3.00 (Gate area) 
      Cumulative area ratio:    0.18
      Required ratio:    0.00 (Cumulative area) 

  Pin: c135/A1 (sky130_fd_sc_hd__o21ba_2)
    Layer: met1
      Partial area ratio:    7.23
      Required ratio:    0.00 (Gate area) 
      Partial area ratio:   37.12
      Required ratio:  400.00 (Side area) 
      Cumulative area ratio:    7.23
      Required ratio:    0.00 (Cumulative area) 
      Cumulative area ratio:   37.12
      Required ratio:    0.00 (Cumulative side area) 

    Layer: met3
      Partial area ratio:    6.29
      Required ratio:    0.00 (Gate area) 
      Partial area ratio:   33.71
      Required ratio: 2956.40 (Side area) 
      Cumulative area ratio:   13.52
      Required ratio:    0.00 (Cumulative area) 
      Cumulative area ratio:   70.83
      Required ratio:    0.00 (Cumulative side area) 

    Layer: li1
      Partial area ratio:    0.00
      Required ratio:    0.00 (Gate area) 
      Partial area ratio:    0.00
      Required ratio:   75.00 (Side area) 
      Cumulative area ratio:    0.00
      Required ratio:    0.00 (Cumulative area) 
      Cumulative area ratio:    0.00
      Required ratio:    0.00 (Cumulative side area) 

    Via: M2M3_PR
      Partial area ratio:    0.02
      Required ratio:    6.00 (Gate area) 
      Cumulative area ratio:    0.32
      Required ratio:    0.00 (Cumulative area) 

    Via: M1M2_PR
      Partial area ratio:    0.18
      Required ratio:    6.00 (Gate area) 
      Cumulative area ratio:    0.30
      Required ratio:    0.00 (Cumulative area) 

    Via: L1M1_PR
      Partial area ratio:    0.12
      Required ratio:    3.00 (Gate area) 
      Cumulative area ratio:    0.12
      Required ratio:    0.00 (Cumulative area) 

  Pin: c153/S0 (sky130_fd_sc_hd__mux4_2)
    Layer: met3
      Partial area ratio:    6.29
      Required ratio:    0.00 (Gate area) 
      Partial area ratio:   33.71
      Required ratio: 2956.40 (Side area) 
      Cumulative area ratio:   12.13
      Required ratio:    0.00 (Cumulative area) 
      Cumulative area ratio:   64.32
      Required ratio:    0.00 (Cumulative side area) 

    Layer: met1
      Partial area ratio:    5.84
      Required ratio:    0.00 (Gate area) 
      Partial area ratio:   30.61
      Required ratio:  400.00 (Side area) 
      Cumulative area ratio:    5.84
      Required ratio:    0.00 (Cumulative area) 
      Cumulative area ratio:   30.61
      Required ratio:    0.00 (Cumulative side area) 

    Via: M2M3_PR
      Partial area ratio:    0.02
      Required ratio:    6.00 (Gate area) 
      Cumulative area ratio:    0.10
      Required ratio:    0.00 (Cumulative area) 

    Via: M1M2_PR
      Partial area ratio:    0.08
      Required ratio:    6.00 (Gate area) 
      Cumulative area ratio:    0.08
      Required ratio:    0.00 (Cumulative area) 

  Pin: c148/A3 (sky130_fd_sc_hd__mux4_2)
    Layer: met3
      Partial area ratio:    6.29
      Required ratio:    0.00 (Gate area) 
      Partial area ratio:   33.71
      Required ratio: 2956.40 (Side area) 
      Cumulative area ratio:   12.13
      Required ratio:    0.00 (Cumulative area) 
      Cumulative area ratio:   64.32
      Required ratio:    0.00 (Cumulative side area) 

    Layer: met1
      Partial area ratio:    5.84
      Required ratio:    0.00 (Gate area) 
      Partial area ratio:   30.61
      Required ratio:  400.00 (Side area) 
      Cumulative area ratio:    5.84
      Required ratio:    0.00 (Cumulative area) 
      Cumulative area ratio:   30.61
      Required ratio:    0.00 (Cumulative side area) 

    Layer: li1
      Partial area ratio:    0.00
      Required ratio:    0.00 (Gate area) 
      Partial area ratio:    0.00
      Required ratio:   75.00 (Side area) 
      Cumulative area ratio:    0.00
      Required ratio:    0.00 (Cumulative area) 
      Cumulative area ratio:    0.00
      Required ratio:    0.00 (Cumulative side area) 

    Via: M2M3_PR
      Partial area ratio:    0.02
      Required ratio:    6.00 (Gate area) 
      Cumulative area ratio:    0.28
      Required ratio:    0.00 (Cumulative area) 

    Via: M1M2_PR
      Partial area ratio:    0.08
      Required ratio:    6.00 (Gate area) 
      Cumulative area ratio:    0.26
      Required ratio:    0.00 (Cumulative area) 

    Via: L1M1_PR
      Partial area ratio:    0.18
      Required ratio:    3.00 (Gate area) 
      Cumulative area ratio:    0.18
      Required ratio:    0.00 (Cumulative area) 


[INFO ANT-0002] Found 8 net violations.
[INFO ANT-0001] Found 8 pin violations.
