
===========================================================================
report_checks -unconstrained
===========================================================================
======================= max_tt_025C_1v80 Corner ===================================

Startpoint: in13 (input port clocked by clk)
Endpoint: c677 (recovery check against falling-edge clock clk)
Path Group: asynchronous
Path Type: max

Fanout         Cap        Slew       Delay        Time   Description
---------------------------------------------------------------------------------------------
                                  0.000000    0.000000   clock clk (rise edge)
                                  0.000000    0.000000   clock network delay (propagated)
                                  1.600000    1.600000 ^ input external delay
     2    0.004658    0.027806    0.016793    1.616793 ^ in13 (in)
                                                         in13 (net)
                      0.027807    0.000000    1.616793 ^ input6/A (sky130_fd_sc_hd__buf_4)
    15    0.118889    0.329218    0.286344    1.903138 ^ input6/X (sky130_fd_sc_hd__buf_4)
                                                         net671 (net)
                      0.334935    0.034778    1.937916 ^ c150/B (sky130_fd_sc_hd__and2_1)
     3    0.014008    0.147356    0.253586    2.191502 ^ c150/X (sky130_fd_sc_hd__and2_1)
                                                         net97 (net)
                      0.147357    0.000690    2.192192 ^ c155/A_N (sky130_fd_sc_hd__nand2b_2)
     6    0.018770    0.126775    0.196500    2.388692 ^ c155/Y (sky130_fd_sc_hd__nand2b_2)
                                                         net102 (net)
                      0.126780    0.000955    2.389647 ^ c159/B_N (sky130_fd_sc_hd__or2b_1)
     3    0.014471    0.096748    0.297230    2.686878 v c159/X (sky130_fd_sc_hd__or2b_1)
                                                         net106 (net)
                      0.096754    0.000842    2.687720 v c161/A1 (sky130_fd_sc_hd__o211ai_2)
     3    0.006984    0.152403    0.199149    2.886869 ^ c161/Y (sky130_fd_sc_hd__o211ai_2)
                                                         net108 (net)
                      0.152403    0.000220    2.887089 ^ c162/B (sky130_fd_sc_hd__and3b_1)
     5    0.020874    0.211152    0.297228    3.184318 ^ c162/X (sky130_fd_sc_hd__and3b_1)
                                                         net109 (net)
                      0.211168    0.001977    3.186294 ^ c283/B (sky130_fd_sc_hd__nand2_1)
     3    0.014115    0.124017    0.153554    3.339849 v c283/Y (sky130_fd_sc_hd__nand2_1)
                                                         net226 (net)
                      0.124034    0.001203    3.341051 v c413/B (sky130_fd_sc_hd__or3_2)
     3    0.013692    0.112054    0.526889    3.867940 v c413/X (sky130_fd_sc_hd__or3_2)
                                                         net358 (net)
                      0.112054    0.000722    3.868662 v c414/A1 (sky130_fd_sc_hd__o311a_4)
     4    0.017603    0.072158    0.424036    4.292698 v c414/X (sky130_fd_sc_hd__o311a_4)
                                                         net359 (net)
                      0.072158    0.001665    4.294363 v rebuffer11/A (sky130_fd_sc_hd__dlygate4sd1_1)
     3    0.020478    0.107196    0.306913    4.601276 v rebuffer11/X (sky130_fd_sc_hd__dlygate4sd1_1)
                                                         net791 (net)
                      0.107257    0.002343    4.603620 v c421/C (sky130_fd_sc_hd__nand3_2)
     4    0.022084    0.137396    0.154622    4.758241 ^ c421/Y (sky130_fd_sc_hd__nand3_2)
                                                         net367 (net)
                      0.137475    0.001505    4.759746 ^ c562/A2 (sky130_fd_sc_hd__o211ai_1)
     1    0.009754    0.134492    0.143978    4.903724 v c562/Y (sky130_fd_sc_hd__o211ai_1)
                                                         net486 (net)
                      0.134494    0.000812    4.904536 v clkbuf_0_net486/A (sky130_fd_sc_hd__clkbuf_16)
     2    0.017138    0.033834    0.185837    5.090372 v clkbuf_0_net486/X (sky130_fd_sc_hd__clkbuf_16)
                                                         clknet_0_net486 (net)
                      0.033835    0.001052    5.091424 v clkbuf_1_0__f_net486/A (sky130_fd_sc_hd__clkbuf_16)
     1    0.002515    0.024805    0.126533    5.217957 v clkbuf_1_0__f_net486/X (sky130_fd_sc_hd__clkbuf_16)
                                                         clknet_1_0__leaf_net486 (net)
                      0.024805    0.000185    5.218142 v c565/A2 (sky130_fd_sc_hd__o311ai_1)
     1    0.019912    0.699896    0.617194    5.835336 ^ c565/Y (sky130_fd_sc_hd__o311ai_1)
                                                         net489 (net)
                      0.699905    0.002090    5.837426 ^ clkbuf_0_net489/A (sky130_fd_sc_hd__clkbuf_16)
     2    0.017414    0.055524    0.267705    6.105132 ^ clkbuf_0_net489/X (sky130_fd_sc_hd__clkbuf_16)
                                                         clknet_0_net489 (net)
                      0.055524    0.000670    6.105802 ^ clkbuf_1_0__f_net489/A (sky130_fd_sc_hd__clkbuf_16)
     3    0.018859    0.040927    0.127667    6.233469 ^ clkbuf_1_0__f_net489/X (sky130_fd_sc_hd__clkbuf_16)
                                                         clknet_1_0__leaf_net489 (net)
                      0.040958    0.001705    6.235174 ^ c676/A2 (sky130_fd_sc_hd__o311a_2)
     1    0.015241    0.098861    0.214687    6.449861 ^ c676/X (sky130_fd_sc_hd__o311a_2)
                                                         net581 (net)
                      0.098888    0.001557    6.451418 ^ clkbuf_0_net581/A (sky130_fd_sc_hd__clkbuf_16)
     2    0.019406    0.041376    0.144269    6.595687 ^ clkbuf_0_net581/X (sky130_fd_sc_hd__clkbuf_16)
                                                         clknet_0_net581 (net)
                      0.041394    0.001136    6.596823 ^ clkbuf_1_1__f_net581/A (sky130_fd_sc_hd__clkbuf_16)
     4    0.016697    0.039040    0.120707    6.717529 ^ clkbuf_1_1__f_net581/X (sky130_fd_sc_hd__clkbuf_16)
                                                         clknet_1_1__leaf_net581 (net)
                      0.039052    0.000916    6.718446 ^ c677/RESET_B (sky130_fd_sc_hd__dfbbn_1)
                                              6.718446   data arrival time

                                  4.000000    4.000000   clock clk (fall edge)
                                  0.000000    4.000000   clock source latency
     2    0.044741    0.101113    0.074977    4.074977 v clk (in)
                                                         clk (net)
                      0.102144    0.000000    4.074977 v clkbuf_0_clk/A (sky130_fd_sc_hd__clkbuf_16)
    33    0.186304    0.128739    0.248582    4.323558 v clkbuf_0_clk/X (sky130_fd_sc_hd__clkbuf_16)
                                                         clknet_0_clk (net)
                      0.131534    0.014982    4.338541 v clkbuf_4_15_0_clk/A (sky130_fd_sc_hd__clkbuf_8)
    11    0.039665    0.057904    0.202183    4.540723 v clkbuf_4_15_0_clk/X (sky130_fd_sc_hd__clkbuf_8)
                                                         clknet_4_15_0_clk (net)
                      0.058145    0.003193    4.543917 v c677/CLK_N (sky130_fd_sc_hd__dfbbn_1)
                                 -0.250000    4.293917   clock uncertainty
                                  0.000000    4.293917   clock reconvergence pessimism
                                 -0.056448    4.237469   library recovery time
                                              4.237469   data required time
---------------------------------------------------------------------------------------------
                                              4.237469   data required time
                                             -6.718446   data arrival time
---------------------------------------------------------------------------------------------
                                             -2.480977   slack (VIOLATED)


Startpoint: in13 (input port clocked by clk)
Endpoint: c332 (rising edge-triggered flip-flop clocked by clk')
Path Group: clk
Path Type: max

Fanout         Cap        Slew       Delay        Time   Description
---------------------------------------------------------------------------------------------
                                  0.000000    0.000000   clock clk (rise edge)
                                  0.000000    0.000000   clock network delay (propagated)
                                  1.600000    1.600000 v input external delay
     2    0.004367    0.012245    0.007118    1.607118 v in13 (in)
                                                         in13 (net)
                      0.012247    0.000000    1.607118 v input6/A (sky130_fd_sc_hd__buf_4)
    15    0.117516    0.152497    0.209232    1.816351 v input6/X (sky130_fd_sc_hd__buf_4)
                                                         net671 (net)
                      0.164633    0.033092    1.849442 v c150/B (sky130_fd_sc_hd__and2_1)
     3    0.013189    0.077966    0.249484    2.098927 v c150/X (sky130_fd_sc_hd__and2_1)
                                                         net97 (net)
                      0.077969    0.000648    2.099575 v c155/A_N (sky130_fd_sc_hd__nand2b_2)
     6    0.017703    0.102596    0.232413    2.331988 v c155/Y (sky130_fd_sc_hd__nand2b_2)
                                                         net102 (net)
                      0.102602    0.000897    2.332885 v c159/B_N (sky130_fd_sc_hd__or2b_1)
     3    0.015716    0.148076    0.250574    2.583460 ^ c159/X (sky130_fd_sc_hd__or2b_1)
                                                         net106 (net)
                      0.148079    0.000913    2.584372 ^ c161/A1 (sky130_fd_sc_hd__o211ai_2)
     3    0.006691    0.079051    0.117508    2.701880 v c161/Y (sky130_fd_sc_hd__o211ai_2)
                                                         net108 (net)
                      0.079051    0.000211    2.702091 v c162/B (sky130_fd_sc_hd__and3b_1)
     5    0.020061    0.109863    0.244009    2.946100 v c162/X (sky130_fd_sc_hd__and3b_1)
                                                         net109 (net)
                      0.109869    0.000918    2.947019 v c163/A2 (sky130_fd_sc_hd__mux4_2)
     3    0.010844    0.106011    0.519993    3.467011 v c163/X (sky130_fd_sc_hd__mux4_2)
                                                         net110 (net)
                      0.106011    0.000345    3.467356 v c167/A (sky130_fd_sc_hd__and2_4)
    13    0.082014    0.115425    0.238064    3.705420 v c167/X (sky130_fd_sc_hd__and2_4)
                                                         net734 (net)
                      0.115875    0.006046    3.711466 v c173/B (sky130_fd_sc_hd__nor2_2)
     5    0.024526    0.278608    0.259785    3.971251 ^ c173/Y (sky130_fd_sc_hd__nor2_2)
                                                         net119 (net)
                      0.278613    0.000933    3.972183 ^ c181/C_N (sky130_fd_sc_hd__or3b_2)
     3    0.017006    0.120536    0.542630    4.514813 v c181/X (sky130_fd_sc_hd__or3b_2)
                                                         net126 (net)
                      0.120549    0.001260    4.516073 v c295/A (sky130_fd_sc_hd__nor3_2)
     4    0.019617    0.358589    0.374123    4.890196 ^ c295/Y (sky130_fd_sc_hd__nor3_2)
                                                         net240 (net)
                      0.358593    0.000931    4.891127 ^ c297/A_N (sky130_fd_sc_hd__nand2b_1)
     6    0.016477    0.178430    0.252201    5.143328 ^ c297/Y (sky130_fd_sc_hd__nand2b_1)
                                                         net242 (net)
                      0.178430    0.000488    5.143816 ^ c302/B (sky130_fd_sc_hd__nand2_1)
     4    0.014039    0.115801    0.144665    5.288481 v c302/Y (sky130_fd_sc_hd__nand2_1)
                                                         net247 (net)
                      0.115842    0.000626    5.289107 v c323/C_N (sky130_fd_sc_hd__or3b_4)
     9    0.046532    0.160758    0.350918    5.640024 ^ c323/X (sky130_fd_sc_hd__or3b_4)
                                                         net267 (net)
                      0.160780    0.001965    5.641989 ^ c332/SET_B (sky130_fd_sc_hd__dfbbp_1)
                                              5.641989   data arrival time

                                  0.000000    0.000000   clock clk' (rise edge)
                                  0.000000    0.000000   clock source latency
     2    0.044741    0.101113    0.074977    4.074977 v clk (in)
                                                         clk (net)
                      0.102144    0.000000    4.074977 v clkbuf_0_clk/A (sky130_fd_sc_hd__clkbuf_16)
    33    0.186304    0.128739    0.248582    4.323558 v clkbuf_0_clk/X (sky130_fd_sc_hd__clkbuf_16)
                                                         clknet_0_clk (net)
                      0.129624    0.008677    4.332236 v clkbuf_4_3_0_clk/A (sky130_fd_sc_hd__clkbuf_8)
     6    0.031417    0.050264    0.194340    4.526576 v clkbuf_4_3_0_clk/X (sky130_fd_sc_hd__clkbuf_8)
                                                         clknet_4_3_0_clk (net)
                      0.050348    0.001820    4.528396 v s767/CLK (sky130_fd_sc_hd__dlclkp_1)
     1    0.011569    0.065636    0.159907    4.688303 v s767/GCLK (sky130_fd_sc_hd__dlclkp_1)
                                                         net650 (net)
                      0.065651    0.000965    4.689267 v clkbuf_0_net650/A (sky130_fd_sc_hd__clkbuf_16)
     2    0.017813    0.034011    0.154402    4.843669 v clkbuf_0_net650/X (sky130_fd_sc_hd__clkbuf_16)
                                                         clknet_0_net650 (net)
                      0.034039    0.001600    4.845270 v clkbuf_1_0__f_net650/A (sky130_fd_sc_hd__clkbuf_16)
     1    0.005026    0.026512    0.129361    4.974630 v clkbuf_1_0__f_net650/X (sky130_fd_sc_hd__clkbuf_16)
                                                         clknet_1_0__leaf_net650 (net)
                      0.026513    0.000217    4.974847 v c325/S1 (sky130_fd_sc_hd__mux4_2)
     1    0.009272    0.094566    0.307053    5.281900 v c325/X (sky130_fd_sc_hd__mux4_2)
                                                         net269 (net)
                      0.094571    0.000773    5.282673 v clkbuf_0_net269/A (sky130_fd_sc_hd__clkbuf_16)
     2    0.018567    0.034407    0.168541    5.451214 v clkbuf_0_net269/X (sky130_fd_sc_hd__clkbuf_16)
                                                         clknet_0_net269 (net)
                      0.034407    0.001013    5.452227 v clkbuf_1_1__f_net269/A (sky130_fd_sc_hd__clkbuf_16)
     1    0.011477    0.030514    0.135228    5.587455 v clkbuf_1_1__f_net269/X (sky130_fd_sc_hd__clkbuf_16)
                                                         clknet_1_1__leaf_net269 (net)
                      0.030519    0.000935    5.588390 v c326/A (sky130_fd_sc_hd__nor2_4)
     1    0.010822    0.095738    0.114923    5.703313 ^ c326/Y (sky130_fd_sc_hd__nor2_4)
                                                         net270 (net)
                      0.095748    0.000902    5.704215 ^ clkbuf_0_net270/A (sky130_fd_sc_hd__clkbuf_16)
     2    0.019125    0.041137    0.142971    5.847186 ^ clkbuf_0_net270/X (sky130_fd_sc_hd__clkbuf_16)
                                                         clknet_0_net270 (net)
                      0.041150    0.000713    5.847899 ^ clkbuf_1_0__f_net270/A (sky130_fd_sc_hd__clkbuf_16)
     2    0.004434    0.028244    0.108435    5.956335 ^ clkbuf_1_0__f_net270/X (sky130_fd_sc_hd__clkbuf_16)
                                                         clknet_1_0__leaf_net270 (net)
                      0.028245    0.000151    5.956486 ^ c332/RESET_B (sky130_fd_sc_hd__dfbbp_1)
                                 -0.250000    1.706486   clock uncertainty
                                  0.000000    1.706486   clock reconvergence pessimism
                                 -0.176388    1.530097   library non-sequential setup time
                                              1.530097   data required time
---------------------------------------------------------------------------------------------
                                              1.530097   data required time
                                             -5.641989   data arrival time
---------------------------------------------------------------------------------------------
                                             -4.111892   slack (VIOLATED)




===========================================================================
report_checks --slack_max -0.01
============================================================================
======================= max_tt_025C_1v80 Corner ===================================

Startpoint: in13 (input port clocked by clk)
Endpoint: c677 (recovery check against falling-edge clock clk)
Path Group: asynchronous
Path Type: max

Fanout         Cap        Slew       Delay        Time   Description
---------------------------------------------------------------------------------------------
                                  0.000000    0.000000   clock clk (rise edge)
                                  0.000000    0.000000   clock network delay (propagated)
                                  1.600000    1.600000 ^ input external delay
     2    0.004658    0.027806    0.016793    1.616793 ^ in13 (in)
                                                         in13 (net)
                      0.027807    0.000000    1.616793 ^ input6/A (sky130_fd_sc_hd__buf_4)
    15    0.118889    0.329218    0.286344    1.903138 ^ input6/X (sky130_fd_sc_hd__buf_4)
                                                         net671 (net)
                      0.334935    0.034778    1.937916 ^ c150/B (sky130_fd_sc_hd__and2_1)
     3    0.014008    0.147356    0.253586    2.191502 ^ c150/X (sky130_fd_sc_hd__and2_1)
                                                         net97 (net)
                      0.147357    0.000690    2.192192 ^ c155/A_N (sky130_fd_sc_hd__nand2b_2)
     6    0.018770    0.126775    0.196500    2.388692 ^ c155/Y (sky130_fd_sc_hd__nand2b_2)
                                                         net102 (net)
                      0.126780    0.000955    2.389647 ^ c159/B_N (sky130_fd_sc_hd__or2b_1)
     3    0.014471    0.096748    0.297230    2.686878 v c159/X (sky130_fd_sc_hd__or2b_1)
                                                         net106 (net)
                      0.096754    0.000842    2.687720 v c161/A1 (sky130_fd_sc_hd__o211ai_2)
     3    0.006984    0.152403    0.199149    2.886869 ^ c161/Y (sky130_fd_sc_hd__o211ai_2)
                                                         net108 (net)
                      0.152403    0.000220    2.887089 ^ c162/B (sky130_fd_sc_hd__and3b_1)
     5    0.020874    0.211152    0.297228    3.184318 ^ c162/X (sky130_fd_sc_hd__and3b_1)
                                                         net109 (net)
                      0.211168    0.001977    3.186294 ^ c283/B (sky130_fd_sc_hd__nand2_1)
     3    0.014115    0.124017    0.153554    3.339849 v c283/Y (sky130_fd_sc_hd__nand2_1)
                                                         net226 (net)
                      0.124034    0.001203    3.341051 v c413/B (sky130_fd_sc_hd__or3_2)
     3    0.013692    0.112054    0.526889    3.867940 v c413/X (sky130_fd_sc_hd__or3_2)
                                                         net358 (net)
                      0.112054    0.000722    3.868662 v c414/A1 (sky130_fd_sc_hd__o311a_4)
     4    0.017603    0.072158    0.424036    4.292698 v c414/X (sky130_fd_sc_hd__o311a_4)
                                                         net359 (net)
                      0.072158    0.001665    4.294363 v rebuffer11/A (sky130_fd_sc_hd__dlygate4sd1_1)
     3    0.020478    0.107196    0.306913    4.601276 v rebuffer11/X (sky130_fd_sc_hd__dlygate4sd1_1)
                                                         net791 (net)
                      0.107257    0.002343    4.603620 v c421/C (sky130_fd_sc_hd__nand3_2)
     4    0.022084    0.137396    0.154622    4.758241 ^ c421/Y (sky130_fd_sc_hd__nand3_2)
                                                         net367 (net)
                      0.137475    0.001505    4.759746 ^ c562/A2 (sky130_fd_sc_hd__o211ai_1)
     1    0.009754    0.134492    0.143978    4.903724 v c562/Y (sky130_fd_sc_hd__o211ai_1)
                                                         net486 (net)
                      0.134494    0.000812    4.904536 v clkbuf_0_net486/A (sky130_fd_sc_hd__clkbuf_16)
     2    0.017138    0.033834    0.185837    5.090372 v clkbuf_0_net486/X (sky130_fd_sc_hd__clkbuf_16)
                                                         clknet_0_net486 (net)
                      0.033835    0.001052    5.091424 v clkbuf_1_0__f_net486/A (sky130_fd_sc_hd__clkbuf_16)
     1    0.002515    0.024805    0.126533    5.217957 v clkbuf_1_0__f_net486/X (sky130_fd_sc_hd__clkbuf_16)
                                                         clknet_1_0__leaf_net486 (net)
                      0.024805    0.000185    5.218142 v c565/A2 (sky130_fd_sc_hd__o311ai_1)
     1    0.019912    0.699896    0.617194    5.835336 ^ c565/Y (sky130_fd_sc_hd__o311ai_1)
                                                         net489 (net)
                      0.699905    0.002090    5.837426 ^ clkbuf_0_net489/A (sky130_fd_sc_hd__clkbuf_16)
     2    0.017414    0.055524    0.267705    6.105132 ^ clkbuf_0_net489/X (sky130_fd_sc_hd__clkbuf_16)
                                                         clknet_0_net489 (net)
                      0.055524    0.000670    6.105802 ^ clkbuf_1_0__f_net489/A (sky130_fd_sc_hd__clkbuf_16)
     3    0.018859    0.040927    0.127667    6.233469 ^ clkbuf_1_0__f_net489/X (sky130_fd_sc_hd__clkbuf_16)
                                                         clknet_1_0__leaf_net489 (net)
                      0.040958    0.001705    6.235174 ^ c676/A2 (sky130_fd_sc_hd__o311a_2)
     1    0.015241    0.098861    0.214687    6.449861 ^ c676/X (sky130_fd_sc_hd__o311a_2)
                                                         net581 (net)
                      0.098888    0.001557    6.451418 ^ clkbuf_0_net581/A (sky130_fd_sc_hd__clkbuf_16)
     2    0.019406    0.041376    0.144269    6.595687 ^ clkbuf_0_net581/X (sky130_fd_sc_hd__clkbuf_16)
                                                         clknet_0_net581 (net)
                      0.041394    0.001136    6.596823 ^ clkbuf_1_1__f_net581/A (sky130_fd_sc_hd__clkbuf_16)
     4    0.016697    0.039040    0.120707    6.717529 ^ clkbuf_1_1__f_net581/X (sky130_fd_sc_hd__clkbuf_16)
                                                         clknet_1_1__leaf_net581 (net)
                      0.039052    0.000916    6.718446 ^ c677/RESET_B (sky130_fd_sc_hd__dfbbn_1)
                                              6.718446   data arrival time

                                  4.000000    4.000000   clock clk (fall edge)
                                  0.000000    4.000000   clock source latency
     2    0.044741    0.101113    0.074977    4.074977 v clk (in)
                                                         clk (net)
                      0.102144    0.000000    4.074977 v clkbuf_0_clk/A (sky130_fd_sc_hd__clkbuf_16)
    33    0.186304    0.128739    0.248582    4.323558 v clkbuf_0_clk/X (sky130_fd_sc_hd__clkbuf_16)
                                                         clknet_0_clk (net)
                      0.131534    0.014982    4.338541 v clkbuf_4_15_0_clk/A (sky130_fd_sc_hd__clkbuf_8)
    11    0.039665    0.057904    0.202183    4.540723 v clkbuf_4_15_0_clk/X (sky130_fd_sc_hd__clkbuf_8)
                                                         clknet_4_15_0_clk (net)
                      0.058145    0.003193    4.543917 v c677/CLK_N (sky130_fd_sc_hd__dfbbn_1)
                                 -0.250000    4.293917   clock uncertainty
                                  0.000000    4.293917   clock reconvergence pessimism
                                 -0.056448    4.237469   library recovery time
                                              4.237469   data required time
---------------------------------------------------------------------------------------------
                                              4.237469   data required time
                                             -6.718446   data arrival time
---------------------------------------------------------------------------------------------
                                             -2.480977   slack (VIOLATED)


Startpoint: in13 (input port clocked by clk)
Endpoint: c332 (rising edge-triggered flip-flop clocked by clk')
Path Group: clk
Path Type: max

Fanout         Cap        Slew       Delay        Time   Description
---------------------------------------------------------------------------------------------
                                  0.000000    0.000000   clock clk (rise edge)
                                  0.000000    0.000000   clock network delay (propagated)
                                  1.600000    1.600000 v input external delay
     2    0.004367    0.012245    0.007118    1.607118 v in13 (in)
                                                         in13 (net)
                      0.012247    0.000000    1.607118 v input6/A (sky130_fd_sc_hd__buf_4)
    15    0.117516    0.152497    0.209232    1.816351 v input6/X (sky130_fd_sc_hd__buf_4)
                                                         net671 (net)
                      0.164633    0.033092    1.849442 v c150/B (sky130_fd_sc_hd__and2_1)
     3    0.013189    0.077966    0.249484    2.098927 v c150/X (sky130_fd_sc_hd__and2_1)
                                                         net97 (net)
                      0.077969    0.000648    2.099575 v c155/A_N (sky130_fd_sc_hd__nand2b_2)
     6    0.017703    0.102596    0.232413    2.331988 v c155/Y (sky130_fd_sc_hd__nand2b_2)
                                                         net102 (net)
                      0.102602    0.000897    2.332885 v c159/B_N (sky130_fd_sc_hd__or2b_1)
     3    0.015716    0.148076    0.250574    2.583460 ^ c159/X (sky130_fd_sc_hd__or2b_1)
                                                         net106 (net)
                      0.148079    0.000913    2.584372 ^ c161/A1 (sky130_fd_sc_hd__o211ai_2)
     3    0.006691    0.079051    0.117508    2.701880 v c161/Y (sky130_fd_sc_hd__o211ai_2)
                                                         net108 (net)
                      0.079051    0.000211    2.702091 v c162/B (sky130_fd_sc_hd__and3b_1)
     5    0.020061    0.109863    0.244009    2.946100 v c162/X (sky130_fd_sc_hd__and3b_1)
                                                         net109 (net)
                      0.109869    0.000918    2.947019 v c163/A2 (sky130_fd_sc_hd__mux4_2)
     3    0.010844    0.106011    0.519993    3.467011 v c163/X (sky130_fd_sc_hd__mux4_2)
                                                         net110 (net)
                      0.106011    0.000345    3.467356 v c167/A (sky130_fd_sc_hd__and2_4)
    13    0.082014    0.115425    0.238064    3.705420 v c167/X (sky130_fd_sc_hd__and2_4)
                                                         net734 (net)
                      0.115875    0.006046    3.711466 v c173/B (sky130_fd_sc_hd__nor2_2)
     5    0.024526    0.278608    0.259785    3.971251 ^ c173/Y (sky130_fd_sc_hd__nor2_2)
                                                         net119 (net)
                      0.278613    0.000933    3.972183 ^ c181/C_N (sky130_fd_sc_hd__or3b_2)
     3    0.017006    0.120536    0.542630    4.514813 v c181/X (sky130_fd_sc_hd__or3b_2)
                                                         net126 (net)
                      0.120549    0.001260    4.516073 v c295/A (sky130_fd_sc_hd__nor3_2)
     4    0.019617    0.358589    0.374123    4.890196 ^ c295/Y (sky130_fd_sc_hd__nor3_2)
                                                         net240 (net)
                      0.358593    0.000931    4.891127 ^ c297/A_N (sky130_fd_sc_hd__nand2b_1)
     6    0.016477    0.178430    0.252201    5.143328 ^ c297/Y (sky130_fd_sc_hd__nand2b_1)
                                                         net242 (net)
                      0.178430    0.000488    5.143816 ^ c302/B (sky130_fd_sc_hd__nand2_1)
     4    0.014039    0.115801    0.144665    5.288481 v c302/Y (sky130_fd_sc_hd__nand2_1)
                                                         net247 (net)
                      0.115842    0.000626    5.289107 v c323/C_N (sky130_fd_sc_hd__or3b_4)
     9    0.046532    0.160758    0.350918    5.640024 ^ c323/X (sky130_fd_sc_hd__or3b_4)
                                                         net267 (net)
                      0.160780    0.001965    5.641989 ^ c332/SET_B (sky130_fd_sc_hd__dfbbp_1)
                                              5.641989   data arrival time

                                  0.000000    0.000000   clock clk' (rise edge)
                                  0.000000    0.000000   clock source latency
     2    0.044741    0.101113    0.074977    4.074977 v clk (in)
                                                         clk (net)
                      0.102144    0.000000    4.074977 v clkbuf_0_clk/A (sky130_fd_sc_hd__clkbuf_16)
    33    0.186304    0.128739    0.248582    4.323558 v clkbuf_0_clk/X (sky130_fd_sc_hd__clkbuf_16)
                                                         clknet_0_clk (net)
                      0.129624    0.008677    4.332236 v clkbuf_4_3_0_clk/A (sky130_fd_sc_hd__clkbuf_8)
     6    0.031417    0.050264    0.194340    4.526576 v clkbuf_4_3_0_clk/X (sky130_fd_sc_hd__clkbuf_8)
                                                         clknet_4_3_0_clk (net)
                      0.050348    0.001820    4.528396 v s767/CLK (sky130_fd_sc_hd__dlclkp_1)
     1    0.011569    0.065636    0.159907    4.688303 v s767/GCLK (sky130_fd_sc_hd__dlclkp_1)
                                                         net650 (net)
                      0.065651    0.000965    4.689267 v clkbuf_0_net650/A (sky130_fd_sc_hd__clkbuf_16)
     2    0.017813    0.034011    0.154402    4.843669 v clkbuf_0_net650/X (sky130_fd_sc_hd__clkbuf_16)
                                                         clknet_0_net650 (net)
                      0.034039    0.001600    4.845270 v clkbuf_1_0__f_net650/A (sky130_fd_sc_hd__clkbuf_16)
     1    0.005026    0.026512    0.129361    4.974630 v clkbuf_1_0__f_net650/X (sky130_fd_sc_hd__clkbuf_16)
                                                         clknet_1_0__leaf_net650 (net)
                      0.026513    0.000217    4.974847 v c325/S1 (sky130_fd_sc_hd__mux4_2)
     1    0.009272    0.094566    0.307053    5.281900 v c325/X (sky130_fd_sc_hd__mux4_2)
                                                         net269 (net)
                      0.094571    0.000773    5.282673 v clkbuf_0_net269/A (sky130_fd_sc_hd__clkbuf_16)
     2    0.018567    0.034407    0.168541    5.451214 v clkbuf_0_net269/X (sky130_fd_sc_hd__clkbuf_16)
                                                         clknet_0_net269 (net)
                      0.034407    0.001013    5.452227 v clkbuf_1_1__f_net269/A (sky130_fd_sc_hd__clkbuf_16)
     1    0.011477    0.030514    0.135228    5.587455 v clkbuf_1_1__f_net269/X (sky130_fd_sc_hd__clkbuf_16)
                                                         clknet_1_1__leaf_net269 (net)
                      0.030519    0.000935    5.588390 v c326/A (sky130_fd_sc_hd__nor2_4)
     1    0.010822    0.095738    0.114923    5.703313 ^ c326/Y (sky130_fd_sc_hd__nor2_4)
                                                         net270 (net)
                      0.095748    0.000902    5.704215 ^ clkbuf_0_net270/A (sky130_fd_sc_hd__clkbuf_16)
     2    0.019125    0.041137    0.142971    5.847186 ^ clkbuf_0_net270/X (sky130_fd_sc_hd__clkbuf_16)
                                                         clknet_0_net270 (net)
                      0.041150    0.000713    5.847899 ^ clkbuf_1_0__f_net270/A (sky130_fd_sc_hd__clkbuf_16)
     2    0.004434    0.028244    0.108435    5.956335 ^ clkbuf_1_0__f_net270/X (sky130_fd_sc_hd__clkbuf_16)
                                                         clknet_1_0__leaf_net270 (net)
                      0.028245    0.000151    5.956486 ^ c332/RESET_B (sky130_fd_sc_hd__dfbbp_1)
                                 -0.250000    1.706486   clock uncertainty
                                  0.000000    1.706486   clock reconvergence pessimism
                                 -0.176388    1.530097   library non-sequential setup time
                                              1.530097   data required time
---------------------------------------------------------------------------------------------
                                              1.530097   data required time
                                             -5.641989   data arrival time
---------------------------------------------------------------------------------------------
                                             -4.111892   slack (VIOLATED)




===========================================================================
 report_check_types -max_slew -max_cap -max_fanout -violators
============================================================================
======================= max_tt_025C_1v80 Corner ===================================

max slew

Pin                                        Limit        Slew       Slack
------------------------------------------------------------------------
ANTENNA_c503_SET_B/DIODE                0.750000    0.764213   -0.014213 (VIOLATED)
ANTENNA_c408_B/DIODE                    0.750000    0.764178   -0.014178 (VIOLATED)
ANTENNA_c414_B1/DIODE                   0.750000    0.764174   -0.014174 (VIOLATED)
ANTENNA_c418_SET_B/DIODE                0.750000    0.764172   -0.014172 (VIOLATED)
ANTENNA_c403_Y/DIODE                    0.750000    0.764169   -0.014169 (VIOLATED)
clone18/Y                               0.750000    0.764161   -0.014161 (VIOLATED)

max fanout

Pin                                   Limit Fanout  Slack
---------------------------------------------------------
clkbuf_0_clk/X                           10     33    -23 (VIOLATED)
clkbuf_4_12_0_clk/X                      10     23    -13 (VIOLATED)
clkbuf_4_5_0_clk/X                       10     23    -13 (VIOLATED)
clkbuf_4_9_0_clk/X                       10     21    -11 (VIOLATED)
fanout107/X                              10     21    -11 (VIOLATED)
fanout112/X                              10     21    -11 (VIOLATED)
fanout114/X                              10     21    -11 (VIOLATED)
fanout115/X                              10     21    -11 (VIOLATED)
c257/X                                   10     19     -9 (VIOLATED)
c261/X                                   10     19     -9 (VIOLATED)
c266/X                                   10     19     -9 (VIOLATED)
c277/X                                   10     19     -9 (VIOLATED)
c398/Y                                   10     19     -9 (VIOLATED)
clkbuf_4_8_0_clk/X                       10     19     -9 (VIOLATED)
c168/X                                   10     17     -7 (VIOLATED)
c317/Y                                   10     17     -7 (VIOLATED)
c328/Y                                   10     17     -7 (VIOLATED)
c333/Q                                   10     17     -7 (VIOLATED)
c510/X                                   10     17     -7 (VIOLATED)
c541/X                                   10     17     -7 (VIOLATED)
c543/Y                                   10     17     -7 (VIOLATED)
clkbuf_4_4_0_clk/X                       10     17     -7 (VIOLATED)
input33/X                                10     17     -7 (VIOLATED)
c100/X                                   10     15     -5 (VIOLATED)
c146/X                                   10     15     -5 (VIOLATED)
c307/X                                   10     15     -5 (VIOLATED)
c394/X                                   10     15     -5 (VIOLATED)
c462/X                                   10     15     -5 (VIOLATED)
c535/X                                   10     15     -5 (VIOLATED)
clkbuf_4_2_0_clk/X                       10     15     -5 (VIOLATED)
input6/X                                 10     15     -5 (VIOLATED)
clkbuf_4_10_0_clk/X                      10     14     -4 (VIOLATED)
c120/Y                                   10     13     -3 (VIOLATED)
c157/Y                                   10     13     -3 (VIOLATED)
c167/X                                   10     13     -3 (VIOLATED)
c193/X                                   10     13     -3 (VIOLATED)
c197/X                                   10     13     -3 (VIOLATED)
c198/X                                   10     13     -3 (VIOLATED)
c221/X                                   10     13     -3 (VIOLATED)
c308/Y                                   10     13     -3 (VIOLATED)
c399/Y                                   10     13     -3 (VIOLATED)
c596/Y                                   10     13     -3 (VIOLATED)
clkbuf_4_11_0_clk/X                      10     13     -3 (VIOLATED)
input50/X                                10     12     -2 (VIOLATED)
c102/X                                   10     11        (VIOLATED)
c132/X                                   10     11        (VIOLATED)
c397/Q                                   10     11        (VIOLATED)
c434/X                                   10     11        (VIOLATED)
c451/Q                                   10     11        (VIOLATED)
c516/Y                                   10     11        (VIOLATED)
c522/Q                                   10     11        (VIOLATED)
c63/X                                    10     11        (VIOLATED)
c74/X                                    10     11        (VIOLATED)
c81/X                                    10     11        (VIOLATED)
clkbuf_4_15_0_clk/X                      10     11        (VIOLATED)
input12/X                                10     11        (VIOLATED)
input25/X                                10     11        (VIOLATED)
input36/X                                10     11        (VIOLATED)
input37/X                                10     11        (VIOLATED)
input49/X                                10     11        (VIOLATED)
input7/X                                 10     11        (VIOLATED)
rebuffer3/X                              10     11        (VIOLATED)



===========================================================================
report_parasitic_annotation -report_unannotated
============================================================================
Found 39 unannotated drivers.
 rst
 c329/Q_N
 c342/Q_N
 c350/Q_N
 c361/Q_N
 c369/Q_N
 c418/Q_N
 c440/Q_N
 c457/Q_N
 c468/Q_N
 c495/Q_N
 c497/Q_N
 c500/Q_N
 c501/Q_N
 c502/Q_N
 c503/Q_N
 c518/Q_N
 c536/Q_N
 c559/Q_N
 c569/Q_N
 c573/Q_N
 c585/Q_N
 c606/Q_N
 c659/Q_N
 c669/Q_N
 c677/Q_N
 c680/Q_N
 c681/Q_N
 c701/Q_N
 c713/Q_N
 c716/Q_N
 c724/Q_N
 c734/Q
 s763/Q_N
 s770/Q_N
 s771/Q_N
 s772/Q_N
 s778/Q_N
 s779/Q_N
Found 0 partially unannotated drivers.

===========================================================================
max slew violation count 6
max fanout violation count 62
max cap violation count 0
============================================================================

===========================================================================
check_setup -verbose -unconstrained_endpoints -multiple_clock -no_clock -no_input_delay -loops -generated_clocks
===========================================================================
