
===========================================================================
report_checks -unconstrained
===========================================================================
======================= min_tt_025C_1v80 Corner ===================================

Startpoint: in9 (input port clocked by clk)
Endpoint: c702 (recovery check against falling-edge clock clk)
Path Group: asynchronous
Path Type: max

Fanout         Cap        Slew       Delay        Time   Description
---------------------------------------------------------------------------------------------
                                  0.000000    0.000000   clock clk (rise edge)
                                  0.000000    0.000000   clock network delay (propagated)
                                  1.600000    1.600000 ^ input external delay
     2    0.007310    0.039459    0.025305    1.625305 ^ in9 (in)
                                                         in9 (net)
                      0.039459    0.000000    1.625305 ^ input62/A (sky130_fd_sc_hd__buf_6)
     3    0.016752    0.044979    0.098532    1.723836 ^ input62/X (sky130_fd_sc_hd__buf_6)
                                                         net731 (net)
                      0.044994    0.000768    1.724604 ^ c132/A_N (sky130_fd_sc_hd__and2b_2)
     2    0.019658    0.072902    0.252184    1.976788 v c132/X (sky130_fd_sc_hd__and2b_2)
                                                         net64 (net)
                      0.072902    0.000329    1.977117 v c133/B (sky130_fd_sc_hd__nor2_8)
     6    0.033981    0.154446    0.153151    2.130269 ^ c133/Y (sky130_fd_sc_hd__nor2_8)
                                                         net65 (net)
                      0.154446    0.000333    2.130602 ^ c137/A (sky130_fd_sc_hd__nand2_8)
     4    0.036712    0.082418    0.093903    2.224505 v c137/Y (sky130_fd_sc_hd__nand2_8)
                                                         net69 (net)
                      0.082419    0.000270    2.224776 v c139/A (sky130_fd_sc_hd__nor2b_4)
     4    0.021890    0.157643    0.186633    2.411409 ^ c139/Y (sky130_fd_sc_hd__nor2b_4)
                                                         net71 (net)
                      0.157643    0.000318    2.411727 ^ c140/B (sky130_fd_sc_hd__and2_1)
     4    0.023510    0.233966    0.283157    2.694883 ^ c140/X (sky130_fd_sc_hd__and2_1)
                                                         net72 (net)
                      0.233966    0.000293    2.695176 ^ c152/A_N (sky130_fd_sc_hd__and3b_4)
     4    0.012689    0.045811    0.255368    2.950545 v c152/X (sky130_fd_sc_hd__and3b_4)
                                                         net84 (net)
                      0.045811    0.000107    2.950652 v c265/B (sky130_fd_sc_hd__and2_4)
     3    0.016986    0.044783    0.174361    3.125013 v c265/X (sky130_fd_sc_hd__and2_4)
                                                         net186 (net)
                      0.044783    0.000367    3.125379 v c267/A (sky130_fd_sc_hd__nor2b_4)
    19    0.058734    0.366751    0.325773    3.451153 ^ c267/Y (sky130_fd_sc_hd__nor2b_4)
                                                         net188 (net)
                      0.366751    0.000374    3.451527 ^ c268/C (sky130_fd_sc_hd__nand3b_1)
     3    0.007785    0.120736    0.166809    3.618336 v c268/Y (sky130_fd_sc_hd__nand3b_1)
                                                         net189 (net)
                      0.120736    0.000083    3.618420 v c270/B_N (sky130_fd_sc_hd__nor2b_2)
     3    0.016782    0.102523    0.214869    3.833289 v c270/Y (sky130_fd_sc_hd__nor2b_2)
                                                         net191 (net)
                      0.102523    0.000098    3.833387 v c278/A_N (sky130_fd_sc_hd__nand2b_2)
     9    0.037129    0.165234    0.301048    4.134435 v c278/Y (sky130_fd_sc_hd__nand2b_2)
                                                         net199 (net)
                      0.165240    0.000780    4.135215 v c279/A_N (sky130_fd_sc_hd__and2b_2)
    15    0.053851    0.268484    0.431587    4.566802 ^ c279/X (sky130_fd_sc_hd__and2b_2)
                                                         net200 (net)
                      0.268585    0.001475    4.568277 ^ c282/B_N (sky130_fd_sc_hd__nor2b_2)
     9    0.035436    0.388900    0.428724    4.997001 ^ c282/Y (sky130_fd_sc_hd__nor2b_2)
                                                         net203 (net)
                      0.388919    0.002320    4.999321 ^ c698/A0 (sky130_fd_sc_hd__mux4_2)
     4    0.016764    0.113619    0.367911    5.367233 ^ c698/X (sky130_fd_sc_hd__mux4_2)
                                                         net551 (net)
                      0.113619    0.000249    5.367481 ^ c699/A2 (sky130_fd_sc_hd__a21o_1)
     1    0.002336    0.035152    0.120213    5.487694 ^ c699/X (sky130_fd_sc_hd__a21o_1)
                                                         net552 (net)
                      0.035152    0.000013    5.487707 ^ c702/RESET_B (sky130_fd_sc_hd__sdfbbn_1)
                                              5.487707   data arrival time

                                  4.000000    4.000000   clock clk (fall edge)
                                  0.000000    4.000000   clock source latency
     2    0.036716    0.082290    0.059729    4.059729 v clk (in)
                                                         clk (net)
                      0.082358    0.000000    4.059729 v clkbuf_0_clk/A (sky130_fd_sc_hd__clkbuf_16)
    33    0.180009    0.123124    0.243826    4.303555 v clkbuf_0_clk/X (sky130_fd_sc_hd__clkbuf_16)
                                                         clknet_0_clk (net)
                      0.123327    0.003415    4.306970 v clkbuf_4_11_0_clk/A (sky130_fd_sc_hd__clkbuf_8)
    33    0.075702    0.088578    0.230505    4.537475 v clkbuf_4_11_0_clk/X (sky130_fd_sc_hd__clkbuf_8)
                                                         clknet_4_11_0_clk (net)
                      0.088578    0.000126    4.537601 v c702/CLK_N (sky130_fd_sc_hd__sdfbbn_1)
                                 -0.250000    4.287601   clock uncertainty
                                  0.000000    4.287601   clock reconvergence pessimism
                                 -0.040042    4.247559   library recovery time
                                              4.247559   data required time
---------------------------------------------------------------------------------------------
                                              4.247559   data required time
                                             -5.487707   data arrival time
---------------------------------------------------------------------------------------------
                                             -1.240148   slack (VIOLATED)


Startpoint: in11 (input port clocked by clk)
Endpoint: c110 (falling edge-triggered flip-flop clocked by clk)
Path Group: clk
Path Type: max

Fanout         Cap        Slew       Delay        Time   Description
---------------------------------------------------------------------------------------------
                                  0.000000    0.000000   clock clk (rise edge)
                                  0.000000    0.000000   clock network delay (propagated)
                                  1.600000    1.600000 ^ input external delay
     2    0.003862    0.024339    0.014010    1.614010 ^ in11 (in)
                                                         in11 (net)
                      0.024339    0.000000    1.614010 ^ input4/A (sky130_fd_sc_hd__clkbuf_4)
    13    0.080136    0.242552    0.264410    1.878420 ^ input4/X (sky130_fd_sc_hd__clkbuf_4)
                                                         net673 (net)
                      0.243424    0.011855    1.890275 ^ c72/B_N (sky130_fd_sc_hd__nor2b_1)
     2    0.004430    0.109759    0.185131    2.075406 ^ c72/Y (sky130_fd_sc_hd__nor2b_1)
                                                         net10 (net)
                      0.109759    0.000038    2.075444 ^ c73/B (sky130_fd_sc_hd__and2_1)
     4    0.021701    0.217439    0.259821    2.335265 ^ c73/X (sky130_fd_sc_hd__and2_1)
                                                         net11 (net)
                      0.217439    0.000371    2.335635 ^ c75/B (sky130_fd_sc_hd__and2_1)
     6    0.022359    0.223723    0.288526    2.624161 ^ c75/X (sky130_fd_sc_hd__and2_1)
                                                         net13 (net)
                      0.223723    0.000211    2.624372 ^ c79/B (sky130_fd_sc_hd__and3b_1)
     2    0.005220    0.071668    0.207423    2.831795 ^ c79/X (sky130_fd_sc_hd__and3b_1)
                                                         net17 (net)
                      0.071668    0.000051    2.831846 ^ c80/B (sky130_fd_sc_hd__and2b_4)
    13    0.060569    0.205072    0.276777    3.108623 ^ c80/X (sky130_fd_sc_hd__and2b_4)
                                                         net18 (net)
                      0.205072    0.000989    3.109612 ^ c81/A_N (sky130_fd_sc_hd__and2b_1)
     4    0.009175    0.059938    0.236267    3.345879 v c81/X (sky130_fd_sc_hd__and2b_1)
                                                         net19 (net)
                      0.059938    0.000085    3.345964 v c82/A2 (sky130_fd_sc_hd__mux4_1)
     2    0.004634    0.094638    0.502642    3.848606 v c82/X (sky130_fd_sc_hd__mux4_1)
                                                         net20 (net)
                      0.094638    0.000046    3.848651 v c89/A_N (sky130_fd_sc_hd__nand2b_1)
     3    0.013387    0.118107    0.217881    4.066533 v c89/Y (sky130_fd_sc_hd__nand2b_1)
                                                         net26 (net)
                      0.118107    0.000420    4.066952 v c92/A (sky130_fd_sc_hd__or2b_4)
    17    0.055871    0.106767    0.356917    4.423869 v c92/X (sky130_fd_sc_hd__or2b_4)
                                                         net29 (net)
                      0.106827    0.002281    4.426150 v c101/B_N (sky130_fd_sc_hd__or2b_1)
     2    0.012632    0.121329    0.233840    4.659990 ^ c101/X (sky130_fd_sc_hd__or2b_1)
                                                         net37 (net)
                      0.121329    0.000123    4.660112 ^ c103/A_N (sky130_fd_sc_hd__nand2b_1)
     3    0.007220    0.089067    0.148004    4.808116 ^ c103/Y (sky130_fd_sc_hd__nand2b_1)
                                                         net39 (net)
                      0.089067    0.000077    4.808194 ^ c105/B_N (sky130_fd_sc_hd__or2b_2)
     4    0.020522    0.096266    0.360187    5.168380 v c105/X (sky130_fd_sc_hd__or2b_2)
                                                         net40 (net)
                      0.096266    0.000159    5.168539 v c106/B (sky130_fd_sc_hd__and2_1)
     3    0.016081    0.089997    0.228565    5.397103 v c106/X (sky130_fd_sc_hd__and2_1)
                                                         net41 (net)
                      0.089997    0.000108    5.397212 v c108/A2 (sky130_fd_sc_hd__a211oi_4)
     5    0.025016    0.344680    0.387178    5.784390 ^ c108/Y (sky130_fd_sc_hd__a211oi_4)
                                                         net43 (net)
                      0.344680    0.000405    5.784795 ^ c110/D (sky130_fd_sc_hd__dfbbn_1)
                                              5.784795   data arrival time

                                  4.000000    4.000000   clock clk (fall edge)
                                  0.000000    4.000000   clock source latency
     2    0.036716    0.082290    0.059729    4.059729 v clk (in)
                                                         clk (net)
                      0.082358    0.000000    4.059729 v clkbuf_0_clk/A (sky130_fd_sc_hd__clkbuf_16)
    33    0.180009    0.123124    0.243826    4.303555 v clkbuf_0_clk/X (sky130_fd_sc_hd__clkbuf_16)
                                                         clknet_0_clk (net)
                      0.123413    0.004287    4.307842 v clkbuf_4_4_0_clk/A (sky130_fd_sc_hd__clkbuf_8)
    19    0.045675    0.063095    0.204628    4.512470 v clkbuf_4_4_0_clk/X (sky130_fd_sc_hd__clkbuf_8)
                                                         clknet_4_4_0_clk (net)
                      0.063111    0.000996    4.513466 v c110/CLK_N (sky130_fd_sc_hd__dfbbn_1)
                                 -0.250000    4.263466   clock uncertainty
                                  0.000000    4.263466   clock reconvergence pessimism
                                 -0.136300    4.127166   library setup time
                                              4.127166   data required time
---------------------------------------------------------------------------------------------
                                              4.127166   data required time
                                             -5.784795   data arrival time
---------------------------------------------------------------------------------------------
                                             -1.657629   slack (VIOLATED)




===========================================================================
report_checks --slack_max -0.01
============================================================================
======================= min_tt_025C_1v80 Corner ===================================

Startpoint: in9 (input port clocked by clk)
Endpoint: c702 (recovery check against falling-edge clock clk)
Path Group: asynchronous
Path Type: max

Fanout         Cap        Slew       Delay        Time   Description
---------------------------------------------------------------------------------------------
                                  0.000000    0.000000   clock clk (rise edge)
                                  0.000000    0.000000   clock network delay (propagated)
                                  1.600000    1.600000 ^ input external delay
     2    0.007310    0.039459    0.025305    1.625305 ^ in9 (in)
                                                         in9 (net)
                      0.039459    0.000000    1.625305 ^ input62/A (sky130_fd_sc_hd__buf_6)
     3    0.016752    0.044979    0.098532    1.723836 ^ input62/X (sky130_fd_sc_hd__buf_6)
                                                         net731 (net)
                      0.044994    0.000768    1.724604 ^ c132/A_N (sky130_fd_sc_hd__and2b_2)
     2    0.019658    0.072902    0.252184    1.976788 v c132/X (sky130_fd_sc_hd__and2b_2)
                                                         net64 (net)
                      0.072902    0.000329    1.977117 v c133/B (sky130_fd_sc_hd__nor2_8)
     6    0.033981    0.154446    0.153151    2.130269 ^ c133/Y (sky130_fd_sc_hd__nor2_8)
                                                         net65 (net)
                      0.154446    0.000333    2.130602 ^ c137/A (sky130_fd_sc_hd__nand2_8)
     4    0.036712    0.082418    0.093903    2.224505 v c137/Y (sky130_fd_sc_hd__nand2_8)
                                                         net69 (net)
                      0.082419    0.000270    2.224776 v c139/A (sky130_fd_sc_hd__nor2b_4)
     4    0.021890    0.157643    0.186633    2.411409 ^ c139/Y (sky130_fd_sc_hd__nor2b_4)
                                                         net71 (net)
                      0.157643    0.000318    2.411727 ^ c140/B (sky130_fd_sc_hd__and2_1)
     4    0.023510    0.233966    0.283157    2.694883 ^ c140/X (sky130_fd_sc_hd__and2_1)
                                                         net72 (net)
                      0.233966    0.000293    2.695176 ^ c152/A_N (sky130_fd_sc_hd__and3b_4)
     4    0.012689    0.045811    0.255368    2.950545 v c152/X (sky130_fd_sc_hd__and3b_4)
                                                         net84 (net)
                      0.045811    0.000107    2.950652 v c265/B (sky130_fd_sc_hd__and2_4)
     3    0.016986    0.044783    0.174361    3.125013 v c265/X (sky130_fd_sc_hd__and2_4)
                                                         net186 (net)
                      0.044783    0.000367    3.125379 v c267/A (sky130_fd_sc_hd__nor2b_4)
    19    0.058734    0.366751    0.325773    3.451153 ^ c267/Y (sky130_fd_sc_hd__nor2b_4)
                                                         net188 (net)
                      0.366751    0.000374    3.451527 ^ c268/C (sky130_fd_sc_hd__nand3b_1)
     3    0.007785    0.120736    0.166809    3.618336 v c268/Y (sky130_fd_sc_hd__nand3b_1)
                                                         net189 (net)
                      0.120736    0.000083    3.618420 v c270/B_N (sky130_fd_sc_hd__nor2b_2)
     3    0.016782    0.102523    0.214869    3.833289 v c270/Y (sky130_fd_sc_hd__nor2b_2)
                                                         net191 (net)
                      0.102523    0.000098    3.833387 v c278/A_N (sky130_fd_sc_hd__nand2b_2)
     9    0.037129    0.165234    0.301048    4.134435 v c278/Y (sky130_fd_sc_hd__nand2b_2)
                                                         net199 (net)
                      0.165240    0.000780    4.135215 v c279/A_N (sky130_fd_sc_hd__and2b_2)
    15    0.053851    0.268484    0.431587    4.566802 ^ c279/X (sky130_fd_sc_hd__and2b_2)
                                                         net200 (net)
                      0.268585    0.001475    4.568277 ^ c282/B_N (sky130_fd_sc_hd__nor2b_2)
     9    0.035436    0.388900    0.428724    4.997001 ^ c282/Y (sky130_fd_sc_hd__nor2b_2)
                                                         net203 (net)
                      0.388919    0.002320    4.999321 ^ c698/A0 (sky130_fd_sc_hd__mux4_2)
     4    0.016764    0.113619    0.367911    5.367233 ^ c698/X (sky130_fd_sc_hd__mux4_2)
                                                         net551 (net)
                      0.113619    0.000249    5.367481 ^ c699/A2 (sky130_fd_sc_hd__a21o_1)
     1    0.002336    0.035152    0.120213    5.487694 ^ c699/X (sky130_fd_sc_hd__a21o_1)
                                                         net552 (net)
                      0.035152    0.000013    5.487707 ^ c702/RESET_B (sky130_fd_sc_hd__sdfbbn_1)
                                              5.487707   data arrival time

                                  4.000000    4.000000   clock clk (fall edge)
                                  0.000000    4.000000   clock source latency
     2    0.036716    0.082290    0.059729    4.059729 v clk (in)
                                                         clk (net)
                      0.082358    0.000000    4.059729 v clkbuf_0_clk/A (sky130_fd_sc_hd__clkbuf_16)
    33    0.180009    0.123124    0.243826    4.303555 v clkbuf_0_clk/X (sky130_fd_sc_hd__clkbuf_16)
                                                         clknet_0_clk (net)
                      0.123327    0.003415    4.306970 v clkbuf_4_11_0_clk/A (sky130_fd_sc_hd__clkbuf_8)
    33    0.075702    0.088578    0.230505    4.537475 v clkbuf_4_11_0_clk/X (sky130_fd_sc_hd__clkbuf_8)
                                                         clknet_4_11_0_clk (net)
                      0.088578    0.000126    4.537601 v c702/CLK_N (sky130_fd_sc_hd__sdfbbn_1)
                                 -0.250000    4.287601   clock uncertainty
                                  0.000000    4.287601   clock reconvergence pessimism
                                 -0.040042    4.247559   library recovery time
                                              4.247559   data required time
---------------------------------------------------------------------------------------------
                                              4.247559   data required time
                                             -5.487707   data arrival time
---------------------------------------------------------------------------------------------
                                             -1.240148   slack (VIOLATED)


Startpoint: in11 (input port clocked by clk)
Endpoint: c110 (falling edge-triggered flip-flop clocked by clk)
Path Group: clk
Path Type: max

Fanout         Cap        Slew       Delay        Time   Description
---------------------------------------------------------------------------------------------
                                  0.000000    0.000000   clock clk (rise edge)
                                  0.000000    0.000000   clock network delay (propagated)
                                  1.600000    1.600000 ^ input external delay
     2    0.003862    0.024339    0.014010    1.614010 ^ in11 (in)
                                                         in11 (net)
                      0.024339    0.000000    1.614010 ^ input4/A (sky130_fd_sc_hd__clkbuf_4)
    13    0.080136    0.242552    0.264410    1.878420 ^ input4/X (sky130_fd_sc_hd__clkbuf_4)
                                                         net673 (net)
                      0.243424    0.011855    1.890275 ^ c72/B_N (sky130_fd_sc_hd__nor2b_1)
     2    0.004430    0.109759    0.185131    2.075406 ^ c72/Y (sky130_fd_sc_hd__nor2b_1)
                                                         net10 (net)
                      0.109759    0.000038    2.075444 ^ c73/B (sky130_fd_sc_hd__and2_1)
     4    0.021701    0.217439    0.259821    2.335265 ^ c73/X (sky130_fd_sc_hd__and2_1)
                                                         net11 (net)
                      0.217439    0.000371    2.335635 ^ c75/B (sky130_fd_sc_hd__and2_1)
     6    0.022359    0.223723    0.288526    2.624161 ^ c75/X (sky130_fd_sc_hd__and2_1)
                                                         net13 (net)
                      0.223723    0.000211    2.624372 ^ c79/B (sky130_fd_sc_hd__and3b_1)
     2    0.005220    0.071668    0.207423    2.831795 ^ c79/X (sky130_fd_sc_hd__and3b_1)
                                                         net17 (net)
                      0.071668    0.000051    2.831846 ^ c80/B (sky130_fd_sc_hd__and2b_4)
    13    0.060569    0.205072    0.276777    3.108623 ^ c80/X (sky130_fd_sc_hd__and2b_4)
                                                         net18 (net)
                      0.205072    0.000989    3.109612 ^ c81/A_N (sky130_fd_sc_hd__and2b_1)
     4    0.009175    0.059938    0.236267    3.345879 v c81/X (sky130_fd_sc_hd__and2b_1)
                                                         net19 (net)
                      0.059938    0.000085    3.345964 v c82/A2 (sky130_fd_sc_hd__mux4_1)
     2    0.004634    0.094638    0.502642    3.848606 v c82/X (sky130_fd_sc_hd__mux4_1)
                                                         net20 (net)
                      0.094638    0.000046    3.848651 v c89/A_N (sky130_fd_sc_hd__nand2b_1)
     3    0.013387    0.118107    0.217881    4.066533 v c89/Y (sky130_fd_sc_hd__nand2b_1)
                                                         net26 (net)
                      0.118107    0.000420    4.066952 v c92/A (sky130_fd_sc_hd__or2b_4)
    17    0.055871    0.106767    0.356917    4.423869 v c92/X (sky130_fd_sc_hd__or2b_4)
                                                         net29 (net)
                      0.106827    0.002281    4.426150 v c101/B_N (sky130_fd_sc_hd__or2b_1)
     2    0.012632    0.121329    0.233840    4.659990 ^ c101/X (sky130_fd_sc_hd__or2b_1)
                                                         net37 (net)
                      0.121329    0.000123    4.660112 ^ c103/A_N (sky130_fd_sc_hd__nand2b_1)
     3    0.007220    0.089067    0.148004    4.808116 ^ c103/Y (sky130_fd_sc_hd__nand2b_1)
                                                         net39 (net)
                      0.089067    0.000077    4.808194 ^ c105/B_N (sky130_fd_sc_hd__or2b_2)
     4    0.020522    0.096266    0.360187    5.168380 v c105/X (sky130_fd_sc_hd__or2b_2)
                                                         net40 (net)
                      0.096266    0.000159    5.168539 v c106/B (sky130_fd_sc_hd__and2_1)
     3    0.016081    0.089997    0.228565    5.397103 v c106/X (sky130_fd_sc_hd__and2_1)
                                                         net41 (net)
                      0.089997    0.000108    5.397212 v c108/A2 (sky130_fd_sc_hd__a211oi_4)
     5    0.025016    0.344680    0.387178    5.784390 ^ c108/Y (sky130_fd_sc_hd__a211oi_4)
                                                         net43 (net)
                      0.344680    0.000405    5.784795 ^ c110/D (sky130_fd_sc_hd__dfbbn_1)
                                              5.784795   data arrival time

                                  4.000000    4.000000   clock clk (fall edge)
                                  0.000000    4.000000   clock source latency
     2    0.036716    0.082290    0.059729    4.059729 v clk (in)
                                                         clk (net)
                      0.082358    0.000000    4.059729 v clkbuf_0_clk/A (sky130_fd_sc_hd__clkbuf_16)
    33    0.180009    0.123124    0.243826    4.303555 v clkbuf_0_clk/X (sky130_fd_sc_hd__clkbuf_16)
                                                         clknet_0_clk (net)
                      0.123413    0.004287    4.307842 v clkbuf_4_4_0_clk/A (sky130_fd_sc_hd__clkbuf_8)
    19    0.045675    0.063095    0.204628    4.512470 v clkbuf_4_4_0_clk/X (sky130_fd_sc_hd__clkbuf_8)
                                                         clknet_4_4_0_clk (net)
                      0.063111    0.000996    4.513466 v c110/CLK_N (sky130_fd_sc_hd__dfbbn_1)
                                 -0.250000    4.263466   clock uncertainty
                                  0.000000    4.263466   clock reconvergence pessimism
                                 -0.136300    4.127166   library setup time
                                              4.127166   data required time
---------------------------------------------------------------------------------------------
                                              4.127166   data required time
                                             -5.784795   data arrival time
---------------------------------------------------------------------------------------------
                                             -1.657629   slack (VIOLATED)




===========================================================================
 report_check_types -max_slew -max_cap -max_fanout -violators
============================================================================
======================= min_tt_025C_1v80 Corner ===================================

max fanout

Pin                                   Limit Fanout  Slack
---------------------------------------------------------
clkbuf_0_clk/X                           10     33    -23 (VIOLATED)
clkbuf_4_11_0_clk/X                      10     33    -23 (VIOLATED)
clkbuf_4_5_0_clk/X                       10     23    -13 (VIOLATED)
c447/X                                   10     21    -11 (VIOLATED)
fanout122/X                              10     21    -11 (VIOLATED)
fanout123/X                              10     21    -11 (VIOLATED)
fanout124/X                              10     21    -11 (VIOLATED)
input52/X                                10     21    -11 (VIOLATED)
c190/X                                   10     19     -9 (VIOLATED)
c203/X                                   10     19     -9 (VIOLATED)
c267/Y                                   10     19     -9 (VIOLATED)
c78/X                                    10     19     -9 (VIOLATED)
clkbuf_4_4_0_clk/X                       10     19     -9 (VIOLATED)
c104/X                                   10     18     -8 (VIOLATED)
c100/Y                                   10     17     -7 (VIOLATED)
c200/X                                   10     17     -7 (VIOLATED)
c539/Y                                   10     17     -7 (VIOLATED)
c549/X                                   10     17     -7 (VIOLATED)
c92/X                                    10     17     -7 (VIOLATED)
c158/Y                                   10     15     -5 (VIOLATED)
c181/Y                                   10     15     -5 (VIOLATED)
c272/Y                                   10     15     -5 (VIOLATED)
c279/X                                   10     15     -5 (VIOLATED)
c318/Y                                   10     15     -5 (VIOLATED)
c468/X                                   10     15     -5 (VIOLATED)
c541/Y                                   10     15     -5 (VIOLATED)
c574/Y                                   10     15     -5 (VIOLATED)
c586/X                                   10     15     -5 (VIOLATED)
c69/X                                    10     15     -5 (VIOLATED)
clkbuf_4_7_0_clk/X                       10     15     -5 (VIOLATED)
input59/X                                10     15     -5 (VIOLATED)
c161/Y                                   10     13     -3 (VIOLATED)
c171/X                                   10     13     -3 (VIOLATED)
c235/X                                   10     13     -3 (VIOLATED)
c266/X                                   10     13     -3 (VIOLATED)
c317/Y                                   10     13     -3 (VIOLATED)
c433/Y                                   10     13     -3 (VIOLATED)
c80/X                                    10     13     -3 (VIOLATED)
clkbuf_4_2_0_clk/X                       10     13     -3 (VIOLATED)
input19/X                                10     13     -3 (VIOLATED)
input21/X                                10     13     -3 (VIOLATED)
input22/X                                10     13     -3 (VIOLATED)
input35/X                                10     13     -3 (VIOLATED)
input4/X                                 10     13     -3 (VIOLATED)
clkbuf_4_10_0_clk/X                      10     12     -2 (VIOLATED)
c144/X                                   10     11        (VIOLATED)
c165/Y                                   10     11        (VIOLATED)
c176/X                                   10     11        (VIOLATED)
c237/Q                                   10     11        (VIOLATED)
c292/Y                                   10     11        (VIOLATED)
c300/X                                   10     11        (VIOLATED)
c314/X                                   10     11        (VIOLATED)
c343/Y                                   10     11        (VIOLATED)
c346/Y                                   10     11        (VIOLATED)
c455/Y                                   10     11        (VIOLATED)
c547/Y                                   10     11        (VIOLATED)
c557/Y                                   10     11        (VIOLATED)
c67/Y                                    10     11        (VIOLATED)
clkbuf_4_9_0_clk/X                       10     11        (VIOLATED)
fanout125/X                              10     11        (VIOLATED)
input15/X                                10     11        (VIOLATED)
input20/X                                10     11        (VIOLATED)
input41/X                                10     11        (VIOLATED)
input5/X                                 10     11        (VIOLATED)
input57/X                                10     11        (VIOLATED)
rebuffer1/X                              10     11        (VIOLATED)



===========================================================================
report_parasitic_annotation -report_unannotated
============================================================================
Found 28 unannotated drivers.
 rst
 c129/Q_N
 c199/Q_N
 c260/Q_N
 c413/Q_N
 c439/Q_N
 c471/Q_N
 c582/Q_N
 c587/Q_N
 c602/Q_N
 c603/Q_N
 c625/Q_N
 c628/Q_N
 c632/Q_N
 c665/Q_N
 c694/Q_N
 c707/Q_N
 c710/Q_N
 c712/Q_N
 c714/Q_N
 c745/Q_N
 c754/Q_N
 c755/Q_N
 c756/X
 s790/Q_N
 s792/Q_N
 s798/Q_N
 s799/Q_N
Found 0 partially unannotated drivers.

===========================================================================
max slew violation count 0
max fanout violation count 66
max cap violation count 0
============================================================================

===========================================================================
check_setup -verbose -unconstrained_endpoints -multiple_clock -no_clock -no_input_delay -loops -generated_clocks
===========================================================================
Warning: There are 4 unconstrained endpoints.
  out24
  out36
  out49
  merge768/SCE
