
===========================================================================
Violator List
============================================================================
[hold reg-reg] c671/Q -> c678/SET_B : -1.297637
[hold reg-reg] c528/Q -> c570/RESET_B : -0.533880
[hold reg-reg] c406/Q -> c436/RESET_B : -0.424903
[hold in-reg] in14 -> c677/SET_B : -0.334387
[hold in-reg] clk -> c439/RESET_B : -0.105066
[hold in-reg] clk -> c333/SET_B : -0.044452
[setup reg-reg] c320/Q_N -> c332/SET_B : -3.991899
[setup reg-reg] c291/Q -> c570/RESET_B : -3.790285
[setup in-reg] in13 -> c436/RESET_B : -2.897836
[setup reg-out] s774/Q -> out18 : -1.127000
[setup reg-reg] c634/Q_N -> c703/D : -0.850861
[setup in-reg] in7 -> c468/SCD : -0.757272
[setup reg-reg] c634/Q -> c701/RESET_B : -0.748263
[setup in-reg] in13 -> c677/RESET_B : -0.721434
[setup reg-reg] c634/Q -> s777/D : -0.689752
[setup in-reg] in7 -> c606/D : -0.684664
[setup in-reg] in7 -> c606/SCD : -0.668328
[setup in-reg] in7 -> c497/SCD : -0.584905
[setup reg-reg] c634/Q -> s776/D : -0.573873
[setup in-reg] in51 -> c320/D : -0.568340
[setup in-reg] in51 -> c360/D : -0.560630
[setup in-reg] in51 -> c606/SET_B : -0.536562
[setup in-reg] in51 -> c468/D : -0.474933
[setup in-reg] in7 -> s772/D : -0.446211
[setup in-reg] in13 -> c329/D : -0.441522
[setup in-reg] in51 -> c361/D : -0.427300
[setup in-reg] in51 -> c501/SCE : -0.411593
[setup in-reg] in7 -> c436/SCD : -0.387031
[setup in-reg] in51 -> c503/D : -0.386335
[setup in-reg] in51 -> c497/SET_B : -0.382341
[setup in-reg] in7 -> c559/RESET_B : -0.376688
[setup in-reg] in7 -> c569/RESET_B : -0.368981
[setup in-reg] in51 -> c115/D : -0.313672
[setup reg-reg] c648/Q -> c650/RESET_B : -0.297294
[setup in-reg] in51 -> c125/SET_B : -0.290131
[setup in-reg] in51 -> c124/SET_B : -0.290124
[setup in-reg] in7 -> c658/RESET_B : -0.272924
[setup in-reg] in7 -> c418/RESET_B : -0.271941
[setup in-reg] in7 -> c653/RESET_B : -0.260974
[setup in-reg] in7 -> c375/D : -0.257992
[setup reg-reg] c634/Q_N -> c648/D : -0.251525
[setup reg-reg] c634/Q -> c669/RESET_B : -0.248912
[setup in-reg] in51 -> c350/D : -0.234013
[setup in-reg] in7 -> c329/RESET_B : -0.202204
[setup in-reg] in51 -> c503/RESET_B : -0.199415
[setup in-reg] in51 -> c350/RESET_B : -0.196044
[setup in-reg] in7 -> c404/RESET_B : -0.187409
[setup in-reg] in7 -> c405/RESET_B : -0.187018
[setup in-reg] in14 -> c677/SET_B : -0.184626
[setup in-reg] in7 -> c606/SCE : -0.182861
[setup in-reg] in7 -> c397/D : -0.166345
[setup in-reg] in7 -> c559/SET_B : -0.156023
[setup in-reg] in13 -> c677/D : -0.155604
[setup reg-reg] c634/Q -> c648/RESET_B : -0.155303
[setup in-reg] in7 -> c291/SCD : -0.148767
[setup in-reg] in7 -> c634/D : -0.146624
[setup in-reg] in51 -> c115/RESET_B : -0.142688
[setup reg-reg] c360/Q_N -> c375/RESET_B : -0.122301
[setup in-reg] in51 -> c350/SCD : -0.118934
[setup in-reg] in51 -> c497/SCE : -0.116354
[setup in-reg] in7 -> c669/D : -0.097810
[setup in-reg] in51 -> c501/SET_B : -0.089265
[setup reg-reg] c634/Q_N -> c650/SET_B : -0.083975
[setup in-reg] in7 -> c522/D : -0.082327
[setup reg-out] c646/Q -> out3 : -0.053338
[setup in-reg] in51 -> c376/SET_B : -0.035632
[setup in-reg] in7 -> c291/SCE : -0.021778
[setup in-reg] in7 -> c669/SCE : -0.017435
[setup in-reg] in7 -> c497/RESET_B : -0.012966
[setup in-reg] in7 -> c658/D : 0.000000
[setup reg-reg] c577/Q_N -> s774/D : 0.000000
[setup in-reg] in6 -> c405/D : 0.000000
[setup reg-reg] c576/Q -> s775/D : 0.000000
[setup in-reg] in6 -> c638/D : 0.000000
[setup reg-reg] s770/Q -> s771/D : 0.000000
[setup in-reg] in20 -> c404/D : 0.000000
[setup reg-reg] c396/Q -> c577/D : 0.000000
[setup in-reg] clk -> s773/D : 0.000000
[setup in-reg] in18 -> c653/D : 0.000000
[setup reg-reg] c396/Q -> s770/D : 0.000000
[setup reg-reg] c396/Q -> c576/D : 0.000000
[setup reg-reg] c522/Q -> c646/D : 0.000000
[setup reg-reg] c125/Q -> c362/D : 0.000000
[setup in-reg] in51 -> c371/D : 0.000000
[setup in-reg] in51 -> c336/D : 0.000000
[setup in-reg] in51 -> c351/D : 0.000000
[setup in-reg] in7 -> c643/D : 0.000000
[setup in-reg] in7 -> c396/D : 0.000000
[setup in-reg] in7 -> c642/D : 0.000000
