
===========================================================================
report_checks -unconstrained
===========================================================================
======================= max_tt_025C_1v80 Corner ===================================

Startpoint: in18 (input port clocked by clk)
Endpoint: c612 (recovery check against falling-edge clock clk)
Path Group: asynchronous
Path Type: max

Fanout         Cap        Slew       Delay        Time   Description
---------------------------------------------------------------------------------------------
                                  0.000000    0.000000   clock clk (rise edge)
                                  0.000000    0.000000   clock network delay (propagated)
                                  1.600000    1.600000 v input external delay
     2    0.008856    0.021967    0.014471    1.614470 v in18 (in)
                                                         in18 (net)
                      0.021975    0.000000    1.614470 v input11/A (sky130_fd_sc_hd__buf_8)
    17    0.123146    0.091487    0.143610    1.758080 v input11/X (sky130_fd_sc_hd__buf_8)
                                                         net776 (net)
                      0.141987    0.055005    1.813085 v c132/A (sky130_fd_sc_hd__nor2_8)
     7    0.056639    0.225745    0.257574    2.070660 ^ c132/Y (sky130_fd_sc_hd__nor2_8)
                                                         net64 (net)
                      0.225808    0.003059    2.073719 ^ c139/A (sky130_fd_sc_hd__nand2_8)
     6    0.042362    0.095846    0.111394    2.185113 v c139/Y (sky130_fd_sc_hd__nand2_8)
                                                         net71 (net)
                      0.096462    0.006006    2.191120 v c141/B (sky130_fd_sc_hd__and2_4)
     7    0.065929    0.097301    0.244225    2.435344 v c141/X (sky130_fd_sc_hd__and2_4)
                                                         net73 (net)
                      0.099281    0.010906    2.446250 v c142/B (sky130_fd_sc_hd__nor2_8)
     3    0.029966    0.141740    0.152433    2.598682 ^ c142/Y (sky130_fd_sc_hd__nor2_8)
                                                         net74 (net)
                      0.141845    0.001935    2.600617 ^ fanout168/A (sky130_fd_sc_hd__buf_12)
     7    0.064805    0.085151    0.157981    2.758598 ^ fanout168/X (sky130_fd_sc_hd__buf_12)
                                                         net933 (net)
                      0.086686    0.008953    2.767550 ^ fanout167/A (sky130_fd_sc_hd__buf_8)
     7    0.048882    0.088177    0.144346    2.911897 ^ fanout167/X (sky130_fd_sc_hd__buf_8)
                                                         net932 (net)
                      0.088563    0.004715    2.916612 ^ c143/S1 (sky130_fd_sc_hd__mux4_2)
     6    0.059496    0.218986    0.477251    3.393863 v c143/X (sky130_fd_sc_hd__mux4_2)
                                                         net75 (net)
                      0.219880    0.011986    3.405849 v c144/A (sky130_fd_sc_hd__nand2_8)
     5    0.059954    0.125026    0.185187    3.591036 ^ c144/Y (sky130_fd_sc_hd__nand2_8)
                                                         net76 (net)
                      0.125225    0.003898    3.594934 ^ fanout164/A (sky130_fd_sc_hd__buf_8)
    11    0.040650    0.076169    0.144341    3.739274 ^ fanout164/X (sky130_fd_sc_hd__buf_8)
                                                         net929 (net)
                      0.076821    0.005620    3.744894 ^ c146/B_N (sky130_fd_sc_hd__or2b_4)
     6    0.028809    0.077602    0.311277    4.056171 v c146/X (sky130_fd_sc_hd__or2b_4)
                                                         net78 (net)
                      0.077703    0.002443    4.058615 v c274/B (sky130_fd_sc_hd__or2_4)
    11    0.042939    0.097134    0.302188    4.360803 v c274/X (sky130_fd_sc_hd__or2_4)
                                                         net194 (net)
                      0.097237    0.002853    4.363656 v c280/A2 (sky130_fd_sc_hd__mux4_2)
    15    0.066285    0.234954    0.671700    5.035355 v c280/X (sky130_fd_sc_hd__mux4_2)
                                                         net198 (net)
                      0.235410    0.009195    5.044550 v c282/A2 (sky130_fd_sc_hd__a2111oi_4)
     4    0.012011    0.333535    0.475632    5.520182 ^ c282/Y (sky130_fd_sc_hd__a2111oi_4)
                                                         net200 (net)
                      0.333536    0.000556    5.520738 ^ c283/A1 (sky130_fd_sc_hd__mux4_1)
     4    0.013164    0.146071    0.374295    5.895033 ^ c283/X (sky130_fd_sc_hd__mux4_1)
                                                         net201 (net)
                      0.146071    0.000624    5.895658 ^ c284/A2 (sky130_fd_sc_hd__mux4_2)
     5    0.053404    0.282647    0.446116    6.341774 ^ c284/X (sky130_fd_sc_hd__mux4_2)
                                                         net202 (net)
                      0.282659    0.002228    6.344002 ^ fanout141/A (sky130_fd_sc_hd__buf_4)
    21    0.128788    0.354728    0.384282    6.728284 ^ fanout141/X (sky130_fd_sc_hd__buf_4)
                                                         net906 (net)
                      0.359763    0.033983    6.762268 ^ c420/C_N (sky130_fd_sc_hd__or4bb_4)
     9    0.038765    0.142217    0.670999    7.433267 v c420/X (sky130_fd_sc_hd__or4bb_4)
                                                         net320 (net)
                      0.142272    0.002648    7.435915 v c608/B1 (sky130_fd_sc_hd__a2111oi_1)
     1    0.006328    0.444697    0.493794    7.929708 ^ c608/Y (sky130_fd_sc_hd__a2111oi_1)
                                                         net490 (net)
                      0.444697    0.000472    7.930180 ^ wire1/A (sky130_fd_sc_hd__clkbuf_1)
     2    0.005747    0.079445    0.159030    8.089211 ^ wire1/X (sky130_fd_sc_hd__clkbuf_1)
                                                         net1013 (net)
                      0.079445    0.000188    8.089398 ^ c612/RESET_B (sky130_fd_sc_hd__sdfbbn_1)
                                              8.089398   data arrival time

                                  4.000000    4.000000   clock clk (fall edge)
                                  0.000000    4.000000   clock source latency
     2    0.049074    0.110411    0.080788    4.080788 v clk (in)
                                                         clk (net)
                      0.110986    0.000000    4.080788 v clkbuf_0_clk/A (sky130_fd_sc_hd__clkbuf_16)
    33    0.220189    0.148787    0.264480    4.345268 v clkbuf_0_clk/X (sky130_fd_sc_hd__clkbuf_16)
                                                         clknet_0_clk (net)
                      0.150423    0.012620    4.357888 v clkbuf_4_12_0_clk/A (sky130_fd_sc_hd__clkbuf_8)
    19    0.053682    0.071549    0.222378    4.580266 v clkbuf_4_12_0_clk/X (sky130_fd_sc_hd__clkbuf_8)
                                                         clknet_4_12_0_clk (net)
                      0.071774    0.003451    4.583717 v c612/CLK_N (sky130_fd_sc_hd__sdfbbn_1)
                                 -0.250000    4.333717   clock uncertainty
                                  0.000000    4.333717   clock reconvergence pessimism
                                 -0.058962    4.274755   library recovery time
                                              4.274755   data required time
---------------------------------------------------------------------------------------------
                                              4.274755   data required time
                                             -8.089398   data arrival time
---------------------------------------------------------------------------------------------
                                             -3.814643   slack (VIOLATED)


Startpoint: s826 (negative level-sensitive latch clocked by clk)
Endpoint: c479 (rising edge-triggered flip-flop clocked by clk)
Path Group: clk
Path Type: max

Fanout         Cap        Slew       Delay        Time   Description
---------------------------------------------------------------------------------------------
                                  4.000000    4.000000   clock clk (fall edge)
                                  0.000000    4.000000   clock source latency
     2    0.049074    0.110411    0.080788    4.080788 v clk (in)
                                                         clk (net)
                      0.110986    0.000000    4.080788 v clkbuf_0_clk/A (sky130_fd_sc_hd__clkbuf_16)
    33    0.220189    0.148787    0.264480    4.345268 v clkbuf_0_clk/X (sky130_fd_sc_hd__clkbuf_16)
                                                         clknet_0_clk (net)
                      0.150580    0.013172    4.358440 v clkbuf_4_6_0_clk/A (sky130_fd_sc_hd__clkbuf_8)
     9    0.037868    0.056324    0.209459    4.567899 v clkbuf_4_6_0_clk/X (sky130_fd_sc_hd__clkbuf_8)
                                                         clknet_4_6_0_clk (net)
                      0.056495    0.002667    4.570566 v s826/GATE_N (sky130_fd_sc_hd__dlxbn_1)
                                  3.740700    8.311266   time given to startpoint
                      0.062451    0.000000    8.311266 ^ s826/D (sky130_fd_sc_hd__dlxbn_1)
     1    0.004551    0.057406    0.353431    8.664697 ^ s826/Q (sky130_fd_sc_hd__dlxbn_1)
                                                         net703 (net)
                      0.057406    0.000241    8.664937 ^ c479/SET_B (sky130_fd_sc_hd__sdfbbn_1)
                                              8.664937   data arrival time

                                  0.000000    0.000000   clock clk (rise edge)
                                  0.000000    0.000000   clock source latency
     2    0.050111    0.228747    0.161778    0.161778 ^ clk (in)
                                                         clk (net)
                      0.229047    0.000000    0.161778 ^ clkbuf_0_clk/A (sky130_fd_sc_hd__clkbuf_16)
    33    0.228600    0.240221    0.323625    0.485403 ^ clkbuf_0_clk/X (sky130_fd_sc_hd__clkbuf_16)
                                                         clknet_0_clk (net)
                      0.242174    0.017539    0.502942 ^ clkbuf_4_9_0_clk/A (sky130_fd_sc_hd__clkbuf_8)
    21    0.078931    0.143714    0.267104    0.770046 ^ clkbuf_4_9_0_clk/X (sky130_fd_sc_hd__clkbuf_8)
                                                         clknet_4_9_0_clk (net)
                      0.143941    0.003753    0.773799 ^ s822/CLK (sky130_fd_sc_hd__dlclkp_1)
     1    0.021193    0.217255    0.272943    1.046742 ^ s822/GCLK (sky130_fd_sc_hd__dlclkp_1)
                                                         net697 (net)
                      0.217351    0.002073    1.048815 ^ clkbuf_0_net697/A (sky130_fd_sc_hd__clkbuf_16)
     2    0.024856    0.048465    0.186579    1.235394 ^ clkbuf_0_net697/X (sky130_fd_sc_hd__clkbuf_16)
                                                         clknet_0_net697 (net)
                      0.048550    0.001544    1.236938 ^ clkbuf_1_1__f_net697/A (sky130_fd_sc_hd__clkbuf_16)
     7    0.051025    0.069870    0.150275    1.387212 ^ clkbuf_1_1__f_net697/X (sky130_fd_sc_hd__clkbuf_16)
                                                         clknet_1_1__leaf_net697 (net)
                      0.070044    0.002260    1.389472 ^ c465/D_N (sky130_fd_sc_hd__or4bb_2)
     1    0.004814    0.101977    0.534330    1.923802 v c465/X (sky130_fd_sc_hd__or4bb_2)
                                                         net365 (net)
                      0.101977    0.000364    1.924166 v c475/A1 (sky130_fd_sc_hd__o2111ai_2)
     1    0.011038    0.112869    0.261796    2.185962 ^ c475/Y (sky130_fd_sc_hd__o2111ai_2)
                                                         net377 (net)
                      0.112871    0.000905    2.186867 ^ clkbuf_0_net377/A (sky130_fd_sc_hd__clkbuf_16)
     2    0.021725    0.043418    0.151512    2.338379 ^ clkbuf_0_net377/X (sky130_fd_sc_hd__clkbuf_16)
                                                         clknet_0_net377 (net)
                      0.043535    0.001394    2.339773 ^ clkbuf_1_1__f_net377/A (sky130_fd_sc_hd__clkbuf_16)
     3    0.016029    0.038480    0.120820    2.460593 ^ clkbuf_1_1__f_net377/X (sky130_fd_sc_hd__clkbuf_16)
                                                         clknet_1_1__leaf_net377 (net)
                      0.038490    0.000932    2.461524 ^ c479/RESET_B (sky130_fd_sc_hd__sdfbbn_1)
                                 -0.250000    2.211524   clock uncertainty
                                  0.000000    2.211524   clock reconvergence pessimism
                                 -0.148179    2.063346   library non-sequential setup time
                                              2.063346   data required time
---------------------------------------------------------------------------------------------
                                              2.063346   data required time
                                             -8.664937   data arrival time
---------------------------------------------------------------------------------------------
                                             -6.601592   slack (VIOLATED)




===========================================================================
report_checks --slack_max -0.01
============================================================================
======================= max_tt_025C_1v80 Corner ===================================

Startpoint: in18 (input port clocked by clk)
Endpoint: c612 (recovery check against falling-edge clock clk)
Path Group: asynchronous
Path Type: max

Fanout         Cap        Slew       Delay        Time   Description
---------------------------------------------------------------------------------------------
                                  0.000000    0.000000   clock clk (rise edge)
                                  0.000000    0.000000   clock network delay (propagated)
                                  1.600000    1.600000 v input external delay
     2    0.008856    0.021967    0.014471    1.614470 v in18 (in)
                                                         in18 (net)
                      0.021975    0.000000    1.614470 v input11/A (sky130_fd_sc_hd__buf_8)
    17    0.123146    0.091487    0.143610    1.758080 v input11/X (sky130_fd_sc_hd__buf_8)
                                                         net776 (net)
                      0.141987    0.055005    1.813085 v c132/A (sky130_fd_sc_hd__nor2_8)
     7    0.056639    0.225745    0.257574    2.070660 ^ c132/Y (sky130_fd_sc_hd__nor2_8)
                                                         net64 (net)
                      0.225808    0.003059    2.073719 ^ c139/A (sky130_fd_sc_hd__nand2_8)
     6    0.042362    0.095846    0.111394    2.185113 v c139/Y (sky130_fd_sc_hd__nand2_8)
                                                         net71 (net)
                      0.096462    0.006006    2.191120 v c141/B (sky130_fd_sc_hd__and2_4)
     7    0.065929    0.097301    0.244225    2.435344 v c141/X (sky130_fd_sc_hd__and2_4)
                                                         net73 (net)
                      0.099281    0.010906    2.446250 v c142/B (sky130_fd_sc_hd__nor2_8)
     3    0.029966    0.141740    0.152433    2.598682 ^ c142/Y (sky130_fd_sc_hd__nor2_8)
                                                         net74 (net)
                      0.141845    0.001935    2.600617 ^ fanout168/A (sky130_fd_sc_hd__buf_12)
     7    0.064805    0.085151    0.157981    2.758598 ^ fanout168/X (sky130_fd_sc_hd__buf_12)
                                                         net933 (net)
                      0.086686    0.008953    2.767550 ^ fanout167/A (sky130_fd_sc_hd__buf_8)
     7    0.048882    0.088177    0.144346    2.911897 ^ fanout167/X (sky130_fd_sc_hd__buf_8)
                                                         net932 (net)
                      0.088563    0.004715    2.916612 ^ c143/S1 (sky130_fd_sc_hd__mux4_2)
     6    0.059496    0.218986    0.477251    3.393863 v c143/X (sky130_fd_sc_hd__mux4_2)
                                                         net75 (net)
                      0.219880    0.011986    3.405849 v c144/A (sky130_fd_sc_hd__nand2_8)
     5    0.059954    0.125026    0.185187    3.591036 ^ c144/Y (sky130_fd_sc_hd__nand2_8)
                                                         net76 (net)
                      0.125225    0.003898    3.594934 ^ fanout164/A (sky130_fd_sc_hd__buf_8)
    11    0.040650    0.076169    0.144341    3.739274 ^ fanout164/X (sky130_fd_sc_hd__buf_8)
                                                         net929 (net)
                      0.076821    0.005620    3.744894 ^ c146/B_N (sky130_fd_sc_hd__or2b_4)
     6    0.028809    0.077602    0.311277    4.056171 v c146/X (sky130_fd_sc_hd__or2b_4)
                                                         net78 (net)
                      0.077703    0.002443    4.058615 v c274/B (sky130_fd_sc_hd__or2_4)
    11    0.042939    0.097134    0.302188    4.360803 v c274/X (sky130_fd_sc_hd__or2_4)
                                                         net194 (net)
                      0.097237    0.002853    4.363656 v c280/A2 (sky130_fd_sc_hd__mux4_2)
    15    0.066285    0.234954    0.671700    5.035355 v c280/X (sky130_fd_sc_hd__mux4_2)
                                                         net198 (net)
                      0.235410    0.009195    5.044550 v c282/A2 (sky130_fd_sc_hd__a2111oi_4)
     4    0.012011    0.333535    0.475632    5.520182 ^ c282/Y (sky130_fd_sc_hd__a2111oi_4)
                                                         net200 (net)
                      0.333536    0.000556    5.520738 ^ c283/A1 (sky130_fd_sc_hd__mux4_1)
     4    0.013164    0.146071    0.374295    5.895033 ^ c283/X (sky130_fd_sc_hd__mux4_1)
                                                         net201 (net)
                      0.146071    0.000624    5.895658 ^ c284/A2 (sky130_fd_sc_hd__mux4_2)
     5    0.053404    0.282647    0.446116    6.341774 ^ c284/X (sky130_fd_sc_hd__mux4_2)
                                                         net202 (net)
                      0.282659    0.002228    6.344002 ^ fanout141/A (sky130_fd_sc_hd__buf_4)
    21    0.128788    0.354728    0.384282    6.728284 ^ fanout141/X (sky130_fd_sc_hd__buf_4)
                                                         net906 (net)
                      0.359763    0.033983    6.762268 ^ c420/C_N (sky130_fd_sc_hd__or4bb_4)
     9    0.038765    0.142217    0.670999    7.433267 v c420/X (sky130_fd_sc_hd__or4bb_4)
                                                         net320 (net)
                      0.142272    0.002648    7.435915 v c608/B1 (sky130_fd_sc_hd__a2111oi_1)
     1    0.006328    0.444697    0.493794    7.929708 ^ c608/Y (sky130_fd_sc_hd__a2111oi_1)
                                                         net490 (net)
                      0.444697    0.000472    7.930180 ^ wire1/A (sky130_fd_sc_hd__clkbuf_1)
     2    0.005747    0.079445    0.159030    8.089211 ^ wire1/X (sky130_fd_sc_hd__clkbuf_1)
                                                         net1013 (net)
                      0.079445    0.000188    8.089398 ^ c612/RESET_B (sky130_fd_sc_hd__sdfbbn_1)
                                              8.089398   data arrival time

                                  4.000000    4.000000   clock clk (fall edge)
                                  0.000000    4.000000   clock source latency
     2    0.049074    0.110411    0.080788    4.080788 v clk (in)
                                                         clk (net)
                      0.110986    0.000000    4.080788 v clkbuf_0_clk/A (sky130_fd_sc_hd__clkbuf_16)
    33    0.220189    0.148787    0.264480    4.345268 v clkbuf_0_clk/X (sky130_fd_sc_hd__clkbuf_16)
                                                         clknet_0_clk (net)
                      0.150423    0.012620    4.357888 v clkbuf_4_12_0_clk/A (sky130_fd_sc_hd__clkbuf_8)
    19    0.053682    0.071549    0.222378    4.580266 v clkbuf_4_12_0_clk/X (sky130_fd_sc_hd__clkbuf_8)
                                                         clknet_4_12_0_clk (net)
                      0.071774    0.003451    4.583717 v c612/CLK_N (sky130_fd_sc_hd__sdfbbn_1)
                                 -0.250000    4.333717   clock uncertainty
                                  0.000000    4.333717   clock reconvergence pessimism
                                 -0.058962    4.274755   library recovery time
                                              4.274755   data required time
---------------------------------------------------------------------------------------------
                                              4.274755   data required time
                                             -8.089398   data arrival time
---------------------------------------------------------------------------------------------
                                             -3.814643   slack (VIOLATED)


Startpoint: s826 (negative level-sensitive latch clocked by clk)
Endpoint: c479 (rising edge-triggered flip-flop clocked by clk)
Path Group: clk
Path Type: max

Fanout         Cap        Slew       Delay        Time   Description
---------------------------------------------------------------------------------------------
                                  4.000000    4.000000   clock clk (fall edge)
                                  0.000000    4.000000   clock source latency
     2    0.049074    0.110411    0.080788    4.080788 v clk (in)
                                                         clk (net)
                      0.110986    0.000000    4.080788 v clkbuf_0_clk/A (sky130_fd_sc_hd__clkbuf_16)
    33    0.220189    0.148787    0.264480    4.345268 v clkbuf_0_clk/X (sky130_fd_sc_hd__clkbuf_16)
                                                         clknet_0_clk (net)
                      0.150580    0.013172    4.358440 v clkbuf_4_6_0_clk/A (sky130_fd_sc_hd__clkbuf_8)
     9    0.037868    0.056324    0.209459    4.567899 v clkbuf_4_6_0_clk/X (sky130_fd_sc_hd__clkbuf_8)
                                                         clknet_4_6_0_clk (net)
                      0.056495    0.002667    4.570566 v s826/GATE_N (sky130_fd_sc_hd__dlxbn_1)
                                  3.740700    8.311266   time given to startpoint
                      0.062451    0.000000    8.311266 ^ s826/D (sky130_fd_sc_hd__dlxbn_1)
     1    0.004551    0.057406    0.353431    8.664697 ^ s826/Q (sky130_fd_sc_hd__dlxbn_1)
                                                         net703 (net)
                      0.057406    0.000241    8.664937 ^ c479/SET_B (sky130_fd_sc_hd__sdfbbn_1)
                                              8.664937   data arrival time

                                  0.000000    0.000000   clock clk (rise edge)
                                  0.000000    0.000000   clock source latency
     2    0.050111    0.228747    0.161778    0.161778 ^ clk (in)
                                                         clk (net)
                      0.229047    0.000000    0.161778 ^ clkbuf_0_clk/A (sky130_fd_sc_hd__clkbuf_16)
    33    0.228600    0.240221    0.323625    0.485403 ^ clkbuf_0_clk/X (sky130_fd_sc_hd__clkbuf_16)
                                                         clknet_0_clk (net)
                      0.242174    0.017539    0.502942 ^ clkbuf_4_9_0_clk/A (sky130_fd_sc_hd__clkbuf_8)
    21    0.078931    0.143714    0.267104    0.770046 ^ clkbuf_4_9_0_clk/X (sky130_fd_sc_hd__clkbuf_8)
                                                         clknet_4_9_0_clk (net)
                      0.143941    0.003753    0.773799 ^ s822/CLK (sky130_fd_sc_hd__dlclkp_1)
     1    0.021193    0.217255    0.272943    1.046742 ^ s822/GCLK (sky130_fd_sc_hd__dlclkp_1)
                                                         net697 (net)
                      0.217351    0.002073    1.048815 ^ clkbuf_0_net697/A (sky130_fd_sc_hd__clkbuf_16)
     2    0.024856    0.048465    0.186579    1.235394 ^ clkbuf_0_net697/X (sky130_fd_sc_hd__clkbuf_16)
                                                         clknet_0_net697 (net)
                      0.048550    0.001544    1.236938 ^ clkbuf_1_1__f_net697/A (sky130_fd_sc_hd__clkbuf_16)
     7    0.051025    0.069870    0.150275    1.387212 ^ clkbuf_1_1__f_net697/X (sky130_fd_sc_hd__clkbuf_16)
                                                         clknet_1_1__leaf_net697 (net)
                      0.070044    0.002260    1.389472 ^ c465/D_N (sky130_fd_sc_hd__or4bb_2)
     1    0.004814    0.101977    0.534330    1.923802 v c465/X (sky130_fd_sc_hd__or4bb_2)
                                                         net365 (net)
                      0.101977    0.000364    1.924166 v c475/A1 (sky130_fd_sc_hd__o2111ai_2)
     1    0.011038    0.112869    0.261796    2.185962 ^ c475/Y (sky130_fd_sc_hd__o2111ai_2)
                                                         net377 (net)
                      0.112871    0.000905    2.186867 ^ clkbuf_0_net377/A (sky130_fd_sc_hd__clkbuf_16)
     2    0.021725    0.043418    0.151512    2.338379 ^ clkbuf_0_net377/X (sky130_fd_sc_hd__clkbuf_16)
                                                         clknet_0_net377 (net)
                      0.043535    0.001394    2.339773 ^ clkbuf_1_1__f_net377/A (sky130_fd_sc_hd__clkbuf_16)
     3    0.016029    0.038480    0.120820    2.460593 ^ clkbuf_1_1__f_net377/X (sky130_fd_sc_hd__clkbuf_16)
                                                         clknet_1_1__leaf_net377 (net)
                      0.038490    0.000932    2.461524 ^ c479/RESET_B (sky130_fd_sc_hd__sdfbbn_1)
                                 -0.250000    2.211524   clock uncertainty
                                  0.000000    2.211524   clock reconvergence pessimism
                                 -0.148179    2.063346   library non-sequential setup time
                                              2.063346   data required time
---------------------------------------------------------------------------------------------
                                              2.063346   data required time
                                             -8.664937   data arrival time
---------------------------------------------------------------------------------------------
                                             -6.601592   slack (VIOLATED)




===========================================================================
 report_check_types -max_slew -max_cap -max_fanout -violators
============================================================================
======================= max_tt_025C_1v80 Corner ===================================

max fanout

Pin                                   Limit Fanout  Slack
---------------------------------------------------------
clkbuf_0_clk/X                           10     33    -23 (VIOLATED)
clkbuf_4_13_0_clk/X                      10     25    -15 (VIOLATED)
clkbuf_4_2_0_clk/X                       10     25    -15 (VIOLATED)
input35/X                                10     23    -13 (VIOLATED)
c154/X                                   10     21    -11 (VIOLATED)
c168/X                                   10     21    -11 (VIOLATED)
c264/X                                   10     21    -11 (VIOLATED)
c285/X                                   10     21    -11 (VIOLATED)
c289/Y                                   10     21    -11 (VIOLATED)
c297/Y                                   10     21    -11 (VIOLATED)
c444/Q                                   10     21    -11 (VIOLATED)
clkbuf_4_1_0_clk/X                       10     21    -11 (VIOLATED)
clkbuf_4_8_0_clk/X                       10     21    -11 (VIOLATED)
clkbuf_4_9_0_clk/X                       10     21    -11 (VIOLATED)
fanout129/X                              10     21    -11 (VIOLATED)
fanout135/X                              10     21    -11 (VIOLATED)
fanout141/X                              10     21    -11 (VIOLATED)
fanout151/X                              10     21    -11 (VIOLATED)
fanout157/X                              10     21    -11 (VIOLATED)
fanout158/X                              10     21    -11 (VIOLATED)
fanout160/X                              10     21    -11 (VIOLATED)
fanout162/X                              10     21    -11 (VIOLATED)
fanout166/X                              10     21    -11 (VIOLATED)
fanout169/X                              10     21    -11 (VIOLATED)
fanout170/X                              10     21    -11 (VIOLATED)
fanout171/X                              10     21    -11 (VIOLATED)
fanout172/X                              10     21    -11 (VIOLATED)
fanout173/X                              10     21    -11 (VIOLATED)
fanout174/X                              10     21    -11 (VIOLATED)
fanout175/X                              10     21    -11 (VIOLATED)
fanout176/X                              10     21    -11 (VIOLATED)
input13/X                                10     21    -11 (VIOLATED)
input20/X                                10     21    -11 (VIOLATED)
input57/X                                10     21    -11 (VIOLATED)
input8/X                                 10     21    -11 (VIOLATED)
input9/X                                 10     21    -11 (VIOLATED)
input1/X                                 10     20    -10 (VIOLATED)
input12/X                                10     20    -10 (VIOLATED)
input4/X                                 10     20    -10 (VIOLATED)
input46/X                                10     20    -10 (VIOLATED)
c167/X                                   10     19     -9 (VIOLATED)
c202/X                                   10     19     -9 (VIOLATED)
c286/X                                   10     19     -9 (VIOLATED)
c293/X                                   10     19     -9 (VIOLATED)
c419/Y                                   10     19     -9 (VIOLATED)
c444/Q_N                                 10     19     -9 (VIOLATED)
c667/Y                                   10     19     -9 (VIOLATED)
clkbuf_4_10_0_clk/X                      10     19     -9 (VIOLATED)
clkbuf_4_12_0_clk/X                      10     19     -9 (VIOLATED)
clkbuf_4_5_0_clk/X                       10     19     -9 (VIOLATED)
input22/X                                10     19     -9 (VIOLATED)
input3/X                                 10     19     -9 (VIOLATED)
input51/X                                10     19     -9 (VIOLATED)
input6/X                                 10     19     -9 (VIOLATED)
input7/X                                 10     19     -9 (VIOLATED)
c147/X                                   10     17     -7 (VIOLATED)
c153/X                                   10     17     -7 (VIOLATED)
c290/X                                   10     17     -7 (VIOLATED)
c446/Y                                   10     17     -7 (VIOLATED)
c531/X                                   10     17     -7 (VIOLATED)
c668/X                                   10     17     -7 (VIOLATED)
c80/X                                    10     17     -7 (VIOLATED)
c83/X                                    10     17     -7 (VIOLATED)
clkbuf_4_0_0_clk/X                       10     17     -7 (VIOLATED)
clkbuf_4_11_0_clk/X                      10     17     -7 (VIOLATED)
clkbuf_4_15_0_clk/X                      10     17     -7 (VIOLATED)
input11/X                                10     17     -7 (VIOLATED)
input2/X                                 10     17     -7 (VIOLATED)
input5/X                                 10     17     -7 (VIOLATED)
input60/X                                10     17     -7 (VIOLATED)
s836/Q                                   10     17     -7 (VIOLATED)
input61/X                                10     16     -6 (VIOLATED)
c138/Y                                   10     15     -5 (VIOLATED)
c152/X                                   10     15     -5 (VIOLATED)
c155/Y                                   10     15     -5 (VIOLATED)
c160/X                                   10     15     -5 (VIOLATED)
c165/X                                   10     15     -5 (VIOLATED)
c227/X                                   10     15     -5 (VIOLATED)
c271/X                                   10     15     -5 (VIOLATED)
c276/Y                                   10     15     -5 (VIOLATED)
c280/X                                   10     15     -5 (VIOLATED)
c310/Y                                   10     15     -5 (VIOLATED)
c320/Y                                   10     15     -5 (VIOLATED)
c406/Y                                   10     15     -5 (VIOLATED)
c528/Y                                   10     15     -5 (VIOLATED)
c660/X                                   10     15     -5 (VIOLATED)
c664/Y                                   10     15     -5 (VIOLATED)
c95/X                                    10     15     -5 (VIOLATED)
clkbuf_4_3_0_clk/X                       10     15     -5 (VIOLATED)
fanout147/X                              10     15     -5 (VIOLATED)
input10/X                                10     15     -5 (VIOLATED)
input15/X                                10     15     -5 (VIOLATED)
input21/X                                10     15     -5 (VIOLATED)
input42/X                                10     15     -5 (VIOLATED)
c137/Y                                   10     13     -3 (VIOLATED)
c149/Y                                   10     13     -3 (VIOLATED)
c166/X                                   10     13     -3 (VIOLATED)
c180/Y                                   10     13     -3 (VIOLATED)
c191/Y                                   10     13     -3 (VIOLATED)
c212/Y                                   10     13     -3 (VIOLATED)
c397/Y                                   10     13     -3 (VIOLATED)
c400/X                                   10     13     -3 (VIOLATED)
c402/X                                   10     13     -3 (VIOLATED)
c452/X                                   10     13     -3 (VIOLATED)
c565/X                                   10     13     -3 (VIOLATED)
c579/X                                   10     13     -3 (VIOLATED)
c586/Y                                   10     13     -3 (VIOLATED)
c63/X                                    10     13     -3 (VIOLATED)
c64/X                                    10     13     -3 (VIOLATED)
c71/X                                    10     13     -3 (VIOLATED)
c82/Y                                    10     13     -3 (VIOLATED)
input14/X                                10     13     -3 (VIOLATED)
input16/X                                10     13     -3 (VIOLATED)
input18/X                                10     13     -3 (VIOLATED)
input48/X                                10     13     -3 (VIOLATED)
input54/X                                10     13     -3 (VIOLATED)
c134/X                                   10     11        (VIOLATED)
c135/Y                                   10     11        (VIOLATED)
c151/X                                   10     11        (VIOLATED)
c157/X                                   10     11        (VIOLATED)
c158/X                                   10     11        (VIOLATED)
c170/X                                   10     11        (VIOLATED)
c176/X                                   10     11        (VIOLATED)
c186/Y                                   10     11        (VIOLATED)
c190/X                                   10     11        (VIOLATED)
c194/X                                   10     11        (VIOLATED)
c195/Y                                   10     11        (VIOLATED)
c204/X                                   10     11        (VIOLATED)
c267/X                                   10     11        (VIOLATED)
c268/Y                                   10     11        (VIOLATED)
c270/X                                   10     11        (VIOLATED)
c273/Y                                   10     11        (VIOLATED)
c274/X                                   10     11        (VIOLATED)
c275/X                                   10     11        (VIOLATED)
c339/X                                   10     11        (VIOLATED)
c340/X                                   10     11        (VIOLATED)
c343/Y                                   10     11        (VIOLATED)
c471/Q                                   10     11        (VIOLATED)
c68/Y                                    10     11        (VIOLATED)
c79/X                                    10     11        (VIOLATED)
c84/X                                    10     11        (VIOLATED)
clkbuf_1_0__f_net685/X                   10     11        (VIOLATED)
clone21/X                                10     11        (VIOLATED)
clone3/X                                 10     11        (VIOLATED)
fanout164/X                              10     11        (VIOLATED)
input27/X                                10     11        (VIOLATED)
input28/X                                10     11        (VIOLATED)
input30/X                                10     11        (VIOLATED)
input32/X                                10     11        (VIOLATED)
input34/X                                10     11        (VIOLATED)
input37/X                                10     11        (VIOLATED)
input38/X                                10     11        (VIOLATED)
merge808/Q                               10     11        (VIOLATED)
s821/Q                                   10     11        (VIOLATED)

max capacitance

Pin                                        Limit         Cap       Slack
------------------------------------------------------------------------
clkbuf_0_clk/X                          0.200000    0.228600   -0.028600 (VIOLATED)



===========================================================================
report_parasitic_annotation -report_unannotated
============================================================================
Found 15 unannotated drivers.
 rst
 c478/Q_N
 c479/Q_N
 c480/Q_N
 c482/Q_N
 c722/Q_N
 s833/Q_N
 s842/Q_N
 s843/Q_N
 s849/Q_N
 s857/Q_N
 s858/Q_N
 s866/Q_N
 s873/Q_N
 s875/Q_N
Found 0 partially unannotated drivers.

===========================================================================
max slew violation count 0
max fanout violation count 154
max cap violation count 1
============================================================================

===========================================================================
check_setup -verbose -unconstrained_endpoints -multiple_clock -no_clock -no_input_delay -loops -generated_clocks
===========================================================================
Warning: There are 6 unconstrained endpoints.
  out42
  out5
  out56
  out57
  out8
  merge814/D
