
===========================================================================
Violator List
============================================================================
[hold reg-reg] s936/Q -> merge890/RESET_B : -0.111915
[hold reg-reg] s929/Q_N -> c297/SET_B : -0.060275
[hold reg-reg] s925/Q -> c364/SET_B : -0.055574
[hold reg-reg] merge919/Q -> merge839/RESET_B : -0.046996
[hold reg-reg] s938/Q -> c731/SET_B : -0.046278
[hold reg-reg] merge913/Q -> merge898/RESET_B : -0.038332
[hold reg-reg] s950/Q -> merge894/RESET_B : -0.023388
[hold reg-reg] s947/Q -> merge869/SET_B : -0.017587
[hold reg-reg] s929/Q_N -> merge838/D : -0.012053
[hold reg-reg] s931/Q_N -> merge866/SET_B : -0.010628
[hold reg-reg] c462/Q_N -> c598/SET_B : -0.009147
[setup reg-reg] s930/Q_N -> c707/RESET_B : -8.229897
[setup reg-reg] merge905/Q -> c609/RESET_B : -6.712543
[setup reg-reg] merge838/Q -> c359/RESET_B : -5.280772
[setup in-reg] in38 -> c257/RESET_B : -5.259848
[setup in-reg] in38 -> c262/RESET_B : -5.252574
[setup reg-out] s930/Q_N -> out25 : -2.677090
[setup reg-out] s930/Q_N -> out12 : -2.616806
[setup reg-out] s934/Q -> out29 : -2.468120
[setup reg-out] s930/Q -> out56 : -2.277111
[setup reg-out] s930/Q -> out48 : -2.209277
[setup reg-out] s930/Q -> out58 : -2.194646
[setup in-reg] in33 -> c737/SET_B : -2.072003
[setup reg-reg] merge878/Q -> s947/D : -2.003252
[setup reg-out] s930/Q -> out45 : -1.916728
[setup reg-reg] merge878/Q -> merge907/RESET_B : -1.908712
[setup reg-reg] merge874/Q -> merge907/D : -1.852269
[setup reg-out] merge877/Q -> out50 : -1.837439
[setup in-reg] in38 -> merge874/D : -1.778501
[setup in-reg] in4 -> merge873/RESET_B : -1.738177
[setup in-reg] in38 -> c257/D : -1.727566
[setup in-reg] in38 -> merge906/RESET_B : -1.653009
[setup reg-reg] s930/Q_N -> merge881/D : -1.624595
[setup in-reg] in4 -> merge912/D : -1.601016
[setup in-reg] in38 -> s951/D : -1.598633
[setup in-reg] in4 -> merge894/RESET_B : -1.587151
[setup reg-reg] merge874/Q -> c609/SET_B : -1.555913
[setup reg-reg] merge878/Q -> merge912/RESET_B : -1.538258
[setup in-reg] in4 -> merge874/RESET_B : -1.536197
[setup in-reg] in4 -> merge913/D : -1.490126
[setup in-reg] in4 -> merge913/RESET_B : -1.480346
[setup in-reg] in4 -> merge879/RESET_B : -1.471502
[setup in-reg] clk -> c359/SET_B : -1.450454
[setup reg-reg] merge877/Q -> merge898/D : -1.423295
[setup in-reg] in4 -> c305/D : -1.416015
[setup in-reg] in38 -> c257/RESET_B : -1.378087
[setup in-reg] in4 -> s936/D : -1.360057
[setup in-reg] in4 -> merge894/D : -1.346666
[setup in-reg] in4 -> merge878/D : -1.335963
[setup reg-reg] s930/Q_N -> merge895/RESET_B : -1.335710
[setup reg-reg] merge877/Q -> merge887/SCE : -1.335701
[setup in-reg] in4 -> s935/D : -1.313860
[setup in-reg] in4 -> merge879/D : -1.311743
[setup reg-reg] s930/Q_N -> merge876/D : -1.308780
[setup reg-reg] s930/Q -> merge864/D : -1.302404
[setup in-reg] in4 -> merge878/RESET_B : -1.289358
[setup reg-reg] s930/Q_N -> merge914/DE : -1.275573
[setup reg-reg] s930/Q_N -> merge887/GATE : -1.252913
[setup reg-reg] s930/Q_N -> merge893/D : -1.242476
[setup reg-reg] s930/Q_N -> merge896/RESET_B : -1.227266
[setup reg-reg] merge877/Q -> merge908/D : -1.206312
[setup in-reg] in4 -> c241/SCD : -1.203250
[setup reg-reg] merge874/Q -> merge911/D : -1.197052
[setup reg-reg] s930/Q_N -> s938/D : -1.193324
[setup in-reg] in4 -> merge906/D : -1.175975
[setup reg-reg] merge877/Q -> merge875/RESET_B : -1.158842
[setup reg-reg] s930/Q_N -> merge903/SET_B : -1.136610
[setup in-reg] in4 -> c305/SCE : -1.108196
[setup reg-reg] s930/Q_N -> merge909/D : -1.097351
[setup in-reg] in4 -> merge838/D : -1.075669
[setup in-reg] in4 -> merge880/RESET_B : -1.065396
[setup reg-reg] s930/Q_N -> s949/D : -1.064936
[setup in-reg] clk -> c262/SET_B : -1.062797
[setup reg-reg] s930/Q -> s939/D : -1.062400
[setup in-reg] in4 -> s931/D : -1.054990
[setup reg-reg] s930/Q -> merge904/RESET_B : -1.054016
[setup in-reg] in38 -> c241/D : -1.050573
[setup reg-reg] merge874/Q -> c469/RESET_B : -1.041512
[setup reg-reg] s930/Q -> s937/D : -1.038218
[setup in-reg] in4 -> c707/SCD : -1.035651
[setup in-reg] in38 -> c359/SCD : -1.007127
[setup in-reg] in4 -> c469/D : -0.986788
[setup in-reg] in4 -> c580/SCE : -0.984764
[setup reg-reg] merge871/Q -> merge855/D : -0.967392
[setup in-reg] in4 -> c359/D : -0.956172
[setup reg-reg] s934/Q -> s946/D : -0.945754
[setup in-reg] in38 -> c333/RESET_B : -0.943767
[setup reg-reg] s934/Q -> s945/D : -0.941043
[setup in-reg] in4 -> c333/SCD : -0.928704
[setup in-reg] in4 -> merge873/D : -0.922473
[setup in-reg] in4 -> c414/RESET_B : -0.910074
[setup reg-reg] merge879/Q -> c709/RESET_B : -0.904611
[setup reg-reg] merge871/Q -> merge920/RESET_B : -0.886116
[setup reg-reg] merge879/Q -> merge911/RESET_B : -0.885970
[setup reg-reg] merge874/Q -> c333/D : -0.875279
[setup reg-reg] s934/Q -> s948/D : -0.875087
[setup in-reg] in4 -> c469/SET_B : -0.867645
[setup in-reg] in4 -> c610/SCD : -0.865010
[setup reg-reg] s930/Q -> merge867/D : -0.857562
[setup reg-reg] merge877/Q -> merge915/DE : -0.855946
[setup in-reg] in4 -> c609/SCE : -0.853049
[setup reg-reg] merge870/Q -> merge919/RESET_B : -0.840549
[setup reg-reg] s930/Q_N -> merge910/RESET_B : -0.798584
[setup reg-reg] s930/Q_N -> merge896/D : -0.794622
[setup in-reg] in4 -> c420/SCE : -0.790214
[setup reg-reg] s930/Q_N -> c616/SET_B : -0.786788
[setup in-reg] in4 -> c609/RESET_B : -0.782454
[setup in-reg] in4 -> c333/SCE : -0.775972
[setup reg-reg] s934/Q -> c584/SCD : -0.770454
[setup reg-reg] s930/Q_N -> merge864/SET_B : -0.748217
[setup reg-reg] s930/Q -> merge899/SET_B : -0.723033
[setup reg-reg] s934/Q -> c578/D : -0.714167
[setup in-reg] in4 -> c297/RESET_B : -0.703022
[setup reg-reg] merge871/Q_N -> merge920/D : -0.701709
[setup reg-reg] s930/Q_N -> c616/D : -0.700532
[setup reg-reg] s930/Q_N -> merge890/D : -0.688289
[setup in-reg] in4 -> c709/SCE : -0.667122
[setup reg-reg] s930/Q -> merge884/SCE : -0.649679
[setup reg-reg] merge909/Q -> s942/GATE : -0.634271
[setup reg-reg] merge877/Q -> c598/RESET_B : -0.633964
[setup in-reg] in4 -> merge838/RESET_B : -0.631545
[setup reg-reg] merge877/Q -> s930/D : -0.629080
[setup reg-reg] s930/Q_N -> merge900/D : -0.626121
[setup reg-reg] s934/Q -> merge869/D : -0.621471
[setup in-reg] in4 -> c420/RESET_B : -0.619135
[setup reg-reg] merge911/Q -> c707/RESET_B : -0.618783
[setup reg-reg] s930/Q_N -> s934/D : -0.616451
[setup reg-reg] merge909/Q -> merge914/D : -0.616318
[setup reg-reg] s930/Q -> merge877/D : -0.611883
[setup reg-reg] s930/Q_N -> merge890/RESET_B : -0.593629
[setup reg-reg] merge871/Q -> merge902/D : -0.586710
[setup reg-reg] merge871/Q_N -> c334/SCD : -0.580732
[setup reg-reg] merge913/Q -> c359/RESET_B : -0.570186
[setup reg-reg] s934/Q -> merge918/GATE : -0.560060
[setup reg-reg] s934/Q -> c731/SCD : -0.546357
[setup reg-reg] merge873/Q -> c432/SCD : -0.536613
[setup reg-reg] s934/Q -> merge870/D : -0.529853
[setup reg-reg] s948/Q -> c731/D : -0.521834
[setup reg-reg] merge870/Q -> merge869/SET_B : -0.516502
[setup reg-reg] s930/Q_N -> merge867/SET_B : -0.507559
[setup reg-reg] s934/Q -> s943/GATE : -0.507085
[setup reg-reg] s948/Q -> merge866/D : -0.502356
[setup reg-reg] merge873/Q -> c432/RESET_B : -0.500501
[setup reg-reg] s934/Q -> c584/SCE : -0.494873
[setup reg-reg] s930/Q_N -> merge839/D : -0.491352
[setup reg-reg] s934/Q -> merge895/D : -0.489919
[setup reg-reg] s930/Q_N -> c737/SCE : -0.456252
[setup reg-reg] merge871/Q_N -> merge857/D : -0.443745
[setup reg-reg] merge871/Q_N -> c334/D : -0.440732
[setup reg-reg] merge871/Q -> c262/D : -0.435965
[setup reg-reg] merge909/Q -> c598/D : -0.435442
[setup reg-reg] merge873/Q -> c420/D : -0.417557
[setup reg-reg] merge913/Q -> c305/SCD : -0.412761
[setup in-reg] in4 -> c420/SCD : -0.403672
[setup reg-reg] merge871/Q -> merge871/D : -0.393547
[setup reg-reg] s948/Q -> merge908/RESET_B : -0.386072
[setup in-reg] in4 -> c241/RESET_B : -0.382504
[setup reg-reg] s934/Q -> merge901/SET_B : -0.351426
[setup in-reg] in4 -> c305/RESET_B : -0.339232
[setup reg-reg] s948/Q -> c737/RESET_B : -0.337561
[setup reg-reg] merge870/Q_N -> merge909/RESET_B : -0.318616
[setup reg-reg] merge873/Q_N -> c432/D : -0.312881
[setup reg-reg] s934/Q -> merge877/RESET_B : -0.312404
[setup reg-reg] s930/Q_N -> merge876/RESET_B : -0.308463
[setup reg-reg] s930/Q -> merge893/RESET_B : -0.300751
[setup reg-reg] merge870/Q_N -> merge870/RESET_B : -0.264972
[setup reg-reg] merge873/Q -> c420/SET_B : -0.239306
[setup in-reg] in4 -> c709/SCD : -0.225335
[setup reg-reg] merge871/Q_N -> merge898/RESET_B : -0.212887
[setup reg-reg] merge877/Q -> c589/RESET_B : -0.151237
[setup reg-reg] merge913/Q -> c305/SET_B : -0.112615
[setup reg-reg] merge913/Q -> c333/SET_B : -0.112064
[setup reg-reg] s931/Q_N -> c414/SET_B : -0.103272
[setup in-reg] in4 -> c610/SET_B : -0.073790
[setup reg-reg] merge905/Q_N -> s950/D : 0.000000
[setup reg-reg] s932/Q -> s933/D : 0.000000
[setup reg-reg] s929/Q -> merge905/D : 0.000000
[setup reg-reg] s929/Q -> merge910/D : 0.000000
[setup reg-reg] s929/Q -> merge904/D : 0.000000
[setup reg-reg] s929/Q -> s932/D : 0.000000
[setup in-reg] in4 -> merge875/D : 0.000000
[setup in-reg] in4 -> s929/D : 0.000000
