[INFO PSM-0040] All shapes on net VPWR are connected.
########## IR report #################
Net              : VPWR
Corner           : nom_tt_025C_1v80
Supply voltage   : 1.80e+00 V
Worstcase voltage: 6.38e-01 V
Average voltage  : 1.64e+00 V
Average IR drop  : 1.56e-01 V
Worstcase IR drop: 1.16e+00 V
Percentage drop  : 64.54 %
######################################
[INFO PSM-0040] All shapes on net VGND are connected.
########## IR report #################
Net              : VGND
Corner           : nom_tt_025C_1v80
Supply voltage   : 0.00e+00 V
Worstcase voltage: 1.20e+00 V
Average voltage  : 1.45e-01 V
Average IR drop  : 1.45e-01 V
Worstcase IR drop: 1.20e+00 V
Percentage drop  : 66.77 %
######################################
