
===========================================================================
Violator List
============================================================================
[hold in-reg] clk -> c447/SET_B : -3.489965
[hold in-reg] clk -> c668/RESET_B : -2.330647
[hold reg-reg] s924/Q -> c582/SET_B : -1.903130
[hold in-reg] clk -> c331/SET_B : -0.999284
[hold reg-reg] s895/Q -> c553/SET_B : -0.935053
[hold reg-reg] s924/Q -> c582/RESET_B : -0.900216
[hold reg-reg] s936/Q_N -> c578/SET_B : -0.151817
[hold in-reg] clk -> c583/SET_B : -0.059895
[hold reg-reg] c297/Q -> merge783/RESET_B : -0.029613
[setup reg-reg] merge821/Q -> c447/RESET_B : -11.238153
[setup reg-reg] merge819/Q -> c668/SET_B : -9.406863
[setup reg-reg] merge821/Q -> c331/RESET_B : -8.735437
[setup reg-reg] s923/Q -> c582/SET_B : -7.671646
[setup reg-reg] s903/Q -> c366/SET_B : -7.639857
[setup reg-out] merge821/Q -> out3 : -7.551474
[setup reg-out] merge821/Q -> out19 : -7.413723
[setup in-reg] in3 -> c337/RESET_B : -7.389640
[setup reg-reg] merge823/Q -> s973/D : -7.047899
[setup reg-reg] merge823/Q -> merge853/RESET_B : -6.876750
[setup reg-reg] merge823/Q -> s941/D : -6.827183
[setup reg-out] merge847/Q -> out13 : -6.786407
[setup reg-reg] merge823/Q -> merge836/D : -6.752382
[setup reg-reg] merge823/Q -> merge876/D : -6.682569
[setup reg-reg] merge823/Q -> s925/D : -6.678790
[setup reg-out] merge821/Q -> out12 : -6.677716
[setup reg-reg] merge827/Q -> merge853/D : -6.616647
[setup reg-reg] s939/Q -> c566/SET_B : -6.571893
[setup reg-reg] merge827/Q -> merge855/D : -6.525446
[setup reg-reg] merge823/Q -> merge875/D : -6.484199
[setup reg-reg] merge823/Q -> merge836/RESET_B : -6.307673
[setup reg-reg] merge823/Q -> merge864/RESET_B : -6.230009
[setup reg-reg] merge827/Q -> c582/RESET_B : -6.182244
[setup reg-reg] merge821/Q -> merge857/D : -6.131063
[setup reg-reg] merge821/Q -> merge852/D : -6.114705
[setup in-reg] in3 -> merge854/D : -6.005917
[setup reg-reg] s955/Q -> merge839/D : -6.001953
[setup reg-out] s889/Q -> out48 : -5.960495
[setup reg-reg] merge823/Q -> s920/D : -5.908544
[setup in-reg] in51 -> s893/D : -5.904433
[setup reg-reg] merge827/Q -> merge848/D : -5.888676
[setup reg-reg] merge821/Q -> s947/GATE : -5.853106
[setup reg-reg] merge821/Q -> merge851/D : -5.842344
[setup reg-reg] merge827/Q -> merge864/D : -5.840737
[setup reg-reg] merge827/Q -> s972/D : -5.828699
[setup reg-reg] merge821/Q -> merge869/SET_B : -5.804680
[setup in-reg] in51 -> s892/D : -5.793218
[setup reg-reg] merge821/Q -> merge843/SET_B : -5.767349
[setup reg-reg] merge821/Q -> s932/GATE : -5.750289
[setup reg-reg] s955/Q -> merge850/D : -5.728093
[setup reg-reg] merge821/Q -> s948/GATE : -5.726978
[setup reg-reg] merge821/Q -> s931/GATE : -5.721987
[setup reg-reg] merge821/Q -> s933/GATE : -5.708508
[setup in-reg] in3 -> merge811/RESET_B : -5.707874
[setup reg-reg] merge823/Q -> merge876/RESET_B : -5.694606
[setup in-reg] in3 -> merge823/RESET_B : -5.665818
[setup reg-reg] merge821/Q -> s943/D : -5.642997
[setup reg-reg] merge821/Q -> merge839/RESET_B : -5.636729
[setup reg-reg] merge821/Q -> merge865/RESET_B : -5.609296
[setup in-reg] in3 -> merge849/D : -5.571737
[setup in-reg] in3 -> s968/D : -5.571077
[setup in-reg] in3 -> merge823/D : -5.564511
[setup reg-reg] merge821/Q -> merge857/DE : -5.550421
[setup reg-reg] s971/Q -> c744/SET_B : -5.533865
[setup reg-reg] merge827/Q -> merge848/RESET_B : -5.493149
[setup reg-reg] merge821/Q -> merge871/SET_B : -5.464016
[setup in-reg] in3 -> c321/SCE : -5.454429
[setup reg-out] s889/Q -> out46 : -5.447991
[setup reg-reg] merge821/Q -> s945/D : -5.432231
[setup in-reg] in3 -> merge827/D : -5.364818
[setup in-reg] in3 -> c195/SCE : -5.347548
[setup in-reg] in3 -> merge826/D : -5.325609
[setup reg-reg] merge821/Q -> merge859/SCE : -5.306055
[setup in-reg] in51 -> c108/D : -5.305357
[setup reg-reg] merge821/Q -> s974/D : -5.295383
[setup in-reg] in3 -> merge783/D : -5.293421
[setup in-reg] in51 -> s888/D : -5.247236
[setup reg-reg] merge821/Q -> s942/D : -5.234408
[setup in-reg] in51 -> merge812/D : -5.221186
[setup in-reg] in3 -> merge811/D : -5.214601
[setup in-reg] in51 -> c108/SCE : -5.207844
[setup reg-reg] merge823/Q -> c448/D : -5.193184
[setup reg-reg] merge821/Q -> merge840/SET_B : -5.177048
[setup in-reg] in3 -> merge855/RESET_B : -5.156025
[setup in-reg] in51 -> c127/D : -5.109850
[setup reg-reg] merge847/Q -> merge865/D : -5.075789
[setup in-reg] in51 -> s904/D : -5.062146
[setup reg-reg] merge821/Q -> s923/D : -5.046104
[setup in-reg] in3 -> c582/SCE : -5.035149
[setup in-reg] in51 -> merge812/RESET_B : -5.032701
[setup in-reg] in3 -> c195/SCD : -5.031750
[setup reg-reg] merge821/Q -> s919/D : -5.021975
[setup in-reg] in3 -> c582/D : -4.997310
[setup reg-out] s923/Q -> out25 : -4.964429
[setup in-reg] in3 -> s936/D : -4.962578
[setup in-reg] in51 -> merge849/RESET_B : -4.900413
[setup in-reg] in51 -> c331/SCD : -4.890528
[setup in-reg] in3 -> s940/D : -4.881436
[setup reg-reg] merge821/Q -> merge858/D : -4.874099
[setup reg-out] s889/Q -> out45 : -4.869553
[setup reg-reg] merge847/Q -> s929/D : -4.851238
[setup reg-reg] merge821/Q -> merge842/D : -4.849014
[setup reg-out] s889/Q -> out38 : -4.836483
[setup in-reg] in51 -> c101/SET_B : -4.784547
[setup in-reg] in3 -> s924/D : -4.771276
[setup reg-reg] merge821/Q -> merge845/D : -4.740309
[setup in-reg] in3 -> s957/D : -4.728954
[setup in-reg] in3 -> c553/SCE : -4.716271
[setup in-reg] in3 -> s908/D : -4.693106
[setup in-reg] in3 -> c297/SCD : -4.675641
[setup reg-reg] merge821/Q -> merge819/RESET_B : -4.649374
[setup reg-out] s891/Q -> out11 : -4.645431
[setup in-reg] in3 -> s952/D : -4.621824
[setup in-reg] in3 -> c297/SCE : -4.607822
[setup reg-reg] merge847/Q -> s906/D : -4.564345
[setup reg-reg] merge821/Q -> s926/D : -4.561127
[setup in-reg] in51 -> c366/D : -4.557544
[setup reg-reg] s903/Q -> s975/D : -4.535219
[setup reg-reg] merge821/Q -> s902/D : -4.526367
[setup in-reg] in3 -> s909/D : -4.520858
[setup reg-reg] merge821/Q -> s922/D : -4.517042
[setup in-reg] in3 -> c195/D : -4.510159
[setup in-reg] in51 -> merge854/RESET_B : -4.488820
[setup reg-reg] merge821/Q -> s921/D : -4.481081
[setup reg-reg] s955/Q -> c744/SCD : -4.460011
[setup reg-reg] merge821/Q -> merge835/RESET_B : -4.459084
[setup in-reg] in51 -> c357/SET_B : -4.456321
[setup in-reg] in3 -> s956/D : -4.449770
[setup in-reg] in3 -> c297/D : -4.387764
[setup in-reg] in3 -> merge783/RESET_B : -4.386133
[setup reg-reg] merge821/Q -> s918/D : -4.381327
[setup reg-reg] merge821/Q -> merge797/D : -4.377368
[setup reg-reg] merge821/Q -> merge873/D : -4.377315
[setup in-reg] in3 -> c449/RESET_B : -4.369597
[setup reg-reg] merge821/Q -> s963/GATE : -4.366243
[setup in-reg] in3 -> merge875/RESET_B : -4.340880
[setup reg-reg] merge847/Q -> s905/D : -4.337094
[setup in-reg] in3 -> merge827/RESET_B : -4.335297
[setup in-reg] in3 -> c566/SCD : -4.335049
[setup reg-reg] merge847/Q -> s907/D : -4.333171
[setup in-reg] in3 -> c668/RESET_B : -4.308585
[setup in-reg] in3 -> c173/RESET_B : -4.297303
[setup reg-reg] merge821/Q -> merge874/RESET_B : -4.294524
[setup reg-reg] merge847/Q -> s903/D : -4.274587
[setup reg-reg] merge847/Q -> merge806/D : -4.230078
[setup in-reg] in3 -> c195/RESET_B : -4.207433
[setup in-reg] in51 -> c335/RESET_B : -4.201704
[setup reg-reg] merge821/Q -> s927/D : -4.201077
[setup reg-reg] s889/Q -> merge861/SCE : -4.181901
[setup reg-out] merge846/Q -> out41 : -4.178915
[setup reg-reg] merge847/Q -> merge861/GATE : -4.170595
[setup reg-reg] merge821/Q -> merge871/D : -4.162364
[setup reg-reg] merge821/Q -> merge872/D : -4.156028
[setup reg-out] s889/Q -> out0 : -4.146558
[setup reg-reg] merge821/Q -> s901/GATE : -4.142812
[setup in-reg] in3 -> c448/SCD : -4.134086
[setup reg-reg] merge821/Q -> merge852/RESET_B : -4.125228
[setup reg-reg] s889/Q -> merge837/D : -4.121343
[setup reg-reg] s889/Q -> merge829/DE : -4.116588
[setup reg-reg] merge847/Q -> merge837/RESET_B : -4.109231
[setup reg-reg] merge821/Q -> merge797/SET_B : -4.087502
[setup reg-reg] merge821/Q -> c447/RESET_B : -4.083403
[setup in-reg] in3 -> c566/RESET_B : -4.074757
[setup reg-reg] s889/Q -> merge851/RESET_B : -4.072464
[setup reg-reg] merge821/Q -> c337/SCE : -4.066224
[setup reg-reg] merge847/Q -> merge846/D : -4.049562
[setup in-reg] in3 -> c321/RESET_B : -4.039780
[setup in-reg] in51 -> c366/SCE : -4.033495
[setup in-reg] in51 -> c127/RESET_B : -4.032680
[setup reg-reg] merge847/Q -> s884/GATE : -4.031745
[setup reg-out] s938/Q -> out18 : -4.029847
[setup reg-reg] merge827/Q -> c582/RESET_B : -4.000977
[setup reg-reg] s955/Q -> s962/D : -3.994930
[setup reg-reg] merge821/Q -> merge850/RESET_B : -3.982603
[setup reg-reg] merge821/Q -> merge845/SET_B : -3.966931
[setup in-reg] in3 -> c668/SET_B : -3.956642
[setup reg-reg] merge821/Q -> merge870/SET_B : -3.919960
[setup reg-reg] merge821/Q -> merge867/RESET_B : -3.890604
[setup reg-reg] merge821/Q -> merge868/SET_B : -3.860392
[setup reg-reg] merge821/Q -> merge822/RESET_B : -3.848062
[setup reg-reg] merge821/Q -> s900/GATE : -3.823726
[setup in-reg] in3 -> c668/SCE : -3.820952
[setup reg-reg] s923/Q -> s967/D : -3.820950
[setup reg-out] s889/Q -> out21 : -3.819074
[setup reg-reg] merge821/Q -> s917/GATE : -3.772166
[setup reg-reg] s936/Q_N -> c578/SET_B : -3.719760
[setup reg-reg] merge847/Q -> merge800/D : -3.636220
[setup in-reg] in51 -> c127/SET_B : -3.589673
[setup reg-out] s922/Q -> out35 : -3.583861
[setup reg-out] s890/Q -> out23 : -3.527029
[setup in-reg] in51 -> c101/SCD : -3.515681
[setup reg-reg] s955/Q -> c744/RESET_B : -3.477474
[setup reg-out] s889/Q -> out42 : -3.422827
[setup reg-reg] merge821/Q -> merge840/D : -3.413287
[setup reg-reg] merge821/Q -> s969/D : -3.367196
[setup in-reg] in51 -> c357/RESET_B : -3.310086
[setup reg-out] s891/Q -> out32 : -3.282916
[setup in-out] in51 -> out36 : -3.263913
[setup in-reg] in3 -> c331/RESET_B : -3.253154
[setup reg-reg] merge847/Q -> merge829/D : -3.201678
[setup in-reg] in51 -> c108/RESET_B : -3.136633
[setup in-reg] in51 -> c357/SCD : -3.116034
[setup reg-reg] s923/Q -> s944/D : -3.106046
[setup reg-reg] merge821/Q -> s970/D : -3.081484
[setup reg-reg] merge821/Q -> merge877/D : -3.081348
[setup reg-reg] merge827/Q -> c321/SCD : -3.080005
[setup reg-reg] merge819/Q -> s959/D : -3.078990
[setup reg-reg] merge819/Q -> s950/D : -3.054055
[setup reg-reg] merge827/Q -> c335/D : -3.031234
[setup reg-out] s902/Q -> out33 : -3.017576
[setup reg-reg] merge819/Q -> s949/GATE : -3.012805
[setup reg-out] merge852/Q -> out20 : -2.998904
[setup reg-out] s905/Q -> out9 : -2.994608
[setup reg-reg] merge819/Q -> s960/D : -2.990552
[setup reg-reg] merge819/Q -> s964/GATE : -2.979865
[setup reg-reg] merge874/Q -> merge832/SCE : -2.966980
[setup reg-out] merge851/Q -> out7 : -2.961080
[setup reg-reg] merge819/Q -> s961/D : -2.949999
[setup reg-reg] merge819/Q -> s954/D : -2.946746
[setup reg-reg] merge819/Q -> merge809/D : -2.939793
[setup reg-reg] s955/Q -> merge842/SET_B : -2.937574
[setup in-reg] in3 -> c321/D : -2.919122
[setup reg-reg] merge846/Q -> merge867/D : -2.904431
[setup reg-reg] merge819/Q -> s955/D : -2.826604
[setup reg-reg] merge819/Q -> s958/D : -2.824191
[setup reg-reg] merge846/Q -> s887/D : -2.788327
[setup reg-reg] s889/Q -> merge862/D : -2.746140
[setup in-reg] in51 -> c101/D : -2.743676
[setup reg-reg] s934/Q -> s946/D : -2.733017
[setup reg-reg] merge819/Q -> merge835/D : -2.714859
[setup reg-reg] merge819/Q -> merge777/D : -2.689306
[setup in-reg] in51 -> c366/SCD : -2.678770
[setup reg-reg] merge819/Q -> merge786/D : -2.583231
[setup reg-reg] merge846/Q -> s889/D : -2.572544
[setup reg-reg] merge819/Q -> s953/D : -2.522364
[setup reg-reg] merge827/Q -> c582/SET_B : -2.513601
[setup reg-reg] merge847/Q -> merge778/RESET_B : -2.504644
[setup reg-reg] s935/Q -> merge859/GATE : -2.478071
[setup reg-reg] merge846/Q -> s886/D : -2.474659
[setup reg-reg] merge819/Q -> merge777/RESET_B : -2.449915
[setup reg-reg] s955/Q -> merge877/RESET_B : -2.441116
[setup reg-reg] merge819/Q -> merge809/RESET_B : -2.387594
[setup reg-reg] merge819/Q -> merge786/RESET_B : -2.293414
[setup reg-reg] merge819/Q -> s951/D : -2.260321
[setup reg-reg] merge847/Q -> merge860/SCE : -2.256952
[setup reg-reg] s935/Q -> merge869/D : -2.223876
[setup in-out] in3 -> out6 : -2.219309
[setup reg-reg] merge819/Q -> c744/D : -2.188863
[setup in-reg] in3 -> c668/RESET_B : -2.186306
[setup reg-reg] s955/Q -> merge873/RESET_B : -2.185344
[setup reg-reg] s935/Q -> merge831/GATE : -2.157730
[setup reg-reg] merge846/Q -> s891/D : -2.118408
[setup reg-reg] merge846/Q -> s890/D : -2.109735
[setup reg-reg] merge822/Q -> merge847/D : -2.105130
[setup reg-reg] s935/Q -> s938/D : -2.070003
[setup reg-reg] merge827/Q -> c553/D : -2.051911
[setup in-reg] in3 -> merge830/DE : -1.917520
[setup in-reg] in51 -> c331/D : -1.876126
[setup reg-reg] merge822/Q -> s883/GATE : -1.868608
[setup reg-reg] merge846/Q -> merge863/RESET_B : -1.847214
[setup in-reg] in51 -> c366/RESET_B : -1.846353
[setup reg-reg] merge827/Q -> c297/RESET_B : -1.675335
[setup reg-reg] s935/Q -> merge872/SET_B : -1.595357
[setup reg-reg] merge846/Q -> s885/GATE : -1.585470
[setup in-reg] in3 -> c566/D : -1.555074
[setup in-reg] in3 -> s915/GATE : -1.524634
[setup in-reg] in51 -> merge858/DE : -1.507893
[setup in-reg] in3 -> s965/GATE : -1.506502
[setup reg-reg] merge806/Q_N -> s966/D : -1.502071
[setup reg-reg] s937/Q -> s939/D : -1.495486
[setup in-reg] in51 -> s878/D : -1.458207
[setup reg-reg] merge806/Q_N -> s971/D : -1.447934
[setup in-reg] in51 -> merge833/SCE : -1.426525
[setup in-reg] in3 -> s898/D : -1.409774
[setup in-reg] in51 -> c101/RESET_B : -1.404149
[setup in-reg] in3 -> s910/D : -1.376290
[setup reg-reg] merge806/Q_N -> merge832/GATE : -1.376115
[setup reg-reg] merge806/Q_N -> merge847/RESET_B : -1.365965
[setup in-reg] in3 -> s916/GATE : -1.341825
[setup in-reg] in51 -> merge860/GATE : -1.309355
[setup in-reg] in3 -> s914/D : -1.308743
[setup reg-reg] s937/Q -> merge870/D : -1.305801
[setup in-reg] in51 -> merge834/D : -1.301291
[setup reg-reg] s940/Q -> c582/SCD : -1.299539
[setup in-reg] in3 -> merge792/D : -1.299238
[setup in-out] in51 -> out24 : -1.289123
[setup reg-reg] s937/Q -> merge874/D : -1.270695
[setup in-reg] in51 -> s880/D : -1.260172
[setup in-reg] in51 -> s879/D : -1.259943
[setup in-reg] in51 -> merge793/D : -1.255844
[setup in-reg] in3 -> s913/D : -1.245032
[setup in-reg] in3 -> c552/SCE : -1.239325
[setup in-reg] in3 -> s911/D : -1.238178
[setup in-reg] in3 -> merge801/D : -1.219369
[setup in-reg] in3 -> s881/D : -1.201874
[setup in-reg] in3 -> merge868/D : -1.188660
[setup in-reg] in3 -> merge830/D : -1.183422
[setup in-reg] in51 -> merge841/D : -1.155169
[setup in-reg] in51 -> c109/D : -1.154052
[setup reg-reg] merge874/Q -> c583/SCD : -1.134999
[setup in-reg] in3 -> s928/D : -1.134643
[setup in-reg] in3 -> s895/D : -1.122771
[setup reg-reg] merge822/Q -> merge841/SET_B : -1.089796
[setup in-reg] in3 -> s894/D : -1.073605
[setup in-reg] in51 -> c109/SCE : -1.059736
[setup in-reg] in3 -> s896/D : -1.014649
[setup reg-reg] merge823/Q -> c173/SCE : -0.988119
[setup in-reg] in3 -> merge822/D : -0.987390
[setup in-reg] in3 -> merge843/D : -0.975196
[setup in-reg] in3 -> s912/D : -0.972347
[setup in-reg] in51 -> merge833/GATE : -0.971955
[setup in-reg] in3 -> c290/D : -0.965575
[setup in-reg] in51 -> merge802/D : -0.962112
[setup in-reg] in3 -> merge863/D : -0.943935
[setup in-reg] in3 -> s897/D : -0.926693
[setup in-reg] in3 -> merge821/RESET_B : -0.919844
[setup in-reg] in3 -> merge831/SCE : -0.906579
[setup in-reg] in3 -> s935/D : -0.888474
[setup reg-reg] merge874/Q -> c578/RESET_B : -0.882610
[setup in-reg] in3 -> s937/D : -0.862977
[setup in-reg] in51 -> merge821/D : -0.856453
[setup in-reg] in3 -> c320/D : -0.846081
[setup in-reg] in3 -> merge819/D : -0.841825
[setup in-reg] in3 -> merge838/RESET_B : -0.828642
[setup reg-reg] s936/Q -> c566/SCE : -0.818362
[setup in-reg] in51 -> merge778/D : -0.805382
[setup reg-reg] merge823/Q -> c173/SCD : -0.805041
[setup in-reg] in3 -> c320/RESET_B : -0.766714
[setup in-reg] in3 -> c400/D : -0.760259
[setup in-reg] in17 -> c552/SET_B : -0.728696
[setup in-reg] in51 -> merge802/SET_B : -0.727470
[setup in-reg] in3 -> c320/SCD : -0.712004
[setup in-reg] in51 -> c335/SCD : -0.688017
[setup in-reg] in3 -> merge798/D : -0.666483
[setup reg-reg] merge822/Q -> merge806/RESET_B : -0.633469
[setup in-reg] in51 -> merge862/RESET_B : -0.587387
[setup in-reg] in3 -> s882/D : -0.581735
[setup in-reg] in3 -> c406/D : -0.550153
[setup in-reg] in3 -> s934/D : -0.534935
[setup in-reg] in3 -> merge834/RESET_B : -0.528239
[setup in-reg] in3 -> c552/SCD : -0.518847
[setup in-reg] in3 -> s930/D : -0.480451
[setup in-out] in51 -> out31 : -0.461452
[setup in-reg] in3 -> s899/GATE : -0.418225
[setup in-reg] in3 -> c207/RESET_B : -0.397601
[setup in-reg] in3 -> c187/SCE : -0.368279
[setup in-reg] in3 -> c578/D : -0.364501
[setup reg-reg] s971/Q -> c744/SET_B : -0.358435
[setup in-out] in51 -> out29 : -0.270085
[setup in-reg] in3 -> merge798/SET_B : -0.246113
[setup in-reg] in3 -> c447/D : -0.191686
[setup in-reg] in3 -> c337/RESET_B : -0.174665
[setup in-reg] in3 -> merge792/RESET_B : -0.165749
[setup reg-reg] merge847/Q_N -> c320/SET_B : -0.151961
[setup in-reg] in51 -> merge846/RESET_B : -0.130581
[setup in-reg] in3 -> c173/SET_B : -0.120215
[setup in-reg] in3 -> merge801/SET_B : -0.097348
[setup reg-reg] merge812/Q_N -> c108/SET_B : -0.058901
