
===========================================================================
Violator List
============================================================================
[hold reg-reg] merge791/Q -> c373/RESET_B : -0.753759
[hold reg-reg] c430/Q -> c693/RESET_B : -0.556426
[hold in-reg] in15 -> c328/RESET_B : -0.427161
[hold in-reg] clk -> s856/GATE : -0.044191
[hold reg-reg] s826/Q -> c479/SET_B : -0.039676
[hold reg-reg] s879/Q -> c350/RESET_B : -0.037896
[hold in-reg] clk -> merge789/D : -0.014432
[setup reg-reg] s826/Q -> c479/SET_B : -5.423148
[setup reg-reg] merge773/Q -> c323/RESET_B : -4.885824
[setup reg-reg] c415/Q_N -> c693/RESET_B : -4.167127
[setup in-reg] in18 -> c557/RESET_B : -3.963402
[setup reg-reg] merge774/Q -> c373/RESET_B : -3.892028
[setup reg-reg] merge805/Q -> c717/SCD : -1.791868
[setup in-reg] in18 -> s859/D : -1.650771
[setup in-reg] in18 -> merge808/D : -1.638783
[setup in-reg] in18 -> s827/D : -1.633687
[setup in-reg] in18 -> s880/D : -1.591582
[setup in-reg] in18 -> merge799/D : -1.575775
[setup in-reg] in18 -> c613/SCE : -1.544023
[setup in-reg] in18 -> s832/D : -1.537759
[setup in-reg] in18 -> merge788/D : -1.519542
[setup in-reg] in18 -> s863/D : -1.516424
[setup in-reg] in18 -> s843/D : -1.502766
[setup in-reg] in18 -> c459/SCE : -1.479460
[setup in-reg] in18 -> s879/D : -1.476579
[setup in-reg] in18 -> c328/RESET_B : -1.470411
[setup in-reg] in18 -> merge800/D : -1.445973
[setup in-reg] in18 -> s864/D : -1.443566
[setup in-reg] in18 -> c612/RESET_B : -1.436958
[setup in-reg] in18 -> s848/D : -1.406576
[setup reg-reg] merge808/Q -> s875/D : -1.375694
[setup in-reg] in18 -> c477/SCD : -1.358420
[setup in-reg] in18 -> c218/SCD : -1.351683
[setup in-reg] in18 -> merge769/SCE : -1.333957
[setup in-reg] in18 -> merge804/D : -1.330833
[setup in-reg] in18 -> c216/D : -1.330000
[setup in-reg] in18 -> c415/SCD : -1.329889
[setup in-reg] in18 -> merge805/D : -1.329128
[setup in-reg] in18 -> c601/SCD : -1.324396
[setup in-reg] in18 -> c215/SCD : -1.321721
[setup in-reg] in18 -> c424/SCD : -1.317356
[setup in-reg] in18 -> c471/SCE : -1.315341
[setup in-reg] in49 -> s847/D : -1.312624
[setup in-reg] in18 -> c219/SCE : -1.309302
[setup in-reg] in18 -> c479/RESET_B : -1.306797
[setup in-reg] in18 -> merge773/SCD : -1.286329
[setup in-reg] in18 -> c535/SCE : -1.281705
[setup in-reg] in18 -> c415/SCE : -1.278463
[setup in-reg] in18 -> c588/D : -1.238806
[setup in-reg] in18 -> c323/SCD : -1.229349
[setup in-reg] in18 -> merge816/RESET_B : -1.226300
[setup in-reg] in18 -> merge816/D : -1.201030
[setup reg-reg] merge804/Q -> c717/D : -1.196868
[setup in-reg] in18 -> c349/SCD : -1.196301
[setup in-reg] in18 -> merge808/RESET_B : -1.195819
[setup in-reg] in18 -> merge804/RESET_B : -1.176240
[setup in-reg] in18 -> s831/D : -1.172460
[setup in-reg] in18 -> merge805/RESET_B : -1.171840
[setup in-reg] in18 -> c349/SCE : -1.161741
[setup in-reg] in18 -> c557/D : -1.157664
[setup in-reg] in18 -> c693/SCE : -1.149364
[setup in-reg] in18 -> merge773/D : -1.116352
[setup in-reg] in18 -> c328/D : -1.110598
[setup in-reg] in18 -> c349/D : -1.068707
[setup in-reg] in18 -> merge788/RESET_B : -1.066428
[setup in-reg] in18 -> merge799/RESET_B : -1.060500
[setup in-reg] in18 -> c717/SCE : -1.026325
[setup in-reg] in18 -> c693/RESET_B : -1.003936
[setup reg-reg] merge805/Q -> merge800/RESET_B : -0.994217
[setup in-reg] in18 -> c480/RESET_B : -0.982880
[setup reg-reg] s877/Q -> merge789/D : -0.935183
[setup in-reg] in18 -> merge774/D : -0.915838
[setup in-reg] in18 -> merge769/RESET_B : -0.915410
[setup in-reg] in18 -> merge769/D : -0.891455
[setup in-reg] in18 -> c323/RESET_B : -0.890739
[setup in-reg] in18 -> c328/SET_B : -0.874958
[setup in-reg] in18 -> c444/D : -0.870845
[setup in-reg] in18 -> merge773/SET_B : -0.830351
[setup reg-reg] merge805/Q -> c588/SCE : -0.776597
[setup in-reg] in18 -> c323/SCE : -0.771593
[setup in-reg] in18 -> c424/RESET_B : -0.755248
[setup reg-out] s829/Q -> out15 : -0.692203
[setup reg-reg] merge804/Q -> c601/RESET_B : -0.684243
[setup in-reg] in18 -> c216/SCD : -0.673657
[setup reg-out] merge797/Q_N -> out37 : -0.670892
[setup in-reg] in18 -> c477/SCE : -0.649798
[setup in-reg] in18 -> merge774/SET_B : -0.636149
[setup in-reg] in18 -> c215/RESET_B : -0.616767
[setup in-out] clk -> out22 : -0.614195
[setup in-reg] in18 -> c218/D : -0.610431
[setup in-reg] in18 -> c557/RESET_B : -0.598912
[setup reg-out] s830/Q -> out23 : -0.590414
[setup in-reg] in18 -> c535/RESET_B : -0.577793
[setup in-reg] in18 -> c588/SCD : -0.541942
[setup in-reg] in18 -> c349/RESET_B : -0.524449
[setup in-reg] in18 -> c415/SET_B : -0.506871
[setup reg-out] merge773/Q_N -> out18 : -0.476459
[setup in-reg] in49 -> c477/D : -0.465460
[setup reg-reg] merge804/Q -> c557/SCD : -0.451039
[setup in-reg] in18 -> c612/SCE : -0.442103
[setup reg-out] s829/Q -> out14 : -0.387989
[setup in-reg] in18 -> c613/RESET_B : -0.349910
[setup reg-out] merge797/Q_N -> out1 : -0.313477
[setup reg-out] c216/Q -> out39 : -0.245497
[setup in-reg] in18 -> c459/SCD : -0.233732
[setup in-reg] in18 -> merge773/SCE : -0.198382
[setup in-reg] in18 -> c535/D : -0.173641
[setup in-reg] in18 -> c471/SCD : -0.165809
[setup reg-out] merge774/Q -> out29 : -0.153379
[setup reg-reg] s876/Q -> s877/D : -0.113739
[setup in-reg] in18 -> c693/D : -0.106319
[setup in-reg] in18 -> c444/SET_B : -0.103618
[setup in-reg] in49 -> c218/SET_B : -0.102506
[setup in-reg] in49 -> c215/SET_B : -0.068448
[setup in-reg] in18 -> c424/SET_B : -0.029246
[setup reg-out] merge773/Q -> out59 : -0.002170
[setup reg-reg] s846/Q -> s876/D : 0.000000
[setup reg-reg] s860/Q -> merge801/D : 0.000000
[setup reg-reg] s857/Q -> s858/D : 0.000000
[setup reg-reg] merge797/Q_N -> s878/D : 0.000000
[setup reg-reg] merge798/Q_N -> s861/D : 0.000000
[setup reg-reg] c444/Q_N -> s845/D : 0.000000
[setup reg-reg] merge797/Q_N -> s857/D : 0.000000
[setup reg-reg] s828/Q -> s846/D : 0.000000
[setup reg-reg] merge797/Q_N -> merge798/D : 0.000000
[setup reg-reg] s860/Q -> s862/D : 0.000000
[setup reg-reg] merge773/Q_N -> s826/D : 0.000000
[setup reg-reg] merge773/Q_N -> s830/D : 0.000000
[setup reg-reg] s844/Q -> s874/D : 0.000000
[setup reg-reg] s825/Q -> s828/D : 0.000000
[setup reg-reg] merge773/Q_N -> s829/D : 0.000000
[setup reg-reg] merge773/Q -> merge803/D : 0.000000
[setup reg-reg] merge773/Q -> s825/D : 0.000000
[setup reg-reg] c535/Q_N -> s873/D : 0.000000
[setup in-reg] in18 -> merge797/D : 0.000000
[setup in-reg] in18 -> s860/D : 0.000000
[setup in-reg] in18 -> s842/D : 0.000000
[setup reg-reg] c328/Q -> s841/D : 0.000000
[setup in-reg] in18 -> s844/D : 0.000000
[setup in-reg] in18 -> merge802/D : 0.000000
