
===========================================================================
Violator List
============================================================================
[hold reg-reg] c716/Q -> c733/SET_B : -3.024326
[hold in-reg] in39 -> c477/SET_B : -2.163350
[hold reg-reg] s948/Q -> c324/SET_B : -1.779105
[hold in-reg] clk -> c597/SET_B : -1.514738
[hold in-reg] in4 -> c483/RESET_B : -1.407303
[hold reg-reg] c706/Q -> c709/RESET_B : -1.228349
[hold in-reg] clk -> c546/RESET_B : -0.511649
[hold reg-reg] s990/Q_N -> c488/SET_B : -0.506946
[hold in-reg] in24 -> c365/RESET_B : -0.353130
[hold reg-reg] merge915/Q -> c607/SET_B : -0.317859
[hold reg-reg] c484/Q -> c489/RESET_B : -0.288054
[hold in-reg] clk -> c546/SET_B : -0.096718
[hold in-reg] in7 -> c494/RESET_B : -0.001612
[setup reg-reg] merge851/Q_N -> c494/RESET_B : -8.701215
[setup reg-reg] merge891/Q -> c597/RESET_B : -8.682641
[setup reg-reg] merge854/Q -> c488/SET_B : -8.670328
[setup reg-reg] s940/Q -> c355/RESET_B : -8.389304
[setup reg-reg] merge891/Q -> merge907/SCE : -8.261487
[setup reg-reg] merge891/Q -> merge931/GATE : -8.169135
[setup reg-reg] merge891/Q -> merge925/RESET_B : -8.166236
[setup reg-reg] merge891/Q -> merge835/D : -7.754202
[setup reg-reg] merge891/Q -> merge924/RESET_B : -7.529138
[setup reg-reg] merge891/Q -> s983/D : -7.516535
[setup reg-out] merge891/Q -> out29 : -7.266047
[setup reg-out] merge851/Q_N -> out39 : -7.157595
[setup reg-reg] s958/Q_N -> c594/SCE : -7.052346
[setup reg-out] s941/Q -> out23 : -7.035650
[setup reg-out] s941/Q -> out37 : -6.960370
[setup reg-out] s941/Q -> out16 : -6.916038
[setup reg-reg] merge891/Q -> merge865/GATE : -6.821218
[setup reg-out] merge851/Q_N -> out0 : -6.810351
[setup reg-reg] merge891/Q -> merge914/SET_B : -6.779116
[setup reg-reg] merge891/Q -> merge831/D : -6.739505
[setup reg-reg] s958/Q_N -> merge922/RESET_B : -6.505839
[setup reg-reg] s958/Q_N -> merge862/D : -6.475829
[setup reg-reg] merge856/Q -> s970/GATE : -6.472733
[setup reg-reg] merge850/Q -> s984/D : -6.467653
[setup reg-reg] s958/Q_N -> merge858/D : -6.362770
[setup reg-reg] merge891/Q -> merge930/DE : -6.269480
[setup reg-reg] merge891/Q -> s981/D : -6.184626
[setup reg-out] merge854/Q -> out21 : -6.099847
[setup reg-reg] merge891/Q -> s969/GATE : -6.007043
[setup reg-reg] merge851/Q_N -> merge863/D : -5.990916
[setup reg-reg] merge926/Q -> s979/D : -5.839818
[setup reg-reg] s945/Q -> c670/SET_B : -5.833118
[setup reg-reg] merge851/Q_N -> merge890/D : -5.750969
[setup reg-reg] merge926/Q -> s963/D : -5.684948
[setup reg-reg] merge926/Q -> merge927/D : -5.645067
[setup reg-reg] merge926/Q -> merge927/RESET_B : -5.586502
[setup reg-reg] merge854/Q -> merge924/D : -5.565187
[setup reg-reg] merge926/Q -> s978/D : -5.537293
[setup reg-reg] merge856/Q -> merge931/SCE : -5.452695
[setup reg-reg] s991/Q -> merge930/D : -5.381650
[setup reg-reg] merge926/Q -> merge898/RESET_B : -5.359175
[setup reg-reg] merge898/Q -> s974/D : -5.346243
[setup reg-reg] s941/Q -> s953/GATE : -5.328398
[setup reg-out] merge891/Q -> out11 : -5.305851
[setup reg-reg] s945/Q -> merge929/DE : -5.265707
[setup reg-out] merge894/Q -> out44 : -5.193505
[setup reg-reg] s990/Q_N -> merge928/RESET_B : -5.171750
[setup reg-out] merge854/Q -> out6 : -5.169267
[setup reg-reg] merge854/Q -> s954/GATE : -5.138792
[setup reg-reg] merge856/Q -> s980/D : -5.064101
[setup reg-out] s944/Q -> out17 : -5.035624
[setup reg-reg] merge851/Q_N -> s941/D : -5.032026
[setup reg-reg] merge926/Q -> merge897/RESET_B : -5.004829
[setup reg-reg] merge856/Q -> s971/GATE : -5.001050
[setup reg-reg] merge854/Q -> merge864/D : -4.988758
[setup reg-reg] merge898/Q -> merge910/D : -4.984495
[setup reg-reg] merge926/Q -> merge928/D : -4.904881
[setup reg-reg] s991/Q -> c706/DE : -4.893218
[setup reg-reg] merge854/Q -> merge915/D : -4.871496
[setup reg-reg] merge851/Q_N -> merge908/D : -4.857703
[setup reg-reg] s946/Q -> s962/D : -4.834816
[setup reg-reg] merge891/Q -> merge838/D : -4.814376
[setup reg-reg] merge891/Q -> merge901/DE : -4.807275
[setup reg-reg] s944/Q -> merge871/SCE : -4.804359
[setup reg-reg] merge926/Q -> merge857/D : -4.788971
[setup reg-reg] merge854/Q -> merge856/D : -4.772483
[setup reg-reg] merge854/Q -> merge912/D : -4.771275
[setup reg-reg] merge851/Q_N -> merge894/D : -4.761984
[setup reg-reg] merge851/Q_N -> c250/SCE : -4.754390
[setup reg-reg] s946/Q -> merge892/D : -4.716720
[setup reg-reg] s945/Q -> s965/D : -4.701924
[setup reg-reg] s991/Q -> merge919/RESET_B : -4.678412
[setup reg-reg] merge919/Q_N -> merge878/D : -4.660491
[setup reg-reg] merge891/Q -> s957/D : -4.638940
[setup reg-reg] merge854/Q -> s985/GATE : -4.623819
[setup reg-reg] merge854/Q -> s960/D : -4.623234
[setup reg-reg] merge854/Q -> s989/D : -4.621604
[setup reg-reg] merge854/Q -> s967/D : -4.591541
[setup reg-reg] merge926/Q -> s942/D : -4.575410
[setup reg-reg] s944/Q -> merge909/D : -4.551289
[setup reg-reg] s945/Q -> s986/GATE : -4.546664
[setup reg-reg] merge851/Q_N -> merge914/D : -4.520458
[setup reg-reg] merge854/Q -> s988/D : -4.516100
[setup reg-reg] merge856/Q -> merge919/D : -4.487236
[setup reg-reg] s946/Q -> merge899/RESET_B : -4.483389
[setup reg-reg] merge851/Q_N -> s932/D : -4.481890
[setup reg-reg] s946/Q -> merge921/D : -4.465338
[setup reg-reg] merge854/Q -> merge845/D : -4.459939
[setup reg-reg] merge854/Q -> merge889/D : -4.415099
[setup reg-reg] merge856/Q -> s966/D : -4.384547
[setup reg-reg] merge851/Q_N -> merge903/D : -4.360619
[setup reg-reg] merge851/Q_N -> merge866/GATE : -4.358502
[setup reg-reg] merge926/Q -> c670/RESET_B : -4.332453
[setup reg-reg] merge850/Q -> merge851/D : -4.322924
[setup reg-reg] merge919/Q_N -> merge896/D : -4.320173
[setup reg-reg] merge897/Q -> c372/SET_B : -4.317935
[setup reg-reg] merge926/Q -> c254/D : -4.292578
[setup reg-reg] merge851/Q_N -> c355/SCD : -4.289188
[setup reg-out] s957/Q -> out8 : -4.227816
[setup reg-reg] s947/Q -> c365/RESET_B : -4.217540
[setup reg-reg] merge891/Q -> merge916/SET_B : -4.209452
[setup reg-reg] merge851/Q_N -> s940/D : -4.165372
[setup reg-out] s956/Q -> out12 : -4.159540
[setup reg-reg] merge851/Q_N -> merge903/DE : -4.148276
[setup reg-reg] merge854/Q -> c414/SCD : -4.142983
[setup reg-out] c324/Q_N -> out30 : -4.132500
[setup reg-reg] s946/Q -> merge897/D : -4.118979
[setup reg-out] c365/Q -> out47 : -4.097106
[setup reg-reg] s940/Q_N -> merge901/D : -4.096371
[setup reg-reg] s944/Q -> merge891/RESET_B : -4.080375
[setup reg-reg] merge919/Q_N -> merge907/GATE : -4.069170
[setup reg-reg] merge850/Q -> merge866/SCE : -4.060215
[setup reg-out] merge924/Q -> out15 : -4.049113
[setup reg-reg] merge850/Q -> merge920/D : -3.993080
[setup reg-reg] merge851/Q_N -> merge894/RESET_B : -3.992423
[setup reg-reg] merge926/Q -> s990/D : -3.985677
[setup reg-reg] merge851/Q_N -> merge895/D : -3.983756
[setup reg-reg] merge856/Q -> merge913/D : -3.960166
[setup reg-reg] s991/Q -> merge929/D : -3.954798
[setup reg-reg] merge854/Q -> s961/D : -3.948093
[setup reg-reg] merge851/Q_N -> merge855/D : -3.943410
[setup reg-reg] s945/Q -> c568/D : -3.934184
[setup reg-reg] merge856/Q -> s977/D : -3.933150
[setup reg-reg] merge854/Q -> merge923/D : -3.932446
[setup reg-reg] s991/Q -> c681/D : -3.923957
[setup reg-reg] s990/Q_N -> c709/SCD : -3.917237
[setup reg-reg] merge919/Q_N -> merge896/RESET_B : -3.904132
[setup reg-out] merge920/Q_N -> out46 : -3.893150
[setup reg-reg] merge851/Q_N -> merge882/SET_B : -3.882593
[setup reg-reg] merge851/Q_N -> merge915/SET_B : -3.870566
[setup reg-reg] merge856/Q -> merge850/D : -3.865452
[setup reg-reg] merge926/Q -> c121/D : -3.862138
[setup reg-out] merge920/Q -> out43 : -3.849827
[setup reg-reg] merge926/Q -> c254/SCE : -3.830809
[setup reg-reg] merge898/Q -> c477/D : -3.800865
[setup reg-reg] s944/Q -> merge891/D : -3.799414
[setup reg-reg] merge854/Q -> s987/GATE : -3.798880
[setup reg-reg] merge877/Q -> c483/RESET_B : -3.797340
[setup reg-out] s943/Q -> out32 : -3.787124
[setup reg-reg] merge851/Q_N -> merge855/RESET_B : -3.768305
[setup reg-reg] merge919/Q_N -> merge886/D : -3.763573
[setup reg-reg] s991/Q -> merge880/RESET_B : -3.754502
[setup reg-reg] merge851/Q_N -> c107/SCE : -3.746954
[setup reg-reg] merge854/Q -> merge913/RESET_B : -3.735203
[setup reg-out] merge890/Q -> out36 : -3.722772
[setup reg-out] c324/Q_N -> out42 : -3.699935
[setup reg-reg] s945/Q -> merge876/D : -3.678499
[setup reg-reg] merge898/Q -> merge892/RESET_B : -3.674872
[setup reg-reg] merge926/Q -> c258/D : -3.669651
[setup reg-reg] merge924/Q -> merge904/GATE : -3.665109
[setup reg-reg] merge891/Q -> c733/SCD : -3.658904
[setup reg-reg] merge854/Q -> merge909/RESET_B : -3.651383
[setup reg-reg] s944/Q -> merge889/SET_B : -3.645256
[setup reg-reg] s991/Q -> s972/D : -3.628581
[setup reg-reg] s941/Q -> merge882/D : -3.622867
[setup reg-reg] s940/Q_N -> s950/D : -3.622028
[setup reg-reg] merge854/Q -> merge916/D : -3.621449
[setup reg-reg] s946/Q -> c728/RESET_B : -3.618080
[setup reg-reg] s946/Q -> c607/RESET_B : -3.609440
[setup reg-reg] merge851/Q_N -> merge863/DE : -3.590478
[setup reg-reg] merge856/Q -> s949/D : -3.582912
[setup reg-reg] s990/Q_N -> merge795/SCE : -3.580126
[setup reg-reg] s946/Q -> s958/D : -3.562070
[setup reg-reg] s990/Q_N -> merge922/D : -3.537060
[setup reg-reg] merge851/Q_N -> merge911/D : -3.523975
[setup reg-reg] merge854/Q -> merge845/SET_B : -3.508507
[setup reg-reg] s991/Q -> merge918/D : -3.496058
[setup reg-reg] merge910/Q -> c479/RESET_B : -3.494831
[setup reg-reg] merge852/Q -> merge898/D : -3.487684
[setup reg-reg] merge850/Q -> merge905/GATE : -3.483267
[setup reg-reg] merge926/Q -> c129/D : -3.469894
[setup reg-reg] merge854/Q -> c441/SCE : -3.429203
[setup reg-reg] merge850/Q -> merge836/D : -3.419892
[setup reg-reg] merge851/Q_N -> merge895/RESET_B : -3.400349
[setup reg-reg] merge926/Q -> c121/SCE : -3.393716
[setup reg-reg] s991/Q -> merge829/RESET_B : -3.378523
[setup reg-reg] merge856/Q -> s975/D : -3.340827
[setup reg-reg] s945/Q -> merge767/SCE : -3.339689
[setup reg-reg] merge851/Q_N -> merge917/SET_B : -3.302661
[setup reg-reg] s944/Q -> merge838/RESET_B : -3.294495
[setup reg-reg] merge891/Q -> c483/D : -3.290975
[setup reg-reg] merge854/Q -> c562/D : -3.277264
[setup reg-reg] merge852/Q -> s947/D : -3.275289
[setup reg-out] c324/Q -> out4 : -3.269030
[setup reg-reg] merge854/Q -> merge854/D : -3.255736
[setup reg-reg] merge850/Q -> merge920/RESET_B : -3.252630
[setup reg-reg] merge854/Q -> c426/SET_B : -3.228007
[setup reg-reg] merge926/Q -> merge833/D : -3.196960
[setup reg-reg] merge850/Q -> merge847/D : -3.187427
[setup reg-reg] s958/Q_N -> merge858/RESET_B : -3.167443
[setup reg-reg] merge851/Q_N -> merge908/RESET_B : -3.153503
[setup reg-reg] s990/Q_N -> merge853/D : -3.144782
[setup reg-reg] s989/Q_N -> s982/D : -3.130249
[setup reg-reg] merge851/Q_N -> merge884/D : -3.122721
[setup reg-reg] s991/Q -> c681/DE : -3.110620
[setup reg-reg] merge856/Q -> c710/DE : -3.104817
[setup reg-reg] merge850/Q -> merge847/SET_B : -3.102242
[setup reg-reg] merge852/Q -> c307/D : -3.089959
[setup reg-reg] merge856/Q -> c706/D : -3.088013
[setup reg-reg] s989/Q_N -> merge925/D : -3.071930
[setup reg-reg] merge850/Q -> merge851/RESET_B : -3.068518
[setup reg-reg] s990/Q_N -> merge853/RESET_B : -3.049910
[setup reg-reg] s946/Q -> c494/RESET_B : -3.016264
[setup reg-reg] merge898/Q -> merge910/RESET_B : -3.012153
[setup reg-reg] s945/Q -> s955/GATE : -3.011854
[setup reg-reg] s990/Q_N -> merge926/D : -3.008555
[setup reg-reg] merge851/Q_N -> c484/SCE : -2.999759
[setup reg-reg] s946/Q -> c579/SCD : -2.932491
[setup reg-out] merge877/Q -> out48 : -2.912393
[setup reg-reg] c488/Q_N -> c492/SET_B : -2.902744
[setup reg-reg] s946/Q -> c372/RESET_B : -2.902005
[setup reg-reg] merge852/Q -> c324/SCE : -2.890008
[setup reg-reg] s940/Q -> merge904/SCE : -2.879546
[setup reg-reg] merge854/Q -> merge876/RESET_B : -2.834256
[setup reg-reg] s946/Q -> c324/SCD : -2.819277
[setup reg-reg] merge894/Q -> s943/D : -2.795944
[setup reg-reg] merge850/Q_N -> c597/SCE : -2.792787
[setup reg-reg] merge854/Q -> c546/SCE : -2.788732
[setup reg-reg] merge850/Q -> s948/D : -2.759408
[setup reg-reg] merge926/Q -> merge921/RESET_B : -2.755590
[setup reg-reg] s945/Q -> c733/D : -2.752409
[setup reg-reg] s990/Q_N -> merge857/RESET_B : -2.750927
[setup reg-reg] s991/Q -> merge878/RESET_B : -2.741178
[setup reg-reg] s944/Q -> merge923/RESET_B : -2.738667
[setup reg-reg] merge857/Q -> c709/D : -2.725838
[setup reg-reg] s936/Q -> s946/D : -2.717901
[setup reg-reg] merge850/Q -> s951/D : -2.711944
[setup reg-reg] s936/Q -> c505/D : -2.711930
[setup reg-reg] s940/Q_N -> c484/SCD : -2.702230
[setup reg-reg] merge926/Q -> c255/RESET_B : -2.698346
[setup reg-reg] merge926/Q -> c254/SCD : -2.691502
[setup reg-reg] merge850/Q -> s952/D : -2.687745
[setup reg-reg] s945/Q -> merge918/SET_B : -2.662161
[setup reg-reg] merge891/Q -> c568/SCD : -2.652435
[setup reg-reg] merge854/Q -> s959/D : -2.640987
[setup reg-reg] s947/Q -> c494/D : -2.601615
[setup reg-reg] merge891/Q -> c470/SET_B : -2.599111
[setup reg-reg] s944/Q -> c492/RESET_B : -2.587590
[setup reg-reg] merge926/Q -> c494/SCE : -2.583762
[setup reg-reg] merge854/Q -> s945/D : -2.577136
[setup reg-reg] merge926/Q -> c129/RESET_B : -2.560816
[setup reg-reg] merge850/Q -> merge849/SET_B : -2.543844
[setup reg-reg] merge891/Q -> c483/SCD : -2.510418
[setup reg-reg] s989/Q -> c693/D : -2.421021
[setup reg-reg] s990/Q_N -> c488/SET_B : -2.410003
[setup reg-reg] s946/Q -> c505/SET_B : -2.395888
[setup reg-reg] merge925/Q -> merge905/SCE : -2.344246
[setup reg-reg] merge856/Q -> merge831/RESET_B : -2.339434
[setup reg-reg] merge850/Q -> merge881/SET_B : -2.310550
[setup reg-reg] merge895/Q -> s935/D : -2.307020
[setup reg-reg] merge921/Q_N -> c489/D : -2.306160
[setup reg-reg] merge854/Q -> merge849/D : -2.270266
[setup reg-reg] merge926/Q -> c372/SCD : -2.268619
[setup reg-reg] s990/Q_N -> c477/RESET_B : -2.243804
[setup reg-reg] s972/Q -> s973/D : -2.220035
[setup reg-reg] merge854/Q -> merge856/RESET_B : -2.205697
[setup reg-reg] s945/Q -> c426/D : -2.190128
[setup reg-reg] s991/Q -> merge767/SCD : -2.128240
[setup reg-reg] merge854/Q -> s944/D : -2.083549
[setup reg-reg] merge850/Q -> merge836/RESET_B : -2.081696
[setup reg-reg] merge895/Q -> c250/SCD : -2.062802
[setup reg-reg] merge891/Q -> c483/SET_B : -2.004020
[setup reg-reg] merge892/Q_N -> merge899/D : -1.991714
[setup reg-reg] merge921/Q_N -> c365/SCD : -1.973406
[setup reg-reg] merge926/Q -> c709/SET_B : -1.955117
[setup reg-reg] merge891/Q -> c597/RESET_B : -1.890614
[setup reg-reg] merge852/Q -> c307/SCE : -1.889629
[setup reg-reg] s947/Q -> c365/RESET_B : -1.868044
[setup reg-reg] s940/Q -> c355/RESET_B : -1.863743
[setup reg-reg] merge895/Q -> s933/D : -1.841501
[setup reg-reg] merge899/Q -> c479/D : -1.840347
[setup reg-reg] c324/Q_N -> c452/SCE : -1.812257
[setup reg-reg] s989/Q -> merge829/D : -1.801684
[setup reg-reg] merge922/Q -> c579/SCE : -1.797216
[setup reg-reg] s989/Q_N -> s976/D : -1.776645
[setup reg-reg] merge926/Q -> merge833/RESET_B : -1.756541
[setup reg-out] merge877/Q -> out27 : -1.734739
[setup reg-reg] merge892/Q_N -> c477/SCE : -1.702067
[setup reg-reg] merge897/Q -> c372/SET_B : -1.665010
[setup reg-reg] s988/Q_N -> c414/D : -1.662015
[setup reg-reg] merge891/Q -> merge881/D : -1.650480
[setup reg-reg] s936/Q -> merge852/RESET_B : -1.584674
[setup reg-reg] c153/Q_N -> merge877/RESET_B : -1.574290
[setup reg-reg] merge893/Q -> merge926/RESET_B : -1.546034
[setup reg-reg] s936/Q -> c488/D : -1.510553
[setup reg-reg] merge850/Q -> c364/RESET_B : -1.461800
[setup reg-reg] s936/Q -> merge877/D : -1.428040
[setup reg-reg] merge897/Q -> c258/SCD : -1.419660
[setup reg-reg] merge914/Q -> c101/SCE : -1.398801
[setup reg-reg] merge893/Q -> merge795/D : -1.395709
[setup reg-reg] merge854/Q -> merge872/D : -1.386891
[setup reg-reg] merge926/Q -> c101/RESET_B : -1.371629
[setup in-reg] in39 -> c84/SCE : -1.335872
[setup reg-reg] merge893/Q_N -> merge852/D : -1.283579
[setup reg-reg] s942/Q -> c258/SCE : -1.274323
[setup reg-reg] s944/Q -> c281/SCE : -1.246846
[setup reg-reg] merge926/Q -> s991/D : -1.194297
[setup reg-reg] c153/Q_N -> c488/SCD : -1.188394
[setup reg-reg] c153/Q_N -> merge862/RESET_B : -1.188002
[setup reg-reg] merge893/Q -> merge893/RESET_B : -1.134041
[setup in-reg] clk -> merge884/SET_B : -0.988953
[setup in-reg] clk -> s964/D : -0.912422
[setup reg-reg] s940/Q -> merge911/RESET_B : -0.896794
[setup in-reg] clk -> c504/D : -0.781311
[setup in-reg] clk -> c479/SET_B : -0.776609
[setup in-reg] in21 -> c365/SCE : -0.763009
[setup in-reg] in39 -> c728/SCD : -0.751114
[setup reg-reg] merge915/Q -> c607/SET_B : -0.737949
[setup reg-reg] s988/Q_N -> merge872/RESET_B : -0.680207
[setup reg-out] c488/Q -> out18 : -0.666139
[setup reg-reg] s945/Q -> c281/SET_B : -0.636477
[setup reg-out] c479/Q -> out2 : -0.614863
[setup reg-reg] s936/Q -> c307/RESET_B : -0.603651
[setup in-reg] in21 -> c489/SCD : -0.589133
[setup reg-reg] c484/Q -> c489/RESET_B : -0.531496
[setup in-reg] clk -> c546/SET_B : -0.511649
[setup reg-reg] merge928/Q -> c728/SET_B : -0.487820
[setup in-reg] clk -> s938/GATE : -0.484069
[setup reg-out] c254/Q -> out25 : -0.467643
[setup reg-reg] merge926/Q -> c710/SCD : -0.437344
[setup reg-reg] merge851/Q_N -> c255/D : -0.328125
[setup reg-reg] merge926/Q -> c546/SCD : -0.316243
[setup in-out] clk -> out50 : -0.274874
[setup reg-reg] merge926/Q -> merge886/SET_B : -0.253921
[setup reg-reg] merge917/Q -> c594/D : -0.242790
[setup reg-reg] merge917/Q -> c607/D : -0.242456
[setup reg-reg] merge917/Q -> c101/D : -0.240813
[setup in-reg] clk -> c568/DE : -0.207521
[setup reg-reg] merge872/Q_N -> c488/RESET_B : -0.146283
[setup reg-reg] merge926/Q -> merge912/RESET_B : -0.141529
[setup reg-reg] s972/Q_N -> c693/SET_B : -0.130417
[setup in-out] clk -> out14 : -0.127981
[setup reg-reg] merge926/Q -> c733/RESET_B : -0.105953
[setup in-reg] clk -> c546/RESET_B : -0.096718
[setup in-out] clk -> out19 : -0.095828
[setup in-reg] in11 -> c670/D : -0.056806
[setup reg-reg] merge914/Q -> c101/SCD : -0.042435
[setup in-reg] clk -> merge843/D : -0.018417
[setup reg-out] merge922/Q -> out5 : -0.015602
[setup reg-reg] merge795/Q -> s956/D : 0.000000
[setup in-reg] in21 -> merge893/D : 0.000000
