
===========================================================================
Violator List
============================================================================
[hold in-reg] clk -> c124/SET_B : -11.641690
[hold in-reg] clk -> c125/RESET_B : -10.558999
[hold in-reg] clk -> c236/SET_B : -9.243074
[hold reg-reg] s825/Q -> c363/RESET_B : -8.204495
[hold in-reg] clk -> c125/SET_B : -8.034277
[hold in-reg] clk -> c236/RESET_B : -8.024977
[hold reg-reg] c121/Q_N -> c123/RESET_B : -7.521646
[hold in-reg] clk -> c121/RESET_B : -5.677483
[hold in-reg] clk -> c121/SET_B : -1.806341
[hold in-reg] clk -> c124/RESET_B : -0.804545
[hold reg-reg] merge767/Q -> c106/RESET_B : -0.234853
[setup reg-out] c366/Q -> out49 : -16.167837
[setup reg-reg] c97/Q -> c124/RESET_B : -16.003746
[setup reg-out] c97/Q -> out51 : -16.002014
[setup reg-reg] c97/Q -> c125/SET_B : -14.921050
[setup reg-out] c366/Q -> out50 : -14.863487
[setup reg-reg] merge767/Q -> c236/SCD : -14.844979
[setup in-reg] in46 -> s807/D : -14.340569
[setup reg-reg] c97/Q -> s808/D : -14.330083
[setup reg-reg] s852/Q -> s865/D : -14.004526
[setup reg-reg] s852/Q -> s861/GATE : -13.996412
[setup in-reg] in46 -> s871/D : -13.966235
[setup reg-reg] s852/Q -> s864/D : -13.944084
[setup reg-reg] s852/Q -> s862/GATE : -13.929182
[setup reg-reg] s871/Q -> c387/D : -13.901269
[setup reg-reg] c97/Q -> s829/GATE : -13.898185
[setup reg-reg] merge767/Q -> s802/D : -13.876927
[setup reg-out] s867/Q -> out19 : -13.842665
[setup reg-reg] c97/Q -> c365/SCD : -13.765646
[setup reg-reg] c97/Q -> merge766/SCD : -13.760582
[setup reg-reg] s871/Q -> s870/D : -13.710846
[setup reg-reg] c97/Q -> c236/RESET_B : -13.605137
[setup reg-reg] merge767/Q -> s866/D : -13.548045
[setup reg-reg] s871/Q -> s838/D : -13.484587
[setup reg-reg] c97/Q -> c368/D : -13.457375
[setup reg-reg] s852/Q -> s863/GATE : -13.283250
[setup reg-out] c366/Q -> out44 : -13.154644
[setup reg-reg] merge767/Q -> c121/SCD : -13.029440
[setup reg-reg] merge767/Q -> c123/SCD : -13.028979
[setup reg-reg] s852/Q -> c754/SCE : -13.005774
[setup reg-reg] s871/Q -> s839/D : -12.908815
[setup in-reg] in46 -> c77/SCE : -12.903266
[setup reg-reg] c97/Q -> s801/D : -12.846619
[setup reg-reg] c97/Q -> s811/D : -12.770292
[setup reg-reg] c97/Q -> s813/GATE : -12.689238
[setup reg-reg] c97/Q -> s800/D : -12.663962
[setup reg-reg] merge778/Q -> s831/GATE : -12.647275
[setup in-reg] in46 -> c76/SCD : -12.587358
[setup in-reg] in46 -> merge778/RESET_B : -12.518124
[setup in-reg] in46 -> c83/SCD : -12.508073
[setup reg-reg] c97/Q -> s799/GATE : -12.507733
[setup reg-reg] c97/Q -> s814/GATE : -12.493739
[setup reg-reg] c97/Q -> s816/D : -12.439522
[setup in-reg] in46 -> c83/D : -12.434290
[setup reg-reg] c97/Q -> c125/RESET_B : -12.396328
[setup reg-reg] c97/Q -> c236/SET_B : -12.396173
[setup reg-reg] c97/Q -> s815/GATE : -12.389091
[setup reg-reg] c97/Q -> s809/D : -12.363181
[setup reg-reg] merge767/Q -> c121/SCE : -12.328564
[setup reg-reg] merge767/Q -> c123/D : -12.328245
[setup reg-reg] s836/Q -> merge766/D : -12.312685
[setup in-reg] in46 -> c202/SET_B : -12.310624
[setup reg-reg] s852/Q -> c752/SCE : -12.259084
[setup reg-reg] c97/Q -> c239/SCE : -12.217217
[setup reg-reg] s871/Q -> c363/SCE : -12.183288
[setup reg-reg] s817/Q -> s833/D : -12.169559
[setup reg-reg] s817/Q -> s832/D : -12.117059
[setup reg-out] c366/Q -> out30 : -12.101834
[setup reg-reg] s871/Q -> c366/D : -12.085782
[setup reg-reg] s852/Q -> c751/SCE : -12.022861
[setup in-reg] in46 -> c97/SCD : -11.954941
[setup in-reg] in46 -> c102/RESET_B : -11.896557
[setup reg-reg] s871/Q -> merge772/D : -11.895816
[setup reg-reg] s871/Q -> c479/RESET_B : -11.885814
[setup reg-reg] s836/Q -> s844/D : -11.875496
[setup reg-reg] c97/Q -> s812/D : -11.841648
[setup in-reg] in46 -> c77/D : -11.816087
[setup reg-reg] s871/Q -> c479/SCD : -11.813782
[setup reg-out] s851/Q -> out7 : -11.801836
[setup reg-reg] c97/Q -> c251/SCD : -11.763667
[setup reg-reg] merge767/Q -> c125/SET_B : -11.681117
[setup reg-reg] c97/Q -> s810/D : -11.680274
[setup reg-reg] merge778/Q -> s874/D : -11.631994
[setup reg-reg] s852/Q -> c754/SCD : -11.514086
[setup reg-reg] s871/Q -> c471/D : -11.477246
[setup reg-reg] s871/Q -> c471/SCD : -11.450680
[setup reg-reg] s871/Q -> c343/D : -11.438498
[setup in-reg] in46 -> merge778/SCE : -11.434063
[setup reg-reg] s852/Q -> c751/SCD : -11.425622
[setup reg-reg] s852/Q -> c752/D : -11.391664
[setup reg-reg] s817/Q -> c417/RESET_B : -11.381745
[setup reg-reg] merge767/Q -> merge771/RESET_B : -11.381275
[setup reg-reg] s817/Q -> s841/D : -11.356732
[setup reg-reg] s817/Q -> s843/D : -11.346674
[setup reg-reg] s871/Q -> merge771/SCD : -11.306852
[setup reg-reg] s817/Q -> s842/D : -11.148570
[setup reg-reg] c97/Q -> c124/SCE : -11.138193
[setup reg-reg] s871/Q -> c343/SCE : -11.109740
[setup reg-reg] s852/Q -> c752/SCD : -11.076738
[setup reg-reg] s871/Q -> c363/SET_B : -10.973297
[setup reg-reg] s817/Q -> s856/D : -10.972803
[setup in-reg] in46 -> merge778/SET_B : -10.957392
[setup reg-reg] merge767/Q -> c125/RESET_B : -10.950436
[setup in-reg] in42 -> s806/D : -10.930126
[setup reg-reg] merge778/Q -> s830/GATE : -10.858873
[setup reg-reg] s817/Q -> s857/D : -10.831532
[setup reg-reg] merge778/Q -> s840/D : -10.812211
[setup reg-reg] s852/Q -> c751/D : -10.783663
[setup reg-reg] s851/Q -> s852/D : -10.765018
[setup reg-reg] s871/Q -> merge772/SCD : -10.691970
[setup in-reg] in46 -> c97/RESET_B : -10.664642
[setup reg-reg] c97/Q -> c124/RESET_B : -10.599068
[setup in-reg] in25 -> s818/D : -10.597236
[setup in-reg] in46 -> c77/SCD : -10.594863
[setup reg-reg] s871/Q -> c479/SET_B : -10.560827
[setup reg-reg] c97/Q -> c122/D : -10.555362
[setup in-reg] in46 -> c76/SCE : -10.519764
[setup reg-reg] s817/Q -> c417/D : -10.488339
[setup reg-reg] s817/Q -> s859/D : -10.475053
[setup reg-reg] s817/Q -> s836/D : -10.449308
[setup in-reg] in46 -> c76/RESET_B : -10.437102
[setup in-reg] in46 -> c83/RESET_B : -10.344600
[setup reg-reg] s817/Q -> s860/D : -10.334236
[setup reg-reg] s817/Q -> s858/D : -10.303115
[setup reg-reg] s871/Q -> merge771/SCE : -10.294462
[setup reg-reg] s817/Q -> s869/D : -10.256205
[setup reg-reg] s871/Q -> c343/SCD : -10.220451
[setup reg-reg] c97/Q -> c251/SCE : -10.203974
[setup reg-reg] merge778/Q -> merge776/SCD : -10.197837
[setup in-reg] in25 -> s834/D : -10.187332
[setup reg-reg] merge778/Q -> c480/SET_B : -10.163192
[setup reg-reg] merge778/Q -> s827/D : -10.137960
[setup reg-reg] s871/Q -> c363/SCD : -10.107689
[setup reg-reg] merge778/Q -> c361/SCD : -10.102427
[setup reg-reg] c97/Q -> c122/RESET_B : -10.085128
[setup reg-reg] s836/Q -> s849/D : -10.073025
[setup reg-reg] s836/Q -> s851/D : -10.054730
[setup reg-reg] c97/Q -> c121/SET_B : -10.039541
[setup reg-reg] c97/Q -> c251/D : -9.987000
[setup reg-reg] s871/Q -> c366/RESET_B : -9.954674
[setup reg-reg] s871/Q -> c343/RESET_B : -9.923458
[setup reg-reg] s836/Q -> s847/GATE : -9.919225
[setup reg-reg] s836/Q -> s846/GATE : -9.886484
[setup reg-reg] s836/Q -> s845/GATE : -9.874347
[setup reg-reg] merge767/Q -> c121/D : -9.856264
[setup reg-reg] c97/Q -> c239/SCD : -9.842240
[setup reg-reg] s851/Q -> merge776/D : -9.824149
[setup reg-reg] s836/Q -> s848/D : -9.817084
[setup reg-out] c366/Q -> out45 : -9.793548
[setup reg-reg] merge778/Q -> c363/RESET_B : -9.754814
[setup reg-reg] merge778/Q -> c358/DE : -9.754612
[setup reg-reg] s817/Q -> s873/D : -9.725128
[setup reg-reg] s817/Q -> merge781/DE : -9.719518
[setup reg-reg] s817/Q -> merge780/D : -9.706637
[setup reg-reg] merge778/Q -> s828/D : -9.679484
[setup in-reg] in46 -> s872/D : -9.644635
[setup reg-reg] merge778/Q -> c348/D : -9.641129
[setup reg-reg] s817/Q -> merge782/DE : -9.633056
[setup reg-reg] merge778/Q -> s826/D : -9.629820
[setup reg-reg] s871/Q -> c366/SET_B : -9.579824
[setup reg-reg] s871/Q -> merge771/D : -9.555452
[setup reg-reg] c729/Q_N -> c755/D : -9.549963
[setup reg-reg] s871/Q -> merge772/SET_B : -9.507881
[setup reg-reg] s817/Q -> s835/D : -9.505474
[setup reg-reg] s817/Q -> merge763/D : -9.500569
[setup reg-reg] s817/Q -> merge782/SCD : -9.490791
[setup reg-reg] merge767/Q -> c236/RESET_B : -9.481176
[setup reg-reg] s851/Q -> c729/D : -9.459681
[setup reg-reg] merge767/Q -> c123/SET_B : -9.453796
[setup reg-reg] s851/Q -> c754/D : -9.437784
[setup reg-reg] s817/Q -> merge781/SCD : -9.393459
[setup reg-reg] s817/Q -> c671/SCD : -9.371180
[setup reg-reg] s817/Q -> merge781/D : -9.364994
[setup reg-reg] s871/Q -> c471/RESET_B : -9.342561
[setup reg-reg] merge778/Q -> c345/SCD : -9.302527
[setup reg-reg] merge778/Q -> c358/D : -9.301922
[setup reg-reg] merge767/Q -> c236/SET_B : -9.295299
[setup reg-reg] merge778/Q -> c361/DE : -9.211664
[setup in-reg] in46 -> s792/D : -9.189809
[setup reg-reg] s817/Q -> c671/D : -9.166440
[setup reg-reg] merge778/Q -> merge766/SET_B : -9.115050
[setup reg-reg] s836/Q -> s837/D : -9.111651
[setup in-reg] in46 -> s794/D : -9.039970
[setup in-reg] in42 -> merge783/SCE : -9.023639
[setup in-reg] in46 -> s793/D : -9.011312
[setup in-reg] in42 -> c192/D : -8.935290
[setup reg-reg] s868/Q -> s804/D : -8.928259
[setup in-reg] in46 -> s795/D : -8.923852
[setup reg-reg] s817/Q -> c674/RESET_B : -8.900808
[setup reg-reg] s817/Q -> merge763/RESET_B : -8.900184
[setup reg-reg] merge778/Q -> c480/SCD : -8.896524
[setup reg-reg] s868/Q -> s805/D : -8.895485
[setup reg-reg] merge778/Q -> c365/RESET_B : -8.847395
[setup reg-reg] c281/Q_N -> s855/D : -8.843394
[setup reg-reg] s817/Q -> c417/SCD : -8.810409
[setup reg-reg] merge778/Q -> c345/SCE : -8.757939
[setup reg-out] c366/Q -> out26 : -8.743625
[setup in-reg] in46 -> s796/D : -8.709381
[setup in-reg] in46 -> s797/GATE : -8.624920
[setup in-reg] in46 -> s798/GATE : -8.608175
[setup reg-reg] merge778/Q -> c345/SET_B : -8.605542
[setup reg-reg] merge763/Q -> c715/SCE : -8.594890
[setup reg-reg] merge763/Q -> merge765/D : -8.575201
[setup in-reg] in46 -> c211/D : -8.529490
[setup in-reg] in46 -> merge773/SCE : -8.514217
[setup in-reg] in46 -> merge767/D : -8.500458
[setup in-reg] in42 -> c192/SCD : -8.467620
[setup reg-reg] merge778/Q -> c348/SCE : -8.460404
[setup in-reg] in46 -> c81/SCE : -8.457178
[setup reg-reg] merge767/Q -> c236/D : -8.455080
[setup reg-reg] s836/Q -> merge780/SET_B : -8.395144
[setup reg-reg] s817/Q -> merge763/SCD : -8.392125
[setup reg-reg] c97/Q -> c122/SCE : -8.349228
[setup in-reg] in46 -> c82/SCE : -8.304354
[setup reg-reg] c281/Q_N -> s854/D : -8.289901
[setup reg-reg] merge778/Q -> c345/D : -8.287752
[setup reg-reg] merge778/Q -> c365/D : -8.216384
[setup reg-reg] merge778/Q -> c358/SCD : -8.199464
[setup in-reg] in46 -> c106/D : -8.157375
[setup reg-reg] c729/Q_N -> c755/SET_B : -8.024810
[setup in-reg] in25 -> s823/D : -8.003466
[setup reg-reg] merge763/Q -> merge765/SCD : -7.975338
[setup reg-reg] c729/Q_N -> c755/SCD : -7.962246
[setup reg-reg] s868/Q -> c194/D : -7.955192
[setup in-reg] in46 -> c82/SCD : -7.944571
[setup reg-reg] s817/Q -> merge782/SCE : -7.931528
[setup in-reg] in46 -> c99/SCD : -7.886841
[setup in-reg] in46 -> c98/SCD : -7.886603
[setup reg-reg] merge778/Q -> c361/SCE : -7.876787
[setup reg-reg] c97/Q -> c239/SET_B : -7.853317
[setup reg-out] s870/Q -> out12 : -7.837369
[setup in-reg] in46 -> merge773/SCD : -7.820331
[setup in-reg] in20 -> s868/D : -7.795544
[setup reg-reg] s817/Q -> merge782/D : -7.774702
[setup in-reg] in46 -> merge773/D : -7.702443
[setup in-reg] in25 -> s822/D : -7.663804
[setup reg-out] s867/Q -> out5 : -7.653727
[setup in-reg] in46 -> c78/SCE : -7.648888
[setup in-reg] in20 -> c279/SET_B : -7.625900
[setup reg-reg] merge767/Q -> c123/SCE : -7.605085
[setup in-reg] in42 -> merge783/SCD : -7.591826
[setup reg-reg] s871/Q -> c363/RESET_B : -7.580122
[setup reg-reg] merge778/Q -> c348/SCD : -7.451613
[setup reg-out] c366/Q -> out46 : -7.438980
[setup reg-reg] c281/Q_N -> c678/SCE : -7.394136
[setup in-reg] in20 -> s817/D : -7.394100
[setup reg-out] s867/Q -> out21 : -7.380873
[setup in-reg] in46 -> c77/SET_B : -7.313886
[setup reg-reg] s817/Q -> c674/SCE : -7.220447
[setup reg-reg] c729/Q_N -> c755/RESET_B : -7.162793
[setup in-reg] in25 -> c322/D : -7.141961
[setup in-reg] in20 -> c275/D : -7.124278
[setup reg-reg] c281/Q_N -> c670/D : -7.113705
[setup reg-reg] s817/Q -> merge763/SET_B : -7.058230
[setup reg-reg] s870/Q -> s867/D : -7.026947
[setup reg-reg] s817/Q -> c417/SCE : -7.017298
[setup reg-reg] merge767/Q -> c236/SCE : -6.937304
[setup reg-reg] s868/Q -> s803/D : -6.868567
[setup reg-reg] c97/Q -> c251/SET_B : -6.862508
[setup reg-reg] s868/Q -> c191/D : -6.793524
[setup reg-reg] s843/Q -> s850/D : -6.768559
[setup reg-reg] s871/Q -> c471/SET_B : -6.647965
[setup reg-reg] c281/Q_N -> c540/SET_B : -6.635996
[setup reg-reg] c281/Q_N -> c540/RESET_B : -6.618864
[setup in-reg] in42 -> merge783/RESET_B : -6.539114
[setup in-reg] in25 -> s821/D : -6.507188
[setup in-reg] in46 -> c78/RESET_B : -6.492329
[setup reg-reg] s870/Q -> s853/D : -6.482077
[setup reg-reg] s868/Q -> merge786/SCE : -6.479509
[setup in-reg] in25 -> s819/D : -6.460838
[setup reg-reg] c281/Q_N -> c670/RESET_B : -6.453762
[setup in-reg] in25 -> s820/D : -6.451211
[setup reg-reg] c97/Q -> c121/RESET_B : -6.384678
[setup reg-reg] c281/Q_N -> c538/SET_B : -6.372951
[setup reg-reg] s817/Q -> c671/RESET_B : -6.331480
[setup in-reg] in46 -> c81/RESET_B : -6.326849
[setup reg-reg] c97/Q -> c122/SCD : -6.297637
[setup in-reg] in46 -> c78/D : -6.288567
[setup in-reg] in20 -> c281/D : -6.259058
[setup reg-out] s867/Q -> out18 : -6.244470
[setup reg-reg] s868/Q -> merge786/SET_B : -6.213721
[setup in-reg] in20 -> c278/DE : -6.213281
[setup in-reg] in46 -> c81/SCD : -6.184170
[setup in-reg] in42 -> merge783/SET_B : -6.173614
[setup reg-reg] s870/Q -> merge777/D : -6.139844
[setup reg-reg] s871/Q -> merge772/RESET_B : -6.128956
[setup reg-reg] s868/Q -> merge786/SCD : -6.126517
[setup reg-reg] c281/Q_N -> c538/RESET_B : -6.102000
[setup reg-reg] merge778/Q -> c480/RESET_B : -5.989460
[setup reg-reg] merge763/Q -> c707/RESET_B : -5.952816
[setup reg-reg] s871/Q -> c343/SET_B : -5.934850
[setup reg-reg] c281/Q_N -> c540/SCE : -5.865606
[setup reg-reg] s870/Q -> c628/D : -5.795842
[setup in-reg] in20 -> c278/D : -5.792520
[setup in-reg] in20 -> c281/SCE : -5.540670
[setup in-reg] in20 -> c275/SCE : -5.495637
[setup reg-reg] merge767/Q -> c125/D : -5.483122
[setup reg-out] c366/Q -> out33 : -5.436149
[setup reg-reg] c97/Q -> c124/SET_B : -5.296245
[setup reg-reg] s868/Q -> c191/SCD : -5.291216
[setup reg-reg] c281/Q_N -> c540/SCD : -5.255993
[setup in-reg] in25 -> c322/SET_B : -5.098262
[setup reg-reg] s867/Q -> merge777/SCE : -5.088879
[setup reg-reg] merge767/Q -> c121/SET_B : -5.069254
[setup in-reg] in25 -> s825/D : -4.782314
[setup reg-reg] c281/Q_N -> c678/SCD : -4.740524
[setup in-reg] in25 -> c322/SCE : -4.694581
[setup reg-reg] c281/Q_N -> c670/SET_B : -4.657846
[setup reg-reg] s867/Q -> merge777/SET_B : -4.606746
[setup reg-reg] s870/Q -> c387/SCE : -4.602468
[setup reg-reg] s836/Q -> c715/D : -4.581333
[setup reg-reg] c97/Q -> c239/D : -4.551431
[setup reg-reg] merge778/Q -> c345/RESET_B : -4.544882
[setup reg-reg] s869/Q -> c275/SCD : -4.293848
[setup reg-reg] s870/Q -> c387/RESET_B : -4.179786
[setup reg-out] c366/Q -> out47 : -4.148760
[setup reg-reg] s867/Q -> c628/SCE : -3.983819
[setup in-reg] in25 -> c322/RESET_B : -3.818263
[setup in-reg] in25 -> s824/D : -3.710427
[setup reg-reg] s817/Q -> c417/SET_B : -3.699702
[setup in-reg] in42 -> merge783/D : -3.683313
[setup reg-out] s852/Q -> out3 : -3.638979
[setup reg-reg] s870/Q -> c387/SCD : -3.447364
[setup reg-reg] s869/Q -> c278/SCD : -3.368119
[setup reg-reg] merge767/Q -> c121/RESET_B : -3.159724
[setup reg-reg] s836/Q -> merge780/SCE : -3.070485
[setup reg-reg] s868/Q -> c191/SET_B : -3.053076
[setup reg-reg] s867/Q -> c628/SCD : -3.041658
[setup in-reg] in46 -> merge773/SET_B : -2.976841
[setup in-reg] in46 -> c82/RESET_B : -2.821471
[setup reg-out] s870/Q -> out41 : -2.695193
[setup in-reg] in20 -> c275/SET_B : -2.631831
[setup in-reg] in25 -> c321/SCD : -2.631207
[setup reg-reg] s806/Q -> c322/SCD : -2.172464
[setup reg-reg] s867/Q -> merge777/SCD : -2.128220
[setup reg-reg] c97/Q -> c124/SET_B : -1.766102
[setup in-reg] in25 -> c321/D : -1.732254
[setup reg-reg] s871/Q -> merge778/D : -1.613806
[setup reg-reg] s803/Q -> c194/SCD : -1.352432
[setup reg-reg] s871/Q -> c83/SCE : -1.334149
[setup reg-reg] s871/Q -> c202/D : -1.178462
[setup reg-reg] s868/Q -> c278/SCE : -1.152083
[setup reg-reg] s867/Q -> c628/RESET_B : -1.019126
[setup reg-out] s870/Q -> out35 : -0.883571
[setup in-reg] in25 -> c321/SCE : -0.704902
[setup reg-reg] merge778/Q -> c211/RESET_B : -0.612791
[setup reg-reg] merge778/Q -> c211/SCE : -0.556965
[setup reg-reg] c121/Q_N -> c123/RESET_B : -0.544340
[setup reg-reg] s867/Q -> merge777/RESET_B : -0.536274
[setup reg-reg] s854/Q -> c678/SET_B : -0.413366
[setup reg-reg] merge767/Q -> c106/RESET_B : -0.375524
[setup reg-reg] s852/Q -> merge776/SET_B : -0.295664
[setup reg-reg] merge778/Q -> c211/SCD : -0.264363
[setup reg-out] c387/Q -> out48 : -0.236748
[setup reg-reg] s803/Q -> c194/SET_B : -0.163051
[setup reg-reg] s806/Q -> c321/SET_B : -0.030671
[setup reg-reg] merge767/Q -> c102/D : -0.016332
