
===========================================================================
Violator List
============================================================================
[hold in-reg] in14 -> merge781/SET_B : -2.834026
[hold in-reg] in2 -> c472/RESET_B : -0.709387
[hold reg-reg] s866/Q -> c725/SET_B : -0.626059
[hold in-reg] in58 -> c360/RESET_B : -0.564469
[hold reg-reg] c360/Q -> c633/SET_B : -0.398271
[setup in-reg] in16 -> s831/D : -16.194252
[setup in-reg] in16 -> c741/D : -16.055803
[setup in-reg] in16 -> merge800/D : -16.007488
[setup in-reg] in16 -> s826/D : -15.962387
[setup in-reg] in5 -> merge807/D : -15.794428
[setup in-reg] in16 -> merge787/D : -15.767960
[setup in-reg] in16 -> c364/SCE : -15.701531
[setup in-reg] in16 -> s879/D : -15.664789
[setup in-reg] in16 -> merge801/D : -15.643739
[setup in-reg] in16 -> merge774/SCD : -15.350130
[setup in-reg] in16 -> c633/SCD : -15.218860
[setup in-reg] in16 -> c356/SCE : -15.215316
[setup in-reg] in16 -> c736/SCD : -15.191649
[setup in-reg] in16 -> merge787/RESET_B : -14.993322
[setup in-reg] in16 -> merge781/RESET_B : -14.982283
[setup in-reg] in16 -> s878/D : -14.849260
[setup in-reg] in16 -> c370/SCE : -14.811796
[setup in-reg] in16 -> s842/D : -14.625864
[setup in-reg] in16 -> s874/D : -14.601748
[setup in-reg] in16 -> c633/SET_B : -14.547281
[setup in-reg] in16 -> merge806/D : -14.347822
[setup in-reg] in16 -> s858/D : -14.324225
[setup in-reg] in16 -> c477/SCD : -14.250769
[setup in-reg] in16 -> c425/RESET_B : -14.172143
[setup in-reg] in16 -> merge776/D : -14.142930
[setup in-reg] in16 -> c483/RESET_B : -14.131294
[setup in-out] in16 -> out11 : -14.001190
[setup in-reg] in16 -> c486/D : -13.683071
[setup in-reg] in16 -> s830/D : -13.584701
[setup in-reg] in16 -> c337/D : -13.491057
[setup in-reg] in16 -> c370/RESET_B : -13.436398
[setup in-reg] in16 -> c712/D : -13.414289
[setup in-out] in16 -> out35 : -13.370685
[setup in-reg] in16 -> c364/SCD : -13.361856
[setup in-reg] in16 -> c370/D : -13.338174
[setup in-reg] in16 -> c486/RESET_B : -13.318138
[setup in-reg] in21 -> s846/D : -13.301074
[setup in-reg] in21 -> merge805/D : -13.246425
[setup in-out] in16 -> out14 : -13.166151
[setup in-reg] in16 -> c356/D : -12.907109
[setup in-reg] in16 -> merge812/SCE : -12.875567
[setup in-reg] in16 -> c366/RESET_B : -12.868159
[setup in-reg] in16 -> c599/SCD : -12.691057
[setup in-reg] in16 -> c472/D : -12.679399
[setup in-reg] in16 -> merge774/D : -12.621768
[setup in-reg] in21 -> s863/D : -12.615487
[setup in-reg] in21 -> s847/D : -12.614998
[setup in-reg] in16 -> merge776/SCE : -12.610447
[setup in-reg] in16 -> c477/SCE : -12.600679
[setup in-reg] in16 -> merge801/RESET_B : -12.589992
[setup in-reg] in21 -> merge815/D : -12.584244
[setup in-reg] in16 -> c472/SCD : -12.534368
[setup in-reg] in16 -> c633/SET_B : -12.409455
[setup in-reg] in16 -> merge796/D : -12.384703
[setup in-reg] in16 -> merge781/SCE : -12.322852
[setup in-reg] in21 -> merge805/RESET_B : -12.302144
[setup in-reg] in16 -> s886/GATE : -12.226541
[setup in-reg] in5 -> merge807/RESET_B : -12.120843
[setup in-reg] in16 -> s881/D : -12.087379
[setup in-reg] in16 -> c337/RESET_B : -11.931934
[setup in-reg] in21 -> merge815/RESET_B : -11.906004
[setup in-reg] in16 -> s869/GATE : -11.880301
[setup in-reg] in16 -> s867/D : -11.853949
[setup in-reg] in16 -> s853/GATE : -11.847537
[setup in-reg] in16 -> merge776/SET_B : -11.822444
[setup in-reg] in16 -> s883/D : -11.804871
[setup in-reg] in21 -> c562/SCE : -11.708015
[setup in-reg] in16 -> s857/D : -11.700999
[setup in-reg] in16 -> s877/D : -11.649167
[setup in-out] in16 -> out38 : -11.627321
[setup in-reg] in16 -> s854/GATE : -11.621794
[setup in-reg] in16 -> s835/D : -11.619259
[setup in-out] in16 -> out3 : -11.606160
[setup in-reg] in28 -> c262/RESET_B : -11.602057
[setup in-reg] in16 -> s885/GATE : -11.599778
[setup in-reg] in16 -> s829/D : -11.596509
[setup in-reg] in16 -> c738/SCD : -11.585721
[setup in-reg] in16 -> s827/D : -11.515104
[setup in-reg] in16 -> s880/D : -11.485468
[setup in-reg] in16 -> s848/D : -11.424269
[setup in-reg] in16 -> merge794/D : -11.422527
[setup in-reg] in5 -> merge766/D : -11.417856
[setup in-reg] in16 -> merge767/SCE : -11.406878
[setup in-reg] in21 -> c483/SCE : -11.403815
[setup in-reg] in21 -> merge774/SCE : -11.383487
[setup in-reg] in16 -> s860/D : -11.374761
[setup in-out] in28 -> out45 : -11.356722
[setup in-reg] in16 -> s882/D : -11.324390
[setup in-reg] in5 -> merge802/D : -11.322954
[setup in-reg] in21 -> c725/RESET_B : -11.292932
[setup in-reg] in21 -> s862/D : -11.292763
[setup in-reg] in16 -> merge798/RESET_B : -11.228782
[setup in-reg] in16 -> s859/D : -11.207096
[setup in-reg] in16 -> c714/DE : -11.158246
[setup in-reg] in16 -> s852/D : -11.125254
[setup in-out] in28 -> out30 : -11.122291
[setup in-reg] in16 -> s871/GATE : -11.113091
[setup in-reg] in16 -> s855/GATE : -11.101291
[setup in-reg] in16 -> s851/D : -11.076138
[setup in-reg] in16 -> s872/D : -11.046679
[setup in-reg] in16 -> merge767/SCD : -11.041140
[setup in-out] in21 -> out2 : -11.033281
[setup in-reg] in16 -> c425/SCD : -11.032557
[setup in-reg] in16 -> merge795/D : -11.020700
[setup in-reg] in16 -> s840/D : -11.020315
[setup in-reg] in16 -> s834/D : -11.017791
[setup in-reg] in16 -> c479/SCD : -10.949530
[setup in-reg] in16 -> c491/D : -10.899805
[setup in-reg] in16 -> s856/D : -10.876027
[setup in-reg] in16 -> merge785/D : -10.850066
[setup in-reg] in21 -> c741/SCE : -10.847668
[setup in-reg] in16 -> s876/D : -10.841736
[setup in-reg] in16 -> c481/SCD : -10.817202
[setup in-reg] in16 -> s865/D : -10.770058
[setup in-reg] in21 -> c477/RESET_B : -10.761724
[setup in-reg] in16 -> s838/GATE : -10.759636
[setup in-reg] in16 -> s839/GATE : -10.751144
[setup in-reg] in16 -> merge798/D : -10.744730
[setup in-reg] in16 -> s837/GATE : -10.682601
[setup in-reg] in5 -> merge777/D : -10.680140
[setup in-reg] in16 -> s819/D : -10.639680
[setup in-reg] in16 -> s836/D : -10.616994
[setup in-reg] in16 -> s820/D : -10.613239
[setup in-out] in21 -> out17 : -10.469370
[setup in-reg] in16 -> merge814/D : -10.441620
[setup in-out] in28 -> out34 : -10.441383
[setup in-reg] in5 -> s822/GATE : -10.397585
[setup in-reg] in16 -> c633/RESET_B : -10.382436
[setup in-reg] in16 -> c346/SCD : -10.215444
[setup in-reg] in16 -> c608/SCE : -10.210389
[setup in-reg] in16 -> s844/D : -10.208806
[setup in-reg] in16 -> s845/D : -10.201602
[setup in-reg] in16 -> s850/D : -10.200274
[setup in-reg] in5 -> merge766/DE : -10.195562
[setup in-reg] in16 -> merge812/GATE : -10.193347
[setup in-reg] in16 -> merge803/D : -10.190864
[setup in-reg] in16 -> s817/D : -10.180759
[setup in-reg] in16 -> c618/SCE : -10.148679
[setup in-reg] in21 -> c740/RESET_B : -10.100493
[setup in-reg] in21 -> merge804/D : -10.083698
[setup in-out] in5 -> out47 : -10.062166
[setup in-reg] in16 -> c487/SCE : -10.053771
[setup in-reg] in21 -> s868/D : -10.027359
[setup in-reg] in16 -> merge799/D : -10.024579
[setup in-reg] in16 -> c618/SCD : -10.012340
[setup in-reg] in16 -> c740/D : -9.997892
[setup in-reg] in21 -> merge800/RESET_B : -9.981802
[setup in-reg] in21 -> s864/D : -9.977490
[setup in-reg] in16 -> c360/RESET_B : -9.945504
[setup in-reg] in16 -> s825/D : -9.942747
[setup in-reg] in16 -> merge794/SET_B : -9.939849
[setup in-out] in5 -> out15 : -9.916125
[setup in-out] in28 -> out57 : -9.847933
[setup in-reg] in16 -> s884/D : -9.808015
[setup in-reg] in16 -> c716/D : -9.782756
[setup in-reg] in16 -> s824/D : -9.723760
[setup in-reg] in16 -> s818/D : -9.721666
[setup in-reg] in16 -> merge767/D : -9.720431
[setup in-reg] in16 -> s828/D : -9.705293
[setup in-reg] in16 -> s870/GATE : -9.699514
[setup in-reg] in16 -> c360/SCD : -9.667475
[setup in-reg] in21 -> c736/RESET_B : -9.585225
[setup in-reg] in16 -> merge790/RESET_B : -9.573007
[setup in-reg] in16 -> c360/SET_B : -9.566211
[setup in-reg] in16 -> s821/GATE : -9.551615
[setup in-reg] in16 -> merge803/RESET_B : -9.478542
[setup in-reg] in16 -> merge811/GATE : -9.436124
[setup in-reg] in21 -> merge797/D : -9.332753
[setup in-reg] in16 -> s833/D : -9.313376
[setup in-reg] in21 -> s861/D : -9.262913
[setup in-reg] in16 -> merge809/D : -9.247639
[setup in-reg] in16 -> merge793/D : -9.182538
[setup in-reg] in21 -> s843/D : -9.182474
[setup in-reg] in16 -> merge792/D : -9.133046
[setup in-reg] in16 -> c493/SCD : -9.125960
[setup in-reg] in16 -> s841/D : -9.021765
[setup in-reg] in16 -> merge796/SET_B : -9.004187
[setup in-reg] in16 -> c361/SCD : -8.986468
[setup in-reg] in16 -> s832/D : -8.972075
[setup in-reg] in16 -> merge777/SCD : -8.956676
[setup in-reg] in21 -> s873/D : -8.937647
[setup in-reg] in21 -> merge813/D : -8.907860
[setup in-reg] in16 -> merge797/SET_B : -8.883883
[setup in-reg] in16 -> c708/D : -8.867480
[setup in-reg] in16 -> c368/SCD : -8.860493
[setup in-reg] in16 -> c486/SCD : -8.760026
[setup in-reg] in16 -> merge785/RESET_B : -8.619967
[setup in-reg] in28 -> s823/GATE : -8.604052
[setup in-reg] in5 -> c250/D : -8.587855
[setup in-reg] in16 -> merge809/DE : -8.568644
[setup in-out] in16 -> out52 : -8.544727
[setup in-reg] in21 -> merge786/D : -8.523160
[setup in-reg] in16 -> c568/D : -8.463033
[setup in-reg] in21 -> merge786/RESET_B : -8.403058
[setup in-reg] in16 -> c346/D : -8.325156
[setup in-reg] in16 -> merge811/SCE : -8.315598
[setup in-reg] in21 -> s849/D : -8.289108
[setup in-reg] in16 -> merge810/SCE : -8.269456
[setup in-reg] in5 -> s816/D : -8.266685
[setup in-reg] in21 -> merge810/GATE : -8.259501
[setup in-reg] in16 -> merge770/SCD : -8.237591
[setup in-reg] in16 -> c361/D : -8.209349
[setup in-reg] in28 -> c262/D : -8.142523
[setup in-out] in28 -> out50 : -8.101696
[setup in-out] in16 -> out13 : -8.073693
[setup in-reg] in28 -> merge814/RESET_B : -8.062427
[setup in-reg] in16 -> merge793/SET_B : -8.019079
[setup in-reg] in21 -> merge781/SCD : -7.920207
[setup in-out] in16 -> out16 : -7.890718
[setup in-reg] in16 -> c491/SET_B : -7.872109
[setup in-reg] in16 -> c618/D : -7.739245
[setup in-reg] in16 -> s875/D : -7.713200
[setup in-reg] in16 -> c357/RESET_B : -7.660050
[setup in-out] in16 -> out55 : -7.610564
[setup in-reg] in16 -> merge804/RESET_B : -7.578591
[setup in-reg] in16 -> c481/D : -7.514238
[setup in-reg] in28 -> c253/D : -7.506438
[setup in-reg] in21 -> c608/SCD : -7.454969
[setup in-reg] in16 -> merge808/D : -7.422893
[setup in-reg] in28 -> merge802/RESET_B : -7.383603
[setup in-reg] in16 -> c452/RESET_B : -7.339567
[setup in-out] in28 -> out23 : -7.323819
[setup in-reg] in16 -> merge813/RESET_B : -7.258716
[setup in-reg] in21 -> merge781/D : -7.136737
[setup in-out] in28 -> out12 : -7.123698
[setup in-reg] in21 -> c481/SCE : -6.880055
[setup in-reg] in28 -> merge766/SCD : -6.860781
[setup in-reg] in21 -> merge789/D : -6.852549
[setup in-reg] in21 -> merge770/RESET_B : -6.709952
[setup in-reg] in16 -> c608/D : -6.652111
[setup in-reg] in21 -> s866/D : -6.548505
[setup in-reg] in16 -> c487/SET_B : -6.509249
[setup in-out] in28 -> out54 : -6.414600
[setup in-reg] in21 -> c608/SET_B : -6.295970
[setup in-reg] in21 -> c479/SET_B : -6.213750
[setup in-reg] in16 -> merge792/RESET_B : -5.861697
[setup in-reg] in21 -> c568/SCD : -5.811030
[setup in-reg] in16 -> c633/D : -5.683945
[setup in-reg] in21 -> c712/SCE : -5.447808
[setup in-reg] in16 -> c479/SCE : -5.315193
[setup in-out] in21 -> out1 : -5.100780
[setup in-reg] in16 -> c346/RESET_B : -4.966825
[setup in-reg] in21 -> merge789/RESET_B : -4.929198
[setup in-out] in28 -> out20 : -4.905368
[setup in-reg] in28 -> c599/RESET_B : -4.890931
[setup reg-out] s829/Q -> out39 : -4.885123
[setup in-reg] in16 -> c477/D : -4.511870
[setup reg-out] s829/Q -> out21 : -4.484706
[setup in-reg] in21 -> c736/SCE : -4.357912
[setup in-reg] in28 -> c253/SCE : -4.246822
[setup in-reg] in16 -> c568/SCE : -4.117703
[setup in-reg] in16 -> c360/RESET_B : -4.041194
[setup in-out] in28 -> out25 : -3.978821
[setup in-reg] in28 -> merge774/RESET_B : -3.933502
[setup in-reg] in21 -> c712/RESET_B : -3.923535
[setup in-reg] in21 -> c714/SCD : -3.916893
[setup in-reg] in16 -> c361/SCE : -3.903714
[setup reg-out] s828/Q -> out36 : -3.771721
[setup reg-out] s829/Q -> out33 : -3.746477
[setup reg-reg] s825/Q -> c360/SCE : -3.742762
[setup in-reg] in28 -> c472/SCE : -3.739135
[setup reg-out] s827/Q -> out41 : -3.676054
[setup in-reg] in21 -> c599/SET_B : -3.597752
[setup reg-reg] s825/Q -> c357/D : -3.578455
[setup in-reg] in28 -> c337/SCD : -3.380517
[setup reg-out] merge776/Q -> out51 : -3.355369
[setup in-out] in21 -> out29 : -2.767507
[setup reg-reg] s825/Q -> c357/SCD : -2.447222
[setup in-reg] in16 -> c740/SCE : -2.312350
[setup in-reg] in16 -> c425/D : -2.292584
[setup in-reg] in16 -> c562/RESET_B : -2.251751
[setup in-out] clk -> out44 : -2.180799
[setup reg-reg] c477/Q_N -> c483/SET_B : -1.924170
[setup in-reg] in21 -> c472/RESET_B : -1.848601
[setup in-reg] in16 -> c356/RESET_B : -1.829147
[setup in-out] in28 -> out31 : -1.769208
[setup in-reg] in21 -> c738/D : -1.764986
[setup reg-reg] s861/Q -> c716/RESET_B : -1.663468
[setup reg-reg] s824/Q_N -> c452/SCE : -1.611509
[setup reg-reg] merge801/Q_N -> c366/D : -1.375908
[setup reg-reg] s861/Q -> c708/SCE : -1.372637
[setup reg-reg] merge776/Q -> merge777/SCE : -1.196231
[setup in-reg] in16 -> c452/SCD : -1.129735
[setup in-out] clk -> out53 : -1.097704
[setup reg-reg] merge803/Q -> c708/SCD : -1.078806
[setup in-out] clk -> out19 : -0.977317
[setup in-reg] in34 -> c740/SCD : -0.962686
[setup in-reg] in16 -> c493/SCE : -0.920872
[setup reg-out] merge774/Q -> out8 : -0.874591
[setup reg-reg] merge770/Q -> c738/RESET_B : -0.792805
[setup in-reg] in28 -> c253/SCD : -0.719342
[setup reg-reg] s826/Q_N -> c337/SET_B : -0.667782
[setup reg-out] c370/Q -> out10 : -0.611991
[setup in-reg] in21 -> c562/D : -0.564169
[setup reg-reg] merge809/Q -> c633/SCE : -0.561672
[setup reg-reg] merge809/Q -> c366/SCE : -0.561491
[setup in-reg] in21 -> merge770/D : -0.551489
[setup reg-reg] s828/Q -> c368/SET_B : -0.527101
[setup reg-out] merge774/Q_N -> out32 : -0.507717
[setup reg-out] c356/Q -> out58 : -0.498937
[setup reg-out] c486/Q -> out42 : -0.453168
[setup reg-reg] merge799/Q_N -> merge770/SET_B : -0.415504
[setup reg-out] merge787/Q -> out43 : -0.366923
[setup reg-reg] s841/Q_N -> c618/SET_B : -0.343865
[setup in-reg] in21 -> c472/RESET_B : -0.314059
[setup in-out] in16 -> out40 : -0.203580
[setup reg-out] s826/Q -> out7 : -0.144905
[setup reg-out] c262/Q -> out59 : -0.052114
[setup in-reg] in5 -> c493/D : -0.038718
