
===========================================================================
Violator List
============================================================================
[hold reg-reg] c449/Q -> c454/RESET_B : -1.740008
[hold reg-reg] merge833/Q_N -> c414/SET_B : -1.660637
[hold reg-reg] merge911/Q -> c608/SET_B : -1.068887
[hold reg-reg] s982/Q -> c725/SET_B : -1.008046
[hold in-reg] clk -> c369/SET_B : -0.908190
[hold reg-reg] c344/Q -> c356/RESET_B : -0.776379
[hold reg-reg] c578/Q -> c704/SET_B : -0.511217
[hold reg-reg] merge881/Q -> c493/RESET_B : -0.266649
[hold reg-reg] s990/Q -> merge920/RESET_B : -0.171236
[hold reg-reg] merge889/Q_N -> c292/RESET_B : -0.144301
[hold in-reg] clk -> c493/SET_B : -0.078627
[hold reg-reg] s982/Q -> c725/SET_B : -0.071137
[hold reg-reg] s983/Q -> merge918/RESET_B : -0.064429
[hold in-reg] clk -> c295/SET_B : -0.050803
[hold reg-reg] c555/Q -> merge926/SET_B : -0.029201
[hold reg-reg] s942/Q_N -> merge891/RESET_B : -0.015417
[hold reg-reg] c162/Q -> merge895/RESET_B : -0.006864
[setup reg-reg] merge870/Q -> c369/RESET_B : -8.284393
[setup reg-reg] s974/Q_N -> c678/SET_B : -7.825955
[setup reg-reg] s942/Q_N -> c493/RESET_B : -7.274884
[setup reg-reg] merge870/Q -> c356/RESET_B : -6.955029
[setup reg-reg] s976/Q -> c708/SET_B : -4.454103
[setup reg-reg] merge929/Q -> c493/SET_B : -4.365902
[setup reg-reg] s947/Q -> c292/RESET_B : -3.519855
[setup reg-out] merge869/Q -> out32 : -3.309478
[setup reg-out] s945/Q -> out5 : -3.289019
[setup reg-reg] merge911/Q -> c608/SET_B : -3.232620
[setup reg-out] s942/Q_N -> out27 : -3.180138
[setup reg-out] s942/Q_N -> out18 : -2.854570
[setup reg-out] merge869/Q -> out36 : -2.812353
[setup reg-out] merge870/Q -> out31 : -2.780275
[setup reg-out] merge869/Q -> out34 : -2.708857
[setup reg-out] s945/Q -> out51 : -2.659026
[setup reg-out] merge870/Q -> out33 : -2.626960
[setup reg-out] merge870/Q -> out60 : -2.621653
[setup reg-out] merge869/Q -> out58 : -2.607759
[setup reg-out] s945/Q -> out1 : -2.583404
[setup reg-out] s957/Q -> out19 : -2.520771
[setup reg-out] s942/Q_N -> out15 : -2.383595
[setup reg-out] s961/Q -> out3 : -2.213054
[setup reg-reg] merge905/Q -> merge905/D : -1.885926
[setup reg-reg] s993/Q -> s981/D : -1.724276
[setup reg-reg] merge878/Q -> merge878/RESET_B : -1.708511
[setup reg-reg] merge870/Q -> merge901/D : -1.668954
[setup reg-reg] merge878/Q -> s979/D : -1.627810
[setup reg-reg] s993/Q -> c725/D : -1.540649
[setup reg-reg] merge877/Q -> merge912/D : -1.510017
[setup reg-reg] merge870/Q -> merge908/D : -1.492524
[setup reg-reg] merge870/Q -> merge928/D : -1.435572
[setup reg-reg] merge877/Q -> merge910/D : -1.429162
[setup reg-reg] s993/Q -> merge923/D : -1.418147
[setup reg-reg] merge869/Q -> merge928/SET_B : -1.408810
[setup reg-reg] merge870/Q -> merge918/RESET_B : -1.407898
[setup reg-reg] s942/Q_N -> merge870/D : -1.351828
[setup reg-reg] merge906/Q -> merge920/D : -1.318310
[setup reg-reg] merge878/Q -> s964/D : -1.312332
[setup reg-reg] merge877/Q -> merge932/RESET_B : -1.304607
[setup reg-reg] merge878/Q -> c711/SCE : -1.282875
[setup reg-reg] merge870/Q -> merge881/DE : -1.273538
[setup reg-reg] s993/Q -> merge882/DE : -1.261328
[setup reg-reg] merge877/Q -> c493/SCD : -1.248505
[setup reg-reg] s942/Q_N -> s958/D : -1.235951
[setup reg-reg] merge870/Q -> merge915/GATE : -1.185731
[setup reg-reg] s993/Q -> merge903/D : -1.183492
[setup reg-reg] s973/Q -> s990/D : -1.166208
[setup reg-reg] s993/Q -> merge914/DE : -1.155077
[setup reg-reg] s977/Q -> s982/D : -1.149074
[setup reg-reg] merge877/Q -> merge906/RESET_B : -1.140984
[setup reg-reg] merge868/Q -> merge866/D : -1.139163
[setup reg-reg] merge870/Q -> merge869/D : -1.119195
[setup reg-reg] merge870/Q -> s954/GATE : -1.118516
[setup reg-reg] s993/Q -> s974/D : -1.096198
[setup reg-reg] merge877/Q -> c370/SCD : -1.095939
[setup reg-reg] merge877/Q -> merge931/RESET_B : -1.078779
[setup reg-reg] s974/Q -> s993/D : -1.035493
[setup reg-reg] s974/Q_N -> s977/D : -1.031275
[setup reg-reg] s942/Q_N -> c502/SCD : -1.003237
[setup reg-reg] s957/Q_N -> merge889/D : -0.997549
[setup reg-reg] merge866/Q_N -> merge912/RESET_B : -0.995211
[setup reg-reg] merge870/Q -> merge892/D : -0.989301
[setup reg-reg] merge868/Q -> merge891/D : -0.982661
[setup reg-reg] s993/Q -> merge838/D : -0.975981
[setup reg-reg] s993/Q -> merge922/D : -0.975144
[setup reg-reg] merge912/Q -> merge905/RESET_B : -0.969502
[setup reg-reg] merge866/Q_N -> c128/D : -0.966054
[setup reg-reg] merge878/Q -> c696/SCE : -0.960668
[setup reg-reg] merge877/Q -> s943/D : -0.955070
[setup reg-reg] s947/Q -> merge878/D : -0.955026
[setup reg-reg] merge877/Q -> c356/SET_B : -0.938682
[setup reg-reg] merge877/Q -> merge932/D : -0.928973
[setup reg-out] merge909/Q -> out56 : -0.920824
[setup reg-reg] merge877/Q -> c372/SCE : -0.903374
[setup reg-reg] merge866/Q_N -> c497/RESET_B : -0.880666
[setup reg-reg] merge877/Q -> c370/RESET_B : -0.861604
[setup reg-reg] s964/Q -> c708/RESET_B : -0.861520
[setup reg-reg] s993/Q -> merge893/RESET_B : -0.854469
[setup reg-reg] s993/Q -> merge929/RESET_B : -0.850727
[setup reg-reg] merge907/Q -> merge930/D : -0.844711
[setup reg-reg] merge866/Q_N -> c104/SCE : -0.830113
[setup reg-reg] merge906/Q -> s991/D : -0.826640
[setup reg-reg] merge869/Q -> merge915/SCE : -0.821462
[setup reg-reg] s993/Q -> merge838/RESET_B : -0.817471
[setup reg-reg] merge908/Q -> merge909/RESET_B : -0.790816
[setup reg-reg] merge868/Q_N -> s963/D : -0.769879
[setup reg-reg] merge870/Q -> merge858/RESET_B : -0.753616
[setup reg-reg] merge905/Q -> merge920/RESET_B : -0.751148
[setup reg-reg] merge877/Q -> c370/SCE : -0.745850
[setup reg-reg] merge870/Q -> c369/RESET_B : -0.738613
[setup reg-reg] merge906/Q_N -> merge910/RESET_B : -0.736538
[setup reg-reg] merge877/Q -> c226/SCE : -0.731970
[setup reg-reg] s977/Q -> merge927/D : -0.712281
[setup reg-reg] s947/Q -> merge911/RESET_B : -0.710376
[setup reg-reg] merge878/Q -> c704/RESET_B : -0.702230
[setup reg-reg] merge908/Q -> c334/D : -0.688443
[setup reg-reg] merge868/Q -> c493/SET_B : -0.686492
[setup reg-reg] s974/Q -> s984/D : -0.684700
[setup reg-reg] merge877/Q -> c608/RESET_B : -0.679176
[setup reg-reg] merge868/Q_N -> merge906/D : -0.677754
[setup reg-reg] merge868/Q_N -> merge877/D : -0.676573
[setup reg-reg] merge908/Q -> merge908/RESET_B : -0.674909
[setup reg-reg] s993/Q -> merge840/RESET_B : -0.644038
[setup reg-reg] merge877/Q -> c372/RESET_B : -0.642088
[setup reg-reg] s962/Q -> merge893/D : -0.636478
[setup reg-reg] merge930/Q_N -> merge916/SCE : -0.629052
[setup reg-reg] merge877/Q -> c454/SET_B : -0.628984
[setup reg-reg] merge903/Q_N -> s967/D : -0.614709
[setup reg-reg] merge877/Q -> merge868/D : -0.610156
[setup reg-reg] s977/Q -> merge926/D : -0.604322
[setup reg-reg] merge877/Q -> c231/SET_B : -0.590279
[setup reg-reg] merge877/Q -> c231/RESET_B : -0.580881
[setup reg-reg] merge932/Q -> merge836/D : -0.579660
[setup reg-reg] s958/Q_N -> merge925/D : -0.563769
[setup reg-reg] merge908/Q -> merge907/D : -0.563361
[setup reg-reg] s942/Q_N -> s971/GATE : -0.552320
[setup reg-reg] s958/Q -> s973/D : -0.540849
[setup reg-reg] merge877/Q -> c342/RESET_B : -0.538334
[setup reg-reg] merge903/Q_N -> s969/D : -0.537462
[setup reg-reg] merge870/Q -> merge851/D : -0.534426
[setup reg-reg] s973/Q -> s989/D : -0.533038
[setup reg-reg] s974/Q_N -> c694/RESET_B : -0.529460
[setup reg-reg] s942/Q -> merge924/D : -0.527263
[setup reg-reg] merge858/Q -> s944/D : -0.521172
[setup reg-reg] merge877/Q -> merge891/RESET_B : -0.520887
[setup reg-reg] merge908/Q -> c485/RESET_B : -0.514451
[setup reg-reg] s958/Q_N -> merge924/SET_B : -0.505988
[setup reg-reg] s974/Q -> s985/D : -0.487565
[setup reg-reg] s957/Q_N -> merge917/SCE : -0.459680
[setup reg-reg] s942/Q_N -> merge925/SET_B : -0.458481
[setup reg-reg] s942/Q_N -> merge858/D : -0.452366
[setup reg-reg] merge906/Q -> merge877/RESET_B : -0.429770
[setup reg-reg] s974/Q -> merge907/RESET_B : -0.414354
[setup reg-reg] s945/Q -> merge869/RESET_B : -0.410961
[setup reg-reg] merge906/Q -> c608/SCE : -0.403990
[setup reg-reg] merge858/Q_N -> c235/SCE : -0.401674
[setup reg-reg] merge869/Q -> merge892/RESET_B : -0.391950
[setup reg-reg] merge858/Q -> s945/D : -0.386741
[setup reg-reg] s962/Q -> merge902/SET_B : -0.352356
[setup reg-reg] merge908/Q -> c295/SCE : -0.325783
[setup reg-reg] s947/Q -> c303/D : -0.308792
[setup reg-reg] merge903/Q -> c725/SCD : -0.294431
[setup reg-reg] s942/Q -> merge900/SET_B : -0.288212
[setup reg-reg] merge868/Q -> c303/RESET_B : -0.262821
[setup reg-reg] merge866/Q_N -> c128/RESET_B : -0.246065
[setup reg-reg] s957/Q -> c578/SCE : -0.239496
[setup in-out] clk -> out13 : -0.215974
[setup reg-reg] s947/Q -> c292/RESET_B : -0.077299
[setup reg-reg] c578/Q -> c704/SET_B : -0.040214
[setup reg-reg] merge904/Q_N -> s957/D : -0.026763
[setup reg-reg] s942/Q_N -> merge913/D : -0.004271
[setup reg-reg] s961/Q -> s962/D : 0.000000
[setup reg-reg] merge871/Q -> s942/D : 0.000000
[setup in-reg] in18 -> merge911/D : 0.000000
[setup in-reg] in18 -> s947/D : 0.000000
[setup in-reg] in18 -> s959/D : 0.000000
[setup reg-reg] merge871/Q -> merge904/D : 0.000000
[setup in-reg] in43 -> merge931/D : 0.000000
[setup reg-reg] merge859/Q_N -> s961/D : 0.000000
[setup reg-reg] merge859/Q_N -> s960/D : 0.000000
[setup in-reg] in37 -> merge873/D : 0.000000
[setup reg-reg] s941/Q_N -> s992/D : 0.000000
[setup in-reg] in0 -> s980/D : 0.000000
[setup reg-reg] s941/Q_N -> merge871/D : 0.000000
[setup in-reg] in0 -> s975/D : 0.000000
[setup in-reg] in8 -> s948/D : 0.000000
[setup in-reg] clk -> merge859/D : 0.000000
[setup reg-reg] c303/Q -> merge909/D : 0.000000
[setup reg-reg] c696/Q_N -> s976/D : 0.000000
[setup reg-reg] c696/Q_N -> s978/D : 0.000000
[setup in-reg] clk -> s941/D : 0.000000
