
===========================================================================
Violator List
============================================================================
[hold reg-reg] c671/Q -> c678/SET_B : -0.644298
[hold in-reg] in14 -> c677/SET_B : -0.505609
[hold in-reg] clk -> c439/RESET_B : -0.405285
[hold in-reg] clk -> c333/SET_B : -0.322749
[hold reg-reg] c451/Q -> c457/RESET_B : -0.162926
[hold reg-reg] s766/Q -> c314/SET_B : -0.081112
[hold reg-reg] c118/Q -> c233/RESET_B : -0.042901
[hold reg-reg] c561/Q -> c563/SET_B : -0.011119
[setup in-reg] in13 -> c332/SET_B : -5.014545
[setup in-reg] in13 -> c436/RESET_B : -4.960876
[setup reg-reg] c291/Q -> c570/RESET_B : -4.603033
[setup reg-out] s774/Q -> out18 : -2.871769
[setup in-reg] in7 -> s772/D : -2.595076
[setup in-reg] in7 -> c468/SCD : -2.439870
[setup in-reg] in7 -> c497/SCD : -2.312501
[setup in-reg] in51 -> c501/SCE : -2.232850
[setup in-reg] in7 -> s776/D : -2.024867
[setup in-reg] in51 -> c468/D : -1.992112
[setup in-reg] in7 -> c569/RESET_B : -1.976210
[setup in-reg] in7 -> c559/RESET_B : -1.975118
[setup in-reg] in7 -> c436/SCD : -1.967825
[setup in-reg] in51 -> c320/D : -1.967670
[setup in-reg] in51 -> c503/RESET_B : -1.948974
[setup reg-out] c646/Q -> out3 : -1.925118
[setup in-reg] in51 -> c497/SCE : -1.899485
[setup in-reg] in7 -> s777/D : -1.851540
[setup in-reg] in51 -> c501/SET_B : -1.807162
[setup in-reg] in6 -> c606/D : -1.769008
[setup in-reg] in7 -> c703/D : -1.762332
[setup in-reg] in51 -> c350/RESET_B : -1.730259
[setup in-reg] in13 -> c329/D : -1.729758
[setup in-reg] in7 -> c658/RESET_B : -1.607532
[setup in-reg] in6 -> c606/SCD : -1.598404
[setup in-reg] in7 -> c329/RESET_B : -1.589497
[setup in-reg] in7 -> c559/SET_B : -1.588305
[setup in-reg] in7 -> c653/RESET_B : -1.580326
[setup in-reg] in13 -> c375/D : -1.535035
[setup in-reg] in51 -> c606/SET_B : -1.525815
[setup in-reg] in51 -> c329/SET_B : -1.523556
[setup in-reg] in13 -> c436/RESET_B : -1.519879
[setup in-reg] in51 -> c360/D : -1.510946
[setup in-reg] in7 -> c291/SCD : -1.461450
[setup in-reg] in7 -> c350/D : -1.438809
[setup in-reg] in7 -> c291/SCE : -1.432866
[setup in-reg] in51 -> c503/D : -1.428857
[setup in-reg] in51 -> c115/D : -1.417989
[setup in-reg] in7 -> c677/RESET_B : -1.416793
[setup in-reg] in13 -> c376/SET_B : -1.403898
[setup in-reg] in13 -> c369/RESET_B : -1.396136
[setup in-reg] in51 -> c497/SET_B : -1.369572
[setup in-reg] in7 -> c606/SCE : -1.358969
[setup in-reg] in7 -> c418/RESET_B : -1.342445
[setup in-reg] in7 -> c405/RESET_B : -1.333015
[setup in-reg] in7 -> c404/RESET_B : -1.307701
[setup reg-reg] c634/Q -> c701/RESET_B : -1.281517
[setup in-reg] in7 -> c397/D : -1.279197
[setup in-reg] in51 -> c361/D : -1.263095
[setup in-reg] in7 -> c669/SCE : -1.260908
[setup in-reg] in7 -> c634/D : -1.220851
[setup in-reg] in51 -> c350/SCD : -1.143204
[setup in-reg] in7 -> c522/D : -1.092934
[setup in-reg] in7 -> c320/SET_B : -1.060643
[setup in-reg] in51 -> c124/SET_B : -1.041350
[setup in-reg] in51 -> c125/SET_B : -1.040392
[setup in-reg] in7 -> c669/D : -1.016909
[setup reg-out] c646/Q -> out12 : -1.007075
[setup reg-out] c576/Q -> out5 : -0.983150
[setup in-reg] in51 -> c503/SCD : -0.859006
[setup in-reg] in7 -> c497/RESET_B : -0.852710
[setup in-reg] in51 -> c468/SET_B : -0.842854
[setup reg-reg] c634/Q_N -> c648/D : -0.780072
[setup in-reg] in51 -> c115/RESET_B : -0.765636
[setup in-reg] in6 -> c677/D : -0.722619
[setup reg-out] c351/Q -> out50 : -0.659523
[setup in-reg] in7 -> c638/RESET_B : -0.624953
[setup reg-reg] c634/Q -> c669/RESET_B : -0.573577
[setup in-reg] in7 -> c522/RESET_B : -0.568321
[setup reg-out] c371/Q -> out13 : -0.546280
[setup reg-reg] c648/Q -> c650/RESET_B : -0.411987
[setup reg-reg] c634/Q_N -> c650/SET_B : -0.395922
[setup in-out] in51 -> out9 : -0.389639
[setup in-out] in7 -> out14 : -0.281470
[setup reg-out] c371/Q -> out35 : -0.272027
[setup in-reg] in7 -> c397/RESET_B : -0.248783
[setup in-out] in7 -> out37 : -0.247676
[setup in-reg] in7 -> c436/SET_B : -0.240908
[setup reg-reg] c634/Q -> c648/RESET_B : -0.167969
[setup reg-reg] c360/Q_N -> c375/RESET_B : -0.152299
[setup in-reg] in14 -> c677/SET_B : -0.122815
[setup in-out] in7 -> out26 : -0.100770
[setup in-reg] in7 -> c650/D : -0.071464
[setup reg-reg] s770/Q -> s771/D : 0.000000
[setup reg-reg] c576/Q -> s774/D : 0.000000
[setup in-reg] in7 -> c658/D : 0.000000
[setup reg-reg] c576/Q -> s775/D : 0.000000
[setup reg-reg] c396/Q -> s770/D : 0.000000
[setup reg-reg] c291/Q -> s773/D : 0.000000
[setup reg-reg] c396/Q -> c577/D : 0.000000
[setup in-reg] in7 -> c405/D : 0.000000
[setup reg-reg] c396/Q -> c576/D : 0.000000
[setup in-reg] in51 -> c336/D : 0.000000
[setup in-reg] in6 -> c638/D : 0.000000
[setup in-reg] in20 -> c404/D : 0.000000
[setup in-reg] in51 -> c351/D : 0.000000
[setup in-reg] in7 -> c646/D : 0.000000
[setup in-reg] in51 -> c362/D : 0.000000
[setup in-reg] in7 -> c643/D : 0.000000
[setup in-reg] in51 -> c371/D : 0.000000
[setup in-reg] in7 -> c642/D : 0.000000
[setup in-reg] in7 -> c396/D : 0.000000
[setup in-reg] in18 -> c653/D : 0.000000
Writing metric timing__hold_vio__count__corner:nom_tt_025C_1v80: 8
Writing metric timing__hold_r2r__ws__corner:nom_tt_025C_1v80: -0.644298
Writing metric timing__hold_r2r_vio__count__corner:nom_tt_025C_1v80: 5
Writing metric timing__setup_vio__count__corner:nom_tt_025C_1v80: 103
Writing metric timing__setup_r2r__ws__corner:nom_tt_025C_1v80: -4.603033
Writing metric timing__setup_r2r_vio__count__corner:nom_tt_025C_1v80: 15
