Reading OpenROAD database at '/Users/junpeng/openlane2/netlist_mid_ad_min/src/netlist_3/runs/physical_design/12-openroad-generatepdn/netlist_3.odb'…
Reading library file at '/Users/junpeng/.volare/volare/sky130/versions/bdc9412b3e468c102d01b7cf6337be06ec6e9c9a/sky130A/libs.ref/sky130_fd_sc_hd/lib/sky130_fd_sc_hd__tt_025C_1v80.lib'…
Reading design constraints file at '/nix/store/fvqq0703nb8y0f998v8hgg5l6mjj8gb5-python3-3.11.6-env/lib/python3.11/site-packages/openlane/scripts/base.sdc'…
[INFO] Using clock clk…
[INFO] Setting output delay to: 1.6
[INFO] Setting input delay to: 1.6
[INFO] Setting load to: 0.033442
[INFO] Setting clock uncertainty to: 0.25
[INFO] Setting clock transition to: 0.1499999999999999944488848768742172978818416595458984375
[INFO] Setting timing derate to: 5%
{*}-density 0.241985 -skip_io -pad_right 0 -pad_left 0 -init_wirelength_coef 0.25
[INFO GPL-0002] DBU: 1000
[INFO GPL-0003] SiteSize: 460 2720
[INFO GPL-0004] CoreAreaLxLy: 5520 10880
[INFO GPL-0005] CoreAreaUxUy: 294400 288320
[INFO GPL-0006] NumInstances: 2027
[INFO GPL-0007] NumPlaceInstances: 679
[INFO GPL-0008] NumFixedInstances: 1348
[INFO GPL-0009] NumDummyInstances: 0
[INFO GPL-0010] NumNets: 772
[INFO GPL-0011] NumPins: 2702
[INFO GPL-0012] DieAreaLxLy: 0 0
[INFO GPL-0013] DieAreaUxUy: 300000 300000
[INFO GPL-0014] CoreAreaLxLy: 5520 10880
[INFO GPL-0015] CoreAreaUxUy: 294400 288320
[INFO GPL-0016] CoreArea: 80146867200
[INFO GPL-0017] NonPlaceInstsArea: 2197107200
[INFO GPL-0018] PlaceInstsArea: 9948291200
[INFO GPL-0019] Util(%): 12.76
[INFO GPL-0020] StdInstsArea: 9948291200
[INFO GPL-0021] MacroInstsArea: 0
[INFO GPL-0031] FillerInit: NumGCells: 1318
[INFO GPL-0032] FillerInit: NumGNets: 772
[INFO GPL-0033] FillerInit: NumGPins: 2702
[INFO GPL-0023] TargetDensity: 0.24
[INFO GPL-0024] AveragePlaceInstArea: 14651386
[INFO GPL-0025] IdealBinArea: 60546672
[INFO GPL-0026] IdealBinCnt: 1323
[INFO GPL-0027] TotalBinArea: 80146867200
[INFO GPL-0028] BinCnt: 32 32
[INFO GPL-0029] BinSize: 9028 8670
[INFO GPL-0030] NumBins: 1024
[NesterovSolve] Iter: 1 overflow: 0.992277 HPWL: 3282130
[NesterovSolve] Iter: 10 overflow: 0.984855 HPWL: 2621280
[NesterovSolve] Iter: 20 overflow: 0.984855 HPWL: 2618009
[NesterovSolve] Iter: 30 overflow: 0.984855 HPWL: 2617407
[NesterovSolve] Iter: 40 overflow: 0.984855 HPWL: 2617919
[NesterovSolve] Iter: 50 overflow: 0.984855 HPWL: 2617785
[NesterovSolve] Iter: 60 overflow: 0.984855 HPWL: 2617987
[NesterovSolve] Iter: 70 overflow: 0.984855 HPWL: 2618548
[NesterovSolve] Iter: 80 overflow: 0.984855 HPWL: 2619424
[NesterovSolve] Iter: 90 overflow: 0.984855 HPWL: 2621974
[NesterovSolve] Iter: 100 overflow: 0.984855 HPWL: 2628628
[NesterovSolve] Iter: 110 overflow: 0.984855 HPWL: 2640522
[NesterovSolve] Iter: 120 overflow: 0.984792 HPWL: 2661538
[NesterovSolve] Iter: 130 overflow: 0.9845 HPWL: 2694214
[NesterovSolve] Iter: 140 overflow: 0.983918 HPWL: 2749460
[NesterovSolve] Iter: 150 overflow: 0.982205 HPWL: 2878130
[NesterovSolve] Iter: 160 overflow: 0.980584 HPWL: 3327922
[NesterovSolve] Iter: 170 overflow: 0.953573 HPWL: 5212775
[NesterovSolve] Iter: 180 overflow: 0.938673 HPWL: 6645196
[NesterovSolve] Iter: 190 overflow: 0.917564 HPWL: 7605694
[NesterovSolve] Iter: 200 overflow: 0.899942 HPWL: 9000854
[NesterovSolve] Iter: 210 overflow: 0.873658 HPWL: 10499183
[NesterovSolve] Iter: 220 overflow: 0.840265 HPWL: 12209439
[NesterovSolve] Iter: 230 overflow: 0.805551 HPWL: 13958836
[NesterovSolve] Iter: 240 overflow: 0.768081 HPWL: 15709003
[NesterovSolve] Iter: 250 overflow: 0.725192 HPWL: 17517311
[NesterovSolve] Iter: 260 overflow: 0.677935 HPWL: 19361860
[NesterovSolve] Iter: 270 overflow: 0.629486 HPWL: 21126079
[NesterovSolve] Iter: 280 overflow: 0.578675 HPWL: 22789965
[NesterovSolve] Iter: 290 overflow: 0.52445 HPWL: 24432309
[NesterovSolve] Iter: 300 overflow: 0.468312 HPWL: 26030476
[NesterovSolve] Iter: 310 overflow: 0.408726 HPWL: 27581273
[NesterovSolve] Iter: 320 overflow: 0.352077 HPWL: 29042665
[NesterovSolve] Iter: 330 overflow: 0.30423 HPWL: 30007803
[NesterovSolve] Iter: 340 overflow: 0.267998 HPWL: 30877434
[NesterovSolve] Iter: 350 overflow: 0.237644 HPWL: 31554423
[NesterovSolve] Iter: 360 overflow: 0.205851 HPWL: 32077627
[NesterovSolve] Iter: 370 overflow: 0.169368 HPWL: 32438588
[NesterovSolve] Iter: 380 overflow: 0.148051 HPWL: 32761174
[NesterovSolve] Iter: 390 overflow: 0.124749 HPWL: 32996883
[NesterovSolve] Iter: 400 overflow: 0.102742 HPWL: 33198397
[NesterovSolve] Finished with Overflow: 0.098886
[INFO] Setting RC values…
Setting global connections for newly added cells…
[INFO] Setting global connections...
Writing OpenROAD database to '/Users/junpeng/openlane2/netlist_mid_ad_min/src/netlist_3/runs/physical_design/15-openroad-globalplacementskipio/netlist_3.odb'…
Writing netlist to '/Users/junpeng/openlane2/netlist_mid_ad_min/src/netlist_3/runs/physical_design/15-openroad-globalplacementskipio/netlist_3.nl.v'…
Writing powered netlist to '/Users/junpeng/openlane2/netlist_mid_ad_min/src/netlist_3/runs/physical_design/15-openroad-globalplacementskipio/netlist_3.pnl.v'…
Writing layout to '/Users/junpeng/openlane2/netlist_mid_ad_min/src/netlist_3/runs/physical_design/15-openroad-globalplacementskipio/netlist_3.def'…
Writing timing constraints to '/Users/junpeng/openlane2/netlist_mid_ad_min/src/netlist_3/runs/physical_design/15-openroad-globalplacementskipio/netlist_3.sdc'…
