
===========================================================================
report_checks -unconstrained
===========================================================================
======================= max_ss_100C_1v60 Corner ===================================

Startpoint: in61 (input port clocked by clk)
Endpoint: c241 (recovery check against falling-edge clock clk)
Path Group: asynchronous
Path Type: max

Fanout         Cap        Slew       Delay        Time   Description
---------------------------------------------------------------------------------------------
                                  0.000000    0.000000   clock clk (rise edge)
                                  0.000000    0.000000   clock network delay (propagated)
                                  1.600000    1.600000 v input external delay
     2    0.004012    0.023190    0.013094    1.613094 v in61 (in)
                                                         in61 (net)
                      0.023199    0.000000    1.613094 v input59/A (sky130_fd_sc_hd__clkbuf_4)
    11    0.060694    0.223964    0.364859    1.977953 v input59/X (sky130_fd_sc_hd__clkbuf_4)
                                                         net790 (net)
                      0.224014    0.002853    1.980806 v c65/C (sky130_fd_sc_hd__or3_4)
     6    0.038301    0.202818    0.836501    2.817307 v c65/X (sky130_fd_sc_hd__or3_4)
                                                         net3 (net)
                      0.202935    0.004357    2.821665 v c66/B (sky130_fd_sc_hd__and2b_2)
     7    0.040997    0.222662    0.637378    3.459043 v c66/X (sky130_fd_sc_hd__and2b_2)
                                                         net4 (net)
                      0.222684    0.002279    3.461322 v c75/A (sky130_fd_sc_hd__nand2_8)
     8    0.049547    0.160172    0.229621    3.690943 ^ c75/Y (sky130_fd_sc_hd__nand2_8)
                                                         net13 (net)
                      0.160202    0.001706    3.692649 ^ c77/A (sky130_fd_sc_hd__and2_4)
     6    0.051971    0.260070    0.476079    4.168727 ^ c77/X (sky130_fd_sc_hd__and2_4)
                                                         net15 (net)
                      0.260114    0.003359    4.172086 ^ c78/D1 (sky130_fd_sc_hd__o2111ai_4)
     6    0.038502    0.452164    0.474710    4.646796 v c78/Y (sky130_fd_sc_hd__o2111ai_4)
                                                         net16 (net)
                      0.452293    0.006007    4.652803 v c80/A (sky130_fd_sc_hd__and2_4)
     8    0.048054    0.137471    0.515847    5.168651 v c80/X (sky130_fd_sc_hd__and2_4)
                                                         net18 (net)
                      0.137510    0.002392    5.171042 v c81/B1 (sky130_fd_sc_hd__o2111ai_4)
     5    0.017361    0.357847    0.224917    5.395959 ^ c81/Y (sky130_fd_sc_hd__o2111ai_4)
                                                         net19 (net)
                      0.357848    0.001154    5.397113 ^ c196/B (sky130_fd_sc_hd__and3b_4)
     5    0.019526    0.163804    0.582568    5.979681 ^ c196/X (sky130_fd_sc_hd__and3b_4)
                                                         net139 (net)
                      0.163822    0.001808    5.981489 ^ c199/D_N (sky130_fd_sc_hd__or4bb_4)
     3    0.025788    0.227027    1.070971    7.052460 v c199/X (sky130_fd_sc_hd__or4bb_4)
                                                         net142 (net)
                      0.227027    0.003288    7.055748 v clkbuf_0_net142/A (sky130_fd_sc_hd__clkbuf_16)
     5    0.042065    0.078106    0.358959    7.414706 v clkbuf_0_net142/X (sky130_fd_sc_hd__clkbuf_16)
                                                         clknet_0_net142 (net)
                      0.078113    0.003058    7.417764 v clkbuf_1_1__f_net142/A (sky130_fd_sc_hd__clkbuf_16)
     5    0.036819    0.074344    0.278858    7.696622 v clkbuf_1_1__f_net142/X (sky130_fd_sc_hd__clkbuf_16)
                                                         clknet_1_1__leaf_net142 (net)
                      0.074694    0.004345    7.700967 v c200/D_N (sky130_fd_sc_hd__or4bb_4)
     1    0.008855    0.073259    0.408360    8.109326 ^ c200/X (sky130_fd_sc_hd__or4bb_4)
                                                         net143 (net)
                      0.073259    0.000421    8.109748 ^ clkbuf_0_net143/A (sky130_fd_sc_hd__clkbuf_16)
     2    0.019608    0.066952    0.222245    8.331993 ^ clkbuf_0_net143/X (sky130_fd_sc_hd__clkbuf_16)
                                                         clknet_0_net143 (net)
                      0.066968    0.001001    8.332994 ^ clkbuf_1_1__f_net143/A (sky130_fd_sc_hd__clkbuf_16)
     1    0.007713    0.051459    0.201855    8.534848 ^ clkbuf_1_1__f_net143/X (sky130_fd_sc_hd__clkbuf_16)
                                                         clknet_1_1__leaf_net143 (net)
                      0.051459    0.000259    8.535108 ^ c202/S0 (sky130_fd_sc_hd__mux4_2)
     1    0.018478    0.239909    1.218664    9.753773 v c202/X (sky130_fd_sc_hd__mux4_2)
                                                         net145 (net)
                      0.239909    0.001855    9.755628 v clkbuf_0_net145/A (sky130_fd_sc_hd__clkbuf_16)
     2    0.019653    0.057311    0.339716   10.095344 v clkbuf_0_net145/X (sky130_fd_sc_hd__clkbuf_16)
                                                         clknet_0_net145 (net)
                      0.057311    0.000789   10.096132 v clkbuf_1_0__f_net145/A (sky130_fd_sc_hd__clkbuf_16)
     5    0.023346    0.060072    0.254807   10.350939 v clkbuf_1_0__f_net145/X (sky130_fd_sc_hd__clkbuf_16)
                                                         clknet_1_0__leaf_net145 (net)
                      0.060129    0.001250   10.352189 v c205/A3 (sky130_fd_sc_hd__mux4_2)
     1    0.007471    0.175212    1.077265   11.429454 v c205/X (sky130_fd_sc_hd__mux4_2)
                                                         net148 (net)
                      0.175232    0.000357   11.429811 v clkbuf_0_net148/A (sky130_fd_sc_hd__clkbuf_16)
     2    0.018900    0.056439    0.307107   11.736918 v clkbuf_0_net148/X (sky130_fd_sc_hd__clkbuf_16)
                                                         clknet_0_net148 (net)
                      0.056439    0.001153   11.738071 v clkbuf_1_1__f_net148/A (sky130_fd_sc_hd__clkbuf_16)
     1    0.005202    0.043319    0.231102   11.969173 v clkbuf_1_1__f_net148/X (sky130_fd_sc_hd__clkbuf_16)
                                                         clknet_1_1__leaf_net148 (net)
                      0.043320    0.000394   11.969568 v c215/A_N (sky130_fd_sc_hd__nand3b_4)
     1    0.012938    0.190596    0.302372   12.271940 v c215/Y (sky130_fd_sc_hd__nand3b_4)
                                                         net155 (net)
                      0.190602    0.001047   12.272987 v clkbuf_0_net155/A (sky130_fd_sc_hd__clkbuf_16)
     2    0.009747    0.048536    0.304046   12.577033 v clkbuf_0_net155/X (sky130_fd_sc_hd__clkbuf_16)
                                                         clknet_0_net155 (net)
                      0.048537    0.000458   12.577492 v rebuffer10/A (sky130_fd_sc_hd__dlygate4sd1_1)
     1    0.009858    0.119010    0.522093   13.099584 v rebuffer10/X (sky130_fd_sc_hd__dlygate4sd1_1)
                                                         net908 (net)
                      0.119013    0.000827   13.100410 v clkbuf_1_1__f_net155/A (sky130_fd_sc_hd__clkbuf_16)
     1    0.004685    0.042814    0.260583   13.360993 v clkbuf_1_1__f_net155/X (sky130_fd_sc_hd__clkbuf_16)
                                                         clknet_1_1__leaf_net155 (net)
                      0.042815    0.000317   13.361311 v c224/B (sky130_fd_sc_hd__and2b_2)
     1    0.013167    0.114982    0.447892   13.809202 v c224/X (sky130_fd_sc_hd__and2b_2)
                                                         net162 (net)
                      0.114991    0.001079   13.810282 v clkbuf_0_net162/A (sky130_fd_sc_hd__clkbuf_16)
     2    0.016637    0.054364    0.274923   14.085204 v clkbuf_0_net162/X (sky130_fd_sc_hd__clkbuf_16)
                                                         clknet_0_net162 (net)
                      0.054364    0.000864   14.086069 v clkbuf_1_1__f_net162/A (sky130_fd_sc_hd__clkbuf_16)
     1    0.008655    0.046861    0.235746   14.321815 v clkbuf_1_1__f_net162/X (sky130_fd_sc_hd__clkbuf_16)
                                                         clknet_1_1__leaf_net162 (net)
                      0.046863    0.000659   14.322474 v c226/A1 (sky130_fd_sc_hd__o2111ai_4)
     1    0.013700    0.323972    0.356805   14.679278 ^ c226/Y (sky130_fd_sc_hd__o2111ai_4)
                                                         net812 (net)
                      0.323973    0.001154   14.680432 ^ clkbuf_0_net812/A (sky130_fd_sc_hd__clkbuf_16)
     2    0.020094    0.069573    0.332718   15.013150 ^ clkbuf_0_net812/X (sky130_fd_sc_hd__clkbuf_16)
                                                         clknet_0_net812 (net)
                      0.069573    0.001235   15.014385 ^ clkbuf_1_1__f_net812/A (sky130_fd_sc_hd__clkbuf_16)
     2    0.015277    0.061562    0.214539   15.228925 ^ clkbuf_1_1__f_net812/X (sky130_fd_sc_hd__clkbuf_16)
                                                         clknet_1_1__leaf_net812 (net)
                      0.061562    0.000890   15.229815 ^ c241/RESET_B (sky130_fd_sc_hd__sdfbbn_1)
                                             15.229815   data arrival time

                                  4.000000    4.000000   clock clk (fall edge)
                                  0.000000    4.000000   clock source latency
     2    0.040766    0.177350    0.126072    4.126072 v clk (in)
                                                         clk (net)
                      0.177388    0.000000    4.126072 v clkbuf_0_clk/A (sky130_fd_sc_hd__clkbuf_16)
     9    0.094077    0.124869    0.375104    4.501176 v clkbuf_0_clk/X (sky130_fd_sc_hd__clkbuf_16)
                                                         clknet_0_clk (net)
                      0.125128    0.004975    4.506151 v clkbuf_2_3__f_clk/A (sky130_fd_sc_hd__clkbuf_16)
    19    0.089409    0.120619    0.344811    4.850962 v clkbuf_2_3__f_clk/X (sky130_fd_sc_hd__clkbuf_16)
                                                         clknet_2_3__leaf_clk (net)
                      0.121188    0.006043    4.857005 v clkbuf_leaf_14_clk/A (sky130_fd_sc_hd__clkbuf_8)
     4    0.020685    0.068508    0.282848    5.139853 v clkbuf_leaf_14_clk/X (sky130_fd_sc_hd__clkbuf_8)
                                                         clknet_leaf_14_clk (net)
                      0.068518    0.000830    5.140682 v c241/CLK_N (sky130_fd_sc_hd__sdfbbn_1)
                                 -0.250000    4.890682   clock uncertainty
                                  0.000000    4.890682   clock reconvergence pessimism
                                 -0.102122    4.788560   library recovery time
                                              4.788560   data required time
---------------------------------------------------------------------------------------------
                                              4.788560   data required time
                                            -15.229815   data arrival time
---------------------------------------------------------------------------------------------
                                            -10.441255   slack (VIOLATED)


Startpoint: in17 (input port clocked by clk)
Endpoint: c703 (rising edge-triggered flip-flop clocked by clk)
Path Group: clk
Path Type: max

Fanout         Cap        Slew       Delay        Time   Description
---------------------------------------------------------------------------------------------
                                  0.000000    0.000000   clock clk (rise edge)
                                  0.000000    0.000000   clock network delay (propagated)
                                  1.600000    1.600000 ^ input external delay
     2    0.004941    0.046782    0.027116    1.627116 ^ in17 (in)
                                                         in17 (net)
                      0.046783    0.000000    1.627116 ^ input10/A (sky130_fd_sc_hd__clkbuf_2)
     1    0.012562    0.121353    0.217236    1.844353 ^ input10/X (sky130_fd_sc_hd__clkbuf_2)
                                                         net741 (net)
                      0.121362    0.001133    1.845486 ^ fanout167/A (sky130_fd_sc_hd__buf_6)
    11    0.053330    0.179466    0.283657    2.129143 ^ fanout167/X (sky130_fd_sc_hd__buf_6)
                                                         net898 (net)
                      0.179520    0.002575    2.131717 ^ fanout165/A (sky130_fd_sc_hd__buf_12)
    15    0.105631    0.200583    0.327447    2.459164 ^ fanout165/X (sky130_fd_sc_hd__buf_12)
                                                         net896 (net)
                      0.200863    0.006170    2.465334 ^ fanout164/A (sky130_fd_sc_hd__buf_8)
    12    0.055602    0.153189    0.298875    2.764210 ^ fanout164/X (sky130_fd_sc_hd__buf_8)
                                                         net895 (net)
                      0.153607    0.005795    2.770005 ^ c134/D1 (sky130_fd_sc_hd__a2111oi_1)
     1    0.003807    0.159228    0.120616    2.890621 v c134/Y (sky130_fd_sc_hd__a2111oi_1)
                                                         net71 (net)
                      0.159228    0.000228    2.890849 v wire9/A (sky130_fd_sc_hd__clkbuf_1)
     2    0.006456    0.087814    0.234281    3.125130 v wire9/X (sky130_fd_sc_hd__clkbuf_1)
                                                         net962 (net)
                      0.087814    0.000356    3.125487 v max_cap8/A (sky130_fd_sc_hd__clkbuf_1)
     1    0.005037    0.072851    0.188411    3.313897 v max_cap8/X (sky130_fd_sc_hd__clkbuf_1)
                                                         net961 (net)
                      0.072851    0.000232    3.314129 v c135/B (sky130_fd_sc_hd__nor3_2)
     3    0.013188    0.431885    0.435925    3.750055 ^ c135/Y (sky130_fd_sc_hd__nor3_2)
                                                         net72 (net)
                      0.431887    0.000686    3.750741 ^ c136/B1 (sky130_fd_sc_hd__o2111a_1)
     2    0.009475    0.182096    0.590750    4.341491 ^ c136/X (sky130_fd_sc_hd__o2111a_1)
                                                         net73 (net)
                      0.182096    0.000302    4.341793 ^ c139/B (sky130_fd_sc_hd__or4bb_4)
     5    0.031469    0.165845    0.357589    4.699381 ^ c139/X (sky130_fd_sc_hd__or4bb_4)
                                                         net76 (net)
                      0.165886    0.002563    4.701944 ^ c141/B (sky130_fd_sc_hd__nand3b_4)
     8    0.032147    0.258673    0.301763    5.003707 v c141/Y (sky130_fd_sc_hd__nand3b_4)
                                                         net78 (net)
                      0.258673    0.001028    5.004735 v c142/A2 (sky130_fd_sc_hd__mux4_2)
     3    0.025246    0.264750    1.280722    6.285457 v c142/X (sky130_fd_sc_hd__mux4_2)
                                                         net79 (net)
                      0.264783    0.002972    6.288429 v c169/A (sky130_fd_sc_hd__nor2b_1)
     3    0.012659    0.423018    0.466945    6.755373 ^ c169/Y (sky130_fd_sc_hd__nor2b_1)
                                                         net107 (net)
                      0.423019    0.000677    6.756051 ^ c173/B (sky130_fd_sc_hd__and2b_1)
     3    0.015461    0.236096    0.474437    7.230488 ^ c173/X (sky130_fd_sc_hd__and2b_1)
                                                         net112 (net)
                      0.236096    0.000534    7.231022 ^ fanout147/A (sky130_fd_sc_hd__clkbuf_4)
    21    0.084941    0.402157    0.561712    7.792734 ^ fanout147/X (sky130_fd_sc_hd__clkbuf_4)
                                                         net878 (net)
                      0.402524    0.010099    7.802833 ^ c435/S1 (sky130_fd_sc_hd__mux4_1)
     1    0.005388    0.185556    0.815771    8.618604 v c435/X (sky130_fd_sc_hd__mux4_1)
                                                         net837 (net)
                      0.185556    0.000392    8.618996 v fanout143/A (sky130_fd_sc_hd__buf_6)
    17    0.094180    0.161934    0.359005    8.978001 v fanout143/X (sky130_fd_sc_hd__buf_6)
                                                         net874 (net)
                      0.162216    0.005853    8.983854 v fanout142/A (sky130_fd_sc_hd__buf_6)
    21    0.093314    0.158534    0.352230    9.336084 v fanout142/X (sky130_fd_sc_hd__buf_6)
                                                         net873 (net)
                      0.158593    0.002657    9.338741 v fanout141/A (sky130_fd_sc_hd__buf_4)
    21    0.076285    0.189599    0.411139    9.749880 v fanout141/X (sky130_fd_sc_hd__buf_4)
                                                         net872 (net)
                      0.189703    0.004338    9.754218 v c437/C1 (sky130_fd_sc_hd__a2111o_4)
     7    0.019799    0.157876    0.908969   10.663187 v c437/X (sky130_fd_sc_hd__a2111o_4)
                                                         net365 (net)
                      0.157879    0.000969   10.664156 v c547/B (sky130_fd_sc_hd__and3b_2)
     6    0.033364    0.196136    0.591419   11.255574 v c547/X (sky130_fd_sc_hd__and3b_2)
                                                         net459 (net)
                      0.196151    0.001910   11.257485 v c557/A1 (sky130_fd_sc_hd__o2111a_1)
     2    0.008469    0.121319    0.531224   11.788709 v c557/X (sky130_fd_sc_hd__o2111a_1)
                                                         net472 (net)
                      0.121320    0.000640   11.789350 v c559/A0 (sky130_fd_sc_hd__mux4_4)
     1    0.009699    0.239178    1.427668   13.217017 v c559/X (sky130_fd_sc_hd__mux4_4)
                                                         net474 (net)
                      0.239178    0.000772   13.217789 v clkbuf_0_net474/A (sky130_fd_sc_hd__clkbuf_16)
     2    0.018006    0.055903    0.337431   13.555220 v clkbuf_0_net474/X (sky130_fd_sc_hd__clkbuf_16)
                                                         clknet_0_net474 (net)
                      0.055903    0.000954   13.556173 v clkbuf_1_0__f_net474/A (sky130_fd_sc_hd__clkbuf_16)
     3    0.015772    0.053572    0.245308   13.801481 v clkbuf_1_0__f_net474/X (sky130_fd_sc_hd__clkbuf_16)
                                                         clknet_1_0__leaf_net474 (net)
                      0.053572    0.001061   13.802543 v c561/D1 (sky130_fd_sc_hd__a2111oi_4)
     1    0.017036    0.623496    0.514798   14.317341 ^ c561/Y (sky130_fd_sc_hd__a2111oi_4)
                                                         net476 (net)
                      0.623497    0.001624   14.318964 ^ clkbuf_0_net476/A (sky130_fd_sc_hd__clkbuf_16)
     2    0.019962    0.075457    0.454225   14.773190 ^ clkbuf_0_net476/X (sky130_fd_sc_hd__clkbuf_16)
                                                         clknet_0_net476 (net)
                      0.075457    0.001440   14.774629 ^ clkbuf_1_1__f_net476/A (sky130_fd_sc_hd__clkbuf_16)
    11    0.046002    0.101828    0.258647   15.033277 ^ clkbuf_1_1__f_net476/X (sky130_fd_sc_hd__clkbuf_16)
                                                         clknet_1_1__leaf_net476 (net)
                      0.101938    0.002837   15.036113 ^ c703/RESET_B (sky130_fd_sc_hd__sdfbbn_1)
                                             15.036113   data arrival time

                                  0.000000    0.000000   clock clk (rise edge)
                                  0.000000    0.000000   clock source latency
     2    0.041704    0.301867    0.210333    0.210333 ^ clk (in)
                                                         clk (net)
                      0.301892    0.000000    0.210333 ^ clkbuf_0_clk/A (sky130_fd_sc_hd__clkbuf_16)
     9    0.097881    0.174566    0.413502    0.623835 ^ clkbuf_0_clk/X (sky130_fd_sc_hd__clkbuf_16)
                                                         clknet_0_clk (net)
                      0.174760    0.005201    0.629036 ^ clkbuf_2_2__f_clk/A (sky130_fd_sc_hd__clkbuf_16)
    13    0.073694    0.139748    0.333369    0.962405 ^ clkbuf_2_2__f_clk/X (sky130_fd_sc_hd__clkbuf_16)
                                                         clknet_2_2__leaf_clk (net)
                      0.140010    0.005239    0.967644 ^ clkbuf_leaf_23_clk/A (sky130_fd_sc_hd__clkbuf_8)
    11    0.041363    0.132827    0.311220    1.278864 ^ clkbuf_leaf_23_clk/X (sky130_fd_sc_hd__clkbuf_8)
                                                         clknet_leaf_23_clk (net)
                      0.132901    0.002855    1.281718 ^ s812/CLK (sky130_fd_sc_hd__dlclkp_4)
     1    0.012060    0.102793    0.354764    1.636483 ^ s812/GCLK (sky130_fd_sc_hd__dlclkp_4)
                                                         net708 (net)
                      0.102800    0.000901    1.637383 ^ clkbuf_0_net708/A (sky130_fd_sc_hd__clkbuf_16)
     2    0.019063    0.066268    0.235043    1.872426 ^ clkbuf_0_net708/X (sky130_fd_sc_hd__clkbuf_16)
                                                         clknet_0_net708 (net)
                      0.066268    0.000685    1.873111 ^ clkbuf_1_1__f_net708/A (sky130_fd_sc_hd__clkbuf_16)
     1    0.004303    0.046873    0.195090    2.068201 ^ clkbuf_1_1__f_net708/X (sky130_fd_sc_hd__clkbuf_16)
                                                         clknet_1_1__leaf_net708 (net)
                      0.046873    0.000245    2.068445 ^ c703/SET_B (sky130_fd_sc_hd__sdfbbn_1)
                                 -0.250000    1.818445   clock uncertainty
                                  0.000000    1.818445   clock reconvergence pessimism
                                  0.238414    2.056859   library non-sequential setup time
                                              2.056859   data required time
---------------------------------------------------------------------------------------------
                                              2.056859   data required time
                                            -15.036113   data arrival time
---------------------------------------------------------------------------------------------
                                            -12.979254   slack (VIOLATED)




===========================================================================
report_checks --slack_max -0.01
============================================================================
======================= max_ss_100C_1v60 Corner ===================================

Startpoint: in61 (input port clocked by clk)
Endpoint: c241 (recovery check against falling-edge clock clk)
Path Group: asynchronous
Path Type: max

Fanout         Cap        Slew       Delay        Time   Description
---------------------------------------------------------------------------------------------
                                  0.000000    0.000000   clock clk (rise edge)
                                  0.000000    0.000000   clock network delay (propagated)
                                  1.600000    1.600000 v input external delay
     2    0.004012    0.023190    0.013094    1.613094 v in61 (in)
                                                         in61 (net)
                      0.023199    0.000000    1.613094 v input59/A (sky130_fd_sc_hd__clkbuf_4)
    11    0.060694    0.223964    0.364859    1.977953 v input59/X (sky130_fd_sc_hd__clkbuf_4)
                                                         net790 (net)
                      0.224014    0.002853    1.980806 v c65/C (sky130_fd_sc_hd__or3_4)
     6    0.038301    0.202818    0.836501    2.817307 v c65/X (sky130_fd_sc_hd__or3_4)
                                                         net3 (net)
                      0.202935    0.004357    2.821665 v c66/B (sky130_fd_sc_hd__and2b_2)
     7    0.040997    0.222662    0.637378    3.459043 v c66/X (sky130_fd_sc_hd__and2b_2)
                                                         net4 (net)
                      0.222684    0.002279    3.461322 v c75/A (sky130_fd_sc_hd__nand2_8)
     8    0.049547    0.160172    0.229621    3.690943 ^ c75/Y (sky130_fd_sc_hd__nand2_8)
                                                         net13 (net)
                      0.160202    0.001706    3.692649 ^ c77/A (sky130_fd_sc_hd__and2_4)
     6    0.051971    0.260070    0.476079    4.168727 ^ c77/X (sky130_fd_sc_hd__and2_4)
                                                         net15 (net)
                      0.260114    0.003359    4.172086 ^ c78/D1 (sky130_fd_sc_hd__o2111ai_4)
     6    0.038502    0.452164    0.474710    4.646796 v c78/Y (sky130_fd_sc_hd__o2111ai_4)
                                                         net16 (net)
                      0.452293    0.006007    4.652803 v c80/A (sky130_fd_sc_hd__and2_4)
     8    0.048054    0.137471    0.515847    5.168651 v c80/X (sky130_fd_sc_hd__and2_4)
                                                         net18 (net)
                      0.137510    0.002392    5.171042 v c81/B1 (sky130_fd_sc_hd__o2111ai_4)
     5    0.017361    0.357847    0.224917    5.395959 ^ c81/Y (sky130_fd_sc_hd__o2111ai_4)
                                                         net19 (net)
                      0.357848    0.001154    5.397113 ^ c196/B (sky130_fd_sc_hd__and3b_4)
     5    0.019526    0.163804    0.582568    5.979681 ^ c196/X (sky130_fd_sc_hd__and3b_4)
                                                         net139 (net)
                      0.163822    0.001808    5.981489 ^ c199/D_N (sky130_fd_sc_hd__or4bb_4)
     3    0.025788    0.227027    1.070971    7.052460 v c199/X (sky130_fd_sc_hd__or4bb_4)
                                                         net142 (net)
                      0.227027    0.003288    7.055748 v clkbuf_0_net142/A (sky130_fd_sc_hd__clkbuf_16)
     5    0.042065    0.078106    0.358959    7.414706 v clkbuf_0_net142/X (sky130_fd_sc_hd__clkbuf_16)
                                                         clknet_0_net142 (net)
                      0.078113    0.003058    7.417764 v clkbuf_1_1__f_net142/A (sky130_fd_sc_hd__clkbuf_16)
     5    0.036819    0.074344    0.278858    7.696622 v clkbuf_1_1__f_net142/X (sky130_fd_sc_hd__clkbuf_16)
                                                         clknet_1_1__leaf_net142 (net)
                      0.074694    0.004345    7.700967 v c200/D_N (sky130_fd_sc_hd__or4bb_4)
     1    0.008855    0.073259    0.408360    8.109326 ^ c200/X (sky130_fd_sc_hd__or4bb_4)
                                                         net143 (net)
                      0.073259    0.000421    8.109748 ^ clkbuf_0_net143/A (sky130_fd_sc_hd__clkbuf_16)
     2    0.019608    0.066952    0.222245    8.331993 ^ clkbuf_0_net143/X (sky130_fd_sc_hd__clkbuf_16)
                                                         clknet_0_net143 (net)
                      0.066968    0.001001    8.332994 ^ clkbuf_1_1__f_net143/A (sky130_fd_sc_hd__clkbuf_16)
     1    0.007713    0.051459    0.201855    8.534848 ^ clkbuf_1_1__f_net143/X (sky130_fd_sc_hd__clkbuf_16)
                                                         clknet_1_1__leaf_net143 (net)
                      0.051459    0.000259    8.535108 ^ c202/S0 (sky130_fd_sc_hd__mux4_2)
     1    0.018478    0.239909    1.218664    9.753773 v c202/X (sky130_fd_sc_hd__mux4_2)
                                                         net145 (net)
                      0.239909    0.001855    9.755628 v clkbuf_0_net145/A (sky130_fd_sc_hd__clkbuf_16)
     2    0.019653    0.057311    0.339716   10.095344 v clkbuf_0_net145/X (sky130_fd_sc_hd__clkbuf_16)
                                                         clknet_0_net145 (net)
                      0.057311    0.000789   10.096132 v clkbuf_1_0__f_net145/A (sky130_fd_sc_hd__clkbuf_16)
     5    0.023346    0.060072    0.254807   10.350939 v clkbuf_1_0__f_net145/X (sky130_fd_sc_hd__clkbuf_16)
                                                         clknet_1_0__leaf_net145 (net)
                      0.060129    0.001250   10.352189 v c205/A3 (sky130_fd_sc_hd__mux4_2)
     1    0.007471    0.175212    1.077265   11.429454 v c205/X (sky130_fd_sc_hd__mux4_2)
                                                         net148 (net)
                      0.175232    0.000357   11.429811 v clkbuf_0_net148/A (sky130_fd_sc_hd__clkbuf_16)
     2    0.018900    0.056439    0.307107   11.736918 v clkbuf_0_net148/X (sky130_fd_sc_hd__clkbuf_16)
                                                         clknet_0_net148 (net)
                      0.056439    0.001153   11.738071 v clkbuf_1_1__f_net148/A (sky130_fd_sc_hd__clkbuf_16)
     1    0.005202    0.043319    0.231102   11.969173 v clkbuf_1_1__f_net148/X (sky130_fd_sc_hd__clkbuf_16)
                                                         clknet_1_1__leaf_net148 (net)
                      0.043320    0.000394   11.969568 v c215/A_N (sky130_fd_sc_hd__nand3b_4)
     1    0.012938    0.190596    0.302372   12.271940 v c215/Y (sky130_fd_sc_hd__nand3b_4)
                                                         net155 (net)
                      0.190602    0.001047   12.272987 v clkbuf_0_net155/A (sky130_fd_sc_hd__clkbuf_16)
     2    0.009747    0.048536    0.304046   12.577033 v clkbuf_0_net155/X (sky130_fd_sc_hd__clkbuf_16)
                                                         clknet_0_net155 (net)
                      0.048537    0.000458   12.577492 v rebuffer10/A (sky130_fd_sc_hd__dlygate4sd1_1)
     1    0.009858    0.119010    0.522093   13.099584 v rebuffer10/X (sky130_fd_sc_hd__dlygate4sd1_1)
                                                         net908 (net)
                      0.119013    0.000827   13.100410 v clkbuf_1_1__f_net155/A (sky130_fd_sc_hd__clkbuf_16)
     1    0.004685    0.042814    0.260583   13.360993 v clkbuf_1_1__f_net155/X (sky130_fd_sc_hd__clkbuf_16)
                                                         clknet_1_1__leaf_net155 (net)
                      0.042815    0.000317   13.361311 v c224/B (sky130_fd_sc_hd__and2b_2)
     1    0.013167    0.114982    0.447892   13.809202 v c224/X (sky130_fd_sc_hd__and2b_2)
                                                         net162 (net)
                      0.114991    0.001079   13.810282 v clkbuf_0_net162/A (sky130_fd_sc_hd__clkbuf_16)
     2    0.016637    0.054364    0.274923   14.085204 v clkbuf_0_net162/X (sky130_fd_sc_hd__clkbuf_16)
                                                         clknet_0_net162 (net)
                      0.054364    0.000864   14.086069 v clkbuf_1_1__f_net162/A (sky130_fd_sc_hd__clkbuf_16)
     1    0.008655    0.046861    0.235746   14.321815 v clkbuf_1_1__f_net162/X (sky130_fd_sc_hd__clkbuf_16)
                                                         clknet_1_1__leaf_net162 (net)
                      0.046863    0.000659   14.322474 v c226/A1 (sky130_fd_sc_hd__o2111ai_4)
     1    0.013700    0.323972    0.356805   14.679278 ^ c226/Y (sky130_fd_sc_hd__o2111ai_4)
                                                         net812 (net)
                      0.323973    0.001154   14.680432 ^ clkbuf_0_net812/A (sky130_fd_sc_hd__clkbuf_16)
     2    0.020094    0.069573    0.332718   15.013150 ^ clkbuf_0_net812/X (sky130_fd_sc_hd__clkbuf_16)
                                                         clknet_0_net812 (net)
                      0.069573    0.001235   15.014385 ^ clkbuf_1_1__f_net812/A (sky130_fd_sc_hd__clkbuf_16)
     2    0.015277    0.061562    0.214539   15.228925 ^ clkbuf_1_1__f_net812/X (sky130_fd_sc_hd__clkbuf_16)
                                                         clknet_1_1__leaf_net812 (net)
                      0.061562    0.000890   15.229815 ^ c241/RESET_B (sky130_fd_sc_hd__sdfbbn_1)
                                             15.229815   data arrival time

                                  4.000000    4.000000   clock clk (fall edge)
                                  0.000000    4.000000   clock source latency
     2    0.040766    0.177350    0.126072    4.126072 v clk (in)
                                                         clk (net)
                      0.177388    0.000000    4.126072 v clkbuf_0_clk/A (sky130_fd_sc_hd__clkbuf_16)
     9    0.094077    0.124869    0.375104    4.501176 v clkbuf_0_clk/X (sky130_fd_sc_hd__clkbuf_16)
                                                         clknet_0_clk (net)
                      0.125128    0.004975    4.506151 v clkbuf_2_3__f_clk/A (sky130_fd_sc_hd__clkbuf_16)
    19    0.089409    0.120619    0.344811    4.850962 v clkbuf_2_3__f_clk/X (sky130_fd_sc_hd__clkbuf_16)
                                                         clknet_2_3__leaf_clk (net)
                      0.121188    0.006043    4.857005 v clkbuf_leaf_14_clk/A (sky130_fd_sc_hd__clkbuf_8)
     4    0.020685    0.068508    0.282848    5.139853 v clkbuf_leaf_14_clk/X (sky130_fd_sc_hd__clkbuf_8)
                                                         clknet_leaf_14_clk (net)
                      0.068518    0.000830    5.140682 v c241/CLK_N (sky130_fd_sc_hd__sdfbbn_1)
                                 -0.250000    4.890682   clock uncertainty
                                  0.000000    4.890682   clock reconvergence pessimism
                                 -0.102122    4.788560   library recovery time
                                              4.788560   data required time
---------------------------------------------------------------------------------------------
                                              4.788560   data required time
                                            -15.229815   data arrival time
---------------------------------------------------------------------------------------------
                                            -10.441255   slack (VIOLATED)


Startpoint: in17 (input port clocked by clk)
Endpoint: c703 (rising edge-triggered flip-flop clocked by clk)
Path Group: clk
Path Type: max

Fanout         Cap        Slew       Delay        Time   Description
---------------------------------------------------------------------------------------------
                                  0.000000    0.000000   clock clk (rise edge)
                                  0.000000    0.000000   clock network delay (propagated)
                                  1.600000    1.600000 ^ input external delay
     2    0.004941    0.046782    0.027116    1.627116 ^ in17 (in)
                                                         in17 (net)
                      0.046783    0.000000    1.627116 ^ input10/A (sky130_fd_sc_hd__clkbuf_2)
     1    0.012562    0.121353    0.217236    1.844353 ^ input10/X (sky130_fd_sc_hd__clkbuf_2)
                                                         net741 (net)
                      0.121362    0.001133    1.845486 ^ fanout167/A (sky130_fd_sc_hd__buf_6)
    11    0.053330    0.179466    0.283657    2.129143 ^ fanout167/X (sky130_fd_sc_hd__buf_6)
                                                         net898 (net)
                      0.179520    0.002575    2.131717 ^ fanout165/A (sky130_fd_sc_hd__buf_12)
    15    0.105631    0.200583    0.327447    2.459164 ^ fanout165/X (sky130_fd_sc_hd__buf_12)
                                                         net896 (net)
                      0.200863    0.006170    2.465334 ^ fanout164/A (sky130_fd_sc_hd__buf_8)
    12    0.055602    0.153189    0.298875    2.764210 ^ fanout164/X (sky130_fd_sc_hd__buf_8)
                                                         net895 (net)
                      0.153607    0.005795    2.770005 ^ c134/D1 (sky130_fd_sc_hd__a2111oi_1)
     1    0.003807    0.159228    0.120616    2.890621 v c134/Y (sky130_fd_sc_hd__a2111oi_1)
                                                         net71 (net)
                      0.159228    0.000228    2.890849 v wire9/A (sky130_fd_sc_hd__clkbuf_1)
     2    0.006456    0.087814    0.234281    3.125130 v wire9/X (sky130_fd_sc_hd__clkbuf_1)
                                                         net962 (net)
                      0.087814    0.000356    3.125487 v max_cap8/A (sky130_fd_sc_hd__clkbuf_1)
     1    0.005037    0.072851    0.188411    3.313897 v max_cap8/X (sky130_fd_sc_hd__clkbuf_1)
                                                         net961 (net)
                      0.072851    0.000232    3.314129 v c135/B (sky130_fd_sc_hd__nor3_2)
     3    0.013188    0.431885    0.435925    3.750055 ^ c135/Y (sky130_fd_sc_hd__nor3_2)
                                                         net72 (net)
                      0.431887    0.000686    3.750741 ^ c136/B1 (sky130_fd_sc_hd__o2111a_1)
     2    0.009475    0.182096    0.590750    4.341491 ^ c136/X (sky130_fd_sc_hd__o2111a_1)
                                                         net73 (net)
                      0.182096    0.000302    4.341793 ^ c139/B (sky130_fd_sc_hd__or4bb_4)
     5    0.031469    0.165845    0.357589    4.699381 ^ c139/X (sky130_fd_sc_hd__or4bb_4)
                                                         net76 (net)
                      0.165886    0.002563    4.701944 ^ c141/B (sky130_fd_sc_hd__nand3b_4)
     8    0.032147    0.258673    0.301763    5.003707 v c141/Y (sky130_fd_sc_hd__nand3b_4)
                                                         net78 (net)
                      0.258673    0.001028    5.004735 v c142/A2 (sky130_fd_sc_hd__mux4_2)
     3    0.025246    0.264750    1.280722    6.285457 v c142/X (sky130_fd_sc_hd__mux4_2)
                                                         net79 (net)
                      0.264783    0.002972    6.288429 v c169/A (sky130_fd_sc_hd__nor2b_1)
     3    0.012659    0.423018    0.466945    6.755373 ^ c169/Y (sky130_fd_sc_hd__nor2b_1)
                                                         net107 (net)
                      0.423019    0.000677    6.756051 ^ c173/B (sky130_fd_sc_hd__and2b_1)
     3    0.015461    0.236096    0.474437    7.230488 ^ c173/X (sky130_fd_sc_hd__and2b_1)
                                                         net112 (net)
                      0.236096    0.000534    7.231022 ^ fanout147/A (sky130_fd_sc_hd__clkbuf_4)
    21    0.084941    0.402157    0.561712    7.792734 ^ fanout147/X (sky130_fd_sc_hd__clkbuf_4)
                                                         net878 (net)
                      0.402524    0.010099    7.802833 ^ c435/S1 (sky130_fd_sc_hd__mux4_1)
     1    0.005388    0.185556    0.815771    8.618604 v c435/X (sky130_fd_sc_hd__mux4_1)
                                                         net837 (net)
                      0.185556    0.000392    8.618996 v fanout143/A (sky130_fd_sc_hd__buf_6)
    17    0.094180    0.161934    0.359005    8.978001 v fanout143/X (sky130_fd_sc_hd__buf_6)
                                                         net874 (net)
                      0.162216    0.005853    8.983854 v fanout142/A (sky130_fd_sc_hd__buf_6)
    21    0.093314    0.158534    0.352230    9.336084 v fanout142/X (sky130_fd_sc_hd__buf_6)
                                                         net873 (net)
                      0.158593    0.002657    9.338741 v fanout141/A (sky130_fd_sc_hd__buf_4)
    21    0.076285    0.189599    0.411139    9.749880 v fanout141/X (sky130_fd_sc_hd__buf_4)
                                                         net872 (net)
                      0.189703    0.004338    9.754218 v c437/C1 (sky130_fd_sc_hd__a2111o_4)
     7    0.019799    0.157876    0.908969   10.663187 v c437/X (sky130_fd_sc_hd__a2111o_4)
                                                         net365 (net)
                      0.157879    0.000969   10.664156 v c547/B (sky130_fd_sc_hd__and3b_2)
     6    0.033364    0.196136    0.591419   11.255574 v c547/X (sky130_fd_sc_hd__and3b_2)
                                                         net459 (net)
                      0.196151    0.001910   11.257485 v c557/A1 (sky130_fd_sc_hd__o2111a_1)
     2    0.008469    0.121319    0.531224   11.788709 v c557/X (sky130_fd_sc_hd__o2111a_1)
                                                         net472 (net)
                      0.121320    0.000640   11.789350 v c559/A0 (sky130_fd_sc_hd__mux4_4)
     1    0.009699    0.239178    1.427668   13.217017 v c559/X (sky130_fd_sc_hd__mux4_4)
                                                         net474 (net)
                      0.239178    0.000772   13.217789 v clkbuf_0_net474/A (sky130_fd_sc_hd__clkbuf_16)
     2    0.018006    0.055903    0.337431   13.555220 v clkbuf_0_net474/X (sky130_fd_sc_hd__clkbuf_16)
                                                         clknet_0_net474 (net)
                      0.055903    0.000954   13.556173 v clkbuf_1_0__f_net474/A (sky130_fd_sc_hd__clkbuf_16)
     3    0.015772    0.053572    0.245308   13.801481 v clkbuf_1_0__f_net474/X (sky130_fd_sc_hd__clkbuf_16)
                                                         clknet_1_0__leaf_net474 (net)
                      0.053572    0.001061   13.802543 v c561/D1 (sky130_fd_sc_hd__a2111oi_4)
     1    0.017036    0.623496    0.514798   14.317341 ^ c561/Y (sky130_fd_sc_hd__a2111oi_4)
                                                         net476 (net)
                      0.623497    0.001624   14.318964 ^ clkbuf_0_net476/A (sky130_fd_sc_hd__clkbuf_16)
     2    0.019962    0.075457    0.454225   14.773190 ^ clkbuf_0_net476/X (sky130_fd_sc_hd__clkbuf_16)
                                                         clknet_0_net476 (net)
                      0.075457    0.001440   14.774629 ^ clkbuf_1_1__f_net476/A (sky130_fd_sc_hd__clkbuf_16)
    11    0.046002    0.101828    0.258647   15.033277 ^ clkbuf_1_1__f_net476/X (sky130_fd_sc_hd__clkbuf_16)
                                                         clknet_1_1__leaf_net476 (net)
                      0.101938    0.002837   15.036113 ^ c703/RESET_B (sky130_fd_sc_hd__sdfbbn_1)
                                             15.036113   data arrival time

                                  0.000000    0.000000   clock clk (rise edge)
                                  0.000000    0.000000   clock source latency
     2    0.041704    0.301867    0.210333    0.210333 ^ clk (in)
                                                         clk (net)
                      0.301892    0.000000    0.210333 ^ clkbuf_0_clk/A (sky130_fd_sc_hd__clkbuf_16)
     9    0.097881    0.174566    0.413502    0.623835 ^ clkbuf_0_clk/X (sky130_fd_sc_hd__clkbuf_16)
                                                         clknet_0_clk (net)
                      0.174760    0.005201    0.629036 ^ clkbuf_2_2__f_clk/A (sky130_fd_sc_hd__clkbuf_16)
    13    0.073694    0.139748    0.333369    0.962405 ^ clkbuf_2_2__f_clk/X (sky130_fd_sc_hd__clkbuf_16)
                                                         clknet_2_2__leaf_clk (net)
                      0.140010    0.005239    0.967644 ^ clkbuf_leaf_23_clk/A (sky130_fd_sc_hd__clkbuf_8)
    11    0.041363    0.132827    0.311220    1.278864 ^ clkbuf_leaf_23_clk/X (sky130_fd_sc_hd__clkbuf_8)
                                                         clknet_leaf_23_clk (net)
                      0.132901    0.002855    1.281718 ^ s812/CLK (sky130_fd_sc_hd__dlclkp_4)
     1    0.012060    0.102793    0.354764    1.636483 ^ s812/GCLK (sky130_fd_sc_hd__dlclkp_4)
                                                         net708 (net)
                      0.102800    0.000901    1.637383 ^ clkbuf_0_net708/A (sky130_fd_sc_hd__clkbuf_16)
     2    0.019063    0.066268    0.235043    1.872426 ^ clkbuf_0_net708/X (sky130_fd_sc_hd__clkbuf_16)
                                                         clknet_0_net708 (net)
                      0.066268    0.000685    1.873111 ^ clkbuf_1_1__f_net708/A (sky130_fd_sc_hd__clkbuf_16)
     1    0.004303    0.046873    0.195090    2.068201 ^ clkbuf_1_1__f_net708/X (sky130_fd_sc_hd__clkbuf_16)
                                                         clknet_1_1__leaf_net708 (net)
                      0.046873    0.000245    2.068445 ^ c703/SET_B (sky130_fd_sc_hd__sdfbbn_1)
                                 -0.250000    1.818445   clock uncertainty
                                  0.000000    1.818445   clock reconvergence pessimism
                                  0.238414    2.056859   library non-sequential setup time
                                              2.056859   data required time
---------------------------------------------------------------------------------------------
                                              2.056859   data required time
                                            -15.036113   data arrival time
---------------------------------------------------------------------------------------------
                                            -12.979254   slack (VIOLATED)




===========================================================================
 report_check_types -max_slew -max_cap -max_fanout -violators
============================================================================
======================= max_ss_100C_1v60 Corner ===================================

max slew

Pin                                        Limit        Slew       Slack
------------------------------------------------------------------------
clkbuf_0_net238/A                       0.750000    1.687587   -0.937587 (VIOLATED)
ANTENNA_clkbuf_0_net238_A/DIODE         0.750000    1.687586   -0.937586 (VIOLATED)
ANTENNA_c307_Y/DIODE                    0.750000    1.687581   -0.937581 (VIOLATED)
c307/Y                                  0.750000    1.687581   -0.937581 (VIOLATED)
c326/Y                                  0.750000    1.140496   -0.390496 (VIOLATED)
clkbuf_0_net261/A                       0.750000    1.140496   -0.390496 (VIOLATED)
ANTENNA_c453_S0/DIODE                   0.750000    1.051951   -0.301951 (VIOLATED)
ANTENNA_c441_B/DIODE                    0.750000    1.051951   -0.301951 (VIOLATED)
c441/B                                  0.750000    1.051951   -0.301951 (VIOLATED)
c457/SCD                                0.750000    1.051951   -0.301951 (VIOLATED)
c453/S0                                 0.750000    1.051951   -0.301951 (VIOLATED)
ANTENNA_c457_SCD/DIODE                  0.750000    1.051946   -0.301946 (VIOLATED)
c206/S1                                 0.750000    1.051946   -0.301946 (VIOLATED)
ANTENNA_c206_S1/DIODE                   0.750000    1.051944   -0.301944 (VIOLATED)
c326/D1                                 0.750000    1.051944   -0.301944 (VIOLATED)
ANTENNA_c326_D1/DIODE                   0.750000    1.051943   -0.301943 (VIOLATED)
ANTENNA_c316_D_N/DIODE                  0.750000    1.051942   -0.301942 (VIOLATED)
c316/D_N                                0.750000    1.051942   -0.301942 (VIOLATED)
ANTENNA_c315_SET_B/DIODE                0.750000    1.051939   -0.301939 (VIOLATED)
c315/SET_B                              0.750000    1.051939   -0.301939 (VIOLATED)
ANTENNA_clone7_X/DIODE                  0.750000    1.051939   -0.301939 (VIOLATED)
clone7/X                                0.750000    1.051937   -0.301936 (VIOLATED)
c604/A0                                 0.750000    1.042040   -0.292040 (VIOLATED)
ANTENNA_c604_A0/DIODE                   0.750000    1.042037   -0.292037 (VIOLATED)
ANTENNA_c712_A3/DIODE                   0.750000    1.042037   -0.292037 (VIOLATED)
c712/A3                                 0.750000    1.042035   -0.292035 (VIOLATED)
c704/A2                                 0.750000    1.042013   -0.292013 (VIOLATED)
ANTENNA_c704_A2/DIODE                   0.750000    1.041992   -0.291992 (VIOLATED)
c685/S0                                 0.750000    1.041938   -0.291938 (VIOLATED)
ANTENNA_c685_S0/DIODE                   0.750000    1.041923   -0.291923 (VIOLATED)
c526/B                                  0.750000    1.041605   -0.291605 (VIOLATED)
ANTENNA_c526_B/DIODE                    0.750000    1.041601   -0.291601 (VIOLATED)
ANTENNA_c412_B/DIODE                    0.750000    1.041427   -0.291427 (VIOLATED)
c412/B                                  0.750000    1.041419   -0.291419 (VIOLATED)
ANTENNA_c406_B/DIODE                    0.750000    1.041326   -0.291326 (VIOLATED)
c406/B                                  0.750000    1.041324   -0.291324 (VIOLATED)
c328/S1                                 0.750000    1.041311   -0.291311 (VIOLATED)
ANTENNA_c328_S1/DIODE                   0.750000    1.041309   -0.291310 (VIOLATED)
ANTENNA_c428_S0/DIODE                   0.750000    1.041293   -0.291293 (VIOLATED)
c428/S0                                 0.750000    1.041292   -0.291292 (VIOLATED)
ANTENNA_c289_Y/DIODE                    0.750000    1.041249   -0.291249 (VIOLATED)
c289/Y                                  0.750000    1.041240   -0.291240 (VIOLATED)
c715/S0                                 0.750000    0.934721   -0.184721 (VIOLATED)
ANTENNA_c578_S0/DIODE                   0.750000    0.934713   -0.184713 (VIOLATED)
c578/S0                                 0.750000    0.934712   -0.184712 (VIOLATED)
ANTENNA_c715_S0/DIODE                   0.750000    0.934712   -0.184712 (VIOLATED)
c574/A2                                 0.750000    0.934701   -0.184701 (VIOLATED)
ANTENNA_c574_A2/DIODE                   0.750000    0.934700   -0.184700 (VIOLATED)
ANTENNA_c707_S0/DIODE                   0.750000    0.934630   -0.184630 (VIOLATED)
c707/S0                                 0.750000    0.934630   -0.184630 (VIOLATED)
c676/SCE                                0.750000    0.934606   -0.184606 (VIOLATED)
ANTENNA_c676_SCE/DIODE                  0.750000    0.934567   -0.184567 (VIOLATED)
ANTENNA_c545_Q_N/DIODE                  0.750000    0.934540   -0.184540 (VIOLATED)
c545/Q_N                                0.750000    0.934540   -0.184540 (VIOLATED)
ANTENNA_c251_B/DIODE                    0.750000    0.928604   -0.178604 (VIOLATED)
c251/B                                  0.750000    0.928604   -0.178604 (VIOLATED)
c245/B1                                 0.750000    0.928602   -0.178602 (VIOLATED)
ANTENNA_c245_B1/DIODE                   0.750000    0.928599   -0.178600 (VIOLATED)
c240/D                                  0.750000    0.928595   -0.178595 (VIOLATED)
ANTENNA_c240_D/DIODE                    0.750000    0.928582   -0.178582 (VIOLATED)
c150/C                                  0.750000    0.928575   -0.178575 (VIOLATED)
ANTENNA_c150_C/DIODE                    0.750000    0.928574   -0.178574 (VIOLATED)
ANTENNA_clone4_Y/DIODE                  0.750000    0.928572   -0.178572 (VIOLATED)
clone4/Y                                0.750000    0.928564   -0.178564 (VIOLATED)
clkbuf_0_net796/A                       0.750000    0.913500   -0.163500 (VIOLATED)
c239/Y                                  0.750000    0.913496   -0.163496 (VIOLATED)
c677/Y                                  0.750000    0.900094   -0.150094 (VIOLATED)
clkbuf_0_net577/A                       0.750000    0.900094   -0.150094 (VIOLATED)
c539/D1                                 0.750000    0.851545   -0.101545 (VIOLATED)
ANTENNA_c539_D1/DIODE                   0.750000    0.851541   -0.101541 (VIOLATED)
c421/SCE                                0.750000    0.851514   -0.101514 (VIOLATED)
ANTENNA_c421_SCE/DIODE                  0.750000    0.851506   -0.101506 (VIOLATED)
c284/B                                  0.750000    0.851492   -0.101492 (VIOLATED)
ANTENNA_c284_B/DIODE                    0.750000    0.851478   -0.101478 (VIOLATED)
fanout152/A                             0.750000    0.851401   -0.101401 (VIOLATED)
ANTENNA_fanout152_A/DIODE               0.750000    0.851395   -0.101395 (VIOLATED)
ANTENNA_c257_Y/DIODE                    0.750000    0.851388   -0.101388 (VIOLATED)
c257/Y                                  0.750000    0.851385   -0.101385 (VIOLATED)
c263/Y                                  0.750000    0.848499   -0.098499 (VIOLATED)
c271/A0                                 0.750000    0.848499   -0.098499 (VIOLATED)
max_cap5/A                              0.750000    0.848499   -0.098499 (VIOLATED)
c701/A1                                 0.750000    0.824861   -0.074861 (VIOLATED)
ANTENNA_c701_A1/DIODE                   0.750000    0.824856   -0.074856 (VIOLATED)
c564/A0                                 0.750000    0.824817   -0.074817 (VIOLATED)
ANTENNA_c564_A0/DIODE                   0.750000    0.824793   -0.074793 (VIOLATED)
ANTENNA_hold19_A/DIODE                  0.750000    0.824743   -0.074743 (VIOLATED)
hold19/A                                0.750000    0.824727   -0.074727 (VIOLATED)
ANTENNA_c514_B/DIODE                    0.750000    0.824710   -0.074710 (VIOLATED)
c514/B                                  0.750000    0.824710   -0.074710 (VIOLATED)
ANTENNA_c394_Q/DIODE                    0.750000    0.824709   -0.074709 (VIOLATED)
c394/Q                                  0.750000    0.824708   -0.074708 (VIOLATED)
c734/A1                                 0.750000    0.809017   -0.059017 (VIOLATED)
ANTENNA_c734_A1/DIODE                   0.750000    0.809013   -0.059013 (VIOLATED)
c717/A0                                 0.750000    0.808987   -0.058987 (VIOLATED)
ANTENNA_c717_A0/DIODE                   0.750000    0.808980   -0.058980 (VIOLATED)
c714/A3                                 0.750000    0.808963   -0.058963 (VIOLATED)
ANTENNA_c714_A3/DIODE                   0.750000    0.808962   -0.058962 (VIOLATED)
c725/S1                                 0.750000    0.808948   -0.058948 (VIOLATED)
ANTENNA_c725_S1/DIODE                   0.750000    0.808946   -0.058946 (VIOLATED)
c657/B                                  0.750000    0.808885   -0.058885 (VIOLATED)
ANTENNA_c657_B/DIODE                    0.750000    0.808884   -0.058884 (VIOLATED)
ANTENNA_c545_Q/DIODE                    0.750000    0.808879   -0.058879 (VIOLATED)
c545/Q                                  0.750000    0.808879   -0.058879 (VIOLATED)
c688/A2                                 0.750000    0.805240   -0.055240 (VIOLATED)
c684/A1                                 0.750000    0.805240   -0.055240 (VIOLATED)
c670/Y                                  0.750000    0.805237   -0.055237 (VIOLATED)
c675/A3                                 0.750000    0.805237   -0.055237 (VIOLATED)
output118/A                             0.750000    0.802359   -0.052360 (VIOLATED)
ANTENNA_output118_A/DIODE               0.750000    0.802359   -0.052359 (VIOLATED)
c231/B                                  0.750000    0.802352   -0.052352 (VIOLATED)
ANTENNA_c231_B/DIODE                    0.750000    0.802351   -0.052351 (VIOLATED)
ANTENNA_c232_C_N/DIODE                  0.750000    0.802333   -0.052333 (VIOLATED)
c232/C_N                                0.750000    0.802331   -0.052331 (VIOLATED)
ANTENNA_c374_S0/DIODE                   0.750000    0.802327   -0.052327 (VIOLATED)
c374/S0                                 0.750000    0.802326   -0.052326 (VIOLATED)
c225/S0                                 0.750000    0.802290   -0.052290 (VIOLATED)
ANTENNA_c225_S0/DIODE                   0.750000    0.802240   -0.052240 (VIOLATED)
ANTENNA_c223_Y/DIODE                    0.750000    0.802232   -0.052232 (VIOLATED)
c223/Y                                  0.750000    0.802220   -0.052220 (VIOLATED)
c191/Y                                  0.750000    0.790946   -0.040946 (VIOLATED)
c197/B                                  0.750000    0.790946   -0.040946 (VIOLATED)
max_cap7/A                              0.750000    0.790946   -0.040946 (VIOLATED)
c144/Y                                  0.750000    0.777428   -0.027428 (VIOLATED)
c145/A1                                 0.750000    0.777428   -0.027428 (VIOLATED)
c161/D1                                 0.750000    0.777428   -0.027428 (VIOLATED)
max_cap149/A                            0.750000    0.777428   -0.027428 (VIOLATED)
c721/S0                                 0.750000    0.772572   -0.022572 (VIOLATED)
ANTENNA_c712_S0/DIODE                   0.750000    0.772570   -0.022570 (VIOLATED)
c712/S0                                 0.750000    0.772569   -0.022569 (VIOLATED)
c718/S1                                 0.750000    0.772569   -0.022569 (VIOLATED)
ANTENNA_c721_S0/DIODE                   0.750000    0.772562   -0.022562 (VIOLATED)
ANTENNA_c718_S1/DIODE                   0.750000    0.772561   -0.022561 (VIOLATED)
hold18/A                                0.750000    0.772459   -0.022459 (VIOLATED)
ANTENNA_hold18_A/DIODE                  0.750000    0.772458   -0.022458 (VIOLATED)
c665/D1                                 0.750000    0.772436   -0.022436 (VIOLATED)
ANTENNA_c665_D1/DIODE                   0.750000    0.772435   -0.022435 (VIOLATED)
ANTENNA_s804_Q/DIODE                    0.750000    0.772428   -0.022428 (VIOLATED)
s804/Q                                  0.750000    0.772428   -0.022428 (VIOLATED)
max_cap137/A                            0.750000    0.767882   -0.017882 (VIOLATED)
c440/S0                                 0.750000    0.767881   -0.017881 (VIOLATED)
c396/SCE                                0.750000    0.767865   -0.017865 (VIOLATED)
c390/Y                                  0.750000    0.767860   -0.017860 (VIOLATED)
output119/A                             0.750000    0.765565   -0.015565 (VIOLATED)
c343/Y                                  0.750000    0.765562   -0.015562 (VIOLATED)
c348/SCD                                0.750000    0.765562   -0.015562 (VIOLATED)

max fanout

Pin                                   Limit Fanout  Slack
---------------------------------------------------------
clkbuf_1_0__f_net142/X                   10     27    -17 (VIOLATED)
input4/X                                 10     23    -13 (VIOLATED)
c415/X                                   10     21    -11 (VIOLATED)
c473/X                                   10     21    -11 (VIOLATED)
c70/Y                                    10     21    -11 (VIOLATED)
c76/X                                    10     21    -11 (VIOLATED)
c87/Y                                    10     21    -11 (VIOLATED)
clkbuf_2_0__f_clk/X                      10     21    -11 (VIOLATED)
fanout129/X                              10     21    -11 (VIOLATED)
fanout132/X                              10     21    -11 (VIOLATED)
fanout134/X                              10     21    -11 (VIOLATED)
fanout139/X                              10     21    -11 (VIOLATED)
fanout141/X                              10     21    -11 (VIOLATED)
fanout142/X                              10     21    -11 (VIOLATED)
fanout146/X                              10     21    -11 (VIOLATED)
fanout147/X                              10     21    -11 (VIOLATED)
fanout150/X                              10     21    -11 (VIOLATED)
fanout151/X                              10     21    -11 (VIOLATED)
fanout152/X                              10     21    -11 (VIOLATED)
fanout155/X                              10     21    -11 (VIOLATED)
fanout160/X                              10     21    -11 (VIOLATED)
fanout161/X                              10     21    -11 (VIOLATED)
fanout162/X                              10     21    -11 (VIOLATED)
fanout166/X                              10     21    -11 (VIOLATED)
input51/X                                10     21    -11 (VIOLATED)
input53/X                                10     21    -11 (VIOLATED)
c179/Y                                   10     19     -9 (VIOLATED)
c181/X                                   10     19     -9 (VIOLATED)
c260/X                                   10     19     -9 (VIOLATED)
c289/Y                                   10     19     -9 (VIOLATED)
c539/X                                   10     19     -9 (VIOLATED)
clkbuf_2_3__f_clk/X                      10     19     -9 (VIOLATED)
c131/X                                   10     17     -7 (VIOLATED)
c137/Y                                   10     17     -7 (VIOLATED)
c255/X                                   10     17     -7 (VIOLATED)
c282/X                                   10     17     -7 (VIOLATED)
c290/X                                   10     17     -7 (VIOLATED)
c513/Y                                   10     17     -7 (VIOLATED)
clkbuf_2_1__f_clk/X                      10     17     -7 (VIOLATED)
fanout143/X                              10     17     -7 (VIOLATED)
input57/X                                10     17     -7 (VIOLATED)
input1/X                                 10     16     -6 (VIOLATED)
c161/X                                   10     15     -5 (VIOLATED)
c279/X                                   10     15     -5 (VIOLATED)
c321/X                                   10     15     -5 (VIOLATED)
c384/X                                   10     15     -5 (VIOLATED)
c419/X                                   10     15     -5 (VIOLATED)
c428/X                                   10     15     -5 (VIOLATED)
c507/Y                                   10     15     -5 (VIOLATED)
clkbuf_1_0__f_net238/X                   10     15     -5 (VIOLATED)
clkbuf_1_0__f_net476/X                   10     15     -5 (VIOLATED)
clone7/X                                 10     15     -5 (VIOLATED)
fanout165/X                              10     15     -5 (VIOLATED)
input28/X                                10     15     -5 (VIOLATED)
s777/Q                                   10     15     -5 (VIOLATED)
c160/Y                                   10     13     -3 (VIOLATED)
c195/Y                                   10     13     -3 (VIOLATED)
c225/X                                   10     13     -3 (VIOLATED)
c303/Y                                   10     13     -3 (VIOLATED)
c352/X                                   10     13     -3 (VIOLATED)
c388/X                                   10     13     -3 (VIOLATED)
c508/Q                                   10     13     -3 (VIOLATED)
c509/Y                                   10     13     -3 (VIOLATED)
c631/X                                   10     13     -3 (VIOLATED)
c645/Q                                   10     13     -3 (VIOLATED)
clkbuf_1_0__f_net801/X                   10     13     -3 (VIOLATED)
clkbuf_2_2__f_clk/X                      10     13     -3 (VIOLATED)
input15/X                                10     13     -3 (VIOLATED)
input2/X                                 10     13     -3 (VIOLATED)
fanout164/X                              10     12     -2 (VIOLATED)
input24/X                                10     12     -2 (VIOLATED)
c223/Y                                   10     11        (VIOLATED)
c276/Q                                   10     11        (VIOLATED)
c339/Y                                   10     11        (VIOLATED)
c381/Q                                   10     11        (VIOLATED)
c398/Y                                   10     11        (VIOLATED)
c404/X                                   10     11        (VIOLATED)
c418/Q                                   10     11        (VIOLATED)
c457/Q                                   10     11        (VIOLATED)
c508/Q_N                                 10     11        (VIOLATED)
c545/Q                                   10     11        (VIOLATED)
c545/Q_N                                 10     11        (VIOLATED)
c556/Q                                   10     11        (VIOLATED)
c632/X                                   10     11        (VIOLATED)
c642/Q                                   10     11        (VIOLATED)
c667/Q                                   10     11        (VIOLATED)
c669/Q                                   10     11        (VIOLATED)
c99/Y                                    10     11        (VIOLATED)
clkbuf_1_0__f_net379/X                   10     11        (VIOLATED)
clkbuf_1_0__f_net794/X                   10     11        (VIOLATED)
clkbuf_1_0__f_net843/X                   10     11        (VIOLATED)
clkbuf_1_1__f_net476/X                   10     11        (VIOLATED)
clkbuf_leaf_23_clk/X                     10     11        (VIOLATED)
fanout167/X                              10     11        (VIOLATED)
input19/X                                10     11        (VIOLATED)
input21/X                                10     11        (VIOLATED)
input47/X                                10     11        (VIOLATED)
input59/X                                10     11        (VIOLATED)
input8/X                                 10     11        (VIOLATED)
max_cap137/X                             10     11        (VIOLATED)
rebuffer4/X                              10     11        (VIOLATED)
s750/Q                                   10     11        (VIOLATED)
s802/Q                                   10     11        (VIOLATED)
s804/Q                                   10     11        (VIOLATED)

max capacitance

Pin                                        Limit         Cap       Slack
------------------------------------------------------------------------
c307/Y                                  0.027476    0.032631   -0.005155 (VIOLATED)



===========================================================================
report_parasitic_annotation -report_unannotated
============================================================================
Found 25 unannotated drivers.
 rst
 c249/Q_N
 c347/Q_N
 c444/Q_N
 c466/Q_N
 c536/Q_N
 c544/Q_N
 c554/Q_N
 c655/Q_N
 c663/Q_N
 c666/Q_N
 c682/Q_N
 c690/Q_N
 c708/Q_N
 c713/Q_N
 s774/Q_N
 s781/Q_N
 s805/Q_N
 s806/Q_N
 s821/Q_N
 s822/Q_N
 s829/Q_N
 s830/Q_N
 s831/Q_N
 s833/Q
Found 0 partially unannotated drivers.

===========================================================================
max slew violation count 145
max fanout violation count 104
max cap violation count 1
============================================================================

===========================================================================
check_setup -verbose -unconstrained_endpoints -multiple_clock -no_clock -no_input_delay -loops -generated_clocks
===========================================================================
Warning: There are 3 unconstrained endpoints.
  out18
  out35
  out8
