
===========================================================================
Violator List
============================================================================
[hold reg-reg] c596/Q -> c597/RESET_B : -0.210682
[hold reg-reg] s859/Q -> c724/SET_B : -0.040440
[setup in-reg] in20 -> c696/RESET_B : -15.945851
[setup in-reg] in20 -> c580/RESET_B : -15.882094
[setup in-reg] in20 -> c696/SET_B : -15.876969
[setup in-reg] in20 -> c568/RESET_B : -15.013350
[setup in-reg] in20 -> s859/D : -14.812946
[setup in-reg] in20 -> merge784/RESET_B : -14.791216
[setup in-reg] in57 -> merge802/D : -14.661856
[setup in-reg] in20 -> c737/D : -14.488405
[setup in-reg] in20 -> s843/D : -14.426836
[setup in-reg] in20 -> s826/D : -14.094293
[setup in-reg] in20 -> s875/D : -13.804059
[setup in-reg] in20 -> c594/D : -13.789616
[setup in-reg] in20 -> c605/SCE : -13.785298
[setup in-reg] in20 -> s874/D : -13.761007
[setup in-reg] in20 -> s827/D : -13.726985
[setup in-reg] in20 -> c570/D : -13.725154
[setup in-reg] in20 -> s842/D : -13.682791
[setup in-reg] in20 -> s838/D : -13.531707
[setup in-reg] in20 -> s822/D : -13.518978
[setup in-reg] in57 -> merge802/RESET_B : -13.489130
[setup in-reg] in20 -> merge768/D : -13.373603
[setup in-reg] in20 -> merge808/D : -13.331880
[setup in-reg] in20 -> s858/D : -13.208392
[setup in-reg] in57 -> c248/SCD : -13.199281
[setup in-reg] in20 -> c580/SCE : -13.064032
[setup in-reg] in20 -> merge808/RESET_B : -13.020372
[setup in-reg] in20 -> c318/D : -13.002145
[setup in-reg] in20 -> c593/D : -13.002145
[setup in-reg] in20 -> merge775/D : -12.977218
[setup in-reg] in20 -> s870/D : -12.912420
[setup in-reg] in20 -> merge782/D : -12.896172
[setup in-reg] in20 -> c318/SCD : -12.847337
[setup in-reg] in20 -> merge806/D : -12.709037
[setup in-reg] in20 -> c705/D : -12.672598
[setup in-reg] in20 -> c570/SCE : -12.666185
[setup in-reg] in20 -> c248/D : -12.618285
[setup in-reg] in20 -> c570/SCD : -12.594011
[setup in-reg] in20 -> merge801/RESET_B : -12.591937
[setup in-reg] in20 -> merge807/RESET_B : -12.589849
[setup in-reg] in20 -> c729/SCE : -12.557367
[setup in-reg] in20 -> c369/SCE : -12.488410
[setup in-reg] in20 -> c737/SCE : -12.455200
[setup in-reg] in20 -> c549/SCE : -12.351276
[setup in-reg] in20 -> merge801/D : -12.320776
[setup in-reg] in20 -> c580/RESET_B : -12.274729
[setup in-reg] in20 -> merge807/D : -12.250050
[setup in-reg] in20 -> merge806/RESET_B : -12.249784
[setup in-reg] in20 -> c705/RESET_B : -12.166723
[setup in-reg] in20 -> merge775/SCD : -12.155658
[setup in-reg] in20 -> c318/SCE : -12.037974
[setup in-reg] in20 -> s854/D : -11.992274
[setup in-reg] in20 -> c710/SCD : -11.953194
[setup in-reg] in20 -> c549/SCD : -11.807323
[setup in-reg] in20 -> c449/SCE : -11.803652
[setup in-reg] in20 -> c605/SET_B : -11.787446
[setup in-reg] in20 -> c213/SET_B : -11.696451
[setup in-reg] in20 -> merge790/D : -11.651631
[setup in-reg] in20 -> c710/D : -11.548441
[setup in-reg] in20 -> c600/SCD : -11.482917
[setup in-reg] in20 -> c502/SCD : -11.475605
[setup in-reg] in20 -> c369/SCD : -11.469780
[setup in-reg] in20 -> s821/D : -11.468937
[setup in-reg] in20 -> c580/SCD : -11.444950
[setup in-reg] in20 -> c725/SET_B : -11.301755
[setup in-reg] in57 -> s814/D : -11.282163
[setup in-out] in57 -> out44 : -11.243106
[setup in-reg] in20 -> c729/SCD : -11.190549
[setup in-reg] in20 -> merge790/RESET_B : -11.123610
[setup in-out] in57 -> out17 : -11.080929
[setup in-reg] in20 -> c499/RESET_B : -11.042136
[setup in-reg] in20 -> merge794/D : -11.010565
[setup in-out] in57 -> out49 : -11.005286
[setup in-reg] in20 -> c450/SCE : -10.819938
[setup in-reg] in20 -> c729/RESET_B : -10.806146
[setup in-out] in20 -> out59 : -10.725516
[setup in-reg] in20 -> merge799/D : -10.674155
[setup in-reg] in20 -> c710/SET_B : -10.669024
[setup in-reg] in20 -> c600/RESET_B : -10.665900
[setup in-reg] in20 -> c502/RESET_B : -10.647163
[setup in-reg] in20 -> merge782/RESET_B : -10.591534
[setup in-reg] in20 -> c594/RESET_B : -10.528350
[setup in-reg] in20 -> merge768/RESET_B : -10.528350
[setup in-reg] in20 -> merge768/SCD : -10.508559
[setup in-reg] in20 -> s861/D : -10.447504
[setup in-reg] in20 -> s835/GATE : -10.421487
[setup in-reg] in20 -> merge810/DE : -10.412404
[setup in-reg] in20 -> c499/D : -10.399929
[setup in-reg] in20 -> merge809/D : -10.371966
[setup in-reg] in57 -> merge772/SCD : -10.330514
[setup in-reg] in20 -> s880/D : -10.292612
[setup in-reg] in57 -> s813/D : -10.281174
[setup in-reg] in20 -> s841/D : -10.281064
[setup in-reg] in20 -> s849/GATE : -10.216740
[setup in-reg] in20 -> s848/D : -10.172825
[setup in-reg] in20 -> s831/D : -10.165764
[setup in-reg] in20 -> s881/GATE : -10.146541
[setup in-reg] in20 -> c318/RESET_B : -10.087988
[setup in-reg] in57 -> merge811/GATE : -10.076791
[setup in-reg] in20 -> s840/D : -10.035818
[setup in-reg] in20 -> s862/D : -10.002357
[setup in-reg] in57 -> c248/SET_B : -9.984299
[setup in-reg] in20 -> c593/SCD : -9.943672
[setup in-reg] in20 -> s815/D : -9.935666
[setup in-reg] in20 -> s832/D : -9.930305
[setup in-reg] in20 -> s865/GATE : -9.925178
[setup in-reg] in20 -> s867/GATE : -9.915202
[setup in-out] in57 -> out60 : -9.875170
[setup in-reg] in20 -> s830/D : -9.868015
[setup in-reg] in20 -> c599/SCE : -9.851316
[setup in-reg] in20 -> s851/GATE : -9.818439
[setup in-out] in57 -> out26 : -9.818196
[setup in-reg] in20 -> merge784/D : -9.805003
[setup in-reg] in20 -> s844/D : -9.792444
[setup in-reg] in57 -> merge811/SCE : -9.773905
[setup in-out] in20 -> out36 : -9.759969
[setup in-reg] in20 -> merge804/D : -9.745501
[setup in-reg] in20 -> c724/SCE : -9.740507
[setup in-reg] in20 -> c597/SCD : -9.720047
[setup in-reg] in20 -> merge773/DE : -9.706788
[setup in-reg] in20 -> c718/SCD : -9.698100
[setup in-reg] in20 -> merge782/SCD : -9.685242
[setup in-reg] in20 -> c502/D : -9.680701
[setup in-reg] in20 -> s824/D : -9.656178
[setup in-reg] in20 -> s833/GATE : -9.652782
[setup in-reg] in20 -> s820/D : -9.641087
[setup in-reg] in20 -> s852/D : -9.618685
[setup in-reg] in20 -> s839/D : -9.604440
[setup in-reg] in57 -> merge772/D : -9.588696
[setup in-out] in20 -> out48 : -9.581930
[setup in-reg] in20 -> s872/D : -9.580449
[setup in-out] in20 -> out2 : -9.546862
[setup in-reg] in20 -> merge805/RESET_B : -9.535797
[setup in-reg] in20 -> s885/D : -9.535106
[setup in-reg] in20 -> s817/GATE : -9.532521
[setup in-reg] in20 -> merge775/SET_B : -9.528163
[setup in-reg] in20 -> s873/D : -9.521666
[setup in-reg] in20 -> c705/SET_B : -9.504898
[setup in-reg] in20 -> c549/RESET_B : -9.492275
[setup in-reg] in20 -> s884/D : -9.490137
[setup in-reg] in20 -> s837/D : -9.484283
[setup in-reg] in20 -> merge789/D : -9.472796
[setup in-reg] in20 -> s864/D : -9.471635
[setup in-reg] in20 -> s857/D : -9.466505
[setup in-reg] in20 -> s818/GATE : -9.455812
[setup in-reg] in20 -> s879/D : -9.451123
[setup in-reg] in20 -> s823/D : -9.446866
[setup in-reg] in20 -> c729/SET_B : -9.445706
[setup in-reg] in20 -> s816/D : -9.443238
[setup in-out] in20 -> out61 : -9.424675
[setup in-reg] in57 -> merge796/SET_B : -9.418031
[setup in-reg] in20 -> merge798/D : -9.413157
[setup in-reg] in20 -> s856/D : -9.407508
[setup in-reg] in20 -> s883/GATE : -9.393549
[setup in-reg] in20 -> s850/GATE : -9.389175
[setup in-reg] in20 -> s834/GATE : -9.388951
[setup in-reg] in20 -> merge793/D : -9.372575
[setup in-reg] in20 -> merge791/D : -9.341632
[setup in-reg] in20 -> s877/D : -9.322182
[setup in-reg] in20 -> s825/D : -9.306675
[setup in-reg] in20 -> merge795/D : -9.281056
[setup in-reg] in20 -> s860/D : -9.278161
[setup in-reg] in20 -> merge810/D : -9.262154
[setup in-reg] in20 -> merge794/SET_B : -9.256152
[setup in-reg] in20 -> merge783/SCD : -9.245190
[setup in-reg] in20 -> merge783/DE : -9.197983
[setup in-out] in20 -> out30 : -9.165478
[setup reg-reg] s823/Q -> c593/SET_B : -9.154671
[setup in-reg] in20 -> s878/D : -9.094033
[setup in-out] in20 -> out52 : -9.076747
[setup in-reg] in20 -> s828/D : -9.075807
[setup in-reg] in20 -> s868/D : -9.054191
[setup in-reg] in20 -> merge784/SCE : -9.001507
[setup in-reg] in20 -> c604/SCE : -8.993826
[setup in-reg] in20 -> s829/D : -8.969448
[setup in-reg] in20 -> c599/D : -8.958892
[setup in-reg] in20 -> merge774/SCE : -8.940495
[setup in-reg] in20 -> s853/D : -8.928648
[setup in-reg] in20 -> s871/D : -8.904895
[setup in-reg] in20 -> c710/SCE : -8.890871
[setup in-reg] in20 -> c583/D : -8.805810
[setup in-reg] in20 -> merge775/SCE : -8.797239
[setup in-reg] in20 -> c568/SCD : -8.795059
[setup in-reg] in20 -> merge784/SCD : -8.795059
[setup in-reg] in20 -> s846/D : -8.774363
[setup in-reg] in20 -> c321/D : -8.757955
[setup in-reg] in20 -> c568/SCE : -8.725463
[setup in-reg] in20 -> c332/D : -8.723348
[setup in-reg] in20 -> merge791/RESET_B : -8.682246
[setup in-reg] in20 -> s876/D : -8.657171
[setup in-reg] in20 -> merge804/RESET_B : -8.606842
[setup in-reg] in20 -> merge809/DE : -8.581897
[setup in-reg] in20 -> c213/SCD : -8.532121
[setup in-reg] in20 -> merge799/RESET_B : -8.466474
[setup in-out] in20 -> out54 : -8.461838
[setup in-reg] in20 -> merge774/DE : -8.449871
[setup in-reg] in20 -> s812/D : -8.430610
[setup in-reg] in20 -> s819/GATE : -8.428775
[setup in-reg] in20 -> merge773/SCE : -8.427870
[setup in-out] in20 -> out46 : -8.424940
[setup in-reg] in20 -> s836/D : -8.423096
[setup in-out] in20 -> out14 : -8.346755
[setup in-reg] in20 -> s882/GATE : -8.299933
[setup in-reg] in20 -> c696/RESET_B : -8.295847
[setup in-reg] in20 -> merge800/RESET_B : -8.279537
[setup in-reg] in20 -> s855/D : -8.236763
[setup in-reg] in20 -> c549/D : -8.232021
[setup in-reg] in20 -> merge773/SCD : -8.221297
[setup in-out] in57 -> out56 : -8.200359
[setup in-out] in20 -> out31 : -8.196619
[setup in-reg] in20 -> c449/D : -8.184477
[setup in-reg] in20 -> s845/D : -8.171725
[setup in-reg] in20 -> c598/D : -8.162715
[setup in-reg] in20 -> merge792/D : -8.157865
[setup in-reg] in20 -> merge800/D : -8.152075
[setup in-out] in20 -> out23 : -8.107774
[setup in-reg] in20 -> merge798/SET_B : -8.105993
[setup in-reg] in20 -> c498/D : -8.085799
[setup in-reg] in20 -> merge789/RESET_B : -8.055982
[setup in-reg] in20 -> c596/D : -8.049455
[setup in-reg] in20 -> c449/SCD : -8.029348
[setup in-reg] in20 -> merge803/RESET_B : -7.996105
[setup in-reg] in20 -> c719/D : -7.971460
[setup in-reg] in57 -> c260/SCD : -7.960984
[setup in-reg] in20 -> s866/GATE : -7.924954
[setup in-reg] in20 -> s869/D : -7.910671
[setup in-out] in20 -> out6 : -7.891581
[setup in-reg] in20 -> merge793/RESET_B : -7.869281
[setup in-reg] in20 -> s847/D : -7.792560
[setup in-reg] in20 -> c725/SCD : -7.755848
[setup in-reg] in20 -> c596/SCD : -7.726696
[setup in-out] in20 -> out33 : -7.715398
[setup in-reg] in20 -> s863/D : -7.620164
[setup in-reg] in20 -> c705/SCD : -7.566710
[setup in-reg] in20 -> c737/SCD : -7.566710
[setup in-reg] in20 -> c696/SET_B : -7.443151
[setup in-reg] in20 -> c568/RESET_B : -7.369578
[setup in-reg] in20 -> c318/SET_B : -7.328041
[setup in-reg] in20 -> merge795/SET_B : -7.326388
[setup in-reg] in20 -> merge797/D : -7.323520
[setup in-reg] in20 -> merge773/D : -7.311221
[setup in-reg] in20 -> c601/SCE : -7.263910
[setup in-reg] in20 -> c498/SCD : -7.234421
[setup in-reg] in57 -> c260/RESET_B : -7.226416
[setup in-reg] in20 -> merge788/RESET_B : -7.199396
[setup in-reg] in20 -> merge784/RESET_B : -7.151653
[setup in-reg] in20 -> c737/RESET_B : -7.132277
[setup in-out] in57 -> out47 : -7.097377
[setup in-reg] in20 -> merge805/D : -7.072909
[setup in-out] in57 -> out5 : -7.043749
[setup in-reg] in20 -> c432/SCE : -6.885875
[setup in-reg] in20 -> c689/SCE : -6.865936
[setup in-reg] in20 -> c600/SCE : -6.847904
[setup in-reg] in20 -> merge797/SET_B : -6.755785
[setup in-reg] in20 -> merge784/SET_B : -6.744865
[setup in-reg] in20 -> c718/D : -6.703097
[setup in-reg] in20 -> merge788/D : -6.699124
[setup in-out] in57 -> out20 : -6.687585
[setup in-reg] in20 -> c689/D : -6.681343
[setup in-reg] in20 -> c601/SET_B : -6.668973
[setup in-reg] in20 -> c498/RESET_B : -6.637455
[setup in-reg] in20 -> c732/RESET_B : -6.635736
[setup in-reg] in20 -> c598/RESET_B : -6.609745
[setup in-out] in20 -> out9 : -6.554279
[setup in-out] in20 -> out25 : -6.523267
[setup in-reg] in20 -> c594/SCD : -6.514573
[setup in-out] in57 -> out3 : -6.291166
[setup in-reg] in20 -> c724/D : -6.278205
[setup in-reg] in20 -> merge792/RESET_B : -6.263268
[setup in-reg] in20 -> c696/D : -6.231963
[setup in-reg] in20 -> c213/D : -6.131434
[setup in-out] in20 -> out55 : -5.944716
[setup in-reg] in57 -> merge772/SCE : -5.804917
[setup in-out] in20 -> out27 : -5.794157
[setup in-reg] in20 -> c724/SCD : -5.711177
[setup in-reg] in20 -> c332/RESET_B : -5.708674
[setup in-reg] in20 -> c718/RESET_B : -5.700051
[setup in-out] in20 -> out28 : -5.664402
[setup in-reg] in20 -> c432/RESET_B : -5.489008
[setup in-reg] in20 -> c689/SCD : -5.271295
[setup in-reg] in20 -> c601/SCD : -5.106859
[setup reg-reg] c705/Q -> c710/RESET_B : -4.992968
[setup in-reg] in20 -> c705/SET_B : -4.985278
[setup in-reg] in20 -> c332/SCD : -4.728435
[setup in-reg] in20 -> c321/SCD : -4.267336
[setup in-reg] in20 -> c718/SCE : -3.900672
[setup in-reg] in20 -> c321/RESET_B : -3.850228
[setup in-reg] in20 -> c719/SCE : -3.826167
[setup in-out] in20 -> out58 : -3.821268
[setup in-out] in20 -> out16 : -3.757276
[setup in-out] in20 -> out40 : -3.472108
[setup in-reg] clk -> c568/SET_B : -3.102189
[setup in-reg] clk -> c580/SET_B : -3.083164
[setup in-reg] in20 -> c732/D : -2.916098
[setup in-reg] in57 -> c260/D : -2.721693
[setup reg-out] s820/Q -> out8 : -2.355367
[setup in-reg] in20 -> c596/RESET_B : -2.241089
[setup reg-out] merge800/Q -> out50 : -2.230657
[setup in-reg] in20 -> c432/SCD : -2.124728
[setup in-reg] in57 -> merge772/RESET_B : -2.114262
[setup in-reg] in39 -> c369/D : -1.876943
[setup in-reg] in57 -> c605/D : -1.841714
[setup in-reg] in16 -> c605/RESET_B : -1.724838
[setup in-reg] in57 -> c213/SCE : -1.717212
[setup reg-reg] s837/Q_N -> c732/SCE : -1.592839
[setup reg-reg] s884/Q_N -> c583/SET_B : -1.591492
[setup reg-reg] s884/Q_N -> c583/SCD : -1.376781
[setup reg-reg] s831/Q -> c498/SET_B : -1.374732
[setup reg-reg] s832/Q -> c502/SET_B : -1.369903
[setup reg-reg] merge808/Q -> c593/SCE : -1.347027
[setup reg-reg] s885/Q_N -> c696/SCE : -1.278913
[setup in-out] in57 -> out38 : -1.252527
[setup in-reg] in39 -> c248/RESET_B : -1.239311
[setup in-reg] in20 -> c597/SCE : -0.919526
[setup reg-reg] c596/Q -> c599/RESET_B : -0.686281
[setup reg-reg] c719/Q -> c725/RESET_B : -0.648521
[setup in-reg] in20 -> c450/D : -0.492813
[setup in-reg] in39 -> c248/SCE : -0.464705
[setup reg-reg] s840/Q -> c732/SET_B : -0.343467
[setup reg-reg] s857/Q -> c718/SET_B : -0.241637
