
===========================================================================
Violator List
============================================================================
[setup reg-reg] merge905/Q -> c609/RESET_B : -8.689270
[setup reg-reg] s930/Q_N -> c707/RESET_B : -8.582660
[setup in-reg] in38 -> c257/RESET_B : -7.756138
[setup in-reg] in38 -> c262/RESET_B : -7.715161
[setup reg-reg] merge838/Q -> c359/RESET_B : -5.900322
[setup in-reg] in38 -> c257/D : -4.615346
[setup in-reg] in38 -> merge874/D : -4.561141
[setup in-reg] in38 -> merge906/RESET_B : -4.374671
[setup in-reg] in4 -> merge907/RESET_B : -4.259277
[setup in-reg] in38 -> s951/D : -4.254827
[setup in-reg] in4 -> merge873/RESET_B : -4.035398
[setup in-reg] in4 -> merge912/D : -3.995940
[setup in-reg] in4 -> merge907/D : -3.990177
[setup in-reg] in38 -> c257/RESET_B : -3.913960
[setup in-reg] in4 -> merge874/RESET_B : -3.836191
[setup in-reg] in38 -> merge879/D : -3.826208
[setup in-reg] in4 -> merge894/RESET_B : -3.816977
[setup in-reg] in4 -> merge879/RESET_B : -3.779245
[setup in-reg] in4 -> merge913/D : -3.769482
[setup in-reg] in4 -> merge913/RESET_B : -3.683919
[setup in-reg] in4 -> c305/D : -3.661901
[setup in-reg] in4 -> merge894/D : -3.597765
[setup in-reg] in4 -> merge878/D : -3.577469
[setup in-reg] in4 -> s935/D : -3.570471
[setup in-reg] in4 -> s936/D : -3.471910
[setup in-reg] in38 -> c241/D : -3.461471
[setup in-reg] in4 -> merge878/RESET_B : -3.441173
[setup reg-out] s930/Q_N -> out25 : -3.440110
[setup in-reg] in4 -> c241/SCD : -3.388198
[setup in-reg] in4 -> s947/D : -3.329765
[setup reg-out] s930/Q_N -> out12 : -3.328125
[setup in-reg] in38 -> c359/SCD : -3.289450
[setup in-reg] in4 -> merge906/D : -3.287233
[setup in-reg] in38 -> c333/RESET_B : -3.187151
[setup in-reg] in4 -> merge880/RESET_B : -3.166866
[setup in-reg] in4 -> c580/SCE : -3.149478
[setup reg-out] s934/Q -> out29 : -3.134957
[setup in-reg] in4 -> merge838/D : -3.130977
[setup in-reg] in4 -> s931/D : -3.127197
[setup in-reg] in4 -> c359/D : -3.037887
[setup in-reg] in4 -> c305/SCE : -2.975986
[setup in-reg] in4 -> c707/SCD : -2.949237
[setup in-reg] in4 -> c609/SCE : -2.927228
[setup in-reg] in4 -> c469/D : -2.896060
[setup in-reg] in4 -> merge912/RESET_B : -2.871562
[setup in-reg] in4 -> merge873/D : -2.866407
[setup in-reg] in4 -> c414/RESET_B : -2.846212
[setup in-reg] in4 -> c469/SET_B : -2.832636
[setup in-reg] in4 -> merge911/RESET_B : -2.824978
[setup in-reg] in4 -> c610/SCD : -2.817257
[setup in-reg] in4 -> c420/SCE : -2.816453
[setup in-reg] in4 -> c333/SCE : -2.800717
[setup in-reg] in4 -> merge911/D : -2.798354
[setup in-reg] in4 -> c333/SCD : -2.792684
[setup reg-reg] s930/Q_N -> merge881/D : -2.743467
[setup reg-out] s930/Q -> out48 : -2.682421
[setup reg-reg] s930/Q_N -> merge898/D : -2.677458
[setup reg-out] s930/Q -> out56 : -2.654009
[setup reg-out] s930/Q -> out58 : -2.646207
[setup in-reg] in4 -> c609/RESET_B : -2.613668
[setup in-reg] in4 -> c709/RESET_B : -2.593362
[setup reg-reg] merge874/Q -> c609/SET_B : -2.583450
[setup reg-reg] s930/Q_N -> merge887/SCE : -2.571957
[setup in-reg] in4 -> c709/SCE : -2.561055
[setup in-reg] in4 -> c297/RESET_B : -2.511647
[setup reg-reg] s930/Q_N -> merge914/DE : -2.475042
[setup in-reg] in4 -> merge838/RESET_B : -2.392578
[setup in-reg] in4 -> c420/RESET_B : -2.354842
[setup reg-reg] s930/Q_N -> merge908/D : -2.316919
[setup reg-reg] s930/Q_N -> merge895/RESET_B : -2.292751
[setup reg-reg] s930/Q -> merge864/D : -2.256114
[setup in-reg] in33 -> c737/SET_B : -2.197969
[setup reg-reg] s930/Q_N -> merge876/D : -2.134146
[setup reg-reg] s930/Q_N -> merge887/GATE : -2.122083
[setup in-reg] in4 -> c469/RESET_B : -2.095534
[setup in-out] in38 -> out14 : -2.094976
[setup reg-out] s930/Q -> out45 : -2.086464
[setup reg-reg] s930/Q_N -> merge893/D : -2.072628
[setup in-out] in38 -> out57 : -2.047289
[setup reg-reg] s930/Q_N -> merge909/D : -2.045513
[setup in-reg] in4 -> c420/SCD : -2.043008
[setup reg-reg] s930/Q_N -> merge896/RESET_B : -2.042432
[setup reg-reg] s930/Q_N -> s949/D : -2.031172
[setup in-reg] clk -> c359/SET_B : -2.021595
[setup reg-out] merge877/Q -> out50 : -1.979627
[setup reg-reg] s930/Q_N -> s938/D : -1.978165
[setup reg-reg] merge877/Q -> merge875/RESET_B : -1.975141
[setup reg-reg] merge905/Q_N -> merge896/D : -1.954627
[setup in-reg] in4 -> c305/RESET_B : -1.934268
[setup reg-reg] s930/Q_N -> merge903/SET_B : -1.886791
[setup reg-reg] s930/Q -> s939/D : -1.828645
[setup reg-reg] s930/Q -> merge904/RESET_B : -1.812715
[setup in-reg] in8 -> c241/RESET_B : -1.810052
[setup reg-reg] merge905/Q_N -> merge854/D : -1.788560
[setup reg-reg] s930/Q -> s937/D : -1.780903
[setup reg-reg] merge905/Q_N -> s950/D : -1.757265
[setup reg-reg] merge905/Q_N -> merge916/GATE : -1.727128
[setup reg-reg] merge905/Q_N -> s941/D : -1.704168
[setup reg-reg] merge905/Q_N -> merge881/DE : -1.682153
[setup reg-reg] merge871/Q -> merge855/D : -1.677917
[setup reg-out] merge875/Q -> out54 : -1.666780
[setup reg-reg] s934/Q -> s946/D : -1.622889
[setup reg-reg] merge905/Q_N -> s943/GATE : -1.620194
[setup reg-reg] s934/Q -> s945/D : -1.617470
[setup reg-out] merge875/Q -> out31 : -1.603169
[setup in-reg] in4 -> c432/RESET_B : -1.593221
[setup reg-reg] s930/Q_N -> c616/SET_B : -1.565043
[setup in-reg] in4 -> c707/RESET_B : -1.546478
[setup reg-reg] s929/Q -> merge889/SCE : -1.507799
[setup reg-reg] s934/Q -> s948/D : -1.497164
[setup in-reg] clk -> c262/SET_B : -1.482184
[setup reg-reg] merge877/Q -> merge915/DE : -1.482052
[setup in-reg] in8 -> c709/SCD : -1.478334
[setup reg-reg] merge870/Q -> merge919/RESET_B : -1.472722
[setup reg-reg] s930/Q_N -> merge910/RESET_B : -1.467471
[setup reg-reg] merge874/Q -> c333/D : -1.454394
[setup reg-reg] s930/Q_N -> c616/D : -1.436749
[setup reg-reg] s930/Q -> merge867/D : -1.417666
[setup reg-reg] merge871/Q -> merge920/RESET_B : -1.414485
[setup reg-reg] merge905/Q_N -> c598/SCE : -1.402937
[setup reg-reg] s933/Q -> merge869/D : -1.339866
[setup in-reg] in38 -> merge902/D : -1.320868
[setup reg-reg] merge905/Q_N -> c589/D : -1.316745
[setup reg-reg] merge905/Q_N -> c731/SCE : -1.314045
[setup in-reg] in4 -> c609/SCD : -1.299608
[setup reg-reg] s934/Q -> c584/SCD : -1.296502
[setup reg-reg] merge905/Q_N -> merge919/D : -1.280587
[setup in-reg] in4 -> c610/D : -1.275371
[setup reg-reg] s930/Q_N -> merge890/D : -1.220957
[setup reg-reg] s930/Q_N -> merge900/D : -1.206420
[setup reg-reg] s934/Q -> c578/D : -1.202616
[setup reg-reg] merge905/Q -> s942/GATE : -1.195819
[setup in-reg] in8 -> c610/SET_B : -1.192869
[setup reg-reg] s930/Q_N -> merge864/SET_B : -1.190495
[setup reg-reg] merge871/Q_N -> merge920/D : -1.174016
[setup reg-reg] s930/Q -> merge899/SET_B : -1.169952
[setup in-reg] in38 -> s922/D : -1.166442
[setup reg-reg] s930/Q_N -> s934/D : -1.154447
[setup reg-reg] s930/Q -> merge877/D : -1.133507
[setup reg-reg] s929/Q -> merge866/D : -1.121156
[setup reg-reg] s929/Q -> merge910/D : -1.110746
[setup reg-reg] s929/Q -> merge905/D : -1.106809
[setup reg-reg] s930/Q -> merge884/SCE : -1.097235
[setup in-out] in4 -> out18 : -1.092378
[setup reg-reg] s929/Q_N -> merge917/GATE : -1.084861
[setup in-reg] in38 -> c359/RESET_B : -1.082017
[setup in-reg] in38 -> s924/D : -1.054556
[setup reg-reg] merge905/Q_N -> merge870/RESET_B : -1.052698
[setup reg-reg] merge909/Q -> merge914/D : -1.050122
[setup reg-reg] merge877/Q -> s930/D : -1.042267
[setup reg-reg] merge871/Q_N -> c334/SCD : -1.028039
[setup in-reg] in38 -> s927/GATE : -1.018016
[setup reg-reg] s929/Q -> merge904/D : -1.011112
[setup reg-reg] s930/Q_N -> c737/SCE : -1.010892
[setup reg-reg] merge877/Q -> c598/RESET_B : -0.996912
[setup reg-reg] s930/Q_N -> merge839/D : -0.974382
[setup reg-reg] s930/Q_N -> merge867/SET_B : -0.970477
[setup in-reg] in38 -> merge883/D : -0.947569
[setup reg-reg] merge910/Q -> c731/SCD : -0.929473
[setup reg-reg] merge910/Q -> c584/SCE : -0.926680
[setup reg-reg] s930/Q_N -> merge890/RESET_B : -0.923441
[setup reg-reg] merge873/Q -> c432/SCD : -0.911899
[setup reg-reg] merge910/Q -> merge918/GATE : -0.902277
[setup reg-reg] s948/Q -> c731/D : -0.873201
[setup reg-reg] merge870/Q -> merge869/SET_B : -0.861996
[setup reg-reg] s934/Q -> merge870/D : -0.850100
[setup in-reg] in4 -> c297/D : -0.846850
[setup reg-reg] s929/Q_N -> s944/GATE : -0.839341
[setup reg-reg] s929/Q -> s932/D : -0.826947
[setup reg-reg] merge910/Q -> merge895/D : -0.818870
[setup reg-reg] s929/Q -> c686/SCE : -0.770934
[setup in-out] in4 -> out39 : -0.767427
[setup reg-reg] s929/Q -> s933/D : -0.762554
[setup reg-reg] s929/Q -> s940/D : -0.758936
[setup reg-reg] merge871/Q_N -> c334/D : -0.741670
[setup reg-reg] merge873/Q -> c420/D : -0.739523
[setup reg-reg] merge909/Q -> c598/D : -0.726791
[setup reg-reg] merge871/Q -> c262/D : -0.721206
[setup reg-reg] merge871/Q_N -> merge857/D : -0.714150
[setup reg-reg] s929/Q_N -> c737/D : -0.714029
[setup in-out] in4 -> out15 : -0.687891
[setup reg-reg] merge913/Q -> c305/SCD : -0.686260
[setup reg-reg] s929/Q -> merge917/SCE : -0.678082
[setup reg-reg] merge871/Q -> merge871/D : -0.658987
[setup in-reg] in38 -> merge902/SET_B : -0.653707
[setup in-reg] in38 -> s921/D : -0.615979
[setup reg-reg] s929/Q_N -> merge830/D : -0.614312
[setup reg-reg] s948/Q -> merge908/RESET_B : -0.609679
[setup reg-reg] merge910/Q -> merge901/SET_B : -0.598686
[setup reg-reg] s929/Q -> merge901/D : -0.589708
[setup reg-reg] s933/Q -> merge877/RESET_B : -0.565056
[setup reg-reg] s929/Q -> merge916/SCE : -0.555212
[setup reg-reg] merge870/Q_N -> merge909/RESET_B : -0.543675
[setup in-reg] in38 -> s923/D : -0.542930
[setup reg-reg] merge873/Q_N -> c432/D : -0.531926
[setup reg-reg] s948/Q -> c737/RESET_B : -0.526347
[setup in-reg] in38 -> s928/GATE : -0.522617
[setup reg-reg] s930/Q -> merge893/RESET_B : -0.495798
[setup reg-reg] s930/Q_N -> merge876/RESET_B : -0.469264
[setup reg-reg] s929/Q -> c686/SCD : -0.398490
[setup in-reg] in38 -> merge832/D : -0.375844
[setup reg-reg] s929/Q -> merge918/SCE : -0.369832
[setup reg-reg] merge873/Q -> c420/SET_B : -0.355850
[setup reg-reg] s929/Q_N -> merge854/RESET_B : -0.351205
[setup reg-reg] s929/Q -> c737/SCD : -0.327455
[setup reg-reg] merge871/Q_N -> merge898/RESET_B : -0.324457
[setup in-out] in4 -> out8 : -0.231885
[setup reg-reg] merge877/Q -> c589/RESET_B : -0.221784
[setup in-out] in4 -> out33 : -0.217724
[setup in-out] in4 -> out10 : -0.209551
[setup reg-reg] merge913/Q -> c305/SET_B : -0.186455
[setup reg-reg] merge913/Q -> c333/SET_B : -0.185367
[setup reg-reg] s933/Q -> c462/SET_B : -0.182841
[setup reg-reg] s931/Q_N -> c414/SET_B : -0.142976
[setup in-reg] in4 -> merge875/D : 0.000000
[setup in-reg] in4 -> s929/D : 0.000000
