[WARNING ORD-0039] .openroad ignored with -python
[ERROR] Some inputs of instance 'c108' are not connected- add it to IGNORE_DISCONNECTED_MODULES if this is intentional
[ERROR] Some inputs of instance 'c395' are not connected- add it to IGNORE_DISCONNECTED_MODULES if this is intentional
[ERROR] No outputs of macro/instance 'c764' are connected- add it to IGNORE_DISCONNECTED_MODULES if this is intentional
[ERROR] Some inputs of instance 'merge843' are not connected- add it to IGNORE_DISCONNECTED_MODULES if this is intentional
[ERROR] Some inputs of instance 'merge857' are not connected- add it to IGNORE_DISCONNECTED_MODULES if this is intentional
Found 14 disconnected pin(s), of which 5 are critical.
┏━━━━━━━━━━━━━━━━┳━━━━━━━━━━━━━━━┳━━━━━━━━━━━━━━┳━━━━━━━━━━━━━━━┳━━━━━━━━━━━━━━┓
┃ Macro/Instance ┃ Power Pins    ┃ Disconnected ┃ Signal Pins   ┃ Disconnected ┃
┡━━━━━━━━━━━━━━━━╇━━━━━━━━━━━━━━━╇━━━━━━━━━━━━━━╇━━━━━━━━━━━━━━━╇━━━━━━━━━━━━━━┩
│ c108           │ c108/VGND     │              │ c108/A0       │ c108/S1      │
│                │ c108/VNB      │              │ c108/A1       │              │
│                │ c108/VPB      │              │ c108/A2       │              │
│                │ c108/VPWR     │              │ c108/A3       │              │
│                │               │              │ c108/S0       │              │
│                │               │              │ c108/X        │              │
│ c395           │ c395/VGND     │              │ c395/A0       │ c395/S0      │
│                │ c395/VNB      │              │ c395/A1       │              │
│                │ c395/VPB      │              │ c395/A2       │              │
│                │ c395/VPWR     │              │ c395/A3       │              │
│                │               │              │ c395/S1       │              │
│                │               │              │ c395/X        │              │
│ c764           │ c764/VGND     │              │ c764/A0       │ c764/X       │
│                │ c764/VNB      │              │ c764/A1       │              │
│                │ c764/VPB      │              │ c764/A2       │              │
│                │ c764/VPWR     │              │ c764/A3       │              │
│                │               │              │ c764/S0       │              │
│                │               │              │ c764/S1       │              │
│ merge843       │ merge843/VGND │              │ merge843/RES… │ merge843/D   │
│                │ merge843/VNB  │              │ merge843/Q    │              │
│                │ merge843/VPB  │              │               │              │
│                │ merge843/VPWR │              │               │              │
│ merge857       │ merge857/VGND │              │ merge857/SET… │ merge857/D   │
│                │ merge857/VNB  │              │ merge857/Q    │              │
│                │ merge857/VPB  │              │               │              │
│                │ merge857/VPWR │              │               │              │
└────────────────┴───────────────┴──────────────┴───────────────┴──────────────┘
