
===========================================================================
Violator List
============================================================================
[hold reg-reg] c254/Q -> c473/RESET_B : -5.400346
[hold in-reg] clk -> c607/SET_B : -5.366730
[hold reg-reg] c640/Q -> c698/SET_B : -3.979267
[hold reg-reg] c473/Q -> c474/RESET_B : -3.394114
[hold reg-reg] c149/Q_N -> c710/SET_B : -3.003759
[hold in-reg] in7 -> c686/SET_B : -2.860838
[hold reg-reg] c423/Q_N -> c561/SET_B : -2.629192
[hold reg-reg] c473/Q_N -> c476/RESET_B : -1.523360
[hold in-reg] in22 -> c554/SET_B : -1.424798
[hold reg-reg] s807/Q -> c582/SET_B : -1.221272
[hold reg-reg] s807/Q -> c593/SET_B : -0.986536
[hold reg-reg] s804/Q -> c682/SET_B : -0.878241
[hold reg-reg] s799/Q_N -> c703/SET_B : -0.669206
[hold reg-reg] c527/Q -> c562/RESET_B : -0.461520
[hold reg-reg] s813/Q -> c680/SET_B : -0.203852
[hold in-reg] in22 -> c303/RESET_B : -0.182246
[setup in-reg] in1 -> s820/D : -13.435824
[setup in-reg] in1 -> s756/D : -13.182963
[setup in-reg] in1 -> c607/RESET_B : -12.851987
[setup in-reg] in20 -> s831/D : -12.541471
[setup in-reg] in1 -> c157/SCD : -12.530642
[setup in-reg] in1 -> s803/D : -12.467738
[setup in-reg] in1 -> c711/SCE : -12.318563
[setup in-reg] in1 -> s788/D : -12.159328
[setup in-reg] in20 -> c476/D : -11.918337
[setup in-reg] in1 -> c465/SCD : -11.758871
[setup in-reg] in1 -> c557/D : -11.729268
[setup in-reg] in1 -> c252/RESET_B : -11.412742
[setup in-reg] in1 -> s799/D : -11.259728
[setup in-reg] in1 -> s819/D : -11.193629
[setup in-reg] in1 -> c252/D : -11.169429
[setup in-reg] in1 -> s815/D : -11.108739
[setup in-reg] in1 -> c350/D : -10.958337
[setup in-reg] in1 -> c698/RESET_B : -10.936307
[setup in-reg] in1 -> c607/D : -10.915316
[setup in-reg] in20 -> s771/D : -10.900943
[setup in-reg] in20 -> s751/D : -10.826212
[setup in-reg] in1 -> s772/D : -10.788330
[setup in-out] in1 -> out38 : -10.758704
[setup in-reg] in1 -> c607/SCE : -10.680780
[setup in-reg] in1 -> c341/SCD : -10.620804
[setup in-reg] in1 -> c232/SCE : -10.590348
[setup in-reg] in1 -> c711/SCD : -10.587577
[setup in-reg] in20 -> c341/SCE : -10.512264
[setup in-reg] in1 -> c604/SCD : -10.365235
[setup in-reg] in1 -> c681/SCE : -10.337050
[setup in-reg] in1 -> c675/SCD : -10.209043
[setup in-reg] in1 -> c521/SET_B : -10.201987
[setup in-reg] in1 -> c710/RESET_B : -10.112861
[setup in-reg] in1 -> c343/RESET_B : -10.008806
[setup in-out] in1 -> out29 : -9.959875
[setup in-reg] in1 -> c474/D : -9.952830
[setup in-reg] in20 -> s755/D : -9.897118
[setup in-reg] in1 -> s758/D : -9.892905
[setup in-reg] in1 -> c561/D : -9.890439
[setup in-reg] in1 -> c349/SET_B : -9.740303
[setup in-reg] in1 -> c607/RESET_B : -9.646884
[setup in-reg] in20 -> c474/SET_B : -9.578846
[setup in-reg] in20 -> c473/SET_B : -9.571892
[setup in-reg] in20 -> c343/D : -9.540472
[setup reg-reg] s756/Q -> c593/D : -9.528488
[setup in-reg] in1 -> c202/RESET_B : -9.524858
[setup in-reg] in20 -> c114/D : -9.444874
[setup in-reg] in1 -> c561/SCD : -9.419799
[setup in-reg] in20 -> c120/SCE : -9.410552
[setup in-reg] in1 -> c593/SCE : -9.391361
[setup in-reg] in1 -> c350/SCE : -9.326652
[setup in-out] in1 -> out21 : -9.285378
[setup in-reg] in20 -> c100/D : -9.279054
[setup in-reg] in1 -> s745/D : -9.250519
[setup in-reg] in1 -> c710/SET_B : -9.200477
[setup in-reg] in1 -> s767/D : -9.186176
[setup in-out] in20 -> out51 : -9.161825
[setup in-reg] in20 -> c240/D : -9.119764
[setup in-reg] in20 -> c350/SCD : -9.034735
[setup in-reg] in1 -> c281/SCE : -9.016441
[setup in-reg] in20 -> c116/D : -8.993829
[setup in-out] in1 -> out22 : -8.975464
[setup in-reg] in1 -> c202/SCE : -8.931981
[setup in-reg] in20 -> c94/D : -8.928089
[setup reg-out] c157/Q -> out18 : -8.924727
[setup in-reg] in20 -> c111/D : -8.910949
[setup in-reg] in20 -> c114/SCE : -8.900214
[setup in-reg] in20 -> s770/D : -8.896679
[setup in-out] in20 -> out60 : -8.886397
[setup in-reg] in1 -> c710/SET_B : -8.881292
[setup in-reg] in1 -> s786/D : -8.783528
[setup in-reg] in1 -> c561/RESET_B : -8.697036
[setup in-reg] in1 -> s765/D : -8.691750
[setup in-reg] in1 -> s821/D : -8.685217
[setup in-reg] in20 -> c94/SCD : -8.675821
[setup in-reg] in1 -> c582/RESET_B : -8.674398
[setup in-out] in1 -> out0 : -8.671925
[setup in-reg] in1 -> s798/D : -8.650499
[setup in-reg] in1 -> c473/RESET_B : -8.645502
[setup in-reg] in20 -> c100/SCD : -8.635151
[setup in-reg] in1 -> c599/D : -8.619779
[setup in-reg] in20 -> c120/SCD : -8.601857
[setup in-reg] in1 -> s766/D : -8.596254
[setup in-reg] in20 -> s769/D : -8.590112
[setup in-reg] in1 -> c582/D : -8.562627
[setup in-reg] in20 -> s830/D : -8.537023
[setup in-reg] in20 -> s828/GATE : -8.533707
[setup in-reg] in20 -> c100/RESET_B : -8.519583
[setup in-reg] in1 -> c703/SET_B : -8.504823
[setup in-reg] in1 -> s760/D : -8.501374
[setup in-reg] in1 -> c593/RESET_B : -8.497332
[setup in-reg] in1 -> c149/D : -8.491857
[setup in-reg] in1 -> c280/D : -8.491632
[setup in-reg] in1 -> s757/D : -8.468122
[setup reg-reg] s802/Q -> c562/RESET_B : -8.418158
[setup in-reg] in1 -> c148/SCD : -8.372757
[setup in-reg] in1 -> c426/D : -8.372399
[setup in-reg] in1 -> s782/D : -8.362508
[setup in-reg] in1 -> c682/D : -8.340877
[setup in-reg] in20 -> c243/SET_B : -8.333376
[setup in-reg] in1 -> s806/D : -8.321174
[setup in-reg] in20 -> s827/GATE : -8.291746
[setup in-reg] in1 -> s807/D : -8.271527
[setup in-reg] in1 -> s780/GATE : -8.234320
[setup in-reg] in20 -> s826/GATE : -8.209240
[setup in-reg] in20 -> s832/D : -8.174545
[setup in-reg] in1 -> c557/SCD : -8.140336
[setup in-reg] in20 -> c116/SET_B : -8.115205
[setup in-reg] in20 -> c111/SET_B : -8.112618
[setup in-reg] in20 -> c607/SCD : -8.092846
[setup in-reg] in1 -> c668/D : -8.073488
[setup in-reg] in1 -> c423/DE : -8.021260
[setup in-out] in20 -> out52 : -7.975645
[setup in-reg] in1 -> c254/D : -7.942419
[setup reg-out] c157/Q -> out33 : -7.935071
[setup in-reg] in20 -> s824/D : -7.910204
[setup in-reg] in1 -> s787/D : -7.903104
[setup in-out] in20 -> out58 : -7.888974
[setup reg-out] c157/Q -> out61 : -7.876842
[setup in-reg] in1 -> c554/SCD : -7.864428
[setup in-reg] in20 -> c454/SCE : -7.843872
[setup in-reg] in1 -> s804/D : -7.818874
[setup in-reg] in1 -> c431/SCE : -7.800585
[setup in-reg] in1 -> s762/GATE : -7.779222
[setup in-reg] in20 -> c232/RESET_B : -7.775383
[setup in-reg] in1 -> c703/D : -7.756213
[setup in-reg] in1 -> s812/GATE : -7.719410
[setup in-reg] in1 -> s763/GATE : -7.715271
[setup in-reg] in1 -> s783/D : -7.704322
[setup in-out] in1 -> out10 : -7.702039
[setup in-reg] in1 -> c640/D : -7.593655
[setup in-reg] in1 -> c557/SCE : -7.587855
[setup in-reg] in1 -> c543/D : -7.540545
[setup reg-out] c157/Q -> out28 : -7.522796
[setup in-reg] in1 -> c378/D : -7.522169
[setup in-reg] in20 -> c94/SET_B : -7.501765
[setup in-reg] in1 -> c392/D : -7.482790
[setup in-reg] in1 -> s759/D : -7.482002
[setup reg-reg] s770/Q -> c468/SET_B : -7.453505
[setup in-reg] in1 -> c675/SET_B : -7.448677
[setup in-reg] in1 -> s774/D : -7.444728
[setup in-reg] in1 -> c711/D : -7.441024
[setup reg-reg] s802/Q -> c554/SET_B : -7.439440
[setup in-reg] in1 -> c698/SCE : -7.436078
[setup in-reg] in20 -> s829/D : -7.434474
[setup in-reg] in1 -> s805/D : -7.426646
[setup in-reg] in1 -> c253/RESET_B : -7.417839
[setup in-out] in1 -> out8 : -7.412207
[setup in-reg] in1 -> s764/GATE : -7.382483
[setup in-reg] in1 -> s779/GATE : -7.376619
[setup in-reg] in1 -> c157/D : -7.371922
[setup in-reg] in1 -> c517/SCD : -7.353400
[setup in-reg] in20 -> s797/D : -7.341080
[setup in-reg] in1 -> s816/D : -7.298409
[setup in-reg] in1 -> c681/SCD : -7.297274
[setup in-reg] in1 -> c517/D : -7.288471
[setup in-reg] in20 -> s823/D : -7.281434
[setup in-reg] in1 -> s818/D : -7.280834
[setup in-reg] in1 -> s773/D : -7.279023
[setup in-reg] in1 -> c675/D : -7.235897
[setup in-reg] in1 -> s776/D : -7.218028
[setup in-reg] in20 -> c335/D : -7.159717
[setup in-out] in20 -> out45 : -7.134821
[setup in-reg] in1 -> s747/GATE : -7.128063
[setup in-reg] in20 -> s796/GATE : -7.126819
[setup in-reg] in1 -> s801/D : -7.118558
[setup in-reg] in1 -> c556/SET_B : -7.114368
[setup in-reg] in20 -> c232/SCD : -7.110157
[setup in-reg] in20 -> s791/D : -7.108426
[setup in-reg] in1 -> c682/SCD : -7.096149
[setup in-reg] in1 -> s749/D : -7.074505
[setup in-reg] in1 -> c400/SCE : -7.061562
[setup in-reg] in1 -> c702/SCE : -7.043497
[setup in-reg] in1 -> c303/SCE : -7.034174
[setup in-reg] in1 -> s775/D : -7.027508
[setup in-reg] in1 -> c336/D : -7.019110
[setup in-reg] in1 -> c406/D : -6.996226
[setup reg-reg] s756/Q -> c476/SET_B : -6.978023
[setup in-reg] in1 -> c599/SCD : -6.971227
[setup in-reg] in1 -> s808/D : -6.970410
[setup in-reg] in1 -> c468/D : -6.935797
[setup in-reg] in1 -> c413/D : -6.926524
[setup reg-out] c157/Q -> out37 : -6.924833
[setup in-out] in20 -> out26 : -6.920876
[setup in-reg] in1 -> c409/D : -6.907359
[setup in-reg] in1 -> s810/GATE : -6.902435
[setup in-reg] in1 -> c437/D : -6.886932
[setup in-reg] in1 -> c661/D : -6.868622
[setup in-reg] in20 -> c243/RESET_B : -6.863447
[setup in-reg] in1 -> s800/D : -6.841362
[setup in-reg] in20 -> c114/RESET_B : -6.839946
[setup in-reg] in1 -> s761/D : -6.835401
[setup in-reg] in1 -> c303/RESET_B : -6.827374
[setup in-reg] in1 -> s750/D : -6.824658
[setup in-reg] in1 -> s794/GATE : -6.807942
[setup in-reg] in20 -> c463/D : -6.795174
[setup reg-reg] s756/Q -> c349/D : -6.774496
[setup in-reg] in1 -> s768/D : -6.686040
[setup in-reg] in1 -> s825/D : -6.670869
[setup in-reg] in1 -> c412/RESET_B : -6.643860
[setup in-reg] in1 -> c698/SCD : -6.604238
[setup in-reg] in1 -> c682/RESET_B : -6.591465
[setup in-reg] in1 -> c668/SCE : -6.584723
[setup in-reg] in1 -> c275/D : -6.570175
[setup in-reg] in1 -> c284/D : -6.568573
[setup in-reg] in1 -> s817/D : -6.560086
[setup in-reg] in1 -> c584/SET_B : -6.559574
[setup in-reg] in1 -> c554/RESET_B : -6.553761
[setup in-reg] in1 -> c703/RESET_B : -6.543245
[setup reg-out] s770/Q -> out4 : -6.539083
[setup in-reg] in1 -> c703/SET_B : -6.530256
[setup in-reg] in1 -> c580/D : -6.529571
[setup in-reg] in1 -> c412/SCE : -6.518589
[setup in-reg] in1 -> c571/SCD : -6.498091
[setup in-reg] in1 -> c668/RESET_B : -6.481112
[setup in-reg] in1 -> c572/SCE : -6.479042
[setup in-reg] in1 -> c473/RESET_B : -6.478971
[setup in-reg] in1 -> c702/D : -6.476722
[setup in-reg] in1 -> s746/GATE : -6.457257
[setup in-reg] in1 -> c567/SCE : -6.451595
[setup in-reg] in1 -> c572/SCD : -6.446943
[setup in-reg] in20 -> s742/D : -6.421372
[setup in-reg] in1 -> c680/SCE : -6.419283
[setup in-reg] in1 -> c686/D : -6.413928
[setup in-reg] in1 -> s781/D : -6.397539
[setup in-reg] in1 -> c304/RESET_B : -6.332466
[setup in-reg] in1 -> c656/SCD : -6.321232
[setup in-out] in20 -> out3 : -6.279503
[setup in-reg] in20 -> s752/D : -6.257985
[setup in-reg] in1 -> c519/RESET_B : -6.244957
[setup in-reg] in1 -> c703/SCD : -6.216517
[setup in-reg] in20 -> c335/SCD : -6.209777
[setup in-reg] in1 -> c705/D : -6.202132
[setup in-reg] in1 -> c601/SCD : -6.196975
[setup in-reg] in1 -> merge740/SCD : -6.190694
[setup in-reg] in1 -> c198/SCD : -6.181464
[setup in-reg] in20 -> s744/D : -6.173428
[setup in-reg] in20 -> c345/SCE : -6.120448
[setup in-reg] in1 -> c696/D : -6.077235
[setup in-reg] in1 -> c199/D : -6.065131
[setup in-reg] in20 -> c94/RESET_B : -6.060429
[setup in-reg] in20 -> s778/GATE : -6.010831
[setup in-reg] in1 -> c527/SCD : -6.010667
[setup in-reg] in1 -> c681/D : -5.985511
[setup in-reg] in1 -> c328/SCD : -5.958196
[setup in-reg] in1 -> c324/SCD : -5.941048
[setup in-reg] in1 -> c318/SCE : -5.940802
[setup reg-reg] s813/Q -> c680/SET_B : -5.936939
[setup in-reg] in20 -> s743/D : -5.934896
[setup in-reg] in1 -> c660/SET_B : -5.925546
[setup in-reg] in20 -> s777/D : -5.924614
[setup in-reg] in20 -> s753/D : -5.901320
[setup in-reg] in1 -> c698/SET_B : -5.870605
[setup in-reg] in20 -> c354/D : -5.866458
[setup in-reg] in20 -> c120/D : -5.851079
[setup in-reg] in20 -> s754/D : -5.837650
[setup in-reg] in1 -> c562/D : -5.804404
[setup in-reg] in1 -> c698/SET_B : -5.762797
[setup in-reg] in1 -> c465/SCE : -5.748396
[setup in-reg] in1 -> c274/D : -5.695712
[setup in-reg] in1 -> s809/D : -5.690875
[setup in-reg] in1 -> s792/D : -5.645047
[setup in-reg] in20 -> s741/D : -5.634971
[setup in-reg] in1 -> c702/SCD : -5.612976
[setup in-reg] in1 -> c288/D : -5.594476
[setup in-reg] in1 -> c705/SCE : -5.583052
[setup in-reg] in1 -> s748/GATE : -5.524171
[setup in-reg] in1 -> s811/GATE : -5.518029
[setup in-reg] in1 -> c399/D : -5.465247
[setup in-reg] in1 -> c661/RESET_B : -5.455618
[setup in-reg] in1 -> c345/SET_B : -5.349948
[setup in-reg] in1 -> c336/SCD : -5.344757
[setup in-reg] in20 -> c123/SCE : -5.299809
[setup in-reg] in20 -> c247/SCD : -5.292572
[setup in-reg] in1 -> c277/SET_B : -5.163664
[setup in-reg] in1 -> c537/SET_B : -5.133127
[setup in-reg] in1 -> c708/SET_B : -5.116464
[setup in-reg] in1 -> c680/SCD : -4.987056
[setup in-reg] in1 -> c568/SCD : -4.970433
[setup in-reg] in1 -> c206/SCE : -4.940825
[setup in-reg] in20 -> c102/D : -4.912225
[setup in-reg] in1 -> s813/D : -4.907758
[setup in-reg] in1 -> c680/RESET_B : -4.904914
[setup in-reg] in1 -> c686/RESET_B : -4.904543
[setup in-reg] in20 -> c244/D : -4.897107
[setup in-reg] in20 -> c227/SCE : -4.891914
[setup in-reg] in1 -> c555/SCE : -4.883678
[setup in-reg] in20 -> c122/D : -4.863155
[setup in-reg] in20 -> c122/RESET_B : -4.840602
[setup in-reg] in20 -> c246/D : -4.827896
[setup in-reg] in1 -> c580/SCE : -4.825285
[setup in-reg] in1 -> c454/D : -4.731657
[setup in-reg] in1 -> c296/D : -4.728363
[setup in-reg] in1 -> c240/RESET_B : -4.712059
[setup reg-out] s753/Q -> out59 : -4.709573
[setup in-reg] in1 -> c201/SCD : -4.659956
[setup in-reg] in20 -> c102/RESET_B : -4.659951
[setup in-reg] in20 -> c237/SCE : -4.650872
[setup in-reg] in20 -> c710/D : -4.614771
[setup in-reg] in1 -> c552/D : -4.588974
[setup in-reg] in1 -> s789/D : -4.579472
[setup in-out] in1 -> out34 : -4.530884
[setup in-reg] in1 -> s793/D : -4.527796
[setup reg-reg] c157/Q -> c468/SCE : -4.504486
[setup in-reg] in1 -> c708/RESET_B : -4.478996
[setup in-reg] in20 -> c221/D : -4.445274
[setup in-reg] in20 -> c227/D : -4.438254
[setup in-reg] in1 -> c442/RESET_B : -4.430210
[setup in-reg] in20 -> c463/SCD : -4.366373
[setup in-reg] in20 -> c234/RESET_B : -4.348859
[setup in-reg] in1 -> s795/GATE : -4.328239
[setup in-reg] in1 -> c318/D : -4.313376
[setup in-reg] in1 -> c587/SET_B : -4.275973
[setup in-reg] in20 -> c237/D : -4.229605
[setup in-reg] in20 -> c244/RESET_B : -4.205459
[setup in-reg] in20 -> c604/D : -4.195974
[setup in-reg] in20 -> c97/D : -4.181684
[setup in-reg] in1 -> c221/RESET_B : -4.180387
[setup reg-out] s769/Q -> out6 : -4.170537
[setup in-reg] in1 -> c463/SCE : -4.143784
[setup in-reg] in20 -> c595/RESET_B : -4.130903
[setup in-reg] in1 -> s785/D : -4.080796
[setup reg-out] s754/Q -> out43 : -4.079825
[setup in-reg] in1 -> c555/D : -4.074528
[setup reg-reg] s801/Q -> s822/D : -4.067721
[setup in-reg] in1 -> s814/D : -4.033873
[setup in-reg] in1 -> s790/D : -4.014220
[setup in-reg] in20 -> c102/SCD : -4.011305
[setup reg-reg] s801/Q -> c665/D : -3.920418
[setup reg-out] s797/Q -> out46 : -3.912371
[setup in-out] in1 -> out35 : -3.908377
[setup in-reg] in1 -> c680/D : -3.902965
[setup reg-out] s781/Q -> out32 : -3.902463
[setup in-reg] in1 -> c303/SCD : -3.896049
[setup in-reg] in1 -> c708/D : -3.816950
[setup in-reg] in1 -> c660/SCE : -3.780396
[setup in-out] in1 -> out20 : -3.773499
[setup in-reg] in20 -> c97/RESET_B : -3.755597
[setup reg-out] s752/Q -> out53 : -3.753563
[setup in-reg] in1 -> c562/SCD : -3.736105
[setup in-reg] in1 -> c532/SCD : -3.673054
[setup in-reg] in1 -> c534/SCD : -3.648963
[setup reg-reg] s801/Q -> s802/D : -3.606704
[setup in-reg] in1 -> c443/D : -3.580631
[setup in-reg] in1 -> c548/D : -3.565738
[setup in-reg] in1 -> c446/D : -3.537513
[setup in-reg] in1 -> c206/D : -3.532818
[setup in-reg] in1 -> c537/D : -3.517871
[setup in-reg] in1 -> c658/SCE : -3.490625
[setup in-reg] in1 -> c686/SET_B : -3.487092
[setup in-reg] in1 -> c510/SCE : -3.474560
[setup in-reg] in20 -> c123/SET_B : -3.434767
[setup in-reg] in1 -> c527/D : -3.430604
[setup reg-reg] s765/Q_N -> c595/D : -3.385289
[setup in-reg] in1 -> c520/D : -3.358685
[setup in-reg] in20 -> c111/RESET_B : -3.358031
[setup reg-reg] s801/Q -> c705/SCD : -3.337082
[setup in-reg] in1 -> c446/SCD : -3.299698
[setup in-reg] in1 -> c521/SCD : -3.240726
[setup reg-reg] s804/Q -> c682/SET_B : -3.230993
[setup in-reg] in1 -> c514/D : -3.228561
[setup in-reg] in1 -> c567/SCD : -3.223966
[setup in-reg] in1 -> c288/SET_B : -3.183976
[setup in-reg] in20 -> c234/SCD : -3.110789
[setup reg-reg] s799/Q_N -> c675/RESET_B : -3.096830
[setup in-reg] in1 -> c430/SCD : -3.071796
[setup in-reg] in1 -> c452/D : -3.063599
[setup in-reg] in1 -> c341/SET_B : -3.037445
[setup in-reg] in1 -> c509/SET_B : -3.032190
[setup in-reg] in1 -> c686/SCD : -3.013436
[setup in-reg] in1 -> c708/SCD : -2.978651
[setup reg-reg] s801/Q -> c545/RESET_B : -2.975620
[setup in-reg] in1 -> c571/D : -2.959737
[setup in-reg] in20 -> c122/SET_B : -2.955625
[setup in-reg] in1 -> s784/D : -2.948211
[setup reg-reg] s801/Q -> c672/SCE : -2.939737
[setup in-reg] in1 -> c247/D : -2.915020
[setup reg-reg] s750/Q -> c601/SCE : -2.747743
[setup in-reg] in1 -> c552/RESET_B : -2.709442
[setup in-reg] in1 -> c519/D : -2.700083
[setup in-reg] in1 -> c303/D : -2.677279
[setup in-reg] in1 -> c657/SCE : -2.643290
[setup in-reg] in20 -> c102/SCE : -2.598281
[setup in-reg] in20 -> c336/SET_B : -2.558507
[setup in-reg] in1 -> c537/RESET_B : -2.558272
[setup reg-reg] s770/Q -> c595/SCD : -2.556502
[setup reg-reg] s799/Q_N -> c675/SCE : -2.493181
[setup in-reg] in1 -> c601/D : -2.389051
[setup in-reg] in1 -> c324/D : -2.388958
[setup in-reg] in1 -> c431/DE : -2.328449
[setup reg-reg] s799/Q_N -> c668/SCD : -2.308735
[setup in-reg] in1 -> c303/SET_B : -2.258172
[setup in-reg] in1 -> c552/SCE : -2.230676
[setup in-reg] in1 -> c281/SET_B : -2.144058
[setup in-reg] in1 -> c412/SCD : -2.142750
[setup in-reg] in1 -> c655/SCD : -2.140781
[setup reg-reg] s770/Q -> c601/RESET_B : -2.107105
[setup reg-reg] s804/Q -> c556/D : -2.098717
[setup in-reg] in1 -> c157/SET_B : -2.036047
[setup in-reg] in1 -> c423/SCD : -2.017586
[setup reg-reg] c157/Q -> c335/SCE : -1.992437
[setup in-reg] in1 -> c656/D : -1.965951
[setup reg-reg] c157/Q -> c324/SCE : -1.939446
[setup in-reg] in1 -> c658/D : -1.937853
[setup reg-reg] s801/Q -> c665/SCE : -1.934809
[setup reg-reg] s770/Q -> c601/SET_B : -1.923869
[setup in-reg] in1 -> c201/D : -1.919913
[setup in-reg] in1 -> c430/DE : -1.916003
[setup in-out] in1 -> out17 : -1.904338
[setup reg-reg] s801/Q -> c655/D : -1.844336
[setup reg-reg] s801/Q -> c662/SCE : -1.824506
[setup reg-reg] s799/Q_N -> c640/RESET_B : -1.819756
[setup reg-reg] s770/Q -> c696/SCD : -1.817245
[setup in-reg] in1 -> c657/D : -1.770974
[setup reg-reg] s802/Q -> c562/RESET_B : -1.750352
[setup in-reg] in1 -> c426/SCD : -1.723806
[setup in-reg] in1 -> c431/SCD : -1.702690
[setup reg-reg] s801/Q -> c548/SCD : -1.644767
[setup in-reg] in1 -> c277/D : -1.615857
[setup in-reg] in1 -> merge740/SET_B : -1.557556
[setup in-reg] in1 -> c655/RESET_B : -1.530135
[setup reg-reg] c584/Q -> c587/RESET_B : -1.489951
[setup reg-reg] s801/Q -> c656/SCE : -1.421616
[setup in-reg] in1 -> c244/SET_B : -1.394327
[setup reg-reg] c514/Q -> c519/SCE : -1.360918
[setup reg-reg] s804/Q -> c682/SET_B : -1.322839
[setup reg-out] c114/Q -> out50 : -1.288105
[setup reg-reg] s770/Q -> c468/SET_B : -1.285271
[setup reg-reg] s802/Q -> c568/SCE : -1.226732
[setup in-reg] in1 -> c392/SCD : -1.204922
[setup in-reg] in1 -> merge740/RESET_B : -1.189337
[setup in-reg] in1 -> c399/SCE : -1.172502
[setup reg-out] c557/Q -> out2 : -1.071823
[setup reg-reg] c514/Q -> c520/SCD : -1.057082
[setup reg-reg] s786/Q -> c437/SCE : -1.028425
[setup in-reg] in1 -> c400/RESET_B : -0.974130
[setup in-reg] in1 -> c660/RESET_B : -0.945946
[setup in-reg] in1 -> c303/RESET_B : -0.919571
[setup reg-reg] s802/Q -> c545/SET_B : -0.821106
[setup reg-reg] s765/Q -> c548/SCE : -0.813057
[setup reg-out] c341/Q -> out47 : -0.802096
[setup reg-reg] s784/Q -> c534/SCE : -0.777260
[setup in-out] clk -> out25 : -0.752300
[setup in-reg] in20 -> c100/SCE : -0.695727
[setup reg-out] c240/Q -> out5 : -0.660881
[setup reg-out] c593/Q -> out11 : -0.632789
[setup reg-out] c232/Q -> out13 : -0.609165
[setup reg-reg] s807/Q -> c582/SET_B : -0.565625
[setup reg-out] c476/Q -> out39 : -0.547847
[setup reg-reg] s781/Q_N -> c400/SET_B : -0.483848
[setup reg-reg] s813/Q -> c680/SET_B : -0.467265
[setup reg-out] c304/Q -> out55 : -0.445217
[setup in-out] clk -> out36 : -0.371132
[setup reg-reg] s803/Q -> c543/SET_B : -0.313127
[setup in-out] clk -> out48 : -0.293093
[setup in-reg] in20 -> c349/RESET_B : -0.236517
[setup in-reg] in20 -> c94/SCE : -0.214454
[setup reg-out] s804/Q -> out12 : -0.090885
[setup reg-reg] s817/Q -> c705/SET_B : -0.066580
[setup reg-reg] s768/Q -> c335/SET_B : -0.059968
[setup in-reg] in1 -> c509/RESET_B : -0.033308
[setup reg-reg] s818/Q -> c696/SET_B : -0.028518
