
===========================================================================
report_checks -unconstrained
===========================================================================
======================= nom_ff_n40C_1v95 Corner ===================================

Startpoint: merge866 (negative level-sensitive latch clocked by clk)
Endpoint: merge889 (recovery check against rising-edge clock clk)
Path Group: asynchronous
Path Type: max

Fanout         Cap        Slew       Delay        Time   Description
---------------------------------------------------------------------------------------------
                      0.150000    4.000000    4.000000   clock clk (fall edge)
                                  0.000000    4.000000   clock network delay (ideal)
   122    0.246862    0.363574    0.273988    4.273987 v clk (in)
                                                         clk (net)
                                  3.660275    7.660275   time given to startpoint
                      0.070446    0.000000    7.660275 v merge866/D (sky130_fd_sc_hd__dlrtn_1)
     5    0.033520    0.104374    0.240876    7.901150 v merge866/Q (sky130_fd_sc_hd__dlrtn_1)
                                                         net734 (net)
                      0.104374    0.000000    7.901150 v c203/A (sky130_fd_sc_hd__inv_8)
     6    0.030694    0.053102    0.077721    7.978871 ^ c203/Y (sky130_fd_sc_hd__inv_8)
                                                         net133 (net)
                      0.053102    0.000000    7.978871 ^ c205/C (sky130_fd_sc_hd__nand3_4)
     5    0.017626    0.100959    0.059330    8.038201 v c205/Y (sky130_fd_sc_hd__nand3_4)
                                                         net135 (net)
                      0.100959    0.000000    8.038201 v c206/A2 (sky130_fd_sc_hd__a2111o_2)
     2    0.003515    0.044944    0.300523    8.338725 v c206/X (sky130_fd_sc_hd__a2111o_2)
                                                         net136 (net)
                      0.044944    0.000000    8.338725 v c210/A0 (sky130_fd_sc_hd__mux4_2)
     6    0.021028    0.098857    0.307943    8.646667 v c210/X (sky130_fd_sc_hd__mux4_2)
                                                         net140 (net)
                      0.098857    0.000000    8.646667 v c214/A (sky130_fd_sc_hd__or3_4)
     3    0.005608    0.047387    0.253305    8.899973 v c214/X (sky130_fd_sc_hd__or3_4)
                                                         net143 (net)
                      0.047387    0.000000    8.899973 v c345/A3 (sky130_fd_sc_hd__mux4_1)
    19    0.081483    0.307312    0.532063    9.432035 v c345/X (sky130_fd_sc_hd__mux4_1)
                                                         out8 (net)
                      0.307312    0.000000    9.432035 v c748/A2 (sky130_fd_sc_hd__mux4_1)
     1    0.001481    0.056375    0.339616    9.771652 v c748/X (sky130_fd_sc_hd__mux4_1)
                                                         net629 (net)
                      0.056375    0.000000    9.771652 v merge837/B_N (sky130_fd_sc_hd__nor2b_2)
     1    0.002269    0.021867    0.097644    9.869296 v merge837/Y (sky130_fd_sc_hd__nor2b_2)
                                                         net701 (net)
                      0.021867    0.000000    9.869296 v merge846/A (sky130_fd_sc_hd__nor2b_1)
     1    0.003563    0.069125    0.073040    9.942336 ^ merge846/Y (sky130_fd_sc_hd__nor2b_1)
                                                         net710 (net)
                      0.069125    0.000000    9.942336 ^ merge889/SET_B (sky130_fd_sc_hd__dfsbp_1)
                                              9.942336   data arrival time

                      0.150000    8.000000    8.000000   clock clk (rise edge)
                                  0.000000    8.000000   clock network delay (ideal)
                                 -0.250000    7.750000   clock uncertainty
                                  0.000000    7.750000   clock reconvergence pessimism
                                              7.750000 ^ merge889/CLK (sky130_fd_sc_hd__dfsbp_1)
                                  0.101306    7.851305   library recovery time
                                              7.851305   data required time
---------------------------------------------------------------------------------------------
                                              7.851305   data required time
                                             -9.942336   data arrival time
---------------------------------------------------------------------------------------------
                                             -2.091031   slack (VIOLATED)


Startpoint: merge866 (negative level-sensitive latch clocked by clk)
Endpoint: c472 (rising edge-triggered flip-flop clocked by clk)
Path Group: clk
Path Type: max

Fanout         Cap        Slew       Delay        Time   Description
---------------------------------------------------------------------------------------------
                      0.150000    4.000000    4.000000   clock clk (fall edge)
                                  0.000000    4.000000   clock network delay (ideal)
   122    0.246862    0.363574    0.273988    4.273987 v clk (in)
                                                         clk (net)
                                  3.660275    7.660275   time given to startpoint
                      0.070446    0.000000    7.660275 v merge866/D (sky130_fd_sc_hd__dlrtn_1)
     5    0.033520    0.104374    0.240876    7.901150 v merge866/Q (sky130_fd_sc_hd__dlrtn_1)
                                                         net734 (net)
                      0.104374    0.000000    7.901150 v c334/B (sky130_fd_sc_hd__and2b_1)
     2    0.004569    0.031130    0.131399    8.032549 v c334/X (sky130_fd_sc_hd__and2b_1)
                                                         net260 (net)
                      0.031130    0.000000    8.032549 v c337/A (sky130_fd_sc_hd__or2_4)
     4    0.007893    0.037091    0.155413    8.187962 v c337/X (sky130_fd_sc_hd__or2_4)
                                                         net263 (net)
                      0.037091    0.000000    8.187962 v c462/A_N (sky130_fd_sc_hd__nand3b_1)
     7    0.012388    0.090329    0.133153    8.321115 v c462/Y (sky130_fd_sc_hd__nand3b_1)
                                                         net386 (net)
                      0.090329    0.000000    8.321115 v c465/C_N (sky130_fd_sc_hd__or4bb_4)
     3    0.007010    0.028806    0.166908    8.488023 ^ c465/X (sky130_fd_sc_hd__or4bb_4)
                                                         net388 (net)
                      0.028806    0.000000    8.488023 ^ c472/RESET_B (sky130_fd_sc_hd__sdfbbn_2)
                                              8.488023   data arrival time

                      0.150000    0.000000    0.000000   clock clk (rise edge)
                                  0.000000    0.000000   clock network delay (ideal)
                                 -0.250000   -0.250000   clock uncertainty
                                  0.000000   -0.250000   clock reconvergence pessimism
                                             -0.250000 ^ c472/SET_B (sky130_fd_sc_hd__sdfbbn_2)
                                  0.115825   -0.134175   library non-sequential setup time
                                             -0.134175   data required time
---------------------------------------------------------------------------------------------
                                             -0.134175   data required time
                                             -8.488023   data arrival time
---------------------------------------------------------------------------------------------
                                             -8.622198   slack (VIOLATED)




===========================================================================
report_checks --slack_max -0.01
============================================================================
======================= nom_ff_n40C_1v95 Corner ===================================

Startpoint: merge866 (negative level-sensitive latch clocked by clk)
Endpoint: merge889 (recovery check against rising-edge clock clk)
Path Group: asynchronous
Path Type: max

Fanout         Cap        Slew       Delay        Time   Description
---------------------------------------------------------------------------------------------
                      0.150000    4.000000    4.000000   clock clk (fall edge)
                                  0.000000    4.000000   clock network delay (ideal)
   122    0.246862    0.363574    0.273988    4.273987 v clk (in)
                                                         clk (net)
                                  3.660275    7.660275   time given to startpoint
                      0.070446    0.000000    7.660275 v merge866/D (sky130_fd_sc_hd__dlrtn_1)
     5    0.033520    0.104374    0.240876    7.901150 v merge866/Q (sky130_fd_sc_hd__dlrtn_1)
                                                         net734 (net)
                      0.104374    0.000000    7.901150 v c203/A (sky130_fd_sc_hd__inv_8)
     6    0.030694    0.053102    0.077721    7.978871 ^ c203/Y (sky130_fd_sc_hd__inv_8)
                                                         net133 (net)
                      0.053102    0.000000    7.978871 ^ c205/C (sky130_fd_sc_hd__nand3_4)
     5    0.017626    0.100959    0.059330    8.038201 v c205/Y (sky130_fd_sc_hd__nand3_4)
                                                         net135 (net)
                      0.100959    0.000000    8.038201 v c206/A2 (sky130_fd_sc_hd__a2111o_2)
     2    0.003515    0.044944    0.300523    8.338725 v c206/X (sky130_fd_sc_hd__a2111o_2)
                                                         net136 (net)
                      0.044944    0.000000    8.338725 v c210/A0 (sky130_fd_sc_hd__mux4_2)
     6    0.021028    0.098857    0.307943    8.646667 v c210/X (sky130_fd_sc_hd__mux4_2)
                                                         net140 (net)
                      0.098857    0.000000    8.646667 v c214/A (sky130_fd_sc_hd__or3_4)
     3    0.005608    0.047387    0.253305    8.899973 v c214/X (sky130_fd_sc_hd__or3_4)
                                                         net143 (net)
                      0.047387    0.000000    8.899973 v c345/A3 (sky130_fd_sc_hd__mux4_1)
    19    0.081483    0.307312    0.532063    9.432035 v c345/X (sky130_fd_sc_hd__mux4_1)
                                                         out8 (net)
                      0.307312    0.000000    9.432035 v c748/A2 (sky130_fd_sc_hd__mux4_1)
     1    0.001481    0.056375    0.339616    9.771652 v c748/X (sky130_fd_sc_hd__mux4_1)
                                                         net629 (net)
                      0.056375    0.000000    9.771652 v merge837/B_N (sky130_fd_sc_hd__nor2b_2)
     1    0.002269    0.021867    0.097644    9.869296 v merge837/Y (sky130_fd_sc_hd__nor2b_2)
                                                         net701 (net)
                      0.021867    0.000000    9.869296 v merge846/A (sky130_fd_sc_hd__nor2b_1)
     1    0.003563    0.069125    0.073040    9.942336 ^ merge846/Y (sky130_fd_sc_hd__nor2b_1)
                                                         net710 (net)
                      0.069125    0.000000    9.942336 ^ merge889/SET_B (sky130_fd_sc_hd__dfsbp_1)
                                              9.942336   data arrival time

                      0.150000    8.000000    8.000000   clock clk (rise edge)
                                  0.000000    8.000000   clock network delay (ideal)
                                 -0.250000    7.750000   clock uncertainty
                                  0.000000    7.750000   clock reconvergence pessimism
                                              7.750000 ^ merge889/CLK (sky130_fd_sc_hd__dfsbp_1)
                                  0.101306    7.851305   library recovery time
                                              7.851305   data required time
---------------------------------------------------------------------------------------------
                                              7.851305   data required time
                                             -9.942336   data arrival time
---------------------------------------------------------------------------------------------
                                             -2.091031   slack (VIOLATED)


Startpoint: merge866 (negative level-sensitive latch clocked by clk)
Endpoint: c472 (rising edge-triggered flip-flop clocked by clk)
Path Group: clk
Path Type: max

Fanout         Cap        Slew       Delay        Time   Description
---------------------------------------------------------------------------------------------
                      0.150000    4.000000    4.000000   clock clk (fall edge)
                                  0.000000    4.000000   clock network delay (ideal)
   122    0.246862    0.363574    0.273988    4.273987 v clk (in)
                                                         clk (net)
                                  3.660275    7.660275   time given to startpoint
                      0.070446    0.000000    7.660275 v merge866/D (sky130_fd_sc_hd__dlrtn_1)
     5    0.033520    0.104374    0.240876    7.901150 v merge866/Q (sky130_fd_sc_hd__dlrtn_1)
                                                         net734 (net)
                      0.104374    0.000000    7.901150 v c334/B (sky130_fd_sc_hd__and2b_1)
     2    0.004569    0.031130    0.131399    8.032549 v c334/X (sky130_fd_sc_hd__and2b_1)
                                                         net260 (net)
                      0.031130    0.000000    8.032549 v c337/A (sky130_fd_sc_hd__or2_4)
     4    0.007893    0.037091    0.155413    8.187962 v c337/X (sky130_fd_sc_hd__or2_4)
                                                         net263 (net)
                      0.037091    0.000000    8.187962 v c462/A_N (sky130_fd_sc_hd__nand3b_1)
     7    0.012388    0.090329    0.133153    8.321115 v c462/Y (sky130_fd_sc_hd__nand3b_1)
                                                         net386 (net)
                      0.090329    0.000000    8.321115 v c465/C_N (sky130_fd_sc_hd__or4bb_4)
     3    0.007010    0.028806    0.166908    8.488023 ^ c465/X (sky130_fd_sc_hd__or4bb_4)
                                                         net388 (net)
                      0.028806    0.000000    8.488023 ^ c472/RESET_B (sky130_fd_sc_hd__sdfbbn_2)
                                              8.488023   data arrival time

                      0.150000    0.000000    0.000000   clock clk (rise edge)
                                  0.000000    0.000000   clock network delay (ideal)
                                 -0.250000   -0.250000   clock uncertainty
                                  0.000000   -0.250000   clock reconvergence pessimism
                                             -0.250000 ^ c472/SET_B (sky130_fd_sc_hd__sdfbbn_2)
                                  0.115825   -0.134175   library non-sequential setup time
                                             -0.134175   data required time
---------------------------------------------------------------------------------------------
                                             -0.134175   data required time
                                             -8.488023   data arrival time
---------------------------------------------------------------------------------------------
                                             -8.622198   slack (VIOLATED)




===========================================================================
 report_check_types -max_slew -max_cap -max_fanout -violators
============================================================================
======================= nom_ff_n40C_1v95 Corner ===================================

max slew

Pin                                        Limit        Slew       Slack
------------------------------------------------------------------------
out56                                   0.750000    0.796243   -0.046243 (VIOLATED)
c103/Y                                  0.750000    0.796243   -0.046243 (VIOLATED)
c107/B1                                 0.750000    0.796243   -0.046243 (VIOLATED)
c109/B                                  0.750000    0.796243   -0.046243 (VIOLATED)
c366/A                                  0.750000    0.796243   -0.046243 (VIOLATED)
c374/A2                                 0.750000    0.796243   -0.046243 (VIOLATED)

max fanout

Pin                                   Limit Fanout  Slack
---------------------------------------------------------
c77/X                                    10     20    -10 (VIOLATED)
c171/X                                   10     19     -9 (VIOLATED)
c421/X                                   10     19     -9 (VIOLATED)
c188/Y                                   10     16     -6 (VIOLATED)
c291/Y                                   10     15     -5 (VIOLATED)
c163/X                                   10     13     -3 (VIOLATED)
c426/X                                   10     13     -3 (VIOLATED)
s945/Q                                   10     13     -3 (VIOLATED)
c309/Y                                   10     12     -2 (VIOLATED)
c531/Y                                   10     12     -2 (VIOLATED)
c542/X                                   10     12     -2 (VIOLATED)
c665/X                                   10     12     -2 (VIOLATED)
c282/Y                                   10     11        (VIOLATED)
c284/X                                   10     11        (VIOLATED)
c530/X                                   10     11        (VIOLATED)
c68/X                                    10     11        (VIOLATED)



===========================================================================
report_parasitic_annotation -report_unannotated
============================================================================
Found 943 unannotated drivers.
 clk
 in0
 in1
 in10
 in11
 in12
 in13
 in14
 in15
 in16
 in17
 in18
 in19
 in2
 in20
 in21
 in22
 in23
 in24
 in25
 in26
 in27
 in28
 in29
 in3
 in30
 in31
 in32
 in33
 in34
 in35
 in36
 in37
 in38
 in39
 in4
 in40
 in41
 in42
 in43
 in44
 in45
 in46
 in47
 in48
 in49
 in5
 in50
 in51
 in52
 in53
 in54
 in55
 in56
 in57
 in58
 in59
 in6
 in60
 in61
 in7
 in8
 in9
 rst
 c100/Y
 c101/Y
 c102/Y
 c103/Y
 c104/X
 c105/Y
 c106/X
 c107/X
 c108/Y
 c109/Y
 c110/Y
 c111/X
 c112/Y
 c113/Y
 c114/X
 c115/X
 c116/X
 c117/Y
 c118/X
 c119/Y
 c120/X
 c121/X
 c122/X
 c123/X
 c124/Y
 c125/X
 c126/X
 c127/X
 c128/X
 c129/X
 c130/X
 c131/X
 c132/Y
 c133/Y
 c134/Y
 c135/X
 c136/Y
 c137/Y
 c138/X
 c139/Y
 c140/X
 c141/X
 c142/X
 c143/Y
 c144/X
 c145/X
 c146/Y
 c147/X
 c148/X
 c149/X
 c150/X
 c151/Y
 c152/X
 c153/Y
 c154/Y
 c155/Y
 c156/X
 c157/Y
 c158/Y
 c159/X
 c160/Y
 c161/X
 c162/Y
 c163/X
 c164/Y
 c165/X
 c166/Y
 c167/Y
 c168/X
 c169/X
 c170/X
 c171/X
 c172/X
 c173/X
 c174/X
 c175/X
 c176/Y
 c177/X
 c178/X
 c179/X
 c180/X
 c181/X
 c182/Y
 c183/X
 c184/Y
 c185/X
 c186/X
 c187/X
 c188/Y
 c189/X
 c190/X
 c191/X
 c192/X
 c193/Q
 c193/Q_N
 c194/X
 c195/X
 c196/X
 c197/X
 c198/Y
 c199/Y
 c200/X
 c201/Y
 c202/X
 c203/Y
 c204/Y
 c205/Y
 c206/X
 c207/Y
 c208/X
 c209/X
 c210/X
 c211/Y
 c212/Y
 c213/X
 c214/X
 c215/X
 c216/X
 c217/X
 c218/Y
 c219/X
 c220/X
 c221/Y
 c222/X
 c223/Y
 c224/X
 c225/Y
 c226/Y
 c227/X
 c228/Y
 c229/X
 c230/Q
 c230/Q_N
 c231/Y
 c232/X
 c233/Y
 c234/Y
 c235/Q
 c236/X
 c237/Q
 c238/X
 c239/X
 c240/Y
 c241/Y
 c242/X
 c243/X
 c244/X
 c245/Y
 c246/X
 c247/X
 c248/X
 c249/X
 c250/X
 c251/Y
 c252/X
 c253/X
 c254/X
 c255/X
 c256/Y
 c257/X
 c258/X
 c259/X
 c260/Y
 c261/X
 c262/X
 c263/X
 c264/Y
 c265/X
 c266/Y
 c267/Y
 c268/Y
 c269/Y
 c270/X
 c271/X
 c272/Y
 c273/Y
 c274/X
 c275/Y
 c276/Y
 c277/X
 c278/X
 c279/X
 c280/Y
 c281/X
 c282/Y
 c283/X
 c284/X
 c285/Y
 c286/Y
 c287/X
 c288/Y
 c289/X
 c290/X
 c291/Y
 c292/Y
 c293/Y
 c294/X
 c295/X
 c296/X
 c297/X
 c298/X
 c299/X
 c300/X
 c301/Y
 c302/X
 c303/X
 c304/X
 c305/X
 c306/Q
 c307/Y
 c308/X
 c309/Y
 c310/X
 c311/X
 c312/X
 c313/X
 c314/Y
 c315/X
 c316/Y
 c317/X
 c318/Y
 c319/Y
 c320/Y
 c321/X
 c322/Y
 c323/Y
 c324/X
 c325/Q
 c325/Q_N
 c326/X
 c327/X
 c328/X
 c329/X
 c330/Y
 c331/Y
 c332/Y
 c333/Y
 c334/X
 c335/Y
 c336/Y
 c337/X
 c338/X
 c339/Y
 c340/X
 c341/X
 c342/X
 c343/Q
 c344/Q
 c344/Q_N
 c345/X
 c346/X
 c347/X
 c348/X
 c349/X
 c350/X
 c351/X
 c352/Y
 c353/X
 c354/X
 c355/Y
 c356/X
 c357/Y
 c358/X
 c359/Y
 c360/Y
 c361/X
 c362/X
 c363/X
 c364/X
 c365/X
 c366/X
 c367/Y
 c368/X
 c369/X
 c370/X
 c371/X
 c372/X
 c373/X
 c374/X
 c375/Y
 c376/Q
 c376/Q_N
 c377/X
 c378/Y
 c379/Y
 c380/X
 c381/X
 c382/Y
 c383/X
 c384/X
 c385/Q
 c385/Q_N
 c386/X
 c387/Y
 c388/X
 c389/X
 c390/X
 c391/X
 c392/X
 c393/X
 c394/X
 c395/X
 c396/Y
 c397/X
 c398/X
 c399/X
 c400/X
 c401/X
 c402/X
 c403/Q
 c403/Q_N
 c404/Q
 c404/Q_N
 c405/Y
 c406/Y
 c407/X
 c408/X
 c409/Y
 c410/X
 c411/X
 c412/X
 c413/Y
 c414/X
 c415/X
 c416/X
 c417/X
 c418/Y
 c419/Y
 c420/Y
 c421/X
 c422/X
 c423/X
 c424/X
 c425/X
 c426/X
 c427/Y
 c428/X
 c429/Q
 c429/Q_N
 c430/Y
 c431/X
 c432/X
 c433/X
 c434/X
 c435/X
 c436/Y
 c437/Y
 c438/X
 c439/X
 c440/X
 c441/X
 c442/X
 c443/X
 c444/Y
 c445/Y
 c446/Y
 c447/X
 c448/X
 c449/X
 c450/Y
 c451/Y
 c452/X
 c453/Y
 c454/X
 c455/Y
 c456/X
 c457/X
 c458/X
 c459/Q
 c459/Q_N
 c460/X
 c461/X
 c462/Y
 c463/X
 c464/X
 c465/X
 c466/X
 c467/X
 c468/X
 c469/Q
 c469/Q_N
 c470/X
 c471/X
 c472/Q
 c472/Q_N
 c473/X
 c474/X
 c475/X
 c476/X
 c477/Y
 c478/Q
 c479/Q
 c480/X
 c481/X
 c482/X
 c483/X
 c484/X
 c485/Y
 c486/Y
 c487/X
 c488/Y
 c489/X
 c490/Y
 c491/Y
 c492/Y
 c493/Y
 c494/X
 c495/X
 c496/X
 c497/X
 c498/X
 c499/X
 c500/X
 c501/Y
 c502/X
 c503/X
 c504/X
 c505/X
 c526/X
 c527/X
 c528/X
 c529/Y
 c530/X
 c531/Y
 c532/Y
 c533/X
 c534/Y
 c535/X
 c536/Y
 c537/Y
 c538/X
 c539/X
 c540/X
 c541/Y
 c542/X
 c543/X
 c544/Y
 c545/X
 c546/Y
 c547/X
 c548/Y
 c549/Y
 c550/X
 c551/Y
 c552/Y
 c553/X
 c554/X
 c555/Y
 c556/Y
 c557/X
 c558/X
 c559/Y
 c560/X
 c561/X
 c562/X
 c563/X
 c564/X
 c565/Y
 c566/X
 c567/Q
 c567/Q_N
 c568/X
 c569/Y
 c570/X
 c571/X
 c572/X
 c573/Q
 c574/X
 c575/Y
 c576/X
 c577/Y
 c578/X
 c579/Q
 c579/Q_N
 c580/Q
 c580/Q_N
 c581/Q
 c581/Q_N
 c582/X
 c583/Y
 c584/X
 c585/Y
 c586/X
 c587/Y
 c588/X
 c589/X
 c590/X
 c591/Q
 c591/Q_N
 c592/X
 c593/X
 c594/Q
 c594/Q_N
 c595/X
 c596/Y
 c597/X
 c598/X
 c599/Q
 c599/Q_N
 c600/X
 c601/X
 c602/X
 c603/X
 c604/X
 c605/Y
 c606/X
 c607/X
 c608/Q
 c608/Q_N
 c609/Q
 c609/Q_N
 c610/X
 c611/X
 c612/X
 c613/Q
 c613/Q_N
 c614/Y
 c615/X
 c616/X
 c617/X
 c618/X
 c619/X
 c62/X
 c620/X
 c621/X
 c622/X
 c623/X
 c624/X
 c625/X
 c626/X
 c627/X
 c628/X
 c629/X
 c63/X
 c630/X
 c631/X
 c632/X
 c633/X
 c634/X
 c635/X
 c636/X
 c637/X
 c64/X
 c65/X
 c66/X
 c660/X
 c661/X
 c662/X
 c663/X
 c664/X
 c665/X
 c666/X
 c667/Y
 c668/X
 c669/Y
 c67/Y
 c670/Y
 c671/Y
 c672/Y
 c673/X
 c674/X
 c675/X
 c676/Y
 c677/X
 c678/X
 c679/Y
 c68/X
 c680/Y
 c681/X
 c682/X
 c683/X
 c684/X
 c685/Y
 c686/X
 c687/X
 c688/X
 c689/X
 c69/X
 c690/Q
 c691/X
 c692/X
 c693/X
 c694/X
 c695/X
 c696/X
 c697/X
 c698/Y
 c699/X
 c70/Y
 c700/X
 c701/X
 c702/X
 c703/X
 c704/X
 c705/X
 c706/X
 c707/X
 c708/X
 c709/X
 c71/Y
 c710/X
 c711/X
 c712/X
 c713/X
 c714/Y
 c715/X
 c716/X
 c717/X
 c718/X
 c719/X
 c72/Y
 c720/X
 c721/X
 c722/X
 c723/X
 c724/X
 c725/X
 c726/Y
 c727/Y
 c728/X
 c729/Q
 c729/Q_N
 c73/X
 c730/X
 c731/X
 c732/X
 c733/X
 c734/X
 c735/X
 c736/Y
 c737/X
 c738/Q
 c738/Q_N
 c739/Y
 c74/X
 c740/Y
 c741/X
 c742/X
 c743/X
 c744/X
 c745/X
 c746/X
 c747/X
 c748/X
 c749/X
 c75/X
 c750/X
 c751/X
 c752/X
 c753/X
 c754/X
 c755/X
 c756/X
 c757/X
 c758/X
 c759/X
 c76/X
 c760/X
 c761/X
 c762/X
 c763/X
 c764/X
 c765/X
 c766/X
 c767/X
 c768/X
 c769/X
 c77/X
 c78/X
 c79/X
 c80/Y
 c81/X
 c82/Y
 c83/Y
 c84/X
 c85/X
 c86/X
 c87/X
 c88/Y
 c89/X
 c90/Y
 c91/X
 c92/Y
 c93/X
 c94/X
 c95/X
 c96/X
 c97/Y
 c98/X
 c99/Y
 merge790/X
 merge791/X
 merge792/X
 merge793/X
 merge794/X
 merge795/X
 merge796/X
 merge797/X
 merge798/Y
 merge799/X
 merge800/X
 merge801/X
 merge802/X
 merge803/X
 merge804/X
 merge805/X
 merge806/X
 merge807/X
 merge808/X
 merge809/X
 merge810/X
 merge811/X
 merge812/X
 merge813/X
 merge814/X
 merge815/X
 merge816/X
 merge817/X
 merge818/X
 merge819/X
 merge820/Q
 merge820/Q_N
 merge821/Q
 merge821/Q_N
 merge822/Q
 merge823/Q
 merge824/X
 merge825/Q
 merge826/X
 merge827/Q
 merge828/Y
 merge829/Y
 merge830/Y
 merge831/Q
 merge831/Q_N
 merge832/Y
 merge833/X
 merge834/Y
 merge835/X
 merge836/Q
 merge836/Q_N
 merge837/Y
 merge838/Y
 merge839/Y
 merge840/Q
 merge841/Q
 merge842/Y
 merge843/X
 merge844/Y
 merge845/X
 merge846/Y
 merge847/Y
 merge848/X
 merge849/X
 merge850/Y
 merge851/X
 merge852/Y
 merge853/Q
 merge854/Y
 merge855/Y
 merge856/Q
 merge856/Q_N
 merge857/Q
 merge857/Q_N
 merge858/Y
 merge859/X
 merge860/X
 merge861/Q
 merge861/Q_N
 merge862/Y
 merge863/Y
 merge864/X
 merge865/Q
 merge865/Q_N
 merge866/Q
 merge867/Q
 merge868/X
 merge869/Y
 merge870/Y
 merge871/Q
 merge872/Y
 merge873/Q
 merge874/Q
 merge875/Q
 merge876/Q
 merge876/Q_N
 merge877/X
 merge878/Q
 merge879/X
 merge880/GCLK
 merge881/GCLK
 merge882/GCLK
 merge883/Q
 merge883/Q_N
 merge884/Q
 merge884/Q_N
 merge885/Q
 merge886/Q
 merge887/Q
 merge888/Q
 merge889/Q
 merge889/Q_N
 merge890/X
 merge891/Q
 merge891/Q_N
 merge892/Q
 merge893/Q
 merge894/Q
 merge895/Q
 merge895/Q_N
 merge896/Q
 merge896/Q_N
 merge897/Q
 merge897/Q_N
 merge898/Q
 merge898/Q_N
 merge899/Q
 merge900/Q
 merge901/Q
 merge902/Q
 merge903/Q
 merge904/Q
 merge905/Q
 merge905/Q_N
 merge906/Q
 merge907/GCLK
 merge908/GCLK
 merge909/GCLK
 merge910/Q
 merge910/Q_N
 merge911/Q
 merge911/Q_N
 merge912/Q
 merge913/Q
 merge914/Q
 merge915/Q
 merge916/Q
 merge916/Q_N
 s917/Q
 s917/Q_N
 s918/Q
 s918/Q_N
 s919/Q
 s920/Q
 s921/Q
 s922/GCLK
 s923/GCLK
 s924/GCLK
 s925/Q
 s925/Q_N
 s926/Q
 s926/Q_N
 s927/Q
 s927/Q_N
 s928/Q
 s929/Q
 s930/Q
 s931/Q
 s932/Q
 s933/Q
 s933/Q_N
 s934/Q
 s934/Q_N
 s935/Q
 s936/Q
 s937/Q
 s938/GCLK
 s939/GCLK
 s940/GCLK
 s941/Q
 s941/Q_N
 s942/Q
 s942/Q_N
 s943/Q
 s943/Q_N
 s944/Q
 s945/Q
 s946/Q
 s947/Q
Found 0 partially unannotated drivers.

===========================================================================
max slew violation count 6
max fanout violation count 16
max cap violation count 0
============================================================================

===========================================================================
check_setup -verbose -unconstrained_endpoints -multiple_clock -no_clock -no_input_delay -loops -generated_clocks
===========================================================================
Warning: There are 9 unconstrained endpoints.
  out14
  out23
  out25
  out27
  out33
  out48
  out52
  out58
  merge827/D
