
===========================================================================
report_checks -unconstrained
===========================================================================
======================= nom_tt_025C_1v80 Corner ===================================

Startpoint: in20 (input port clocked by clk)
Endpoint: merge807 (recovery check against falling-edge clock clk)
Path Group: asynchronous
Path Type: max

Fanout         Cap        Slew       Delay        Time   Description
---------------------------------------------------------------------------------------------
                                  0.000000    0.000000   clock clk (rise edge)
                                  0.000000    0.000000   clock network delay (propagated)
                                  1.600000    1.600000 ^ input external delay
     8    0.062387    0.283397    0.193858    1.793858 ^ in20 (in)
                                                         in20 (net)
                      0.283407    0.000000    1.793858 ^ c132/B_N (sky130_fd_sc_hd__nor2b_4)
    10    0.098406    0.595835    0.587355    2.381213 ^ c132/Y (sky130_fd_sc_hd__nor2b_4)
                                                         out10 (net)
                      0.595886    0.004701    2.385914 ^ c134/B (sky130_fd_sc_hd__nand2_1)
     8    0.044079    0.349884    0.422044    2.807958 v c134/Y (sky130_fd_sc_hd__nand2_1)
                                                         net64 (net)
                      0.349884    0.000114    2.808072 v c140/A (sky130_fd_sc_hd__nor3b_1)
    10    0.072421    2.140158    1.747337    4.555409 ^ c140/Y (sky130_fd_sc_hd__nor3b_1)
                                                         net70 (net)
                      2.140158    0.000223    4.555632 ^ c143/S1 (sky130_fd_sc_hd__mux4_1)
     5    0.019061    0.169636    0.574516    5.130147 v c143/X (sky130_fd_sc_hd__mux4_1)
                                                         net73 (net)
                      0.169636    0.000096    5.130243 v c149/B1 (sky130_fd_sc_hd__o221a_2)
     3    0.006913    0.052875    0.304590    5.434834 v c149/X (sky130_fd_sc_hd__o221a_2)
                                                         net79 (net)
                      0.052875    0.000019    5.434852 v c150/A (sky130_fd_sc_hd__or3b_1)
     2    0.009266    0.101058    0.419075    5.853927 v c150/X (sky130_fd_sc_hd__or3b_1)
                                                         net80 (net)
                      0.101058    0.000080    5.854007 v c152/B (sky130_fd_sc_hd__or3b_1)
     2    0.010661    0.110783    0.419407    6.273414 v c152/X (sky130_fd_sc_hd__or3b_1)
                                                         net82 (net)
                      0.110783    0.000032    6.273446 v c264/A (sky130_fd_sc_hd__nand3_4)
    24    0.120456    0.386263    0.296696    6.570142 ^ c264/Y (sky130_fd_sc_hd__nand3_4)
                                                         net183 (net)
                      0.386270    0.001398    6.571539 ^ c273/C (sky130_fd_sc_hd__and3b_1)
     8    0.042944    0.416564    0.483826    7.055366 ^ c273/X (sky130_fd_sc_hd__and3b_1)
                                                         net192 (net)
                      0.416653    0.001473    7.056839 ^ c281/B (sky130_fd_sc_hd__nand2_2)
     8    0.027966    0.157875    0.202270    7.259108 v c281/Y (sky130_fd_sc_hd__nand2_2)
                                                         net199 (net)
                      0.157875    0.000510    7.259618 v c282/A0 (sky130_fd_sc_hd__mux4_2)
     8    0.049917    0.193967    0.654234    7.913853 v c282/X (sky130_fd_sc_hd__mux4_2)
                                                         net200 (net)
                      0.193967    0.000187    7.914040 v c284/A1 (sky130_fd_sc_hd__o221ai_1)
     2    0.013721    0.365707    0.390287    8.304327 ^ c284/Y (sky130_fd_sc_hd__o221ai_1)
                                                         net202 (net)
                      0.365707    0.000182    8.304509 ^ c397/A (sky130_fd_sc_hd__nor3b_4)
     4    0.015843    0.092681    0.107574    8.412084 v c397/Y (sky130_fd_sc_hd__nor3b_4)
                                                         net285 (net)
                      0.092681    0.000104    8.412188 v c400/C (sky130_fd_sc_hd__nand3_1)
    11    0.056316    0.581931    0.436485    8.848672 ^ c400/Y (sky130_fd_sc_hd__nand3_1)
                                                         net288 (net)
                      0.581934    0.001144    8.849816 ^ c401/C1 (sky130_fd_sc_hd__o211ai_1)
     6    0.029234    0.362209    0.426883    9.276699 v c401/Y (sky130_fd_sc_hd__o211ai_1)
                                                         net289 (net)
                      0.362209    0.000766    9.277465 v c408/B2 (sky130_fd_sc_hd__o221ai_1)
     9    0.040748    0.902304    0.826056   10.103521 ^ c408/Y (sky130_fd_sc_hd__o221ai_1)
                                                         net296 (net)
                      0.902304    0.000146   10.103666 ^ c409/A2 (sky130_fd_sc_hd__mux4_1)
     9    0.059351    0.558944    0.771682   10.875349 ^ c409/X (sky130_fd_sc_hd__mux4_1)
                                                         net297 (net)
                      0.558944    0.000981   10.876329 ^ c532/B (sky130_fd_sc_hd__nand3b_4)
     7    0.027403    0.166148    0.205219   11.081549 v c532/Y (sky130_fd_sc_hd__nand3b_4)
                                                         net397 (net)
                      0.166217    0.001035   11.082583 v merge776/A1 (sky130_fd_sc_hd__o211ai_1)
     1    0.002878    0.156846    0.212808   11.295392 ^ merge776/Y (sky130_fd_sc_hd__o211ai_1)
                                                         net638 (net)
                      0.156846    0.000010   11.295402 ^ merge807/RESET_B (sky130_fd_sc_hd__dlrtp_2)
                                             11.295402   data arrival time

                                  4.000000    4.000000   clock clk (fall edge)
                                  0.000000    4.000000   clock source latency
   145    0.288931    0.614199    0.468000    4.468000 v clk (in)
                                                         clk (net)
                      0.614199    0.000000    4.468000 v merge807/GATE (sky130_fd_sc_hd__dlrtp_2)
                                 -0.250000    4.218000   clock uncertainty
                                  0.000000    4.218000   clock reconvergence pessimism
                                  0.188362    4.406362   library recovery time
                                              4.406362   data required time
---------------------------------------------------------------------------------------------
                                              4.406362   data required time
                                            -11.295402   data arrival time
---------------------------------------------------------------------------------------------
                                             -6.889040   slack (VIOLATED)


Startpoint: s885 (negative level-sensitive latch clocked by clk)
Endpoint: c696 (rising edge-triggered flip-flop clocked by clk')
Path Group: clk
Path Type: max

Fanout         Cap        Slew       Delay        Time   Description
---------------------------------------------------------------------------------------------
                                  4.000000    4.000000   clock clk (fall edge)
                                  0.000000    4.000000   clock source latency
   145    0.288931    0.614199    0.468000    4.468000 v clk (in)
                                                         clk (net)
                      0.614199    0.000000    4.468000 v s885/GATE_N (sky130_fd_sc_hd__dlxbn_2)
                                  4.244740    8.712741   time given to startpoint
                      0.061556    0.000000    8.712741 ^ s885/D (sky130_fd_sc_hd__dlxbn_2)
     1    0.002895    0.032946    0.347304    9.060045 ^ s885/Q (sky130_fd_sc_hd__dlxbn_2)
                                                         net768 (net)
                      0.032946    0.000020    9.060066 ^ c660/A (sky130_fd_sc_hd__clkbuf_1)
     9    0.046490    0.539562    0.420908    9.480973 ^ c660/X (sky130_fd_sc_hd__clkbuf_1)
                                                         net512 (net)
                      0.539562    0.000157    9.481131 ^ c668/B (sky130_fd_sc_hd__nand2b_4)
     7    0.033416    0.137570    0.167349    9.648479 v c668/Y (sky130_fd_sc_hd__nand2b_4)
                                                         net520 (net)
                      0.137570    0.000433    9.648912 v c670/B (sky130_fd_sc_hd__nor2_1)
     7    0.025767    0.461493    0.398117   10.047029 ^ c670/Y (sky130_fd_sc_hd__nor2_1)
                                                         net522 (net)
                      0.461493    0.000063   10.047092 ^ c671/A1 (sky130_fd_sc_hd__mux4_1)
     7    0.031069    0.304305    0.520728   10.567821 ^ c671/X (sky130_fd_sc_hd__mux4_1)
                                                         net523 (net)
                      0.304305    0.000057   10.567878 ^ c673/B (sky130_fd_sc_hd__nand3b_2)
     1    0.002590    0.069819    0.101471   10.669349 v c673/Y (sky130_fd_sc_hd__nand3b_2)
                                                         net525 (net)
                      0.069819    0.000009   10.669357 v c678/A1 (sky130_fd_sc_hd__o211a_2)
     3    0.010177    0.059083    0.289739   10.959096 v c678/X (sky130_fd_sc_hd__o211a_2)
                                                         net530 (net)
                      0.059083    0.000039   10.959135 v c680/B2 (sky130_fd_sc_hd__o221a_4)
     2    0.006116    0.044784    0.218814   11.177950 v c680/X (sky130_fd_sc_hd__o221a_4)
                                                         net532 (net)
                      0.044784    0.000046   11.177996 v c690/S1 (sky130_fd_sc_hd__mux4_4)
     3    0.010007    0.081639    0.290409   11.468405 ^ c690/X (sky130_fd_sc_hd__mux4_4)
                                                         net542 (net)
                      0.081639    0.000000   11.468405 ^ c696/SET_B (sky130_fd_sc_hd__sdfbbp_1)
                                             11.468405   data arrival time

                                  0.000000    0.000000   clock clk' (rise edge)
                                  0.000000    0.000000   clock source latency
   145    0.288931    0.614199    0.468000    4.468000 v clk (in)
                                                         clk (net)
                      0.614199    0.000000    4.468000 v s883/CLK (sky130_fd_sc_hd__dlclkp_4)
     2    0.005246    0.044501    0.415193    4.883193 v s883/GCLK (sky130_fd_sc_hd__dlclkp_4)
                                                         net764 (net)
                      0.044501    0.000000    4.883193 v c561/A (sky130_fd_sc_hd__clkbuf_8)
     2    0.003648    0.024712    0.123967    5.007160 v c561/X (sky130_fd_sc_hd__clkbuf_8)
                                                         net426 (net)
                      0.024712    0.000000    5.007160 v c683/A2 (sky130_fd_sc_hd__o221ai_1)
     3    0.008208    0.126502    0.234998    5.242157 ^ c683/Y (sky130_fd_sc_hd__o221ai_1)
                                                         net535 (net)
                      0.126502    0.000000    5.242157 ^ c694/A2 (sky130_fd_sc_hd__mux4_1)
     2    0.003527    0.062069    0.243590    5.485747 ^ c694/X (sky130_fd_sc_hd__mux4_1)
                                                         net546 (net)
                      0.062069    0.000000    5.485747 ^ c696/RESET_B (sky130_fd_sc_hd__sdfbbp_1)
                                 -0.250000    1.235747   clock uncertainty
                                  0.000000    1.235747   clock reconvergence pessimism
                                 -0.153021    1.082726   library non-sequential setup time
                                              1.082726   data required time
---------------------------------------------------------------------------------------------
                                              1.082726   data required time
                                            -11.468405   data arrival time
---------------------------------------------------------------------------------------------
                                            -10.385678   slack (VIOLATED)




===========================================================================
report_checks --slack_max -0.01
============================================================================
======================= nom_tt_025C_1v80 Corner ===================================

Startpoint: in20 (input port clocked by clk)
Endpoint: merge807 (recovery check against falling-edge clock clk)
Path Group: asynchronous
Path Type: max

Fanout         Cap        Slew       Delay        Time   Description
---------------------------------------------------------------------------------------------
                                  0.000000    0.000000   clock clk (rise edge)
                                  0.000000    0.000000   clock network delay (propagated)
                                  1.600000    1.600000 ^ input external delay
     8    0.062387    0.283397    0.193858    1.793858 ^ in20 (in)
                                                         in20 (net)
                      0.283407    0.000000    1.793858 ^ c132/B_N (sky130_fd_sc_hd__nor2b_4)
    10    0.098406    0.595835    0.587355    2.381213 ^ c132/Y (sky130_fd_sc_hd__nor2b_4)
                                                         out10 (net)
                      0.595886    0.004701    2.385914 ^ c134/B (sky130_fd_sc_hd__nand2_1)
     8    0.044079    0.349884    0.422044    2.807958 v c134/Y (sky130_fd_sc_hd__nand2_1)
                                                         net64 (net)
                      0.349884    0.000114    2.808072 v c140/A (sky130_fd_sc_hd__nor3b_1)
    10    0.072421    2.140158    1.747337    4.555409 ^ c140/Y (sky130_fd_sc_hd__nor3b_1)
                                                         net70 (net)
                      2.140158    0.000223    4.555632 ^ c143/S1 (sky130_fd_sc_hd__mux4_1)
     5    0.019061    0.169636    0.574516    5.130147 v c143/X (sky130_fd_sc_hd__mux4_1)
                                                         net73 (net)
                      0.169636    0.000096    5.130243 v c149/B1 (sky130_fd_sc_hd__o221a_2)
     3    0.006913    0.052875    0.304590    5.434834 v c149/X (sky130_fd_sc_hd__o221a_2)
                                                         net79 (net)
                      0.052875    0.000019    5.434852 v c150/A (sky130_fd_sc_hd__or3b_1)
     2    0.009266    0.101058    0.419075    5.853927 v c150/X (sky130_fd_sc_hd__or3b_1)
                                                         net80 (net)
                      0.101058    0.000080    5.854007 v c152/B (sky130_fd_sc_hd__or3b_1)
     2    0.010661    0.110783    0.419407    6.273414 v c152/X (sky130_fd_sc_hd__or3b_1)
                                                         net82 (net)
                      0.110783    0.000032    6.273446 v c264/A (sky130_fd_sc_hd__nand3_4)
    24    0.120456    0.386263    0.296696    6.570142 ^ c264/Y (sky130_fd_sc_hd__nand3_4)
                                                         net183 (net)
                      0.386270    0.001398    6.571539 ^ c273/C (sky130_fd_sc_hd__and3b_1)
     8    0.042944    0.416564    0.483826    7.055366 ^ c273/X (sky130_fd_sc_hd__and3b_1)
                                                         net192 (net)
                      0.416653    0.001473    7.056839 ^ c281/B (sky130_fd_sc_hd__nand2_2)
     8    0.027966    0.157875    0.202270    7.259108 v c281/Y (sky130_fd_sc_hd__nand2_2)
                                                         net199 (net)
                      0.157875    0.000510    7.259618 v c282/A0 (sky130_fd_sc_hd__mux4_2)
     8    0.049917    0.193967    0.654234    7.913853 v c282/X (sky130_fd_sc_hd__mux4_2)
                                                         net200 (net)
                      0.193967    0.000187    7.914040 v c284/A1 (sky130_fd_sc_hd__o221ai_1)
     2    0.013721    0.365707    0.390287    8.304327 ^ c284/Y (sky130_fd_sc_hd__o221ai_1)
                                                         net202 (net)
                      0.365707    0.000182    8.304509 ^ c397/A (sky130_fd_sc_hd__nor3b_4)
     4    0.015843    0.092681    0.107574    8.412084 v c397/Y (sky130_fd_sc_hd__nor3b_4)
                                                         net285 (net)
                      0.092681    0.000104    8.412188 v c400/C (sky130_fd_sc_hd__nand3_1)
    11    0.056316    0.581931    0.436485    8.848672 ^ c400/Y (sky130_fd_sc_hd__nand3_1)
                                                         net288 (net)
                      0.581934    0.001144    8.849816 ^ c401/C1 (sky130_fd_sc_hd__o211ai_1)
     6    0.029234    0.362209    0.426883    9.276699 v c401/Y (sky130_fd_sc_hd__o211ai_1)
                                                         net289 (net)
                      0.362209    0.000766    9.277465 v c408/B2 (sky130_fd_sc_hd__o221ai_1)
     9    0.040748    0.902304    0.826056   10.103521 ^ c408/Y (sky130_fd_sc_hd__o221ai_1)
                                                         net296 (net)
                      0.902304    0.000146   10.103666 ^ c409/A2 (sky130_fd_sc_hd__mux4_1)
     9    0.059351    0.558944    0.771682   10.875349 ^ c409/X (sky130_fd_sc_hd__mux4_1)
                                                         net297 (net)
                      0.558944    0.000981   10.876329 ^ c532/B (sky130_fd_sc_hd__nand3b_4)
     7    0.027403    0.166148    0.205219   11.081549 v c532/Y (sky130_fd_sc_hd__nand3b_4)
                                                         net397 (net)
                      0.166217    0.001035   11.082583 v merge776/A1 (sky130_fd_sc_hd__o211ai_1)
     1    0.002878    0.156846    0.212808   11.295392 ^ merge776/Y (sky130_fd_sc_hd__o211ai_1)
                                                         net638 (net)
                      0.156846    0.000010   11.295402 ^ merge807/RESET_B (sky130_fd_sc_hd__dlrtp_2)
                                             11.295402   data arrival time

                                  4.000000    4.000000   clock clk (fall edge)
                                  0.000000    4.000000   clock source latency
   145    0.288931    0.614199    0.468000    4.468000 v clk (in)
                                                         clk (net)
                      0.614199    0.000000    4.468000 v merge807/GATE (sky130_fd_sc_hd__dlrtp_2)
                                 -0.250000    4.218000   clock uncertainty
                                  0.000000    4.218000   clock reconvergence pessimism
                                  0.188362    4.406362   library recovery time
                                              4.406362   data required time
---------------------------------------------------------------------------------------------
                                              4.406362   data required time
                                            -11.295402   data arrival time
---------------------------------------------------------------------------------------------
                                             -6.889040   slack (VIOLATED)


Startpoint: s885 (negative level-sensitive latch clocked by clk)
Endpoint: c696 (rising edge-triggered flip-flop clocked by clk')
Path Group: clk
Path Type: max

Fanout         Cap        Slew       Delay        Time   Description
---------------------------------------------------------------------------------------------
                                  4.000000    4.000000   clock clk (fall edge)
                                  0.000000    4.000000   clock source latency
   145    0.288931    0.614199    0.468000    4.468000 v clk (in)
                                                         clk (net)
                      0.614199    0.000000    4.468000 v s885/GATE_N (sky130_fd_sc_hd__dlxbn_2)
                                  4.244740    8.712741   time given to startpoint
                      0.061556    0.000000    8.712741 ^ s885/D (sky130_fd_sc_hd__dlxbn_2)
     1    0.002895    0.032946    0.347304    9.060045 ^ s885/Q (sky130_fd_sc_hd__dlxbn_2)
                                                         net768 (net)
                      0.032946    0.000020    9.060066 ^ c660/A (sky130_fd_sc_hd__clkbuf_1)
     9    0.046490    0.539562    0.420908    9.480973 ^ c660/X (sky130_fd_sc_hd__clkbuf_1)
                                                         net512 (net)
                      0.539562    0.000157    9.481131 ^ c668/B (sky130_fd_sc_hd__nand2b_4)
     7    0.033416    0.137570    0.167349    9.648479 v c668/Y (sky130_fd_sc_hd__nand2b_4)
                                                         net520 (net)
                      0.137570    0.000433    9.648912 v c670/B (sky130_fd_sc_hd__nor2_1)
     7    0.025767    0.461493    0.398117   10.047029 ^ c670/Y (sky130_fd_sc_hd__nor2_1)
                                                         net522 (net)
                      0.461493    0.000063   10.047092 ^ c671/A1 (sky130_fd_sc_hd__mux4_1)
     7    0.031069    0.304305    0.520728   10.567821 ^ c671/X (sky130_fd_sc_hd__mux4_1)
                                                         net523 (net)
                      0.304305    0.000057   10.567878 ^ c673/B (sky130_fd_sc_hd__nand3b_2)
     1    0.002590    0.069819    0.101471   10.669349 v c673/Y (sky130_fd_sc_hd__nand3b_2)
                                                         net525 (net)
                      0.069819    0.000009   10.669357 v c678/A1 (sky130_fd_sc_hd__o211a_2)
     3    0.010177    0.059083    0.289739   10.959096 v c678/X (sky130_fd_sc_hd__o211a_2)
                                                         net530 (net)
                      0.059083    0.000039   10.959135 v c680/B2 (sky130_fd_sc_hd__o221a_4)
     2    0.006116    0.044784    0.218814   11.177950 v c680/X (sky130_fd_sc_hd__o221a_4)
                                                         net532 (net)
                      0.044784    0.000046   11.177996 v c690/S1 (sky130_fd_sc_hd__mux4_4)
     3    0.010007    0.081639    0.290409   11.468405 ^ c690/X (sky130_fd_sc_hd__mux4_4)
                                                         net542 (net)
                      0.081639    0.000000   11.468405 ^ c696/SET_B (sky130_fd_sc_hd__sdfbbp_1)
                                             11.468405   data arrival time

                                  0.000000    0.000000   clock clk' (rise edge)
                                  0.000000    0.000000   clock source latency
   145    0.288931    0.614199    0.468000    4.468000 v clk (in)
                                                         clk (net)
                      0.614199    0.000000    4.468000 v s883/CLK (sky130_fd_sc_hd__dlclkp_4)
     2    0.005246    0.044501    0.415193    4.883193 v s883/GCLK (sky130_fd_sc_hd__dlclkp_4)
                                                         net764 (net)
                      0.044501    0.000000    4.883193 v c561/A (sky130_fd_sc_hd__clkbuf_8)
     2    0.003648    0.024712    0.123967    5.007160 v c561/X (sky130_fd_sc_hd__clkbuf_8)
                                                         net426 (net)
                      0.024712    0.000000    5.007160 v c683/A2 (sky130_fd_sc_hd__o221ai_1)
     3    0.008208    0.126502    0.234998    5.242157 ^ c683/Y (sky130_fd_sc_hd__o221ai_1)
                                                         net535 (net)
                      0.126502    0.000000    5.242157 ^ c694/A2 (sky130_fd_sc_hd__mux4_1)
     2    0.003527    0.062069    0.243590    5.485747 ^ c694/X (sky130_fd_sc_hd__mux4_1)
                                                         net546 (net)
                      0.062069    0.000000    5.485747 ^ c696/RESET_B (sky130_fd_sc_hd__sdfbbp_1)
                                 -0.250000    1.235747   clock uncertainty
                                  0.000000    1.235747   clock reconvergence pessimism
                                 -0.153021    1.082726   library non-sequential setup time
                                              1.082726   data required time
---------------------------------------------------------------------------------------------
                                              1.082726   data required time
                                            -11.468405   data arrival time
---------------------------------------------------------------------------------------------
                                            -10.385678   slack (VIOLATED)




===========================================================================
 report_check_types -max_slew -max_cap -max_fanout -violators
============================================================================
======================= nom_tt_025C_1v80 Corner ===================================

max slew

Pin                                        Limit        Slew       Slack
------------------------------------------------------------------------
c761/A1                                 0.750000    2.140180   -1.390180 (VIOLATED)
c708/B1                                 0.750000    2.140178   -1.390179 (VIOLATED)
c685/B1                                 0.750000    2.140171   -1.390171 (VIOLATED)
c666/C_N                                0.750000    2.140169   -1.390169 (VIOLATED)
c364/B1                                 0.750000    2.140163   -1.390163 (VIOLATED)
c222/B                                  0.750000    2.140162   -1.390162 (VIOLATED)
c140/Y                                  0.750000    2.140158   -1.390158 (VIOLATED)
c142/B                                  0.750000    2.140158   -1.390158 (VIOLATED)
c143/S1                                 0.750000    2.140158   -1.390158 (VIOLATED)
c147/A                                  0.750000    2.140158   -1.390158 (VIOLATED)
c178/C                                  0.750000    2.140158   -1.390158 (VIOLATED)
clk                                     0.750000    1.418525   -0.668525 (VIOLATED)
c213/CLK_N                              0.750000    1.418525   -0.668525 (VIOLATED)
c248/CLK_N                              0.750000    1.418525   -0.668525 (VIOLATED)
c260/CLK                                0.750000    1.418525   -0.668525 (VIOLATED)
c318/CLK_N                              0.750000    1.418525   -0.668525 (VIOLATED)
c321/CLK                                0.750000    1.418525   -0.668525 (VIOLATED)
c332/CLK                                0.750000    1.418525   -0.668525 (VIOLATED)
c369/CLK_N                              0.750000    1.418525   -0.668525 (VIOLATED)
c432/CLK                                0.750000    1.418525   -0.668525 (VIOLATED)
c449/CLK_N                              0.750000    1.418525   -0.668525 (VIOLATED)
c450/CLK_N                              0.750000    1.418525   -0.668525 (VIOLATED)
c498/CLK                                0.750000    1.418525   -0.668525 (VIOLATED)
c499/CLK_N                              0.750000    1.418525   -0.668525 (VIOLATED)
c502/CLK_N                              0.750000    1.418525   -0.668525 (VIOLATED)
c549/CLK_N                              0.750000    1.418525   -0.668525 (VIOLATED)
c568/CLK                                0.750000    1.418525   -0.668525 (VIOLATED)
c570/CLK_N                              0.750000    1.418525   -0.668525 (VIOLATED)
c580/CLK_N                              0.750000    1.418525   -0.668525 (VIOLATED)
c583/CLK                                0.750000    1.418525   -0.668525 (VIOLATED)
c593/CLK_N                              0.750000    1.418525   -0.668525 (VIOLATED)
c594/CLK_N                              0.750000    1.418525   -0.668525 (VIOLATED)
c596/CLK                                0.750000    1.418525   -0.668525 (VIOLATED)
c597/CLK                                0.750000    1.418525   -0.668525 (VIOLATED)
c598/CLK                                0.750000    1.418525   -0.668525 (VIOLATED)
c599/CLK                                0.750000    1.418525   -0.668525 (VIOLATED)
c600/CLK_N                              0.750000    1.418525   -0.668525 (VIOLATED)
c601/CLK                                0.750000    1.418525   -0.668525 (VIOLATED)
c604/CLK                                0.750000    1.418525   -0.668525 (VIOLATED)
c605/CLK_N                              0.750000    1.418525   -0.668525 (VIOLATED)
c689/CLK                                0.750000    1.418525   -0.668525 (VIOLATED)
c696/CLK                                0.750000    1.418525   -0.668525 (VIOLATED)
c705/CLK_N                              0.750000    1.418525   -0.668525 (VIOLATED)
c710/CLK_N                              0.750000    1.418525   -0.668525 (VIOLATED)
c718/CLK                                0.750000    1.418525   -0.668525 (VIOLATED)
c719/CLK                                0.750000    1.418525   -0.668525 (VIOLATED)
c724/CLK                                0.750000    1.418525   -0.668525 (VIOLATED)
c725/CLK_N                              0.750000    1.418525   -0.668525 (VIOLATED)
c729/CLK_N                              0.750000    1.418525   -0.668525 (VIOLATED)
c732/CLK                                0.750000    1.418525   -0.668525 (VIOLATED)
c737/CLK_N                              0.750000    1.418525   -0.668525 (VIOLATED)
merge768/CLK_N                          0.750000    1.418525   -0.668525 (VIOLATED)
merge772/CLK                            0.750000    1.418525   -0.668525 (VIOLATED)
merge773/CLK                            0.750000    1.418525   -0.668525 (VIOLATED)
merge774/CLK                            0.750000    1.418525   -0.668525 (VIOLATED)
merge775/CLK_N                          0.750000    1.418525   -0.668525 (VIOLATED)
merge782/CLK_N                          0.750000    1.418525   -0.668525 (VIOLATED)
merge783/CLK                            0.750000    1.418525   -0.668525 (VIOLATED)
merge784/CLK                            0.750000    1.418525   -0.668525 (VIOLATED)
merge788/CLK                            0.750000    1.418525   -0.668525 (VIOLATED)
merge789/CLK                            0.750000    1.418525   -0.668525 (VIOLATED)
merge790/CLK_N                          0.750000    1.418525   -0.668525 (VIOLATED)
merge791/CLK                            0.750000    1.418525   -0.668525 (VIOLATED)
merge792/CLK                            0.750000    1.418525   -0.668525 (VIOLATED)
merge793/CLK                            0.750000    1.418525   -0.668525 (VIOLATED)
merge794/CLK                            0.750000    1.418525   -0.668525 (VIOLATED)
merge795/CLK                            0.750000    1.418525   -0.668525 (VIOLATED)
merge796/CLK                            0.750000    1.418525   -0.668525 (VIOLATED)
merge797/CLK                            0.750000    1.418525   -0.668525 (VIOLATED)
merge798/CLK                            0.750000    1.418525   -0.668525 (VIOLATED)
merge799/GATE_N                         0.750000    1.418525   -0.668525 (VIOLATED)
merge800/GATE_N                         0.750000    1.418525   -0.668525 (VIOLATED)
merge801/GATE                           0.750000    1.418525   -0.668525 (VIOLATED)
merge802/GATE                           0.750000    1.418525   -0.668525 (VIOLATED)
merge803/GATE_N                         0.750000    1.418525   -0.668525 (VIOLATED)
merge804/GATE_N                         0.750000    1.418525   -0.668525 (VIOLATED)
merge805/GATE_N                         0.750000    1.418525   -0.668525 (VIOLATED)
merge806/GATE                           0.750000    1.418525   -0.668525 (VIOLATED)
merge807/GATE                           0.750000    1.418525   -0.668525 (VIOLATED)
merge808/GATE                           0.750000    1.418525   -0.668525 (VIOLATED)
merge809/CLK                            0.750000    1.418525   -0.668525 (VIOLATED)
merge810/CLK                            0.750000    1.418525   -0.668525 (VIOLATED)
merge811/CLK                            0.750000    1.418525   -0.668525 (VIOLATED)
s812/CLK                                0.750000    1.418525   -0.668525 (VIOLATED)
s813/CLK                                0.750000    1.418525   -0.668525 (VIOLATED)
s814/CLK                                0.750000    1.418525   -0.668525 (VIOLATED)
s815/CLK                                0.750000    1.418525   -0.668525 (VIOLATED)
s816/CLK                                0.750000    1.418525   -0.668525 (VIOLATED)
s817/CLK                                0.750000    1.418525   -0.668525 (VIOLATED)
s818/CLK                                0.750000    1.418525   -0.668525 (VIOLATED)
s819/CLK                                0.750000    1.418525   -0.668525 (VIOLATED)
s820/GATE_N                             0.750000    1.418525   -0.668525 (VIOLATED)
s821/GATE_N                             0.750000    1.418525   -0.668525 (VIOLATED)
s822/GATE                               0.750000    1.418525   -0.668525 (VIOLATED)
s823/GATE_N                             0.750000    1.418525   -0.668525 (VIOLATED)
s824/GATE_N                             0.750000    1.418525   -0.668525 (VIOLATED)
s825/GATE_N                             0.750000    1.418525   -0.668525 (VIOLATED)
s826/GATE                               0.750000    1.418525   -0.668525 (VIOLATED)
s827/SLEEP_B                            0.750000    1.418525   -0.668525 (VIOLATED)
s828/CLK                                0.750000    1.418525   -0.668525 (VIOLATED)
s829/CLK                                0.750000    1.418525   -0.668525 (VIOLATED)
s830/CLK                                0.750000    1.418525   -0.668525 (VIOLATED)
s831/CLK                                0.750000    1.418525   -0.668525 (VIOLATED)
s832/CLK                                0.750000    1.418525   -0.668525 (VIOLATED)
s833/CLK                                0.750000    1.418525   -0.668525 (VIOLATED)
s834/CLK                                0.750000    1.418525   -0.668525 (VIOLATED)
s835/CLK                                0.750000    1.418525   -0.668525 (VIOLATED)
s836/GATE_N                             0.750000    1.418525   -0.668525 (VIOLATED)
s837/GATE_N                             0.750000    1.418525   -0.668525 (VIOLATED)
s838/GATE                               0.750000    1.418525   -0.668525 (VIOLATED)
s839/GATE_N                             0.750000    1.418525   -0.668525 (VIOLATED)
s840/GATE_N                             0.750000    1.418525   -0.668525 (VIOLATED)
s841/GATE_N                             0.750000    1.418525   -0.668525 (VIOLATED)
s842/GATE                               0.750000    1.418525   -0.668525 (VIOLATED)
s843/SLEEP_B                            0.750000    1.418525   -0.668525 (VIOLATED)
s844/CLK                                0.750000    1.418525   -0.668525 (VIOLATED)
s845/CLK                                0.750000    1.418525   -0.668525 (VIOLATED)
s846/CLK                                0.750000    1.418525   -0.668525 (VIOLATED)
s847/CLK                                0.750000    1.418525   -0.668525 (VIOLATED)
s848/CLK                                0.750000    1.418525   -0.668525 (VIOLATED)
s849/CLK                                0.750000    1.418525   -0.668525 (VIOLATED)
s850/CLK                                0.750000    1.418525   -0.668525 (VIOLATED)
s851/CLK                                0.750000    1.418525   -0.668525 (VIOLATED)
s852/GATE_N                             0.750000    1.418525   -0.668525 (VIOLATED)
s853/GATE_N                             0.750000    1.418525   -0.668525 (VIOLATED)
s854/GATE                               0.750000    1.418525   -0.668525 (VIOLATED)
s855/GATE_N                             0.750000    1.418525   -0.668525 (VIOLATED)
s856/GATE_N                             0.750000    1.418525   -0.668525 (VIOLATED)
s857/GATE_N                             0.750000    1.418525   -0.668525 (VIOLATED)
s858/GATE                               0.750000    1.418525   -0.668525 (VIOLATED)
s859/SLEEP_B                            0.750000    1.418525   -0.668525 (VIOLATED)
s860/CLK                                0.750000    1.418525   -0.668525 (VIOLATED)
s861/CLK                                0.750000    1.418525   -0.668525 (VIOLATED)
s862/CLK                                0.750000    1.418525   -0.668525 (VIOLATED)
s863/CLK                                0.750000    1.418525   -0.668525 (VIOLATED)
s864/CLK                                0.750000    1.418525   -0.668525 (VIOLATED)
s865/CLK                                0.750000    1.418525   -0.668525 (VIOLATED)
s866/CLK                                0.750000    1.418525   -0.668525 (VIOLATED)
s867/CLK                                0.750000    1.418525   -0.668525 (VIOLATED)
s868/GATE_N                             0.750000    1.418525   -0.668525 (VIOLATED)
s869/GATE_N                             0.750000    1.418525   -0.668525 (VIOLATED)
s870/GATE                               0.750000    1.418525   -0.668525 (VIOLATED)
s871/GATE_N                             0.750000    1.418525   -0.668525 (VIOLATED)
s872/GATE_N                             0.750000    1.418525   -0.668525 (VIOLATED)
s873/GATE_N                             0.750000    1.418525   -0.668525 (VIOLATED)
s874/GATE                               0.750000    1.418525   -0.668525 (VIOLATED)
s875/SLEEP_B                            0.750000    1.418525   -0.668525 (VIOLATED)
s876/CLK                                0.750000    1.418525   -0.668525 (VIOLATED)
s877/CLK                                0.750000    1.418525   -0.668525 (VIOLATED)
s878/CLK                                0.750000    1.418525   -0.668525 (VIOLATED)
s879/CLK                                0.750000    1.418525   -0.668525 (VIOLATED)
s880/CLK                                0.750000    1.418525   -0.668525 (VIOLATED)
s881/CLK                                0.750000    1.418525   -0.668525 (VIOLATED)
s882/CLK                                0.750000    1.418525   -0.668525 (VIOLATED)
s883/CLK                                0.750000    1.418525   -0.668525 (VIOLATED)
s884/GATE_N                             0.750000    1.418525   -0.668525 (VIOLATED)
s885/GATE_N                             0.750000    1.418525   -0.668525 (VIOLATED)
out2                                    0.750000    1.222226   -0.472226 (VIOLATED)
c364/C1                                 0.750000    1.222215   -0.472215 (VIOLATED)
merge765/C1                             0.750000    1.222215   -0.472215 (VIOLATED)
c353/Y                                  0.750000    1.222212   -0.472212 (VIOLATED)
out17                                   0.750000    1.166374   -0.416374 (VIOLATED)
c254/Y                                  0.750000    1.166374   -0.416374 (VIOLATED)
c256/S0                                 0.750000    1.166374   -0.416374 (VIOLATED)
c257/B1                                 0.750000    1.166374   -0.416374 (VIOLATED)
c258/A3                                 0.750000    1.166374   -0.416374 (VIOLATED)
out41                                   0.750000    1.060709   -0.310709 (VIOLATED)
c636/A3                                 0.750000    1.060499   -0.310499 (VIOLATED)
c757/S1                                 0.750000    1.060459   -0.310459 (VIOLATED)
c618/A3                                 0.750000    1.060455   -0.310455 (VIOLATED)
c371/C1                                 0.750000    1.060368   -0.310368 (VIOLATED)
c340/S1                                 0.750000    1.060310   -0.310310 (VIOLATED)
c738/S1                                 0.750000    1.060309   -0.310309 (VIOLATED)
c727/S1                                 0.750000    1.060308   -0.310308 (VIOLATED)
c713/C1                                 0.750000    1.060306   -0.310306 (VIOLATED)
c721/B1                                 0.750000    1.060305   -0.310305 (VIOLATED)
c714/S1                                 0.750000    1.060302   -0.310302 (VIOLATED)
c325/S1                                 0.750000    1.060297   -0.310298 (VIOLATED)
c306/S1                                 0.750000    1.060280   -0.310280 (VIOLATED)
c436/S0                                 0.750000    1.060280   -0.310280 (VIOLATED)
merge790/Q                              0.750000    1.060280   -0.310280 (VIOLATED)
out58                                   0.750000    0.963436   -0.213436 (VIOLATED)
c393/A1                                 0.750000    0.963435   -0.213435 (VIOLATED)
c163/Y                                  0.750000    0.963434   -0.213434 (VIOLATED)
c177/B_N                                0.750000    0.963434   -0.213434 (VIOLATED)
out37                                   0.750000    0.910648   -0.160648 (VIOLATED)
c733/C1                                 0.750000    0.910365   -0.160365 (VIOLATED)
c709/A1                                 0.750000    0.910353   -0.160353 (VIOLATED)
c587/S1                                 0.750000    0.910285   -0.160285 (VIOLATED)
c606/A2                                 0.750000    0.910269   -0.160269 (VIOLATED)
c595/A1                                 0.750000    0.910260   -0.160260 (VIOLATED)
c461/A3                                 0.750000    0.910229   -0.160229 (VIOLATED)
c497/A2                                 0.750000    0.910214   -0.160214 (VIOLATED)
c193/B2                                 0.750000    0.910186   -0.160186 (VIOLATED)
c179/X                                  0.750000    0.910185   -0.160185 (VIOLATED)
c702/S0                                 0.750000    0.908072   -0.158072 (VIOLATED)
merge771/A1                             0.750000    0.908072   -0.158072 (VIOLATED)
c708/A1                                 0.750000    0.908071   -0.158071 (VIOLATED)
c703/A1                                 0.750000    0.908070   -0.158070 (VIOLATED)
c704/B2                                 0.750000    0.908066   -0.158066 (VIOLATED)
c714/A2                                 0.750000    0.908060   -0.158060 (VIOLATED)
c695/S0                                 0.750000    0.908052   -0.158052 (VIOLATED)
c684/B1                                 0.750000    0.908052   -0.158052 (VIOLATED)
c698/B2                                 0.750000    0.908052   -0.158052 (VIOLATED)
c687/C_N                                0.750000    0.908051   -0.158052 (VIOLATED)
merge786/S0                             0.750000    0.908051   -0.158051 (VIOLATED)
c563/B2                                 0.750000    0.908048   -0.158048 (VIOLATED)
merge767/S1                             0.750000    0.908046   -0.158046 (VIOLATED)
merge779/A3                             0.750000    0.908045   -0.158045 (VIOLATED)
c433/C1                                 0.750000    0.908043   -0.158043 (VIOLATED)
c435/S0                                 0.750000    0.908041   -0.158041 (VIOLATED)
c428/X                                  0.750000    0.908040   -0.158040 (VIOLATED)
c444/C1                                 0.750000    0.908040   -0.158040 (VIOLATED)
c619/A0                                 0.750000    0.902469   -0.152469 (VIOLATED)
c602/B1                                 0.750000    0.902469   -0.152469 (VIOLATED)
c479/C                                  0.750000    0.902468   -0.152468 (VIOLATED)
c106/A1                                 0.750000    0.902465   -0.152465 (VIOLATED)
c75/Y                                   0.750000    0.902465   -0.152465 (VIOLATED)
c76/B                                   0.750000    0.902465   -0.152465 (VIOLATED)
c87/B                                   0.750000    0.902465   -0.152465 (VIOLATED)
c612/A1                                 0.750000    0.902318   -0.152318 (VIOLATED)
c580/SCD                                0.750000    0.902317   -0.152317 (VIOLATED)
c581/C                                  0.750000    0.902317   -0.152317 (VIOLATED)
c578/A2                                 0.750000    0.902314   -0.152314 (VIOLATED)
c565/B1                                 0.750000    0.902311   -0.152311 (VIOLATED)
c552/C1                                 0.750000    0.902308   -0.152309 (VIOLATED)
c558/B1                                 0.750000    0.902308   -0.152308 (VIOLATED)
c408/Y                                  0.750000    0.902304   -0.152304 (VIOLATED)
c409/A2                                 0.750000    0.902304   -0.152304 (VIOLATED)
c447/C1                                 0.750000    0.902304   -0.152304 (VIOLATED)
c225/Y                                  0.750000    0.879135   -0.129135 (VIOLATED)
c231/B                                  0.750000    0.879135   -0.129135 (VIOLATED)
c234/B                                  0.750000    0.879135   -0.129135 (VIOLATED)
c370/S0                                 0.750000    0.879135   -0.129135 (VIOLATED)
merge765/B2                             0.750000    0.879135   -0.129135 (VIOLATED)
c147/Y                                  0.750000    0.823374   -0.073374 (VIOLATED)
c151/A1                                 0.750000    0.823374   -0.073374 (VIOLATED)
c274/A                                  0.750000    0.823374   -0.073374 (VIOLATED)
c282/S1                                 0.750000    0.823374   -0.073374 (VIOLATED)
c286/B1                                 0.750000    0.823374   -0.073374 (VIOLATED)
c288/C                                  0.750000    0.823374   -0.073374 (VIOLATED)
c396/B                                  0.750000    0.823374   -0.073374 (VIOLATED)
c419/A                                  0.750000    0.823374   -0.073374 (VIOLATED)
c423/C_N                                0.750000    0.823374   -0.073374 (VIOLATED)
c720/A2                                 0.750000    0.806963   -0.056963 (VIOLATED)
c729/RESET_B                            0.750000    0.806962   -0.056962 (VIOLATED)
c586/B                                  0.750000    0.806961   -0.056961 (VIOLATED)
c592/A2                                 0.750000    0.806958   -0.056958 (VIOLATED)
c324/Y                                  0.750000    0.806949   -0.056949 (VIOLATED)
c327/A                                  0.750000    0.806949   -0.056949 (VIOLATED)
c328/A0                                 0.750000    0.806949   -0.056949 (VIOLATED)
out23                                   0.750000    0.806109   -0.056109 (VIOLATED)
c372/S0                                 0.750000    0.806065   -0.056065 (VIOLATED)
c353/B1                                 0.750000    0.806043   -0.056043 (VIOLATED)
c342/A3                                 0.750000    0.806029   -0.056029 (VIOLATED)
c322/Y                                  0.750000    0.806027   -0.056027 (VIOLATED)
c324/A2                                 0.750000    0.806027   -0.056027 (VIOLATED)
c325/A2                                 0.750000    0.806027   -0.056027 (VIOLATED)
c731/A3                                 0.750000    0.777133   -0.027133 (VIOLATED)
c735/A0                                 0.750000    0.777131   -0.027131 (VIOLATED)
c734/A3                                 0.750000    0.777131   -0.027131 (VIOLATED)
c578/B2                                 0.750000    0.777114   -0.027114 (VIOLATED)
c353/A1                                 0.750000    0.777098   -0.027098 (VIOLATED)
c209/B1                                 0.750000    0.777098   -0.027098 (VIOLATED)
c158/A                                  0.750000    0.777097   -0.027097 (VIOLATED)
c340/A2                                 0.750000    0.777097   -0.027097 (VIOLATED)
c192/C1                                 0.750000    0.777093   -0.027093 (VIOLATED)
c314/B                                  0.750000    0.777082   -0.027082 (VIOLATED)
c677/C1                                 0.750000    0.777057   -0.027057 (VIOLATED)
c136/Y                                  0.750000    0.777046   -0.027046 (VIOLATED)
out57                                   0.750000    0.753011   -0.003011 (VIOLATED)
c131/A2                                 0.750000    0.753007   -0.003007 (VIOLATED)
c393/A2                                 0.750000    0.753007   -0.003007 (VIOLATED)
c130/S1                                 0.750000    0.753007   -0.003007 (VIOLATED)
c128/X                                  0.750000    0.753006   -0.003006 (VIOLATED)
c261/A2                                 0.750000    0.753006   -0.003006 (VIOLATED)

max fanout

Pin                                   Limit Fanout  Slack
---------------------------------------------------------
clk                                      10    145   -135 (VIOLATED)
c554/X                                   10     27    -17 (VIOLATED)
c264/Y                                   10     24    -14 (VIOLATED)
c165/Y                                   10     23    -13 (VIOLATED)
c428/X                                   10     17     -7 (VIOLATED)
c94/X                                    10     13     -3 (VIOLATED)
c99/Y                                    10     13     -3 (VIOLATED)
merge790/Q                               10     13     -3 (VIOLATED)
in45                                     10     12     -2 (VIOLATED)
c184/Y                                   10     12     -2 (VIOLATED)
c198/X                                   10     12     -2 (VIOLATED)
c199/X                                   10     12     -2 (VIOLATED)
c398/X                                   10     12     -2 (VIOLATED)
c446/X                                   10     12     -2 (VIOLATED)
c457/X                                   10     12     -2 (VIOLATED)
c136/Y                                   10     11        (VIOLATED)
c299/X                                   10     11        (VIOLATED)
c344/X                                   10     11        (VIOLATED)
c400/Y                                   10     11        (VIOLATED)
s823/Q                                   10     11        (VIOLATED)

max capacitance

Pin                                        Limit         Cap       Slack
------------------------------------------------------------------------
clk                                     0.200000    0.315460   -0.115460 (VIOLATED)
c140/Y                                  0.049448    0.072421   -0.022973 (VIOLATED)



===========================================================================
report_parasitic_annotation -report_unannotated
============================================================================
Found 187 unannotated drivers.
 clk
 rst
 c260/Q_N
 c323/X
 c326/Y
 c351/X
 c362/Y
 c365/Y
 c368/X
 c370/X
 c371/X
 c372/X
 c373/X
 c394/X
 c424/Y
 c425/Y
 c426/Y
 c427/X
 c430/X
 c431/X
 c433/Y
 c435/X
 c436/X
 c437/Y
 c438/X
 c439/X
 c440/X
 c443/X
 c444/Y
 c446/X
 c447/Y
 c451/X
 c453/X
 c454/X
 c458/X
 c459/X
 c460/X
 c461/X
 c463/X
 c465/Y
 c471/X
 c473/X
 c478/Y
 c480/X
 c482/X
 c484/Y
 c487/X
 c488/X
 c489/X
 c490/Y
 c491/X
 c493/X
 c494/X
 c495/X
 c496/X
 c500/X
 c501/X
 c503/X
 c504/X
 c505/X
 c552/X
 c553/X
 c554/X
 c555/Y
 c557/X
 c558/X
 c559/X
 c560/X
 c561/X
 c563/Y
 c564/X
 c565/X
 c566/X
 c567/X
 c569/X
 c571/X
 c574/Y
 c575/X
 c577/Y
 c578/Y
 c584/X
 c585/Y
 c587/X
 c588/X
 c589/X
 c590/Y
 c591/X
 c592/X
 c595/X
 c602/X
 c603/X
 c606/X
 c610/X
 c611/X
 c612/Y
 c613/X
 c614/X
 c615/X
 c616/X
 c617/X
 c618/X
 c620/X
 c621/X
 c622/X
 c623/X
 c624/X
 c625/X
 c626/X
 c627/X
 c628/X
 c629/X
 c631/X
 c633/X
 c634/X
 c635/X
 c636/X
 c637/X
 c683/Y
 c690/X
 c692/X
 c694/X
 c698/Y
 c701/X
 c702/X
 c712/X
 c714/X
 c716/X
 c717/Y
 c718/Q_N
 c720/X
 c722/X
 c723/X
 c726/X
 c727/X
 c730/X
 c732/Q_N
 c735/X
 c737/Q_N
 c741/X
 c742/X
 c743/X
 c744/X
 c745/X
 c746/X
 c747/X
 c749/X
 c750/X
 c752/X
 c753/X
 c755/X
 c756/X
 c757/X
 c758/X
 c759/X
 c760/X
 c762/X
 c764/X
 merge766/Y
 merge767/X
 merge770/X
 merge771/X
 merge779/X
 merge780/X
 merge781/X
 merge785/X
 merge786/X
 merge803/Q
 merge811/GCLK
 s817/GCLK
 s818/GCLK
 s819/GCLK
 s833/GCLK
 s834/GCLK
 s835/GCLK
 s838/Q_N
 s844/Q_N
 s849/GCLK
 s850/GCLK
 s851/GCLK
 s861/Q_N
 s865/GCLK
 s866/GCLK
 s867/GCLK
 s869/Q_N
 s881/GCLK
 s882/GCLK
 s883/GCLK
Found 0 partially unannotated drivers.

===========================================================================
max slew violation count 276
Writing metric design__max_slew_violation__count__corner:nom_tt_025C_1v80: 276
max fanout violation count 20
Writing metric design__max_fanout_violation__count__corner:nom_tt_025C_1v80: 20
max cap violation count 2
Writing metric design__max_cap_violation__count__corner:nom_tt_025C_1v80: 2
============================================================================

===========================================================================
check_setup -verbose -unconstrained_endpoints -multiple_clock -no_clock -no_input_delay -loops -generated_clocks
===========================================================================
Warning: There are 7 unconstrained endpoints.
  out29
  out39
  out42
  out43
  out45
  merge796/D
  merge803/D
