
===========================================================================
Violator List
============================================================================
[hold reg-reg] c719/Q -> c725/RESET_B : -1.514665
[hold in-reg] clk -> c568/SET_B : -1.254843
[hold reg-reg] c568/Q_N -> c696/RESET_B : -1.176640
[hold in-reg] clk -> c580/SET_B : -1.066957
[hold in-reg] in16 -> c605/RESET_B : -1.050830
[hold reg-reg] s832/Q -> c502/SET_B : -0.842929
[hold reg-reg] s831/Q -> c498/SET_B : -0.773743
[hold reg-reg] merge774/Q -> merge784/RESET_B : -0.755535
[hold reg-reg] merge807/Q -> c696/SET_B : -0.669386
[hold reg-reg] c596/Q -> c599/RESET_B : -0.260453
[hold in-reg] clk -> merge791/RESET_B : -0.237392
[hold reg-reg] s859/Q -> c724/SET_B : -0.234451
[hold in-reg] clk -> c599/SET_B : -0.223716
[hold reg-reg] c596/Q -> c597/RESET_B : -0.216604
[hold in-reg] clk -> merge793/RESET_B : -0.176536
[hold in-reg] clk -> c568/SET_B : -0.146822
[hold in-reg] clk -> c580/RESET_B : -0.015727
[hold reg-reg] s812/Q -> c260/SET_B : -0.004847
[setup reg-reg] s885/Q -> c696/SET_B : -10.385678
[setup in-reg] in20 -> c580/RESET_B : -9.310295
[setup in-reg] in20 -> c568/RESET_B : -9.161496
[setup reg-reg] s885/Q -> c696/RESET_B : -8.535572
[setup reg-reg] s823/Q -> c593/SET_B : -8.371304
[setup in-reg] in20 -> merge784/RESET_B : -8.052500
[setup in-reg] in20 -> c737/D : -7.676464
[setup in-reg] in20 -> s875/D : -7.359124
[setup in-reg] in20 -> s822/D : -7.355845
[setup in-reg] in20 -> s859/D : -7.245537
[setup in-reg] in20 -> merge768/D : -7.188644
[setup in-reg] in20 -> s874/D : -7.025022
[setup in-reg] in20 -> s870/D : -6.982045
[setup in-reg] in20 -> s843/D : -6.944170
[setup in-reg] in20 -> s838/D : -6.924960
[setup in-reg] in20 -> merge807/RESET_B : -6.889040
[setup in-reg] in20 -> s842/D : -6.861682
[setup in-reg] in20 -> c729/SCE : -6.763238
[setup in-reg] in20 -> merge808/D : -6.756107
[setup in-reg] in20 -> merge801/D : -6.720378
[setup in-reg] in20 -> c570/D : -6.677157
[setup in-reg] in20 -> s826/D : -6.660751
[setup in-reg] in20 -> c605/SCE : -6.548913
[setup in-reg] in20 -> merge807/D : -6.548747
[setup in-reg] in20 -> c594/D : -6.547155
[setup in-reg] in20 -> s858/D : -6.534181
[setup in-reg] in20 -> c580/SCE : -6.527522
[setup in-reg] in39 -> merge802/D : -6.526088
[setup in-reg] in20 -> s827/D : -6.502503
[setup in-reg] in20 -> c549/SCE : -6.494484
[setup in-reg] in20 -> merge808/RESET_B : -6.467488
[setup in-reg] in20 -> c605/SET_B : -6.367658
[setup in-reg] in20 -> c593/D : -6.352737
[setup in-reg] in20 -> c318/D : -6.352095
[setup in-reg] in20 -> merge801/RESET_B : -6.347563
[setup in-reg] in20 -> c570/SCD : -6.242848
[setup in-reg] in20 -> c549/SCD : -6.229458
[setup in-reg] in20 -> c570/SCE : -6.220929
[setup in-reg] in20 -> c705/D : -6.218721
[setup in-reg] in20 -> c580/SCD : -6.196332
[setup in-reg] in20 -> merge782/D : -6.196281
[setup in-reg] in20 -> c580/RESET_B : -6.170485
[setup in-reg] in20 -> c737/SCE : -6.111867
[setup in-reg] in20 -> c710/SCD : -6.108587
[setup in-reg] in20 -> c318/SCD : -6.081734
[setup in-reg] in20 -> merge806/D : -6.077376
[setup in-reg] in20 -> c369/SCE : -6.063916
[setup in-reg] in20 -> merge775/D : -6.056135
[setup in-reg] in20 -> s854/D : -6.032640
[setup in-reg] in20 -> c705/RESET_B : -5.994854
[setup in-reg] in39 -> merge802/RESET_B : -5.892673
[setup in-reg] in20 -> c248/D : -5.859721
[setup in-reg] in39 -> c248/SCD : -5.833928
[setup in-reg] in20 -> merge775/SCD : -5.810044
[setup in-reg] in20 -> merge806/RESET_B : -5.787064
[setup in-reg] in20 -> c729/SCD : -5.756972
[setup in-reg] in20 -> c449/SCE : -5.756557
[setup in-reg] in20 -> c710/D : -5.746943
[setup in-reg] in20 -> merge790/D : -5.677922
[setup in-reg] in20 -> c725/SET_B : -5.665867
[setup in-reg] in20 -> c600/SCD : -5.651741
[setup in-reg] in20 -> c318/SCE : -5.651078
[setup in-reg] in20 -> c502/SCD : -5.649300
[setup in-reg] in20 -> c729/RESET_B : -5.647347
[setup in-reg] in20 -> c600/RESET_B : -5.637236
[setup in-reg] in20 -> merge782/RESET_B : -5.534425
[setup in-reg] in20 -> c499/RESET_B : -5.529469
[setup in-reg] in20 -> c213/SET_B : -5.517773
[setup in-reg] in20 -> c369/SCD : -5.514658
[setup in-reg] in20 -> c594/RESET_B : -5.433909
[setup in-reg] in20 -> merge768/RESET_B : -5.432627
[setup in-reg] in20 -> c499/D : -5.379461
[setup in-reg] in20 -> merge790/RESET_B : -5.344065
[setup in-reg] in20 -> c710/SET_B : -5.344024
[setup in-reg] in20 -> c705/SET_B : -5.225575
[setup in-reg] in20 -> c450/SCE : -5.172988
[setup in-reg] in20 -> c318/RESET_B : -5.122827
[setup in-reg] in20 -> c502/RESET_B : -5.117283
[setup in-reg] in20 -> merge768/SCD : -5.068559
[setup in-reg] in20 -> c593/SCD : -5.064357
[setup in-reg] in20 -> c549/RESET_B : -4.917737
[setup in-out] in20 -> out59 : -4.852659
[setup in-reg] in20 -> c729/SET_B : -4.824894
[setup in-reg] in20 -> c502/D : -4.698969
[setup in-reg] in20 -> merge775/SET_B : -4.613728
[setup in-reg] in20 -> merge782/SCD : -4.562193
[setup in-reg] in20 -> c710/SCE : -4.498761
[setup reg-out] merge800/Q -> out36 : -4.417984
[setup in-out] in20 -> out2 : -4.258968
[setup in-reg] in20 -> c549/D : -4.176753
[setup in-out] in39 -> out44 : -4.148834
[setup in-out] in20 -> out49 : -4.123440
[setup in-out] in20 -> out52 : -4.115383
[setup in-out] in39 -> out17 : -4.114292
[setup reg-out] s820/Q -> out20 : -4.083395
[setup reg-reg] s885/Q -> merge799/D : -4.073358
[setup in-reg] in39 -> c248/SET_B : -4.002674
[setup in-out] in20 -> out48 : -3.997441
[setup in-reg] in20 -> merge775/SCE : -3.930549
[setup in-out] in20 -> out30 : -3.871008
[setup in-reg] in20 -> c213/SCD : -3.860242
[setup in-out] in20 -> out61 : -3.838741
[setup in-reg] in20 -> c449/D : -3.823172
[setup reg-out] merge800/Q -> out54 : -3.813777
[setup in-reg] in20 -> c449/SCD : -3.789095
[setup reg-reg] s885/Q -> s861/D : -3.778268
[setup in-reg] in20 -> s821/D : -3.769138
[setup in-reg] in20 -> c737/SCD : -3.719178
[setup in-reg] in20 -> c705/SCD : -3.718774
[setup reg-out] s821/Q -> out31 : -3.698320
[setup in-reg] in20 -> c318/SET_B : -3.645836
[setup reg-reg] s885/Q -> s855/D : -3.630653
[setup in-out] in39 -> out60 : -3.542390
[setup in-out] in39 -> out26 : -3.538370
[setup in-reg] in20 -> c725/SCD : -3.534057
[setup in-reg] in20 -> c737/RESET_B : -3.531886
[setup in-out] in20 -> out23 : -3.498512
[setup reg-reg] s885/Q -> c724/SCE : -3.477374
[setup in-out] in20 -> out33 : -3.471896
[setup reg-reg] s885/Q -> c718/SCD : -3.463810
[setup in-out] in20 -> out46 : -3.444739
[setup in-out] in20 -> out14 : -3.444423
[setup in-reg] in20 -> merge794/D : -3.417240
[setup reg-reg] s885/Q -> s852/D : -3.413652
[setup reg-reg] s885/Q -> s863/D : -3.323770
[setup reg-reg] s885/Q -> s860/D : -3.265917
[setup reg-out] s820/Q -> out8 : -3.245900
[setup reg-reg] s885/Q -> merge810/D : -3.235120
[setup in-reg] in20 -> c600/SCE : -3.166470
[setup reg-reg] s885/Q -> merge804/D : -3.156408
[setup in-out] in20 -> out6 : -3.134735
[setup reg-reg] s823/Q -> s851/GATE : -3.131509
[setup reg-out] merge800/Q -> out50 : -3.098342
[setup in-reg] in20 -> c594/SCD : -3.057831
[setup reg-reg] s885/Q -> s868/D : -3.038803
[setup in-reg] in20 -> s885/D : -3.032228
[setup reg-reg] c705/Q -> c710/RESET_B : -3.029038
[setup reg-reg] s885/Q -> merge788/RESET_B : -3.025296
[setup in-reg] in20 -> s835/GATE : -3.009207
[setup reg-reg] s885/Q -> merge788/D : -2.943027
[setup reg-reg] s885/Q -> s872/D : -2.899475
[setup reg-reg] s885/Q -> s853/D : -2.898555
[setup reg-reg] s885/Q -> s871/D : -2.889009
[setup in-reg] in20 -> s823/D : -2.880994
[setup in-reg] in20 -> s833/GATE : -2.866769
[setup in-reg] in20 -> merge783/DE : -2.833127
[setup in-reg] in20 -> merge795/D : -2.809309
[setup reg-reg] s885/Q -> merge804/RESET_B : -2.800501
[setup in-reg] in20 -> s873/D : -2.788280
[setup in-reg] in20 -> c213/D : -2.774654
[setup in-reg] in20 -> s841/D : -2.758128
[setup in-reg] in20 -> merge774/SCE : -2.686834
[setup reg-reg] s885/Q -> merge799/RESET_B : -2.675950
[setup in-reg] in20 -> s881/GATE : -2.642840
[setup in-reg] in20 -> s839/D : -2.638182
[setup reg-reg] s823/Q -> s850/GATE : -2.633731
[setup in-reg] in20 -> s840/D : -2.627905
[setup reg-reg] s885/Q -> c689/SCE : -2.626046
[setup in-reg] in20 -> s867/GATE : -2.612069
[setup in-reg] in20 -> s864/D : -2.607698
[setup in-reg] in20 -> s848/D : -2.593760
[setup in-reg] in20 -> s832/D : -2.585254
[setup in-out] in20 -> out27 : -2.579448
[setup in-reg] in20 -> s815/D : -2.575270
[setup in-out] in39 -> out56 : -2.565501
[setup reg-reg] s821/Q -> s849/GATE : -2.554368
[setup reg-reg] s885/Q -> c696/D : -2.553240
[setup in-out] in20 -> out25 : -2.553025
[setup reg-reg] s821/Q -> merge810/DE : -2.531086
[setup in-out] in20 -> out9 : -2.484636
[setup in-reg] in20 -> merge794/SET_B : -2.475247
[setup reg-reg] s885/Q -> c696/SET_B : -2.458173
[setup in-reg] in20 -> merge773/DE : -2.446231
[setup in-reg] in20 -> merge784/D : -2.430066
[setup reg-reg] s823/Q -> s877/D : -2.423038
[setup reg-reg] s885/Q -> s857/D : -2.408982
[setup in-reg] in20 -> s883/GATE : -2.376549
[setup in-reg] in20 -> merge798/D : -2.375362
[setup reg-reg] s821/Q -> s830/D : -2.335798
[setup in-reg] in20 -> merge791/D : -2.332667
[setup reg-reg] s821/Q -> s844/D : -2.327417
[setup in-reg] in20 -> s884/D : -2.304844
[setup in-reg] in20 -> s837/D : -2.299365
[setup reg-reg] s823/Q -> s882/GATE : -2.291191
[setup in-reg] in20 -> merge809/D : -2.291159
[setup reg-reg] s885/Q -> c689/D : -2.275376
[setup reg-reg] s823/Q -> merge809/DE : -2.257235
[setup in-reg] in20 -> s880/D : -2.240494
[setup in-reg] in20 -> merge783/SCD : -2.231528
[setup reg-reg] s885/Q -> c696/RESET_B : -2.212146
[setup in-reg] in20 -> merge789/D : -2.196774
[setup in-reg] in20 -> s831/D : -2.184587
[setup in-reg] in20 -> s824/D : -2.182234
[setup in-reg] in20 -> c604/SCE : -2.160881
[setup in-reg] in39 -> s814/D : -2.149246
[setup in-reg] in20 -> s865/GATE : -2.148099
[setup in-reg] in20 -> c705/SET_B : -2.145820
[setup reg-reg] s820/Q -> s828/D : -2.143421
[setup in-reg] in20 -> s862/D : -2.138068
[setup in-reg] in20 -> s856/D : -2.131731
[setup reg-reg] s820/Q -> s829/D : -2.098744
[setup in-reg] in20 -> s878/D : -2.096194
[setup in-reg] in20 -> c597/SCD : -2.088417
[setup in-reg] in20 -> s834/GATE : -2.059482
[setup in-reg] in20 -> c598/D : -2.051406
[setup in-reg] in20 -> s825/D : -2.032239
[setup in-reg] in20 -> s820/D : -2.018298
[setup in-reg] in20 -> merge784/SCE : -2.015026
[setup in-reg] in20 -> c599/SCE : -2.014176
[setup in-reg] in20 -> s846/D : -2.011595
[setup in-out] in20 -> out55 : -2.008808
[setup in-out] in20 -> out28 : -2.004754
[setup in-reg] in20 -> c596/D : -2.003885
[setup in-reg] in20 -> merge791/RESET_B : -1.984393
[setup in-reg] in20 -> s818/GATE : -1.969187
[setup in-reg] in20 -> merge774/DE : -1.967208
[setup in-reg] in20 -> s817/GATE : -1.966098
[setup in-reg] in20 -> c583/D : -1.958044
[setup in-reg] in20 -> merge805/RESET_B : -1.934583
[setup in-reg] in20 -> merge793/D : -1.934575
[setup in-out] in39 -> out5 : -1.912998
[setup in-reg] in20 -> s836/D : -1.883866
[setup in-reg] in20 -> s816/D : -1.845401
[setup in-reg] in20 -> s879/D : -1.823779
[setup in-out] in39 -> out47 : -1.814597
[setup reg-reg] merge800/Q -> s819/GATE : -1.812736
[setup in-reg] in20 -> merge773/SCD : -1.806128
[setup in-reg] in20 -> c321/D : -1.796970
[setup in-reg] in20 -> c599/D : -1.796161
[setup in-reg] in20 -> merge803/RESET_B : -1.790131
[setup in-reg] in20 -> s876/D : -1.771449
[setup in-reg] in20 -> c568/SCD : -1.755924
[setup in-reg] in20 -> merge784/SCD : -1.755924
[setup in-reg] in20 -> c719/D : -1.749464
[setup in-reg] in39 -> s813/D : -1.740324
[setup in-reg] in20 -> merge800/RESET_B : -1.704702
[setup in-reg] in39 -> merge772/SCD : -1.702222
[setup in-reg] in20 -> s869/D : -1.691014
[setup in-reg] in20 -> c568/SCE : -1.684173
[setup in-reg] in39 -> merge811/GATE : -1.655634
[setup in-reg] in20 -> c332/D : -1.612816
[setup in-reg] in20 -> c568/RESET_B : -1.610752
[setup reg-reg] s885/Q -> c724/SCD : -1.601059
[setup in-reg] in20 -> merge797/D : -1.593027
[setup in-reg] in20 -> merge773/SCE : -1.555136
[setup in-reg] in20 -> s866/GATE : -1.547519
[setup reg-reg] s821/Q -> c498/D : -1.527904
[setup in-reg] in20 -> merge793/RESET_B : -1.520113
[setup in-reg] in39 -> merge811/SCE : -1.517782
[setup in-out] in39 -> out3 : -1.510486
[setup in-reg] in20 -> merge789/RESET_B : -1.498722
[setup reg-reg] merge800/Q -> merge796/SET_B : -1.491482
[setup reg-reg] s885/Q -> c718/D : -1.476788
[setup in-reg] in20 -> merge795/SET_B : -1.462690
[setup in-reg] in20 -> s812/D : -1.451658
[setup in-reg] in20 -> merge792/D : -1.430014
[setup in-reg] in20 -> merge798/SET_B : -1.425668
[setup in-reg] in20 -> merge784/RESET_B : -1.419536
[setup in-reg] in20 -> merge800/D : -1.409867
[setup in-reg] in39 -> merge772/D : -1.405624
[setup in-reg] in20 -> s845/D : -1.386359
[setup in-reg] in20 -> merge805/D : -1.378447
[setup in-reg] in20 -> c598/RESET_B : -1.348959
[setup in-reg] in20 -> c601/SET_B : -1.318434
[setup reg-reg] s820/Q -> c498/RESET_B : -1.318053
[setup reg-reg] s884/Q_N -> s847/D : -1.315153
[setup in-reg] in20 -> c596/SCD : -1.293577
[setup in-reg] in20 -> merge773/D : -1.277882
[setup in-out] in20 -> out16 : -1.225068
[setup in-reg] in20 -> c498/SCD : -1.206225
[setup reg-reg] s885/Q -> c718/SCE : -1.198569
[setup reg-reg] s885/Q -> c689/SCD : -1.188798
[setup reg-reg] s823/Q -> c601/SCD : -1.153643
[setup in-out] in20 -> out58 : -1.054724
[setup in-out] in20 -> out40 : -1.032782
[setup in-reg] in20 -> c601/SCE : -0.962426
[setup in-reg] in20 -> merge797/SET_B : -0.949612
[setup in-reg] in20 -> c732/RESET_B : -0.945951
[setup in-reg] in20 -> merge784/SET_B : -0.826089
[setup reg-reg] s884/Q_N -> c583/SET_B : -0.823208
[setup in-reg] clk -> c580/SET_B : -0.775380
[setup in-reg] in39 -> c260/SCD : -0.712523
[setup reg-reg] merge808/Q -> c593/SCE : -0.650487
[setup in-reg] in20 -> c432/SCE : -0.638155
[setup reg-reg] s885/Q_N -> c696/SCE : -0.588242
[setup reg-reg] s821/Q -> c432/RESET_B : -0.535420
[setup reg-reg] s837/Q_N -> c732/SCE : -0.533746
[setup in-reg] in20 -> merge792/RESET_B : -0.495675
[setup in-reg] in20 -> c718/RESET_B : -0.488440
[setup reg-reg] s884/Q_N -> c583/SCD : -0.479784
[setup in-reg] in20 -> c724/D : -0.375005
[setup reg-reg] c596/Q -> c599/RESET_B : -0.274457
[setup in-reg] clk -> c568/SET_B : -0.211163
[setup in-reg] in39 -> c260/RESET_B : -0.205215
[setup reg-reg] s840/Q -> c732/SET_B : -0.148471
[setup in-reg] in16 -> c605/RESET_B : -0.058470
[setup reg-reg] s857/Q -> c718/SET_B : -0.055182
Writing metric timing__hold_vio__count__corner:nom_tt_025C_1v80: 18
Writing metric timing__hold_r2r__ws__corner:nom_tt_025C_1v80: -1.514665
Writing metric timing__hold_r2r_vio__count__corner:nom_tt_025C_1v80: 10
Writing metric timing__setup_vio__count__corner:nom_tt_025C_1v80: 297
Writing metric timing__setup_r2r__ws__corner:nom_tt_025C_1v80: -10.385678
Writing metric timing__setup_r2r_vio__count__corner:nom_tt_025C_1v80: 58
