[RSZ-0020] found 6 floating nets.
[RSZ-0095] found 4 floating pins.
[CTS-0105] Net "net921" already has clock buffer c273. Skipping...
[CTS-0041] Net "net1073" has 1 sinks. Skipping...
[CTS-0041] Net "net726" has 1 sinks. Skipping...
[CTS-0041] Net "net785" has 1 sinks. Skipping...
[CTS-0041] Net "net697" has 1 sinks. Skipping...
[CTS-0041] Net "net471" has 1 sinks. Skipping...
[CTS-0041] Net "net470" has 1 sinks. Skipping...
[CTS-0105] Net "net221" already has clock buffer c273. Skipping...
[CTS-0041] Net "net734" has 1 sinks. Skipping...
[CTS-0041] Net "net728" has 1 sinks. Skipping...
[CTS-0041] Net "net677" has 1 sinks. Skipping...
[CTS-0041] Net "net587" has 1 sinks. Skipping...
[CTS-0041] Net "net599" has 1 sinks. Skipping...
[CTS-0041] Net "net591" has 1 sinks. Skipping...
[CTS-0041] Net "net752" has 1 sinks. Skipping...
[CTS-0041] Net "net715" has 1 sinks. Skipping...
[CTS-0041] Net "net611" has 1 sinks. Skipping...
[CTS-0041] Net "net603" has 1 sinks. Skipping...
[CTS-0041] Net "net579" has 1 sinks. Skipping...
[CTS-0041] Net "net569" has 1 sinks. Skipping...
[CTS-0041] Net "net685" has 1 sinks. Skipping...
[CTS-0041] Net "net608" has 1 sinks. Skipping...
[CTS-0041] Net "net515" has 1 sinks. Skipping...
[CTS-0041] Net "net528" has 1 sinks. Skipping...
[CTS-0041] Net "net709" has 1 sinks. Skipping...
[CTS-0041] Net "net716" has 1 sinks. Skipping...
[CTS-0041] Net "net650" has 1 sinks. Skipping...
[CTS-0041] Net "net646" has 1 sinks. Skipping...
[CTS-0041] Net "net825" has 1 sinks. Skipping...
[CTS-0041] Net "net665" has 1 sinks. Skipping...
[CTS-0041] Net "net660" has 1 sinks. Skipping...
[CTS-0041] Net "net659" has 1 sinks. Skipping...
[CTS-0041] Net "net667" has 1 sinks. Skipping...
[CTS-0041] Net "net668" has 1 sinks. Skipping...
[CTS-0041] Net "net783" has 1 sinks. Skipping...
[CTS-0041] Net "net556" has 1 sinks. Skipping...
[CTS-0041] Net "net559" has 1 sinks. Skipping...
[CTS-0041] Net "net560" has 1 sinks. Skipping...
[CTS-0041] Net "net666" has 1 sinks. Skipping...
[CTS-0041] Net "net663" has 1 sinks. Skipping...
[CTS-0041] Net "net807" has 1 sinks. Skipping...
[CTS-0041] Net "net658" has 1 sinks. Skipping...
[CTS-0041] Net "net656" has 1 sinks. Skipping...
[CTS-0041] Net "net751" has 1 sinks. Skipping...
[CTS-0041] Net "net1012" has 1 sinks. Skipping...
[CTS-0041] Net "out4" has 0 sinks. Skipping...
[CTS-0041] Net "net653" has 1 sinks. Skipping...
[CTS-0041] Net "net652" has 1 sinks. Skipping...
[CTS-0041] Net "net651" has 1 sinks. Skipping...
[CTS-0041] Net "net649" has 1 sinks. Skipping...
[CTS-0041] Net "net648" has 1 sinks. Skipping...
[CTS-0041] Net "net822" has 1 sinks. Skipping...
[CTS-0041] Net "net645" has 1 sinks. Skipping...
[CTS-0041] Net "net644" has 1 sinks. Skipping...
[CTS-0041] Net "net631" has 1 sinks. Skipping...
[CTS-0041] Net "net630" has 1 sinks. Skipping...
[CTS-0041] Net "net610" has 1 sinks. Skipping...
[CTS-0041] Net "net619" has 1 sinks. Skipping...
[CTS-0041] Net "net736" has 1 sinks. Skipping...
[CTS-0041] Net "net724" has 1 sinks. Skipping...
[CTS-0041] Net "net641" has 1 sinks. Skipping...
[CTS-0041] Net "net632" has 1 sinks. Skipping...
[CTS-0041] Net "net635" has 0 sinks. Skipping...
[CTS-0041] Net "net493" has 1 sinks. Skipping...
[CTS-0041] Net "net714" has 1 sinks. Skipping...
[CTS-0041] Net "net637" has 1 sinks. Skipping...
[CTS-0041] Net "net618" has 1 sinks. Skipping...
[CTS-0041] Net "net607" has 1 sinks. Skipping...
[CTS-0041] Net "net581" has 1 sinks. Skipping...
[CTS-0041] Net "net524" has 1 sinks. Skipping...
[CTS-0041] Net "net760" has 1 sinks. Skipping...
[CTS-0041] Net "net401" has 1 sinks. Skipping...
[CTS-0041] Net "net747" has 1 sinks. Skipping...
[CTS-0041] Net "net351" has 1 sinks. Skipping...
[CTS-0041] Net "net369" has 1 sinks. Skipping...
[CTS-0041] Net "net370" has 1 sinks. Skipping...
[CTS-0041] Net "out6" has 0 sinks. Skipping...
[CTS-0041] Net "net548" has 1 sinks. Skipping...
[CTS-0041] Net "net790" has 1 sinks. Skipping...
[CTS-0041] Net "net549" has 1 sinks. Skipping...
[CTS-0041] Net "net806" has 1 sinks. Skipping...
[CTS-0041] Net "net544" has 1 sinks. Skipping...
[CTS-0041] Net "net545" has 0 sinks. Skipping...
[CTS-0041] Net "net543" has 1 sinks. Skipping...
[CTS-0041] Net "net540" has 1 sinks. Skipping...
[CTS-0041] Net "net538" has 1 sinks. Skipping...
[CTS-0041] Net "net789" has 1 sinks. Skipping...
[CTS-0041] Net "net537" has 1 sinks. Skipping...
[CTS-0041] Net "out21" has 0 sinks. Skipping...
[CTS-0041] Net "net996" has 1 sinks. Skipping...
[CTS-0041] Net "out23" has 0 sinks. Skipping...
[CTS-0041] Net "net329" has 1 sinks. Skipping...
[CTS-0041] Net "net701" has 1 sinks. Skipping...
[CTS-0041] Net "net520" has 1 sinks. Skipping...
[CTS-0041] Net "net732" has 1 sinks. Skipping...
[CTS-0041] Net "net727" has 1 sinks. Skipping...
[CTS-0041] Net "net710" has 1 sinks. Skipping...
[CTS-0041] Net "net1072" has 1 sinks. Skipping...
[CTS-0041] Net "net626" has 1 sinks. Skipping...
[CTS-0041] Net "net625" has 1 sinks. Skipping...
[CTS-0041] Net "net624" has 1 sinks. Skipping...
[CTS-0041] Net "net629" has 1 sinks. Skipping...
[CTS-0041] Net "net791" has 1 sinks. Skipping...
[CTS-0041] Net "net628" has 1 sinks. Skipping...
[CTS-0041] Net "net802" has 1 sinks. Skipping...
[CTS-0041] Net "net622" has 1 sinks. Skipping...
[CTS-0041] Net "net1071" has 1 sinks. Skipping...
[CTS-0041] Net "net513" has 1 sinks. Skipping...
[CTS-0041] Net "net688" has 1 sinks. Skipping...
[CTS-0041] Net "net682" has 1 sinks. Skipping...
[CTS-0041] Net "net386" has 1 sinks. Skipping...
[CTS-0041] Net "net275" has 1 sinks. Skipping...
[CTS-0041] Net "net691" has 1 sinks. Skipping...
[CTS-0041] Net "net254" has 1 sinks. Skipping...
[CTS-0041] Net "net253" has 1 sinks. Skipping...
[CTS-0041] Net "net234" has 1 sinks. Skipping...
[CTS-0041] Net "net232" has 1 sinks. Skipping...
[CTS-0041] Net "net225" has 1 sinks. Skipping...
[CTS-0041] Net "net355" has 1 sinks. Skipping...
[CTS-0041] Net "net547" has 1 sinks. Skipping...
[CTS-0041] Net "out14" has 0 sinks. Skipping...
[CTS-0041] Net "net558" has 1 sinks. Skipping...
[CTS-0041] Net "net804" has 1 sinks. Skipping...
[CTS-0041] Net "net555" has 1 sinks. Skipping...
[CTS-0041] Net "net664" has 1 sinks. Skipping...
[CTS-0041] Net "net657" has 1 sinks. Skipping...
[CTS-0041] Net "net661" has 1 sinks. Skipping...
[CTS-0041] Net "net662" has 1 sinks. Skipping...
[CTS-0041] Net "net557" has 1 sinks. Skipping...
[CTS-0041] Net "net553" has 1 sinks. Skipping...
[CTS-0041] Net "net829" has 1 sinks. Skipping...
[CTS-0041] Net "net551" has 1 sinks. Skipping...
[CTS-0041] Net "net542" has 1 sinks. Skipping...
[CTS-0041] Net "net506" has 1 sinks. Skipping...
[CTS-0041] Net "net742" has 1 sinks. Skipping...
[CTS-0041] Net "net356" has 1 sinks. Skipping...
[CTS-0041] Net "net689" has 1 sinks. Skipping...
[CTS-0041] Net "net354" has 1 sinks. Skipping...
[CTS-0041] Net "net718" has 1 sinks. Skipping...
[CTS-0041] Net "net605" has 1 sinks. Skipping...
[CTS-0041] Net "out19" has 0 sinks. Skipping...
[CTS-0041] Net "net334" has 1 sinks. Skipping...
[CTS-0041] Net "net775" has 1 sinks. Skipping...
[CTS-0041] Net "out47" has 0 sinks. Skipping...
[CTS-0041] Net "net533" has 1 sinks. Skipping...
[CTS-0041] Net "net514" has 1 sinks. Skipping...
[CTS-0041] Net "net782" has 1 sinks. Skipping...
[CTS-0041] Net "net512" has 1 sinks. Skipping...
[CTS-0041] Net "net503" has 1 sinks. Skipping...
[CTS-0041] Net "net504" has 1 sinks. Skipping...
[CTS-0041] Net "net430" has 1 sinks. Skipping...
[CTS-0041] Net "net417" has 1 sinks. Skipping...
[CTS-0041] Net "net692" has 1 sinks. Skipping...
[CTS-0041] Net "net211" has 1 sinks. Skipping...
[CTS-0041] Net "net776" has 1 sinks. Skipping...
[CTS-0041] Net "out50" has 0 sinks. Skipping...
[CTS-0041] Net "net177" has 1 sinks. Skipping...
[CTS-0041] Net "net191" has 1 sinks. Skipping...
[CTS-0041] Net "net190" has 1 sinks. Skipping...
[CTS-0041] Net "net188" has 1 sinks. Skipping...
[CTS-0041] Net "net145" has 1 sinks. Skipping...
[CTS-0041] Net "net489" has 1 sinks. Skipping...
[CTS-0041] Net "net730" has 1 sinks. Skipping...
[CTS-0041] Net "net488" has 1 sinks. Skipping...
[CTS-0041] Net "net494" has 1 sinks. Skipping...
[CTS-0041] Net "net487" has 1 sinks. Skipping...
[CTS-0041] Net "net482" has 1 sinks. Skipping...
[CTS-0041] Net "net479" has 1 sinks. Skipping...
[CTS-0041] Net "net377" has 1 sinks. Skipping...
[CTS-0041] Net "out17" has 0 sinks. Skipping...
[CTS-0041] Net "net529" has 1 sinks. Skipping...
[CTS-0041] Net "net440" has 1 sinks. Skipping...
[CTS-0041] Net "net382" has 1 sinks. Skipping...
[CTS-0041] Net "net755" has 1 sinks. Skipping...
[CTS-0041] Net "net673" has 1 sinks. Skipping...
[CTS-0041] Net "net700" has 1 sinks. Skipping...
[CTS-0041] Net "net1070" has 1 sinks. Skipping...
[CTS-0041] Net "net1069" has 1 sinks. Skipping...
[CTS-0041] Net "net642" has 1 sinks. Skipping...
[CTS-0041] Net "net407" has 1 sinks. Skipping...
[CTS-0041] Net "net395" has 1 sinks. Skipping...
[CTS-0041] Net "net392" has 1 sinks. Skipping...
[CTS-0041] Net "net671" has 1 sinks. Skipping...
[CTS-0041] Net "net669" has 1 sinks. Skipping...
[CTS-0041] Net "net636" has 1 sinks. Skipping...
[CTS-0041] Net "out30" has 0 sinks. Skipping...
[CTS-0041] Net "net393" has 1 sinks. Skipping...
[CTS-0041] Net "out42" has 0 sinks. Skipping...
[CTS-0041] Net "net410" has 1 sinks. Skipping...
[CTS-0041] Net "net1068" has 1 sinks. Skipping...
[CTS-0041] Net "net1067" has 1 sinks. Skipping...
[CTS-0041] Net "net226" has 1 sinks. Skipping...
[CTS-0041] Net "net1066" has 1 sinks. Skipping...
[CTS-0041] Net "net541" has 1 sinks. Skipping...
[CTS-0041] Net "net1065" has 1 sinks. Skipping...
[CTS-0041] Net "net1064" has 1 sinks. Skipping...
[CTS-0041] Net "net443" has 1 sinks. Skipping...
[CTS-0041] Net "net784" has 1 sinks. Skipping...
[CTS-0041] Net "net441" has 1 sinks. Skipping...
[CTS-0041] Net "net436" has 1 sinks. Skipping...
[CTS-0041] Net "net739" has 1 sinks. Skipping...
[CTS-0041] Net "net423" has 1 sinks. Skipping...
[CTS-0041] Net "net437" has 1 sinks. Skipping...
[CTS-0041] Net "net711" has 1 sinks. Skipping...
[CTS-0041] Net "net300" has 1 sinks. Skipping...
[CTS-0041] Net "net719" has 1 sinks. Skipping...
[CTS-0105] Net "net781" already has clock buffer c359. Skipping...
[CTS-0105] Net "net309" already has clock buffer c359. Skipping...
[CTS-0041] Net "net320" has 1 sinks. Skipping...
[CTS-0041] Net "net308" has 1 sinks. Skipping...
[CTS-0041] Net "net318" has 1 sinks. Skipping...
[CTS-0041] Net "net287" has 1 sinks. Skipping...
[CTS-0041] Net "net735" has 1 sinks. Skipping...
[CTS-0041] Net "net278" has 1 sinks. Skipping...
[CTS-0041] Net "net269" has 1 sinks. Skipping...
[CTS-0041] Net "net143" has 1 sinks. Skipping...
[CTS-0041] Net "net139" has 1 sinks. Skipping...
[CTS-0041] Net "net146" has 1 sinks. Skipping...
[CTS-0041] Net "net712" has 1 sinks. Skipping...
[CTS-0041] Net "net681" has 1 sinks. Skipping...
[CTS-0041] Net "net473" has 1 sinks. Skipping...
[CTS-0041] Net "net706" has 1 sinks. Skipping...
[CTS-0041] Net "net251" has 1 sinks. Skipping...
[CTS-0041] Net "net472" has 1 sinks. Skipping...
[RSZ-0062] Unable to repair all setup violations.
[RSZ-0064] Unable to repair all hold checks within margin.
'GPL_CELL_PADDING' is set to 0. This step may cause overlap failures.
[RSZ-0073] driver pin c486/Y not found in global routes
[RSZ-0075] makeBufferedNet failed for driver c486/Y
[RSZ-0073] driver pin c486/Y not found in global routes
[RSZ-0075] makeBufferedNet failed for driver c486/Y
[RSZ-0062] Unable to repair all setup violations.
[RSZ-0064] Unable to repair all hold checks within margin.
[DRT-0349] LEF58_ENCLOSURE with no CUTCLASS is not supported. Skipping for layer mcon
[DRT-0349] LEF58_ENCLOSURE with no CUTCLASS is not supported. Skipping for layer mcon
[DRT-0349] LEF58_ENCLOSURE with no CUTCLASS is not supported. Skipping for layer via
[DRT-0349] LEF58_ENCLOSURE with no CUTCLASS is not supported. Skipping for layer via
[DRT-0349] LEF58_ENCLOSURE with no CUTCLASS is not supported. Skipping for layer via2
[DRT-0349] LEF58_ENCLOSURE with no CUTCLASS is not supported. Skipping for layer via2
[DRT-0349] LEF58_ENCLOSURE with no CUTCLASS is not supported. Skipping for layer via3
[DRT-0349] LEF58_ENCLOSURE with no CUTCLASS is not supported. Skipping for layer via3
[DRT-0349] LEF58_ENCLOSURE with no CUTCLASS is not supported. Skipping for layer via4
[DRT-0349] LEF58_ENCLOSURE with no CUTCLASS is not supported. Skipping for layer via4
Threshold for Threshold-surpassing long wires is not set. The checker will be skipped.
'VSRC_LOC_FILES' was not given a value, which may make the results of IR drop analysis inaccurate. If you are not integrating a top-level chip for manufacture, you may ignore this warning, otherwise, see the documentation for 'VSRC_LOC_FILES'.
Cell 'netlist_2' has (1) input pin(s) without antenna gate information. They might not be connected to a gate.
Cell 'netlist_2' has (4) output pin(s) without antenna diffusion information. They might not be driven.
