
===========================================================================
Violator List
============================================================================
[hold in-reg] in15 -> c328/RESET_B : -3.777533
[hold in-reg] in8 -> c373/RESET_B : -1.992306
[hold reg-reg] c430/Q -> c693/RESET_B : -1.197484
[hold in-reg] in45 -> c323/RESET_B : -0.303470
[setup in-reg] in5 -> s859/D : -10.554695
[setup in-reg] in5 -> merge808/D : -10.425557
[setup in-reg] in5 -> s827/D : -10.403441
[setup in-reg] in5 -> s832/D : -10.381859
[setup in-reg] in5 -> c613/SCE : -10.210415
[setup in-reg] in5 -> c717/SCD : -10.160813
[setup in-reg] in5 -> merge799/D : -10.135681
[setup in-reg] in5 -> merge788/D : -10.103371
[setup in-reg] in5 -> c459/SCE : -9.987682
[setup in-reg] in5 -> s880/D : -9.986993
[setup in-reg] in5 -> c323/RESET_B : -9.860314
[setup in-reg] in5 -> s879/D : -9.752709
[setup in-reg] in5 -> s864/D : -9.719011
[setup in-reg] in5 -> merge800/D : -9.583801
[setup in-reg] in5 -> c612/RESET_B : -9.532050
[setup in-reg] in5 -> s843/D : -9.489707
[setup in-reg] in5 -> s875/D : -9.479261
[setup in-reg] in49 -> s847/D : -9.417239
[setup in-reg] in5 -> s848/D : -9.397286
[setup in-reg] in5 -> s863/D : -9.234608
[setup in-reg] in5 -> merge769/SCE : -9.158699
[setup in-reg] in5 -> merge805/D : -9.140055
[setup in-reg] in5 -> merge804/D : -9.138328
[setup in-reg] in5 -> c477/SCD : -9.122142
[setup in-reg] in5 -> c471/SCE : -9.091503
[setup in-reg] in5 -> c216/D : -9.037108
[setup in-reg] in5 -> c601/SCD : -9.034513
[setup in-reg] in5 -> c323/SCD : -9.027084
[setup in-reg] in5 -> c219/SCE : -9.024567
[setup in-reg] in5 -> c349/SCE : -9.005532
[setup in-reg] in5 -> c588/D : -8.977592
[setup in-reg] in5 -> c479/RESET_B : -8.878612
[setup in-reg] in5 -> c349/SCD : -8.829590
[setup in-reg] in5 -> c415/SCD : -8.809366
[setup in-out] in5 -> out18 : -8.805946
[setup in-reg] in5 -> c424/SCD : -8.772894
[setup in-reg] in5 -> c218/SCD : -8.759112
[setup in-reg] in49 -> s831/D : -8.756910
[setup in-reg] in5 -> c415/SCE : -8.730707
[setup in-reg] in5 -> c535/SCE : -8.725751
[setup in-reg] in5 -> merge773/SCD : -8.722635
[setup in-reg] in5 -> merge805/RESET_B : -8.717349
[setup in-reg] in5 -> c215/SCD : -8.697731
[setup in-reg] in5 -> merge808/RESET_B : -8.696440
[setup in-reg] in5 -> merge816/D : -8.628634
[setup in-reg] in5 -> c328/D : -8.565588
[setup in-reg] in5 -> merge816/RESET_B : -8.534879
[setup in-reg] in5 -> merge773/D : -8.486867
[setup in-out] in49 -> out47 : -8.445989
[setup in-reg] in5 -> merge804/RESET_B : -8.437396
[setup in-reg] in5 -> c557/RESET_B : -8.369151
[setup in-out] in5 -> out39 : -8.351065
[setup in-out] in49 -> out25 : -8.345547
[setup in-reg] in5 -> c349/D : -8.327253
[setup in-reg] in5 -> c557/D : -8.320168
[setup in-reg] in5 -> c693/RESET_B : -8.291643
[setup in-out] in49 -> out29 : -8.207473
[setup in-reg] in5 -> c693/SCE : -8.163184
[setup in-out] in49 -> out59 : -8.097092
[setup in-reg] in5 -> merge788/RESET_B : -7.962566
[setup in-out] in49 -> out11 : -7.917865
[setup in-reg] in5 -> merge800/RESET_B : -7.868176
[setup in-reg] in5 -> c717/SCE : -7.841222
[setup in-reg] in5 -> c717/D : -7.818093
[setup in-out] in5 -> out52 : -7.808035
[setup in-reg] in5 -> merge799/RESET_B : -7.763608
[setup in-out] in49 -> out37 : -7.723596
[setup in-reg] in5 -> c444/D : -7.697340
[setup in-reg] in5 -> s865/D : -7.692936
[setup in-out] in5 -> out32 : -7.668263
[setup in-reg] in5 -> merge769/D : -7.666795
[setup in-out] in5 -> out15 : -7.603351
[setup in-out] in5 -> out22 : -7.580063
[setup in-reg] in5 -> c480/RESET_B : -7.551972
[setup in-reg] in5 -> s851/D : -7.533546
[setup in-reg] in5 -> c424/RESET_B : -7.455590
[setup in-reg] in5 -> merge791/D : -7.434149
[setup in-reg] in5 -> merge811/SCE : -7.421557
[setup in-reg] in5 -> merge774/D : -7.364770
[setup in-reg] in5 -> c693/RESET_B : -7.356265
[setup in-reg] in49 -> s835/D : -7.353935
[setup in-reg] in49 -> merge815/D : -7.348337
[setup in-reg] in5 -> c323/RESET_B : -7.299308
[setup in-reg] in5 -> s878/D : -7.296860
[setup in-out] in49 -> out26 : -7.248333
[setup in-reg] in5 -> c323/SCE : -7.203355
[setup in-reg] in5 -> merge810/DE : -7.161113
[setup in-reg] in5 -> c328/SET_B : -7.138605
[setup in-reg] in5 -> merge769/RESET_B : -7.136919
[setup in-reg] in5 -> s870/GATE : -7.112512
[setup in-out] in5 -> out3 : -7.089979
[setup in-reg] in5 -> merge773/SET_B : -7.061148
[setup in-reg] in5 -> merge810/D : -7.021374
[setup in-reg] in5 -> s872/GATE : -7.009088
[setup in-reg] in5 -> merge809/DE : -6.975372
[setup in-reg] in5 -> c477/SCE : -6.969459
[setup in-reg] in5 -> s876/D : -6.953658
[setup in-reg] in5 -> merge789/D : -6.938288
[setup in-reg] in49 -> c477/D : -6.874882
[setup in-reg] in49 -> s834/D : -6.823857
[setup in-reg] in49 -> s839/GATE : -6.798825
[setup in-reg] in5 -> s867/D : -6.715453
[setup in-reg] in5 -> s881/D : -6.715206
[setup in-reg] in5 -> s871/GATE : -6.710962
[setup in-reg] in5 -> merge801/D : -6.707154
[setup in-reg] in5 -> c216/SCD : -6.676997
[setup in-reg] in5 -> s845/D : -6.677002
[setup in-reg] in49 -> s837/D : -6.652861
[setup in-reg] in5 -> s840/GATE : -6.594474
[setup in-reg] in5 -> s862/D : -6.551265
[setup in-reg] in5 -> merge774/SET_B : -6.517364
[setup in-reg] in49 -> s854/GATE : -6.508161
[setup in-reg] in49 -> s882/D : -6.500824
[setup in-reg] in5 -> c218/D : -6.499260
[setup in-reg] in5 -> s877/D : -6.478512
[setup in-out] in49 -> out4 : -6.462890
[setup in-reg] in5 -> c588/SCD : -6.452274
[setup in-reg] in5 -> c215/RESET_B : -6.433577
[setup in-reg] in49 -> c373/SCE : -6.429887
[setup in-reg] in5 -> c601/RESET_B : -6.377438
[setup in-reg] in5 -> c349/RESET_B : -6.307373
[setup in-out] in5 -> out19 : -6.284193
[setup in-reg] in5 -> s850/D : -6.270511
[setup in-reg] in5 -> s822/GATE : -6.235226
[setup in-reg] in5 -> s884/D : -6.219148
[setup in-reg] in5 -> c612/SCE : -6.217672
[setup in-reg] in5 -> s829/D : -6.206565
[setup in-out] in5 -> out35 : -6.204418
[setup in-reg] in5 -> s821/D : -6.178043
[setup in-reg] in5 -> c535/RESET_B : -6.173276
[setup in-reg] in5 -> s853/D : -6.171888
[setup in-reg] in5 -> s846/D : -6.159153
[setup in-out] in5 -> out33 : -6.154131
[setup in-reg] in5 -> s836/D : -6.151603
[setup in-reg] in5 -> s874/D : -6.112413
[setup in-reg] in5 -> c557/RESET_B : -6.107338
[setup in-reg] in5 -> merge813/SCE : -6.094800
[setup in-reg] in5 -> s833/D : -6.047833
[setup in-out] in49 -> out13 : -6.026822
[setup in-reg] in5 -> c613/RESET_B : -6.004669
[setup in-reg] in5 -> s866/D : -6.001601
[setup in-reg] in5 -> s817/D : -5.957623
[setup in-reg] in5 -> merge789/RESET_B : -5.943920
[setup in-reg] in49 -> c373/D : -5.932484
[setup in-reg] in5 -> merge812/GATE : -5.929028
[setup in-out] in5 -> out43 : -5.906095
[setup in-reg] in5 -> s828/D : -5.899012
[setup in-reg] in5 -> merge798/D : -5.883999
[setup in-reg] in5 -> s820/D : -5.882799
[setup in-out] in49 -> out58 : -5.880579
[setup in-reg] in5 -> c584/SCE : -5.873721
[setup in-reg] in5 -> s860/D : -5.868826
[setup in-reg] in5 -> s873/D : -5.852659
[setup in-reg] in5 -> c415/SET_B : -5.847372
[setup in-reg] in5 -> merge776/DE : -5.743553
[setup in-reg] in5 -> c592/D : -5.742488
[setup in-reg] in5 -> merge801/RESET_B : -5.724612
[setup in-out] in5 -> out49 : -5.696351
[setup in-reg] in5 -> s841/D : -5.678041
[setup in-reg] in5 -> c673/SCD : -5.675488
[setup in-reg] in5 -> c722/SCD : -5.675201
[setup in-reg] in5 -> merge790/D : -5.673876
[setup in-reg] in5 -> c535/D : -5.647464
[setup in-reg] in5 -> merge773/SCE : -5.646107
[setup in-reg] in5 -> s855/GATE : -5.627334
[setup in-reg] in5 -> merge797/D : -5.585858
[setup in-reg] in49 -> merge813/GATE : -5.575751
[setup in-out] in49 -> out24 : -5.567889
[setup in-reg] in5 -> merge812/SCE : -5.561527
[setup in-out] in5 -> out51 : -5.560218
[setup in-reg] in5 -> s825/D : -5.546556
[setup in-reg] in5 -> s849/D : -5.520129
[setup in-reg] in5 -> c478/SCD : -5.517835
[setup in-reg] in5 -> s824/GATE : -5.515912
[setup in-reg] in5 -> s844/D : -5.513384
[setup in-reg] in5 -> c459/SCD : -5.512610
[setup in-reg] in5 -> s819/D : -5.469739
[setup in-reg] in5 -> c430/SCD : -5.454582
[setup in-reg] in5 -> s852/D : -5.443012
[setup in-reg] in5 -> s842/D : -5.438061
[setup in-reg] in5 -> s826/D : -5.431161
[setup in-reg] in5 -> c588/SCE : -5.413427
[setup in-reg] in5 -> s823/GATE : -5.395316
[setup in-reg] in5 -> merge796/D : -5.374652
[setup in-reg] in5 -> s830/D : -5.367830
[setup in-reg] in5 -> merge809/D : -5.338744
[setup in-reg] in5 -> merge798/RESET_B : -5.292656
[setup reg-reg] s826/Q -> c479/SET_B : -5.274952
[setup in-reg] in5 -> merge811/GATE : -5.261068
[setup in-reg] in5 -> s838/GATE : -5.257536
[setup in-reg] in5 -> s868/D : -5.248968
[setup in-out] in5 -> out1 : -5.206652
[setup in-reg] in5 -> merge792/SET_B : -5.201062
[setup in-reg] in5 -> c296/SCE : -5.139936
[setup in-reg] in5 -> merge793/D : -5.110590
[setup in-reg] in49 -> merge785/RESET_B : -5.110454
[setup in-reg] in49 -> c218/SET_B : -5.101871
[setup in-reg] in49 -> merge815/RESET_B : -5.098438
[setup in-reg] in5 -> c471/SCD : -5.090262
[setup in-reg] in5 -> c458/D : -5.061415
[setup in-reg] in49 -> s858/D : -5.055152
[setup in-reg] in5 -> c673/RESET_B : -5.035276
[setup in-reg] in5 -> s818/D : -5.027772
[setup in-reg] in5 -> c693/D : -5.025692
[setup in-reg] in49 -> c215/SET_B : -5.022561
[setup in-reg] in5 -> c366/SCE : -5.015068
[setup in-reg] in5 -> merge786/D : -4.987614
[setup in-reg] in5 -> merge783/RESET_B : -4.963842
[setup in-out] in5 -> out20 : -4.952703
[setup in-reg] in5 -> c607/D : -4.891469
[setup in-reg] in5 -> merge794/D : -4.878808
[setup in-reg] in5 -> c607/SCE : -4.874549
[setup in-reg] in5 -> c217/SCE : -4.830743
[setup in-reg] in5 -> s869/D : -4.828134
[setup in-reg] in5 -> c478/D : -4.819537
[setup in-reg] in5 -> c474/SET_B : -4.805619
[setup in-reg] in49 -> merge785/D : -4.746023
[setup in-reg] in5 -> merge793/SET_B : -4.720312
[setup in-out] in49 -> out9 : -4.717927
[setup in-reg] in5 -> c444/SET_B : -4.687945
[setup in-reg] in5 -> c584/D : -4.646548
[setup in-reg] in5 -> c424/SET_B : -4.629698
[setup in-reg] in5 -> merge776/D : -4.629543
[setup in-reg] in5 -> c585/SCD : -4.617348
[setup in-reg] in5 -> c688/SCD : -4.610147
[setup in-reg] in49 -> c218/RESET_B : -4.600248
[setup in-reg] in5 -> c569/SCE : -4.598943
[setup in-out] in49 -> out36 : -4.579826
[setup in-out] in49 -> out53 : -4.565414
[setup in-reg] in5 -> s883/D : -4.526646
[setup in-reg] in5 -> merge791/RESET_B : -4.478866
[setup in-reg] in5 -> merge795/D : -4.466787
[setup in-reg] in49 -> c219/SET_B : -4.465501
[setup in-reg] in5 -> merge792/D : -4.452848
[setup in-reg] in5 -> c568/SCE : -4.451924
[setup in-reg] in5 -> merge794/SET_B : -4.397388
[setup in-reg] in5 -> merge803/D : -4.387752
[setup in-reg] in5 -> merge796/SET_B : -4.317699
[setup in-reg] in5 -> merge802/RESET_B : -4.313009
[setup in-reg] in5 -> c468/D : -4.301817
[setup in-out] in49 -> out27 : -4.295558
[setup in-out] in49 -> out44 : -4.253634
[setup reg-reg] merge797/Q_N -> s857/D : -4.204090
[setup in-reg] in5 -> merge790/RESET_B : -4.197476
[setup in-reg] in5 -> merge795/SET_B : -4.125954
[setup in-reg] in5 -> c592/SET_B : -4.063909
[setup in-reg] in5 -> c468/RESET_B : -4.046032
[setup in-reg] in49 -> c612/SCD : -4.025599
[setup in-reg] in5 -> c309/SCE : -4.025460
[setup in-reg] in5 -> merge797/RESET_B : -4.024770
[setup in-reg] in5 -> s856/GATE : -4.016980
[setup in-reg] in5 -> c471/SET_B : -3.975044
[setup reg-out] merge797/Q -> out16 : -3.952122
[setup in-reg] in5 -> s861/D : -3.947805
[setup in-out] in5 -> out7 : -3.907735
[setup reg-out] s829/Q -> out14 : -3.894669
[setup in-reg] in5 -> c612/D : -3.877064
[setup in-reg] in5 -> c296/RESET_B : -3.756243
[setup in-reg] in5 -> merge802/D : -3.750004
[setup in-reg] in5 -> c321/SCE : -3.707147
[setup in-reg] in5 -> c468/SCD : -3.649779
[setup reg-out] s830/Q -> out23 : -3.598547
[setup in-reg] in5 -> c585/SCE : -3.485886
[setup in-reg] in5 -> c693/SET_B : -3.443078
[setup in-reg] in10 -> c480/SCD : -3.423998
[setup in-reg] in5 -> merge814/RESET_B : -3.371859
[setup in-reg] in5 -> c430/D : -3.260781
[setup in-reg] in5 -> c722/SCE : -3.227373
[setup in-reg] in5 -> c717/RESET_B : -3.165522
[setup in-reg] in10 -> c373/RESET_B : -3.146222
[setup in-out] in49 -> out2 : -2.930255
[setup in-reg] in5 -> c468/SCE : -2.818642
[setup in-reg] in49 -> merge774/RESET_B : -2.813801
[setup in-reg] in5 -> c607/SCD : -2.755898
[setup in-reg] in5 -> c373/SET_B : -2.751690
[setup in-reg] in5 -> c569/SET_B : -2.674602
[setup in-reg] in5 -> merge803/RESET_B : -2.657538
[setup in-reg] in5 -> c444/RESET_B : -2.648257
[setup in-reg] in5 -> c444/SCD : -2.637157
[setup in-reg] in5 -> merge783/D : -2.626109
[setup in-reg] in5 -> c459/RESET_B : -2.621253
[setup in-reg] in5 -> c321/D : -2.565302
[setup in-reg] in5 -> c482/SET_B : -2.537850
[setup in-reg] in5 -> c568/SCD : -2.505980
[setup in-reg] in5 -> c568/SET_B : -2.504408
[setup in-reg] in49 -> c471/RESET_B : -2.445791
[setup in-reg] in5 -> c479/SCE : -2.418535
[setup in-reg] in5 -> c482/RESET_B : -2.418136
[setup in-reg] in5 -> c350/D : -2.404248
[setup in-reg] in5 -> c350/RESET_B : -2.371340
[setup in-out] in49 -> out45 : -2.320571
[setup in-reg] in49 -> c366/RESET_B : -2.262666
[setup in-reg] in5 -> c592/SCE : -2.261341
[setup in-reg] in5 -> c569/RESET_B : -2.158194
[setup in-out] in5 -> out41 : -2.152112
[setup in-reg] in5 -> c444/SCE : -1.812507
[setup in-out] in5 -> out61 : -1.788857
[setup reg-reg] merge798/Q -> c722/D : -1.762333
[setup in-reg] in5 -> c366/D : -1.760894
[setup in-reg] in5 -> c474/SCE : -1.731736
[setup in-reg] in10 -> c459/D : -1.715392
[setup in-reg] in10 -> c424/SCE : -1.693955
[setup in-reg] in5 -> c430/SET_B : -1.625963
[setup in-reg] in49 -> c215/D : -1.550061
[setup reg-reg] merge804/Q -> c557/SCD : -1.541865
[setup in-out] in49 -> out46 : -1.417600
[setup in-reg] in5 -> c688/SCE : -1.250619
[setup in-reg] in5 -> c309/D : -1.175475
[setup in-out] in5 -> out31 : -1.110861
[setup in-reg] in5 -> c613/SCD : -1.010622
[setup in-reg] in18 -> c328/RESET_B : -0.874125
[setup reg-reg] merge802/Q -> c217/SET_B : -0.756621
[setup in-reg] in10 -> c323/D : -0.749836
[setup in-reg] in49 -> c217/SCD : -0.742012
[setup reg-out] c424/Q -> out17 : -0.707517
[setup in-out] in10 -> out50 : -0.583868
[setup in-out] clk -> out55 : -0.533453
[setup in-reg] in5 -> c607/RESET_B : -0.526189
[setup in-reg] in5 -> c218/SCE : -0.515738
[setup reg-reg] merge803/Q -> c468/SET_B : -0.398813
[setup in-reg] in5 -> c430/RESET_B : -0.356539
[setup reg-reg] merge801/Q -> c722/SET_B : -0.288642
[setup reg-reg] s826/Q_N -> c478/SET_B : -0.133801
