Reading OpenROAD database at '/Users/junpeng/openlane2/netlist_mid_ad_max/src/netlist_0/runs/physical_design/12-openroad-generatepdn/netlist_0.odb'…
Reading library file at '/Users/junpeng/.volare/volare/sky130/versions/bdc9412b3e468c102d01b7cf6337be06ec6e9c9a/sky130A/libs.ref/sky130_fd_sc_hd/lib/sky130_fd_sc_hd__tt_025C_1v80.lib'…
Reading design constraints file at '/nix/store/fvqq0703nb8y0f998v8hgg5l6mjj8gb5-python3-3.11.6-env/lib/python3.11/site-packages/openlane/scripts/base.sdc'…
[INFO] Using clock clk…
[INFO] Setting output delay to: 1.6
[INFO] Setting input delay to: 1.6
[INFO] Setting load to: 0.033442
[INFO] Setting clock uncertainty to: 0.25
[INFO] Setting clock transition to: 0.1499999999999999944488848768742172978818416595458984375
[INFO] Setting timing derate to: 5%
{*}-density 0.333936 -skip_io -pad_right 0 -pad_left 0 -init_wirelength_coef 0.25
[INFO GPL-0002] DBU: 1000
[INFO GPL-0003] SiteSize: 460 2720
[INFO GPL-0004] CoreAreaLxLy: 5520 10880
[INFO GPL-0005] CoreAreaUxUy: 294400 288320
[INFO GPL-0006] NumInstances: 2191
[INFO GPL-0007] NumPlaceInstances: 843
[INFO GPL-0008] NumFixedInstances: 1348
[INFO GPL-0009] NumDummyInstances: 0
[INFO GPL-0010] NumNets: 986
[INFO GPL-0011] NumPins: 4743
[INFO GPL-0012] DieAreaLxLy: 0 0
[INFO GPL-0013] DieAreaUxUy: 300000 300000
[INFO GPL-0014] CoreAreaLxLy: 5520 10880
[INFO GPL-0015] CoreAreaUxUy: 294400 288320
[INFO GPL-0016] CoreArea: 80146867200
[INFO GPL-0017] NonPlaceInstsArea: 2197107200
[INFO GPL-0018] PlaceInstsArea: 17317859200
[INFO GPL-0019] Util(%): 22.22
[INFO GPL-0020] StdInstsArea: 17317859200
[INFO GPL-0021] MacroInstsArea: 0
[INFO GPL-0031] FillerInit: NumGCells: 1267
[INFO GPL-0032] FillerInit: NumGNets: 986
[INFO GPL-0033] FillerInit: NumGPins: 4743
[INFO GPL-0023] TargetDensity: 0.33
[INFO GPL-0024] AveragePlaceInstArea: 20543130
[INFO GPL-0025] IdealBinArea: 61518164
[INFO GPL-0026] IdealBinCnt: 1302
[INFO GPL-0027] TotalBinArea: 80146867200
[INFO GPL-0028] BinCnt: 32 32
[INFO GPL-0029] BinSize: 9028 8670
[INFO GPL-0030] NumBins: 1024
[NesterovSolve] Iter: 1 overflow: 0.993826 HPWL: 6017631
[NesterovSolve] Iter: 10 overflow: 0.98841 HPWL: 5054333
[NesterovSolve] Iter: 20 overflow: 0.987943 HPWL: 5045439
[NesterovSolve] Iter: 30 overflow: 0.988022 HPWL: 5046643
[NesterovSolve] Iter: 40 overflow: 0.987952 HPWL: 5046036
[NesterovSolve] Iter: 50 overflow: 0.987954 HPWL: 5046240
[NesterovSolve] Iter: 60 overflow: 0.987952 HPWL: 5046876
[NesterovSolve] Iter: 70 overflow: 0.987943 HPWL: 5047969
[NesterovSolve] Iter: 80 overflow: 0.987943 HPWL: 5049941
[NesterovSolve] Iter: 90 overflow: 0.987943 HPWL: 5052882
[NesterovSolve] Iter: 100 overflow: 0.987943 HPWL: 5057975
[NesterovSolve] Iter: 110 overflow: 0.987943 HPWL: 5067505
[NesterovSolve] Iter: 120 overflow: 0.987943 HPWL: 5083343
[NesterovSolve] Iter: 130 overflow: 0.987943 HPWL: 5109013
[NesterovSolve] Iter: 140 overflow: 0.987914 HPWL: 5167680
[NesterovSolve] Iter: 150 overflow: 0.987312 HPWL: 5373056
[NesterovSolve] Iter: 160 overflow: 0.984777 HPWL: 6138728
[NesterovSolve] Iter: 170 overflow: 0.969275 HPWL: 8059188
[NesterovSolve] Iter: 180 overflow: 0.952525 HPWL: 10929411
[NesterovSolve] Iter: 190 overflow: 0.936528 HPWL: 13125825
[NesterovSolve] Iter: 200 overflow: 0.917493 HPWL: 15567487
[NesterovSolve] Iter: 210 overflow: 0.891723 HPWL: 18192263
[NesterovSolve] Iter: 220 overflow: 0.864761 HPWL: 21185596
[NesterovSolve] Iter: 230 overflow: 0.83056 HPWL: 24278508
[NesterovSolve] Iter: 240 overflow: 0.793473 HPWL: 27529508
[NesterovSolve] Iter: 250 overflow: 0.752274 HPWL: 30412203
[NesterovSolve] Iter: 260 overflow: 0.705062 HPWL: 33727277
[NesterovSolve] Iter: 270 overflow: 0.656393 HPWL: 36851641
[NesterovSolve] Iter: 280 overflow: 0.605355 HPWL: 39851272
[NesterovSolve] Iter: 290 overflow: 0.552018 HPWL: 42717044
[NesterovSolve] Iter: 300 overflow: 0.495919 HPWL: 45546641
[NesterovSolve] Iter: 310 overflow: 0.436699 HPWL: 48207012
[NesterovSolve] Iter: 320 overflow: 0.388933 HPWL: 50765606
[NesterovSolve] Iter: 330 overflow: 0.346325 HPWL: 52965545
[NesterovSolve] Iter: 340 overflow: 0.312346 HPWL: 54124084
[NesterovSolve] Iter: 350 overflow: 0.273012 HPWL: 55225406
[NesterovSolve] Iter: 360 overflow: 0.238018 HPWL: 56175418
[NesterovSolve] Iter: 370 overflow: 0.199597 HPWL: 56956226
[NesterovSolve] Iter: 380 overflow: 0.161414 HPWL: 57581927
[NesterovSolve] Iter: 390 overflow: 0.130778 HPWL: 58104140
[NesterovSolve] Iter: 400 overflow: 0.107898 HPWL: 58484807
[NesterovSolve] Finished with Overflow: 0.099239
[INFO] Setting RC values…
Setting global connections for newly added cells…
[INFO] Setting global connections...
Writing OpenROAD database to '/Users/junpeng/openlane2/netlist_mid_ad_max/src/netlist_0/runs/physical_design/15-openroad-globalplacementskipio/netlist_0.odb'…
Writing netlist to '/Users/junpeng/openlane2/netlist_mid_ad_max/src/netlist_0/runs/physical_design/15-openroad-globalplacementskipio/netlist_0.nl.v'…
Writing powered netlist to '/Users/junpeng/openlane2/netlist_mid_ad_max/src/netlist_0/runs/physical_design/15-openroad-globalplacementskipio/netlist_0.pnl.v'…
Writing layout to '/Users/junpeng/openlane2/netlist_mid_ad_max/src/netlist_0/runs/physical_design/15-openroad-globalplacementskipio/netlist_0.def'…
Writing timing constraints to '/Users/junpeng/openlane2/netlist_mid_ad_max/src/netlist_0/runs/physical_design/15-openroad-globalplacementskipio/netlist_0.sdc'…
