
===========================================================================
Violator List
============================================================================
[hold reg-reg] s766/Q -> c479/SET_B : -1.613932
[hold in-reg] in46 -> c472/SET_B : -0.810066
[hold reg-reg] c520/Q -> c523/RESET_B : -0.217389
[hold in-reg] in7 -> c440/SET_B : -0.188025
[hold reg-reg] c420/Q_N -> c425/RESET_B : -0.096836
[hold reg-reg] s766/Q -> c479/SET_B : -0.077828
[setup reg-reg] c301/Q -> c718/SET_B : -6.990825
[setup reg-reg] c183/Q -> c599/SET_B : -4.631594
[setup reg-out] c573/Q -> out18 : -3.145759
[setup reg-reg] s766/Q -> c479/SET_B : -3.080447
[setup in-reg] in14 -> c402/RESET_B : -3.004378
[setup in-reg] in14 -> s766/D : -2.967837
[setup in-reg] in5 -> c419/SET_B : -2.957462
[setup in-reg] in14 -> s771/D : -2.898511
[setup in-reg] in14 -> c703/SCE : -2.679201
[setup reg-out] s768/Q -> out46 : -2.667481
[setup reg-out] c301/Q -> out14 : -2.647333
[setup in-reg] in5 -> c440/SET_B : -2.556623
[setup in-reg] in14 -> c335/RESET_B : -2.486575
[setup reg-out] s768/Q -> out50 : -2.258857
[setup in-reg] in14 -> s770/D : -2.153554
[setup reg-out] c301/Q -> out33 : -2.148394
[setup in-reg] in14 -> c720/SCE : -2.132157
[setup in-reg] in14 -> c517/D : -1.963798
[setup in-reg] in5 -> c718/SCD : -1.932508
[setup in-reg] in5 -> c711/SCD : -1.930034
[setup in-reg] in14 -> c562/D : -1.908409
[setup in-reg] in47 -> c354/SCE : -1.869581
[setup in-reg] in14 -> c671/D : -1.840991
[setup reg-out] s768/Q -> out25 : -1.835929
[setup in-reg] in14 -> c574/SET_B : -1.833275
[setup in-reg] in14 -> c562/RESET_B : -1.808133
[setup in-reg] in14 -> c720/SCD : -1.794297
[setup in-reg] in14 -> c718/RESET_B : -1.761162
[setup in-reg] in14 -> c326/D : -1.747412
[setup in-reg] in14 -> c666/RESET_B : -1.720151
[setup reg-out] s764/Q -> out17 : -1.719945
[setup in-reg] in14 -> c588/SET_B : -1.688700
[setup in-reg] in47 -> c354/RESET_B : -1.667145
[setup in-reg] in14 -> c577/SET_B : -1.613905
[setup in-reg] in14 -> c412/D : -1.605993
[setup in-reg] in14 -> c574/D : -1.569116
[setup in-reg] in14 -> c403/RESET_B : -1.553214
[setup in-reg] in14 -> c596/SCE : -1.524179
[setup in-reg] in14 -> c599/SCE : -1.523041
[setup in-reg] in14 -> c407/SET_B : -1.475392
[setup in-reg] in14 -> c225/SCD : -1.438312
[setup in-reg] in14 -> c706/SET_B : -1.431540
[setup reg-reg] c316/Q_N -> c734/D : -1.409154
[setup in-reg] in14 -> c306/D : -1.394360
[setup reg-reg] s771/Q -> c711/D : -1.389221
[setup in-reg] in14 -> c247/SCE : -1.382986
[setup in-reg] in14 -> c369/D : -1.375001
[setup reg-out] s764/Q -> out16 : -1.372097
[setup in-reg] in14 -> c316/D : -1.360728
[setup in-reg] in14 -> c472/D : -1.341231
[setup in-reg] in14 -> c186/RESET_B : -1.331497
[setup in-reg] in14 -> c711/SET_B : -1.321083
[setup in-reg] in14 -> c734/RESET_B : -1.293792
[setup in-reg] in5 -> c711/RESET_B : -1.282314
[setup in-reg] in47 -> c247/SCD : -1.263898
[setup reg-out] c301/Q -> out28 : -1.262561
[setup reg-out] c554/Q -> out2 : -1.253039
[setup reg-reg] s765/Q -> c600/SCE : -1.221517
[setup in-reg] in14 -> c440/RESET_B : -1.211707
[setup in-reg] in14 -> c183/D : -1.183490
[setup in-reg] in14 -> c588/SCD : -1.160564
[setup in-reg] in14 -> c184/SET_B : -1.138508
[setup in-reg] in47 -> c335/SCE : -1.130237
[setup in-reg] in47 -> c335/D : -1.127529
[setup reg-reg] s765/Q -> c605/D : -1.043047
[setup in-reg] in14 -> c326/RESET_B : -1.029455
[setup in-reg] in14 -> c186/D : -1.021369
[setup in-reg] in14 -> c472/RESET_B : -1.006384
[setup in-reg] in47 -> c250/D : -0.978438
[setup in-reg] in14 -> c476/D : -0.963469
[setup reg-reg] s771/Q -> c703/D : -0.938570
[setup in-reg] in47 -> c472/SET_B : -0.936253
[setup reg-reg] s769/Q -> c601/SCD : -0.914524
[setup reg-out] c186/Q -> out48 : -0.884179
[setup reg-reg] s769/Q -> s772/D : -0.877998
[setup in-reg] in5 -> c706/RESET_B : -0.786004
[setup in-reg] in14 -> c720/RESET_B : -0.745042
[setup in-reg] in5 -> c336/SET_B : -0.715005
[setup in-reg] in5 -> c326/SET_B : -0.713551
[setup in-reg] in14 -> c250/RESET_B : -0.703391
[setup reg-reg] s767/Q -> s775/D : -0.703350
[setup in-reg] in5 -> c703/SET_B : -0.675080
[setup in-reg] in14 -> c564/RESET_B : -0.660619
[setup in-reg] in14 -> c599/SET_B : -0.636106
[setup in-reg] in14 -> c225/RESET_B : -0.624545
[setup in-reg] in5 -> c596/SCD : -0.572575
[setup reg-reg] c573/Q -> c715/SCE : -0.570873
[setup reg-reg] c306/Q -> c440/D : -0.568932
[setup reg-reg] c301/Q -> s773/D : -0.564034
[setup in-reg] in5 -> c599/D : -0.553668
[setup reg-reg] c573/Q -> c727/SCD : -0.525424
[setup reg-reg] c301/Q_N -> s765/D : -0.523683
[setup in-reg] in5 -> c718/SET_B : -0.515435
[setup in-reg] in14 -> c599/RESET_B : -0.512595
[setup in-out] in14 -> out39 : -0.468571
[setup reg-out] c225/Q -> out27 : -0.434423
[setup reg-reg] c301/Q_N -> c481/SCD : -0.421490
[setup in-reg] in47 -> c588/D : -0.391497
[setup reg-reg] c301/Q_N -> s767/D : -0.389100
[setup reg-reg] c301/Q -> s769/D : -0.386923
[setup reg-reg] s771/Q -> c666/SET_B : -0.367863
[setup in-reg] in14 -> c186/SET_B : -0.367803
[setup in-reg] in51 -> c247/SET_B : -0.333589
[setup reg-reg] c316/Q_N -> c577/RESET_B : -0.316583
[setup reg-reg] c573/Q -> c600/SCD : -0.316353
[setup in-reg] in5 -> c703/RESET_B : -0.289055
[setup reg-reg] c301/Q -> s774/D : -0.259011
[setup reg-out] c183/Q -> out10 : -0.217346
[setup in-reg] in5 -> c645/RESET_B : -0.198330
[setup reg-out] c247/Q -> out44 : -0.143212
[setup reg-out] c336/Q -> out47 : -0.117712
[setup in-reg] in14 -> c306/RESET_B : -0.115090
[setup reg-reg] c301/Q -> s760/D : -0.108348
[setup reg-reg] c301/Q -> c592/D : -0.100971
[setup reg-reg] c301/Q_N -> c479/RESET_B : -0.079402
[setup in-out] in14 -> out15 : -0.017016
[setup reg-reg] c301/Q -> c605/SCD : -0.009948
[setup in-out] in14 -> out29 : -0.006177
[setup reg-reg] c301/Q -> c573/D : 0.000000
[setup reg-reg] c402/Q -> c403/D : 0.000000
[setup in-reg] in5 -> c402/D : 0.000000
[setup reg-reg] c186/Q -> s768/D : 0.000000
[setup in-reg] in14 -> c301/D : 0.000000
[setup reg-reg] s764/Q -> c554/D : 0.000000
[setup in-reg] in14 -> c549/D : 0.000000
[setup in-reg] in14 -> s764/D : 0.000000
[setup in-reg] in14 -> c643/D : 0.000000
[setup in-reg] in14 -> c320/D : 0.000000
[setup reg-reg] c294/Q -> c323/D : 0.000000
[setup reg-reg] c519/Q -> c564/D : 0.000000
[setup in-reg] in14 -> c294/D : 0.000000
Writing metric timing__hold_vio__count__corner:nom_tt_025C_1v80: 6
Writing metric timing__hold_r2r__ws__corner:nom_tt_025C_1v80: -1.613932
Writing metric timing__hold_r2r_vio__count__corner:nom_tt_025C_1v80: 4
Writing metric timing__setup_vio__count__corner:nom_tt_025C_1v80: 131
Writing metric timing__setup_r2r__ws__corner:nom_tt_025C_1v80: -6.990825
Writing metric timing__setup_r2r_vio__count__corner:nom_tt_025C_1v80: 33
