
===========================================================================
Violator List
============================================================================
[hold reg-reg] s890/Q -> c736/SET_B : -7.444621
[hold reg-reg] merge821/Q -> merge778/SET_B : -1.524401
[hold reg-reg] merge821/Q -> c305/SET_B : -1.517229
[hold reg-reg] s906/Q -> c299/RESET_B : -0.562017
[hold reg-reg] s890/Q -> c733/D : -0.359431
[hold in-reg] clk -> c737/D : -0.341091
[hold reg-reg] s890/Q -> c737/RESET_B : -0.338479
[hold reg-reg] s890/Q -> c732/SCD : -0.281108
[hold reg-reg] s890/Q -> c732/D : -0.216864
[hold reg-reg] s890/Q -> c733/SCE : -0.204983
[hold reg-reg] s900/Q -> merge840/D : -0.163487
[hold reg-reg] merge837/Q -> s880/GATE : -0.092089
[hold in-reg] clk -> merge823/DE : -0.066031
[hold reg-reg] merge778/Q_N -> c299/RESET_B : -0.060489
[hold reg-reg] merge833/Q -> merge788/D : -0.049902
[hold reg-reg] merge766/Q -> merge829/RESET_B : -0.032611
[hold reg-reg] s891/Q -> s894/D : -0.005667
[setup reg-reg] s882/Q -> c736/SET_B : -10.424691
[setup reg-reg] merge815/Q -> c736/RESET_B : -10.143682
[setup reg-reg] merge816/Q_N -> s868/D : -9.261333
[setup reg-reg] s866/Q -> merge818/D : -9.045609
[setup reg-reg] s866/Q -> s869/D : -9.033094
[setup reg-reg] s866/Q -> merge837/D : -8.997986
[setup reg-reg] s866/Q -> merge818/RESET_B : -8.791620
[setup reg-reg] s882/Q -> s890/D : -8.755002
[setup in-out] clk -> out59 : -8.625978
[setup reg-reg] s882/Q -> s891/D : -8.614285
[setup in-out] clk -> out57 : -8.388946
[setup in-out] clk -> out55 : -7.991973
[setup in-out] clk -> out24 : -7.483689
[setup reg-reg] s882/Q -> merge809/D : -6.950663
[setup reg-reg] s903/Q -> s903/D : -6.362474
[setup reg-out] s882/Q -> out16 : -6.351237
[setup reg-reg] s882/Q -> s892/D : -6.269992
[setup reg-out] s882/Q -> out18 : -6.200240
[setup reg-reg] s903/Q -> merge813/D : -6.193635
[setup reg-reg] s903/Q -> s871/D : -6.030513
[setup reg-reg] s903/Q -> s870/D : -6.020266
[setup in-reg] clk -> c395/D : -5.967783
[setup in-reg] clk -> c395/SCD : -5.890007
[setup reg-reg] s882/Q -> merge828/SCE : -5.829307
[setup reg-reg] s903/Q -> merge806/D : -5.780314
[setup reg-reg] s882/Q -> s894/D : -5.765439
[setup reg-reg] s882/Q -> s893/D : -5.753235
[setup reg-reg] s903/Q -> merge779/D : -5.744395
[setup reg-reg] s903/Q -> s906/D : -5.737669
[setup reg-reg] s882/Q -> merge840/D : -5.737131
[setup reg-reg] s903/Q -> c450/SCE : -5.693509
[setup reg-reg] s882/Q -> s895/GATE : -5.670156
[setup reg-reg] s903/Q -> merge808/D : -5.661522
[setup reg-reg] s903/Q -> c453/D : -5.654840
[setup reg-reg] s903/Q -> s901/D : -5.648108
[setup reg-reg] s882/Q -> merge824/DE : -5.633996
[setup reg-reg] s882/Q -> merge836/D : -5.626774
[setup reg-reg] s882/Q -> s897/GATE : -5.604710
[setup reg-reg] s903/Q -> c450/RESET_B : -5.573668
[setup reg-reg] s882/Q -> s896/GATE : -5.524321
[setup reg-reg] s882/Q -> s898/D : -5.514884
[setup reg-reg] s903/Q -> merge811/D : -5.512276
[setup reg-reg] s903/Q -> c339/SCE : -5.493105
[setup reg-reg] s903/Q -> s877/D : -5.430498
[setup reg-reg] s903/Q -> s876/D : -5.415993
[setup reg-reg] s903/Q -> s908/D : -5.415657
[setup reg-reg] s903/Q -> s874/D : -5.411353
[setup reg-reg] s903/Q -> c450/SCD : -5.397806
[setup reg-reg] s903/Q -> merge785/SCE : -5.391669
[setup reg-reg] s903/Q -> s858/D : -5.388378
[setup reg-reg] s903/Q -> merge824/D : -5.379201
[setup reg-reg] s903/Q -> merge779/SCD : -5.357101
[setup reg-reg] s882/Q -> merge840/SET_B : -5.319091
[setup reg-reg] s867/Q -> s882/D : -5.296766
[setup reg-reg] s882/Q -> c755/DE : -5.296622
[setup reg-reg] s903/Q -> c454/SCE : -5.267765
[setup reg-reg] s867/Q -> s883/D : -5.267523
[setup reg-reg] s867/Q -> merge827/SCE : -5.246670
[setup reg-reg] s882/Q -> c732/D : -5.217718
[setup reg-reg] s903/Q -> merge812/D : -5.193023
[setup reg-reg] s882/Q -> c733/SCE : -5.192350
[setup reg-reg] s903/Q -> merge779/DE : -5.182646
[setup reg-reg] s903/Q -> merge813/RESET_B : -5.106403
[setup reg-reg] s903/Q -> merge814/D : -5.038837
[setup reg-reg] s903/Q -> s875/D : -5.021750
[setup reg-reg] s903/Q -> c339/D : -5.016475
[setup reg-reg] s882/Q -> c755/D : -4.987372
[setup reg-reg] s867/Q -> s886/D : -4.968194
[setup reg-reg] s882/Q -> c755/SCE : -4.955327
[setup reg-reg] s882/Q -> c737/SCD : -4.940487
[setup reg-reg] s903/Q -> merge812/SET_B : -4.878650
[setup reg-reg] s903/Q -> merge801/D : -4.762452
[setup in-reg] clk -> c395/RESET_B : -4.746967
[setup reg-reg] s867/Q -> s887/D : -4.733665
[setup reg-reg] s867/Q -> c670/SCD : -4.716786
[setup reg-reg] s867/Q -> merge819/D : -4.711112
[setup reg-reg] s867/Q -> s881/GATE : -4.708082
[setup reg-reg] s903/Q -> merge830/D : -4.689972
[setup reg-reg] s882/Q -> c732/SET_B : -4.617390
[setup reg-reg] s882/Q -> c737/RESET_B : -4.599035
[setup reg-reg] s882/Q -> c733/SET_B : -4.589643
[setup reg-reg] s903/Q -> merge806/RESET_B : -4.587458
[setup reg-reg] s867/Q -> merge827/GATE : -4.530842
[setup reg-reg] s867/Q -> c671/SCE : -4.506703
[setup reg-reg] s867/Q -> c673/SCE : -4.473911
[setup in-reg] in4 -> c307/D : -4.457596
[setup in-reg] in4 -> c305/D : -4.455763
[setup in-reg] in4 -> c170/RESET_B : -4.410919
[setup in-reg] in7 -> s873/D : -4.398313
[setup in-reg] in7 -> merge786/D : -4.381495
[setup in-reg] in4 -> s856/D : -4.372060
[setup reg-reg] s903/Q -> merge811/SET_B : -4.356454
[setup reg-reg] s867/Q -> s878/D : -4.343783
[setup in-reg] in4 -> s857/D : -4.335011
[setup in-reg] in4 -> merge822/D : -4.325161
[setup reg-reg] s867/Q -> merge837/SET_B : -4.313591
[setup in-reg] in4 -> merge821/D : -4.288095
[setup in-reg] in7 -> s872/D : -4.240317
[setup reg-reg] s867/Q -> c673/D : -4.235642
[setup in-reg] in43 -> merge804/D : -4.229289
[setup reg-reg] s882/Q -> c755/SCD : -4.212890
[setup reg-reg] s867/Q -> s879/GATE : -4.148302
[setup reg-reg] s867/Q -> s880/GATE : -4.148212
[setup reg-reg] s867/Q -> c670/SCE : -4.132463
[setup reg-reg] merge778/Q -> c299/RESET_B : -4.130405
[setup reg-reg] merge812/Q -> s884/D : -4.058513
[setup in-reg] in7 -> s905/D : -4.047493
[setup in-reg] in4 -> merge786/SCD : -4.030869
[setup reg-reg] s882/Q -> c732/SCD : -4.017092
[setup reg-reg] s867/Q -> c671/D : -4.005644
[setup in-reg] in4 -> merge821/RESET_B : -3.968805
[setup reg-reg] s882/Q -> c733/D : -3.965575
[setup in-reg] in4 -> merge822/RESET_B : -3.957841
[setup in-reg] in4 -> c299/SCE : -3.942766
[setup in-reg] in4 -> merge820/D : -3.902552
[setup reg-reg] s882/Q -> c732/SCE : -3.879651
[setup reg-reg] s867/Q -> c670/SET_B : -3.826331
[setup reg-reg] s903/Q -> s902/D : -3.796758
[setup reg-out] s885/Q -> out7 : -3.795456
[setup reg-reg] merge778/Q -> c297/SET_B : -3.787160
[setup reg-reg] merge812/Q -> merge794/SCD : -3.778378
[setup reg-reg] s903/Q -> merge766/SCE : -3.755307
[setup in-reg] in4 -> merge778/RESET_B : -3.728150
[setup reg-reg] s903/Q -> merge766/D : -3.726584
[setup in-reg] in4 -> c305/RESET_B : -3.716848
[setup in-reg] in4 -> c297/RESET_B : -3.716599
[setup reg-reg] s867/Q -> c673/SET_B : -3.687586
[setup in-reg] in4 -> merge820/RESET_B : -3.683238
[setup reg-reg] merge812/Q -> merge794/D : -3.677378
[setup in-reg] in43 -> s852/D : -3.667007
[setup reg-reg] s903/Q -> s850/D : -3.656195
[setup reg-reg] s867/Q -> c737/D : -3.643836
[setup reg-reg] merge815/Q -> s900/D : -3.641585
[setup reg-reg] s882/Q -> s885/D : -3.639437
[setup in-reg] in4 -> c297/SCD : -3.635833
[setup reg-out] s885/Q -> out0 : -3.607968
[setup in-reg] in4 -> c307/SCE : -3.584844
[setup reg-reg] s867/Q -> c671/SCD : -3.557556
[setup in-reg] in4 -> c297/D : -3.544243
[setup in-reg] in4 -> merge816/RESET_B : -3.516582
[setup in-reg] in43 -> merge831/RESET_B : -3.497138
[setup in-reg] in7 -> s904/D : -3.456786
[setup reg-reg] s903/Q -> merge829/RESET_B : -3.454888
[setup reg-reg] s903/Q -> s849/GATE : -3.442349
[setup in-reg] in43 -> c103/SCE : -3.381866
[setup in-reg] in43 -> merge804/RESET_B : -3.375619
[setup reg-reg] s903/Q -> merge830/RESET_B : -3.314812
[setup reg-reg] c453/Q -> c736/D : -3.297869
[setup in-reg] in43 -> c105/SCD : -3.274131
[setup in-reg] in4 -> merge816/D : -3.264188
[setup reg-reg] s867/Q -> c671/SET_B : -3.257540
[setup in-reg] in4 -> merge778/SCD : -3.242093
[setup reg-reg] s903/Q -> c208/SCD : -3.237221
[setup in-reg] in7 -> merge831/D : -3.224941
[setup in-reg] in7 -> c451/SCE : -3.212426
[setup in-reg] in7 -> c451/SET_B : -3.156268
[setup in-reg] in7 -> c446/SCE : -3.151712
[setup in-reg] in7 -> c338/SCD : -3.125333
[setup reg-reg] s903/Q -> merge766/DE : -3.121285
[setup in-reg] in43 -> c363/SCD : -3.088095
[setup in-reg] in7 -> c338/SCE : -3.074505
[setup in-reg] in4 -> c299/SET_B : -2.979036
[setup reg-reg] merge821/Q -> merge778/SET_B : -2.974571
[setup reg-reg] s882/Q -> merge810/SET_B : -2.960261
[setup reg-reg] merge821/Q -> c305/SET_B : -2.956123
[setup in-reg] in7 -> merge772/SET_B : -2.933627
[setup in-reg] in4 -> merge778/D : -2.928991
[setup in-reg] in7 -> c446/D : -2.907525
[setup in-reg] in43 -> c105/SCE : -2.811669
[setup reg-reg] s903/Q -> c208/RESET_B : -2.799974
[setup reg-reg] c453/Q -> c736/SET_B : -2.796271
[setup reg-reg] c453/Q -> c756/SCD : -2.768595
[setup in-reg] in7 -> c475/RESET_B : -2.745185
[setup in-reg] in7 -> merge772/RESET_B : -2.744999
[setup in-reg] in43 -> c363/RESET_B : -2.735157
[setup in-reg] in7 -> merge772/D : -2.723433
[setup reg-reg] s902/Q -> s862/D : -2.723406
[setup in-reg] in43 -> c103/SCD : -2.704000
[setup in-reg] in43 -> c216/RESET_B : -2.703408
[setup in-reg] in7 -> c446/RESET_B : -2.674160
[setup in-reg] in43 -> c105/SET_B : -2.659847
[setup reg-reg] c453/Q -> c756/D : -2.656373
[setup reg-reg] c453/Q -> c756/SCE : -2.621025
[setup in-reg] in4 -> merge786/SCE : -2.614823
[setup reg-reg] s899/Q -> s865/GATE : -2.587743
[setup reg-reg] s899/Q -> s866/D : -2.573840
[setup reg-reg] s853/Q -> merge833/D : -2.502984
[setup reg-reg] s853/Q -> s854/D : -2.494003
[setup reg-reg] s902/Q -> merge832/D : -2.478647
[setup reg-reg] s902/Q -> merge823/D : -2.467610
[setup reg-reg] s853/Q -> merge838/D : -2.448284
[setup reg-reg] s899/Q -> s867/D : -2.424161
[setup in-reg] in4 -> c170/SCD : -2.368251
[setup in-reg] in4 -> c305/SCE : -2.359796
[setup reg-reg] s903/Q -> c208/D : -2.355145
[setup reg-reg] merge837/Q_N -> s888/D : -2.210458
[setup reg-reg] merge837/Q_N -> s889/D : -2.186792
[setup in-reg] in43 -> c216/SCE : -2.140940
[setup reg-out] merge812/Q -> out14 : -2.079243
[setup reg-reg] merge837/Q_N -> merge815/D : -2.073429
[setup reg-reg] s902/Q -> merge823/DE : -2.070359
[setup reg-reg] c453/Q -> c756/SET_B : -2.033656
[setup in-reg] in4 -> c305/SCD : -1.979683
[setup reg-reg] s899/Q -> s899/D : -1.972574
[setup reg-reg] s902/Q -> s851/D : -1.951642
[setup reg-reg] s899/Q -> s864/GATE : -1.948680
[setup reg-reg] c453/Q -> c736/SCE : -1.879064
[setup in-reg] in43 -> c103/RESET_B : -1.812220
[setup reg-reg] s902/Q -> merge805/D : -1.805203
[setup reg-reg] s899/Q -> s863/GATE : -1.755887
[setup in-reg] in43 -> c216/SCD : -1.752383
[setup in-reg] in4 -> c170/D : -1.630164
[setup reg-reg] merge837/Q_N -> c674/SCD : -1.551820
[setup reg-reg] merge815/Q -> merge767/D : -1.543142
[setup reg-reg] merge837/Q_N -> merge815/RESET_B : -1.487588
[setup reg-reg] s902/Q -> merge768/SCE : -1.474408
[setup reg-reg] merge812/Q -> merge794/RESET_B : -1.461747
[setup reg-reg] s902/Q -> merge785/RESET_B : -1.458249
[setup reg-reg] s902/Q -> merge784/SCE : -1.346807
[setup reg-reg] s902/Q -> merge784/D : -1.236430
[setup reg-reg] s902/Q -> merge768/D : -1.228266
[setup reg-reg] s899/Q -> c407/RESET_B : -1.162847
[setup reg-reg] s855/Q -> merge829/D : -1.159418
[setup reg-reg] s902/Q -> merge839/SET_B : -1.139769
[setup reg-reg] s902/Q -> merge805/RESET_B : -1.116951
[setup reg-out] merge812/Q -> out10 : -1.062951
[setup reg-reg] s901/Q -> merge785/SCD : -0.994827
[setup reg-reg] s902/Q -> merge784/RESET_B : -0.994779
[setup in-out] clk -> out33 : -0.943232
[setup in-reg] in4 -> c170/SET_B : -0.940254
[setup reg-reg] s902/Q -> merge768/SCD : -0.936804
[setup reg-reg] s902/Q -> merge801/RESET_B : -0.936121
[setup reg-reg] s901/Q -> c339/SCD : -0.906988
[setup reg-reg] merge837/Q_N -> c674/SCE : -0.850414
[setup reg-out] merge812/Q -> out43 : -0.824674
[setup reg-reg] s899/Q -> c407/D : -0.812006
[setup reg-out] merge812/Q -> out15 : -0.809203
[setup in-reg] in4 -> s848/GATE : -0.780824
[setup in-reg] in4 -> merge841/D : -0.766324
[setup reg-reg] s904/Q -> c475/D : -0.758893
[setup reg-reg] merge815/Q -> merge767/SCD : -0.739140
[setup reg-reg] merge817/Q -> merge769/D : -0.711064
[setup reg-reg] merge837/Q_N -> c674/SET_B : -0.642331
[setup reg-reg] s902/Q -> merge784/SET_B : -0.588881
[setup in-reg] in43 -> c105/D : -0.506795
[setup reg-reg] s904/Q -> c446/SCD : -0.482784
[setup in-reg] in43 -> c103/SET_B : -0.459310
[setup in-reg] in4 -> merge838/SET_B : -0.438074
[setup in-reg] in43 -> s843/D : -0.420313
[setup in-reg] in43 -> merge826/SCE : -0.373678
[setup in-reg] in43 -> s844/D : -0.340777
[setup in-reg] in43 -> s845/D : -0.339422
[setup in-reg] in43 -> s842/D : -0.305384
[setup in-reg] in4 -> c302/SCE : -0.266628
[setup reg-reg] merge813/Q -> c450/SET_B : -0.243614
[setup in-reg] in43 -> c103/D : -0.231734
[setup in-reg] in4 -> merge841/SET_B : -0.210056
[setup in-reg] in4 -> merge807/RESET_B : -0.175302
[setup reg-reg] merge821/Q -> merge778/SET_B : -0.129806
[setup reg-reg] merge821/Q -> c305/SET_B : -0.128849
[setup in-reg] in4 -> s855/D : -0.103706
[setup in-reg] in43 -> s859/D : -0.096998
[setup in-reg] in4 -> c273/SCE : -0.096969
[setup in-reg] in4 -> merge807/D : -0.096374
[setup in-reg] in43 -> s847/GATE : -0.038770
[setup in-reg] in4 -> s853/D : 0.000000
[setup in-reg] in43 -> merge817/D : 0.000000
