
===========================================================================
report_checks -unconstrained
===========================================================================
======================= max_ff_n40C_1v95 Corner ===================================

Startpoint: merge866 (negative level-sensitive latch clocked by clk)
Endpoint: merge889 (recovery check against rising-edge clock clk)
Path Group: asynchronous
Path Type: max

Fanout         Cap        Slew       Delay        Time   Description
---------------------------------------------------------------------------------------------
                                  4.000000    4.000000   clock clk (fall edge)
                                  0.000000    4.000000   clock source latency
     2    0.043922    0.068969    0.049709    4.049709 v clk (in)
                                                         clk (net)
                      0.069751    0.000000    4.049709 v clkbuf_0_clk/A (sky130_fd_sc_hd__clkbuf_16)
    33    0.211829    0.106466    0.177856    4.227565 v clkbuf_0_clk/X (sky130_fd_sc_hd__clkbuf_16)
                                                         clknet_0_clk (net)
                      0.107813    0.009564    4.237129 v clkbuf_4_8_0_clk/A (sky130_fd_sc_hd__clkbuf_8)
    13    0.040678    0.042915    0.142917    4.380047 v clkbuf_4_8_0_clk/X (sky130_fd_sc_hd__clkbuf_8)
                                                         clknet_4_8_0_clk (net)
                      0.043025    0.001883    4.381930 v merge866/GATE_N (sky130_fd_sc_hd__dlrtn_4)
                                  3.741544    8.123474   time given to startpoint
                      0.076198    0.000000    8.123474 v merge866/D (sky130_fd_sc_hd__dlrtn_4)
     5    0.045705    0.060277    0.239679    8.363153 v merge866/Q (sky130_fd_sc_hd__dlrtn_4)
                                                         net734 (net)
                      0.060518    0.003272    8.366426 v c203/A (sky130_fd_sc_hd__clkinv_8)
     6    0.041243    0.043226    0.057569    8.423994 ^ c203/Y (sky130_fd_sc_hd__clkinv_8)
                                                         net133 (net)
                      0.043478    0.002570    8.426563 ^ c205/C (sky130_fd_sc_hd__nand3_4)
     1    0.009422    0.049578    0.045985    8.472549 v c205/Y (sky130_fd_sc_hd__nand3_4)
                                                         net135 (net)
                      0.049581    0.000759    8.473308 v clkbuf_0_net135/A (sky130_fd_sc_hd__clkbuf_16)
     2    0.017432    0.025767    0.104957    8.578264 v clkbuf_0_net135/X (sky130_fd_sc_hd__clkbuf_16)
                                                         clknet_0_net135 (net)
                      0.025767    0.000699    8.578963 v clkbuf_1_0__f_net135/A (sky130_fd_sc_hd__clkbuf_16)
     3    0.013736    0.024265    0.092794    8.671758 v clkbuf_1_0__f_net135/X (sky130_fd_sc_hd__clkbuf_16)
                                                         clknet_1_0__leaf_net135 (net)
                      0.024270    0.000831    8.672589 v c206/A2 (sky130_fd_sc_hd__a2111o_2)
     1    0.011354    0.061482    0.299949    8.972538 v c206/X (sky130_fd_sc_hd__a2111o_2)
                                                         net136 (net)
                      0.061499    0.000974    8.973512 v clkbuf_0_net136/A (sky130_fd_sc_hd__clkbuf_16)
     2    0.017759    0.025987    0.110189    9.083701 v clkbuf_0_net136/X (sky130_fd_sc_hd__clkbuf_16)
                                                         clknet_0_net136 (net)
                      0.025992    0.001036    9.084737 v clkbuf_1_0__f_net136/A (sky130_fd_sc_hd__clkbuf_16)
     1    0.004740    0.020158    0.087118    9.171855 v clkbuf_1_0__f_net136/X (sky130_fd_sc_hd__clkbuf_16)
                                                         clknet_1_0__leaf_net136 (net)
                      0.020159    0.000311    9.172166 v c210/A0 (sky130_fd_sc_hd__mux4_2)
     1    0.009814    0.074041    0.267280    9.439445 v c210/X (sky130_fd_sc_hd__mux4_2)
                                                         net140 (net)
                      0.074051    0.000831    9.440277 v clkbuf_0_net140/A (sky130_fd_sc_hd__clkbuf_16)
     2    0.017740    0.026026    0.115644    9.555922 v clkbuf_0_net140/X (sky130_fd_sc_hd__clkbuf_16)
                                                         clknet_0_net140 (net)
                      0.026031    0.001113    9.557034 v clkbuf_1_0__f_net140/A (sky130_fd_sc_hd__clkbuf_16)
     3    0.016482    0.025412    0.094396    9.651431 v clkbuf_1_0__f_net140/X (sky130_fd_sc_hd__clkbuf_16)
                                                         clknet_1_0__leaf_net140 (net)
                      0.025416    0.000866    9.652297 v c214/A (sky130_fd_sc_hd__or3_4)
     1    0.014765    0.057150    0.244706    9.897003 v c214/X (sky130_fd_sc_hd__or3_4)
                                                         net143 (net)
                      0.057253    0.001475    9.898479 v clkbuf_0_net143/A (sky130_fd_sc_hd__clkbuf_16)
     2    0.018726    0.026363    0.108870   10.007349 v clkbuf_0_net143/X (sky130_fd_sc_hd__clkbuf_16)
                                                         clknet_0_net143 (net)
                      0.026382    0.001168   10.008517 v clkbuf_1_0__f_net143/A (sky130_fd_sc_hd__clkbuf_16)
     2    0.009197    0.022390    0.090495   10.099011 v clkbuf_1_0__f_net143/X (sky130_fd_sc_hd__clkbuf_16)
                                                         clknet_1_0__leaf_net143 (net)
                      0.022392    0.000418   10.099430 v c345/A3 (sky130_fd_sc_hd__mux4_1)
     3    0.032125    0.159690    0.381569   10.480999 v c345/X (sky130_fd_sc_hd__mux4_1)
                                                         net939 (net)
                      0.159862    0.004682   10.485682 v clkbuf_0_net939/A (sky130_fd_sc_hd__clkbuf_16)
     2    0.021897    0.029109    0.153413   10.639094 v clkbuf_0_net939/X (sky130_fd_sc_hd__clkbuf_16)
                                                         clknet_0_net939 (net)
                      0.029131    0.001243   10.640338 v clkbuf_1_1__f_net939/A (sky130_fd_sc_hd__clkbuf_16)
    15    0.069062    0.047400    0.117462   10.757800 v clkbuf_1_1__f_net939/X (sky130_fd_sc_hd__clkbuf_16)
                                                         clknet_1_1__leaf_net939 (net)
                      0.047782    0.003325   10.761126 v c748/A2 (sky130_fd_sc_hd__mux4_1)
     1    0.002513    0.061218    0.269096   11.030222 v c748/X (sky130_fd_sc_hd__mux4_1)
                                                         net629 (net)
                      0.061218    0.000162   11.030383 v merge837/B_N (sky130_fd_sc_hd__nor2b_2)
     1    0.017150    0.043958    0.127531   11.157914 v merge837/Y (sky130_fd_sc_hd__nor2b_2)
                                                         net701 (net)
                      0.044056    0.001808   11.159722 v merge846/A (sky130_fd_sc_hd__nor2b_1)
     1    0.005138    0.085931    0.095124   11.254847 ^ merge846/Y (sky130_fd_sc_hd__nor2b_1)
                                                         net710 (net)
                      0.085960    0.000288   11.255134 ^ merge889/SET_B (sky130_fd_sc_hd__dfsbp_1)
                                             11.255134   data arrival time

                                  8.000000    8.000000   clock clk (rise edge)
                                  0.000000    8.000000   clock source latency
     2    0.044918    0.154630    0.109446    8.109446 ^ clk (in)
                                                         clk (net)
                      0.155003    0.000000    8.109446 ^ clkbuf_0_clk/A (sky130_fd_sc_hd__clkbuf_16)
    33    0.219846    0.179279    0.214203    8.323648 ^ clkbuf_0_clk/X (sky130_fd_sc_hd__clkbuf_16)
                                                         clknet_0_clk (net)
                      0.180975    0.014002    8.337651 ^ clkbuf_4_6_0_clk/A (sky130_fd_sc_hd__clkbuf_8)
    23    0.068688    0.097940    0.163816    8.501467 ^ clkbuf_4_6_0_clk/X (sky130_fd_sc_hd__clkbuf_8)
                                                         clknet_4_6_0_clk (net)
                      0.098065    0.002868    8.504334 ^ merge889/CLK (sky130_fd_sc_hd__dfsbp_1)
                                 -0.250000    8.254334   clock uncertainty
                                  0.000000    8.254334   clock reconvergence pessimism
                                  0.094753    8.349087   library recovery time
                                              8.349087   data required time
---------------------------------------------------------------------------------------------
                                              8.349087   data required time
                                            -11.255134   data arrival time
---------------------------------------------------------------------------------------------
                                             -2.906047   slack (VIOLATED)


Startpoint: merge866 (negative level-sensitive latch clocked by clk)
Endpoint: c472 (rising edge-triggered flip-flop clocked by clk')
Path Group: clk
Path Type: max

Fanout         Cap        Slew       Delay        Time   Description
---------------------------------------------------------------------------------------------
                                  4.000000    4.000000   clock clk (fall edge)
                                  0.000000    4.000000   clock source latency
     2    0.043922    0.068969    0.049709    4.049709 v clk (in)
                                                         clk (net)
                      0.069751    0.000000    4.049709 v clkbuf_0_clk/A (sky130_fd_sc_hd__clkbuf_16)
    33    0.211829    0.106466    0.177856    4.227565 v clkbuf_0_clk/X (sky130_fd_sc_hd__clkbuf_16)
                                                         clknet_0_clk (net)
                      0.107813    0.009564    4.237129 v clkbuf_4_8_0_clk/A (sky130_fd_sc_hd__clkbuf_8)
    13    0.040678    0.042915    0.142917    4.380047 v clkbuf_4_8_0_clk/X (sky130_fd_sc_hd__clkbuf_8)
                                                         clknet_4_8_0_clk (net)
                      0.043025    0.001883    4.381930 v merge866/GATE_N (sky130_fd_sc_hd__dlrtn_4)
                                  3.741544    8.123474   time given to startpoint
                      0.076198    0.000000    8.123474 v merge866/D (sky130_fd_sc_hd__dlrtn_4)
     5    0.045705    0.060277    0.239679    8.363153 v merge866/Q (sky130_fd_sc_hd__dlrtn_4)
                                                         net734 (net)
                      0.060399    0.002409    8.365561 v c334/B (sky130_fd_sc_hd__and2b_1)
     2    0.007767    0.039163    0.122462    8.488024 v c334/X (sky130_fd_sc_hd__and2b_1)
                                                         net260 (net)
                      0.039167    0.000421    8.488445 v c337/A (sky130_fd_sc_hd__or2_1)
     4    0.017823    0.078298    0.183459    8.671905 v c337/X (sky130_fd_sc_hd__or2_1)
                                                         net263 (net)
                      0.078327    0.001415    8.673319 v c462/A_N (sky130_fd_sc_hd__nand3b_4)
    15    0.068565    0.154178    0.203674    8.876993 v c462/Y (sky130_fd_sc_hd__nand3b_4)
                                                         net386 (net)
                      0.154368    0.004396    8.881390 v c465/C_N (sky130_fd_sc_hd__or4bb_1)
     3    0.012052    0.089390    0.199699    9.081088 ^ c465/X (sky130_fd_sc_hd__or4bb_1)
                                                         net388 (net)
                      0.089400    0.000984    9.082072 ^ c472/RESET_B (sky130_fd_sc_hd__sdfbbn_2)
                                              9.082072   data arrival time

                                  0.000000    0.000000   clock clk' (rise edge)
                                  0.000000    0.000000   clock source latency
     2    0.043922    0.068969    0.049709    4.049709 v clk (in)
                                                         clk (net)
                      0.069751    0.000000    4.049709 v clkbuf_0_clk/A (sky130_fd_sc_hd__clkbuf_16)
    33    0.211829    0.106466    0.177856    4.227565 v clkbuf_0_clk/X (sky130_fd_sc_hd__clkbuf_16)
                                                         clknet_0_clk (net)
                      0.110545    0.016382    4.243947 v clkbuf_4_10_0_clk/A (sky130_fd_sc_hd__clkbuf_8)
     8    0.043573    0.044857    0.145628    4.389575 v clkbuf_4_10_0_clk/X (sky130_fd_sc_hd__clkbuf_8)
                                                         clknet_4_10_0_clk (net)
                      0.044920    0.001531    4.391106 v merge907/CLK (sky130_fd_sc_hd__sdlclkp_1)
     3    0.035414    0.117809    0.161712    4.552818 v merge907/GCLK (sky130_fd_sc_hd__sdlclkp_1)
                                                         net776 (net)
                      0.118100    0.004546    4.557364 v clkbuf_0_net776/A (sky130_fd_sc_hd__clkbuf_16)
     5    0.036410    0.034114    0.144150    4.701514 v clkbuf_0_net776/X (sky130_fd_sc_hd__clkbuf_16)
                                                         clknet_0_net776 (net)
                      0.034268    0.002375    4.703888 v clkbuf_1_0__f_net776/A (sky130_fd_sc_hd__clkbuf_16)
    19    0.099121    0.061275    0.129920    4.833808 v clkbuf_1_0__f_net776/X (sky130_fd_sc_hd__clkbuf_16)
                                                         clknet_1_0__leaf_net776 (net)
                      0.061868    0.004865    4.838674 v c201_19/A (sky130_fd_sc_hd__inv_2)
     1    0.003535    0.024514    0.039837    4.878511 ^ c201_19/Y (sky130_fd_sc_hd__inv_2)
                                                         net993 (net)
                      0.024516    0.000225    4.878736 ^ c210/A3 (sky130_fd_sc_hd__mux4_2)
     1    0.010777    0.058735    0.156141    5.034877 ^ c210/X (sky130_fd_sc_hd__mux4_2)
                                                         net140 (net)
                      0.058750    0.000921    5.035798 ^ clkbuf_0_net140/A (sky130_fd_sc_hd__clkbuf_16)
     2    0.019666    0.031131    0.091792    5.127590 ^ clkbuf_0_net140/X (sky130_fd_sc_hd__clkbuf_16)
                                                         clknet_0_net140 (net)
                      0.031151    0.001238    5.128828 ^ clkbuf_1_0__f_net140/A (sky130_fd_sc_hd__clkbuf_16)
     3    0.017869    0.029760    0.082770    5.211598 ^ clkbuf_1_0__f_net140/X (sky130_fd_sc_hd__clkbuf_16)
                                                         clknet_1_0__leaf_net140 (net)
                      0.029772    0.000940    5.212538 ^ c214/A (sky130_fd_sc_hd__or3_4)
     1    0.015728    0.042992    0.088392    5.300930 ^ c214/X (sky130_fd_sc_hd__or3_4)
                                                         net143 (net)
                      0.043112    0.001596    5.302526 ^ clkbuf_0_net143/A (sky130_fd_sc_hd__clkbuf_16)
     2    0.020652    0.031635    0.088044    5.390570 ^ clkbuf_0_net143/X (sky130_fd_sc_hd__clkbuf_16)
                                                         clknet_0_net143 (net)
                      0.031682    0.001295    5.391865 ^ clkbuf_1_0__f_net143/A (sky130_fd_sc_hd__clkbuf_16)
     2    0.009484    0.024184    0.077447    5.469312 ^ clkbuf_1_0__f_net143/X (sky130_fd_sc_hd__clkbuf_16)
                                                         clknet_1_0__leaf_net143 (net)
                      0.024185    0.000431    5.469743 ^ c345/A3 (sky130_fd_sc_hd__mux4_1)
     3    0.033154    0.243858    0.277459    5.747201 ^ c345/X (sky130_fd_sc_hd__mux4_1)
                                                         net939 (net)
                      0.244004    0.004918    5.752120 ^ clkbuf_0_net939/A (sky130_fd_sc_hd__clkbuf_16)
     2    0.023823    0.038910    0.127797    5.879917 ^ clkbuf_0_net939/X (sky130_fd_sc_hd__clkbuf_16)
                                                         clknet_0_net939 (net)
                      0.038951    0.001370    5.881288 ^ clkbuf_1_1__f_net939/A (sky130_fd_sc_hd__clkbuf_16)
    15    0.070369    0.067095    0.114028    5.995316 ^ clkbuf_1_1__f_net939/X (sky130_fd_sc_hd__clkbuf_16)
                                                         clknet_1_1__leaf_net939 (net)
                      0.067599    0.004579    5.999894 ^ c472/SET_B (sky130_fd_sc_hd__sdfbbn_2)
                                 -0.250000    1.749894   clock uncertainty
                                  0.000000    1.749894   clock reconvergence pessimism
                                  0.103386    1.853280   library non-sequential setup time
                                              1.853280   data required time
---------------------------------------------------------------------------------------------
                                              1.853280   data required time
                                             -9.082072   data arrival time
---------------------------------------------------------------------------------------------
                                             -7.228792   slack (VIOLATED)




===========================================================================
report_checks --slack_max -0.01
============================================================================
======================= max_ff_n40C_1v95 Corner ===================================

Startpoint: merge866 (negative level-sensitive latch clocked by clk)
Endpoint: merge889 (recovery check against rising-edge clock clk)
Path Group: asynchronous
Path Type: max

Fanout         Cap        Slew       Delay        Time   Description
---------------------------------------------------------------------------------------------
                                  4.000000    4.000000   clock clk (fall edge)
                                  0.000000    4.000000   clock source latency
     2    0.043922    0.068969    0.049709    4.049709 v clk (in)
                                                         clk (net)
                      0.069751    0.000000    4.049709 v clkbuf_0_clk/A (sky130_fd_sc_hd__clkbuf_16)
    33    0.211829    0.106466    0.177856    4.227565 v clkbuf_0_clk/X (sky130_fd_sc_hd__clkbuf_16)
                                                         clknet_0_clk (net)
                      0.107813    0.009564    4.237129 v clkbuf_4_8_0_clk/A (sky130_fd_sc_hd__clkbuf_8)
    13    0.040678    0.042915    0.142917    4.380047 v clkbuf_4_8_0_clk/X (sky130_fd_sc_hd__clkbuf_8)
                                                         clknet_4_8_0_clk (net)
                      0.043025    0.001883    4.381930 v merge866/GATE_N (sky130_fd_sc_hd__dlrtn_4)
                                  3.741544    8.123474   time given to startpoint
                      0.076198    0.000000    8.123474 v merge866/D (sky130_fd_sc_hd__dlrtn_4)
     5    0.045705    0.060277    0.239679    8.363153 v merge866/Q (sky130_fd_sc_hd__dlrtn_4)
                                                         net734 (net)
                      0.060518    0.003272    8.366426 v c203/A (sky130_fd_sc_hd__clkinv_8)
     6    0.041243    0.043226    0.057569    8.423994 ^ c203/Y (sky130_fd_sc_hd__clkinv_8)
                                                         net133 (net)
                      0.043478    0.002570    8.426563 ^ c205/C (sky130_fd_sc_hd__nand3_4)
     1    0.009422    0.049578    0.045985    8.472549 v c205/Y (sky130_fd_sc_hd__nand3_4)
                                                         net135 (net)
                      0.049581    0.000759    8.473308 v clkbuf_0_net135/A (sky130_fd_sc_hd__clkbuf_16)
     2    0.017432    0.025767    0.104957    8.578264 v clkbuf_0_net135/X (sky130_fd_sc_hd__clkbuf_16)
                                                         clknet_0_net135 (net)
                      0.025767    0.000699    8.578963 v clkbuf_1_0__f_net135/A (sky130_fd_sc_hd__clkbuf_16)
     3    0.013736    0.024265    0.092794    8.671758 v clkbuf_1_0__f_net135/X (sky130_fd_sc_hd__clkbuf_16)
                                                         clknet_1_0__leaf_net135 (net)
                      0.024270    0.000831    8.672589 v c206/A2 (sky130_fd_sc_hd__a2111o_2)
     1    0.011354    0.061482    0.299949    8.972538 v c206/X (sky130_fd_sc_hd__a2111o_2)
                                                         net136 (net)
                      0.061499    0.000974    8.973512 v clkbuf_0_net136/A (sky130_fd_sc_hd__clkbuf_16)
     2    0.017759    0.025987    0.110189    9.083701 v clkbuf_0_net136/X (sky130_fd_sc_hd__clkbuf_16)
                                                         clknet_0_net136 (net)
                      0.025992    0.001036    9.084737 v clkbuf_1_0__f_net136/A (sky130_fd_sc_hd__clkbuf_16)
     1    0.004740    0.020158    0.087118    9.171855 v clkbuf_1_0__f_net136/X (sky130_fd_sc_hd__clkbuf_16)
                                                         clknet_1_0__leaf_net136 (net)
                      0.020159    0.000311    9.172166 v c210/A0 (sky130_fd_sc_hd__mux4_2)
     1    0.009814    0.074041    0.267280    9.439445 v c210/X (sky130_fd_sc_hd__mux4_2)
                                                         net140 (net)
                      0.074051    0.000831    9.440277 v clkbuf_0_net140/A (sky130_fd_sc_hd__clkbuf_16)
     2    0.017740    0.026026    0.115644    9.555922 v clkbuf_0_net140/X (sky130_fd_sc_hd__clkbuf_16)
                                                         clknet_0_net140 (net)
                      0.026031    0.001113    9.557034 v clkbuf_1_0__f_net140/A (sky130_fd_sc_hd__clkbuf_16)
     3    0.016482    0.025412    0.094396    9.651431 v clkbuf_1_0__f_net140/X (sky130_fd_sc_hd__clkbuf_16)
                                                         clknet_1_0__leaf_net140 (net)
                      0.025416    0.000866    9.652297 v c214/A (sky130_fd_sc_hd__or3_4)
     1    0.014765    0.057150    0.244706    9.897003 v c214/X (sky130_fd_sc_hd__or3_4)
                                                         net143 (net)
                      0.057253    0.001475    9.898479 v clkbuf_0_net143/A (sky130_fd_sc_hd__clkbuf_16)
     2    0.018726    0.026363    0.108870   10.007349 v clkbuf_0_net143/X (sky130_fd_sc_hd__clkbuf_16)
                                                         clknet_0_net143 (net)
                      0.026382    0.001168   10.008517 v clkbuf_1_0__f_net143/A (sky130_fd_sc_hd__clkbuf_16)
     2    0.009197    0.022390    0.090495   10.099011 v clkbuf_1_0__f_net143/X (sky130_fd_sc_hd__clkbuf_16)
                                                         clknet_1_0__leaf_net143 (net)
                      0.022392    0.000418   10.099430 v c345/A3 (sky130_fd_sc_hd__mux4_1)
     3    0.032125    0.159690    0.381569   10.480999 v c345/X (sky130_fd_sc_hd__mux4_1)
                                                         net939 (net)
                      0.159862    0.004682   10.485682 v clkbuf_0_net939/A (sky130_fd_sc_hd__clkbuf_16)
     2    0.021897    0.029109    0.153413   10.639094 v clkbuf_0_net939/X (sky130_fd_sc_hd__clkbuf_16)
                                                         clknet_0_net939 (net)
                      0.029131    0.001243   10.640338 v clkbuf_1_1__f_net939/A (sky130_fd_sc_hd__clkbuf_16)
    15    0.069062    0.047400    0.117462   10.757800 v clkbuf_1_1__f_net939/X (sky130_fd_sc_hd__clkbuf_16)
                                                         clknet_1_1__leaf_net939 (net)
                      0.047782    0.003325   10.761126 v c748/A2 (sky130_fd_sc_hd__mux4_1)
     1    0.002513    0.061218    0.269096   11.030222 v c748/X (sky130_fd_sc_hd__mux4_1)
                                                         net629 (net)
                      0.061218    0.000162   11.030383 v merge837/B_N (sky130_fd_sc_hd__nor2b_2)
     1    0.017150    0.043958    0.127531   11.157914 v merge837/Y (sky130_fd_sc_hd__nor2b_2)
                                                         net701 (net)
                      0.044056    0.001808   11.159722 v merge846/A (sky130_fd_sc_hd__nor2b_1)
     1    0.005138    0.085931    0.095124   11.254847 ^ merge846/Y (sky130_fd_sc_hd__nor2b_1)
                                                         net710 (net)
                      0.085960    0.000288   11.255134 ^ merge889/SET_B (sky130_fd_sc_hd__dfsbp_1)
                                             11.255134   data arrival time

                                  8.000000    8.000000   clock clk (rise edge)
                                  0.000000    8.000000   clock source latency
     2    0.044918    0.154630    0.109446    8.109446 ^ clk (in)
                                                         clk (net)
                      0.155003    0.000000    8.109446 ^ clkbuf_0_clk/A (sky130_fd_sc_hd__clkbuf_16)
    33    0.219846    0.179279    0.214203    8.323648 ^ clkbuf_0_clk/X (sky130_fd_sc_hd__clkbuf_16)
                                                         clknet_0_clk (net)
                      0.180975    0.014002    8.337651 ^ clkbuf_4_6_0_clk/A (sky130_fd_sc_hd__clkbuf_8)
    23    0.068688    0.097940    0.163816    8.501467 ^ clkbuf_4_6_0_clk/X (sky130_fd_sc_hd__clkbuf_8)
                                                         clknet_4_6_0_clk (net)
                      0.098065    0.002868    8.504334 ^ merge889/CLK (sky130_fd_sc_hd__dfsbp_1)
                                 -0.250000    8.254334   clock uncertainty
                                  0.000000    8.254334   clock reconvergence pessimism
                                  0.094753    8.349087   library recovery time
                                              8.349087   data required time
---------------------------------------------------------------------------------------------
                                              8.349087   data required time
                                            -11.255134   data arrival time
---------------------------------------------------------------------------------------------
                                             -2.906047   slack (VIOLATED)


Startpoint: merge866 (negative level-sensitive latch clocked by clk)
Endpoint: c472 (rising edge-triggered flip-flop clocked by clk')
Path Group: clk
Path Type: max

Fanout         Cap        Slew       Delay        Time   Description
---------------------------------------------------------------------------------------------
                                  4.000000    4.000000   clock clk (fall edge)
                                  0.000000    4.000000   clock source latency
     2    0.043922    0.068969    0.049709    4.049709 v clk (in)
                                                         clk (net)
                      0.069751    0.000000    4.049709 v clkbuf_0_clk/A (sky130_fd_sc_hd__clkbuf_16)
    33    0.211829    0.106466    0.177856    4.227565 v clkbuf_0_clk/X (sky130_fd_sc_hd__clkbuf_16)
                                                         clknet_0_clk (net)
                      0.107813    0.009564    4.237129 v clkbuf_4_8_0_clk/A (sky130_fd_sc_hd__clkbuf_8)
    13    0.040678    0.042915    0.142917    4.380047 v clkbuf_4_8_0_clk/X (sky130_fd_sc_hd__clkbuf_8)
                                                         clknet_4_8_0_clk (net)
                      0.043025    0.001883    4.381930 v merge866/GATE_N (sky130_fd_sc_hd__dlrtn_4)
                                  3.741544    8.123474   time given to startpoint
                      0.076198    0.000000    8.123474 v merge866/D (sky130_fd_sc_hd__dlrtn_4)
     5    0.045705    0.060277    0.239679    8.363153 v merge866/Q (sky130_fd_sc_hd__dlrtn_4)
                                                         net734 (net)
                      0.060399    0.002409    8.365561 v c334/B (sky130_fd_sc_hd__and2b_1)
     2    0.007767    0.039163    0.122462    8.488024 v c334/X (sky130_fd_sc_hd__and2b_1)
                                                         net260 (net)
                      0.039167    0.000421    8.488445 v c337/A (sky130_fd_sc_hd__or2_1)
     4    0.017823    0.078298    0.183459    8.671905 v c337/X (sky130_fd_sc_hd__or2_1)
                                                         net263 (net)
                      0.078327    0.001415    8.673319 v c462/A_N (sky130_fd_sc_hd__nand3b_4)
    15    0.068565    0.154178    0.203674    8.876993 v c462/Y (sky130_fd_sc_hd__nand3b_4)
                                                         net386 (net)
                      0.154368    0.004396    8.881390 v c465/C_N (sky130_fd_sc_hd__or4bb_1)
     3    0.012052    0.089390    0.199699    9.081088 ^ c465/X (sky130_fd_sc_hd__or4bb_1)
                                                         net388 (net)
                      0.089400    0.000984    9.082072 ^ c472/RESET_B (sky130_fd_sc_hd__sdfbbn_2)
                                              9.082072   data arrival time

                                  0.000000    0.000000   clock clk' (rise edge)
                                  0.000000    0.000000   clock source latency
     2    0.043922    0.068969    0.049709    4.049709 v clk (in)
                                                         clk (net)
                      0.069751    0.000000    4.049709 v clkbuf_0_clk/A (sky130_fd_sc_hd__clkbuf_16)
    33    0.211829    0.106466    0.177856    4.227565 v clkbuf_0_clk/X (sky130_fd_sc_hd__clkbuf_16)
                                                         clknet_0_clk (net)
                      0.110545    0.016382    4.243947 v clkbuf_4_10_0_clk/A (sky130_fd_sc_hd__clkbuf_8)
     8    0.043573    0.044857    0.145628    4.389575 v clkbuf_4_10_0_clk/X (sky130_fd_sc_hd__clkbuf_8)
                                                         clknet_4_10_0_clk (net)
                      0.044920    0.001531    4.391106 v merge907/CLK (sky130_fd_sc_hd__sdlclkp_1)
     3    0.035414    0.117809    0.161712    4.552818 v merge907/GCLK (sky130_fd_sc_hd__sdlclkp_1)
                                                         net776 (net)
                      0.118100    0.004546    4.557364 v clkbuf_0_net776/A (sky130_fd_sc_hd__clkbuf_16)
     5    0.036410    0.034114    0.144150    4.701514 v clkbuf_0_net776/X (sky130_fd_sc_hd__clkbuf_16)
                                                         clknet_0_net776 (net)
                      0.034268    0.002375    4.703888 v clkbuf_1_0__f_net776/A (sky130_fd_sc_hd__clkbuf_16)
    19    0.099121    0.061275    0.129920    4.833808 v clkbuf_1_0__f_net776/X (sky130_fd_sc_hd__clkbuf_16)
                                                         clknet_1_0__leaf_net776 (net)
                      0.061868    0.004865    4.838674 v c201_19/A (sky130_fd_sc_hd__inv_2)
     1    0.003535    0.024514    0.039837    4.878511 ^ c201_19/Y (sky130_fd_sc_hd__inv_2)
                                                         net993 (net)
                      0.024516    0.000225    4.878736 ^ c210/A3 (sky130_fd_sc_hd__mux4_2)
     1    0.010777    0.058735    0.156141    5.034877 ^ c210/X (sky130_fd_sc_hd__mux4_2)
                                                         net140 (net)
                      0.058750    0.000921    5.035798 ^ clkbuf_0_net140/A (sky130_fd_sc_hd__clkbuf_16)
     2    0.019666    0.031131    0.091792    5.127590 ^ clkbuf_0_net140/X (sky130_fd_sc_hd__clkbuf_16)
                                                         clknet_0_net140 (net)
                      0.031151    0.001238    5.128828 ^ clkbuf_1_0__f_net140/A (sky130_fd_sc_hd__clkbuf_16)
     3    0.017869    0.029760    0.082770    5.211598 ^ clkbuf_1_0__f_net140/X (sky130_fd_sc_hd__clkbuf_16)
                                                         clknet_1_0__leaf_net140 (net)
                      0.029772    0.000940    5.212538 ^ c214/A (sky130_fd_sc_hd__or3_4)
     1    0.015728    0.042992    0.088392    5.300930 ^ c214/X (sky130_fd_sc_hd__or3_4)
                                                         net143 (net)
                      0.043112    0.001596    5.302526 ^ clkbuf_0_net143/A (sky130_fd_sc_hd__clkbuf_16)
     2    0.020652    0.031635    0.088044    5.390570 ^ clkbuf_0_net143/X (sky130_fd_sc_hd__clkbuf_16)
                                                         clknet_0_net143 (net)
                      0.031682    0.001295    5.391865 ^ clkbuf_1_0__f_net143/A (sky130_fd_sc_hd__clkbuf_16)
     2    0.009484    0.024184    0.077447    5.469312 ^ clkbuf_1_0__f_net143/X (sky130_fd_sc_hd__clkbuf_16)
                                                         clknet_1_0__leaf_net143 (net)
                      0.024185    0.000431    5.469743 ^ c345/A3 (sky130_fd_sc_hd__mux4_1)
     3    0.033154    0.243858    0.277459    5.747201 ^ c345/X (sky130_fd_sc_hd__mux4_1)
                                                         net939 (net)
                      0.244004    0.004918    5.752120 ^ clkbuf_0_net939/A (sky130_fd_sc_hd__clkbuf_16)
     2    0.023823    0.038910    0.127797    5.879917 ^ clkbuf_0_net939/X (sky130_fd_sc_hd__clkbuf_16)
                                                         clknet_0_net939 (net)
                      0.038951    0.001370    5.881288 ^ clkbuf_1_1__f_net939/A (sky130_fd_sc_hd__clkbuf_16)
    15    0.070369    0.067095    0.114028    5.995316 ^ clkbuf_1_1__f_net939/X (sky130_fd_sc_hd__clkbuf_16)
                                                         clknet_1_1__leaf_net939 (net)
                      0.067599    0.004579    5.999894 ^ c472/SET_B (sky130_fd_sc_hd__sdfbbn_2)
                                 -0.250000    1.749894   clock uncertainty
                                  0.000000    1.749894   clock reconvergence pessimism
                                  0.103386    1.853280   library non-sequential setup time
                                              1.853280   data required time
---------------------------------------------------------------------------------------------
                                              1.853280   data required time
                                             -9.082072   data arrival time
---------------------------------------------------------------------------------------------
                                             -7.228792   slack (VIOLATED)




===========================================================================
 report_check_types -max_slew -max_cap -max_fanout -violators
============================================================================
======================= max_ff_n40C_1v95 Corner ===================================

max fanout

Pin                                   Limit Fanout  Slack
---------------------------------------------------------
clkbuf_0_clk/X                           10     33    -23 (VIOLATED)
clkbuf_1_0__f_net939/X                   10     25    -15 (VIOLATED)
clkbuf_4_6_0_clk/X                       10     23    -13 (VIOLATED)
fanout128/X                              10     22    -12 (VIOLATED)
fanout144/X                              10     22    -12 (VIOLATED)
c333/Y                                   10     21    -11 (VIOLATED)
c589/X                                   10     21    -11 (VIOLATED)
c661/X                                   10     21    -11 (VIOLATED)
c675/X                                   10     21    -11 (VIOLATED)
fanout118/X                              10     21    -11 (VIOLATED)
fanout122/X                              10     21    -11 (VIOLATED)
fanout123/X                              10     21    -11 (VIOLATED)
fanout125/X                              10     21    -11 (VIOLATED)
fanout127/X                              10     21    -11 (VIOLATED)
fanout129/X                              10     21    -11 (VIOLATED)
fanout135/X                              10     21    -11 (VIOLATED)
fanout137/X                              10     21    -11 (VIOLATED)
fanout138/X                              10     21    -11 (VIOLATED)
fanout139/X                              10     21    -11 (VIOLATED)
fanout142/X                              10     21    -11 (VIOLATED)
fanout143/X                              10     21    -11 (VIOLATED)
fanout146/X                              10     21    -11 (VIOLATED)
fanout150/X                              10     21    -11 (VIOLATED)
input50/X                                10     21    -11 (VIOLATED)
c127/X                                   10     19     -9 (VIOLATED)
c151/Y                                   10     19     -9 (VIOLATED)
c152/X                                   10     19     -9 (VIOLATED)
c277/X                                   10     19     -9 (VIOLATED)
c290/X                                   10     19     -9 (VIOLATED)
clkbuf_1_0__f_net776/X                   10     19     -9 (VIOLATED)
clkbuf_4_12_0_clk/X                      10     19     -9 (VIOLATED)
clkbuf_4_4_0_clk/X                       10     19     -9 (VIOLATED)
input17/X                                10     19     -9 (VIOLATED)
input52/X                                10     19     -9 (VIOLATED)
s920/Q                                   10     19     -9 (VIOLATED)
s936/Q                                   10     19     -9 (VIOLATED)
c101/Y                                   10     17     -7 (VIOLATED)
c137/Y                                   10     17     -7 (VIOLATED)
c141/X                                   10     17     -7 (VIOLATED)
c191/X                                   10     17     -7 (VIOLATED)
c198/Y                                   10     17     -7 (VIOLATED)
c208/X                                   10     17     -7 (VIOLATED)
c335/Y                                   10     17     -7 (VIOLATED)
c415/X                                   10     17     -7 (VIOLATED)
c422/X                                   10     17     -7 (VIOLATED)
c555/Y                                   10     17     -7 (VIOLATED)
c556/Y                                   10     17     -7 (VIOLATED)
clkbuf_4_1_0_clk/X                       10     17     -7 (VIOLATED)
input3/X                                 10     17     -7 (VIOLATED)
input39/X                                10     17     -7 (VIOLATED)
input46/X                                10     17     -7 (VIOLATED)
s928/Q                                   10     17     -7 (VIOLATED)
s930/Q                                   10     17     -7 (VIOLATED)
c115/X                                   10     15     -5 (VIOLATED)
c123/X                                   10     15     -5 (VIOLATED)
c155/Y                                   10     15     -5 (VIOLATED)
c167/Y                                   10     15     -5 (VIOLATED)
c193/Q                                   10     15     -5 (VIOLATED)
c274/X                                   10     15     -5 (VIOLATED)
c420/Y                                   10     15     -5 (VIOLATED)
c462/Y                                   10     15     -5 (VIOLATED)
c573/Q                                   10     15     -5 (VIOLATED)
c85/X                                    10     15     -5 (VIOLATED)
c92/Y                                    10     15     -5 (VIOLATED)
c94/X                                    10     15     -5 (VIOLATED)
clkbuf_1_0__f_net748/X                   10     15     -5 (VIOLATED)
clkbuf_1_0__f_net933/X                   10     15     -5 (VIOLATED)
clkbuf_1_1__f_net939/X                   10     15     -5 (VIOLATED)
clkbuf_4_0_0_clk/X                       10     15     -5 (VIOLATED)
clkbuf_4_13_0_clk/X                      10     15     -5 (VIOLATED)
fanout147/X                              10     15     -5 (VIOLATED)
input12/X                                10     15     -5 (VIOLATED)
input34/X                                10     15     -5 (VIOLATED)
c464/X                                   10     14     -4 (VIOLATED)
c109/Y                                   10     13     -3 (VIOLATED)
c116/X                                   10     13     -3 (VIOLATED)
c148/X                                   10     13     -3 (VIOLATED)
c153/Y                                   10     13     -3 (VIOLATED)
c193/Q_N                                 10     13     -3 (VIOLATED)
c235/Q                                   10     13     -3 (VIOLATED)
c267/Y                                   10     13     -3 (VIOLATED)
c306/Q                                   10     13     -3 (VIOLATED)
c325/Q                                   10     13     -3 (VIOLATED)
c413/Y                                   10     13     -3 (VIOLATED)
c417/X                                   10     13     -3 (VIOLATED)
c459/Q                                   10     13     -3 (VIOLATED)
c459/Q_N                                 10     13     -3 (VIOLATED)
c478/Q                                   10     13     -3 (VIOLATED)
c622/X                                   10     13     -3 (VIOLATED)
c690/Q                                   10     13     -3 (VIOLATED)
clkbuf_1_0__f_net894/X                   10     13     -3 (VIOLATED)
clkbuf_1_0__f_net899/X                   10     13     -3 (VIOLATED)
clkbuf_1_1__f_net776/X                   10     13     -3 (VIOLATED)
clkbuf_1_1__f_net794/X                   10     13     -3 (VIOLATED)
clkbuf_4_2_0_clk/X                       10     13     -3 (VIOLATED)
clkbuf_4_8_0_clk/X                       10     13     -3 (VIOLATED)
input13/X                                10     13     -3 (VIOLATED)
input21/X                                10     13     -3 (VIOLATED)
input23/X                                10     13     -3 (VIOLATED)
input36/X                                10     13     -3 (VIOLATED)
input47/X                                10     13     -3 (VIOLATED)
merge901/Q                               10     13     -3 (VIOLATED)
merge904/Q                               10     13     -3 (VIOLATED)
merge906/Q                               10     13     -3 (VIOLATED)
merge912/Q                               10     13     -3 (VIOLATED)
merge913/Q                               10     13     -3 (VIOLATED)
merge914/Q                               10     13     -3 (VIOLATED)
merge915/Q                               10     13     -3 (VIOLATED)
s947/Q                                   10     13     -3 (VIOLATED)
c103/Y                                   10     11        (VIOLATED)
c144/X                                   10     11        (VIOLATED)
c173/X                                   10     11        (VIOLATED)
c176/Y                                   10     11        (VIOLATED)
c222/X                                   10     11        (VIOLATED)
c234/Y                                   10     11        (VIOLATED)
c265/X                                   10     11        (VIOLATED)
c272/Y                                   10     11        (VIOLATED)
c300/X                                   10     11        (VIOLATED)
c325/Q_N                                 10     11        (VIOLATED)
c396/Y                                   10     11        (VIOLATED)
c403/Q                                   10     11        (VIOLATED)
c403/Q_N                                 10     11        (VIOLATED)
c404/Q                                   10     11        (VIOLATED)
c404/Q_N                                 10     11        (VIOLATED)
c409/Y                                   10     11        (VIOLATED)
c412/X                                   10     11        (VIOLATED)
c452/X                                   10     11        (VIOLATED)
c64/X                                    10     11        (VIOLATED)
c70/Y                                    10     11        (VIOLATED)
c93/X                                    10     11        (VIOLATED)
clkbuf_1_0__f_net794/X                   10     11        (VIOLATED)
clkbuf_1_1__f_net748/X                   10     11        (VIOLATED)
clkbuf_1_1__f_net899/X                   10     11        (VIOLATED)
fanout124/X                              10     11        (VIOLATED)
fanout145/X                              10     11        (VIOLATED)
input10/X                                10     11        (VIOLATED)
input24/X                                10     11        (VIOLATED)
input27/X                                10     11        (VIOLATED)
input28/X                                10     11        (VIOLATED)
input55/X                                10     11        (VIOLATED)
input56/X                                10     11        (VIOLATED)
merge874/Q                               10     11        (VIOLATED)
merge899/Q                               10     11        (VIOLATED)
s919/Q                                   10     11        (VIOLATED)
s925/Q                                   10     11        (VIOLATED)

max capacitance

Pin                                        Limit         Cap       Slack
------------------------------------------------------------------------
clkbuf_0_clk/X                          0.200000    0.219846   -0.019846 (VIOLATED)



===========================================================================
report_parasitic_annotation -report_unannotated
============================================================================
Found 1 unannotated drivers.
 rst
Found 0 partially unannotated drivers.

===========================================================================
max slew violation count 0
max fanout violation count 145
max cap violation count 1
============================================================================

===========================================================================
check_setup -verbose -unconstrained_endpoints -multiple_clock -no_clock -no_input_delay -loops -generated_clocks
===========================================================================
Warning: There are 9 unconstrained endpoints.
  out14
  out23
  out25
  out27
  out33
  out48
  out52
  out58
  merge827/D
