
===========================================================================
Violator List
============================================================================
[hold reg-reg] c451/Q -> c457/RESET_B : -0.144729
[hold reg-reg] s766/Q -> c314/SET_B : -0.073590
[hold reg-reg] c118/Q -> c233/RESET_B : -0.072556
[setup reg-reg] c320/Q_N -> c332/SET_B : -5.288771
[setup reg-reg] c291/Q -> c570/RESET_B : -5.192089
[setup in-reg] in7 -> c436/RESET_B : -4.971023
[setup reg-out] s774/Q -> out18 : -2.643185
[setup in-reg] in51 -> c468/D : -2.588762
[setup in-reg] in51 -> c115/D : -2.197834
[setup in-reg] in12 -> c606/D : -2.159521
[setup in-reg] in51 -> c606/SET_B : -2.151627
[setup in-reg] in51 -> c375/D : -2.103237
[setup in-reg] in14 -> c677/SET_B : -2.086172
[setup in-reg] in51 -> c320/D : -2.010339
[setup in-reg] in7 -> s777/D : -2.009581
[setup in-reg] in51 -> c360/D : -1.984780
[setup in-reg] in7 -> c606/SCD : -1.984153
[setup in-reg] in51 -> c361/D : -1.923340
[setup in-reg] in51 -> c468/SCD : -1.918496
[setup in-reg] in7 -> s772/D : -1.900528
[setup in-reg] in51 -> c350/D : -1.873112
[setup in-reg] in51 -> c350/SCD : -1.859430
[setup in-reg] in51 -> c503/D : -1.842002
[setup in-reg] in51 -> c501/SCE : -1.804026
[setup in-reg] in51 -> c503/RESET_B : -1.683266
[setup in-reg] in51 -> c350/RESET_B : -1.669314
[setup in-reg] in7 -> c329/D : -1.666410
[setup in-reg] in51 -> c503/SCD : -1.560363
[setup in-reg] in51 -> c501/SET_B : -1.550009
[setup in-reg] in51 -> c468/SET_B : -1.507607
[setup in-reg] in7 -> c677/RESET_B : -1.409432
[setup in-reg] in7 -> c703/D : -1.396794
[setup in-reg] in7 -> c638/RESET_B : -1.366558
[setup in-reg] in7 -> s776/D : -1.365048
[setup in-reg] in7 -> c436/SCD : -1.362993
[setup in-reg] in51 -> c124/SET_B : -1.358504
[setup in-reg] in51 -> c125/SET_B : -1.357391
[setup in-reg] in51 -> c497/SET_B : -1.355474
[setup in-reg] in7 -> c522/D : -1.348779
[setup in-reg] in7 -> c669/D : -1.303439
[setup in-reg] in7 -> c397/D : -1.265559
[setup in-reg] in51 -> c376/SET_B : -1.264416
[setup in-reg] in7 -> c677/D : -1.193252
[setup in-reg] in7 -> c669/SCE : -1.164402
[setup in-reg] in7 -> c497/SCD : -1.163861
[setup reg-reg] c634/Q -> c701/RESET_B : -1.155998
[setup in-reg] in7 -> c436/RESET_B : -1.128941
[setup in-reg] in7 -> c569/RESET_B : -1.123672
[setup in-reg] in7 -> c559/RESET_B : -1.122160
[setup in-reg] in51 -> c115/RESET_B : -1.112663
[setup in-reg] in7 -> c369/RESET_B : -1.091314
[setup in-reg] in7 -> c418/RESET_B : -1.089018
[setup in-reg] in7 -> c497/SCE : -1.079684
[setup in-reg] in7 -> c405/RESET_B : -1.026104
[setup in-reg] in7 -> c404/RESET_B : -1.002382
[setup in-reg] in7 -> c606/SCE : -0.983903
[setup in-reg] in7 -> c634/D : -0.970463
[setup in-reg] in7 -> c291/SCD : -0.918469
[setup in-reg] in7 -> c291/SCE : -0.903539
[setup reg-reg] c671/Q -> c678/SET_B : -0.888341
[setup in-reg] in7 -> c329/RESET_B : -0.864342
[setup in-reg] in12 -> c436/SET_B : -0.860589
[setup reg-reg] c634/Q_N -> c648/D : -0.840592
[setup in-reg] in7 -> c497/RESET_B : -0.817861
[setup in-reg] in7 -> c559/SET_B : -0.747452
[setup in-reg] in7 -> c329/SET_B : -0.736422
[setup in-reg] in7 -> c658/RESET_B : -0.611213
[setup in-reg] in7 -> c653/RESET_B : -0.587947
[setup in-reg] in7 -> c320/SET_B : -0.559572
[setup reg-reg] c634/Q_N -> c650/SET_B : -0.533090
[setup reg-out] c371/Q -> out35 : -0.520254
[setup reg-out] c371/Q -> out13 : -0.513655
[setup reg-reg] c634/Q -> c669/RESET_B : -0.481639
[setup in-reg] in7 -> c436/SCE : -0.416368
[setup reg-reg] c577/Q_N -> c598/SCE : -0.350008
[setup reg-reg] c577/Q_N -> c605/SCD : -0.321835
[setup in-reg] in7 -> c522/RESET_B : -0.280740
[setup in-reg] in7 -> c650/D : -0.268021
[setup reg-out] c351/Q -> out50 : -0.264252
[setup reg-reg] c648/Q -> c650/RESET_B : -0.261702
[setup reg-reg] c360/Q_N -> c375/RESET_B : -0.242405
[setup in-reg] in7 -> c397/RESET_B : -0.209379
[setup reg-out] c646/Q -> out3 : -0.149555
[setup reg-reg] c634/Q -> c648/RESET_B : -0.145817
[setup reg-reg] s774/Q -> c602/SCD : -0.119931
[setup reg-reg] c577/Q_N -> s781/D : -0.117539
[setup reg-reg] c658/Q -> c701/SET_B : -0.111448
[setup in-reg] in7 -> c658/D : -0.067563
[setup reg-out] c576/Q -> out5 : -0.052564
[setup reg-reg] c577/Q_N -> s774/D : 0.000000
[setup reg-reg] c351/Q_N -> s771/D : 0.000000
[setup in-reg] in7 -> c405/D : 0.000000
[setup reg-reg] c576/Q -> s775/D : 0.000000
[setup in-reg] in7 -> c638/D : 0.000000
[setup in-reg] in19 -> c404/D : 0.000000
[setup in-reg] in51 -> s770/D : 0.000000
[setup reg-reg] c396/Q -> c577/D : 0.000000
[setup in-reg] clk -> s773/D : 0.000000
[setup in-reg] in18 -> c653/D : 0.000000
[setup reg-reg] c396/Q -> c576/D : 0.000000
[setup in-reg] in51 -> c371/D : 0.000000
[setup in-reg] in51 -> c351/D : 0.000000
[setup in-reg] in51 -> c336/D : 0.000000
[setup in-reg] in51 -> c362/D : 0.000000
[setup in-reg] in7 -> c646/D : 0.000000
[setup in-reg] in7 -> c643/D : 0.000000
[setup in-reg] in7 -> c396/D : 0.000000
[setup in-reg] in7 -> c642/D : 0.000000
