
===========================================================================
report_checks -unconstrained
===========================================================================
======================= nom_tt_025C_1v80 Corner ===================================

Startpoint: in51 (input port clocked by clk)
Endpoint: c606 (recovery check against falling-edge clock clk)
Path Group: asynchronous
Path Type: max

Fanout         Cap        Slew       Delay        Time   Description
---------------------------------------------------------------------------------------------
                                  0.000000    0.000000   clock clk (rise edge)
                                  0.000000    0.000000   clock network delay (propagated)
                                  1.600000    1.600000 v input external delay
    21    0.088303    0.194769    0.141885    1.741885 v in51 (in)
                                                         in51 (net)
                      0.194873    0.000000    1.741885 v c52/B1_N (sky130_fd_sc_hd__a21boi_0)
     4    0.013799    0.180734    0.242231    1.984116 v c52/Y (sky130_fd_sc_hd__a21boi_0)
                                                         net0 (net)
                      0.180734    0.000196    1.984312 v c54/A1 (sky130_fd_sc_hd__o41a_2)
     2    0.010952    0.086923    0.561749    2.546061 v c54/X (sky130_fd_sc_hd__o41a_2)
                                                         net2 (net)
                      0.086923    0.000078    2.546139 v c57/B1 (sky130_fd_sc_hd__o21ai_0)
     5    0.014503    0.453593    0.202582    2.748721 ^ c57/Y (sky130_fd_sc_hd__o21ai_0)
                                                         net5 (net)
                      0.453593    0.000150    2.748871 ^ c64/B_N (sky130_fd_sc_hd__nor2b_1)
     9    0.086249    1.551806    1.253752    4.002623 ^ c64/Y (sky130_fd_sc_hd__nor2b_1)
                                                         out11 (net)
                      1.551809    0.002039    4.004662 ^ c69/B (sky130_fd_sc_hd__and2_4)
     2    0.003626    0.061444    0.300288    4.304949 ^ c69/X (sky130_fd_sc_hd__and2_4)
                                                         net16 (net)
                      0.061444    0.000013    4.304962 ^ c78/A_N (sky130_fd_sc_hd__and2b_2)
     4    0.020871    0.075506    0.260304    4.565266 v c78/X (sky130_fd_sc_hd__and2b_2)
                                                         net25 (net)
                      0.075506    0.000123    4.565390 v c84/A (sky130_fd_sc_hd__buf_8)
     3    0.008046    0.023070    0.127485    4.692874 v c84/X (sky130_fd_sc_hd__buf_8)
                                                         net30 (net)
                      0.023070    0.000045    4.692920 v c89/A (sky130_fd_sc_hd__or2_2)
     3    0.010155    0.077736    0.313448    5.006367 v c89/X (sky130_fd_sc_hd__or2_2)
                                                         net35 (net)
                      0.077736    0.000020    5.006387 v c93/A (sky130_fd_sc_hd__and2_4)
     4    0.018912    0.046646    0.170484    5.176871 v c93/X (sky130_fd_sc_hd__and2_4)
                                                         net39 (net)
                      0.046663    0.000122    5.176992 v c97/B (sky130_fd_sc_hd__or2_4)
     3    0.010796    0.054910    0.239074    5.416067 v c97/X (sky130_fd_sc_hd__or2_4)
                                                         net43 (net)
                      0.054910    0.000098    5.416164 v c101/A2 (sky130_fd_sc_hd__a21boi_2)
     7    0.029349    0.359897    0.328983    5.745147 ^ c101/Y (sky130_fd_sc_hd__a21boi_2)
                                                         net47 (net)
                      0.359897    0.000337    5.745484 ^ c104/S0 (sky130_fd_sc_hd__mux4_1)
     2    0.005611    0.099325    0.623196    6.368680 v c104/X (sky130_fd_sc_hd__mux4_1)
                                                         net50 (net)
                      0.099325    0.000126    6.368806 v c216/A_N (sky130_fd_sc_hd__and2b_2)
     2    0.006605    0.056143    0.239611    6.608417 ^ c216/X (sky130_fd_sc_hd__and2b_2)
                                                         net159 (net)
                      0.056143    0.000012    6.608429 ^ c227/S1 (sky130_fd_sc_hd__mux4_1)
     4    0.022365    0.228970    0.276422    6.884851 ^ c227/X (sky130_fd_sc_hd__mux4_1)
                                                         net171 (net)
                      0.228977    0.001592    6.886442 ^ c606/SET_B (sky130_fd_sc_hd__sdfbbn_1)
                                              6.886442   data arrival time

                                  4.000000    4.000000   clock clk (fall edge)
                                  0.000000    4.000000   clock source latency
   149    0.271864    0.578168    0.440273    4.440273 v clk (in)
                                                         clk (net)
                      0.578168    0.000000    4.440273 v c606/CLK_N (sky130_fd_sc_hd__sdfbbn_1)
                                 -0.250000    4.190273   clock uncertainty
                                  0.000000    4.190273   clock reconvergence pessimism
                                  0.232048    4.422321   library recovery time
                                              4.422321   data required time
---------------------------------------------------------------------------------------------
                                              4.422321   data required time
                                             -6.886442   data arrival time
---------------------------------------------------------------------------------------------
                                             -2.464121   slack (VIOLATED)


Startpoint: c320 (falling edge-triggered flip-flop clocked by clk)
Endpoint: c332 (rising edge-triggered flip-flop clocked by clk')
Path Group: clk
Path Type: max

Fanout         Cap        Slew       Delay        Time   Description
---------------------------------------------------------------------------------------------
                                  4.000000    4.000000   clock clk (fall edge)
                                  0.000000    4.000000   clock source latency
   149    0.271864    0.578168    0.440273    4.440273 v clk (in)
                                                         clk (net)
                      0.578168    0.000000    4.440273 v c320/CLK_N (sky130_fd_sc_hd__dfbbn_1)
     2    0.012069    0.096197    0.647549    5.087822 v c320/Q_N (sky130_fd_sc_hd__dfbbn_1)
                                                         net263 (net)
                      0.096197    0.000143    5.087965 v c322/A2 (sky130_fd_sc_hd__a21bo_2)
     1    0.008828    0.050897    0.247049    5.335013 v c322/X (sky130_fd_sc_hd__a21bo_2)
                                                         net266 (net)
                      0.050897    0.000015    5.335029 v c323/A1 (sky130_fd_sc_hd__o21ai_4)
     4    0.021285    0.198723    0.213372    5.548400 ^ c323/Y (sky130_fd_sc_hd__o21ai_4)
                                                         net267 (net)
                      0.198723    0.000087    5.548487 ^ c332/SET_B (sky130_fd_sc_hd__dfbbp_1)
                                              5.548487   data arrival time

                                  0.000000    0.000000   clock clk' (rise edge)
                                  0.000000    0.000000   clock source latency
   149    0.271864    0.578168    0.440273    4.440273 v clk (in)
                                                         clk (net)
                      0.578168    0.000000    4.440273 v s767/CLK (sky130_fd_sc_hd__dlclkp_1)
     2    0.006369    0.055060    0.343164    4.783436 v s767/GCLK (sky130_fd_sc_hd__dlclkp_1)
                                                         net650 (net)
                      0.055060    0.000000    4.783436 v c325/S1 (sky130_fd_sc_hd__mux4_4)
     2    0.003699    0.107309    0.406105    5.189542 v c325/X (sky130_fd_sc_hd__mux4_4)
                                                         net269 (net)
                      0.107309    0.000000    5.189542 v c326/A_N (sky130_fd_sc_hd__and2b_2)
     3    0.006594    0.052901    0.243266    5.432808 ^ c326/X (sky130_fd_sc_hd__and2b_2)
                                                         net270 (net)
                      0.052901    0.000000    5.432808 ^ c332/RESET_B (sky130_fd_sc_hd__dfbbp_1)
                                 -0.250000    1.182808   clock uncertainty
                                  0.000000    1.182808   clock reconvergence pessimism
                                 -0.184398    0.998409   library non-sequential setup time
                                              0.998409   data required time
---------------------------------------------------------------------------------------------
                                              0.998409   data required time
                                             -5.548487   data arrival time
---------------------------------------------------------------------------------------------
                                             -4.550078   slack (VIOLATED)




===========================================================================
report_checks --slack_max -0.01
============================================================================
======================= nom_tt_025C_1v80 Corner ===================================

Startpoint: in51 (input port clocked by clk)
Endpoint: c606 (recovery check against falling-edge clock clk)
Path Group: asynchronous
Path Type: max

Fanout         Cap        Slew       Delay        Time   Description
---------------------------------------------------------------------------------------------
                                  0.000000    0.000000   clock clk (rise edge)
                                  0.000000    0.000000   clock network delay (propagated)
                                  1.600000    1.600000 v input external delay
    21    0.088303    0.194769    0.141885    1.741885 v in51 (in)
                                                         in51 (net)
                      0.194873    0.000000    1.741885 v c52/B1_N (sky130_fd_sc_hd__a21boi_0)
     4    0.013799    0.180734    0.242231    1.984116 v c52/Y (sky130_fd_sc_hd__a21boi_0)
                                                         net0 (net)
                      0.180734    0.000196    1.984312 v c54/A1 (sky130_fd_sc_hd__o41a_2)
     2    0.010952    0.086923    0.561749    2.546061 v c54/X (sky130_fd_sc_hd__o41a_2)
                                                         net2 (net)
                      0.086923    0.000078    2.546139 v c57/B1 (sky130_fd_sc_hd__o21ai_0)
     5    0.014503    0.453593    0.202582    2.748721 ^ c57/Y (sky130_fd_sc_hd__o21ai_0)
                                                         net5 (net)
                      0.453593    0.000150    2.748871 ^ c64/B_N (sky130_fd_sc_hd__nor2b_1)
     9    0.086249    1.551806    1.253752    4.002623 ^ c64/Y (sky130_fd_sc_hd__nor2b_1)
                                                         out11 (net)
                      1.551809    0.002039    4.004662 ^ c69/B (sky130_fd_sc_hd__and2_4)
     2    0.003626    0.061444    0.300288    4.304949 ^ c69/X (sky130_fd_sc_hd__and2_4)
                                                         net16 (net)
                      0.061444    0.000013    4.304962 ^ c78/A_N (sky130_fd_sc_hd__and2b_2)
     4    0.020871    0.075506    0.260304    4.565266 v c78/X (sky130_fd_sc_hd__and2b_2)
                                                         net25 (net)
                      0.075506    0.000123    4.565390 v c84/A (sky130_fd_sc_hd__buf_8)
     3    0.008046    0.023070    0.127485    4.692874 v c84/X (sky130_fd_sc_hd__buf_8)
                                                         net30 (net)
                      0.023070    0.000045    4.692920 v c89/A (sky130_fd_sc_hd__or2_2)
     3    0.010155    0.077736    0.313448    5.006367 v c89/X (sky130_fd_sc_hd__or2_2)
                                                         net35 (net)
                      0.077736    0.000020    5.006387 v c93/A (sky130_fd_sc_hd__and2_4)
     4    0.018912    0.046646    0.170484    5.176871 v c93/X (sky130_fd_sc_hd__and2_4)
                                                         net39 (net)
                      0.046663    0.000122    5.176992 v c97/B (sky130_fd_sc_hd__or2_4)
     3    0.010796    0.054910    0.239074    5.416067 v c97/X (sky130_fd_sc_hd__or2_4)
                                                         net43 (net)
                      0.054910    0.000098    5.416164 v c101/A2 (sky130_fd_sc_hd__a21boi_2)
     7    0.029349    0.359897    0.328983    5.745147 ^ c101/Y (sky130_fd_sc_hd__a21boi_2)
                                                         net47 (net)
                      0.359897    0.000337    5.745484 ^ c104/S0 (sky130_fd_sc_hd__mux4_1)
     2    0.005611    0.099325    0.623196    6.368680 v c104/X (sky130_fd_sc_hd__mux4_1)
                                                         net50 (net)
                      0.099325    0.000126    6.368806 v c216/A_N (sky130_fd_sc_hd__and2b_2)
     2    0.006605    0.056143    0.239611    6.608417 ^ c216/X (sky130_fd_sc_hd__and2b_2)
                                                         net159 (net)
                      0.056143    0.000012    6.608429 ^ c227/S1 (sky130_fd_sc_hd__mux4_1)
     4    0.022365    0.228970    0.276422    6.884851 ^ c227/X (sky130_fd_sc_hd__mux4_1)
                                                         net171 (net)
                      0.228977    0.001592    6.886442 ^ c606/SET_B (sky130_fd_sc_hd__sdfbbn_1)
                                              6.886442   data arrival time

                                  4.000000    4.000000   clock clk (fall edge)
                                  0.000000    4.000000   clock source latency
   149    0.271864    0.578168    0.440273    4.440273 v clk (in)
                                                         clk (net)
                      0.578168    0.000000    4.440273 v c606/CLK_N (sky130_fd_sc_hd__sdfbbn_1)
                                 -0.250000    4.190273   clock uncertainty
                                  0.000000    4.190273   clock reconvergence pessimism
                                  0.232048    4.422321   library recovery time
                                              4.422321   data required time
---------------------------------------------------------------------------------------------
                                              4.422321   data required time
                                             -6.886442   data arrival time
---------------------------------------------------------------------------------------------
                                             -2.464121   slack (VIOLATED)


Startpoint: c320 (falling edge-triggered flip-flop clocked by clk)
Endpoint: c332 (rising edge-triggered flip-flop clocked by clk')
Path Group: clk
Path Type: max

Fanout         Cap        Slew       Delay        Time   Description
---------------------------------------------------------------------------------------------
                                  4.000000    4.000000   clock clk (fall edge)
                                  0.000000    4.000000   clock source latency
   149    0.271864    0.578168    0.440273    4.440273 v clk (in)
                                                         clk (net)
                      0.578168    0.000000    4.440273 v c320/CLK_N (sky130_fd_sc_hd__dfbbn_1)
     2    0.012069    0.096197    0.647549    5.087822 v c320/Q_N (sky130_fd_sc_hd__dfbbn_1)
                                                         net263 (net)
                      0.096197    0.000143    5.087965 v c322/A2 (sky130_fd_sc_hd__a21bo_2)
     1    0.008828    0.050897    0.247049    5.335013 v c322/X (sky130_fd_sc_hd__a21bo_2)
                                                         net266 (net)
                      0.050897    0.000015    5.335029 v c323/A1 (sky130_fd_sc_hd__o21ai_4)
     4    0.021285    0.198723    0.213372    5.548400 ^ c323/Y (sky130_fd_sc_hd__o21ai_4)
                                                         net267 (net)
                      0.198723    0.000087    5.548487 ^ c332/SET_B (sky130_fd_sc_hd__dfbbp_1)
                                              5.548487   data arrival time

                                  0.000000    0.000000   clock clk' (rise edge)
                                  0.000000    0.000000   clock source latency
   149    0.271864    0.578168    0.440273    4.440273 v clk (in)
                                                         clk (net)
                      0.578168    0.000000    4.440273 v s767/CLK (sky130_fd_sc_hd__dlclkp_1)
     2    0.006369    0.055060    0.343164    4.783436 v s767/GCLK (sky130_fd_sc_hd__dlclkp_1)
                                                         net650 (net)
                      0.055060    0.000000    4.783436 v c325/S1 (sky130_fd_sc_hd__mux4_4)
     2    0.003699    0.107309    0.406105    5.189542 v c325/X (sky130_fd_sc_hd__mux4_4)
                                                         net269 (net)
                      0.107309    0.000000    5.189542 v c326/A_N (sky130_fd_sc_hd__and2b_2)
     3    0.006594    0.052901    0.243266    5.432808 ^ c326/X (sky130_fd_sc_hd__and2b_2)
                                                         net270 (net)
                      0.052901    0.000000    5.432808 ^ c332/RESET_B (sky130_fd_sc_hd__dfbbp_1)
                                 -0.250000    1.182808   clock uncertainty
                                  0.000000    1.182808   clock reconvergence pessimism
                                 -0.184398    0.998409   library non-sequential setup time
                                              0.998409   data required time
---------------------------------------------------------------------------------------------
                                              0.998409   data required time
                                             -5.548487   data arrival time
---------------------------------------------------------------------------------------------
                                             -4.550078   slack (VIOLATED)




===========================================================================
 report_check_types -max_slew -max_cap -max_fanout -violators
============================================================================
======================= nom_tt_025C_1v80 Corner ===================================

max slew

Pin                                        Limit        Slew       Slack
------------------------------------------------------------------------
c697/A2                                 0.750000    2.088797   -1.338796 (VIOLATED)
c727/A3                                 0.750000    2.088795   -1.338795 (VIOLATED)
out6                                    0.750000    2.088792   -1.338792 (VIOLATED)
merge761/S1                             0.750000    2.088790   -1.338790 (VIOLATED)
c249/A1                                 0.750000    2.088787   -1.338787 (VIOLATED)
c81/Y                                   0.750000    2.088781   -1.338781 (VIOLATED)
c460/S0                                 0.750000    1.551840   -0.801840 (VIOLATED)
c604/SET_B                              0.750000    1.551840   -0.801840 (VIOLATED)
c326/B                                  0.750000    1.551838   -0.801838 (VIOLATED)
c353/A3                                 0.750000    1.551831   -0.801831 (VIOLATED)
c500/SCE                                0.750000    1.551824   -0.801824 (VIOLATED)
c69/B                                   0.750000    1.551809   -0.801809 (VIOLATED)
c70/A                                   0.750000    1.551809   -0.801809 (VIOLATED)
out11                                   0.750000    1.551808   -0.801808 (VIOLATED)
c72/B1_N                                0.750000    1.551808   -0.801808 (VIOLATED)
c64/Y                                   0.750000    1.551806   -0.801806 (VIOLATED)
clk                                     0.750000    1.339547   -0.589547 (VIOLATED)
c111/CLK                                0.750000    1.339547   -0.589547 (VIOLATED)
c114/CLK                                0.750000    1.339547   -0.589547 (VIOLATED)
c115/CLK_N                              0.750000    1.339547   -0.589547 (VIOLATED)
c118/CLK                                0.750000    1.339547   -0.589547 (VIOLATED)
c119/CLK                                0.750000    1.339547   -0.589547 (VIOLATED)
c124/CLK_N                              0.750000    1.339547   -0.589547 (VIOLATED)
c125/CLK_N                              0.750000    1.339547   -0.589547 (VIOLATED)
c220/CLK                                0.750000    1.339547   -0.589547 (VIOLATED)
c225/CLK                                0.750000    1.339547   -0.589547 (VIOLATED)
c226/CLK                                0.750000    1.339547   -0.589547 (VIOLATED)
c233/CLK                                0.750000    1.339547   -0.589547 (VIOLATED)
c235/CLK                                0.750000    1.339547   -0.589547 (VIOLATED)
c236/CLK                                0.750000    1.339547   -0.589547 (VIOLATED)
c245/CLK                                0.750000    1.339547   -0.589547 (VIOLATED)
c246/CLK                                0.750000    1.339547   -0.589547 (VIOLATED)
c247/CLK                                0.750000    1.339547   -0.589547 (VIOLATED)
c250/CLK                                0.750000    1.339547   -0.589547 (VIOLATED)
c291/CLK_N                              0.750000    1.339547   -0.589547 (VIOLATED)
c293/CLK                                0.750000    1.339547   -0.589547 (VIOLATED)
c312/CLK                                0.750000    1.339547   -0.589547 (VIOLATED)
c314/CLK                                0.750000    1.339547   -0.589547 (VIOLATED)
c320/CLK_N                              0.750000    1.339547   -0.589547 (VIOLATED)
c329/CLK_N                              0.750000    1.339547   -0.589547 (VIOLATED)
c332/CLK                                0.750000    1.339547   -0.589547 (VIOLATED)
c333/CLK                                0.750000    1.339547   -0.589547 (VIOLATED)
c336/GATE_N                             0.750000    1.339547   -0.589547 (VIOLATED)
c342/CLK                                0.750000    1.339547   -0.589547 (VIOLATED)
c350/CLK_N                              0.750000    1.339547   -0.589547 (VIOLATED)
c351/GATE_N                             0.750000    1.339547   -0.589547 (VIOLATED)
c354/CLK                                0.750000    1.339547   -0.589547 (VIOLATED)
c355/CLK                                0.750000    1.339547   -0.589547 (VIOLATED)
c359/CLK                                0.750000    1.339547   -0.589547 (VIOLATED)
c360/GATE                               0.750000    1.339547   -0.589547 (VIOLATED)
c361/GATE                               0.750000    1.339547   -0.589547 (VIOLATED)
c362/GATE_N                             0.750000    1.339547   -0.589547 (VIOLATED)
c366/CLK                                0.750000    1.339547   -0.589547 (VIOLATED)
c369/CLK_N                              0.750000    1.339547   -0.589547 (VIOLATED)
c371/GATE_N                             0.750000    1.339547   -0.589547 (VIOLATED)
c375/CLK_N                              0.750000    1.339547   -0.589547 (VIOLATED)
c376/CLK_N                              0.750000    1.339547   -0.589547 (VIOLATED)
c395/CLK                                0.750000    1.339547   -0.589547 (VIOLATED)
c396/GATE_N                             0.750000    1.339547   -0.589547 (VIOLATED)
c397/GATE                               0.750000    1.339547   -0.589547 (VIOLATED)
c404/GATE                               0.750000    1.339547   -0.589547 (VIOLATED)
c405/GATE                               0.750000    1.339547   -0.589547 (VIOLATED)
c406/CLK                                0.750000    1.339547   -0.589547 (VIOLATED)
c415/CLK                                0.750000    1.339547   -0.589547 (VIOLATED)
c418/CLK_N                              0.750000    1.339547   -0.589547 (VIOLATED)
c424/CLK                                0.750000    1.339547   -0.589547 (VIOLATED)
c425/CLK                                0.750000    1.339547   -0.589547 (VIOLATED)
c433/CLK                                0.750000    1.339547   -0.589547 (VIOLATED)
c436/CLK_N                              0.750000    1.339547   -0.589547 (VIOLATED)
c439/CLK                                0.750000    1.339547   -0.589547 (VIOLATED)
c440/CLK                                0.750000    1.339547   -0.589547 (VIOLATED)
c441/CLK                                0.750000    1.339547   -0.589547 (VIOLATED)
c442/CLK                                0.750000    1.339547   -0.589547 (VIOLATED)
c448/CLK                                0.750000    1.339547   -0.589547 (VIOLATED)
c451/CLK                                0.750000    1.339547   -0.589547 (VIOLATED)
c452/CLK                                0.750000    1.339547   -0.589547 (VIOLATED)
c457/CLK                                0.750000    1.339547   -0.589547 (VIOLATED)
c468/CLK_N                              0.750000    1.339547   -0.589547 (VIOLATED)
c471/CLK                                0.750000    1.339547   -0.589547 (VIOLATED)
c474/CLK                                0.750000    1.339547   -0.589547 (VIOLATED)
c495/CLK                                0.750000    1.339547   -0.589547 (VIOLATED)
c497/CLK_N                              0.750000    1.339547   -0.589547 (VIOLATED)
c500/CLK                                0.750000    1.339547   -0.589547 (VIOLATED)
c501/CLK_N                              0.750000    1.339547   -0.589547 (VIOLATED)
c502/CLK                                0.750000    1.339547   -0.589547 (VIOLATED)
c503/CLK_N                              0.750000    1.339547   -0.589547 (VIOLATED)
c518/CLK                                0.750000    1.339547   -0.589547 (VIOLATED)
c522/CLK_N                              0.750000    1.339547   -0.589547 (VIOLATED)
c528/CLK                                0.750000    1.339547   -0.589547 (VIOLATED)
c530/CLK                                0.750000    1.339547   -0.589547 (VIOLATED)
c532/CLK                                0.750000    1.339547   -0.589547 (VIOLATED)
c533/CLK                                0.750000    1.339547   -0.589547 (VIOLATED)
c536/CLK                                0.750000    1.339547   -0.589547 (VIOLATED)
c545/CLK                                0.750000    1.339547   -0.589547 (VIOLATED)
c550/CLK                                0.750000    1.339547   -0.589547 (VIOLATED)
c558/CLK                                0.750000    1.339547   -0.589547 (VIOLATED)
c559/CLK_N                              0.750000    1.339547   -0.589547 (VIOLATED)
c561/CLK                                0.750000    1.339547   -0.589547 (VIOLATED)
c563/CLK                                0.750000    1.339547   -0.589547 (VIOLATED)
c568/CLK                                0.750000    1.339547   -0.589547 (VIOLATED)
c569/CLK_N                              0.750000    1.339547   -0.589547 (VIOLATED)
c570/CLK                                0.750000    1.339547   -0.589547 (VIOLATED)
c573/CLK                                0.750000    1.339547   -0.589547 (VIOLATED)
c576/GATE_N                             0.750000    1.339547   -0.589547 (VIOLATED)
c577/GATE_N                             0.750000    1.339547   -0.589547 (VIOLATED)
c585/CLK                                0.750000    1.339547   -0.589547 (VIOLATED)
c598/CLK                                0.750000    1.339547   -0.589547 (VIOLATED)
c602/CLK                                0.750000    1.339547   -0.589547 (VIOLATED)
c603/CLK                                0.750000    1.339547   -0.589547 (VIOLATED)
c604/CLK                                0.750000    1.339547   -0.589547 (VIOLATED)
c605/CLK                                0.750000    1.339547   -0.589547 (VIOLATED)
c606/CLK_N                              0.750000    1.339547   -0.589547 (VIOLATED)
c634/GATE                               0.750000    1.339547   -0.589547 (VIOLATED)
c638/GATE                               0.750000    1.339547   -0.589547 (VIOLATED)
c642/GATE_N                             0.750000    1.339547   -0.589547 (VIOLATED)
c643/GATE_N                             0.750000    1.339547   -0.589547 (VIOLATED)
c646/GATE_N                             0.750000    1.339547   -0.589547 (VIOLATED)
c648/GATE                               0.750000    1.339547   -0.589547 (VIOLATED)
c650/CLK_N                              0.750000    1.339547   -0.589547 (VIOLATED)
c653/GATE                               0.750000    1.339547   -0.589547 (VIOLATED)
c658/GATE                               0.750000    1.339547   -0.589547 (VIOLATED)
c659/CLK                                0.750000    1.339547   -0.589547 (VIOLATED)
c669/CLK_N                              0.750000    1.339547   -0.589547 (VIOLATED)
c671/CLK                                0.750000    1.339547   -0.589547 (VIOLATED)
c677/CLK_N                              0.750000    1.339547   -0.589547 (VIOLATED)
c678/CLK                                0.750000    1.339547   -0.589547 (VIOLATED)
c680/CLK                                0.750000    1.339547   -0.589547 (VIOLATED)
c681/CLK                                0.750000    1.339547   -0.589547 (VIOLATED)
c685/CLK                                0.750000    1.339547   -0.589547 (VIOLATED)
c686/CLK                                0.750000    1.339547   -0.589547 (VIOLATED)
c695/CLK                                0.750000    1.339547   -0.589547 (VIOLATED)
c698/CLK                                0.750000    1.339547   -0.589547 (VIOLATED)
c701/CLK_N                              0.750000    1.339547   -0.589547 (VIOLATED)
c703/CLK_N                              0.750000    1.339547   -0.589547 (VIOLATED)
c704/CLK                                0.750000    1.339547   -0.589547 (VIOLATED)
c713/CLK                                0.750000    1.339547   -0.589547 (VIOLATED)
c716/CLK                                0.750000    1.339547   -0.589547 (VIOLATED)
c722/CLK                                0.750000    1.339547   -0.589547 (VIOLATED)
c724/CLK                                0.750000    1.339547   -0.589547 (VIOLATED)
c729/CLK                                0.750000    1.339547   -0.589547 (VIOLATED)
c734/CLK                                0.750000    1.339547   -0.589547 (VIOLATED)
merge755/CLK                            0.750000    1.339547   -0.589547 (VIOLATED)
merge757/CLK                            0.750000    1.339547   -0.589547 (VIOLATED)
merge758/CLK                            0.750000    1.339547   -0.589547 (VIOLATED)
merge760/CLK                            0.750000    1.339547   -0.589547 (VIOLATED)
s762/CLK                                0.750000    1.339547   -0.589547 (VIOLATED)
s763/CLK                                0.750000    1.339547   -0.589547 (VIOLATED)
s764/CLK                                0.750000    1.339547   -0.589547 (VIOLATED)
s765/CLK                                0.750000    1.339547   -0.589547 (VIOLATED)
s766/CLK                                0.750000    1.339547   -0.589547 (VIOLATED)
s767/CLK                                0.750000    1.339547   -0.589547 (VIOLATED)
s768/CLK                                0.750000    1.339547   -0.589547 (VIOLATED)
s769/CLK                                0.750000    1.339547   -0.589547 (VIOLATED)
s770/GATE_N                             0.750000    1.339547   -0.589547 (VIOLATED)
s771/GATE_N                             0.750000    1.339547   -0.589547 (VIOLATED)
s772/GATE                               0.750000    1.339547   -0.589547 (VIOLATED)
s773/GATE_N                             0.750000    1.339547   -0.589547 (VIOLATED)
s774/GATE_N                             0.750000    1.339547   -0.589547 (VIOLATED)
s775/GATE_N                             0.750000    1.339547   -0.589547 (VIOLATED)
s776/GATE                               0.750000    1.339547   -0.589547 (VIOLATED)
s777/SLEEP_B                            0.750000    1.339547   -0.589547 (VIOLATED)
s778/CLK                                0.750000    1.339547   -0.589547 (VIOLATED)
s779/CLK                                0.750000    1.339547   -0.589547 (VIOLATED)
s780/CLK                                0.750000    1.339547   -0.589547 (VIOLATED)
s781/CLK                                0.750000    1.339547   -0.589547 (VIOLATED)
s782/CLK                                0.750000    1.339547   -0.589547 (VIOLATED)
out34                                   0.750000    1.160219   -0.410219 (VIOLATED)
c107/Y                                  0.750000    1.160219   -0.410219 (VIOLATED)
c109/A                                  0.750000    1.160219   -0.410219 (VIOLATED)
c374/B1                                 0.750000    1.140853   -0.390853 (VIOLATED)
c347/B                                  0.750000    1.140851   -0.390851 (VIOLATED)
c495/SCD                                0.750000    1.140852   -0.390852 (VIOLATED)
c717/A1                                 0.750000    1.140848   -0.390848 (VIOLATED)
c470/B1                                 0.750000    1.140846   -0.390846 (VIOLATED)
c709/B1                                 0.750000    1.140845   -0.390845 (VIOLATED)
c662/A1                                 0.750000    1.140838   -0.390838 (VIOLATED)
c643/RESET_B                            0.750000    1.140835   -0.390835 (VIOLATED)
c541/A2                                 0.750000    1.140831   -0.390831 (VIOLATED)
c266/Y                                  0.750000    1.140825   -0.390825 (VIOLATED)
out26                                   0.750000    1.107328   -0.357328 (VIOLATED)
c604/SCE                                0.750000    1.107226   -0.357226 (VIOLATED)
c568/SET_B                              0.750000    1.107172   -0.357172 (VIOLATED)
c550/SET_B                              0.750000    1.107159   -0.357159 (VIOLATED)
c561/SET_B                              0.750000    1.107155   -0.357155 (VIOLATED)
c557/A3                                 0.750000    1.107146   -0.357146 (VIOLATED)
c543/X                                  0.750000    1.107140   -0.357140 (VIOLATED)
c544/S0                                 0.750000    1.107140   -0.357140 (VIOLATED)
c545/SCD                                0.750000    1.107140   -0.357140 (VIOLATED)
out4                                    0.750000    0.866566   -0.116566 (VIOLATED)
c503/SET_B                              0.750000    0.866496   -0.116496 (VIOLATED)
c698/SCD                                0.750000    0.866421   -0.116421 (VIOLATED)
c717/B1                                 0.750000    0.866420   -0.116420 (VIOLATED)
c463/B_N                                0.750000    0.866407   -0.116407 (VIOLATED)
c403/X                                  0.750000    0.866346   -0.116346 (VIOLATED)
c408/B                                  0.750000    0.866346   -0.116346 (VIOLATED)
c414/B1                                 0.750000    0.866346   -0.116346 (VIOLATED)
c418/SET_B                              0.750000    0.866346   -0.116346 (VIOLATED)
c654/A2                                 0.750000    0.866346   -0.116346 (VIOLATED)
merge761/A0                             0.750000    0.864495   -0.114495 (VIOLATED)
c169/A                                  0.750000    0.864494   -0.114494 (VIOLATED)
c178/B                                  0.750000    0.864494   -0.114494 (VIOLATED)
c172/A2                                 0.750000    0.864494   -0.114494 (VIOLATED)
c316/A2                                 0.750000    0.864494   -0.114494 (VIOLATED)
c223/A3                                 0.750000    0.864493   -0.114493 (VIOLATED)
c318/A1                                 0.750000    0.864492   -0.114492 (VIOLATED)
c207/S0                                 0.750000    0.864491   -0.114491 (VIOLATED)
c168/Y                                  0.750000    0.864486   -0.114486 (VIOLATED)
c697/A1                                 0.750000    0.807538   -0.057538 (VIOLATED)
c699/A2                                 0.750000    0.807537   -0.057537 (VIOLATED)
c670/S0                                 0.750000    0.807536   -0.057536 (VIOLATED)
c544/S1                                 0.750000    0.807532   -0.057532 (VIOLATED)
c510/Y                                  0.750000    0.807531   -0.057531 (VIOLATED)
c511/B                                  0.750000    0.807531   -0.057531 (VIOLATED)
c517/B                                  0.750000    0.807531   -0.057531 (VIOLATED)
c520/B                                  0.750000    0.807531   -0.057531 (VIOLATED)
merge757/SCE                            0.750000    0.807531   -0.057531 (VIOLATED)
out31                                   0.750000    0.779839   -0.029839 (VIOLATED)
c249/S0                                 0.750000    0.779776   -0.029776 (VIOLATED)
c375/SCD                                0.750000    0.779760   -0.029760 (VIOLATED)
c360/RESET_B                            0.750000    0.779759   -0.029759 (VIOLATED)
c230/A3                                 0.750000    0.779727   -0.029727 (VIOLATED)
c227/A1                                 0.750000    0.779724   -0.029724 (VIOLATED)
c229/S1                                 0.750000    0.779724   -0.029724 (VIOLATED)
c226/SCE                                0.750000    0.779719   -0.029719 (VIOLATED)
c218/X                                  0.750000    0.779713   -0.029713 (VIOLATED)
c220/SCE                                0.750000    0.779713   -0.029713 (VIOLATED)
c478/A4                                 0.750000    0.779713   -0.029713 (VIOLATED)
c499/S1                                 0.750000    0.779713   -0.029713 (VIOLATED)
out0                                    0.750000    0.760238   -0.010238 (VIOLATED)
c241/Y                                  0.750000    0.760236   -0.010236 (VIOLATED)
c243/A2                                 0.750000    0.760236   -0.010236 (VIOLATED)
c377/A3                                 0.750000    0.760236   -0.010236 (VIOLATED)
out23                                   0.750000    0.751495   -0.001495 (VIOLATED)
c719/S                                  0.750000    0.751357   -0.001357 (VIOLATED)
c696/B1_N                               0.750000    0.751280   -0.001280 (VIOLATED)
c667/A3                                 0.750000    0.751222   -0.001222 (VIOLATED)
c291/RESET_B                            0.750000    0.751132   -0.001132 (VIOLATED)
c173/B                                  0.750000    0.751120   -0.001120 (VIOLATED)
c167/X                                  0.750000    0.751118   -0.001118 (VIOLATED)

max fanout

Pin                                   Limit Fanout  Slack
---------------------------------------------------------
clk                                      10    149   -139 (VIOLATED)
in51                                     10     21    -11 (VIOLATED)
c282/X                                   10     11        (VIOLATED)

max capacitance

Pin                                        Limit         Cap       Slack
------------------------------------------------------------------------
clk                                     0.200000    0.297758   -0.097758 (VIOLATED)
c81/Y                                   0.047617    0.069623   -0.022006 (VIOLATED)
c64/Y                                   0.082407    0.086249   -0.003842 (VIOLATED)



===========================================================================
report_parasitic_annotation -report_unannotated
============================================================================
Found 91 unannotated drivers.
 clk
 rst
 c325/X
 c326/X
 c329/Q_N
 c330/X
 c335/X
 c342/Q_N
 c350/Q_N
 c361/Q_N
 c369/Q_N
 c418/Q_N
 c425/GCLK
 c427/X
 c428/Y
 c431/X
 c435/Y
 c437/X
 c438/Y
 c440/Q_N
 c441/GCLK
 c442/GCLK
 c443/Y
 c450/Y
 c454/X
 c455/Y
 c456/Y
 c457/Q_N
 c458/Y
 c459/X
 c460/X
 c461/Y
 c468/Q_N
 c477/Y
 c480/X
 c495/Q_N
 c497/Q_N
 c500/Q_N
 c501/Q_N
 c502/Q_N
 c503/Q_N
 c518/Q_N
 c536/Q_N
 c546/Y
 c553/Y
 c557/X
 c559/Q_N
 c562/Y
 c565/X
 c566/X
 c567/X
 c569/Q_N
 c572/Y
 c573/Q_N
 c574/X
 c575/X
 c581/Y
 c584/Y
 c585/Q_N
 c587/X
 c595/X
 c597/X
 c600/X
 c606/Q_N
 c659/Q_N
 c669/Q_N
 c676/X
 c677/Q_N
 c680/Q_N
 c681/Q_N
 c691/X
 c701/Q_N
 c711/X
 c713/Q_N
 c716/Q_N
 c718/X
 c719/X
 c724/Q_N
 c730/Y
 c734/Q
 merge756/X
 merge759/X
 s763/Q_N
 s767/GCLK
 s768/GCLK
 s769/GCLK
 s770/Q_N
 s771/Q_N
 s772/Q_N
 s778/Q_N
 s779/Q_N
Found 0 partially unannotated drivers.

===========================================================================
max slew violation count 239
Writing metric design__max_slew_violation__count__corner:nom_tt_025C_1v80: 239
max fanout violation count 3
Writing metric design__max_fanout_violation__count__corner:nom_tt_025C_1v80: 3
max cap violation count 3
Writing metric design__max_cap_violation__count__corner:nom_tt_025C_1v80: 3
============================================================================

===========================================================================
check_setup -verbose -unconstrained_endpoints -multiple_clock -no_clock -no_input_delay -loops -generated_clocks
===========================================================================
