Reading OpenROAD database at '/Users/junpeng/openlane2/netlist_mid_ad_min/src/netlist_0/runs/physical_design/32-odb-heuristicdiodeinsertion/2-openroad-detailedplacement/netlist_0.odb'…
Reading library file at '/Users/junpeng/.volare/volare/sky130/versions/bdc9412b3e468c102d01b7cf6337be06ec6e9c9a/sky130A/libs.ref/sky130_fd_sc_hd/lib/sky130_fd_sc_hd__tt_025C_1v80.lib'…
Reading design constraints file at '/nix/store/fvqq0703nb8y0f998v8hgg5l6mjj8gb5-python3-3.11.6-env/lib/python3.11/site-packages/openlane/scripts/base.sdc'…
[INFO] Using clock clk…
[INFO] Setting output delay to: 1.6
[INFO] Setting input delay to: 1.6
[INFO] Setting load to: 0.033442
[INFO] Setting clock uncertainty to: 0.25
[INFO] Setting clock transition to: 0.1499999999999999944488848768742172978818416595458984375
[INFO] Setting timing derate to: 5%
[INFO] Setting signal min routing layer to: met1 and clock min routing layer to met1. 
[INFO] Setting signal max routing layer to: met5 and clock max routing layer to met5. 
-congestion_iterations 50 -verbose
[INFO GRT-0020] Min routing layer: met1
[INFO GRT-0021] Max routing layer: met5
[INFO GRT-0022] Global adjustment: 30%
[INFO GRT-0023] Grid origin: (0, 0)
[INFO GRT-0043] No OR_DEFAULT vias defined.
[INFO GRT-0088] Layer li1     Track-Pitch = 0.4600  line-2-Via Pitch: 0.3400
[INFO GRT-0088] Layer met1    Track-Pitch = 0.3400  line-2-Via Pitch: 0.3400
[INFO GRT-0088] Layer met2    Track-Pitch = 0.4600  line-2-Via Pitch: 0.3500
[INFO GRT-0088] Layer met3    Track-Pitch = 0.6800  line-2-Via Pitch: 0.6150
[INFO GRT-0088] Layer met4    Track-Pitch = 0.9200  line-2-Via Pitch: 1.0400
[INFO GRT-0088] Layer met5    Track-Pitch = 3.4000  line-2-Via Pitch: 3.1100
[INFO GRT-0019] Found 145 clock nets.
[INFO GRT-0001] Minimum degree: 2
[INFO GRT-0002] Maximum degree: 34
[INFO GRT-0003] Macros: 0
[INFO GRT-0043] No OR_DEFAULT vias defined.
[INFO GRT-0004] Blockages: 3420

[INFO GRT-0053] Routing resources analysis:
          Routing      Original      Derated      Resource
Layer     Direction    Resources     Resources    Reduction (%)
---------------------------------------------------------------
li1        Vertical            0             0          0.00%
met1       Horizontal      37410         18205          51.34%
met2       Vertical        28036         18213          35.04%
met3       Horizontal      18705         12687          32.17%
met4       Vertical        11309          7070          37.48%
met5       Horizontal       3741          1764          52.85%
---------------------------------------------------------------

[INFO GRT-0197] Via related to pin nodes: 7086
[INFO GRT-0198] Via related Steiner nodes: 197
[INFO GRT-0199] Via filling finished.
[INFO GRT-0111] Final number of vias: 9056
[INFO GRT-0112] Final usage 3D: 35046

[INFO GRT-0096] Final congestion report:
Layer         Resource        Demand        Usage (%)    Max H / Max V / Total Overflow
---------------------------------------------------------------------------------------
li1                  0             0            0.00%             0 /  0 /  0
met1             18205          3948           21.69%             0 /  0 /  0
met2             18213          3698           20.30%             0 /  0 /  0
met3             12687           217            1.71%             0 /  0 /  0
met4              7070            15            0.21%             0 /  0 /  0
met5              1764             0            0.00%             0 /  0 /  0
---------------------------------------------------------------------------------------
Total            57939          7878           13.60%             0 /  0 /  0

[INFO GRT-0018] Total wirelength: 78694 um
[INFO GRT-0014] Routed nets: 1114
%OL_CREATE_REPORT antenna.rpt
[INFO GRT-0043] No OR_DEFAULT vias defined.
Net: net577
  Pin: c753/A0 (sky130_fd_sc_hd__mux4_1)
    Layer: met2
      Partial area ratio:    7.82
      Required ratio:    0.00 (Gate area) 
      Partial area ratio:   39.89
      Required ratio: 2771.60 (Side area) 
      Cumulative area ratio:  114.57
      Required ratio:    0.00 (Cumulative area) 
      Cumulative area ratio:  575.98
      Required ratio:    0.00 (Cumulative side area) 

    Layer: met1
      Partial area ratio:  106.75
      Required ratio:    0.00 (Gate area) 
      Partial area ratio:  536.09
      Required ratio:  400.00 (Side area) (VIOLATED)
      Cumulative area ratio:  106.75
      Required ratio:    0.00 (Cumulative area) 
      Cumulative area ratio:  536.09
      Required ratio:    0.00 (Cumulative side area) 

    Layer: li1
      Partial area ratio:    0.00
      Required ratio:    0.00 (Gate area) 
      Partial area ratio:    0.00
      Required ratio:   75.00 (Side area) 
      Cumulative area ratio:    0.00
      Required ratio:    0.00 (Cumulative area) 
      Cumulative area ratio:    0.00
      Required ratio:    0.00 (Cumulative side area) 

    Via: M1M2_PR
      Partial area ratio:    0.36
      Required ratio:    6.00 (Gate area) 
      Cumulative area ratio:    0.59
      Required ratio:    0.00 (Cumulative area) 

    Via: L1M1_PR
      Partial area ratio:    0.23
      Required ratio:    3.00 (Gate area) 
      Cumulative area ratio:    0.23
      Required ratio:    0.00 (Cumulative area) 


Net: net801
  Pin: output109/A (sky130_fd_sc_hd__buf_2)
    Layer: met1
      Partial area ratio:   50.43
      Required ratio:    0.00 (Gate area) 
      Partial area ratio:  258.92
      Required ratio: 3119.36 (Side area) 
      Cumulative area ratio:   50.43
      Required ratio:    0.00 (Cumulative area) 
      Cumulative area ratio:  258.92
      Required ratio:    0.00 (Cumulative side area) 

    Layer: met2
      Partial area ratio:   10.31
      Required ratio:    0.00 (Gate area) 
      Partial area ratio:   52.22
      Required ratio: 3293.24 (Side area) 
      Cumulative area ratio:   60.73
      Required ratio:    0.00 (Cumulative area) 
      Cumulative area ratio:  311.13
      Required ratio:    0.00 (Cumulative side area) 

    Layer: met2
      Partial area ratio:   10.31
      Required ratio:    0.00 (Gate area) 
      Partial area ratio:   52.22
      Required ratio: 3293.24 (Side area) 
      Cumulative area ratio:   60.73
      Required ratio:    0.00 (Cumulative area) 
      Cumulative area ratio:  311.13
      Required ratio:    0.00 (Cumulative side area) 

    Layer: li1
      Partial area ratio:    0.00
      Required ratio:    0.00 (Gate area) 
      Partial area ratio:    0.00
      Required ratio:   75.00 (Side area) 
      Cumulative area ratio:    0.00
      Required ratio:    0.00 (Cumulative area) 
      Cumulative area ratio:    0.00
      Required ratio:    0.00 (Cumulative side area) 

    Layer: met2
      Partial area ratio:   10.31
      Required ratio:    0.00 (Gate area) 
      Partial area ratio:   52.22
      Required ratio: 3293.24 (Side area) 
      Cumulative area ratio:   60.73
      Required ratio:    0.00 (Cumulative area) 
      Cumulative area ratio:  311.13
      Required ratio:    0.00 (Cumulative side area) 

    Layer: met2
      Partial area ratio:   10.31
      Required ratio:    0.00 (Gate area) 
      Partial area ratio:   52.22
      Required ratio: 3293.24 (Side area) 
      Cumulative area ratio:   60.73
      Required ratio:    0.00 (Cumulative area) 
      Cumulative area ratio:  311.13
      Required ratio:    0.00 (Cumulative side area) 

    Via: M1M2_PR
      Partial area ratio:    0.71
      Required ratio:    6.00 (Gate area) 
      Cumulative area ratio:    0.89
      Required ratio:    0.00 (Cumulative area) 

    Via: L1M1_PR
      Partial area ratio:    0.18
      Required ratio:    3.00 (Gate area) 
      Cumulative area ratio:    0.18
      Required ratio:    0.00 (Cumulative area) 

  Pin: c317/B (sky130_fd_sc_hd__and2_0)
    Layer: met1
      Partial area ratio:   81.37
      Required ratio:    0.00 (Gate area) 
      Partial area ratio:  409.18
      Required ratio:  400.00 (Side area) (VIOLATED)
      Cumulative area ratio:   81.37
      Required ratio:    0.00 (Cumulative area) 
      Cumulative area ratio:  409.18
      Required ratio:    0.00 (Cumulative side area) 

    Layer: li1
      Partial area ratio:    0.00
      Required ratio:    0.00 (Gate area) 
      Partial area ratio:    0.00
      Required ratio:   75.00 (Side area) 
      Cumulative area ratio:    0.00
      Required ratio:    0.00 (Cumulative area) 
      Cumulative area ratio:    0.00
      Required ratio:    0.00 (Cumulative side area) 

    Via: M1M2_PR
      Partial area ratio:    0.54
      Required ratio:    6.00 (Gate area) 
      Cumulative area ratio:    0.77
      Required ratio:    0.00 (Cumulative area) 

    Via: L1M1_PR
      Partial area ratio:    0.23
      Required ratio:    3.00 (Gate area) 
      Cumulative area ratio:    0.23
      Required ratio:    0.00 (Cumulative area) 


[INFO ANT-0002] Found 2 net violations.
[INFO ANT-0001] Found 2 pin violations.
%OL_END_REPORT
[INFO] Setting RC values…
Setting global connections for newly added cells…
[INFO] Setting global connections...
Writing OpenROAD database to '/Users/junpeng/openlane2/netlist_mid_ad_min/src/netlist_0/runs/physical_design/32-odb-heuristicdiodeinsertion/3-openroad-globalrouting/netlist_0.odb'…
Writing layout to '/Users/junpeng/openlane2/netlist_mid_ad_min/src/netlist_0/runs/physical_design/32-odb-heuristicdiodeinsertion/3-openroad-globalrouting/netlist_0.def'…
