
===========================================================================
report_checks -unconstrained
===========================================================================
======================= nom_ss_100C_1v60 Corner ===================================

Startpoint: in51 (input port clocked by clk)
Endpoint: c606 (recovery check against falling-edge clock clk)
Path Group: asynchronous
Path Type: max

Fanout         Cap        Slew       Delay        Time   Description
---------------------------------------------------------------------------------------------
                                  0.000000    0.000000   clock clk (rise edge)
                                  0.000000    0.000000   clock network delay (propagated)
                                  1.600000    1.600000 v input external delay
     2    0.003970    0.023019    0.012917    1.612917 v in51 (in)
                                                         in51 (net)
                      0.023019    0.000000    1.612917 v input48/A (sky130_fd_sc_hd__clkbuf_2)
     7    0.039287    0.274571    0.337590    1.950507 v input48/X (sky130_fd_sc_hd__clkbuf_2)
                                                         net713 (net)
                      0.274579    0.001800    1.952307 v fanout109/A (sky130_fd_sc_hd__buf_4)
    21    0.091742    0.211324    0.498013    2.450320 v fanout109/X (sky130_fd_sc_hd__buf_4)
                                                         net774 (net)
                      0.211324    0.000977    2.451297 v fanout108/A (sky130_fd_sc_hd__buf_4)
    21    0.072639    0.180380    0.434129    2.885426 v fanout108/X (sky130_fd_sc_hd__buf_4)
                                                         net773 (net)
                      0.180437    0.003140    2.888566 v c52/B1_N (sky130_fd_sc_hd__a21boi_2)
     4    0.018612    0.178259    0.432547    3.321112 v c52/Y (sky130_fd_sc_hd__a21boi_2)
                                                         net0 (net)
                      0.178259    0.000489    3.321602 v c54/A1 (sky130_fd_sc_hd__o41a_2)
     2    0.022547    0.211392    1.117216    4.438818 v c54/X (sky130_fd_sc_hd__o41a_2)
                                                         net2 (net)
                      0.211533    0.000794    4.439611 v c57/B1 (sky130_fd_sc_hd__o21ai_4)
     5    0.025949    0.354763    0.224793    4.664404 ^ c57/Y (sky130_fd_sc_hd__o21ai_4)
                                                         net5 (net)
                      0.354763    0.000662    4.665066 ^ c64/B_N (sky130_fd_sc_hd__nor2b_4)
     4    0.010712    0.158847    0.408806    5.073872 ^ c64/Y (sky130_fd_sc_hd__nor2b_4)
                                                         net721 (net)
                      0.158847    0.000415    5.074286 ^ rebuffer25/A (sky130_fd_sc_hd__dlymetal6s2s_1)
     4    0.008516    0.164243    0.271099    5.345386 ^ rebuffer25/X (sky130_fd_sc_hd__dlymetal6s2s_1)
                                                         net843 (net)
                      0.164243    0.000294    5.345679 ^ c69/B (sky130_fd_sc_hd__and2_1)
     2    0.005069    0.109555    0.289048    5.634727 ^ c69/X (sky130_fd_sc_hd__and2_1)
                                                         net16 (net)
                      0.109555    0.000094    5.634822 ^ c78/A_N (sky130_fd_sc_hd__and2b_2)
     4    0.020750    0.142771    0.553093    6.187915 v c78/X (sky130_fd_sc_hd__and2b_2)
                                                         net25 (net)
                      0.142771    0.000307    6.188222 v c84/A (sky130_fd_sc_hd__clkbuf_1)
     3    0.007622    0.099882    0.236212    6.424434 v c84/X (sky130_fd_sc_hd__clkbuf_1)
                                                         net30 (net)
                      0.099882    0.000175    6.424609 v c89/A (sky130_fd_sc_hd__or2_1)
     3    0.008340    0.145127    0.568186    6.992795 v c89/X (sky130_fd_sc_hd__or2_1)
                                                         net35 (net)
                      0.145127    0.000121    6.992917 v c93/A (sky130_fd_sc_hd__and2_1)
     4    0.016710    0.177321    0.417606    7.410522 v c93/X (sky130_fd_sc_hd__and2_1)
                                                         net39 (net)
                      0.177321    0.000322    7.410845 v c97/B (sky130_fd_sc_hd__or2_2)
     3    0.018408    0.189225    0.783920    8.194765 v c97/X (sky130_fd_sc_hd__or2_2)
                                                         net43 (net)
                      0.189225    0.000629    8.195394 v c101/A2 (sky130_fd_sc_hd__a21boi_4)
     7    0.037172    0.460125    0.527185    8.722578 ^ c101/Y (sky130_fd_sc_hd__a21boi_4)
                                                         net47 (net)
                      0.460125    0.001480    8.724058 ^ c104/S0 (sky130_fd_sc_hd__mux4_1)
     2    0.009004    0.224952    1.456225   10.180284 v c104/X (sky130_fd_sc_hd__mux4_1)
                                                         net50 (net)
                      0.224952    0.000312   10.180595 v c216/A_N (sky130_fd_sc_hd__and2b_1)
     2    0.009384    0.157418    0.510922   10.691517 ^ c216/X (sky130_fd_sc_hd__and2b_1)
                                                         net159 (net)
                      0.157418    0.000269   10.691787 ^ c227/S1 (sky130_fd_sc_hd__mux4_2)
     9    0.040914    0.375842    0.647550   11.339336 ^ c227/X (sky130_fd_sc_hd__mux4_2)
                                                         net171 (net)
                      0.375893    0.004430   11.343766 ^ c606/SET_B (sky130_fd_sc_hd__sdfbbn_1)
                                             11.343766   data arrival time

                                  4.000000    4.000000   clock clk (fall edge)
                                  0.000000    4.000000   clock source latency
     2    0.045096    0.195175    0.141093    4.141093 v clk (in)
                                                         clk (net)
                      0.195524    0.000000    4.141093 v clkbuf_0_clk/A (sky130_fd_sc_hd__clkbuf_16)
    33    0.186388    0.206308    0.450939    4.592032 v clkbuf_0_clk/X (sky130_fd_sc_hd__clkbuf_16)
                                                         clknet_0_clk (net)
                      0.209621    0.020739    4.612771 v clkbuf_4_13_0_clk/A (sky130_fd_sc_hd__clkbuf_8)
    10    0.033790    0.088864    0.349170    4.961940 v clkbuf_4_13_0_clk/X (sky130_fd_sc_hd__clkbuf_8)
                                                         clknet_4_13_0_clk (net)
                      0.088871    0.000826    4.962766 v c606/CLK_N (sky130_fd_sc_hd__sdfbbn_1)
                                 -0.250000    4.712766   clock uncertainty
                                  0.000000    4.712766   clock reconvergence pessimism
                                  0.080379    4.793145   library recovery time
                                              4.793145   data required time
---------------------------------------------------------------------------------------------
                                              4.793145   data required time
                                            -11.343766   data arrival time
---------------------------------------------------------------------------------------------
                                             -6.550621   slack (VIOLATED)


Startpoint: in51 (input port clocked by clk)
Endpoint: c468 (falling edge-triggered flip-flop clocked by clk)
Path Group: clk
Path Type: max

Fanout         Cap        Slew       Delay        Time   Description
---------------------------------------------------------------------------------------------
                                  0.000000    0.000000   clock clk (rise edge)
                                  0.000000    0.000000   clock network delay (propagated)
                                  1.600000    1.600000 ^ input external delay
     2    0.004207    0.041739    0.023215    1.623215 ^ in51 (in)
                                                         in51 (net)
                      0.041739    0.000000    1.623215 ^ input48/A (sky130_fd_sc_hd__clkbuf_2)
     7    0.040296    0.343905    0.373163    1.996378 ^ input48/X (sky130_fd_sc_hd__clkbuf_2)
                                                         net713 (net)
                      0.343919    0.001850    1.998227 ^ fanout109/A (sky130_fd_sc_hd__buf_4)
    21    0.093639    0.411804    0.577338    2.575565 ^ fanout109/X (sky130_fd_sc_hd__buf_4)
                                                         net774 (net)
                      0.411804    0.001000    2.576566 ^ fanout108/A (sky130_fd_sc_hd__buf_4)
    21    0.075755    0.337065    0.549760    3.126326 ^ fanout108/X (sky130_fd_sc_hd__buf_4)
                                                         net773 (net)
                      0.337091    0.003280    3.129606 ^ c52/B1_N (sky130_fd_sc_hd__a21boi_2)
     4    0.018909    0.396159    0.563872    3.693478 ^ c52/Y (sky130_fd_sc_hd__a21boi_2)
                                                         net0 (net)
                      0.396159    0.000501    3.693980 ^ c54/A1 (sky130_fd_sc_hd__o41a_2)
     2    0.023244    0.213898    0.546898    4.240878 ^ c54/X (sky130_fd_sc_hd__o41a_2)
                                                         net2 (net)
                      0.213898    0.000821    4.241699 ^ c57/B1 (sky130_fd_sc_hd__o21ai_4)
     5    0.024488    0.147742    0.216990    4.458690 v c57/Y (sky130_fd_sc_hd__o21ai_4)
                                                         net5 (net)
                      0.147742    0.000627    4.459317 v c64/B_N (sky130_fd_sc_hd__nor2b_4)
     4    0.010343    0.080144    0.271556    4.730873 v c64/Y (sky130_fd_sc_hd__nor2b_4)
                                                         net721 (net)
                      0.080145    0.000399    4.731272 v rebuffer25/A (sky130_fd_sc_hd__dlymetal6s2s_1)
     4    0.008271    0.115638    0.324390    5.055662 v rebuffer25/X (sky130_fd_sc_hd__dlymetal6s2s_1)
                                                         net843 (net)
                      0.115638    0.000238    5.055900 v c70/A (sky130_fd_sc_hd__and2_1)
     2    0.014253    0.157560    0.387395    5.443295 v c70/X (sky130_fd_sc_hd__and2_1)
                                                         net17 (net)
                      0.157560    0.000390    5.443684 v c74/A2 (sky130_fd_sc_hd__o21bai_4)
    11    0.055562    0.603538    0.563430    6.007114 ^ c74/Y (sky130_fd_sc_hd__o21bai_4)
                                                         net21 (net)
                      0.603544    0.001580    6.008694 ^ c75/B_N (sky130_fd_sc_hd__or2b_1)
     2    0.015227    0.194292    0.770729    6.779423 v c75/X (sky130_fd_sc_hd__or2b_1)
                                                         net22 (net)
                      0.194292    0.000341    6.779765 v c80/A2 (sky130_fd_sc_hd__o31ai_4)
     4    0.022296    0.508643    0.600039    7.379803 ^ c80/Y (sky130_fd_sc_hd__o31ai_4)
                                                         net27 (net)
                      0.508643    0.000452    7.380255 ^ c195/B1_N (sky130_fd_sc_hd__a21boi_2)
     3    0.018017    0.379693    0.615402    7.995657 ^ c195/Y (sky130_fd_sc_hd__a21boi_2)
                                                         net139 (net)
                      0.379693    0.000407    7.996064 ^ c198/B (sky130_fd_sc_hd__nand2b_4)
    13    0.051631    0.254945    0.345233    8.341297 v c198/Y (sky130_fd_sc_hd__nand2b_4)
                                                         net142 (net)
                      0.254945    0.000915    8.342212 v c200/B1 (sky130_fd_sc_hd__o41a_2)
     9    0.033590    0.259794    0.437832    8.780044 v c200/X (sky130_fd_sc_hd__o41a_2)
                                                         net144 (net)
                      0.259813    0.002416    8.782459 v c340/B_N (sky130_fd_sc_hd__or2b_1)
     2    0.010391    0.161827    0.441007    9.223467 ^ c340/X (sky130_fd_sc_hd__or2b_1)
                                                         net284 (net)
                      0.161827    0.000426    9.223893 ^ c356/S0 (sky130_fd_sc_hd__mux4_1)
     2    0.008183    0.214401    1.339649   10.563542 v c356/X (sky130_fd_sc_hd__mux4_1)
                                                         net302 (net)
                      0.214401    0.000321   10.563863 v c468/D (sky130_fd_sc_hd__sdfbbn_1)
                                             10.563863   data arrival time

                                  4.000000    4.000000   clock clk (fall edge)
                                  0.000000    4.000000   clock source latency
     2    0.045096    0.195175    0.141093    4.141093 v clk (in)
                                                         clk (net)
                      0.195524    0.000000    4.141093 v clkbuf_0_clk/A (sky130_fd_sc_hd__clkbuf_16)
    33    0.186388    0.206308    0.450939    4.592032 v clkbuf_0_clk/X (sky130_fd_sc_hd__clkbuf_16)
                                                         clknet_0_clk (net)
                      0.207073    0.010196    4.602229 v clkbuf_4_2_0_clk/A (sky130_fd_sc_hd__clkbuf_8)
    13    0.045529    0.106958    0.363439    4.965668 v clkbuf_4_2_0_clk/X (sky130_fd_sc_hd__clkbuf_8)
                                                         clknet_4_2_0_clk (net)
                      0.106990    0.001776    4.967444 v c468/CLK_N (sky130_fd_sc_hd__sdfbbn_1)
                                 -0.250000    4.717444   clock uncertainty
                                  0.000000    4.717444   clock reconvergence pessimism
                                 -0.942435    3.775009   library setup time
                                              3.775009   data required time
---------------------------------------------------------------------------------------------
                                              3.775009   data required time
                                            -10.563863   data arrival time
---------------------------------------------------------------------------------------------
                                             -6.788854   slack (VIOLATED)




===========================================================================
report_checks --slack_max -0.01
============================================================================
======================= nom_ss_100C_1v60 Corner ===================================

Startpoint: in51 (input port clocked by clk)
Endpoint: c606 (recovery check against falling-edge clock clk)
Path Group: asynchronous
Path Type: max

Fanout         Cap        Slew       Delay        Time   Description
---------------------------------------------------------------------------------------------
                                  0.000000    0.000000   clock clk (rise edge)
                                  0.000000    0.000000   clock network delay (propagated)
                                  1.600000    1.600000 v input external delay
     2    0.003970    0.023019    0.012917    1.612917 v in51 (in)
                                                         in51 (net)
                      0.023019    0.000000    1.612917 v input48/A (sky130_fd_sc_hd__clkbuf_2)
     7    0.039287    0.274571    0.337590    1.950507 v input48/X (sky130_fd_sc_hd__clkbuf_2)
                                                         net713 (net)
                      0.274579    0.001800    1.952307 v fanout109/A (sky130_fd_sc_hd__buf_4)
    21    0.091742    0.211324    0.498013    2.450320 v fanout109/X (sky130_fd_sc_hd__buf_4)
                                                         net774 (net)
                      0.211324    0.000977    2.451297 v fanout108/A (sky130_fd_sc_hd__buf_4)
    21    0.072639    0.180380    0.434129    2.885426 v fanout108/X (sky130_fd_sc_hd__buf_4)
                                                         net773 (net)
                      0.180437    0.003140    2.888566 v c52/B1_N (sky130_fd_sc_hd__a21boi_2)
     4    0.018612    0.178259    0.432547    3.321112 v c52/Y (sky130_fd_sc_hd__a21boi_2)
                                                         net0 (net)
                      0.178259    0.000489    3.321602 v c54/A1 (sky130_fd_sc_hd__o41a_2)
     2    0.022547    0.211392    1.117216    4.438818 v c54/X (sky130_fd_sc_hd__o41a_2)
                                                         net2 (net)
                      0.211533    0.000794    4.439611 v c57/B1 (sky130_fd_sc_hd__o21ai_4)
     5    0.025949    0.354763    0.224793    4.664404 ^ c57/Y (sky130_fd_sc_hd__o21ai_4)
                                                         net5 (net)
                      0.354763    0.000662    4.665066 ^ c64/B_N (sky130_fd_sc_hd__nor2b_4)
     4    0.010712    0.158847    0.408806    5.073872 ^ c64/Y (sky130_fd_sc_hd__nor2b_4)
                                                         net721 (net)
                      0.158847    0.000415    5.074286 ^ rebuffer25/A (sky130_fd_sc_hd__dlymetal6s2s_1)
     4    0.008516    0.164243    0.271099    5.345386 ^ rebuffer25/X (sky130_fd_sc_hd__dlymetal6s2s_1)
                                                         net843 (net)
                      0.164243    0.000294    5.345679 ^ c69/B (sky130_fd_sc_hd__and2_1)
     2    0.005069    0.109555    0.289048    5.634727 ^ c69/X (sky130_fd_sc_hd__and2_1)
                                                         net16 (net)
                      0.109555    0.000094    5.634822 ^ c78/A_N (sky130_fd_sc_hd__and2b_2)
     4    0.020750    0.142771    0.553093    6.187915 v c78/X (sky130_fd_sc_hd__and2b_2)
                                                         net25 (net)
                      0.142771    0.000307    6.188222 v c84/A (sky130_fd_sc_hd__clkbuf_1)
     3    0.007622    0.099882    0.236212    6.424434 v c84/X (sky130_fd_sc_hd__clkbuf_1)
                                                         net30 (net)
                      0.099882    0.000175    6.424609 v c89/A (sky130_fd_sc_hd__or2_1)
     3    0.008340    0.145127    0.568186    6.992795 v c89/X (sky130_fd_sc_hd__or2_1)
                                                         net35 (net)
                      0.145127    0.000121    6.992917 v c93/A (sky130_fd_sc_hd__and2_1)
     4    0.016710    0.177321    0.417606    7.410522 v c93/X (sky130_fd_sc_hd__and2_1)
                                                         net39 (net)
                      0.177321    0.000322    7.410845 v c97/B (sky130_fd_sc_hd__or2_2)
     3    0.018408    0.189225    0.783920    8.194765 v c97/X (sky130_fd_sc_hd__or2_2)
                                                         net43 (net)
                      0.189225    0.000629    8.195394 v c101/A2 (sky130_fd_sc_hd__a21boi_4)
     7    0.037172    0.460125    0.527185    8.722578 ^ c101/Y (sky130_fd_sc_hd__a21boi_4)
                                                         net47 (net)
                      0.460125    0.001480    8.724058 ^ c104/S0 (sky130_fd_sc_hd__mux4_1)
     2    0.009004    0.224952    1.456225   10.180284 v c104/X (sky130_fd_sc_hd__mux4_1)
                                                         net50 (net)
                      0.224952    0.000312   10.180595 v c216/A_N (sky130_fd_sc_hd__and2b_1)
     2    0.009384    0.157418    0.510922   10.691517 ^ c216/X (sky130_fd_sc_hd__and2b_1)
                                                         net159 (net)
                      0.157418    0.000269   10.691787 ^ c227/S1 (sky130_fd_sc_hd__mux4_2)
     9    0.040914    0.375842    0.647550   11.339336 ^ c227/X (sky130_fd_sc_hd__mux4_2)
                                                         net171 (net)
                      0.375893    0.004430   11.343766 ^ c606/SET_B (sky130_fd_sc_hd__sdfbbn_1)
                                             11.343766   data arrival time

                                  4.000000    4.000000   clock clk (fall edge)
                                  0.000000    4.000000   clock source latency
     2    0.045096    0.195175    0.141093    4.141093 v clk (in)
                                                         clk (net)
                      0.195524    0.000000    4.141093 v clkbuf_0_clk/A (sky130_fd_sc_hd__clkbuf_16)
    33    0.186388    0.206308    0.450939    4.592032 v clkbuf_0_clk/X (sky130_fd_sc_hd__clkbuf_16)
                                                         clknet_0_clk (net)
                      0.209621    0.020739    4.612771 v clkbuf_4_13_0_clk/A (sky130_fd_sc_hd__clkbuf_8)
    10    0.033790    0.088864    0.349170    4.961940 v clkbuf_4_13_0_clk/X (sky130_fd_sc_hd__clkbuf_8)
                                                         clknet_4_13_0_clk (net)
                      0.088871    0.000826    4.962766 v c606/CLK_N (sky130_fd_sc_hd__sdfbbn_1)
                                 -0.250000    4.712766   clock uncertainty
                                  0.000000    4.712766   clock reconvergence pessimism
                                  0.080379    4.793145   library recovery time
                                              4.793145   data required time
---------------------------------------------------------------------------------------------
                                              4.793145   data required time
                                            -11.343766   data arrival time
---------------------------------------------------------------------------------------------
                                             -6.550621   slack (VIOLATED)


Startpoint: in51 (input port clocked by clk)
Endpoint: c468 (falling edge-triggered flip-flop clocked by clk)
Path Group: clk
Path Type: max

Fanout         Cap        Slew       Delay        Time   Description
---------------------------------------------------------------------------------------------
                                  0.000000    0.000000   clock clk (rise edge)
                                  0.000000    0.000000   clock network delay (propagated)
                                  1.600000    1.600000 ^ input external delay
     2    0.004207    0.041739    0.023215    1.623215 ^ in51 (in)
                                                         in51 (net)
                      0.041739    0.000000    1.623215 ^ input48/A (sky130_fd_sc_hd__clkbuf_2)
     7    0.040296    0.343905    0.373163    1.996378 ^ input48/X (sky130_fd_sc_hd__clkbuf_2)
                                                         net713 (net)
                      0.343919    0.001850    1.998227 ^ fanout109/A (sky130_fd_sc_hd__buf_4)
    21    0.093639    0.411804    0.577338    2.575565 ^ fanout109/X (sky130_fd_sc_hd__buf_4)
                                                         net774 (net)
                      0.411804    0.001000    2.576566 ^ fanout108/A (sky130_fd_sc_hd__buf_4)
    21    0.075755    0.337065    0.549760    3.126326 ^ fanout108/X (sky130_fd_sc_hd__buf_4)
                                                         net773 (net)
                      0.337091    0.003280    3.129606 ^ c52/B1_N (sky130_fd_sc_hd__a21boi_2)
     4    0.018909    0.396159    0.563872    3.693478 ^ c52/Y (sky130_fd_sc_hd__a21boi_2)
                                                         net0 (net)
                      0.396159    0.000501    3.693980 ^ c54/A1 (sky130_fd_sc_hd__o41a_2)
     2    0.023244    0.213898    0.546898    4.240878 ^ c54/X (sky130_fd_sc_hd__o41a_2)
                                                         net2 (net)
                      0.213898    0.000821    4.241699 ^ c57/B1 (sky130_fd_sc_hd__o21ai_4)
     5    0.024488    0.147742    0.216990    4.458690 v c57/Y (sky130_fd_sc_hd__o21ai_4)
                                                         net5 (net)
                      0.147742    0.000627    4.459317 v c64/B_N (sky130_fd_sc_hd__nor2b_4)
     4    0.010343    0.080144    0.271556    4.730873 v c64/Y (sky130_fd_sc_hd__nor2b_4)
                                                         net721 (net)
                      0.080145    0.000399    4.731272 v rebuffer25/A (sky130_fd_sc_hd__dlymetal6s2s_1)
     4    0.008271    0.115638    0.324390    5.055662 v rebuffer25/X (sky130_fd_sc_hd__dlymetal6s2s_1)
                                                         net843 (net)
                      0.115638    0.000238    5.055900 v c70/A (sky130_fd_sc_hd__and2_1)
     2    0.014253    0.157560    0.387395    5.443295 v c70/X (sky130_fd_sc_hd__and2_1)
                                                         net17 (net)
                      0.157560    0.000390    5.443684 v c74/A2 (sky130_fd_sc_hd__o21bai_4)
    11    0.055562    0.603538    0.563430    6.007114 ^ c74/Y (sky130_fd_sc_hd__o21bai_4)
                                                         net21 (net)
                      0.603544    0.001580    6.008694 ^ c75/B_N (sky130_fd_sc_hd__or2b_1)
     2    0.015227    0.194292    0.770729    6.779423 v c75/X (sky130_fd_sc_hd__or2b_1)
                                                         net22 (net)
                      0.194292    0.000341    6.779765 v c80/A2 (sky130_fd_sc_hd__o31ai_4)
     4    0.022296    0.508643    0.600039    7.379803 ^ c80/Y (sky130_fd_sc_hd__o31ai_4)
                                                         net27 (net)
                      0.508643    0.000452    7.380255 ^ c195/B1_N (sky130_fd_sc_hd__a21boi_2)
     3    0.018017    0.379693    0.615402    7.995657 ^ c195/Y (sky130_fd_sc_hd__a21boi_2)
                                                         net139 (net)
                      0.379693    0.000407    7.996064 ^ c198/B (sky130_fd_sc_hd__nand2b_4)
    13    0.051631    0.254945    0.345233    8.341297 v c198/Y (sky130_fd_sc_hd__nand2b_4)
                                                         net142 (net)
                      0.254945    0.000915    8.342212 v c200/B1 (sky130_fd_sc_hd__o41a_2)
     9    0.033590    0.259794    0.437832    8.780044 v c200/X (sky130_fd_sc_hd__o41a_2)
                                                         net144 (net)
                      0.259813    0.002416    8.782459 v c340/B_N (sky130_fd_sc_hd__or2b_1)
     2    0.010391    0.161827    0.441007    9.223467 ^ c340/X (sky130_fd_sc_hd__or2b_1)
                                                         net284 (net)
                      0.161827    0.000426    9.223893 ^ c356/S0 (sky130_fd_sc_hd__mux4_1)
     2    0.008183    0.214401    1.339649   10.563542 v c356/X (sky130_fd_sc_hd__mux4_1)
                                                         net302 (net)
                      0.214401    0.000321   10.563863 v c468/D (sky130_fd_sc_hd__sdfbbn_1)
                                             10.563863   data arrival time

                                  4.000000    4.000000   clock clk (fall edge)
                                  0.000000    4.000000   clock source latency
     2    0.045096    0.195175    0.141093    4.141093 v clk (in)
                                                         clk (net)
                      0.195524    0.000000    4.141093 v clkbuf_0_clk/A (sky130_fd_sc_hd__clkbuf_16)
    33    0.186388    0.206308    0.450939    4.592032 v clkbuf_0_clk/X (sky130_fd_sc_hd__clkbuf_16)
                                                         clknet_0_clk (net)
                      0.207073    0.010196    4.602229 v clkbuf_4_2_0_clk/A (sky130_fd_sc_hd__clkbuf_8)
    13    0.045529    0.106958    0.363439    4.965668 v clkbuf_4_2_0_clk/X (sky130_fd_sc_hd__clkbuf_8)
                                                         clknet_4_2_0_clk (net)
                      0.106990    0.001776    4.967444 v c468/CLK_N (sky130_fd_sc_hd__sdfbbn_1)
                                 -0.250000    4.717444   clock uncertainty
                                  0.000000    4.717444   clock reconvergence pessimism
                                 -0.942435    3.775009   library setup time
                                              3.775009   data required time
---------------------------------------------------------------------------------------------
                                              3.775009   data required time
                                            -10.563863   data arrival time
---------------------------------------------------------------------------------------------
                                             -6.788854   slack (VIOLATED)




===========================================================================
 report_check_types -max_slew -max_cap -max_fanout -violators
============================================================================
======================= nom_ss_100C_1v60 Corner ===================================

max slew

Pin                                        Limit        Slew       Slack
------------------------------------------------------------------------
ANTENNA_c644_Y/DIODE                    0.750000    0.877330   -0.127330 (VIOLATED)
ANTENNA_c667_S1/DIODE                   0.750000    0.877330   -0.127330 (VIOLATED)
ANTENNA_c672_B/DIODE                    0.750000    0.877330   -0.127330 (VIOLATED)
ANTENNA_c716_D/DIODE                    0.750000    0.877330   -0.127330 (VIOLATED)
c644/Y                                  0.750000    0.877330   -0.127330 (VIOLATED)
c667/S1                                 0.750000    0.877330   -0.127330 (VIOLATED)
c672/B                                  0.750000    0.877330   -0.127330 (VIOLATED)
c716/D                                  0.750000    0.877330   -0.127330 (VIOLATED)
output75/A                              0.750000    0.863175   -0.113175 (VIOLATED)
ANTENNA_output75_A/DIODE                0.750000    0.863174   -0.113174 (VIOLATED)
c350/SET_B                              0.750000    0.863135   -0.113135 (VIOLATED)
ANTENNA_c350_SET_B/DIODE                0.750000    0.863122   -0.113122 (VIOLATED)
c325/S0                                 0.750000    0.863096   -0.113096 (VIOLATED)
c593/B1                                 0.750000    0.863096   -0.113096 (VIOLATED)
ANTENNA_c593_B1/DIODE                   0.750000    0.863095   -0.113095 (VIOLATED)
ANTENNA_c607_B1_N/DIODE                 0.750000    0.863091   -0.113091 (VIOLATED)
c607/B1_N                               0.750000    0.863091   -0.113091 (VIOLATED)
ANTENNA_c325_S0/DIODE                   0.750000    0.863090   -0.113090 (VIOLATED)
c578/A2                                 0.750000    0.863078   -0.113078 (VIOLATED)
ANTENNA_c578_A2/DIODE                   0.750000    0.863077   -0.113077 (VIOLATED)
hold57/A                                0.750000    0.863068   -0.113068 (VIOLATED)
ANTENNA_hold57_A/DIODE                  0.750000    0.863067   -0.113067 (VIOLATED)
ANTENNA_c327_B/DIODE                    0.750000    0.863049   -0.113049 (VIOLATED)
c327/B                                  0.750000    0.863050   -0.113050 (VIOLATED)
ANTENNA_c317_Y/DIODE                    0.750000    0.863047   -0.113047 (VIOLATED)
c317/Y                                  0.750000    0.863046   -0.113046 (VIOLATED)
c178/B                                  0.750000    0.847843   -0.097843 (VIOLATED)
c172/A2                                 0.750000    0.847842   -0.097842 (VIOLATED)
ANTENNA_c178_B/DIODE                    0.750000    0.847842   -0.097842 (VIOLATED)
c169/A                                  0.750000    0.847840   -0.097840 (VIOLATED)
ANTENNA_c169_A/DIODE                    0.750000    0.847840   -0.097840 (VIOLATED)
ANTENNA_c172_A2/DIODE                   0.750000    0.847834   -0.097834 (VIOLATED)
merge761/A0                             0.750000    0.847808   -0.097808 (VIOLATED)
ANTENNA_merge761_A0/DIODE               0.750000    0.847808   -0.097808 (VIOLATED)
c318/A1                                 0.750000    0.847807   -0.097807 (VIOLATED)
ANTENNA_c318_A1/DIODE                   0.750000    0.847805   -0.097805 (VIOLATED)
c316/A2                                 0.750000    0.847801   -0.097801 (VIOLATED)
ANTENNA_c316_A2/DIODE                   0.750000    0.847800   -0.097800 (VIOLATED)
c223/A3                                 0.750000    0.847800   -0.097800 (VIOLATED)
ANTENNA_c223_A3/DIODE                   0.750000    0.847799   -0.097799 (VIOLATED)
c207/S0                                 0.750000    0.847788   -0.097788 (VIOLATED)
ANTENNA_c207_S0/DIODE                   0.750000    0.847781   -0.097781 (VIOLATED)
ANTENNA_c168_Y/DIODE                    0.750000    0.847754   -0.097754 (VIOLATED)
c168/Y                                  0.750000    0.847751   -0.097751 (VIOLATED)
c717/A4                                 0.750000    0.820485   -0.070485 (VIOLATED)
ANTENNA_c717_A4/DIODE                   0.750000    0.820483   -0.070483 (VIOLATED)
c722/D                                  0.750000    0.820483   -0.070483 (VIOLATED)
ANTENNA_c722_D/DIODE                    0.750000    0.820481   -0.070481 (VIOLATED)
c655/B                                  0.750000    0.820480   -0.070480 (VIOLATED)
ANTENNA_c655_B/DIODE                    0.750000    0.820479   -0.070479 (VIOLATED)
c714/A2                                 0.750000    0.820456   -0.070456 (VIOLATED)
ANTENNA_c714_A2/DIODE                   0.750000    0.820452   -0.070452 (VIOLATED)
c567/A1                                 0.750000    0.820366   -0.070366 (VIOLATED)
ANTENNA_c567_A1/DIODE                   0.750000    0.820357   -0.070357 (VIOLATED)
c508/B_N                                0.750000    0.820206   -0.070206 (VIOLATED)
ANTENNA_c508_B_N/DIODE                  0.750000    0.820206   -0.070206 (VIOLATED)
c381/B                                  0.750000    0.820202   -0.070202 (VIOLATED)
ANTENNA_c381_B/DIODE                    0.750000    0.820201   -0.070201 (VIOLATED)
ANTENNA_c146_Y/DIODE                    0.750000    0.820196   -0.070196 (VIOLATED)
c146/Y                                  0.750000    0.820195   -0.070195 (VIOLATED)
c456/B                                  0.750000    0.814949   -0.064949 (VIOLATED)
ANTENNA_c456_B/DIODE                    0.750000    0.814949   -0.064949 (VIOLATED)
c454/A1                                 0.750000    0.814949   -0.064949 (VIOLATED)
c320/RESET_B                            0.750000    0.814949   -0.064949 (VIOLATED)
ANTENNA_c454_A1/DIODE                   0.750000    0.814948   -0.064949 (VIOLATED)
ANTENNA_c320_RESET_B/DIODE              0.750000    0.814948   -0.064948 (VIOLATED)
ANTENNA_c275_B/DIODE                    0.750000    0.814943   -0.064943 (VIOLATED)
c275/B                                  0.750000    0.814943   -0.064943 (VIOLATED)
ANTENNA_c148_Y/DIODE                    0.750000    0.814941   -0.064941 (VIOLATED)
c148/Y                                  0.750000    0.814941   -0.064941 (VIOLATED)
ANTENNA_c460_S0/DIODE                   0.750000    0.807614   -0.057614 (VIOLATED)
c460/S0                                 0.750000    0.807610   -0.057610 (VIOLATED)
rebuffer22/A                            0.750000    0.807606   -0.057606 (VIOLATED)
rebuffer23/A                            0.750000    0.807581   -0.057581 (VIOLATED)
rebuffer21/A                            0.750000    0.807555   -0.057555 (VIOLATED)
ANTENNA_c353_A3/DIODE                   0.750000    0.807549   -0.057549 (VIOLATED)
rebuffer20/A                            0.750000    0.807533   -0.057533 (VIOLATED)
rebuffer24/A                            0.750000    0.807495   -0.057495 (VIOLATED)
ANTENNA_c64_Y/DIODE                     0.750000    0.807257   -0.057257 (VIOLATED)
rebuffer19/X                            0.750000    0.807257   -0.057257 (VIOLATED)
c469/B1_N                               0.750000    0.802515   -0.052515 (VIOLATED)
ANTENNA_c469_B1_N/DIODE                 0.750000    0.802515   -0.052515 (VIOLATED)
c482/A3                                 0.750000    0.802513   -0.052513 (VIOLATED)
ANTENNA_c482_A3/DIODE                   0.750000    0.802506   -0.052506 (VIOLATED)
c594/A2                                 0.750000    0.802460   -0.052460 (VIOLATED)
ANTENNA_c594_A2/DIODE                   0.750000    0.802460   -0.052460 (VIOLATED)
ANTENNA_c582_A/DIODE                    0.750000    0.802440   -0.052440 (VIOLATED)
c582/A                                  0.750000    0.802438   -0.052438 (VIOLATED)
c574/A2                                 0.750000    0.802395   -0.052395 (VIOLATED)
ANTENNA_c574_A2/DIODE                   0.750000    0.802391   -0.052391 (VIOLATED)
c449/A2                                 0.750000    0.802378   -0.052378 (VIOLATED)
ANTENNA_c449_A2/DIODE                   0.750000    0.802378   -0.052378 (VIOLATED)
c395/SCE                                0.750000    0.802259   -0.052259 (VIOLATED)
ANTENNA_c395_SCE/DIODE                  0.750000    0.802255   -0.052255 (VIOLATED)
ANTENNA_c394_Y/DIODE                    0.750000    0.802248   -0.052248 (VIOLATED)
c394/Y                                  0.750000    0.802247   -0.052247 (VIOLATED)
c498/Y                                  0.750000    0.784168   -0.034168 (VIOLATED)
output59/A                              0.750000    0.784168   -0.034168 (VIOLATED)

max fanout

Pin                                   Limit Fanout  Slack
---------------------------------------------------------
clkbuf_0_clk/X                           10     33    -23 (VIOLATED)
clkbuf_4_10_0_clk/X                      10     33    -23 (VIOLATED)
clkbuf_4_5_0_clk/X                       10     27    -17 (VIOLATED)
clkbuf_4_12_0_clk/X                      10     23    -13 (VIOLATED)
clkbuf_4_9_0_clk/X                       10     23    -13 (VIOLATED)
clkbuf_4_4_0_clk/X                       10     21    -11 (VIOLATED)
fanout105/X                              10     21    -11 (VIOLATED)
fanout107/X                              10     21    -11 (VIOLATED)
fanout108/X                              10     21    -11 (VIOLATED)
fanout109/X                              10     21    -11 (VIOLATED)
c257/Y                                   10     19     -9 (VIOLATED)
c261/Y                                   10     19     -9 (VIOLATED)
c266/Y                                   10     19     -9 (VIOLATED)
c277/X                                   10     19     -9 (VIOLATED)
c398/X                                   10     19     -9 (VIOLATED)
clkbuf_4_8_0_clk/X                       10     19     -9 (VIOLATED)
c168/Y                                   10     17     -7 (VIOLATED)
c317/Y                                   10     17     -7 (VIOLATED)
c328/Y                                   10     17     -7 (VIOLATED)
c333/Q                                   10     17     -7 (VIOLATED)
c510/Y                                   10     17     -7 (VIOLATED)
c541/X                                   10     17     -7 (VIOLATED)
c543/X                                   10     17     -7 (VIOLATED)
clkbuf_4_14_0_clk/X                      10     17     -7 (VIOLATED)
input33/X                                10     17     -7 (VIOLATED)
c100/Y                                   10     15     -5 (VIOLATED)
c146/Y                                   10     15     -5 (VIOLATED)
c307/X                                   10     15     -5 (VIOLATED)
c353/X                                   10     15     -5 (VIOLATED)
c394/Y                                   10     15     -5 (VIOLATED)
c462/X                                   10     15     -5 (VIOLATED)
c535/X                                   10     15     -5 (VIOLATED)
input6/X                                 10     15     -5 (VIOLATED)
c157/X                                   10     13     -3 (VIOLATED)
c167/X                                   10     13     -3 (VIOLATED)
c193/X                                   10     13     -3 (VIOLATED)
c197/X                                   10     13     -3 (VIOLATED)
c198/Y                                   10     13     -3 (VIOLATED)
c221/X                                   10     13     -3 (VIOLATED)
c308/Y                                   10     13     -3 (VIOLATED)
c399/X                                   10     13     -3 (VIOLATED)
c451/Q                                   10     13     -3 (VIOLATED)
c596/X                                   10     13     -3 (VIOLATED)
c664/X                                   10     13     -3 (VIOLATED)
clkbuf_4_2_0_clk/X                       10     13     -3 (VIOLATED)
clkbuf_4_6_0_clk/X                       10     13     -3 (VIOLATED)
clkbuf_4_11_0_clk/X                      10     12     -2 (VIOLATED)
input50/X                                10     12     -2 (VIOLATED)
c102/X                                   10     11        (VIOLATED)
c127/Y                                   10     11        (VIOLATED)
c132/X                                   10     11        (VIOLATED)
c381/Y                                   10     11        (VIOLATED)
c397/Q                                   10     11        (VIOLATED)
c434/X                                   10     11        (VIOLATED)
c516/Y                                   10     11        (VIOLATED)
c521/Y                                   10     11        (VIOLATED)
c522/Q                                   10     11        (VIOLATED)
c637/Y                                   10     11        (VIOLATED)
c74/Y                                    10     11        (VIOLATED)
input12/X                                10     11        (VIOLATED)
input36/X                                10     11        (VIOLATED)
input37/X                                10     11        (VIOLATED)
input49/X                                10     11        (VIOLATED)
input7/X                                 10     11        (VIOLATED)



===========================================================================
report_parasitic_annotation -report_unannotated
============================================================================
Found 39 unannotated drivers.
 rst
 c329/Q_N
 c342/Q_N
 c350/Q_N
 c361/Q_N
 c369/Q_N
 c418/Q_N
 c440/Q_N
 c457/Q_N
 c468/Q_N
 c495/Q_N
 c497/Q_N
 c500/Q_N
 c501/Q_N
 c502/Q_N
 c503/Q_N
 c518/Q_N
 c536/Q_N
 c559/Q_N
 c569/Q_N
 c573/Q_N
 c585/Q_N
 c606/Q_N
 c659/Q_N
 c669/Q_N
 c677/Q_N
 c680/Q_N
 c681/Q_N
 c701/Q_N
 c713/Q_N
 c716/Q_N
 c724/Q_N
 c734/Q
 s763/Q_N
 s770/Q_N
 s771/Q_N
 s772/Q_N
 s778/Q_N
 s779/Q_N
Found 0 partially unannotated drivers.

===========================================================================
max slew violation count 98
max fanout violation count 64
max cap violation count 0
============================================================================

===========================================================================
check_setup -verbose -unconstrained_endpoints -multiple_clock -no_clock -no_input_delay -loops -generated_clocks
===========================================================================
