
===========================================================================
Violator List
============================================================================
[hold reg-reg] s866/Q -> c725/SET_B : -0.528578
[hold reg-reg] c360/Q -> c633/SET_B : -0.348559
[hold in-reg] in14 -> merge781/SET_B : -0.337619
[hold reg-reg] merge793/Q_N -> c360/RESET_B : -0.275644
[hold reg-reg] merge770/Q -> c738/RESET_B : -0.074537
[hold reg-reg] s862/Q -> merge789/RESET_B : -0.006466
[hold in-reg] clk -> merge814/RESET_B : -0.005286
[hold in-reg] clk -> c738/SET_B : -0.001623
[setup reg-reg] s825/Q -> c633/SET_B : -7.865157
[setup in-reg] in28 -> merge807/D : -6.271184
[setup in-reg] in15 -> s831/D : -6.270078
[setup in-reg] in15 -> merge800/D : -6.167225
[setup in-reg] in15 -> s879/D : -6.131673
[setup in-reg] in15 -> merge787/D : -6.117697
[setup in-reg] in15 -> c741/D : -6.076270
[setup in-reg] in15 -> merge801/D : -6.021781
[setup in-reg] in15 -> s826/D : -5.889554
[setup in-reg] in15 -> c356/SCE : -5.864176
[setup reg-reg] merge776/Q -> c360/RESET_B : -5.861938
[setup in-reg] in15 -> c633/SCD : -5.830791
[setup in-reg] in15 -> c736/SCD : -5.816047
[setup in-reg] in15 -> c364/SCE : -5.758013
[setup in-reg] in15 -> merge781/RESET_B : -5.743771
[setup in-reg] in15 -> merge774/SCD : -5.636806
[setup in-reg] in15 -> c370/SCE : -5.594039
[setup in-reg] in15 -> s878/D : -5.552604
[setup in-reg] in15 -> merge787/RESET_B : -5.506108
[setup in-reg] in15 -> c483/RESET_B : -5.450413
[setup in-reg] in15 -> merge776/D : -5.406827
[setup in-reg] in15 -> s874/D : -5.403726
[setup in-reg] in15 -> merge806/D : -5.379107
[setup in-reg] in15 -> s842/D : -5.331652
[setup in-reg] in15 -> c477/SCD : -5.301429
[setup in-reg] in15 -> c425/RESET_B : -5.179145
[setup in-reg] in15 -> s858/D : -5.179064
[setup in-reg] in15 -> c712/D : -5.052024
[setup in-reg] in15 -> c486/D : -5.050444
[setup in-reg] in15 -> s830/D : -5.000092
[setup in-reg] in15 -> c486/RESET_B : -4.987693
[setup in-reg] in15 -> c337/D : -4.957911
[setup in-reg] in15 -> c364/SCD : -4.952994
[setup in-reg] in15 -> c370/RESET_B : -4.952396
[setup in-reg] in15 -> c370/D : -4.856214
[setup in-reg] in15 -> merge776/SCE : -4.783920
[setup in-reg] in15 -> c599/SCD : -4.701023
[setup in-reg] in15 -> c366/RESET_B : -4.696038
[setup in-reg] in15 -> c356/D : -4.684094
[setup in-reg] in28 -> merge807/RESET_B : -4.677752
[setup in-reg] in15 -> c472/D : -4.676332
[setup in-reg] in15 -> merge801/RESET_B : -4.633223
[setup in-reg] in15 -> c477/SCE : -4.598281
[setup in-reg] in15 -> c472/SCD : -4.508617
[setup in-reg] in15 -> c633/SET_B : -4.484278
[setup in-reg] in28 -> c262/RESET_B : -4.465097
[setup in-reg] in21 -> merge805/D : -4.462696
[setup in-reg] in21 -> s846/D : -4.456654
[setup in-reg] in15 -> merge774/D : -4.404503
[setup in-reg] in15 -> c337/RESET_B : -4.382745
[setup in-reg] in15 -> merge781/SCE : -4.280921
[setup in-reg] in21 -> s863/D : -4.278304
[setup in-reg] in15 -> merge776/SET_B : -4.215769
[setup in-reg] in21 -> merge815/D : -4.166011
[setup in-reg] in21 -> merge805/RESET_B : -4.069692
[setup in-reg] in15 -> merge815/RESET_B : -4.068546
[setup in-reg] in21 -> s847/D : -4.058888
[setup in-out] in15 -> out11 : -3.910665
[setup in-reg] in15 -> c425/SCD : -3.887252
[setup in-reg] in21 -> c562/SCE : -3.819097
[setup in-reg] in21 -> s862/D : -3.804950
[setup in-reg] in21 -> c725/RESET_B : -3.801217
[setup reg-out] s843/Q -> out3 : -3.787564
[setup in-out] in15 -> out35 : -3.641970
[setup in-reg] in21 -> c483/SCE : -3.623164
[setup in-reg] in21 -> merge774/SCE : -3.614220
[setup in-reg] in15 -> c633/RESET_B : -3.594169
[setup in-out] in15 -> out14 : -3.528452
[setup in-reg] in21 -> c741/SCE : -3.364722
[setup reg-reg] s844/Q -> s860/D : -3.356771
[setup in-reg] in21 -> c477/RESET_B : -3.314893
[setup in-reg] in15 -> c740/D : -3.273217
[setup reg-reg] c477/Q_N -> c483/SET_B : -3.262644
[setup in-reg] in21 -> c740/RESET_B : -3.250978
[setup reg-out] merge802/Q -> out45 : -3.202376
[setup in-reg] in15 -> merge800/RESET_B : -3.155693
[setup in-reg] in15 -> c736/RESET_B : -3.010763
[setup reg-reg] s843/Q -> s853/GATE : -3.003780
[setup reg-reg] s843/Q -> s857/D : -2.959847
[setup in-out] in28 -> out30 : -2.876808
[setup reg-out] s829/Q -> out39 : -2.862717
[setup reg-out] merge798/Q -> out13 : -2.835590
[setup reg-reg] s861/Q -> merge804/D : -2.822429
[setup in-reg] in15 -> c486/SCD : -2.813228
[setup reg-reg] s861/Q -> s868/D : -2.797226
[setup reg-reg] s861/Q -> s864/D : -2.762790
[setup reg-out] merge802/Q -> out15 : -2.761565
[setup in-out] in15 -> out38 : -2.749235
[setup in-reg] in15 -> merge812/SCE : -2.690544
[setup reg-reg] s843/Q -> merge803/D : -2.690272
[setup reg-reg] s861/Q -> s869/GATE : -2.678036
[setup reg-reg] s843/Q -> s844/D : -2.676002
[setup reg-reg] s843/Q -> s845/D : -2.651443
[setup reg-reg] s861/Q -> s865/D : -2.649665
[setup reg-out] s829/Q -> out21 : -2.607769
[setup reg-reg] s843/Q -> s850/D : -2.577764
[setup in-out] in28 -> out34 : -2.576222
[setup in-reg] in15 -> s886/GATE : -2.552044
[setup reg-reg] s861/Q -> merge797/D : -2.550487
[setup reg-reg] s843/Q -> s884/D : -2.515182
[setup in-out] in28 -> out47 : -2.498444
[setup reg-reg] s825/Q -> s838/GATE : -2.486712
[setup reg-reg] s844/Q -> merge811/SCE : -2.464600
[setup reg-out] s828/Q -> out36 : -2.459253
[setup in-reg] in15 -> merge796/D : -2.456321
[setup in-reg] in28 -> c262/D : -2.420542
[setup reg-out] s829/Q -> out33 : -2.413765
[setup reg-reg] s844/Q -> c608/SCD : -2.409749
[setup in-reg] in21 -> merge781/SCD : -2.388556
[setup reg-out] s827/Q -> out41 : -2.360087
[setup reg-reg] s843/Q -> c716/D : -2.359261
[setup reg-reg] s825/Q -> s855/GATE : -2.355241
[setup reg-reg] s825/Q -> s840/D : -2.350576
[setup reg-reg] s825/Q -> s852/D : -2.348902
[setup in-out] in28 -> out57 : -2.331888
[setup reg-reg] s844/Q -> c608/D : -2.308571
[setup reg-reg] s844/Q -> s856/D : -2.280081
[setup in-reg] in15 -> s881/D : -2.252182
[setup reg-reg] s844/Q -> merge794/SET_B : -2.240713
[setup reg-reg] s844/Q -> s859/D : -2.232559
[setup reg-reg] s844/Q -> s849/D : -2.230097
[setup in-reg] in15 -> merge767/SCE : -2.223343
[setup in-reg] in28 -> merge766/D : -2.176557
[setup reg-reg] s825/Q -> s837/GATE : -2.161000
[setup in-reg] in15 -> s867/D : -2.157941
[setup in-reg] in28 -> merge802/D : -2.131272
[setup reg-reg] s843/Q -> s854/GATE : -2.129258
[setup in-reg] in15 -> s885/GATE : -2.109961
[setup reg-reg] s843/Q -> merge803/RESET_B : -2.108434
[setup reg-reg] s825/Q -> s835/D : -2.096876
[setup in-reg] in15 -> s883/D : -2.095574
[setup in-reg] in15 -> c714/DE : -2.091845
[setup in-reg] in15 -> s877/D : -2.088288
[setup in-reg] in15 -> s880/D : -2.073311
[setup in-reg] in15 -> s827/D : -2.066063
[setup in-out] in21 -> out2 : -2.052261
[setup in-reg] in21 -> c472/RESET_B : -2.050552
[setup in-reg] in15 -> merge795/D : -2.032856
[setup in-reg] in15 -> merge767/SCD : -2.031353
[setup in-reg] in15 -> s848/D : -2.030974
[setup in-reg] in15 -> merge794/D : -2.021092
[setup reg-reg] s825/Q -> c493/SCD : -2.007108
[setup in-reg] in15 -> s829/D : -1.995176
[setup reg-reg] s843/Q -> merge811/GATE : -1.981558
[setup in-reg] in15 -> c738/SCD : -1.975945
[setup in-reg] in15 -> s882/D : -1.940041
[setup reg-reg] s825/Q -> c487/SCE : -1.937769
[setup reg-reg] s825/Q -> c618/SCD : -1.928818
[setup in-reg] in21 -> merge781/D : -1.927174
[setup reg-reg] s843/Q -> merge798/D : -1.888190
[setup in-reg] in15 -> c479/SCD : -1.887205
[setup in-reg] in15 -> s834/D : -1.863072
[setup in-reg] in15 -> merge798/RESET_B : -1.861641
[setup reg-reg] s861/Q -> s871/GATE : -1.858964
[setup reg-reg] s845/Q -> s876/D : -1.854325
[setup in-reg] in28 -> merge766/DE : -1.850259
[setup reg-reg] s845/Q -> s873/D : -1.832958
[setup reg-reg] s825/Q -> c361/SCD : -1.827686
[setup in-reg] in15 -> merge785/D : -1.822421
[setup in-reg] in15 -> c481/SCD : -1.820745
[setup in-reg] in15 -> c491/D : -1.819724
[setup in-reg] in28 -> merge777/D : -1.800907
[setup in-reg] in28 -> s822/GATE : -1.757453
[setup in-out] in21 -> out17 : -1.717900
[setup in-reg] in15 -> s851/D : -1.695923
[setup in-reg] in15 -> s872/D : -1.690392
[setup in-reg] in15 -> s839/GATE : -1.642867
[setup reg-reg] s829/Q -> s841/D : -1.621276
[setup reg-reg] s861/Q -> merge797/SET_B : -1.583675
[setup reg-reg] s825/Q -> c360/SCE : -1.580237
[setup in-out] in28 -> out50 : -1.547877
[setup reg-reg] s825/Q -> c357/D : -1.515052
[setup in-reg] in15 -> merge812/GATE : -1.509304
[setup in-reg] in15 -> s819/D : -1.508827
[setup in-reg] in15 -> merge799/D : -1.497906
[setup in-reg] in15 -> s820/D : -1.496673
[setup reg-reg] merge805/Q -> c712/SCE : -1.489193
[setup reg-reg] s825/Q -> s828/D : -1.480680
[setup in-reg] in15 -> s836/D : -1.449576
[setup reg-reg] s845/Q -> s875/D : -1.433275
[setup in-reg] in15 -> s825/D : -1.423658
[setup in-reg] in15 -> merge814/D : -1.417754
[setup in-reg] in15 -> c346/SCD : -1.411748
[setup reg-reg] merge802/Q -> c250/D : -1.393119
[setup in-reg] in15 -> c618/SCE : -1.376517
[setup in-reg] in15 -> c608/SCE : -1.366616
[setup in-reg] in15 -> s817/D : -1.355054
[setup in-reg] in15 -> merge767/D : -1.344532
[setup in-reg] in15 -> c633/D : -1.324571
[setup in-reg] in15 -> s824/D : -1.321709
[setup in-out] in15 -> out52 : -1.249715
[setup reg-reg] s861/Q -> s866/D : -1.216955
[setup reg-reg] s861/Q -> merge789/RESET_B : -1.212859
[setup in-reg] in15 -> c360/SET_B : -1.190123
[setup reg-reg] s861/Q -> s870/GATE : -1.176391
[setup in-reg] in15 -> c360/SCD : -1.148226
[setup reg-reg] s825/Q -> c368/SCD : -1.132961
[setup in-reg] in15 -> s818/D : -1.095804
[setup in-reg] in5 -> c599/RESET_B : -1.072750
[setup reg-reg] s825/Q -> c357/SCD : -1.071681
[setup in-reg] in28 -> s823/GATE : -1.044487
[setup reg-reg] s861/Q -> merge789/D : -1.040494
[setup in-reg] in15 -> s821/GATE : -1.010424
[setup in-reg] in15 -> merge790/RESET_B : -0.994761
[setup in-reg] in15 -> merge809/DE : -0.980529
[setup in-reg] in15 -> merge793/D : -0.968413
[setup in-out] in28 -> out23 : -0.960334
[setup in-reg] in15 -> merge809/D : -0.958796
[setup in-reg] in15 -> merge796/SET_B : -0.951347
[setup in-reg] in15 -> merge792/D : -0.920164
[setup in-out] in15 -> out16 : -0.905080
[setup in-reg] in15 -> c477/D : -0.863515
[setup in-out] in15 -> out55 : -0.862692
[setup in-reg] in15 -> s833/D : -0.827067
[setup in-out] in28 -> out12 : -0.816406
[setup in-reg] in15 -> merge777/SCD : -0.795328
[setup reg-reg] s861/Q -> c716/RESET_B : -0.775911
[setup reg-reg] s861/Q -> c708/SCE : -0.760866
[setup in-reg] in21 -> c736/SCE : -0.758024
[setup in-reg] in28 -> s816/D : -0.744764
[setup in-reg] in15 -> c708/D : -0.743640
[setup in-reg] in28 -> merge814/RESET_B : -0.717943
[setup reg-reg] s824/Q_N -> c452/SCE : -0.709457
[setup in-reg] in15 -> merge785/RESET_B : -0.685612
[setup in-reg] in15 -> s832/D : -0.684230
[setup in-reg] in28 -> c253/D : -0.653388
[setup in-reg] in15 -> c346/D : -0.646894
[setup in-reg] in15 -> merge770/SCD : -0.616305
[setup in-reg] in28 -> merge774/RESET_B : -0.614601
[setup reg-reg] merge801/Q_N -> c366/D : -0.599474
[setup in-reg] in15 -> merge813/D : -0.596672
[setup in-reg] in28 -> merge802/RESET_B : -0.594244
[setup in-reg] in15 -> merge793/SET_B : -0.588511
[setup in-reg] in16 -> merge781/SET_B : -0.586956
[setup in-reg] in21 -> c712/RESET_B : -0.576129
[setup in-reg] in21 -> s861/D : -0.567062
[setup in-reg] in15 -> c361/D : -0.554050
[setup in-reg] in28 -> c472/SCE : -0.518869
[setup in-reg] in15 -> c568/D : -0.510067
[setup in-reg] in21 -> s843/D : -0.507962
[setup reg-reg] s825/Q -> c357/RESET_B : -0.494309
[setup reg-reg] merge803/Q -> c708/SCD : -0.484028
[setup reg-reg] merge770/Q -> c738/RESET_B : -0.459126
[setup in-reg] in21 -> c599/SET_B : -0.423591
[setup in-reg] in28 -> c337/SCD : -0.411192
[setup in-reg] in15 -> merge810/SCE : -0.407714
[setup in-reg] in15 -> c491/SET_B : -0.314463
[setup in-reg] in15 -> c618/D : -0.291331
[setup in-reg] in28 -> merge766/SCD : -0.282739
[setup reg-reg] s828/Q -> c368/SET_B : -0.254347
[setup in-reg] in21 -> merge786/D : -0.252554
[setup in-reg] in15 -> c481/D : -0.248546
[setup reg-reg] s826/Q_N -> c337/SET_B : -0.243095
[setup in-out] in28 -> out54 : -0.220676
[setup reg-out] merge776/Q -> out51 : -0.205525
[setup in-reg] in21 -> merge786/RESET_B : -0.198558
[setup in-reg] in15 -> merge804/RESET_B : -0.185679
[setup reg-reg] s841/Q_N -> c618/SET_B : -0.181903
[setup reg-reg] merge799/Q_N -> merge770/SET_B : -0.167011
[setup in-reg] in21 -> merge810/GATE : -0.124979
[setup in-reg] in15 -> merge808/D : -0.120696
[setup in-reg] in15 -> c452/RESET_B : -0.077739
[setup in-reg] in15 -> merge813/RESET_B : -0.026816
[setup reg-reg] s866/Q -> c725/SET_B : -0.005386
Writing metric timing__hold_vio__count__corner:nom_tt_025C_1v80: 8
Writing metric timing__hold_r2r__ws__corner:nom_tt_025C_1v80: -0.528578
Writing metric timing__hold_r2r_vio__count__corner:nom_tt_025C_1v80: 5
Writing metric timing__setup_vio__count__corner:nom_tt_025C_1v80: 264
Writing metric timing__setup_r2r__ws__corner:nom_tt_025C_1v80: -7.865157
Writing metric timing__setup_r2r_vio__count__corner:nom_tt_025C_1v80: 68
