
===========================================================================
report_checks -unconstrained
===========================================================================
======================= min_ss_100C_1v60 Corner ===================================

Startpoint: in2 (input port clocked by clk)
Endpoint: merge874 (recovery check against falling-edge clock clk)
Path Group: asynchronous
Path Type: max

Fanout         Cap        Slew       Delay        Time   Description
---------------------------------------------------------------------------------------------
                                  0.000000    0.000000   clock clk (rise edge)
                                  0.000000    0.000000   clock network delay (propagated)
                                  1.600000    1.600000 ^ input external delay
     2    0.004153    0.041369    0.022902    1.622902 ^ in2 (in)
                                                         in2 (net)
                      0.041369    0.000000    1.622902 ^ input13/A (sky130_fd_sc_hd__buf_4)
    13    0.064122    0.289246    0.354754    1.977656 ^ input13/X (sky130_fd_sc_hd__buf_4)
                                                         net836 (net)
                      0.289302    0.003346    1.981002 ^ c132/B (sky130_fd_sc_hd__nand2b_4)
     5    0.022196    0.133395    0.223538    2.204540 v c132/Y (sky130_fd_sc_hd__nand2b_4)
                                                         net63 (net)
                      0.133395    0.000277    2.204817 v c133/A (sky130_fd_sc_hd__nor3_2)
     4    0.020488    0.611916    0.627307    2.832125 ^ c133/Y (sky130_fd_sc_hd__nor3_2)
                                                         net64 (net)
                      0.611916    0.000290    2.832414 ^ c134/A (sky130_fd_sc_hd__nor2b_4)
     8    0.057784    0.211944    0.374641    3.207055 v c134/Y (sky130_fd_sc_hd__nor2b_4)
                                                         net65 (net)
                      0.211944    0.000468    3.207523 v c136/B (sky130_fd_sc_hd__nand2b_4)
     6    0.031375    0.176322    0.253318    3.460841 ^ c136/Y (sky130_fd_sc_hd__nand2b_4)
                                                         net67 (net)
                      0.176322    0.000494    3.461335 ^ c138/A (sky130_fd_sc_hd__or2b_4)
     7    0.049862    0.247734    0.395812    3.857147 ^ c138/X (sky130_fd_sc_hd__or2b_4)
                                                         net69 (net)
                      0.247734    0.000268    3.857414 ^ c140/A (sky130_fd_sc_hd__and2_4)
     4    0.015936    0.120824    0.391100    4.248515 ^ c140/X (sky130_fd_sc_hd__and2_4)
                                                         net71 (net)
                      0.120824    0.000160    4.248675 ^ c142/A1 (sky130_fd_sc_hd__mux4_2)
     4    0.023255    0.244442    0.660106    4.908782 ^ c142/X (sky130_fd_sc_hd__mux4_2)
                                                         net73 (net)
                      0.244442    0.000540    4.909321 ^ c146/B (sky130_fd_sc_hd__nand3b_4)
     4    0.017371    0.168768    0.256744    5.166066 v c146/Y (sky130_fd_sc_hd__nand3b_4)
                                                         net77 (net)
                      0.168768    0.000307    5.166373 v c147/A (sky130_fd_sc_hd__and2_4)
     4    0.023482    0.090007    0.340861    5.507234 v c147/X (sky130_fd_sc_hd__and2_4)
                                                         net78 (net)
                      0.090007    0.000089    5.507323 v rebuffer2/A (sky130_fd_sc_hd__dlygate4sd1_1)
     9    0.035105    0.328557    0.710147    6.217469 v rebuffer2/X (sky130_fd_sc_hd__dlygate4sd1_1)
                                                         net227 (net)
                      0.328571    0.002451    6.219920 v c206/B1 (sky130_fd_sc_hd__a2111o_2)
     1    0.010609    0.151420    1.004450    7.224370 v c206/X (sky130_fd_sc_hd__a2111o_2)
                                                         net136 (net)
                      0.151420    0.000234    7.224604 v clkbuf_0_net136/A (sky130_fd_sc_hd__clkbuf_16)
     2    0.016978    0.054673    0.293434    7.518038 v clkbuf_0_net136/X (sky130_fd_sc_hd__clkbuf_16)
                                                         clknet_0_net136 (net)
                      0.054673    0.000128    7.518166 v clkbuf_1_0__f_net136/A (sky130_fd_sc_hd__clkbuf_16)
     1    0.004146    0.042145    0.228566    7.746731 v clkbuf_1_0__f_net136/X (sky130_fd_sc_hd__clkbuf_16)
                                                         clknet_1_0__leaf_net136 (net)
                      0.042145    0.000064    7.746796 v c210/A0 (sky130_fd_sc_hd__mux4_2)
     1    0.009254    0.184920    1.067007    8.813803 v c210/X (sky130_fd_sc_hd__mux4_2)
                                                         net140 (net)
                      0.184920    0.000176    8.813978 v clkbuf_0_net140/A (sky130_fd_sc_hd__clkbuf_16)
     2    0.017013    0.054767    0.309961    9.123940 v clkbuf_0_net140/X (sky130_fd_sc_hd__clkbuf_16)
                                                         clknet_0_net140 (net)
                      0.054767    0.000122    9.124061 v clkbuf_1_1__f_net140/A (sky130_fd_sc_hd__clkbuf_16)
     3    0.013251    0.051332    0.241976    9.366037 v clkbuf_1_1__f_net140/X (sky130_fd_sc_hd__clkbuf_16)
                                                         clknet_1_1__leaf_net140 (net)
                      0.051332    0.000057    9.366094 v c212/C (sky130_fd_sc_hd__nand3_1)
     1    0.008877    0.197348    0.176880    9.542974 ^ c212/Y (sky130_fd_sc_hd__nand3_1)
                                                         net142 (net)
                      0.197348    0.000102    9.543076 ^ clkbuf_0_net142/A (sky130_fd_sc_hd__clkbuf_16)
     2    0.018935    0.066091    0.278594    9.821670 ^ clkbuf_0_net142/X (sky130_fd_sc_hd__clkbuf_16)
                                                         clknet_0_net142 (net)
                      0.066091    0.000068    9.821737 ^ clkbuf_1_0__f_net142/A (sky130_fd_sc_hd__clkbuf_16)
     2    0.007676    0.051397    0.201434   10.023171 ^ clkbuf_1_0__f_net142/X (sky130_fd_sc_hd__clkbuf_16)
                                                         clknet_1_0__leaf_net142 (net)
                      0.051397    0.000036   10.023208 ^ c213/C1 (sky130_fd_sc_hd__a2111o_2)
     3    0.024233    0.206323    0.274158   10.297365 ^ c213/X (sky130_fd_sc_hd__a2111o_2)
                                                         net894 (net)
                      0.206332    0.001617   10.298983 ^ clkbuf_0_net894/A (sky130_fd_sc_hd__clkbuf_16)
     5    0.033805    0.085689    0.303584   10.602566 ^ clkbuf_0_net894/X (sky130_fd_sc_hd__clkbuf_16)
                                                         clknet_0_net894 (net)
                      0.085692    0.000680   10.603247 ^ clkbuf_1_0__f_net894/A (sky130_fd_sc_hd__clkbuf_16)
    13    0.062149    0.123585    0.281627   10.884873 ^ clkbuf_1_0__f_net894/X (sky130_fd_sc_hd__clkbuf_16)
                                                         clknet_1_0__leaf_net894 (net)
                      0.123595    0.001192   10.886065 ^ c216/S0 (sky130_fd_sc_hd__mux4_2)
     1    0.009196    0.184555    1.166824   12.052890 v c216/X (sky130_fd_sc_hd__mux4_2)
                                                         net145 (net)
                      0.184555    0.000169   12.053059 v clkbuf_0_net145/A (sky130_fd_sc_hd__clkbuf_16)
     2    0.017891    0.055517    0.310821   12.363879 v clkbuf_0_net145/X (sky130_fd_sc_hd__clkbuf_16)
                                                         clknet_0_net145 (net)
                      0.055517    0.000157   12.364037 v clkbuf_1_1__f_net145/A (sky130_fd_sc_hd__clkbuf_16)
     1    0.002986    0.040863    0.227044   12.591081 v clkbuf_1_1__f_net145/X (sky130_fd_sc_hd__clkbuf_16)
                                                         clknet_1_1__leaf_net145 (net)
                      0.040863    0.000028   12.591108 v c219/A1 (sky130_fd_sc_hd__a2111o_1)
     1    0.009419    0.171957    0.773825   13.364934 v c219/X (sky130_fd_sc_hd__a2111o_1)
                                                         net148 (net)
                      0.171957    0.000166   13.365100 v clkbuf_0_net148/A (sky130_fd_sc_hd__clkbuf_16)
     2    0.017230    0.054924    0.303852   13.668952 v clkbuf_0_net148/X (sky130_fd_sc_hd__clkbuf_16)
                                                         clknet_0_net148 (net)
                      0.054924    0.000136   13.669087 v clkbuf_1_1__f_net148/A (sky130_fd_sc_hd__clkbuf_16)
     1    0.002875    0.040739    0.226582   13.895670 v clkbuf_1_1__f_net148/X (sky130_fd_sc_hd__clkbuf_16)
                                                         clknet_1_1__leaf_net148 (net)
                      0.040739    0.000033   13.895702 v c239/A1 (sky130_fd_sc_hd__mux4_1)
     1    0.005860    0.190661    1.162700   15.058403 v c239/X (sky130_fd_sc_hd__mux4_1)
                                                         net167 (net)
                      0.190661    0.000087   15.058490 v merge834/B (sky130_fd_sc_hd__nand2b_2)
     1    0.003817    0.080078    0.153713   15.212203 ^ merge834/Y (sky130_fd_sc_hd__nand2b_2)
                                                         net697 (net)
                      0.080078    0.000046   15.212250 ^ merge874/RESET_B (sky130_fd_sc_hd__dlrtp_4)
                                             15.212250   data arrival time

                                  4.000000    4.000000   clock clk (fall edge)
                                  0.000000    4.000000   clock source latency
     2    0.039233    0.171068    0.121594    4.121594 v clk (in)
                                                         clk (net)
                      0.171164    0.000000    4.121594 v clkbuf_0_clk/A (sky130_fd_sc_hd__clkbuf_16)
    33    0.188074    0.206974    0.447648    4.569242 v clkbuf_0_clk/X (sky130_fd_sc_hd__clkbuf_16)
                                                         clknet_0_clk (net)
                      0.206991    0.002180    4.571423 v clkbuf_4_8_0_clk/A (sky130_fd_sc_hd__clkbuf_8)
    13    0.036797    0.093428    0.352200    4.923622 v clkbuf_4_8_0_clk/X (sky130_fd_sc_hd__clkbuf_8)
                                                         clknet_4_8_0_clk (net)
                      0.093429    0.000564    4.924187 v merge874/GATE (sky130_fd_sc_hd__dlrtp_4)
                                 -0.250000    4.674187   clock uncertainty
                                  0.000000    4.674187   clock reconvergence pessimism
                                  0.004405    4.678591   library recovery time
                                              4.678591   data required time
---------------------------------------------------------------------------------------------
                                              4.678591   data required time
                                            -15.212250   data arrival time
---------------------------------------------------------------------------------------------
                                            -10.533659   slack (VIOLATED)


Startpoint: merge903 (positive level-sensitive latch clocked by clk)
Endpoint: s947 (positive level-sensitive latch clocked by clk)
Path Group: clk
Path Type: max

Fanout         Cap        Slew       Delay        Time   Description
---------------------------------------------------------------------------------------------
                                  0.000000    0.000000   clock clk (rise edge)
                                  0.000000    0.000000   clock source latency
     2    0.040171    0.291387    0.203000    0.203000 ^ clk (in)
                                                         clk (net)
                      0.291447    0.000000    0.203000 ^ clkbuf_0_clk/A (sky130_fd_sc_hd__clkbuf_16)
    33    0.195854    0.309818    0.515812    0.718812 ^ clkbuf_0_clk/X (sky130_fd_sc_hd__clkbuf_16)
                                                         clknet_0_clk (net)
                      0.309907    0.005045    0.723857 ^ clkbuf_4_4_0_clk/A (sky130_fd_sc_hd__clkbuf_8)
    19    0.050815    0.157160    0.404738    1.128595 ^ clkbuf_4_4_0_clk/X (sky130_fd_sc_hd__clkbuf_8)
                                                         clknet_4_4_0_clk (net)
                      0.157160    0.000354    1.128949 ^ merge903/GATE (sky130_fd_sc_hd__dlrtp_4)
                                  3.047110    4.176059   time given to startpoint
                      0.066775    0.000000    4.176059 ^ merge903/D (sky130_fd_sc_hd__dlrtp_4)
     4    0.016757    0.125444    0.875755    5.051813 ^ merge903/Q (sky130_fd_sc_hd__dlrtp_4)
                                                         net773 (net)
                      0.125444    0.000139    5.051952 ^ c421/A (sky130_fd_sc_hd__clkbuf_2)
     2    0.018348    0.165706    0.287975    5.339927 ^ c421/X (sky130_fd_sc_hd__clkbuf_2)
                                                         net345 (net)
                      0.165706    0.000238    5.340165 ^ fanout145/A (sky130_fd_sc_hd__buf_12)
    11    0.074963    0.149166    0.288764    5.628928 ^ fanout145/X (sky130_fd_sc_hd__buf_12)
                                                         net968 (net)
                      0.149166    0.000627    5.629556 ^ fanout144/A (sky130_fd_sc_hd__buf_8)
    22    0.070691    0.188447    0.303982    5.933538 ^ fanout144/X (sky130_fd_sc_hd__buf_8)
                                                         net967 (net)
                      0.188449    0.000999    5.934536 ^ c423/C (sky130_fd_sc_hd__or3_4)
     7    0.046245    0.229692    0.398818    6.333354 ^ c423/X (sky130_fd_sc_hd__or3_4)
                                                         net347 (net)
                      0.229711    0.002263    6.335617 ^ c466/D_N (sky130_fd_sc_hd__or4bb_4)
     1    0.007742    0.167761    0.993359    7.328976 v c466/X (sky130_fd_sc_hd__or4bb_4)
                                                         net389 (net)
                      0.167761    0.000088    7.329064 v clkbuf_0_net389/A (sky130_fd_sc_hd__clkbuf_16)
     2    0.017171    0.054868    0.301711    7.630775 v clkbuf_0_net389/X (sky130_fd_sc_hd__clkbuf_16)
                                                         clknet_0_net389 (net)
                      0.054868    0.000163    7.630938 v clkbuf_1_0__f_net389/A (sky130_fd_sc_hd__clkbuf_16)
     1    0.002796    0.040649    0.226424    7.857362 v clkbuf_1_0__f_net389/X (sky130_fd_sc_hd__clkbuf_16)
                                                         clknet_1_0__leaf_net389 (net)
                      0.040649    0.000026    7.857388 v c475/A (sky130_fd_sc_hd__or4bb_4)
     1    0.015171    0.189108    1.106882    8.964270 v c475/X (sky130_fd_sc_hd__or4bb_4)
                                                         net399 (net)
                      0.189108    0.000691    8.964961 v clkbuf_0_net399/A (sky130_fd_sc_hd__clkbuf_16)
     2    0.017898    0.055535    0.313055    9.278016 v clkbuf_0_net399/X (sky130_fd_sc_hd__clkbuf_16)
                                                         clknet_0_net399 (net)
                      0.055535    0.000247    9.278263 v clkbuf_1_0__f_net399/A (sky130_fd_sc_hd__clkbuf_16)
     2    0.015176    0.053004    0.244608    9.522871 v clkbuf_1_0__f_net399/X (sky130_fd_sc_hd__clkbuf_16)
                                                         clknet_1_0__leaf_net399 (net)
                      0.053004    0.000371    9.523242 v c732/A2 (sky130_fd_sc_hd__a2111o_4)
     1    0.015366    0.142007    0.944564   10.467807 v c732/X (sky130_fd_sc_hd__a2111o_4)
                                                         net940 (net)
                      0.142022    0.000528   10.468335 v clkbuf_0_net940/A (sky130_fd_sc_hd__clkbuf_16)
     3    0.015859    0.053711    0.287442   10.755777 v clkbuf_0_net940/X (sky130_fd_sc_hd__clkbuf_16)
                                                         clknet_0_net940 (net)
                      0.053711    0.000290   10.756066 v clkbuf_1_1__f_net940/A (sky130_fd_sc_hd__clkbuf_16)
     6    0.025109    0.061621    0.255599   11.011665 v clkbuf_1_1__f_net940/X (sky130_fd_sc_hd__clkbuf_16)
                                                         clknet_1_1__leaf_net940 (net)
                      0.061626    0.000497   11.012163 v c757/A1 (sky130_fd_sc_hd__mux4_4)
     1    0.009176    0.236425    1.366071   12.378234 v c757/X (sky130_fd_sc_hd__mux4_4)
                                                         net638 (net)
                      0.236425    0.000148   12.378383 v clkbuf_0_net638/A (sky130_fd_sc_hd__clkbuf_16)
     2    0.019631    0.057208    0.338228   12.716610 v clkbuf_0_net638/X (sky130_fd_sc_hd__clkbuf_16)
                                                         clknet_0_net638 (net)
                      0.057208    0.000274   12.716885 v clkbuf_1_0__f_net638/A (sky130_fd_sc_hd__clkbuf_16)
     1    0.004247    0.042258    0.229925   12.946810 v clkbuf_1_0__f_net638/X (sky130_fd_sc_hd__clkbuf_16)
                                                         clknet_1_0__leaf_net638 (net)
                      0.042258    0.000068   12.946877 v c762/A1 (sky130_fd_sc_hd__mux4_2)
     1    0.010743    0.193201    1.065155   14.012033 v c762/X (sky130_fd_sc_hd__mux4_2)
                                                         net643 (net)
                      0.193201    0.000290   14.012323 v clkbuf_0_net643/A (sky130_fd_sc_hd__clkbuf_16)
     2    0.017169    0.054917    0.314216   14.326539 v clkbuf_0_net643/X (sky130_fd_sc_hd__clkbuf_16)
                                                         clknet_0_net643 (net)
                      0.054917    0.000216   14.326756 v clkbuf_1_1__f_net643/A (sky130_fd_sc_hd__clkbuf_16)
     1    0.003287    0.041201    0.227260   14.554015 v clkbuf_1_1__f_net643/X (sky130_fd_sc_hd__clkbuf_16)
                                                         clknet_1_1__leaf_net643 (net)
                      0.041201    0.000050   14.554065 v c764/A1 (sky130_fd_sc_hd__mux4_2)
     1    0.001991    0.138112    0.961792   15.515858 v c764/X (sky130_fd_sc_hd__mux4_2)
                                                         net645 (net)
                      0.138112    0.000018   15.515875 v s947/D (sky130_fd_sc_hd__dlxtp_1)
                                             15.515875   data arrival time

                                  0.000000    0.000000   clock clk (rise edge)
                                  0.000000    0.000000   clock source latency
     2    0.040171    0.291387    0.203000    0.203000 ^ clk (in)
                                                         clk (net)
                      0.291447    0.000000    0.203000 ^ clkbuf_0_clk/A (sky130_fd_sc_hd__clkbuf_16)
    33    0.195854    0.309818    0.515812    0.718812 ^ clkbuf_0_clk/X (sky130_fd_sc_hd__clkbuf_16)
                                                         clknet_0_clk (net)
                      0.309884    0.004475    0.723287 ^ clkbuf_4_15_0_clk/A (sky130_fd_sc_hd__clkbuf_8)
     6    0.024862    0.096573    0.353702    1.076989 ^ clkbuf_4_15_0_clk/X (sky130_fd_sc_hd__clkbuf_8)
                                                         clknet_4_15_0_clk (net)
                      0.096573    0.000374    1.077363 ^ s947/GATE (sky130_fd_sc_hd__dlxtp_1)
                                 -0.250000    0.827363   clock uncertainty
                                  0.000000    0.827363   clock reconvergence pessimism
                                  3.732093    4.559456   time borrowed from endpoint
                                              4.559456   data required time
---------------------------------------------------------------------------------------------
                                              4.559456   data required time
                                            -15.515875   data arrival time
---------------------------------------------------------------------------------------------
                                            -10.956419   slack (VIOLATED)

Time Borrowing Information
------------------------------------------------
clk nominal pulse width                 4.000000
clock latency difference               -0.172088
library setup time                     -0.095820
------------------------------------------------
max time borrow                         3.732093
------------------------------------------------
actual time borrow                      3.732093
open edge uncertainty                  -0.250000
------------------------------------------------
time given to startpoint                3.482092
------------------------------------------------




===========================================================================
report_checks --slack_max -0.01
============================================================================
======================= min_ss_100C_1v60 Corner ===================================

Startpoint: in2 (input port clocked by clk)
Endpoint: merge874 (recovery check against falling-edge clock clk)
Path Group: asynchronous
Path Type: max

Fanout         Cap        Slew       Delay        Time   Description
---------------------------------------------------------------------------------------------
                                  0.000000    0.000000   clock clk (rise edge)
                                  0.000000    0.000000   clock network delay (propagated)
                                  1.600000    1.600000 ^ input external delay
     2    0.004153    0.041369    0.022902    1.622902 ^ in2 (in)
                                                         in2 (net)
                      0.041369    0.000000    1.622902 ^ input13/A (sky130_fd_sc_hd__buf_4)
    13    0.064122    0.289246    0.354754    1.977656 ^ input13/X (sky130_fd_sc_hd__buf_4)
                                                         net836 (net)
                      0.289302    0.003346    1.981002 ^ c132/B (sky130_fd_sc_hd__nand2b_4)
     5    0.022196    0.133395    0.223538    2.204540 v c132/Y (sky130_fd_sc_hd__nand2b_4)
                                                         net63 (net)
                      0.133395    0.000277    2.204817 v c133/A (sky130_fd_sc_hd__nor3_2)
     4    0.020488    0.611916    0.627307    2.832125 ^ c133/Y (sky130_fd_sc_hd__nor3_2)
                                                         net64 (net)
                      0.611916    0.000290    2.832414 ^ c134/A (sky130_fd_sc_hd__nor2b_4)
     8    0.057784    0.211944    0.374641    3.207055 v c134/Y (sky130_fd_sc_hd__nor2b_4)
                                                         net65 (net)
                      0.211944    0.000468    3.207523 v c136/B (sky130_fd_sc_hd__nand2b_4)
     6    0.031375    0.176322    0.253318    3.460841 ^ c136/Y (sky130_fd_sc_hd__nand2b_4)
                                                         net67 (net)
                      0.176322    0.000494    3.461335 ^ c138/A (sky130_fd_sc_hd__or2b_4)
     7    0.049862    0.247734    0.395812    3.857147 ^ c138/X (sky130_fd_sc_hd__or2b_4)
                                                         net69 (net)
                      0.247734    0.000268    3.857414 ^ c140/A (sky130_fd_sc_hd__and2_4)
     4    0.015936    0.120824    0.391100    4.248515 ^ c140/X (sky130_fd_sc_hd__and2_4)
                                                         net71 (net)
                      0.120824    0.000160    4.248675 ^ c142/A1 (sky130_fd_sc_hd__mux4_2)
     4    0.023255    0.244442    0.660106    4.908782 ^ c142/X (sky130_fd_sc_hd__mux4_2)
                                                         net73 (net)
                      0.244442    0.000540    4.909321 ^ c146/B (sky130_fd_sc_hd__nand3b_4)
     4    0.017371    0.168768    0.256744    5.166066 v c146/Y (sky130_fd_sc_hd__nand3b_4)
                                                         net77 (net)
                      0.168768    0.000307    5.166373 v c147/A (sky130_fd_sc_hd__and2_4)
     4    0.023482    0.090007    0.340861    5.507234 v c147/X (sky130_fd_sc_hd__and2_4)
                                                         net78 (net)
                      0.090007    0.000089    5.507323 v rebuffer2/A (sky130_fd_sc_hd__dlygate4sd1_1)
     9    0.035105    0.328557    0.710147    6.217469 v rebuffer2/X (sky130_fd_sc_hd__dlygate4sd1_1)
                                                         net227 (net)
                      0.328571    0.002451    6.219920 v c206/B1 (sky130_fd_sc_hd__a2111o_2)
     1    0.010609    0.151420    1.004450    7.224370 v c206/X (sky130_fd_sc_hd__a2111o_2)
                                                         net136 (net)
                      0.151420    0.000234    7.224604 v clkbuf_0_net136/A (sky130_fd_sc_hd__clkbuf_16)
     2    0.016978    0.054673    0.293434    7.518038 v clkbuf_0_net136/X (sky130_fd_sc_hd__clkbuf_16)
                                                         clknet_0_net136 (net)
                      0.054673    0.000128    7.518166 v clkbuf_1_0__f_net136/A (sky130_fd_sc_hd__clkbuf_16)
     1    0.004146    0.042145    0.228566    7.746731 v clkbuf_1_0__f_net136/X (sky130_fd_sc_hd__clkbuf_16)
                                                         clknet_1_0__leaf_net136 (net)
                      0.042145    0.000064    7.746796 v c210/A0 (sky130_fd_sc_hd__mux4_2)
     1    0.009254    0.184920    1.067007    8.813803 v c210/X (sky130_fd_sc_hd__mux4_2)
                                                         net140 (net)
                      0.184920    0.000176    8.813978 v clkbuf_0_net140/A (sky130_fd_sc_hd__clkbuf_16)
     2    0.017013    0.054767    0.309961    9.123940 v clkbuf_0_net140/X (sky130_fd_sc_hd__clkbuf_16)
                                                         clknet_0_net140 (net)
                      0.054767    0.000122    9.124061 v clkbuf_1_1__f_net140/A (sky130_fd_sc_hd__clkbuf_16)
     3    0.013251    0.051332    0.241976    9.366037 v clkbuf_1_1__f_net140/X (sky130_fd_sc_hd__clkbuf_16)
                                                         clknet_1_1__leaf_net140 (net)
                      0.051332    0.000057    9.366094 v c212/C (sky130_fd_sc_hd__nand3_1)
     1    0.008877    0.197348    0.176880    9.542974 ^ c212/Y (sky130_fd_sc_hd__nand3_1)
                                                         net142 (net)
                      0.197348    0.000102    9.543076 ^ clkbuf_0_net142/A (sky130_fd_sc_hd__clkbuf_16)
     2    0.018935    0.066091    0.278594    9.821670 ^ clkbuf_0_net142/X (sky130_fd_sc_hd__clkbuf_16)
                                                         clknet_0_net142 (net)
                      0.066091    0.000068    9.821737 ^ clkbuf_1_0__f_net142/A (sky130_fd_sc_hd__clkbuf_16)
     2    0.007676    0.051397    0.201434   10.023171 ^ clkbuf_1_0__f_net142/X (sky130_fd_sc_hd__clkbuf_16)
                                                         clknet_1_0__leaf_net142 (net)
                      0.051397    0.000036   10.023208 ^ c213/C1 (sky130_fd_sc_hd__a2111o_2)
     3    0.024233    0.206323    0.274158   10.297365 ^ c213/X (sky130_fd_sc_hd__a2111o_2)
                                                         net894 (net)
                      0.206332    0.001617   10.298983 ^ clkbuf_0_net894/A (sky130_fd_sc_hd__clkbuf_16)
     5    0.033805    0.085689    0.303584   10.602566 ^ clkbuf_0_net894/X (sky130_fd_sc_hd__clkbuf_16)
                                                         clknet_0_net894 (net)
                      0.085692    0.000680   10.603247 ^ clkbuf_1_0__f_net894/A (sky130_fd_sc_hd__clkbuf_16)
    13    0.062149    0.123585    0.281627   10.884873 ^ clkbuf_1_0__f_net894/X (sky130_fd_sc_hd__clkbuf_16)
                                                         clknet_1_0__leaf_net894 (net)
                      0.123595    0.001192   10.886065 ^ c216/S0 (sky130_fd_sc_hd__mux4_2)
     1    0.009196    0.184555    1.166824   12.052890 v c216/X (sky130_fd_sc_hd__mux4_2)
                                                         net145 (net)
                      0.184555    0.000169   12.053059 v clkbuf_0_net145/A (sky130_fd_sc_hd__clkbuf_16)
     2    0.017891    0.055517    0.310821   12.363879 v clkbuf_0_net145/X (sky130_fd_sc_hd__clkbuf_16)
                                                         clknet_0_net145 (net)
                      0.055517    0.000157   12.364037 v clkbuf_1_1__f_net145/A (sky130_fd_sc_hd__clkbuf_16)
     1    0.002986    0.040863    0.227044   12.591081 v clkbuf_1_1__f_net145/X (sky130_fd_sc_hd__clkbuf_16)
                                                         clknet_1_1__leaf_net145 (net)
                      0.040863    0.000028   12.591108 v c219/A1 (sky130_fd_sc_hd__a2111o_1)
     1    0.009419    0.171957    0.773825   13.364934 v c219/X (sky130_fd_sc_hd__a2111o_1)
                                                         net148 (net)
                      0.171957    0.000166   13.365100 v clkbuf_0_net148/A (sky130_fd_sc_hd__clkbuf_16)
     2    0.017230    0.054924    0.303852   13.668952 v clkbuf_0_net148/X (sky130_fd_sc_hd__clkbuf_16)
                                                         clknet_0_net148 (net)
                      0.054924    0.000136   13.669087 v clkbuf_1_1__f_net148/A (sky130_fd_sc_hd__clkbuf_16)
     1    0.002875    0.040739    0.226582   13.895670 v clkbuf_1_1__f_net148/X (sky130_fd_sc_hd__clkbuf_16)
                                                         clknet_1_1__leaf_net148 (net)
                      0.040739    0.000033   13.895702 v c239/A1 (sky130_fd_sc_hd__mux4_1)
     1    0.005860    0.190661    1.162700   15.058403 v c239/X (sky130_fd_sc_hd__mux4_1)
                                                         net167 (net)
                      0.190661    0.000087   15.058490 v merge834/B (sky130_fd_sc_hd__nand2b_2)
     1    0.003817    0.080078    0.153713   15.212203 ^ merge834/Y (sky130_fd_sc_hd__nand2b_2)
                                                         net697 (net)
                      0.080078    0.000046   15.212250 ^ merge874/RESET_B (sky130_fd_sc_hd__dlrtp_4)
                                             15.212250   data arrival time

                                  4.000000    4.000000   clock clk (fall edge)
                                  0.000000    4.000000   clock source latency
     2    0.039233    0.171068    0.121594    4.121594 v clk (in)
                                                         clk (net)
                      0.171164    0.000000    4.121594 v clkbuf_0_clk/A (sky130_fd_sc_hd__clkbuf_16)
    33    0.188074    0.206974    0.447648    4.569242 v clkbuf_0_clk/X (sky130_fd_sc_hd__clkbuf_16)
                                                         clknet_0_clk (net)
                      0.206991    0.002180    4.571423 v clkbuf_4_8_0_clk/A (sky130_fd_sc_hd__clkbuf_8)
    13    0.036797    0.093428    0.352200    4.923622 v clkbuf_4_8_0_clk/X (sky130_fd_sc_hd__clkbuf_8)
                                                         clknet_4_8_0_clk (net)
                      0.093429    0.000564    4.924187 v merge874/GATE (sky130_fd_sc_hd__dlrtp_4)
                                 -0.250000    4.674187   clock uncertainty
                                  0.000000    4.674187   clock reconvergence pessimism
                                  0.004405    4.678591   library recovery time
                                              4.678591   data required time
---------------------------------------------------------------------------------------------
                                              4.678591   data required time
                                            -15.212250   data arrival time
---------------------------------------------------------------------------------------------
                                            -10.533659   slack (VIOLATED)


Startpoint: merge903 (positive level-sensitive latch clocked by clk)
Endpoint: s947 (positive level-sensitive latch clocked by clk)
Path Group: clk
Path Type: max

Fanout         Cap        Slew       Delay        Time   Description
---------------------------------------------------------------------------------------------
                                  0.000000    0.000000   clock clk (rise edge)
                                  0.000000    0.000000   clock source latency
     2    0.040171    0.291387    0.203000    0.203000 ^ clk (in)
                                                         clk (net)
                      0.291447    0.000000    0.203000 ^ clkbuf_0_clk/A (sky130_fd_sc_hd__clkbuf_16)
    33    0.195854    0.309818    0.515812    0.718812 ^ clkbuf_0_clk/X (sky130_fd_sc_hd__clkbuf_16)
                                                         clknet_0_clk (net)
                      0.309907    0.005045    0.723857 ^ clkbuf_4_4_0_clk/A (sky130_fd_sc_hd__clkbuf_8)
    19    0.050815    0.157160    0.404738    1.128595 ^ clkbuf_4_4_0_clk/X (sky130_fd_sc_hd__clkbuf_8)
                                                         clknet_4_4_0_clk (net)
                      0.157160    0.000354    1.128949 ^ merge903/GATE (sky130_fd_sc_hd__dlrtp_4)
                                  3.047110    4.176059   time given to startpoint
                      0.066775    0.000000    4.176059 ^ merge903/D (sky130_fd_sc_hd__dlrtp_4)
     4    0.016757    0.125444    0.875755    5.051813 ^ merge903/Q (sky130_fd_sc_hd__dlrtp_4)
                                                         net773 (net)
                      0.125444    0.000139    5.051952 ^ c421/A (sky130_fd_sc_hd__clkbuf_2)
     2    0.018348    0.165706    0.287975    5.339927 ^ c421/X (sky130_fd_sc_hd__clkbuf_2)
                                                         net345 (net)
                      0.165706    0.000238    5.340165 ^ fanout145/A (sky130_fd_sc_hd__buf_12)
    11    0.074963    0.149166    0.288764    5.628928 ^ fanout145/X (sky130_fd_sc_hd__buf_12)
                                                         net968 (net)
                      0.149166    0.000627    5.629556 ^ fanout144/A (sky130_fd_sc_hd__buf_8)
    22    0.070691    0.188447    0.303982    5.933538 ^ fanout144/X (sky130_fd_sc_hd__buf_8)
                                                         net967 (net)
                      0.188449    0.000999    5.934536 ^ c423/C (sky130_fd_sc_hd__or3_4)
     7    0.046245    0.229692    0.398818    6.333354 ^ c423/X (sky130_fd_sc_hd__or3_4)
                                                         net347 (net)
                      0.229711    0.002263    6.335617 ^ c466/D_N (sky130_fd_sc_hd__or4bb_4)
     1    0.007742    0.167761    0.993359    7.328976 v c466/X (sky130_fd_sc_hd__or4bb_4)
                                                         net389 (net)
                      0.167761    0.000088    7.329064 v clkbuf_0_net389/A (sky130_fd_sc_hd__clkbuf_16)
     2    0.017171    0.054868    0.301711    7.630775 v clkbuf_0_net389/X (sky130_fd_sc_hd__clkbuf_16)
                                                         clknet_0_net389 (net)
                      0.054868    0.000163    7.630938 v clkbuf_1_0__f_net389/A (sky130_fd_sc_hd__clkbuf_16)
     1    0.002796    0.040649    0.226424    7.857362 v clkbuf_1_0__f_net389/X (sky130_fd_sc_hd__clkbuf_16)
                                                         clknet_1_0__leaf_net389 (net)
                      0.040649    0.000026    7.857388 v c475/A (sky130_fd_sc_hd__or4bb_4)
     1    0.015171    0.189108    1.106882    8.964270 v c475/X (sky130_fd_sc_hd__or4bb_4)
                                                         net399 (net)
                      0.189108    0.000691    8.964961 v clkbuf_0_net399/A (sky130_fd_sc_hd__clkbuf_16)
     2    0.017898    0.055535    0.313055    9.278016 v clkbuf_0_net399/X (sky130_fd_sc_hd__clkbuf_16)
                                                         clknet_0_net399 (net)
                      0.055535    0.000247    9.278263 v clkbuf_1_0__f_net399/A (sky130_fd_sc_hd__clkbuf_16)
     2    0.015176    0.053004    0.244608    9.522871 v clkbuf_1_0__f_net399/X (sky130_fd_sc_hd__clkbuf_16)
                                                         clknet_1_0__leaf_net399 (net)
                      0.053004    0.000371    9.523242 v c732/A2 (sky130_fd_sc_hd__a2111o_4)
     1    0.015366    0.142007    0.944564   10.467807 v c732/X (sky130_fd_sc_hd__a2111o_4)
                                                         net940 (net)
                      0.142022    0.000528   10.468335 v clkbuf_0_net940/A (sky130_fd_sc_hd__clkbuf_16)
     3    0.015859    0.053711    0.287442   10.755777 v clkbuf_0_net940/X (sky130_fd_sc_hd__clkbuf_16)
                                                         clknet_0_net940 (net)
                      0.053711    0.000290   10.756066 v clkbuf_1_1__f_net940/A (sky130_fd_sc_hd__clkbuf_16)
     6    0.025109    0.061621    0.255599   11.011665 v clkbuf_1_1__f_net940/X (sky130_fd_sc_hd__clkbuf_16)
                                                         clknet_1_1__leaf_net940 (net)
                      0.061626    0.000497   11.012163 v c757/A1 (sky130_fd_sc_hd__mux4_4)
     1    0.009176    0.236425    1.366071   12.378234 v c757/X (sky130_fd_sc_hd__mux4_4)
                                                         net638 (net)
                      0.236425    0.000148   12.378383 v clkbuf_0_net638/A (sky130_fd_sc_hd__clkbuf_16)
     2    0.019631    0.057208    0.338228   12.716610 v clkbuf_0_net638/X (sky130_fd_sc_hd__clkbuf_16)
                                                         clknet_0_net638 (net)
                      0.057208    0.000274   12.716885 v clkbuf_1_0__f_net638/A (sky130_fd_sc_hd__clkbuf_16)
     1    0.004247    0.042258    0.229925   12.946810 v clkbuf_1_0__f_net638/X (sky130_fd_sc_hd__clkbuf_16)
                                                         clknet_1_0__leaf_net638 (net)
                      0.042258    0.000068   12.946877 v c762/A1 (sky130_fd_sc_hd__mux4_2)
     1    0.010743    0.193201    1.065155   14.012033 v c762/X (sky130_fd_sc_hd__mux4_2)
                                                         net643 (net)
                      0.193201    0.000290   14.012323 v clkbuf_0_net643/A (sky130_fd_sc_hd__clkbuf_16)
     2    0.017169    0.054917    0.314216   14.326539 v clkbuf_0_net643/X (sky130_fd_sc_hd__clkbuf_16)
                                                         clknet_0_net643 (net)
                      0.054917    0.000216   14.326756 v clkbuf_1_1__f_net643/A (sky130_fd_sc_hd__clkbuf_16)
     1    0.003287    0.041201    0.227260   14.554015 v clkbuf_1_1__f_net643/X (sky130_fd_sc_hd__clkbuf_16)
                                                         clknet_1_1__leaf_net643 (net)
                      0.041201    0.000050   14.554065 v c764/A1 (sky130_fd_sc_hd__mux4_2)
     1    0.001991    0.138112    0.961792   15.515858 v c764/X (sky130_fd_sc_hd__mux4_2)
                                                         net645 (net)
                      0.138112    0.000018   15.515875 v s947/D (sky130_fd_sc_hd__dlxtp_1)
                                             15.515875   data arrival time

                                  0.000000    0.000000   clock clk (rise edge)
                                  0.000000    0.000000   clock source latency
     2    0.040171    0.291387    0.203000    0.203000 ^ clk (in)
                                                         clk (net)
                      0.291447    0.000000    0.203000 ^ clkbuf_0_clk/A (sky130_fd_sc_hd__clkbuf_16)
    33    0.195854    0.309818    0.515812    0.718812 ^ clkbuf_0_clk/X (sky130_fd_sc_hd__clkbuf_16)
                                                         clknet_0_clk (net)
                      0.309884    0.004475    0.723287 ^ clkbuf_4_15_0_clk/A (sky130_fd_sc_hd__clkbuf_8)
     6    0.024862    0.096573    0.353702    1.076989 ^ clkbuf_4_15_0_clk/X (sky130_fd_sc_hd__clkbuf_8)
                                                         clknet_4_15_0_clk (net)
                      0.096573    0.000374    1.077363 ^ s947/GATE (sky130_fd_sc_hd__dlxtp_1)
                                 -0.250000    0.827363   clock uncertainty
                                  0.000000    0.827363   clock reconvergence pessimism
                                  3.732093    4.559456   time borrowed from endpoint
                                              4.559456   data required time
---------------------------------------------------------------------------------------------
                                              4.559456   data required time
                                            -15.515875   data arrival time
---------------------------------------------------------------------------------------------
                                            -10.956419   slack (VIOLATED)

Time Borrowing Information
------------------------------------------------
clk nominal pulse width                 4.000000
clock latency difference               -0.172088
library setup time                     -0.095820
------------------------------------------------
max time borrow                         3.732093
------------------------------------------------
actual time borrow                      3.732093
open edge uncertainty                  -0.250000
------------------------------------------------
time given to startpoint                3.482092
------------------------------------------------




===========================================================================
 report_check_types -max_slew -max_cap -max_fanout -violators
============================================================================
======================= min_ss_100C_1v60 Corner ===================================

max slew

Pin                                        Limit        Slew       Slack
------------------------------------------------------------------------
c251/Y                                  0.750000    1.123145   -0.373145 (VIOLATED)
clkbuf_0_net179/A                       0.750000    1.123145   -0.373145 (VIOLATED)
ANTENNA_c748_A0/DIODE                   0.750000    1.104069   -0.354069 (VIOLATED)
ANTENNA_c223_B_N/DIODE                  0.750000    1.104065   -0.354065 (VIOLATED)
ANTENNA_c362_A2/DIODE                   0.750000    1.104065   -0.354065 (VIOLATED)
ANTENNA_c211_B1/DIODE                   0.750000    1.104056   -0.354056 (VIOLATED)
ANTENNA_c138_X/DIODE                    0.750000    1.104052   -0.354052 (VIOLATED)
ANTENNA_c140_A/DIODE                    0.750000    1.104052   -0.354052 (VIOLATED)
ANTENNA_c153_C_N/DIODE                  0.750000    1.104052   -0.354052 (VIOLATED)
ANTENNA_c287_B/DIODE                    0.750000    1.104051   -0.354051 (VIOLATED)
ANTENNA_c424_C/DIODE                    0.750000    1.104050   -0.354050 (VIOLATED)
clone3/X                                0.750000    1.104050   -0.354050 (VIOLATED)
ANTENNA_c479_SCE/DIODE                  0.750000    1.007358   -0.257358 (VIOLATED)
ANTENNA_c610_B/DIODE                    0.750000    1.007357   -0.257357 (VIOLATED)
ANTENNA_c729_D/DIODE                    0.750000    1.007356   -0.257356 (VIOLATED)
ANTENNA_c738_SCE/DIODE                  0.750000    1.007356   -0.257356 (VIOLATED)
ANTENNA_fanout144_A/DIODE               0.750000    1.007356   -0.257356 (VIOLATED)
ANTENNA_c695_S1/DIODE                   0.750000    1.007355   -0.257355 (VIOLATED)
ANTENNA_c697_C_N/DIODE                  0.750000    1.007355   -0.257355 (VIOLATED)
ANTENNA_c578_B/DIODE                    0.750000    1.007354   -0.257354 (VIOLATED)
ANTENNA_c692_C_N/DIODE                  0.750000    1.007354   -0.257354 (VIOLATED)
ANTENNA_c701_A3/DIODE                   0.750000    1.007354   -0.257354 (VIOLATED)
clone12/X                               0.750000    1.007354   -0.257354 (VIOLATED)
ANTENNA_c569_C1/DIODE                   0.750000    0.956324   -0.206324 (VIOLATED)
c569/C1                                 0.750000    0.956324   -0.206324 (VIOLATED)
c589/A1                                 0.750000    0.956322   -0.206322 (VIOLATED)
ANTENNA_c589_A1/DIODE                   0.750000    0.956321   -0.206321 (VIOLATED)
ANTENNA_c460_A1/DIODE                   0.750000    0.956315   -0.206315 (VIOLATED)
c460/A1                                 0.750000    0.956315   -0.206315 (VIOLATED)
ANTENNA_c409_Y/DIODE                    0.750000    0.956308   -0.206308 (VIOLATED)
ANTENNA_c410_A1/DIODE                   0.750000    0.956308   -0.206308 (VIOLATED)
ANTENNA_c531_B/DIODE                    0.750000    0.956308   -0.206308 (VIOLATED)
c409/Y                                  0.750000    0.956308   -0.206308 (VIOLATED)
c410/A1                                 0.750000    0.956308   -0.206308 (VIOLATED)
c531/B                                  0.750000    0.956308   -0.206308 (VIOLATED)
ANTENNA_output63_A/DIODE                0.750000    0.955893   -0.205893 (VIOLATED)
output63/A                              0.750000    0.955893   -0.205893 (VIOLATED)
c749/A2                                 0.750000    0.955885   -0.205885 (VIOLATED)
ANTENNA_c749_A2/DIODE                   0.750000    0.955882   -0.205882 (VIOLATED)
c750/A2                                 0.750000    0.955877   -0.205877 (VIOLATED)
ANTENNA_c750_A2/DIODE                   0.750000    0.955877   -0.205877 (VIOLATED)
c604/A3                                 0.750000    0.955866   -0.205866 (VIOLATED)
ANTENNA_c604_A3/DIODE                   0.750000    0.955864   -0.205864 (VIOLATED)
ANTENNA_c459_Q/DIODE                    0.750000    0.955859   -0.205859 (VIOLATED)
ANTENNA_c461_A2/DIODE                   0.750000    0.955859   -0.205859 (VIOLATED)
ANTENNA_c499_A3/DIODE                   0.750000    0.955859   -0.205859 (VIOLATED)
c459/Q                                  0.750000    0.955859   -0.205859 (VIOLATED)
c461/A2                                 0.750000    0.955859   -0.205859 (VIOLATED)
c499/A3                                 0.750000    0.955859   -0.205859 (VIOLATED)
ANTENNA_c207_A1/DIODE                   0.750000    0.929887   -0.179887 (VIOLATED)
c207/A1                                 0.750000    0.929887   -0.179888 (VIOLATED)
c211/A2                                 0.750000    0.929886   -0.179886 (VIOLATED)
ANTENNA_c211_A2/DIODE                   0.750000    0.929886   -0.179886 (VIOLATED)
ANTENNA_c344_SCE/DIODE                  0.750000    0.929881   -0.179881 (VIOLATED)
c344/SCE                                0.750000    0.929882   -0.179882 (VIOLATED)
c294/A                                  0.750000    0.929873   -0.179873 (VIOLATED)
ANTENNA_c294_A/DIODE                    0.750000    0.929872   -0.179872 (VIOLATED)
ANTENNA_c153_Y/DIODE                    0.750000    0.929869   -0.179869 (VIOLATED)
ANTENNA_c162_B/DIODE                    0.750000    0.929869   -0.179869 (VIOLATED)
ANTENNA_c293_B/DIODE                    0.750000    0.929869   -0.179869 (VIOLATED)
c153/Y                                  0.750000    0.929869   -0.179869 (VIOLATED)
c162/B                                  0.750000    0.929869   -0.179869 (VIOLATED)
c293/B                                  0.750000    0.929869   -0.179869 (VIOLATED)
c632/A3                                 0.750000    0.927903   -0.177903 (VIOLATED)
ANTENNA_c632_A3/DIODE                   0.750000    0.927903   -0.177903 (VIOLATED)
c623/A0                                 0.750000    0.927902   -0.177902 (VIOLATED)
ANTENNA_c623_A0/DIODE                   0.750000    0.927901   -0.177901 (VIOLATED)
ANTENNA_c616_A1/DIODE                   0.750000    0.927900   -0.177901 (VIOLATED)
c616/A1                                 0.750000    0.927901   -0.177901 (VIOLATED)
merge808/A2                             0.750000    0.927891   -0.177892 (VIOLATED)
ANTENNA_merge808_A2/DIODE               0.750000    0.927890   -0.177890 (VIOLATED)
c366/C_N                                0.750000    0.927881   -0.177881 (VIOLATED)
ANTENNA_c366_C_N/DIODE                  0.750000    0.927879   -0.177879 (VIOLATED)
ANTENNA_c92_Y/DIODE                     0.750000    0.927871   -0.177871 (VIOLATED)
ANTENNA_c98_A_N/DIODE                   0.750000    0.927871   -0.177871 (VIOLATED)
ANTENNA_max_cap134_A/DIODE              0.750000    0.927871   -0.177871 (VIOLATED)
c92/Y                                   0.750000    0.927871   -0.177871 (VIOLATED)
c98/A_N                                 0.750000    0.927871   -0.177871 (VIOLATED)
max_cap134/A                            0.750000    0.927871   -0.177871 (VIOLATED)
ANTENNA_fanout124_A/DIODE               0.750000    0.919250   -0.169250 (VIOLATED)
fanout124/A                             0.750000    0.919250   -0.169250 (VIOLATED)
ANTENNA_fanout123_A/DIODE               0.750000    0.919250   -0.169250 (VIOLATED)
fanout123/A                             0.750000    0.919250   -0.169250 (VIOLATED)
ANTENNA_c291_Y/DIODE                    0.750000    0.919249   -0.169249 (VIOLATED)
c291/Y                                  0.750000    0.919249   -0.169249 (VIOLATED)
ANTENNA_c503_A2/DIODE                   0.750000    0.918682   -0.168682 (VIOLATED)
c503/A2                                 0.750000    0.918682   -0.168682 (VIOLATED)
ANTENNA_c505_A_N/DIODE                  0.750000    0.918681   -0.168681 (VIOLATED)
c505/A_N                                0.750000    0.918681   -0.168681 (VIOLATED)
c474/B1                                 0.750000    0.918677   -0.168677 (VIOLATED)
ANTENNA_c474_B1/DIODE                   0.750000    0.918677   -0.168677 (VIOLATED)
ANTENNA_c338_B/DIODE                    0.750000    0.918676   -0.168676 (VIOLATED)
c338/B                                  0.750000    0.918676   -0.168676 (VIOLATED)
ANTENNA_c468_C/DIODE                    0.750000    0.918675   -0.168675 (VIOLATED)
c468/C                                  0.750000    0.918674   -0.168674 (VIOLATED)
ANTENNA_c477_B1/DIODE                   0.750000    0.918671   -0.168671 (VIOLATED)
c477/B1                                 0.750000    0.918671   -0.168671 (VIOLATED)
merge807/S1                             0.750000    0.918671   -0.168671 (VIOLATED)
ANTENNA_merge807_S1/DIODE               0.750000    0.918671   -0.168671 (VIOLATED)
ANTENNA_c335_Y/DIODE                    0.750000    0.918666   -0.168666 (VIOLATED)
ANTENNA_c342_D_N/DIODE                  0.750000    0.918666   -0.168666 (VIOLATED)
c335/Y                                  0.750000    0.918666   -0.168666 (VIOLATED)
c342/D_N                                0.750000    0.918666   -0.168666 (VIOLATED)
c438/B1                                 0.750000    0.909847   -0.159847 (VIOLATED)
ANTENNA_c438_B1/DIODE                   0.750000    0.909846   -0.159847 (VIOLATED)
c439/A2                                 0.750000    0.909846   -0.159846 (VIOLATED)
ANTENNA_c439_A2/DIODE                   0.750000    0.909846   -0.159846 (VIOLATED)
ANTENNA_c424_A/DIODE                    0.750000    0.909846   -0.159846 (VIOLATED)
ANTENNA_c443_D1/DIODE                   0.750000    0.909846   -0.159846 (VIOLATED)
c443/D1                                 0.750000    0.909846   -0.159846 (VIOLATED)
c424/A                                  0.750000    0.909846   -0.159846 (VIOLATED)
ANTENNA_c197_A2/DIODE                   0.750000    0.909844   -0.159844 (VIOLATED)
c197/A2                                 0.750000    0.909844   -0.159844 (VIOLATED)
ANTENNA_c167_Y/DIODE                    0.750000    0.909843   -0.159843 (VIOLATED)
ANTENNA_c169_C_N/DIODE                  0.750000    0.909843   -0.159843 (VIOLATED)
ANTENNA_c191_A1/DIODE                   0.750000    0.909843   -0.159843 (VIOLATED)
c167/Y                                  0.750000    0.909843   -0.159843 (VIOLATED)
c169/C_N                                0.750000    0.909843   -0.159843 (VIOLATED)
c191/A1                                 0.750000    0.909843   -0.159843 (VIOLATED)
c503/S1                                 0.750000    0.876333   -0.126333 (VIOLATED)
ANTENNA_c459_Q_N/DIODE                  0.750000    0.876333   -0.126333 (VIOLATED)
ANTENNA_c470_A3/DIODE                   0.750000    0.876333   -0.126333 (VIOLATED)
ANTENNA_c494_A3/DIODE                   0.750000    0.876333   -0.126333 (VIOLATED)
ANTENNA_c503_S1/DIODE                   0.750000    0.876333   -0.126333 (VIOLATED)
ANTENNA_c574_B1/DIODE                   0.750000    0.876333   -0.126333 (VIOLATED)
ANTENNA_c706_A3/DIODE                   0.750000    0.876333   -0.126333 (VIOLATED)
ANTENNA_merge810_S1/DIODE               0.750000    0.876333   -0.126333 (VIOLATED)
c459/Q_N                                0.750000    0.876333   -0.126333 (VIOLATED)
c470/A3                                 0.750000    0.876333   -0.126333 (VIOLATED)
c494/A3                                 0.750000    0.876333   -0.126333 (VIOLATED)
c574/B1                                 0.750000    0.876333   -0.126333 (VIOLATED)
c706/A3                                 0.750000    0.876333   -0.126333 (VIOLATED)
merge810/S1                             0.750000    0.876333   -0.126333 (VIOLATED)
ANTENNA_c137_Y/DIODE                    0.750000    0.875593   -0.125593 (VIOLATED)
ANTENNA_c140_B/DIODE                    0.750000    0.875593   -0.125593 (VIOLATED)
ANTENNA_c143_A/DIODE                    0.750000    0.875593   -0.125593 (VIOLATED)
ANTENNA_c144_B/DIODE                    0.750000    0.875593   -0.125593 (VIOLATED)
ANTENNA_c148_C_N/DIODE                  0.750000    0.875593   -0.125593 (VIOLATED)
ANTENNA_c149_A3/DIODE                   0.750000    0.875593   -0.125593 (VIOLATED)
ANTENNA_c155_B/DIODE                    0.750000    0.875593   -0.125593 (VIOLATED)
ANTENNA_c161_B/DIODE                    0.750000    0.875593   -0.125593 (VIOLATED)
ANTENNA_c174_A0/DIODE                   0.750000    0.875593   -0.125593 (VIOLATED)
c137/Y                                  0.750000    0.875593   -0.125593 (VIOLATED)
c140/B                                  0.750000    0.875593   -0.125593 (VIOLATED)
c143/A                                  0.750000    0.875593   -0.125593 (VIOLATED)
c144/B                                  0.750000    0.875593   -0.125593 (VIOLATED)
c148/C_N                                0.750000    0.875593   -0.125593 (VIOLATED)
c149/A3                                 0.750000    0.875593   -0.125593 (VIOLATED)
c155/B                                  0.750000    0.875593   -0.125593 (VIOLATED)
c161/B                                  0.750000    0.875593   -0.125593 (VIOLATED)
c174/A0                                 0.750000    0.875593   -0.125593 (VIOLATED)
c541/Y                                  0.750000    0.875161   -0.125161 (VIOLATED)
clkbuf_0_net440/A                       0.750000    0.875161   -0.125161 (VIOLATED)
c576/S1                                 0.750000    0.856995   -0.106995 (VIOLATED)
ANTENNA_c576_S1/DIODE                   0.750000    0.856995   -0.106995 (VIOLATED)
ANTENNA_c620_S0/DIODE                   0.750000    0.856989   -0.106989 (VIOLATED)
ANTENNA_c633_A3/DIODE                   0.750000    0.856989   -0.106989 (VIOLATED)
ANTENNA_c765_A2/DIODE                   0.750000    0.856989   -0.106989 (VIOLATED)
ANTENNA_c767_A1/DIODE                   0.750000    0.856989   -0.106989 (VIOLATED)
ANTENNA_merge906_Q/DIODE                0.750000    0.856989   -0.106989 (VIOLATED)
ANTENNA_output64_A/DIODE                0.750000    0.856989   -0.106989 (VIOLATED)
c620/S0                                 0.750000    0.856989   -0.106989 (VIOLATED)
c633/A3                                 0.750000    0.856989   -0.106989 (VIOLATED)
c765/A2                                 0.750000    0.856989   -0.106989 (VIOLATED)
c767/A1                                 0.750000    0.856989   -0.106989 (VIOLATED)
merge906/Q                              0.750000    0.856989   -0.106989 (VIOLATED)
output64/A                              0.750000    0.856989   -0.106989 (VIOLATED)
ANTENNA_merge915_RESET_B/DIODE          0.750000    0.809137   -0.059137 (VIOLATED)
merge915/RESET_B                        0.750000    0.809137   -0.059137 (VIOLATED)
ANTENNA_c740_Y/DIODE                    0.750000    0.809136   -0.059136 (VIOLATED)
c740/Y                                  0.750000    0.809136   -0.059136 (VIOLATED)
ANTENNA_c251_A1/DIODE                   0.750000    0.806479   -0.056479 (VIOLATED)
c251/A1                                 0.750000    0.806479   -0.056479 (VIOLATED)
c232/S0                                 0.750000    0.806478   -0.056478 (VIOLATED)
ANTENNA_c232_S0/DIODE                   0.750000    0.806478   -0.056478 (VIOLATED)
c180/A                                  0.750000    0.806475   -0.056475 (VIOLATED)
ANTENNA_c180_A/DIODE                    0.750000    0.806475   -0.056475 (VIOLATED)
ANTENNA_c184_C/DIODE                    0.750000    0.806475   -0.056475 (VIOLATED)
c184/C                                  0.750000    0.806475   -0.056475 (VIOLATED)
c191/C1                                 0.750000    0.806475   -0.056475 (VIOLATED)
ANTENNA_c176_Y/DIODE                    0.750000    0.806474   -0.056474 (VIOLATED)
ANTENNA_c191_C1/DIODE                   0.750000    0.806474   -0.056474 (VIOLATED)
c176/Y                                  0.750000    0.806474   -0.056474 (VIOLATED)
c756/S0                                 0.750000    0.798421   -0.048421 (VIOLATED)
c767/A3                                 0.750000    0.798421   -0.048421 (VIOLATED)
ANTENNA_c767_A3/DIODE                   0.750000    0.798421   -0.048421 (VIOLATED)
ANTENNA_c565_C/DIODE                    0.750000    0.798421   -0.048421 (VIOLATED)
ANTENNA_c567_SET_B/DIODE                0.750000    0.798421   -0.048421 (VIOLATED)
ANTENNA_c570_S0/DIODE                   0.750000    0.798421   -0.048421 (VIOLATED)
ANTENNA_c741_A3/DIODE                   0.750000    0.798421   -0.048421 (VIOLATED)
ANTENNA_c756_S0/DIODE                   0.750000    0.798421   -0.048421 (VIOLATED)
ANTENNA_merge912_Q/DIODE                0.750000    0.798421   -0.048421 (VIOLATED)
c565/C                                  0.750000    0.798421   -0.048421 (VIOLATED)
c567/SET_B                              0.750000    0.798421   -0.048421 (VIOLATED)
c570/S0                                 0.750000    0.798421   -0.048421 (VIOLATED)
c741/A3                                 0.750000    0.798421   -0.048421 (VIOLATED)
merge912/Q                              0.750000    0.798421   -0.048421 (VIOLATED)
ANTENNA_c134_Y/DIODE                    0.750000    0.794858   -0.044858 (VIOLATED)
ANTENNA_c136_B/DIODE                    0.750000    0.794858   -0.044858 (VIOLATED)
ANTENNA_c142_S0/DIODE                   0.750000    0.794858   -0.044858 (VIOLATED)
ANTENNA_c168_B/DIODE                    0.750000    0.794858   -0.044858 (VIOLATED)
ANTENNA_c299_A/DIODE                    0.750000    0.794858   -0.044858 (VIOLATED)
ANTENNA_c406_A/DIODE                    0.750000    0.794858   -0.044858 (VIOLATED)
clone1/Y                                0.750000    0.794858   -0.044858 (VIOLATED)

max fanout

Pin                                   Limit Fanout  Slack
---------------------------------------------------------
clkbuf_0_clk/X                           10     33    -23 (VIOLATED)
clkbuf_1_0__f_net939/X                   10     25    -15 (VIOLATED)
clkbuf_4_6_0_clk/X                       10     23    -13 (VIOLATED)
fanout128/X                              10     22    -12 (VIOLATED)
fanout144/X                              10     22    -12 (VIOLATED)
c333/Y                                   10     21    -11 (VIOLATED)
c589/X                                   10     21    -11 (VIOLATED)
c661/X                                   10     21    -11 (VIOLATED)
c675/X                                   10     21    -11 (VIOLATED)
fanout118/X                              10     21    -11 (VIOLATED)
fanout122/X                              10     21    -11 (VIOLATED)
fanout123/X                              10     21    -11 (VIOLATED)
fanout125/X                              10     21    -11 (VIOLATED)
fanout127/X                              10     21    -11 (VIOLATED)
fanout129/X                              10     21    -11 (VIOLATED)
fanout135/X                              10     21    -11 (VIOLATED)
fanout137/X                              10     21    -11 (VIOLATED)
fanout138/X                              10     21    -11 (VIOLATED)
fanout139/X                              10     21    -11 (VIOLATED)
fanout142/X                              10     21    -11 (VIOLATED)
fanout143/X                              10     21    -11 (VIOLATED)
fanout146/X                              10     21    -11 (VIOLATED)
fanout150/X                              10     21    -11 (VIOLATED)
input50/X                                10     21    -11 (VIOLATED)
c127/X                                   10     19     -9 (VIOLATED)
c151/Y                                   10     19     -9 (VIOLATED)
c152/X                                   10     19     -9 (VIOLATED)
c277/X                                   10     19     -9 (VIOLATED)
c290/X                                   10     19     -9 (VIOLATED)
clkbuf_1_0__f_net776/X                   10     19     -9 (VIOLATED)
clkbuf_4_12_0_clk/X                      10     19     -9 (VIOLATED)
clkbuf_4_4_0_clk/X                       10     19     -9 (VIOLATED)
input17/X                                10     19     -9 (VIOLATED)
input52/X                                10     19     -9 (VIOLATED)
s920/Q                                   10     19     -9 (VIOLATED)
s936/Q                                   10     19     -9 (VIOLATED)
c101/Y                                   10     17     -7 (VIOLATED)
c137/Y                                   10     17     -7 (VIOLATED)
c141/X                                   10     17     -7 (VIOLATED)
c191/X                                   10     17     -7 (VIOLATED)
c198/Y                                   10     17     -7 (VIOLATED)
c208/X                                   10     17     -7 (VIOLATED)
c335/Y                                   10     17     -7 (VIOLATED)
c415/X                                   10     17     -7 (VIOLATED)
c422/X                                   10     17     -7 (VIOLATED)
c555/Y                                   10     17     -7 (VIOLATED)
c556/Y                                   10     17     -7 (VIOLATED)
clkbuf_4_1_0_clk/X                       10     17     -7 (VIOLATED)
input3/X                                 10     17     -7 (VIOLATED)
input39/X                                10     17     -7 (VIOLATED)
input46/X                                10     17     -7 (VIOLATED)
s928/Q                                   10     17     -7 (VIOLATED)
s930/Q                                   10     17     -7 (VIOLATED)
c115/X                                   10     15     -5 (VIOLATED)
c123/X                                   10     15     -5 (VIOLATED)
c155/Y                                   10     15     -5 (VIOLATED)
c167/Y                                   10     15     -5 (VIOLATED)
c193/Q                                   10     15     -5 (VIOLATED)
c274/X                                   10     15     -5 (VIOLATED)
c420/Y                                   10     15     -5 (VIOLATED)
c462/Y                                   10     15     -5 (VIOLATED)
c573/Q                                   10     15     -5 (VIOLATED)
c85/X                                    10     15     -5 (VIOLATED)
c92/Y                                    10     15     -5 (VIOLATED)
c94/X                                    10     15     -5 (VIOLATED)
clkbuf_1_0__f_net748/X                   10     15     -5 (VIOLATED)
clkbuf_1_0__f_net933/X                   10     15     -5 (VIOLATED)
clkbuf_1_1__f_net939/X                   10     15     -5 (VIOLATED)
clkbuf_4_0_0_clk/X                       10     15     -5 (VIOLATED)
clkbuf_4_13_0_clk/X                      10     15     -5 (VIOLATED)
fanout147/X                              10     15     -5 (VIOLATED)
input12/X                                10     15     -5 (VIOLATED)
input34/X                                10     15     -5 (VIOLATED)
c464/X                                   10     14     -4 (VIOLATED)
c109/Y                                   10     13     -3 (VIOLATED)
c116/X                                   10     13     -3 (VIOLATED)
c148/X                                   10     13     -3 (VIOLATED)
c153/Y                                   10     13     -3 (VIOLATED)
c193/Q_N                                 10     13     -3 (VIOLATED)
c235/Q                                   10     13     -3 (VIOLATED)
c267/Y                                   10     13     -3 (VIOLATED)
c306/Q                                   10     13     -3 (VIOLATED)
c325/Q                                   10     13     -3 (VIOLATED)
c413/Y                                   10     13     -3 (VIOLATED)
c417/X                                   10     13     -3 (VIOLATED)
c459/Q                                   10     13     -3 (VIOLATED)
c459/Q_N                                 10     13     -3 (VIOLATED)
c478/Q                                   10     13     -3 (VIOLATED)
c622/X                                   10     13     -3 (VIOLATED)
c690/Q                                   10     13     -3 (VIOLATED)
clkbuf_1_0__f_net894/X                   10     13     -3 (VIOLATED)
clkbuf_1_0__f_net899/X                   10     13     -3 (VIOLATED)
clkbuf_1_1__f_net776/X                   10     13     -3 (VIOLATED)
clkbuf_1_1__f_net794/X                   10     13     -3 (VIOLATED)
clkbuf_4_2_0_clk/X                       10     13     -3 (VIOLATED)
clkbuf_4_8_0_clk/X                       10     13     -3 (VIOLATED)
input13/X                                10     13     -3 (VIOLATED)
input21/X                                10     13     -3 (VIOLATED)
input23/X                                10     13     -3 (VIOLATED)
input36/X                                10     13     -3 (VIOLATED)
input47/X                                10     13     -3 (VIOLATED)
merge901/Q                               10     13     -3 (VIOLATED)
merge904/Q                               10     13     -3 (VIOLATED)
merge906/Q                               10     13     -3 (VIOLATED)
merge912/Q                               10     13     -3 (VIOLATED)
merge913/Q                               10     13     -3 (VIOLATED)
merge914/Q                               10     13     -3 (VIOLATED)
merge915/Q                               10     13     -3 (VIOLATED)
s947/Q                                   10     13     -3 (VIOLATED)
c103/Y                                   10     11        (VIOLATED)
c144/X                                   10     11        (VIOLATED)
c173/X                                   10     11        (VIOLATED)
c176/Y                                   10     11        (VIOLATED)
c222/X                                   10     11        (VIOLATED)
c234/Y                                   10     11        (VIOLATED)
c265/X                                   10     11        (VIOLATED)
c272/Y                                   10     11        (VIOLATED)
c300/X                                   10     11        (VIOLATED)
c325/Q_N                                 10     11        (VIOLATED)
c396/Y                                   10     11        (VIOLATED)
c403/Q                                   10     11        (VIOLATED)
c403/Q_N                                 10     11        (VIOLATED)
c404/Q                                   10     11        (VIOLATED)
c404/Q_N                                 10     11        (VIOLATED)
c409/Y                                   10     11        (VIOLATED)
c412/X                                   10     11        (VIOLATED)
c452/X                                   10     11        (VIOLATED)
c64/X                                    10     11        (VIOLATED)
c70/Y                                    10     11        (VIOLATED)
c93/X                                    10     11        (VIOLATED)
clkbuf_1_0__f_net794/X                   10     11        (VIOLATED)
clkbuf_1_1__f_net748/X                   10     11        (VIOLATED)
clkbuf_1_1__f_net899/X                   10     11        (VIOLATED)
fanout124/X                              10     11        (VIOLATED)
fanout145/X                              10     11        (VIOLATED)
input10/X                                10     11        (VIOLATED)
input24/X                                10     11        (VIOLATED)
input27/X                                10     11        (VIOLATED)
input28/X                                10     11        (VIOLATED)
input55/X                                10     11        (VIOLATED)
input56/X                                10     11        (VIOLATED)
merge874/Q                               10     11        (VIOLATED)
merge899/Q                               10     11        (VIOLATED)
s919/Q                                   10     11        (VIOLATED)
s925/Q                                   10     11        (VIOLATED)



===========================================================================
report_parasitic_annotation -report_unannotated
============================================================================
Found 1 unannotated drivers.
 rst
Found 0 partially unannotated drivers.

===========================================================================
max slew violation count 204
max fanout violation count 145
max cap violation count 0
============================================================================

===========================================================================
check_setup -verbose -unconstrained_endpoints -multiple_clock -no_clock -no_input_delay -loops -generated_clocks
===========================================================================
Warning: There are 9 unconstrained endpoints.
  out14
  out23
  out25
  out27
  out33
  out48
  out52
  out58
  merge827/D
