Reading OpenROAD database at '/Users/junpeng/openlane2/netlist_mid_anb_min/src/netlist_0/runs/physical_design/12-openroad-generatepdn/netlist_0.odb'…
Reading library file at '/Users/junpeng/.volare/volare/sky130/versions/bdc9412b3e468c102d01b7cf6337be06ec6e9c9a/sky130A/libs.ref/sky130_fd_sc_hd/lib/sky130_fd_sc_hd__tt_025C_1v80.lib'…
Reading design constraints file at '/nix/store/fvqq0703nb8y0f998v8hgg5l6mjj8gb5-python3-3.11.6-env/lib/python3.11/site-packages/openlane/scripts/base.sdc'…
[INFO] Using clock clk…
[INFO] Setting output delay to: 1.6
[INFO] Setting input delay to: 1.6
[INFO] Setting load to: 0.033442
[INFO] Setting clock uncertainty to: 0.25
[INFO] Setting clock transition to: 0.1499999999999999944488848768742172978818416595458984375
[INFO] Setting timing derate to: 5%
{*}-density 0.28811699999999996 -skip_io -pad_right 0 -pad_left 0 -init_wirelength_coef 0.25
[INFO GPL-0002] DBU: 1000
[INFO GPL-0003] SiteSize: 460 2720
[INFO GPL-0004] CoreAreaLxLy: 5520 10880
[INFO GPL-0005] CoreAreaUxUy: 294400 288320
[INFO GPL-0006] NumInstances: 2133
[INFO GPL-0007] NumPlaceInstances: 785
[INFO GPL-0008] NumFixedInstances: 1348
[INFO GPL-0009] NumDummyInstances: 0
[INFO GPL-0010] NumNets: 957
[INFO GPL-0011] NumPins: 3762
[INFO GPL-0012] DieAreaLxLy: 0 0
[INFO GPL-0013] DieAreaUxUy: 300000 300000
[INFO GPL-0014] CoreAreaLxLy: 5520 10880
[INFO GPL-0015] CoreAreaUxUy: 294400 288320
[INFO GPL-0016] CoreArea: 80146867200
[INFO GPL-0017] NonPlaceInstsArea: 2197107200
[INFO GPL-0018] PlaceInstsArea: 13645587200
[INFO GPL-0019] Util(%): 17.51
[INFO GPL-0020] StdInstsArea: 13645587200
[INFO GPL-0021] MacroInstsArea: 0
[INFO GPL-0031] FillerInit: NumGCells: 1307
[INFO GPL-0032] FillerInit: NumGNets: 957
[INFO GPL-0033] FillerInit: NumGPins: 3762
[INFO GPL-0023] TargetDensity: 0.29
[INFO GPL-0024] AveragePlaceInstArea: 17382913
[INFO GPL-0025] IdealBinArea: 60332824
[INFO GPL-0026] IdealBinCnt: 1328
[INFO GPL-0027] TotalBinArea: 80146867200
[INFO GPL-0028] BinCnt: 32 32
[INFO GPL-0029] BinSize: 9028 8670
[INFO GPL-0030] NumBins: 1024
[NesterovSolve] Iter: 1 overflow: 0.993269 HPWL: 4867968
[NesterovSolve] Iter: 10 overflow: 0.986826 HPWL: 4182179
[NesterovSolve] Iter: 20 overflow: 0.986826 HPWL: 4161041
[NesterovSolve] Iter: 30 overflow: 0.986674 HPWL: 4144185
[NesterovSolve] Iter: 40 overflow: 0.986409 HPWL: 4134990
[NesterovSolve] Iter: 50 overflow: 0.986249 HPWL: 4130960
[NesterovSolve] Iter: 60 overflow: 0.986201 HPWL: 4130121
[NesterovSolve] Iter: 70 overflow: 0.986078 HPWL: 4131342
[NesterovSolve] Iter: 80 overflow: 0.98588 HPWL: 4134601
[NesterovSolve] Iter: 90 overflow: 0.985357 HPWL: 4141916
[NesterovSolve] Iter: 100 overflow: 0.98397 HPWL: 4155144
[NesterovSolve] Iter: 110 overflow: 0.982557 HPWL: 4179767
[NesterovSolve] Iter: 120 overflow: 0.980175 HPWL: 4236177
[NesterovSolve] Iter: 130 overflow: 0.976926 HPWL: 4351147
[NesterovSolve] Iter: 140 overflow: 0.972521 HPWL: 4543265
[NesterovSolve] Iter: 150 overflow: 0.966579 HPWL: 4834329
[NesterovSolve] Iter: 160 overflow: 0.955358 HPWL: 5247330
[NesterovSolve] Iter: 170 overflow: 0.928078 HPWL: 6016907
[NesterovSolve] Iter: 180 overflow: 0.881887 HPWL: 7156705
[NesterovSolve] Iter: 190 overflow: 0.841942 HPWL: 8123846
[NesterovSolve] Iter: 200 overflow: 0.800635 HPWL: 8840230
[NesterovSolve] Iter: 210 overflow: 0.753877 HPWL: 9637108
[NesterovSolve] Iter: 220 overflow: 0.720624 HPWL: 10356599
[NesterovSolve] Iter: 230 overflow: 0.698861 HPWL: 10924525
[NesterovSolve] Iter: 240 overflow: 0.662417 HPWL: 11772969
[NesterovSolve] Iter: 250 overflow: 0.619908 HPWL: 12683207
[NesterovSolve] Iter: 260 overflow: 0.603335 HPWL: 13246541
[NesterovSolve] Iter: 270 overflow: 0.572632 HPWL: 14157156
[NesterovSolve] Iter: 280 overflow: 0.546275 HPWL: 14877611
[NesterovSolve] Iter: 290 overflow: 0.518589 HPWL: 15567515
[NesterovSolve] Iter: 300 overflow: 0.484751 HPWL: 16283924
[NesterovSolve] Iter: 310 overflow: 0.449872 HPWL: 16977666
[NesterovSolve] Iter: 320 overflow: 0.414065 HPWL: 17731604
[NesterovSolve] Iter: 330 overflow: 0.373388 HPWL: 18405294
[NesterovSolve] Iter: 340 overflow: 0.336553 HPWL: 19057444
[NesterovSolve] Iter: 350 overflow: 0.305738 HPWL: 19633239
[NesterovSolve] Iter: 360 overflow: 0.270102 HPWL: 20187874
[NesterovSolve] Iter: 370 overflow: 0.234071 HPWL: 20739578
[NesterovSolve] Iter: 380 overflow: 0.197503 HPWL: 21303724
[NesterovSolve] Iter: 390 overflow: 0.162919 HPWL: 21816939
[NesterovSolve] Iter: 400 overflow: 0.131282 HPWL: 22352997
[NesterovSolve] Iter: 410 overflow: 0.108736 HPWL: 22812660
[NesterovSolve] Finished with Overflow: 0.097249
[INFO] Setting RC values…
Setting global connections for newly added cells…
[INFO] Setting global connections...
Writing OpenROAD database to '/Users/junpeng/openlane2/netlist_mid_anb_min/src/netlist_0/runs/physical_design/15-openroad-globalplacementskipio/netlist_0.odb'…
Writing netlist to '/Users/junpeng/openlane2/netlist_mid_anb_min/src/netlist_0/runs/physical_design/15-openroad-globalplacementskipio/netlist_0.nl.v'…
Writing powered netlist to '/Users/junpeng/openlane2/netlist_mid_anb_min/src/netlist_0/runs/physical_design/15-openroad-globalplacementskipio/netlist_0.pnl.v'…
Writing layout to '/Users/junpeng/openlane2/netlist_mid_anb_min/src/netlist_0/runs/physical_design/15-openroad-globalplacementskipio/netlist_0.def'…
Writing timing constraints to '/Users/junpeng/openlane2/netlist_mid_anb_min/src/netlist_0/runs/physical_design/15-openroad-globalplacementskipio/netlist_0.sdc'…
