
===========================================================================
Violator List
============================================================================
[hold in-reg] clk -> c124/SET_B : -11.578176
[hold in-reg] clk -> c125/RESET_B : -10.507746
[hold in-reg] clk -> c236/SET_B : -9.186160
[hold reg-reg] s825/Q -> c363/RESET_B : -8.190557
[hold in-reg] clk -> c125/SET_B : -8.004830
[hold in-reg] clk -> c236/RESET_B : -7.995642
[hold reg-reg] c121/Q_N -> c123/RESET_B : -7.453169
[hold in-reg] clk -> c121/RESET_B : -5.661403
[hold in-reg] clk -> c121/SET_B : -1.806876
[hold in-reg] clk -> c124/RESET_B : -0.824711
[hold reg-reg] merge767/Q -> c106/RESET_B : -0.244225
[setup reg-out] c366/Q -> out49 : -16.069420
[setup reg-reg] c97/Q -> c124/RESET_B : -15.934204
[setup reg-out] c97/Q -> out51 : -15.877113
[setup reg-reg] c97/Q -> c125/SET_B : -14.863774
[setup reg-out] c366/Q -> out50 : -14.766763
[setup reg-reg] merge767/Q -> c236/SCD : -14.716710
[setup reg-reg] c97/Q -> s808/D : -14.235861
[setup in-reg] in46 -> s807/D : -14.235519
[setup reg-reg] s852/Q -> s865/D : -13.886913
[setup reg-reg] s852/Q -> s861/GATE : -13.879570
[setup in-reg] in46 -> s871/D : -13.869981
[setup reg-reg] s852/Q -> s864/D : -13.827052
[setup reg-reg] s852/Q -> s862/GATE : -13.812346
[setup reg-reg] s871/Q -> c387/D : -13.793768
[setup reg-reg] c97/Q -> s829/GATE : -13.769047
[setup reg-reg] merge767/Q -> s802/D : -13.761598
[setup reg-out] s867/Q -> out19 : -13.757943
[setup reg-reg] c97/Q -> merge766/SCD : -13.668743
[setup reg-reg] c97/Q -> c365/SCD : -13.640150
[setup reg-reg] s871/Q -> s870/D : -13.619818
[setup reg-reg] c97/Q -> c236/RESET_B : -13.542185
[setup reg-reg] merge767/Q -> s866/D : -13.430919
[setup reg-reg] s871/Q -> s838/D : -13.392446
[setup reg-reg] c97/Q -> c368/D : -13.334679
[setup reg-reg] s852/Q -> s863/GATE : -13.161725
[setup reg-out] c366/Q -> out44 : -13.069947
[setup reg-reg] merge767/Q -> c121/SCD : -12.918945
[setup reg-reg] merge767/Q -> c123/SCD : -12.918581
[setup reg-reg] s852/Q -> c754/SCE : -12.890165
[setup in-reg] in46 -> c77/SCE : -12.807956
[setup reg-reg] s871/Q -> s839/D : -12.805283
[setup reg-reg] c97/Q -> s801/D : -12.765224
[setup reg-reg] c97/Q -> s811/D : -12.694503
[setup reg-reg] c97/Q -> s813/GATE : -12.615655
[setup reg-reg] c97/Q -> s800/D : -12.583623
[setup reg-reg] merge778/Q -> s831/GATE : -12.513207
[setup in-reg] in46 -> c76/SCD : -12.492501
[setup reg-reg] c97/Q -> s799/GATE : -12.428755
[setup reg-reg] c97/Q -> s814/GATE : -12.418052
[setup in-reg] in46 -> c83/SCD : -12.416005
[setup in-reg] in46 -> merge778/RESET_B : -12.415040
[setup reg-reg] c97/Q -> c236/SET_B : -12.360895
[setup reg-reg] c97/Q -> c125/RESET_B : -12.360856
[setup reg-reg] c97/Q -> s816/D : -12.357706
[setup in-reg] in46 -> c83/D : -12.346729
[setup reg-reg] c97/Q -> s815/GATE : -12.312588
[setup reg-reg] c97/Q -> s809/D : -12.294212
[setup reg-reg] s836/Q -> merge766/D : -12.230747
[setup reg-reg] merge767/Q -> c121/SCE : -12.225334
[setup reg-reg] merge767/Q -> c123/D : -12.225050
[setup in-reg] in46 -> c202/SET_B : -12.206715
[setup reg-reg] s852/Q -> c752/SCE : -12.137227
[setup reg-reg] c97/Q -> c239/SCE : -12.136968
[setup reg-reg] s817/Q -> s833/D : -12.085450
[setup reg-reg] s871/Q -> c363/SCE : -12.079741
[setup reg-reg] s817/Q -> s832/D : -12.033063
[setup reg-out] c366/Q -> out30 : -12.016768
[setup reg-reg] s871/Q -> c366/D : -11.981941
[setup reg-reg] s852/Q -> c751/SCE : -11.901170
[setup in-reg] in46 -> c97/SCD : -11.864052
[setup in-reg] in46 -> c102/RESET_B : -11.802534
[setup reg-reg] s871/Q -> merge772/D : -11.799122
[setup reg-reg] s836/Q -> s844/D : -11.786602
[setup reg-reg] s871/Q -> c479/RESET_B : -11.778324
[setup reg-reg] c97/Q -> s812/D : -11.758018
[setup in-reg] in46 -> c77/D : -11.723790
[setup reg-reg] s871/Q -> c479/SCD : -11.706455
[setup reg-out] s851/Q -> out7 : -11.700037
[setup reg-reg] c97/Q -> c251/SCD : -11.692689
[setup reg-reg] c97/Q -> s810/D : -11.599947
[setup reg-reg] merge767/Q -> c125/SET_B : -11.564048
[setup reg-reg] merge778/Q -> s874/D : -11.521799
[setup reg-reg] s852/Q -> c754/SCD : -11.404014
[setup reg-reg] s871/Q -> c471/D : -11.372367
[setup reg-reg] s871/Q -> c471/SCD : -11.361583
[setup in-reg] in46 -> merge778/SCE : -11.357216
[setup reg-reg] s871/Q -> c343/D : -11.355089
[setup reg-reg] s852/Q -> c751/SCD : -11.315775
[setup reg-reg] s817/Q -> c417/RESET_B : -11.301083
[setup reg-reg] s852/Q -> c752/D : -11.281831
[setup reg-reg] merge767/Q -> merge771/RESET_B : -11.267110
[setup reg-reg] s817/Q -> s841/D : -11.257861
[setup reg-reg] s817/Q -> s843/D : -11.249216
[setup reg-reg] s871/Q -> merge771/SCD : -11.196029
[setup reg-reg] c97/Q -> c124/SCE : -11.074018
[setup reg-reg] s817/Q -> s842/D : -11.047444
[setup reg-reg] s871/Q -> c343/SCE : -11.019967
[setup reg-reg] s852/Q -> c752/SCD : -10.977891
[setup reg-reg] s817/Q -> s856/D : -10.873985
[setup in-reg] in46 -> merge778/SET_B : -10.873236
[setup reg-reg] s871/Q -> c363/SET_B : -10.867256
[setup reg-reg] merge767/Q -> c125/RESET_B : -10.844199
[setup in-reg] in42 -> s806/D : -10.841851
[setup reg-reg] merge778/Q -> s830/GATE : -10.735286
[setup reg-reg] s817/Q -> s857/D : -10.727680
[setup reg-reg] s851/Q -> s852/D : -10.689526
[setup reg-reg] s852/Q -> c751/D : -10.684876
[setup reg-reg] merge778/Q -> s840/D : -10.676208
[setup reg-reg] s871/Q -> merge772/SCD : -10.597414
[setup in-reg] in46 -> c97/RESET_B : -10.579960
[setup in-reg] in46 -> c77/SCD : -10.532507
[setup reg-reg] c97/Q -> c124/RESET_B : -10.524122
[setup reg-reg] c97/Q -> c122/D : -10.494664
[setup in-reg] in25 -> s818/D : -10.472924
[setup in-reg] in46 -> c76/SCE : -10.469475
[setup reg-reg] s871/Q -> c479/SET_B : -10.467007
[setup reg-reg] s817/Q -> c417/D : -10.414415
[setup reg-reg] s817/Q -> s836/D : -10.382554
[setup reg-reg] s817/Q -> s859/D : -10.382073
[setup in-reg] in46 -> c76/RESET_B : -10.366054
[setup in-reg] in46 -> c83/RESET_B : -10.276413
[setup reg-reg] s817/Q -> s860/D : -10.239546
[setup reg-reg] s817/Q -> s858/D : -10.204041
[setup reg-reg] s871/Q -> merge771/SCE : -10.201576
[setup reg-reg] s871/Q -> c343/SCD : -10.162473
[setup reg-reg] s817/Q -> s869/D : -10.162222
[setup reg-reg] c97/Q -> c251/SCE : -10.125887
[setup reg-reg] merge778/Q -> merge776/SCD : -10.078294
[setup in-reg] in25 -> s834/D : -10.050627
[setup reg-reg] merge778/Q -> s827/D : -10.030906
[setup reg-reg] merge778/Q -> c480/SET_B : -10.029545
[setup reg-reg] c97/Q -> c121/SET_B : -10.017430
[setup reg-reg] s871/Q -> c363/SCD : -10.011853
[setup reg-reg] c97/Q -> c122/RESET_B : -10.010214
[setup reg-reg] merge778/Q -> c361/SCD : -9.982838
[setup reg-reg] s836/Q -> s849/D : -9.927737
[setup reg-reg] c97/Q -> c251/D : -9.920292
[setup reg-reg] s836/Q -> s851/D : -9.910704
[setup reg-reg] s871/Q -> c366/RESET_B : -9.868196
[setup reg-reg] s871/Q -> c343/RESET_B : -9.847550
[setup reg-reg] c97/Q -> c239/SCD : -9.776017
[setup reg-reg] s836/Q -> s847/GATE : -9.773443
[setup reg-reg] merge767/Q -> c121/D : -9.759431
[setup reg-reg] s851/Q -> merge776/D : -9.749862
[setup reg-reg] s836/Q -> s846/GATE : -9.742001
[setup reg-reg] s836/Q -> s845/GATE : -9.730350
[setup reg-reg] s836/Q -> s848/D : -9.670880
[setup reg-out] c366/Q -> out45 : -9.664510
[setup reg-reg] merge778/Q -> c363/RESET_B : -9.654656
[setup reg-reg] s817/Q -> merge781/DE : -9.628658
[setup reg-reg] s817/Q -> s873/D : -9.627424
[setup reg-reg] merge778/Q -> c358/DE : -9.623672
[setup reg-reg] s817/Q -> merge780/D : -9.603988
[setup reg-reg] merge778/Q -> s828/D : -9.572315
[setup reg-reg] merge778/Q -> c348/D : -9.560053
[setup in-reg] in46 -> s872/D : -9.544505
[setup reg-reg] s817/Q -> merge782/DE : -9.533524
[setup reg-reg] merge778/Q -> s826/D : -9.520621
[setup reg-reg] s871/Q -> merge771/D : -9.495157
[setup reg-reg] s871/Q -> c366/SET_B : -9.485942
[setup reg-reg] s871/Q -> merge772/SET_B : -9.419736
[setup reg-reg] s817/Q -> s835/D : -9.413661
[setup reg-reg] c729/Q_N -> c755/D : -9.413412
[setup reg-reg] s817/Q -> merge763/D : -9.407329
[setup reg-reg] s817/Q -> merge782/SCD : -9.399878
[setup reg-reg] s851/Q -> c729/D : -9.385292
[setup reg-reg] s851/Q -> c754/D : -9.377298
[setup reg-reg] merge767/Q -> c236/RESET_B : -9.376441
[setup reg-reg] merge767/Q -> c123/SET_B : -9.356909
[setup reg-reg] s817/Q -> merge781/SCD : -9.294791
[setup reg-reg] s817/Q -> merge781/D : -9.275535
[setup reg-reg] s817/Q -> c671/SCD : -9.262255
[setup reg-reg] s871/Q -> c471/RESET_B : -9.261023
[setup reg-reg] merge778/Q -> c345/SCD : -9.200218
[setup reg-reg] merge767/Q -> c236/SET_B : -9.199559
[setup reg-reg] merge778/Q -> c358/D : -9.183900
[setup in-reg] in46 -> s792/D : -9.101920
[setup reg-reg] merge778/Q -> c361/DE : -9.095436
[setup reg-reg] s817/Q -> c671/D : -9.069944
[setup reg-reg] s836/Q -> s837/D : -9.040939
[setup reg-reg] merge778/Q -> merge766/SET_B : -8.990602
[setup in-reg] in46 -> s794/D : -8.958783
[setup in-reg] in42 -> merge783/SCE : -8.950980
[setup in-reg] in46 -> s793/D : -8.932485
[setup reg-reg] s868/Q -> s804/D : -8.863050
[setup in-reg] in42 -> c192/D : -8.860399
[setup in-reg] in46 -> s795/D : -8.845865
[setup reg-reg] s868/Q -> s805/D : -8.830092
[setup reg-reg] s817/Q -> c674/RESET_B : -8.793326
[setup reg-reg] s817/Q -> merge763/RESET_B : -8.792928
[setup reg-reg] merge778/Q -> c480/SCD : -8.782887
[setup reg-reg] s817/Q -> c417/SCD : -8.759787
[setup reg-reg] merge778/Q -> c365/RESET_B : -8.721776
[setup reg-reg] c281/Q_N -> s855/D : -8.721184
[setup reg-reg] merge778/Q -> c345/SCE : -8.680935
[setup in-reg] in46 -> s796/D : -8.634286
[setup reg-out] c366/Q -> out26 : -8.624448
[setup in-reg] in46 -> s797/GATE : -8.559743
[setup in-reg] in46 -> s798/GATE : -8.541650
[setup reg-reg] merge778/Q -> c345/SET_B : -8.496548
[setup in-reg] in46 -> c211/D : -8.435184
[setup in-reg] in46 -> merge767/D : -8.431688
[setup in-reg] in46 -> merge773/SCE : -8.428150
[setup reg-reg] merge763/Q -> c715/SCE : -8.419626
[setup in-reg] in42 -> c192/SCD : -8.416653
[setup reg-reg] merge763/Q -> merge765/D : -8.399090
[setup reg-reg] merge778/Q -> c348/SCE : -8.383460
[setup in-reg] in46 -> c81/SCE : -8.375246
[setup reg-reg] merge767/Q -> c236/D : -8.365783
[setup reg-reg] s817/Q -> merge763/SCD : -8.317942
[setup reg-reg] s836/Q -> merge780/SET_B : -8.317434
[setup reg-reg] c97/Q -> c122/SCE : -8.295565
[setup in-reg] in46 -> c82/SCE : -8.228041
[setup reg-reg] merge778/Q -> c345/D : -8.196217
[setup reg-reg] c281/Q_N -> s854/D : -8.166829
[setup reg-reg] merge778/Q -> c365/D : -8.100000
[setup in-reg] in46 -> c106/D : -8.092522
[setup reg-reg] merge778/Q -> c358/SCD : -8.083592
[setup reg-reg] c729/Q_N -> c755/SET_B : -7.902433
[setup reg-reg] s868/Q -> c194/D : -7.892087
[setup reg-reg] s817/Q -> merge782/SCE : -7.880962
[setup in-reg] in46 -> c82/SCD : -7.870952
[setup in-reg] in25 -> s823/D : -7.852603
[setup reg-reg] c729/Q_N -> c755/SCD : -7.850165
[setup reg-reg] merge763/Q -> merge765/SCD : -7.806828
[setup in-reg] in46 -> c99/SCD : -7.805120
[setup in-reg] in46 -> c98/SCD : -7.804934
[setup reg-reg] c97/Q -> c239/SET_B : -7.795704
[setup reg-reg] merge778/Q -> c361/SCE : -7.781440
[setup in-reg] in46 -> merge773/SCD : -7.736130
[setup reg-out] s870/Q -> out12 : -7.705986
[setup reg-reg] s817/Q -> merge782/D : -7.703205
[setup in-reg] in20 -> s868/D : -7.685989
[setup in-reg] in46 -> merge773/D : -7.627820
[setup reg-out] s867/Q -> out5 : -7.583671
[setup in-reg] in46 -> c78/SCE : -7.578499
[setup in-reg] in42 -> merge783/SCD : -7.554284
[setup in-reg] in20 -> c279/SET_B : -7.545105
[setup reg-reg] merge767/Q -> c123/SCE : -7.524904
[setup in-reg] in25 -> s822/D : -7.513783
[setup reg-reg] s871/Q -> c363/RESET_B : -7.488510
[setup reg-out] c366/Q -> out46 : -7.376527
[setup reg-reg] merge778/Q -> c348/SCD : -7.372791
[setup reg-out] s867/Q -> out21 : -7.317641
[setup in-reg] in20 -> s817/D : -7.289213
[setup reg-reg] c281/Q_N -> c678/SCE : -7.265711
[setup in-reg] in46 -> c77/SET_B : -7.256281
[setup reg-reg] s817/Q -> c674/SCE : -7.163469
[setup reg-reg] c729/Q_N -> c755/RESET_B : -7.051490
[setup in-reg] in20 -> c275/D : -7.017212
[setup reg-reg] c281/Q_N -> c670/D : -7.000129
[setup reg-reg] s817/Q -> merge763/SET_B : -6.994531
[setup in-reg] in25 -> c322/D : -6.989081
[setup reg-reg] s817/Q -> c417/SCE : -6.973014
[setup reg-reg] s870/Q -> s867/D : -6.915393
[setup reg-reg] merge767/Q -> c236/SCE : -6.865374
[setup reg-reg] s868/Q -> s803/D : -6.832497
[setup reg-reg] c97/Q -> c251/SET_B : -6.804798
[setup reg-reg] s868/Q -> c191/D : -6.734669
[setup reg-reg] s843/Q -> s850/D : -6.604710
[setup reg-reg] s871/Q -> c471/SET_B : -6.570447
[setup reg-reg] c281/Q_N -> c540/SET_B : -6.518959
[setup reg-reg] c281/Q_N -> c540/RESET_B : -6.510319
[setup in-reg] in42 -> merge783/RESET_B : -6.483406
[setup reg-reg] s868/Q -> merge786/SCE : -6.451422
[setup in-reg] in46 -> c78/RESET_B : -6.418520
[setup in-reg] in25 -> s821/D : -6.393929
[setup reg-reg] s870/Q -> s853/D : -6.373412
[setup reg-reg] c97/Q -> c121/RESET_B : -6.371026
[setup in-reg] in25 -> s819/D : -6.350359
[setup in-reg] in25 -> s820/D : -6.341423
[setup reg-reg] c281/Q_N -> c670/RESET_B : -6.334478
[setup reg-reg] s817/Q -> c671/RESET_B : -6.277359
[setup reg-reg] c281/Q_N -> c538/SET_B : -6.264107
[setup in-reg] in46 -> c81/RESET_B : -6.258160
[setup reg-reg] c97/Q -> c122/SCD : -6.256474
[setup in-reg] in46 -> c78/D : -6.238085
[setup reg-out] s867/Q -> out18 : -6.186413
[setup reg-reg] s868/Q -> merge786/SET_B : -6.153637
[setup in-reg] in20 -> c281/D : -6.152600
[setup in-reg] in46 -> c81/SCD : -6.147185
[setup in-reg] in42 -> merge783/SET_B : -6.127323
[setup in-reg] in20 -> c278/DE : -6.106770
[setup reg-reg] s868/Q -> merge786/SCD : -6.091265
[setup reg-reg] s871/Q -> merge772/RESET_B : -6.066967
[setup reg-reg] s870/Q -> merge777/D : -6.036409
[setup reg-reg] c281/Q_N -> c538/RESET_B : -5.999956
[setup reg-reg] s871/Q -> c343/SET_B : -5.872314
[setup reg-reg] merge778/Q -> c480/RESET_B : -5.856281
[setup reg-reg] c281/Q_N -> c540/SCE : -5.788463
[setup reg-reg] merge763/Q -> c707/RESET_B : -5.767906
[setup in-reg] in20 -> c278/D : -5.692465
[setup reg-reg] s870/Q -> c628/D : -5.688907
[setup in-reg] in20 -> c281/SCE : -5.440564
[setup reg-reg] merge767/Q -> c125/D : -5.415720
[setup in-reg] in20 -> c275/SCE : -5.396144
[setup reg-out] c366/Q -> out33 : -5.376337
[setup reg-reg] c97/Q -> c124/SET_B : -5.302290
[setup reg-reg] s868/Q -> c191/SCD : -5.270169
[setup reg-reg] c281/Q_N -> c540/SCD : -5.166622
[setup reg-reg] s867/Q -> merge777/SCE : -5.058255
[setup reg-reg] merge767/Q -> c121/SET_B : -5.003833
[setup in-reg] in25 -> c322/SET_B : -4.953235
[setup in-reg] in25 -> s825/D : -4.674428
[setup reg-reg] c281/Q_N -> c678/SCD : -4.668195
[setup reg-reg] s870/Q -> c387/SCE : -4.578980
[setup reg-reg] c281/Q_N -> c670/SET_B : -4.574649
[setup reg-reg] s867/Q -> merge777/SET_B : -4.571763
[setup in-reg] in25 -> c322/SCE : -4.569992
[setup reg-reg] s836/Q -> c715/D : -4.534254
[setup reg-reg] c97/Q -> c239/D : -4.520688
[setup reg-reg] merge778/Q -> c345/RESET_B : -4.444911
[setup reg-reg] s869/Q -> c275/SCD : -4.279127
[setup reg-reg] s870/Q -> c387/RESET_B : -4.151854
[setup reg-out] c366/Q -> out47 : -4.097221
[setup reg-reg] s867/Q -> c628/SCE : -3.959304
[setup in-reg] in25 -> c322/RESET_B : -3.716357
[setup reg-reg] s817/Q -> c417/SET_B : -3.655870
[setup in-reg] in42 -> merge783/D : -3.650720
[setup reg-out] s852/Q -> out3 : -3.586161
[setup in-reg] in25 -> s824/D : -3.569904
[setup reg-reg] s870/Q -> c387/SCD : -3.431400
[setup reg-reg] s869/Q -> c278/SCD : -3.352778
[setup reg-reg] merge767/Q -> c121/RESET_B : -3.105313
[setup reg-reg] s836/Q -> merge780/SCE : -3.045837
[setup reg-reg] s868/Q -> c191/SET_B : -3.020876
[setup reg-reg] s867/Q -> c628/SCD : -3.019415
[setup in-reg] in46 -> merge773/SET_B : -2.928913
[setup in-reg] in46 -> c82/RESET_B : -2.789259
[setup reg-out] s870/Q -> out41 : -2.598253
[setup in-reg] in20 -> c275/SET_B : -2.573328
[setup in-reg] in25 -> c321/SCD : -2.494217
[setup reg-reg] s806/Q -> c322/SCD : -2.162214
[setup reg-reg] s867/Q -> merge777/SCD : -2.111411
[setup reg-reg] c97/Q -> c124/SET_B : -1.744072
[setup reg-reg] s871/Q -> merge778/D : -1.614997
[setup in-reg] in25 -> c321/D : -1.607932
[setup reg-reg] s803/Q -> c194/SCD : -1.346351
[setup reg-reg] s871/Q -> c83/SCE : -1.332941
[setup reg-reg] s871/Q -> c202/D : -1.171805
[setup reg-reg] s868/Q -> c278/SCE : -1.147479
[setup reg-reg] s867/Q -> c628/RESET_B : -0.999013
[setup reg-out] s870/Q -> out35 : -0.817941
[setup in-reg] in25 -> c321/SCE : -0.584428
[setup reg-reg] merge778/Q -> c211/RESET_B : -0.575678
[setup reg-reg] c121/Q_N -> c123/RESET_B : -0.569820
[setup reg-reg] merge778/Q -> c211/SCE : -0.539588
[setup reg-reg] s867/Q -> merge777/RESET_B : -0.532506
[setup reg-reg] s854/Q -> c678/SET_B : -0.403651
[setup reg-reg] merge767/Q -> c106/RESET_B : -0.365288
[setup reg-reg] s852/Q -> merge776/SET_B : -0.280125
[setup reg-reg] merge778/Q -> c211/SCD : -0.234030
[setup reg-out] c387/Q -> out48 : -0.180583
[setup reg-reg] s803/Q -> c194/SET_B : -0.157341
[setup reg-reg] s806/Q -> c321/SET_B : -0.001892
