
===========================================================================
Violator List
============================================================================
[hold reg-reg] c716/Q -> c733/SET_B : -1.447893
[hold reg-reg] s948/Q -> c324/SET_B : -0.995371
[hold in-reg] clk -> c597/SET_B : -0.828605
[hold reg-reg] s947/Q -> c483/RESET_B : -0.802614
[hold reg-reg] c706/Q -> c709/RESET_B : -0.674157
[hold reg-reg] s990/Q_N -> c488/SET_B : -0.527432
[hold in-reg] clk -> c546/RESET_B : -0.418312
[hold reg-reg] merge915/Q -> c607/SET_B : -0.249889
[hold reg-reg] c484/Q -> c489/RESET_B : -0.157756
[hold in-reg] clk -> c546/SET_B : -0.115520
[hold reg-reg] s947/Q -> c365/RESET_B : -0.074004
[hold reg-reg] merge899/Q -> c597/RESET_B : -0.019127
[hold reg-reg] c716/Q -> c733/SET_B : -0.002785
[hold reg-reg] s984/Q -> merge912/RESET_B : -0.002518
[setup reg-reg] merge851/Q_N -> c494/RESET_B : -8.342591
[setup reg-reg] merge891/Q -> c597/RESET_B : -8.314892
[setup reg-reg] merge854/Q -> c488/SET_B : -8.136900
[setup reg-reg] s940/Q -> c355/RESET_B : -8.086256
[setup reg-reg] s945/Q -> c670/SET_B : -6.963333
[setup reg-reg] merge897/Q -> c372/SET_B : -4.210964
[setup reg-reg] s947/Q -> c365/RESET_B : -4.104688
[setup reg-reg] merge877/Q -> c483/RESET_B : -4.090869
[setup reg-reg] merge910/Q -> c479/RESET_B : -3.983188
[setup reg-out] merge851/Q_N -> out39 : -3.873909
[setup reg-out] merge851/Q_N -> out0 : -3.848300
[setup reg-out] s941/Q -> out37 : -3.808708
[setup reg-out] s941/Q -> out23 : -3.797689
[setup reg-out] merge891/Q -> out29 : -3.791889
[setup reg-out] s941/Q -> out16 : -3.779944
[setup reg-reg] c488/Q_N -> c492/SET_B : -3.705165
[setup reg-reg] merge891/Q -> merge907/SCE : -3.511906
[setup reg-out] merge854/Q -> out21 : -3.499857
[setup reg-reg] merge891/Q -> merge925/RESET_B : -3.457200
[setup reg-reg] merge891/Q -> merge931/GATE : -3.387669
[setup reg-reg] merge891/Q -> merge835/D : -3.262404
[setup reg-reg] merge891/Q -> s983/D : -3.128910
[setup reg-reg] merge891/Q -> merge924/RESET_B : -3.112643
[setup reg-out] merge891/Q -> out11 : -3.070101
[setup reg-out] merge854/Q -> out6 : -3.039954
[setup reg-out] merge894/Q -> out44 : -3.011205
[setup reg-reg] merge891/Q -> merge865/GATE : -2.941421
[setup reg-out] s944/Q -> out17 : -2.903455
[setup reg-reg] merge891/Q -> merge930/DE : -2.903002
[setup reg-reg] s958/Q_N -> c594/SCE : -2.870155
[setup reg-reg] merge891/Q -> merge831/D : -2.851887
[setup reg-reg] merge851/Q_N -> merge863/D : -2.826149
[setup reg-reg] merge891/Q -> merge914/SET_B : -2.809216
[setup reg-reg] merge856/Q -> s970/GATE : -2.783859
[setup reg-reg] s958/Q_N -> merge922/RESET_B : -2.756623
[setup reg-reg] merge850/Q -> s984/D : -2.747814
[setup reg-reg] merge891/Q -> s981/D : -2.728164
[setup reg-reg] s958/Q_N -> merge862/D : -2.661667
[setup reg-reg] s958/Q_N -> merge858/D : -2.653774
[setup reg-reg] merge851/Q_N -> merge890/D : -2.642416
[setup reg-reg] merge891/Q -> s969/GATE : -2.615701
[setup reg-reg] merge926/Q -> s963/D : -2.575080
[setup reg-reg] merge926/Q -> s979/D : -2.560841
[setup reg-reg] merge926/Q -> merge927/D : -2.550339
[setup reg-out] merge924/Q -> out15 : -2.495956
[setup reg-reg] merge926/Q -> merge927/RESET_B : -2.495856
[setup reg-out] s957/Q -> out8 : -2.491808
[setup reg-reg] merge926/Q -> merge898/RESET_B : -2.460338
[setup reg-reg] merge854/Q -> merge924/D : -2.457424
[setup reg-out] merge920/Q_N -> out46 : -2.432196
[setup reg-reg] merge898/Q -> s974/D : -2.429798
[setup reg-reg] merge926/Q -> s978/D : -2.426557
[setup reg-out] merge920/Q -> out43 : -2.414954
[setup reg-out] s943/Q -> out32 : -2.413326
[setup reg-reg] s941/Q -> s953/GATE : -2.388959
[setup reg-reg] merge919/Q_N -> merge931/SCE : -2.380611
[setup reg-reg] merge851/Q_N -> s941/D : -2.372089
[setup reg-reg] merge851/Q_N -> merge894/D : -2.344981
[setup reg-out] merge890/Q -> out36 : -2.340243
[setup reg-reg] merge851/Q_N -> c250/SCE : -2.338300
[setup reg-reg] merge919/Q_N -> merge878/D : -2.323411
[setup reg-reg] s945/Q -> merge929/DE : -2.312818
[setup reg-reg] merge891/Q -> merge871/SCE : -2.302752
[setup reg-reg] merge854/Q -> merge864/D : -2.272549
[setup reg-reg] merge891/Q -> merge838/D : -2.266326
[setup reg-reg] merge926/Q -> merge857/D : -2.221997
[setup reg-reg] merge851/Q_N -> merge908/D : -2.202058
[setup reg-reg] merge854/Q -> merge856/D : -2.200432
[setup reg-reg] merge891/Q -> merge909/D : -2.193451
[setup reg-reg] merge854/Q -> s954/GATE : -2.190230
[setup reg-reg] merge854/Q -> merge915/D : -2.185735
[setup reg-reg] merge898/Q -> merge910/D : -2.184063
[setup reg-reg] merge926/Q -> merge928/D : -2.165859
[setup reg-reg] merge854/Q -> s985/GATE : -2.159513
[setup reg-reg] s990/Q_N -> merge928/RESET_B : -2.157236
[setup reg-reg] s946/Q -> merge892/D : -2.153762
[setup reg-reg] merge891/Q -> s957/D : -2.147146
[setup reg-reg] merge856/Q -> s980/D : -2.122419
[setup reg-reg] merge926/Q -> merge897/RESET_B : -2.121382
[setup reg-reg] merge854/Q -> merge912/D : -2.112306
[setup reg-reg] merge856/Q -> s971/GATE : -2.108043
[setup reg-reg] s946/Q -> s962/D : -2.073465
[setup reg-reg] merge854/Q -> s960/D : -2.063675
[setup reg-reg] merge856/Q -> merge919/D : -2.045778
[setup reg-reg] merge854/Q -> s967/D : -2.044134
[setup reg-reg] merge891/Q -> merge901/DE : -2.043406
[setup reg-reg] merge854/Q -> s989/D : -2.038266
[setup reg-reg] merge919/Q_N -> merge896/D : -2.037304
[setup reg-reg] merge851/Q_N -> s932/D : -2.036955
[setup reg-reg] merge851/Q_N -> merge903/D : -2.019112
[setup reg-reg] merge851/Q_N -> merge914/D : -2.006055
[setup reg-reg] merge926/Q -> s942/D : -1.986027
[setup reg-reg] merge856/Q -> s966/D : -1.980977
[setup reg-reg] merge851/Q_N -> merge851/D : -1.965924
[setup reg-reg] s945/Q -> s965/D : -1.959744
[setup reg-reg] merge891/Q -> merge891/RESET_B : -1.958485
[setup reg-reg] s946/Q -> merge921/D : -1.951250
[setup reg-reg] s945/Q -> s986/GATE : -1.943797
[setup reg-reg] s946/Q -> merge899/RESET_B : -1.943490
[setup reg-reg] merge919/Q_N -> merge907/GATE : -1.928580
[setup reg-reg] s989/Q -> merge930/D : -1.927728
[setup reg-reg] merge851/Q_N -> merge866/GATE : -1.926694
[setup reg-reg] merge854/Q -> merge889/D : -1.924107
[setup reg-reg] merge854/Q -> s988/D : -1.904837
[setup reg-reg] merge854/Q -> merge923/D : -1.897394
[setup reg-reg] merge851/Q_N -> s940/D : -1.892854
[setup reg-reg] merge851/Q_N -> merge903/DE : -1.889950
[setup reg-reg] merge851/Q_N -> c355/SCD : -1.885598
[setup reg-reg] merge851/Q_N -> merge855/RESET_B : -1.879772
[setup reg-reg] merge926/Q -> c670/RESET_B : -1.873386
[setup reg-reg] merge851/Q_N -> merge855/D : -1.871622
[setup reg-reg] merge854/Q -> c414/SCD : -1.868608
[setup reg-reg] merge919/Q_N -> merge896/RESET_B : -1.867396
[setup reg-reg] merge854/Q -> merge845/D : -1.862472
[setup reg-reg] merge891/Q -> merge916/SET_B : -1.861253
[setup reg-reg] merge851/Q_N -> merge882/SET_B : -1.860582
[setup reg-reg] s989/Q -> c706/DE : -1.854566
[setup reg-reg] merge851/Q_N -> merge895/D : -1.832437
[setup reg-reg] merge850/Q -> merge920/D : -1.828791
[setup reg-reg] merge926/Q -> c254/D : -1.818149
[setup reg-reg] s946/Q -> merge897/D : -1.803109
[setup reg-reg] merge919/Q_N -> merge886/D : -1.800279
[setup reg-reg] merge891/Q -> merge891/D : -1.779353
[setup reg-reg] merge926/Q -> s990/D : -1.777958
[setup reg-reg] merge850/Q -> merge866/SCE : -1.772351
[setup reg-reg] merge856/Q -> merge850/D : -1.763638
[setup reg-reg] merge851/Q_N -> merge894/RESET_B : -1.763254
[setup reg-reg] merge854/Q -> merge909/RESET_B : -1.738556
[setup reg-reg] merge854/Q -> s961/D : -1.735359
[setup reg-reg] merge851/Q_N -> merge863/DE : -1.734565
[setup reg-reg] merge856/Q -> s977/D : -1.733730
[setup reg-reg] merge891/Q -> merge889/SET_B : -1.716928
[setup reg-reg] merge851/Q_N -> c107/SCE : -1.710335
[setup reg-reg] s941/Q -> merge882/D : -1.709553
[setup reg-reg] merge851/Q_N -> merge915/SET_B : -1.708549
[setup reg-reg] merge854/Q -> s987/GATE : -1.669489
[setup reg-reg] merge898/Q -> c477/D : -1.666443
[setup reg-reg] merge856/Q -> merge913/D : -1.664660
[setup reg-reg] s945/Q -> c568/D : -1.660913
[setup reg-reg] merge919/Q_N -> s975/D : -1.651957
[setup reg-reg] merge924/Q -> merge901/D : -1.643170
[setup reg-reg] s945/Q -> merge767/SCE : -1.642341
[setup reg-reg] merge854/Q -> c441/SCE : -1.640208
[setup reg-reg] s990/Q_N -> c709/SCD : -1.624622
[setup reg-reg] merge926/Q -> c121/D : -1.622284
[setup reg-reg] merge926/Q -> c254/SCE : -1.614395
[setup reg-reg] merge856/Q -> s949/D : -1.605328
[setup reg-reg] s989/Q -> merge919/RESET_B : -1.603168
[setup reg-reg] s990/Q_N -> merge795/SCE : -1.603103
[setup reg-reg] merge924/Q -> merge904/GATE : -1.601577
[setup reg-reg] s946/Q -> s958/D : -1.587046
[setup reg-reg] s946/Q -> c607/RESET_B : -1.585441
[setup reg-reg] s990/Q_N -> merge922/D : -1.584155
[setup reg-reg] merge898/Q -> merge892/RESET_B : -1.582861
[setup reg-reg] merge851/Q_N -> merge917/SET_B : -1.579264
[setup reg-reg] merge891/Q -> c733/SCD : -1.570409
[setup reg-reg] merge851/Q_N -> merge911/D : -1.568291
[setup reg-reg] merge926/Q -> c258/D : -1.564333
[setup reg-reg] merge891/Q -> merge838/RESET_B : -1.552733
[setup reg-reg] merge851/Q_N -> merge895/RESET_B : -1.548999
[setup reg-reg] merge854/Q -> merge916/D : -1.510786
[setup reg-reg] merge922/Q -> c728/RESET_B : -1.508969
[setup reg-reg] s940/Q_N -> s950/D : -1.502971
[setup reg-reg] merge919/Q_N -> merge929/D : -1.498695
[setup reg-reg] merge854/Q -> merge913/RESET_B : -1.497268
[setup reg-reg] merge854/Q -> c562/D : -1.495844
[setup reg-reg] merge854/Q -> merge854/D : -1.481394
[setup reg-reg] merge854/Q -> merge845/SET_B : -1.476938
[setup reg-reg] merge850/Q -> merge920/RESET_B : -1.471370
[setup reg-reg] merge851/Q_N -> merge908/RESET_B : -1.465327
[setup reg-reg] merge850/Q -> merge847/D : -1.464466
[setup reg-reg] merge851/Q_N -> merge884/D : -1.463877
[setup reg-reg] s989/Q_N -> s982/D : -1.461934
[setup reg-reg] merge856/Q -> c710/DE : -1.459355
[setup reg-reg] merge926/Q -> c121/SCE : -1.451725
[setup reg-reg] s945/Q -> merge876/D : -1.442577
[setup reg-reg] merge850/Q -> merge836/D : -1.436798
[setup reg-reg] merge926/Q -> c129/D : -1.428791
[setup reg-reg] merge891/Q -> c483/D : -1.420916
[setup reg-reg] s990/Q_N -> merge853/D : -1.409185
[setup reg-reg] merge851/Q_N -> c484/SCE : -1.395738
[setup reg-reg] merge926/Q -> merge833/D : -1.392358
[setup reg-reg] merge850/Q -> merge847/SET_B : -1.389891
[setup reg-reg] merge856/Q -> c706/D : -1.387412
[setup reg-reg] s989/Q_N -> merge925/D : -1.376134
[setup reg-reg] s990/Q_N -> merge853/RESET_B : -1.372124
[setup reg-reg] merge850/Q -> merge905/GATE : -1.360549
[setup reg-reg] merge850/Q -> merge851/RESET_B : -1.352548
[setup reg-reg] merge854/Q -> c426/SET_B : -1.351102
[setup reg-reg] s946/Q -> c324/SCD : -1.331755
[setup reg-reg] s946/Q -> c579/SCD : -1.326412
[setup reg-reg] merge854/Q -> merge876/RESET_B : -1.299616
[setup reg-reg] s989/Q -> merge880/RESET_B : -1.297881
[setup reg-reg] s946/Q -> c494/RESET_B : -1.288469
[setup reg-reg] s946/Q -> c372/RESET_B : -1.285129
[setup reg-reg] s945/Q -> s955/GATE : -1.284224
[setup reg-reg] s989/Q -> merge918/D : -1.280361
[setup reg-reg] s958/Q_N -> merge858/RESET_B : -1.279226
[setup reg-reg] merge854/Q -> c546/SCE : -1.273564
[setup reg-reg] merge852/Q -> merge898/D : -1.249663
[setup reg-reg] merge894/Q -> s943/D : -1.245131
[setup reg-reg] merge850/Q_N -> c597/SCE : -1.234895
[setup reg-reg] s990/Q_N -> merge926/D : -1.231666
[setup reg-reg] merge898/Q -> merge910/RESET_B : -1.230810
[setup reg-reg] merge891/Q -> c568/SCD : -1.221665
[setup reg-reg] merge891/Q -> c483/SCD : -1.201602
[setup reg-reg] merge850/Q -> s948/D : -1.194882
[setup reg-reg] s990/Q_N -> merge857/RESET_B : -1.194731
[setup reg-reg] merge854/Q -> s959/D : -1.194260
[setup reg-reg] merge926/Q -> c255/RESET_B : -1.193398
[setup reg-reg] s944/Q -> c492/RESET_B : -1.179977
[setup reg-reg] merge895/Q -> s951/D : -1.177964
[setup reg-reg] merge852/Q -> s947/D : -1.173085
[setup reg-reg] s940/Q -> merge904/SCE : -1.170716
[setup reg-reg] s945/Q -> merge829/RESET_B : -1.164751
[setup reg-reg] s944/Q -> merge923/RESET_B : -1.159084
[setup reg-reg] merge895/Q -> s952/D : -1.157803
[setup reg-reg] s989/Q -> c693/D : -1.156320
[setup reg-reg] merge926/Q -> c254/SCD : -1.153302
[setup reg-reg] merge892/Q_N -> c505/D : -1.148698
[setup reg-reg] merge926/Q -> merge921/RESET_B : -1.140386
[setup reg-reg] merge857/Q -> c709/D : -1.135839
[setup reg-reg] merge854/Q -> s945/D : -1.128827
[setup reg-reg] merge926/Q -> c129/RESET_B : -1.126994
[setup reg-reg] s945/Q -> c733/D : -1.117301
[setup reg-reg] s940/Q_N -> c484/SCD : -1.085959
[setup reg-reg] s945/Q -> merge918/SET_B : -1.056844
[setup reg-reg] merge854/Q -> merge849/D : -1.046266
[setup reg-reg] s990/Q_N -> c488/SET_B : -1.033221
[setup reg-reg] merge854/Q -> merge856/RESET_B : -1.021170
[setup reg-reg] merge926/Q -> c494/SCE : -1.019732
[setup reg-reg] merge895/Q -> s935/D : -1.013723
[setup reg-reg] merge921/Q_N -> c489/D : -1.000131
[setup reg-reg] merge891/Q -> c470/SET_B : -0.998320
[setup reg-reg] merge925/Q -> merge905/SCE : -0.995907
[setup reg-reg] merge850/Q -> merge849/SET_B : -0.993241
[setup reg-reg] merge856/Q -> merge831/RESET_B : -0.985927
[setup reg-reg] s946/Q -> c505/SET_B : -0.981267
[setup reg-reg] merge852/Q -> c324/SCE : -0.973755
[setup reg-reg] merge850/Q_N -> merge881/SET_B : -0.970582
[setup reg-reg] merge856/Q -> merge878/RESET_B : -0.969118
[setup reg-reg] merge895/Q -> c250/SCD : -0.959417
[setup reg-reg] s947/Q -> c494/D : -0.957317
[setup reg-reg] merge852/Q -> c307/D : -0.948587
[setup reg-reg] s945/Q -> c426/D : -0.945502
[setup reg-reg] merge854/Q -> s944/D : -0.943999
[setup reg-reg] merge921/Q_N -> c365/SCD : -0.925691
[setup reg-reg] s990/Q_N -> c477/RESET_B : -0.923895
[setup reg-reg] merge926/Q -> c372/SCD : -0.911972
[setup reg-reg] s989/Q -> merge829/D : -0.886656
[setup reg-reg] s972/Q -> s973/D : -0.872861
[setup reg-reg] merge891/Q -> c597/RESET_B : -0.866930
[setup reg-reg] merge892/Q_N -> merge899/D : -0.859885
[setup reg-reg] merge891/Q -> c483/SET_B : -0.857044
[setup reg-reg] merge899/Q -> c479/D : -0.851195
[setup reg-reg] merge850/Q -> merge836/RESET_B : -0.843972
[setup reg-reg] merge926/Q -> c709/SET_B : -0.815175
[setup reg-reg] s989/Q_N -> s976/D : -0.814567
[setup reg-reg] merge922/Q -> c579/SCE : -0.804567
[setup reg-reg] merge895/Q -> s933/D : -0.792073
[setup reg-reg] merge852/Q -> s946/D : -0.790802
[setup reg-reg] merge897/Q -> c372/SET_B : -0.775035
[setup reg-reg] merge892/Q_N -> c477/SCE : -0.758249
[setup reg-reg] s947/Q -> c365/RESET_B : -0.733281
[setup reg-out] c324/Q_N -> out30 : -0.712538
[setup reg-reg] merge926/Q -> merge833/RESET_B : -0.712324
[setup reg-reg] s988/Q_N -> c414/D : -0.703722
[setup reg-reg] merge891/Q -> merge881/D : -0.697217
[setup reg-reg] s940/Q -> c355/RESET_B : -0.688932
[setup in-reg] in39 -> c477/SET_B : -0.657357
[setup reg-reg] merge897/Q -> c258/SCD : -0.656967
[setup reg-reg] merge854/Q -> merge872/D : -0.656156
[setup reg-out] c365/Q -> out47 : -0.617163
[setup reg-reg] s942/Q -> c258/SCE : -0.600311
[setup reg-reg] merge850/Q -> c364/RESET_B : -0.586347
[setup reg-reg] merge926/Q -> c101/RESET_B : -0.569568
[setup reg-reg] merge852/Q -> c307/SCE : -0.559738
[setup reg-reg] s944/Q -> c281/SCE : -0.559319
[setup reg-out] s956/Q -> out12 : -0.508774
[setup reg-reg] c484/Q -> c489/RESET_B : -0.451089
[setup reg-reg] merge915/Q -> c607/SET_B : -0.442871
[setup in-reg] clk -> c546/SET_B : -0.418312
[setup reg-reg] s940/Q -> merge911/RESET_B : -0.382247
[setup reg-out] c324/Q_N -> out42 : -0.336187
[setup reg-reg] s945/Q -> c281/SET_B : -0.272642
[setup reg-reg] s988/Q_N -> merge872/RESET_B : -0.236379
[setup reg-reg] merge928/Q -> c728/SET_B : -0.203838
[setup reg-reg] merge855/Q -> merge884/SET_B : -0.203759
[setup in-reg] clk -> c546/RESET_B : -0.115520
[setup reg-reg] s991/Q -> c681/D : -0.101152
[setup reg-out] c324/Q -> out4 : -0.073267
[setup reg-reg] s991/Q -> s972/D : 0.000000
[setup reg-reg] merge893/Q_N -> merge852/D : 0.000000
[setup in-reg] in21 -> merge893/D : 0.000000
[setup in-reg] clk -> s991/D : 0.000000
[setup reg-reg] merge795/Q -> s956/D : 0.000000
Writing metric timing__hold_vio__count__corner:nom_tt_025C_1v80: 14
Writing metric timing__hold_r2r__ws__corner:nom_tt_025C_1v80: -1.447893
Writing metric timing__hold_r2r_vio__count__corner:nom_tt_025C_1v80: 11
Writing metric timing__setup_vio__count__corner:nom_tt_025C_1v80: 296
Writing metric timing__setup_r2r__ws__corner:nom_tt_025C_1v80: -8.342591
Writing metric timing__setup_r2r_vio__count__corner:nom_tt_025C_1v80: 269
