
===========================================================================
Violator List
============================================================================
[hold reg-reg] s963/Q_N -> c716/SET_B : -2.541930
[hold reg-reg] merge917/Q -> c487/SET_B : -2.503365
[hold reg-reg] s978/Q_N -> c707/SET_B : -1.476775
[hold reg-reg] merge926/Q -> c493/SET_B : -1.461769
[hold reg-reg] c168/Q -> c173/RESET_B : -0.997934
[hold reg-reg] merge855/Q -> c558/RESET_B : -0.196408
[hold in-reg] in53 -> merge843/RESET_B : -0.162734
[setup reg-reg] merge859/Q -> c558/RESET_B : -7.909326
[setup reg-out] merge859/Q_N -> out26 : -7.829909
[setup reg-out] s942/Q -> out13 : -7.238101
[setup reg-reg] merge900/Q_N -> s988/D : -7.127651
[setup reg-out] merge872/Q -> out33 : -7.089605
[setup reg-out] merge899/Q_N -> out40 : -6.907194
[setup reg-out] merge898/Q -> out6 : -6.624769
[setup reg-out] merge873/Q -> out1 : -6.314836
[setup reg-reg] s942/Q -> merge910/GATE : -5.970365
[setup reg-reg] s942/Q -> merge909/DE : -5.891279
[setup reg-reg] s987/Q_N -> merge909/D : -5.839850
[setup reg-reg] merge859/Q_N -> s958/D : -5.818813
[setup reg-out] merge924/Q -> out36 : -5.810902
[setup reg-out] merge899/Q_N -> out34 : -5.796597
[setup reg-out] s941/Q -> out61 : -5.764284
[setup reg-reg] merge859/Q_N -> s957/D : -5.731268
[setup reg-out] merge898/Q -> out18 : -5.517795
[setup reg-out] merge872/Q -> out58 : -5.486060
[setup reg-reg] merge861/Q -> merge861/D : -5.401007
[setup reg-reg] s942/Q -> s973/D : -5.396635
[setup reg-reg] s942/Q -> s974/D : -5.290184
[setup reg-out] merge899/Q_N -> out45 : -5.244347
[setup reg-out] merge861/Q_N -> out52 : -5.220064
[setup reg-reg] merge898/Q -> merge912/GATE : -5.216484
[setup reg-out] merge859/Q -> out56 : -5.212701
[setup reg-reg] merge861/Q -> s949/D : -5.204851
[setup reg-reg] merge861/Q -> s950/D : -5.170920
[setup reg-reg] merge863/Q -> s977/D : -5.167094
[setup reg-out] merge898/Q -> out30 : -5.165104
[setup reg-reg] merge861/Q -> s951/GATE : -5.164221
[setup reg-reg] merge872/Q -> merge886/D : -5.142137
[setup reg-reg] merge924/Q_N -> merge903/RESET_B : -5.049580
[setup reg-reg] merge924/Q_N -> merge896/D : -4.991600
[setup reg-reg] merge861/Q -> merge859/D : -4.902711
[setup reg-reg] merge861/Q -> merge837/D : -4.793046
[setup reg-reg] s941/Q -> s989/D : -4.792757
[setup reg-reg] merge861/Q -> merge888/D : -4.782300
[setup reg-reg] merge861/Q_N -> merge883/GATE : -4.755738
[setup reg-reg] merge878/Q -> merge905/D : -4.727897
[setup reg-reg] merge907/Q -> c704/D : -4.719352
[setup reg-reg] merge861/Q -> merge855/D : -4.718479
[setup reg-reg] merge859/Q -> merge904/D : -4.698614
[setup reg-reg] merge872/Q -> merge895/D : -4.590774
[setup reg-reg] merge872/Q -> s970/D : -4.585899
[setup reg-reg] merge861/Q_N -> s982/D : -4.582216
[setup reg-reg] merge878/Q -> merge874/D : -4.576535
[setup reg-reg] merge859/Q -> s955/D : -4.571821
[setup reg-reg] merge861/Q -> s983/GATE : -4.560641
[setup reg-reg] merge859/Q -> s954/D : -4.556161
[setup reg-reg] merge872/Q -> s971/D : -4.547212
[setup reg-reg] merge873/Q -> merge920/D : -4.525912
[setup reg-reg] merge861/Q -> c412/SCE : -4.483082
[setup reg-reg] merge861/Q -> c406/SCE : -4.483011
[setup reg-reg] merge861/Q -> c407/SCE : -4.482814
[setup reg-reg] s961/Q -> s976/D : -4.479676
[setup reg-reg] merge924/Q_N -> merge883/SCE : -4.438385
[setup reg-reg] s943/Q -> merge916/D : -4.437106
[setup reg-out] merge899/Q_N -> out46 : -4.411118
[setup reg-reg] merge865/Q_N -> s972/D : -4.394000
[setup reg-reg] merge861/Q_N -> merge871/D : -4.378390
[setup reg-reg] merge872/Q -> merge924/RESET_B : -4.342169
[setup reg-reg] merge872/Q -> c443/SCE : -4.336555
[setup reg-reg] merge898/Q -> merge921/D : -4.319271
[setup reg-reg] merge924/Q_N -> s966/D : -4.312906
[setup reg-reg] merge861/Q -> s986/D : -4.280135
[setup reg-out] merge928/Q -> out11 : -4.252518
[setup reg-reg] merge859/Q -> s953/GATE : -4.239116
[setup reg-reg] merge872/Q -> s943/D : -4.192296
[setup reg-reg] merge901/Q_N -> s944/D : -4.190416
[setup reg-out] s939/Q -> out0 : -4.184094
[setup reg-reg] merge924/Q -> merge884/SCE : -4.180287
[setup reg-reg] merge898/Q -> s959/D : -4.180217
[setup reg-reg] merge859/Q -> merge910/SCE : -4.166021
[setup reg-reg] merge924/Q -> s935/GATE : -4.151089
[setup reg-reg] merge859/Q -> merge885/D : -4.145673
[setup reg-reg] s941/Q -> s975/D : -4.139565
[setup reg-reg] merge872/Q -> merge889/D : -4.115256
[setup reg-reg] merge924/Q_N -> merge831/D : -4.085940
[setup reg-reg] merge899/Q -> s937/GATE : -4.084881
[setup reg-reg] merge872/Q -> c494/SCD : -4.069890
[setup reg-reg] merge865/Q_N -> merge927/D : -4.067980
[setup reg-reg] merge924/Q -> s936/GATE : -4.063874
[setup reg-reg] merge861/Q -> merge837/RESET_B : -4.061406
[setup reg-reg] merge898/Q -> merge928/D : -4.044545
[setup reg-reg] merge872/Q -> s969/GATE : -4.019471
[setup reg-reg] merge861/Q -> merge925/RESET_B : -3.998802
[setup reg-reg] merge898/Q -> s930/D : -3.984258
[setup reg-reg] merge876/Q -> merge878/RESET_B : -3.968784
[setup reg-reg] s945/Q -> s961/D : -3.944970
[setup reg-out] s958/Q -> out3 : -3.918162
[setup reg-reg] merge859/Q -> merge904/RESET_B : -3.913883
[setup reg-reg] merge872/Q -> s948/D : -3.913190
[setup reg-reg] merge872/Q -> merge911/GATE : -3.908763
[setup reg-reg] merge859/Q_N -> s968/GATE : -3.908292
[setup reg-reg] merge859/Q_N -> merge846/D : -3.904275
[setup reg-reg] merge899/Q_N -> merge895/SET_B : -3.866555
[setup reg-reg] merge859/Q_N -> s990/D : -3.846771
[setup reg-reg] merge872/Q -> merge914/D : -3.816092
[setup reg-reg] merge861/Q -> merge908/DE : -3.803720
[setup reg-reg] merge859/Q -> merge919/D : -3.796160
[setup reg-reg] merge872/Q -> merge921/SET_B : -3.765646
[setup reg-reg] merge898/Q -> merge912/SCE : -3.760640
[setup reg-reg] merge898/Q -> merge884/GATE : -3.739795
[setup reg-out] merge929/Q -> out25 : -3.710602
[setup reg-out] s973/Q -> out20 : -3.709714
[setup reg-reg] merge898/Q -> merge873/RESET_B : -3.709465
[setup reg-reg] merge872/Q -> merge920/SET_B : -3.702995
[setup reg-reg] merge898/Q -> merge892/D : -3.699511
[setup reg-reg] merge898/Q -> merge899/D : -3.689861
[setup reg-reg] merge859/Q -> s965/D : -3.676775
[setup reg-reg] merge872/Q -> merge917/RESET_B : -3.586750
[setup reg-reg] merge859/Q -> merge923/D : -3.582304
[setup reg-reg] merge872/Q -> c326/SCD : -3.550234
[setup reg-reg] merge924/Q -> c212/SCD : -3.549478
[setup reg-reg] merge859/Q_N -> s987/D : -3.533762
[setup reg-reg] merge898/Q -> merge847/RESET_B : -3.516294
[setup reg-reg] s971/Q -> merge903/D : -3.512802
[setup reg-reg] merge898/Q -> c233/D : -3.496610
[setup reg-reg] merge899/Q_N -> merge880/DE : -3.494466
[setup reg-reg] merge859/Q -> s946/D : -3.493732
[setup reg-reg] merge861/Q_N -> merge925/D : -3.469865
[setup reg-reg] merge861/Q -> s963/D : -3.468761
[setup reg-reg] merge901/Q_N -> c119/SCE : -3.463241
[setup reg-reg] merge861/Q -> merge922/SET_B : -3.451162
[setup reg-reg] merge898/Q -> merge891/SET_B : -3.420341
[setup reg-reg] merge878/Q -> c707/RESET_B : -3.411561
[setup reg-reg] merge872/Q -> s941/D : -3.411048
[setup reg-reg] merge872/Q -> merge917/D : -3.404868
[setup reg-reg] merge897/Q -> merge926/D : -3.403540
[setup reg-reg] merge859/Q -> s978/D : -3.384648
[setup reg-reg] merge878/Q -> c687/D : -3.349918
[setup reg-reg] merge861/Q -> s952/GATE : -3.344413
[setup reg-reg] merge901/Q_N -> c131/D : -3.331214
[setup reg-reg] merge859/Q_N -> merge913/D : -3.330296
[setup reg-reg] merge898/Q -> c104/D : -3.322318
[setup reg-reg] merge899/Q_N -> merge890/D : -3.318569
[setup reg-reg] merge872/Q -> s942/D : -3.315265
[setup reg-reg] merge924/Q -> merge924/D : -3.289451
[setup reg-reg] merge898/Q -> c107/SCD : -3.256940
[setup reg-reg] merge865/Q_N -> merge907/RESET_B : -3.252175
[setup reg-reg] merge872/Q -> merge914/RESET_B : -3.236730
[setup reg-reg] merge861/Q -> merge850/SET_B : -3.234635
[setup reg-reg] merge898/Q -> merge918/RESET_B : -3.231192
[setup reg-reg] merge899/Q -> s931/D : -3.194675
[setup reg-reg] merge878/Q -> merge874/RESET_B : -3.189329
[setup reg-reg] merge901/Q_N -> merge905/RESET_B : -3.159724
[setup reg-reg] merge901/Q_N -> merge926/RESET_B : -3.156311
[setup reg-reg] merge861/Q -> c407/SCD : -3.144540
[setup reg-reg] merge878/Q -> merge878/D : -3.119397
[setup reg-reg] merge872/Q -> merge928/RESET_B : -3.115415
[setup reg-reg] merge924/Q -> merge881/DE : -3.112751
[setup reg-reg] merge898/Q -> merge873/D : -3.108783
[setup reg-reg] merge899/Q -> c104/SCE : -3.097129
[setup reg-reg] merge872/Q -> c480/D : -3.074566
[setup reg-reg] merge898/Q -> c235/SCD : -3.067616
[setup reg-reg] merge876/Q -> c690/D : -3.035357
[setup reg-reg] merge924/Q -> s933/D : -3.035312
[setup reg-reg] merge873/Q -> merge891/D : -3.033906
[setup reg-reg] merge876/Q -> c284/SCE : -3.032576
[setup reg-reg] merge872/Q -> merge857/SET_B : -3.024590
[setup reg-reg] merge878/Q -> merge900/D : -3.019085
[setup reg-reg] merge899/Q -> c227/D : -3.015848
[setup reg-reg] merge902/Q -> merge902/D : -3.010878
[setup reg-reg] merge861/Q -> c587/SCD : -3.009615
[setup reg-reg] merge872/Q -> c327/D : -3.004705
[setup reg-reg] merge878/Q -> merge927/RESET_B : -2.983449
[setup reg-reg] merge861/Q -> merge897/D : -2.970970
[setup reg-reg] merge861/Q -> merge850/D : -2.962410
[setup reg-reg] merge899/Q -> merge898/RESET_B : -2.960802
[setup reg-reg] merge924/Q -> merge929/RESET_B : -2.952858
[setup reg-reg] merge924/Q -> merge847/D : -2.951489
[setup reg-reg] merge899/Q_N -> s947/D : -2.942968
[setup in-reg] in23 -> s945/D : -2.939954
[setup reg-reg] merge898/Q -> merge889/RESET_B : -2.928020
[setup reg-reg] merge898/Q -> merge918/D : -2.916236
[setup reg-reg] merge878/Q -> merge901/D : -2.897338
[setup reg-reg] merge863/Q -> merge865/RESET_B : -2.895255
[setup reg-reg] merge924/Q -> s934/D : -2.891964
[setup reg-reg] merge924/Q -> merge899/RESET_B : -2.873152
[setup reg-reg] merge861/Q -> c558/SCD : -2.854864
[setup reg-reg] merge898/Q -> merge880/D : -2.825924
[setup reg-reg] merge872/Q -> merge919/SET_B : -2.817981
[setup reg-reg] merge898/Q -> merge882/GATE : -2.807399
[setup reg-reg] merge901/Q_N -> merge915/RESET_B : -2.806867
[setup reg-reg] s942/Q -> s985/GATE : -2.802548
[setup reg-reg] merge861/Q_N -> merge911/SCE : -2.799175
[setup reg-reg] merge872/Q -> merge872/D : -2.767380
[setup reg-reg] merge878/Q -> c687/SCE : -2.749576
[setup reg-reg] merge859/Q -> merge908/D : -2.741849
[setup in-reg] in23 -> s940/D : -2.662720
[setup reg-reg] merge859/Q_N -> merge892/SET_B : -2.637413
[setup reg-reg] merge898/Q -> c104/RESET_B : -2.632108
[setup reg-reg] merge865/Q_N -> c282/SCD : -2.620436
[setup reg-reg] merge863/Q -> c282/D : -2.585096
[setup reg-reg] merge859/Q -> merge916/RESET_B : -2.580997
[setup reg-reg] merge861/Q_N -> c348/SCD : -2.575504
[setup reg-reg] s940/Q_N -> c569/SCE : -2.549117
[setup reg-reg] merge906/Q -> merge907/D : -2.502175
[setup reg-reg] merge899/Q -> merge896/SET_B : -2.497533
[setup reg-reg] merge859/Q -> c688/D : -2.468480
[setup reg-reg] merge861/Q_N -> merge902/RESET_B : -2.442399
[setup reg-reg] merge898/Q -> merge843/RESET_B : -2.442189
[setup reg-reg] merge859/Q_N -> merge888/RESET_B : -2.423965
[setup reg-reg] s950/Q -> s956/D : -2.422750
[setup reg-reg] merge873/Q -> c233/SCE : -2.422050
[setup reg-reg] merge863/Q -> merge876/D : -2.420430
[setup reg-reg] merge859/Q -> merge855/SET_B : -2.419005
[setup reg-reg] merge873/Q -> c239/SCE : -2.415116
[setup reg-reg] merge876/Q -> merge863/RESET_B : -2.413000
[setup reg-reg] merge872/Q -> merge881/D : -2.405169
[setup reg-reg] merge899/Q -> c348/SCE : -2.370292
[setup reg-reg] merge899/Q_N -> merge872/RESET_B : -2.370245
[setup reg-reg] merge924/Q_N -> c326/DE : -2.360262
[setup reg-reg] merge865/Q_N -> merge906/RESET_B : -2.341586
[setup in-reg] in10 -> merge915/D : -2.331307
[setup reg-reg] merge878/Q -> c173/D : -2.298039
[setup reg-reg] merge898/Q -> merge890/RESET_B : -2.291935
[setup reg-reg] merge926/Q -> c493/SET_B : -2.279572
[setup reg-reg] merge859/Q -> c453/RESET_B : -2.276639
[setup reg-reg] merge924/Q -> merge886/RESET_B : -2.272824
[setup reg-reg] merge881/Q -> c603/RESET_B : -2.248978
[setup reg-reg] merge861/Q_N -> merge871/RESET_B : -2.232854
[setup reg-reg] merge924/Q -> merge882/SCE : -2.179490
[setup reg-reg] merge872/Q -> s932/D : -2.163311
[setup reg-reg] c571/Q -> s980/D : -2.109893
[setup reg-reg] s957/Q -> s964/D : -2.095943
[setup reg-reg] merge865/Q_N -> c282/RESET_B : -2.077305
[setup reg-reg] merge861/Q_N -> c480/SCE : -2.065670
[setup reg-reg] merge897/Q -> c493/D : -2.060213
[setup reg-reg] merge898/Q -> c107/D : -2.057026
[setup reg-reg] merge865/Q_N -> c360/RESET_B : -2.032897
[setup reg-reg] merge924/Q_N -> merge923/SET_B : -2.014834
[setup reg-reg] merge897/Q -> c489/D : -2.013080
[setup reg-reg] merge872/Q -> c327/SCE : -2.001543
[setup reg-reg] merge878/Q -> c172/SCD : -1.992103
[setup reg-reg] merge878/Q -> c172/SCE : -1.983913
[setup reg-reg] merge865/Q_N -> c282/SCE : -1.961155
[setup reg-reg] merge905/Q -> merge901/RESET_B : -1.959595
[setup reg-reg] merge899/Q -> c122/RESET_B : -1.949593
[setup reg-reg] merge924/Q -> merge898/D : -1.926157
[setup in-reg] in10 -> c603/D : -1.918432
[setup reg-reg] merge859/Q_N -> merge859/RESET_B : -1.902471
[setup reg-reg] merge859/Q -> c407/DE : -1.892077
[setup reg-reg] merge908/Q_N -> c601/D : -1.836896
[setup in-reg] in10 -> c473/SCD : -1.831676
[setup reg-reg] merge878/Q -> merge839/RESET_B : -1.796960
[setup reg-reg] merge897/Q -> c493/RESET_B : -1.791928
[setup reg-reg] merge861/Q_N -> merge922/D : -1.783161
[setup reg-reg] merge876/Q -> merge887/RESET_B : -1.762951
[setup reg-reg] merge861/Q -> merge885/RESET_B : -1.762482
[setup reg-out] merge907/Q -> out23 : -1.721867
[setup reg-reg] s977/Q -> c690/SCE : -1.701464
[setup reg-reg] c571/Q -> s967/GATE : -1.698420
[setup reg-reg] merge904/Q -> c453/SCE : -1.695166
[setup reg-reg] merge872/Q -> merge846/RESET_B : -1.622739
[setup in-reg] clk -> s960/D : -1.591776
[setup reg-reg] merge872/Q -> c168/D : -1.589411
[setup reg-reg] merge924/Q -> c233/SCD : -1.522158
[setup in-reg] in10 -> c501/RESET_B : -1.511610
[setup reg-out] merge878/Q -> out43 : -1.486839
[setup reg-reg] merge924/Q -> c235/RESET_B : -1.485255
[setup reg-reg] merge865/Q -> merge865/D : -1.455932
[setup reg-reg] merge863/Q -> merge876/RESET_B : -1.447397
[setup reg-reg] merge878/Q -> c687/SCD : -1.404195
[setup reg-reg] merge872/Q -> c168/SCD : -1.382155
[setup reg-reg] s957/Q -> c587/SCE : -1.368880
[setup in-reg] in10 -> c601/SET_B : -1.324074
[setup reg-reg] merge851/Q_N -> c493/SCE : -1.301722
[setup reg-reg] merge901/Q_N -> c254/RESET_B : -1.207429
[setup reg-reg] merge904/Q -> merge861/RESET_B : -1.145568
[setup reg-out] merge907/Q -> out16 : -1.136424
[setup reg-reg] merge859/Q -> c558/RESET_B : -1.107924
[setup reg-reg] merge907/Q -> c473/RESET_B : -1.066537
[setup reg-reg] merge872/Q -> c480/RESET_B : -1.054120
[setup reg-reg] merge908/Q_N -> merge900/RESET_B : -1.031320
[setup reg-reg] s977/Q -> c690/RESET_B : -1.008554
[setup reg-reg] s950/Q -> c601/SCD : -0.993974
[setup reg-reg] s977/Q -> c687/RESET_B : -0.993630
[setup in-reg] in23 -> c360/SET_B : -0.971744
[setup reg-reg] merge878/Q -> s984/GATE : -0.918202
[setup reg-reg] merge850/Q -> c548/D : -0.877440
[setup reg-reg] s950/Q -> c571/D : -0.853951
[setup in-reg] in23 -> merge906/D : -0.840382
[setup in-reg] in7 -> c718/D : -0.829870
[setup in-reg] in7 -> merge863/D : -0.823971
[setup in-reg] in23 -> c172/D : -0.815298
[setup reg-reg] merge847/Q -> c235/SET_B : -0.796132
[setup reg-reg] s938/Q -> s939/D : -0.727013
[setup reg-reg] merge850/Q -> c548/SCE : -0.716012
[setup reg-reg] c489/Q -> merge929/D : -0.666645
[setup reg-out] c493/Q -> out24 : -0.657002
[setup reg-reg] merge889/Q -> c487/RESET_B : -0.654485
[setup in-reg] in10 -> merge887/D : -0.640746
[setup reg-reg] merge850/Q -> c571/SCD : -0.611009
[setup reg-out] merge905/Q -> out53 : -0.584824
[setup in-reg] in35 -> c109/D : -0.522209
[setup reg-reg] merge908/Q_N -> c707/SCD : -0.453237
[setup in-out] clk -> out48 : -0.442158
[setup reg-reg] merge908/Q_N -> c569/SCD : -0.435221
[setup in-out] clk -> out4 : -0.346062
[setup in-out] clk -> out39 : -0.333970
[setup reg-reg] merge856/Q -> c131/SCD : -0.326581
[setup in-out] clk -> out15 : -0.293250
[setup reg-reg] merge926/Q -> c493/SET_B : -0.289535
[setup reg-out] c489/Q -> out27 : -0.281367
[setup reg-reg] merge851/Q_N -> c487/SCD : -0.275655
[setup reg-reg] merge865/Q -> c571/SET_B : -0.265184
[setup in-out] clk -> out17 : -0.249849
[setup in-reg] clk -> c360/D : -0.235602
[setup in-out] clk -> out10 : -0.233040
[setup in-out] clk -> out54 : -0.182247
[setup reg-reg] merge876/Q -> s979/D : -0.172540
[setup reg-reg] merge878/Q -> c683/D : -0.164289
[setup reg-reg] s933/Q -> merge839/D : -0.095237
[setup reg-out] merge926/Q_N -> out9 : -0.028214
[setup reg-reg] merge924/Q_N -> c325/SET_B : -0.014320
[setup reg-reg] merge924/Q_N -> c319/SET_B : -0.014255
[setup reg-reg] merge908/Q_N -> c571/SCE : -0.013297
[setup reg-reg] merge876/Q -> s938/D : 0.000000
