
===========================================================================
Violator List
============================================================================
[hold reg-reg] s891/Q -> c736/SET_B : -5.034467
[hold reg-reg] merge821/Q -> merge778/SET_B : -1.560340
[hold reg-reg] merge821/Q -> c305/SET_B : -1.553281
[hold reg-reg] s906/Q -> c299/RESET_B : -0.922448
[hold reg-reg] s890/Q -> c733/D : -0.068773
[hold reg-reg] s890/Q -> c737/RESET_B : -0.052437
[hold in-reg] clk -> c737/D : -0.049147
[hold reg-reg] s900/Q -> merge840/D : -0.005788
[setup reg-reg] s882/Q -> c736/SET_B : -10.059909
[setup reg-reg] merge816/Q_N -> s868/D : -9.153062
[setup reg-reg] s866/Q -> merge818/D : -8.924659
[setup reg-reg] s866/Q -> s869/D : -8.915584
[setup reg-reg] s866/Q -> merge837/D : -8.876513
[setup reg-reg] s866/Q -> merge818/RESET_B : -8.676531
[setup in-out] clk -> out59 : -8.200242
[setup in-out] clk -> out57 : -7.994699
[setup in-out] clk -> out55 : -7.630674
[setup reg-reg] merge815/Q -> c736/RESET_B : -7.323411
[setup in-out] clk -> out24 : -7.147042
[setup reg-reg] s882/Q -> s891/D : -7.011670
[setup reg-reg] s882/Q -> s890/D : -6.630510
[setup reg-reg] s882/Q -> merge809/D : -6.518261
[setup in-reg] clk -> c395/D : -6.114741
[setup in-reg] clk -> c395/SCD : -6.080447
[setup reg-reg] s882/Q -> s892/D : -5.842404
[setup reg-out] s882/Q -> out16 : -5.839091
[setup reg-reg] s903/Q -> s903/D : -5.807757
[setup reg-reg] s882/Q -> merge828/SCE : -5.698047
[setup reg-out] s882/Q -> out18 : -5.696950
[setup reg-reg] s903/Q -> merge813/D : -5.690969
[setup reg-reg] s903/Q -> s871/D : -5.646847
[setup reg-reg] s882/Q -> s894/D : -5.632144
[setup reg-reg] s903/Q -> s870/D : -5.621483
[setup reg-reg] s882/Q -> s893/D : -5.620023
[setup reg-reg] s882/Q -> merge840/D : -5.613117
[setup reg-reg] s882/Q -> s895/GATE : -5.547308
[setup reg-reg] s882/Q -> merge836/D : -5.526061
[setup reg-reg] s882/Q -> s897/GATE : -5.510616
[setup reg-reg] s882/Q -> merge824/DE : -5.467856
[setup reg-reg] s882/Q -> s896/GATE : -5.423812
[setup reg-reg] s882/Q -> s898/D : -5.415114
[setup reg-reg] s903/Q -> s906/D : -5.387066
[setup reg-reg] s903/Q -> merge806/D : -5.353737
[setup reg-reg] s867/Q -> s882/D : -5.276578
[setup reg-reg] s903/Q -> merge779/D : -5.248117
[setup reg-reg] s867/Q -> s883/D : -5.238768
[setup reg-reg] s882/Q -> merge840/SET_B : -5.216773
[setup reg-reg] s903/Q -> c450/SCE : -5.205073
[setup reg-reg] s882/Q -> c755/DE : -5.194860
[setup reg-reg] s903/Q -> s901/D : -5.182518
[setup reg-reg] s903/Q -> merge808/D : -5.181231
[setup reg-reg] s903/Q -> c453/D : -5.158565
[setup reg-reg] s903/Q -> merge811/D : -5.118634
[setup reg-reg] s882/Q -> c732/D : -5.110151
[setup reg-reg] s867/Q -> merge827/SCE : -5.098502
[setup reg-reg] s903/Q -> c450/RESET_B : -5.080228
[setup reg-reg] s882/Q -> c733/SCE : -5.057880
[setup reg-reg] s903/Q -> s858/D : -5.056202
[setup reg-reg] s903/Q -> s908/D : -5.038565
[setup reg-reg] s903/Q -> s877/D : -5.031548
[setup reg-reg] s903/Q -> c339/SCE : -5.025543
[setup in-reg] clk -> c395/RESET_B : -5.002164
[setup reg-reg] s903/Q -> s876/D : -4.986947
[setup reg-reg] s903/Q -> s874/D : -4.971755
[setup reg-reg] s903/Q -> merge785/SCE : -4.959173
[setup reg-reg] s903/Q -> merge824/D : -4.944585
[setup reg-reg] s903/Q -> c450/SCD : -4.915138
[setup reg-reg] s903/Q -> c454/SCE : -4.898441
[setup reg-reg] s882/Q -> c755/SCE : -4.884490
[setup reg-reg] s903/Q -> merge779/SCD : -4.874775
[setup reg-reg] s882/Q -> c755/D : -4.850384
[setup reg-reg] s867/Q -> s881/GATE : -4.836212
[setup reg-reg] s882/Q -> c737/SCD : -4.812133
[setup reg-reg] s903/Q -> merge812/D : -4.793849
[setup reg-reg] s903/Q -> merge779/DE : -4.749468
[setup reg-reg] s867/Q -> s886/D : -4.740153
[setup reg-reg] s867/Q -> merge819/D : -4.731104
[setup reg-reg] s903/Q -> merge814/D : -4.721485
[setup reg-reg] s903/Q -> s875/D : -4.713624
[setup reg-reg] s903/Q -> merge801/D : -4.680033
[setup reg-reg] s903/Q -> merge813/RESET_B : -4.588491
[setup reg-reg] s903/Q -> merge812/SET_B : -4.587088
[setup reg-reg] s903/Q -> c339/D : -4.577345
[setup reg-reg] s867/Q -> c670/SCD : -4.523858
[setup reg-reg] s882/Q -> c732/SET_B : -4.521204
[setup reg-reg] s882/Q -> c737/RESET_B : -4.506942
[setup reg-reg] s867/Q -> s878/D : -4.503053
[setup reg-reg] s882/Q -> c733/SET_B : -4.464863
[setup in-reg] in4 -> s857/D : -4.462790
[setup reg-reg] s867/Q -> s887/D : -4.457239
[setup reg-reg] s903/Q -> merge830/D : -4.426267
[setup in-reg] in4 -> s856/D : -4.410342
[setup in-reg] in4 -> c307/D : -4.405239
[setup in-reg] in4 -> c305/D : -4.402946
[setup reg-reg] s867/Q -> merge827/GATE : -4.379545
[setup reg-reg] s867/Q -> c671/SCE : -4.351727
[setup reg-reg] s867/Q -> s879/GATE : -4.307093
[setup reg-reg] s867/Q -> s880/GATE : -4.303605
[setup in-reg] in4 -> merge822/D : -4.281864
[setup in-reg] in7 -> merge786/D : -4.254405
[setup reg-reg] s867/Q -> c673/SCE : -4.244831
[setup in-reg] in4 -> merge821/D : -4.229496
[setup reg-reg] s882/Q -> c755/SCD : -4.165001
[setup reg-reg] s867/Q -> merge837/SET_B : -4.162169
[setup in-reg] in7 -> s873/D : -4.114223
[setup reg-reg] s903/Q -> merge806/RESET_B : -4.072946
[setup in-reg] in4 -> c299/SCE : -4.072675
[setup reg-reg] s867/Q -> c673/D : -4.047088
[setup in-reg] in4 -> merge820/D : -4.017508
[setup reg-reg] merge778/Q -> c299/RESET_B : -4.017320
[setup reg-reg] s882/Q -> c732/SCD : -4.010935
[setup in-reg] in4 -> c170/RESET_B : -4.003323
[setup reg-reg] s903/Q -> merge811/SET_B : -3.979357
[setup in-reg] in7 -> s872/D : -3.949352
[setup reg-reg] s867/Q -> c670/SCE : -3.944495
[setup reg-reg] s882/Q -> c733/D : -3.935836
[setup in-reg] in4 -> merge821/RESET_B : -3.920194
[setup in-reg] in4 -> merge822/RESET_B : -3.913131
[setup reg-reg] s882/Q -> c732/SCE : -3.887523
[setup in-reg] in7 -> s905/D : -3.864658
[setup in-reg] in43 -> merge804/D : -3.844885
[setup reg-reg] s867/Q -> c671/D : -3.837502
[setup in-reg] in4 -> merge820/RESET_B : -3.821247
[setup reg-reg] merge778/Q -> c297/SET_B : -3.804619
[setup reg-reg] s867/Q -> c737/D : -3.775950
[setup in-reg] in4 -> merge786/SCD : -3.765345
[setup reg-reg] s882/Q -> s885/D : -3.709030
[setup reg-reg] s867/Q -> c670/SET_B : -3.691248
[setup reg-reg] s903/Q -> s902/D : -3.689960
[setup in-reg] in4 -> merge778/RESET_B : -3.678503
[setup in-reg] in4 -> c305/RESET_B : -3.667215
[setup in-reg] in4 -> c297/RESET_B : -3.667145
[setup reg-reg] merge812/Q -> s884/D : -3.612377
[setup reg-reg] merge815/Q -> s900/D : -3.599420
[setup in-reg] in4 -> c297/SCD : -3.587301
[setup reg-reg] s903/Q -> s850/D : -3.549793
[setup in-reg] in4 -> c307/SCE : -3.540241
[setup reg-reg] s903/Q -> merge766/SCE : -3.529888
[setup reg-reg] s867/Q -> c673/SET_B : -3.529490
[setup in-reg] in43 -> s852/D : -3.509700
[setup in-reg] in4 -> c297/D : -3.490737
[setup reg-reg] s903/Q -> merge766/D : -3.464575
[setup in-reg] in4 -> merge816/RESET_B : -3.454850
[setup reg-reg] s867/Q -> c671/SCD : -3.420263
[setup reg-reg] s903/Q -> s849/GATE : -3.355020
[setup in-reg] in43 -> c103/SCE : -3.327154
[setup reg-reg] merge812/Q -> merge794/SCD : -3.322759
[setup reg-reg] s903/Q -> merge829/RESET_B : -3.316172
[setup in-reg] in43 -> merge831/RESET_B : -3.276291
[setup reg-reg] merge812/Q -> merge794/D : -3.239128
[setup reg-out] s885/Q -> out7 : -3.236777
[setup in-reg] in43 -> c105/SCD : -3.219407
[setup in-reg] in4 -> merge778/SCD : -3.196913
[setup in-reg] in7 -> s904/D : -3.190075
[setup in-reg] in4 -> merge816/D : -3.186781
[setup reg-reg] s903/Q -> c208/SCD : -3.158806
[setup in-reg] in4 -> c299/SET_B : -3.116138
[setup reg-reg] s903/Q -> merge830/RESET_B : -3.092546
[setup in-reg] in43 -> merge804/RESET_B : -3.079330
[setup reg-reg] s882/Q -> merge810/SET_B : -3.042651
[setup reg-reg] merge821/Q -> merge778/SET_B : -3.036591
[setup in-reg] in43 -> c363/SCD : -3.026914
[setup reg-reg] merge821/Q -> c305/SET_B : -3.018159
[setup reg-out] s885/Q -> out0 : -3.014571
[setup in-reg] in7 -> c446/SCE : -2.979835
[setup in-reg] in7 -> merge831/D : -2.957863
[setup in-reg] in7 -> c451/SCE : -2.956157
[setup reg-reg] s867/Q -> c671/SET_B : -2.950567
[setup reg-reg] s903/Q -> merge766/DE : -2.920190
[setup in-reg] in7 -> c451/SET_B : -2.885760
[setup in-reg] in7 -> c338/SCD : -2.878100
[setup in-reg] in7 -> c338/SCE : -2.857008
[setup in-reg] in43 -> c105/SCE : -2.758725
[setup in-reg] in7 -> c446/D : -2.741565
[setup reg-reg] s903/Q -> c208/RESET_B : -2.715778
[setup in-reg] in7 -> merge772/SET_B : -2.682304
[setup reg-reg] c453/Q -> c736/D : -2.680239
[setup in-reg] in43 -> c363/RESET_B : -2.675960
[setup in-reg] in43 -> c103/SCD : -2.651278
[setup in-reg] in43 -> c105/SET_B : -2.647068
[setup in-reg] in4 -> merge778/D : -2.616378
[setup in-reg] in43 -> c216/RESET_B : -2.609271
[setup in-reg] in7 -> merge772/RESET_B : -2.601472
[setup in-reg] in7 -> c475/RESET_B : -2.601460
[setup in-reg] in7 -> merge772/D : -2.587125
[setup reg-reg] s899/Q -> s865/GATE : -2.551904
[setup reg-reg] s899/Q -> s866/D : -2.546981
[setup in-reg] in7 -> c446/RESET_B : -2.517581
[setup in-reg] in4 -> merge786/SCE : -2.435644
[setup reg-reg] c453/Q -> c756/SCD : -2.433350
[setup reg-reg] s902/Q -> merge823/D : -2.415984
[setup reg-reg] s899/Q -> s867/D : -2.415573
[setup reg-reg] c453/Q -> c756/D : -2.351299
[setup in-reg] in4 -> c170/SCD : -2.323425
[setup reg-reg] s902/Q -> s862/D : -2.316909
[setup reg-reg] s902/Q -> merge832/D : -2.303918
[setup reg-reg] s903/Q -> c208/D : -2.299506
[setup reg-reg] c453/Q -> c756/SCE : -2.254794
[setup reg-reg] c453/Q -> c736/SET_B : -2.217976
[setup in-reg] in4 -> c305/SCE : -2.204146
[setup reg-reg] s853/Q -> merge833/D : -2.191889
[setup reg-reg] s853/Q -> s854/D : -2.183388
[setup reg-reg] s853/Q -> merge838/D : -2.150471
[setup in-reg] in43 -> c216/SCE : -2.100648
[setup reg-reg] s902/Q -> merge823/DE : -2.022688
[setup reg-reg] s902/Q -> s851/D : -1.950013
[setup in-reg] in4 -> c305/SCD : -1.941733
[setup reg-reg] s899/Q -> s899/D : -1.936903
[setup reg-reg] s899/Q -> s864/GATE : -1.911037
[setup reg-reg] s902/Q -> merge805/D : -1.809981
[setup reg-reg] s899/Q -> s863/GATE : -1.723749
[setup in-reg] in43 -> c216/SCD : -1.722832
[setup reg-reg] merge837/Q_N -> s888/D : -1.718285
[setup reg-reg] c453/Q -> c756/SET_B : -1.686705
[setup in-reg] in43 -> c103/RESET_B : -1.667903
[setup reg-reg] merge815/Q -> merge767/D : -1.664695
[setup reg-reg] merge837/Q_N -> s889/D : -1.660773
[setup in-reg] in4 -> c170/D : -1.594745
[setup reg-reg] merge837/Q_N -> merge815/D : -1.569842
[setup reg-reg] c453/Q -> c736/SCE : -1.406924
[setup reg-reg] s902/Q -> merge768/SCE : -1.391919
[setup reg-reg] s902/Q -> merge784/SCE : -1.323724
[setup reg-reg] s902/Q -> merge784/D : -1.223731
[setup reg-reg] s902/Q -> merge785/RESET_B : -1.195207
[setup reg-reg] s902/Q -> merge768/D : -1.194443
[setup reg-out] merge812/Q -> out14 : -1.150355
[setup reg-reg] s899/Q -> c407/RESET_B : -1.123492
[setup reg-reg] s902/Q -> merge839/SET_B : -1.103666
[setup reg-reg] s902/Q -> merge805/RESET_B : -1.076621
[setup reg-reg] s855/Q -> merge829/D : -1.066154
[setup reg-reg] merge837/Q_N -> c674/SCD : -1.043937
[setup reg-reg] merge812/Q -> merge794/RESET_B : -1.029549
[setup reg-reg] s902/Q -> merge784/RESET_B : -0.997415
[setup in-reg] in4 -> c170/SET_B : -0.975495
[setup reg-reg] s902/Q -> merge801/RESET_B : -0.956511
[setup reg-reg] s901/Q -> merge785/SCD : -0.942139
[setup reg-reg] merge837/Q_N -> merge815/RESET_B : -0.941745
[setup reg-reg] s902/Q -> merge768/SCD : -0.926163
[setup reg-reg] merge815/Q -> merge767/SCD : -0.870184
[setup reg-reg] s901/Q -> c339/SCD : -0.811923
[setup reg-reg] s899/Q -> c407/D : -0.809423
[setup reg-reg] merge817/Q -> merge769/D : -0.759806
[setup reg-reg] s904/Q -> c475/D : -0.745462
[setup in-out] clk -> out33 : -0.729880
[setup reg-reg] s902/Q -> merge784/SET_B : -0.616920
[setup in-reg] in4 -> s848/GATE : -0.533641
[setup in-reg] in43 -> c105/D : -0.529523
[setup in-reg] in4 -> merge841/D : -0.495980
[setup in-reg] in43 -> s843/D : -0.495110
[setup reg-reg] s904/Q -> c446/SCD : -0.488425
[setup reg-reg] merge837/Q_N -> c674/SCE : -0.440842
[setup in-reg] in43 -> c103/SET_B : -0.424433
[setup in-reg] in43 -> merge826/SCE : -0.415142
[setup in-reg] in43 -> s844/D : -0.415034
[setup in-reg] in43 -> s845/D : -0.395186
[setup in-reg] in43 -> s842/D : -0.380433
[setup in-reg] in4 -> c302/SCE : -0.311882
[setup in-reg] in43 -> c103/D : -0.269492
[setup reg-out] merge812/Q -> out10 : -0.231871
[setup in-reg] in4 -> merge838/SET_B : -0.181501
[setup reg-reg] merge813/Q -> c450/SET_B : -0.179600
[setup reg-reg] merge837/Q_N -> c674/SET_B : -0.159295
[setup reg-reg] merge821/Q -> merge778/SET_B : -0.129808
[setup reg-reg] merge821/Q -> c305/SET_B : -0.128709
[setup in-reg] in4 -> s855/D : -0.092093
[setup in-reg] in4 -> merge841/SET_B : -0.073276
[setup reg-out] merge812/Q -> out15 : -0.022931
[setup reg-out] merge812/Q -> out43 : -0.010620
[setup in-reg] in4 -> s853/D : 0.000000
[setup in-reg] in43 -> merge817/D : 0.000000
Writing metric timing__hold_vio__count__corner:nom_tt_025C_1v80: 8
Writing metric timing__hold_r2r__ws__corner:nom_tt_025C_1v80: -5.034467
Writing metric timing__hold_r2r_vio__count__corner:nom_tt_025C_1v80: 7
Writing metric timing__setup_vio__count__corner:nom_tt_025C_1v80: 262
Writing metric timing__setup_r2r__ws__corner:nom_tt_025C_1v80: -10.059909
Writing metric timing__setup_r2r_vio__count__corner:nom_tt_025C_1v80: 168
