
===========================================================================
Violator List
============================================================================
[hold reg-reg] merge833/Q_N -> c414/SET_B : -2.612145
[hold reg-reg] c449/Q -> c454/RESET_B : -2.568804
[hold reg-reg] merge911/Q -> c608/SET_B : -1.538133
[hold reg-reg] s982/Q -> c725/SET_B : -1.497111
[hold in-reg] clk -> c369/SET_B : -1.222567
[hold reg-reg] c344/Q -> c356/RESET_B : -0.904497
[hold reg-reg] c578/Q -> c704/SET_B : -0.653632
[hold reg-reg] merge881/Q -> c493/RESET_B : -0.298869
[hold reg-reg] s990/Q -> merge920/RESET_B : -0.112279
[hold reg-reg] merge889/Q_N -> c292/RESET_B : -0.088864
[setup reg-reg] s942/Q -> c369/RESET_B : -8.493791
[setup reg-reg] s942/Q_N -> c493/RESET_B : -7.887576
[setup reg-reg] s974/Q_N -> c678/SET_B : -7.767581
[setup reg-reg] merge870/Q -> c356/RESET_B : -6.508037
[setup reg-out] s942/Q_N -> out27 : -5.205596
[setup reg-reg] s947/Q -> c493/SET_B : -4.797036
[setup reg-reg] s976/Q -> c708/SET_B : -4.652644
[setup reg-out] s942/Q_N -> out18 : -4.583700
[setup reg-out] s945/Q -> out5 : -4.413879
[setup reg-out] merge869/Q -> out32 : -4.326802
[setup reg-out] s961/Q -> out3 : -4.250811
[setup reg-reg] s947/Q -> c292/RESET_B : -4.177099
[setup reg-out] s942/Q_N -> out15 : -3.807515
[setup reg-reg] merge911/Q -> c608/SET_B : -3.799802
[setup reg-out] merge870/Q -> out31 : -3.551198
[setup reg-out] merge869/Q -> out36 : -3.507731
[setup reg-out] merge869/Q -> out34 : -3.353673
[setup reg-out] s945/Q -> out51 : -3.332274
[setup reg-reg] s942/Q_N -> merge870/D : -3.263116
[setup reg-reg] merge905/Q -> merge905/D : -3.249999
[setup reg-out] merge870/Q -> out60 : -3.225356
[setup reg-out] merge870/Q -> out33 : -3.209198
[setup reg-out] merge869/Q -> out58 : -3.206094
[setup reg-out] s945/Q -> out1 : -3.185694
[setup reg-out] s957/Q -> out19 : -3.180199
[setup reg-reg] s942/Q_N -> s958/D : -3.070520
[setup reg-out] merge909/Q -> out56 : -3.022081
[setup reg-reg] s993/Q -> s981/D : -2.907982
[setup reg-reg] merge878/Q -> merge878/RESET_B : -2.874755
[setup reg-reg] s942/Q -> merge901/D : -2.856325
[setup reg-reg] merge878/Q -> s979/D : -2.733474
[setup reg-reg] s942/Q_N -> c502/SCD : -2.671478
[setup reg-reg] s993/Q -> c725/D : -2.576582
[setup reg-reg] s947/Q -> merge878/D : -2.561858
[setup reg-reg] s942/Q -> merge908/D : -2.536560
[setup reg-reg] merge877/Q -> merge912/D : -2.533017
[setup reg-reg] merge877/Q -> merge910/D : -2.521440
[setup reg-reg] s942/Q -> merge928/D : -2.510497
[setup reg-reg] s961/Q -> merge907/D : -2.463604
[setup reg-reg] s942/Q -> merge918/RESET_B : -2.439491
[setup reg-reg] s993/Q -> merge923/D : -2.422811
[setup reg-reg] s945/Q -> merge928/SET_B : -2.395566
[setup reg-reg] s947/Q -> merge866/D : -2.376458
[setup reg-reg] s947/Q -> merge911/RESET_B : -2.260244
[setup reg-reg] s993/Q -> merge882/DE : -2.231453
[setup reg-reg] merge878/Q -> c711/SCE : -2.212701
[setup reg-reg] merge878/Q -> s964/D : -2.201113
[setup reg-reg] merge906/Q -> merge920/D : -2.187877
[setup reg-reg] s942/Q -> merge881/DE : -2.186352
[setup reg-reg] s942/Q -> merge915/GATE : -2.169478
[setup reg-reg] merge877/Q -> merge932/RESET_B : -2.161352
[setup reg-reg] merge877/Q -> c493/SCD : -2.119713
[setup reg-reg] s961/Q -> merge893/D : -2.061690
[setup reg-reg] s942/Q -> s954/GATE : -2.001639
[setup reg-reg] s974/Q_N -> merge903/D : -1.988168
[setup reg-reg] s942/Q -> merge889/D : -1.986805
[setup reg-reg] s977/Q -> s982/D : -1.970286
[setup reg-reg] s973/Q -> s990/D : -1.968863
[setup reg-reg] s993/Q -> merge914/DE : -1.936708
[setup reg-reg] s942/Q_N -> s971/GATE : -1.927308
[setup reg-reg] merge877/Q -> merge906/RESET_B : -1.913205
[setup reg-reg] merge877/Q -> c370/SCD : -1.910401
[setup reg-reg] s942/Q -> merge924/D : -1.890268
[setup reg-reg] s947/Q -> merge931/RESET_B : -1.889523
[setup reg-reg] s992/Q -> merge888/SCE : -1.886087
[setup reg-reg] s942/Q -> merge869/D : -1.870318
[setup reg-reg] s942/Q -> merge892/D : -1.849993
[setup reg-reg] s961/Q -> s962/D : -1.810885
[setup reg-reg] s947/Q -> c493/SET_B : -1.798496
[setup reg-reg] s993/Q -> s974/D : -1.783643
[setup reg-reg] s942/Q -> merge925/D : -1.780037
[setup reg-reg] s992/Q -> s955/GATE : -1.778921
[setup reg-reg] s974/Q_N -> s977/D : -1.765645
[setup reg-reg] s942/Q -> merge858/D : -1.747368
[setup reg-reg] s942/Q_N -> merge925/SET_B : -1.726968
[setup reg-reg] s974/Q -> s993/D : -1.716764
[setup reg-reg] merge878/Q -> c696/SCE : -1.704810
[setup reg-reg] merge866/Q_N -> merge912/RESET_B : -1.669418
[setup reg-reg] s960/Q -> s972/GATE : -1.668164
[setup reg-reg] merge866/Q_N -> c128/D : -1.666646
[setup reg-reg] s947/Q -> c303/D : -1.662948
[setup reg-reg] s961/Q -> merge926/SET_B : -1.661071
[setup reg-reg] merge868/Q -> merge891/D : -1.652488
[setup reg-reg] merge912/Q -> merge905/RESET_B : -1.618907
[setup reg-reg] merge877/Q -> c372/SCE : -1.597927
[setup reg-out] c303/Q -> out13 : -1.593392
[setup reg-reg] merge877/Q -> s943/D : -1.590986
[setup reg-reg] merge904/Q_N -> s957/D : -1.587109
[setup reg-reg] merge877/Q -> merge932/D : -1.582525
[setup reg-reg] s993/Q -> merge922/D : -1.580775
[setup reg-reg] s993/Q -> merge838/D : -1.563087
[setup reg-reg] s942/Q -> merge900/SET_B : -1.517693
[setup reg-reg] merge907/Q -> merge930/D : -1.487420
[setup reg-reg] merge866/Q_N -> c104/SCE : -1.476844
[setup reg-reg] merge877/Q -> c356/SET_B : -1.476161
[setup reg-reg] s960/Q -> merge882/D : -1.452522
[setup reg-reg] merge871/Q -> s942/D : -1.442071
[setup reg-reg] merge906/Q -> s991/D : -1.423444
[setup reg-reg] merge866/Q_N -> c497/RESET_B : -1.420357
[setup reg-reg] s992/Q -> merge916/GATE : -1.413861
[setup reg-reg] merge908/Q -> merge909/RESET_B : -1.400200
[setup reg-reg] merge877/Q -> c370/RESET_B : -1.396332
[setup reg-reg] s964/Q -> c708/RESET_B : -1.387962
[setup reg-reg] merge869/Q -> merge915/SCE : -1.383707
[setup reg-reg] s993/Q -> merge929/RESET_B : -1.332480
[setup reg-reg] merge868/Q_N -> s963/D : -1.307644
[setup reg-reg] s993/Q -> merge893/RESET_B : -1.288486
[setup reg-reg] merge877/Q -> c370/SCE : -1.277519
[setup reg-reg] merge905/Q -> merge920/RESET_B : -1.254510
[setup reg-reg] merge877/Q -> c226/SCE : -1.247646
[setup reg-reg] s993/Q -> merge838/RESET_B : -1.239245
[setup reg-reg] merge906/Q_N -> merge910/RESET_B : -1.218989
[setup reg-reg] merge908/Q -> c334/D : -1.216999
[setup reg-reg] s960/Q -> s966/D : -1.212768
[setup reg-reg] s942/Q -> merge858/RESET_B : -1.209449
[setup reg-reg] s977/Q -> merge927/D : -1.206987
[setup reg-reg] merge908/Q -> merge908/RESET_B : -1.188872
[setup reg-reg] s942/Q -> c369/RESET_B : -1.177752
[setup reg-reg] s974/Q -> s984/D : -1.155388
[setup reg-reg] merge868/Q_N -> merge906/D : -1.140992
[setup reg-reg] merge868/Q_N -> merge877/D : -1.140186
[setup reg-out] s941/Q_N -> out8 : -1.137853
[setup reg-reg] merge878/Q -> c704/RESET_B : -1.116286
[setup reg-reg] merge930/Q_N -> merge916/SCE : -1.110672
[setup reg-reg] merge909/Q -> s950/D : -1.109362
[setup reg-reg] merge877/Q -> c608/RESET_B : -1.082436
[setup reg-reg] merge903/Q_N -> s967/D : -1.075724
[setup reg-reg] merge871/Q -> merge918/D : -1.045609
[setup reg-reg] s977/Q -> merge926/D : -1.038954
[setup reg-reg] merge877/Q -> c372/RESET_B : -1.037558
[setup reg-reg] merge877/Q -> merge868/D : -1.034397
[setup reg-reg] merge932/Q -> merge836/D : -1.034061
[setup reg-reg] s957/Q_N -> merge917/SCE : -1.031492
[setup reg-reg] merge871/Q -> merge904/D : -1.026945
[setup reg-reg] s942/Q_N -> merge913/D : -1.015384
[setup reg-reg] s947/Q -> c292/RESET_B : -1.013146
[setup reg-reg] merge871/Q -> merge921/RESET_B : -1.009462
[setup reg-reg] merge877/Q -> c454/SET_B : -1.006263
[setup reg-reg] s993/Q -> merge840/RESET_B : -1.002391
[setup reg-reg] s942/Q -> c485/RESET_B : -1.001101
[setup reg-reg] merge858/Q -> s944/D : -0.949498
[setup reg-reg] merge877/Q -> c231/RESET_B : -0.947253
[setup reg-reg] s960/Q -> merge914/D : -0.943263
[setup reg-reg] merge877/Q -> c231/SET_B : -0.940743
[setup reg-reg] merge911/Q -> c608/SET_B : -0.936311
[setup reg-reg] merge903/Q_N -> s969/D : -0.935789
[setup reg-reg] s958/Q -> s973/D : -0.898678
[setup reg-reg] s958/Q_N -> merge924/SET_B : -0.896697
[setup reg-reg] s973/Q -> s989/D : -0.890538
[setup reg-reg] merge877/Q -> merge891/RESET_B : -0.877728
[setup reg-reg] s974/Q_N -> c694/RESET_B : -0.870440
[setup reg-reg] merge877/Q -> c342/RESET_B : -0.868005
[setup reg-reg] merge870/Q -> merge851/D : -0.850665
[setup reg-reg] s960/Q -> s970/GATE : -0.825429
[setup reg-reg] s974/Q -> s985/D : -0.818178
[setup reg-reg] merge906/Q -> c608/SCE : -0.807018
[setup reg-reg] s960/Q -> c555/SCE : -0.792442
[setup reg-reg] s961/Q -> merge902/D : -0.788902
[setup reg-reg] s942/Q -> c235/RESET_B : -0.732518
[setup reg-reg] merge908/Q -> c295/SCE : -0.719952
[setup reg-reg] merge906/Q -> merge877/RESET_B : -0.714784
[setup reg-reg] s947/Q -> c342/SET_B : -0.694013
[setup reg-reg] s974/Q -> merge907/RESET_B : -0.689787
[setup reg-reg] s992/Q -> merge851/SET_B : -0.686081
[setup reg-reg] s945/Q -> merge869/RESET_B : -0.684475
[setup reg-reg] merge858/Q -> s945/D : -0.677294
[setup reg-reg] s945/Q -> merge892/RESET_B : -0.668125
[setup in-reg] in18 -> c678/SCD : -0.660844
[setup in-reg] in18 -> merge911/D : -0.657398
[setup reg-reg] merge858/Q_N -> c235/SCE : -0.646129
[setup reg-reg] merge873/Q -> merge873/RESET_B : -0.643306
[setup reg-reg] merge859/Q_N -> s961/D : -0.640688
[setup reg-reg] s957/Q -> c578/SCE : -0.635202
[setup reg-reg] merge930/Q -> merge902/SET_B : -0.618718
[setup reg-reg] merge859/Q_N -> merge840/D : -0.607714
[setup in-reg] in18 -> s947/D : -0.583431
[setup reg-reg] merge903/Q -> c725/SCD : -0.494953
[setup reg-reg] s961/Q -> c555/RESET_B : -0.466475
[setup reg-out] c104/Q_N -> out54 : -0.457982
[setup reg-reg] s941/Q_N -> merge883/GATE : -0.409856
[setup reg-reg] merge868/Q -> c303/RESET_B : -0.402234
[setup in-out] clk -> out47 : -0.400269
[setup in-reg] in18 -> s959/D : -0.395627
[setup reg-reg] s961/Q -> merge899/SET_B : -0.378819
[setup reg-reg] merge866/Q_N -> c128/RESET_B : -0.361208
[setup reg-reg] s941/Q_N -> merge887/GATE : -0.358518
[setup reg-reg] s941/Q_N -> s992/D : -0.289686
[setup reg-reg] merge859/Q_N -> s960/D : -0.286831
[setup reg-reg] merge859/Q_N -> c578/D : -0.227058
[setup reg-reg] merge871/Q -> merge849/SET_B : -0.069383
[setup reg-reg] s941/Q_N -> merge871/D : 0.000000
[setup in-reg] in43 -> merge931/D : 0.000000
[setup in-reg] in37 -> merge873/D : 0.000000
[setup in-reg] in0 -> s980/D : 0.000000
[setup in-reg] clk -> merge859/D : 0.000000
[setup reg-reg] c303/Q -> merge909/D : 0.000000
[setup in-reg] in0 -> s975/D : 0.000000
[setup reg-reg] c696/Q_N -> s976/D : 0.000000
[setup in-reg] in8 -> s948/D : 0.000000
[setup reg-reg] c696/Q_N -> s978/D : 0.000000
[setup in-reg] clk -> s941/D : 0.000000
