Reading OpenROAD database at '/Users/junpeng/openlane2/netlist_mid_ad_min/src/netlist_1/runs/physical_design/16-openroad-ioplacement/netlist_1.odb'…
Reading library file at '/Users/junpeng/.volare/volare/sky130/versions/bdc9412b3e468c102d01b7cf6337be06ec6e9c9a/sky130A/libs.ref/sky130_fd_sc_hd/lib/sky130_fd_sc_hd__tt_025C_1v80.lib'…
Reading design constraints file at '/nix/store/fvqq0703nb8y0f998v8hgg5l6mjj8gb5-python3-3.11.6-env/lib/python3.11/site-packages/openlane/scripts/base.sdc'…
[INFO] Using clock clk…
[INFO] Setting output delay to: 1.6
[INFO] Setting input delay to: 1.6
[INFO] Setting load to: 0.033442
[INFO] Setting clock uncertainty to: 0.25
[INFO] Setting clock transition to: 0.1499999999999999944488848768742172978818416595458984375
[INFO] Setting timing derate to: 5%
[INFO] Setting RC values…
[INFO] Setting signal min routing layer to: met1 and clock min routing layer to met1. 
[INFO] Setting signal max routing layer to: met5 and clock max routing layer to met5. 
{*}-density 0.244452 -timing_driven -routability_driven -pad_right 0 -pad_left 0 -init_wirelength_coef 0.25
[INFO GPL-0002] DBU: 1000
[INFO GPL-0003] SiteSize: 460 2720
[INFO GPL-0004] CoreAreaLxLy: 5520 10880
[INFO GPL-0005] CoreAreaUxUy: 294400 288320
[INFO GPL-0006] NumInstances: 2025
[INFO GPL-0007] NumPlaceInstances: 677
[INFO GPL-0008] NumFixedInstances: 1348
[INFO GPL-0009] NumDummyInstances: 0
[INFO GPL-0010] NumNets: 796
[INFO GPL-0011] NumPins: 2854
[INFO GPL-0012] DieAreaLxLy: 0 0
[INFO GPL-0013] DieAreaUxUy: 300000 300000
[INFO GPL-0014] CoreAreaLxLy: 5520 10880
[INFO GPL-0015] CoreAreaUxUy: 294400 288320
[INFO GPL-0016] CoreArea: 80146867200
[INFO GPL-0017] NonPlaceInstsArea: 2197107200
[INFO GPL-0018] PlaceInstsArea: 10145980800
[INFO GPL-0019] Util(%): 13.02
[INFO GPL-0020] StdInstsArea: 10145980800
[INFO GPL-0021] MacroInstsArea: 0
[InitialPlace]  Iter: 1 CG residual: 0.00000010 HPWL: 50857857
[InitialPlace]  Iter: 2 CG residual: 0.00000011 HPWL: 31545859
[InitialPlace]  Iter: 3 CG residual: 0.00000008 HPWL: 31075746
[InitialPlace]  Iter: 4 CG residual: 0.00000007 HPWL: 30896925
[InitialPlace]  Iter: 5 CG residual: 0.00000008 HPWL: 30740422
[INFO GPL-0031] FillerInit: NumGCells: 1302
[INFO GPL-0032] FillerInit: NumGNets: 796
[INFO GPL-0033] FillerInit: NumGPins: 2854
[INFO GPL-0023] TargetDensity: 0.24
[INFO GPL-0024] AveragePlaceInstArea: 14986677
[INFO GPL-0025] IdealBinArea: 61307240
[INFO GPL-0026] IdealBinCnt: 1307
[INFO GPL-0027] TotalBinArea: 80146867200
[INFO GPL-0028] BinCnt: 32 32
[INFO GPL-0029] BinSize: 9028 8670
[INFO GPL-0030] NumBins: 1024
[NesterovSolve] Iter: 1 overflow: 0.888344 HPWL: 27596105
[INFO GPL-0100] worst slack -2.55e-09
[INFO GPL-0103] Weighted 77 nets.
[NesterovSolve] Iter: 10 overflow: 0.703956 HPWL: 32059781
[NesterovSolve] Iter: 20 overflow: 0.689583 HPWL: 31907658
[NesterovSolve] Iter: 30 overflow: 0.693572 HPWL: 31867568
[NesterovSolve] Iter: 40 overflow: 0.691862 HPWL: 31865958
[NesterovSolve] Iter: 50 overflow: 0.691401 HPWL: 31882077
[NesterovSolve] Iter: 60 overflow: 0.693123 HPWL: 31866166
[NesterovSolve] Iter: 70 overflow: 0.693249 HPWL: 31870154
[NesterovSolve] Iter: 80 overflow: 0.692285 HPWL: 31876681
[NesterovSolve] Iter: 90 overflow: 0.692057 HPWL: 31873306
[NesterovSolve] Iter: 100 overflow: 0.691954 HPWL: 31876621
[NesterovSolve] Iter: 110 overflow: 0.691885 HPWL: 31881659
[NesterovSolve] Iter: 120 overflow: 0.691692 HPWL: 31887951
[NesterovSolve] Iter: 130 overflow: 0.691081 HPWL: 31907168
[NesterovSolve] Iter: 140 overflow: 0.690173 HPWL: 31937778
[NesterovSolve] Iter: 150 overflow: 0.688992 HPWL: 31983412
[NesterovSolve] Iter: 160 overflow: 0.686947 HPWL: 32051831
[NesterovSolve] Iter: 170 overflow: 0.683436 HPWL: 32142754
[NesterovSolve] Iter: 180 overflow: 0.679225 HPWL: 32271411
[NesterovSolve] Iter: 190 overflow: 0.672291 HPWL: 32440755
[NesterovSolve] Iter: 200 overflow: 0.661345 HPWL: 32678049
[NesterovSolve] Iter: 210 overflow: 0.648737 HPWL: 33002934
[NesterovSolve] Iter: 220 overflow: 0.633778 HPWL: 33330407
[INFO GPL-0100] worst slack -2.57e-09
[INFO GPL-0103] Weighted 78 nets.
[NesterovSolve] Iter: 230 overflow: 0.612219 HPWL: 33804813
[NesterovSolve] Snapshot saved at iter = 234
[NesterovSolve] Iter: 240 overflow: 0.585555 HPWL: 34326042
[NesterovSolve] Iter: 250 overflow: 0.550983 HPWL: 34826381
[NesterovSolve] Iter: 260 overflow: 0.513221 HPWL: 35427688
[INFO GPL-0100] worst slack -2.52e-09
[INFO GPL-0103] Weighted 78 nets.
[NesterovSolve] Iter: 270 overflow: 0.472012 HPWL: 36105404
[NesterovSolve] Iter: 280 overflow: 0.423607 HPWL: 36859398
[NesterovSolve] Iter: 290 overflow: 0.371626 HPWL: 37641399
[NesterovSolve] Iter: 300 overflow: 0.328339 HPWL: 38378895
[NesterovSolve] Iter: 310 overflow: 0.298792 HPWL: 38863778
[INFO GPL-0100] worst slack -2.56e-09
[INFO GPL-0103] Weighted 77 nets.
[NesterovSolve] Iter: 320 overflow: 0.265746 HPWL: 39344976
[NesterovSolve] Iter: 330 overflow: 0.233823 HPWL: 39664783
[NesterovSolve] Iter: 340 overflow: 0.205059 HPWL: 39963312
[INFO GPL-0100] worst slack -2.59e-09
[INFO GPL-0103] Weighted 78 nets.
[INFO GPL-0075] Routability numCall: 1 inflationIterCnt: 1 bloatIterCnt: 0
[INFO GPL-0036] TileLxLy: 0 0
[INFO GPL-0037] TileSize: 6900 6900
[INFO GPL-0038] TileCnt: 43 43
[INFO GPL-0039] numRoutingLayers: 6
[INFO GPL-0040] NumTiles: 1849
[INFO GPL-0063] TotalRouteOverflowH2: 0
[INFO GPL-0064] TotalRouteOverflowV2: 0
[INFO GPL-0065] OverflowTileCnt2: 0
[INFO GPL-0066] 0.5%RC: 1
[INFO GPL-0067] 1.0%RC: 0.9863636331124739
[INFO GPL-0068] 2.0%RC: 0.9504587037847676
[INFO GPL-0069] 5.0%RC: 0.8766544141313609
[INFO GPL-0070] 0.5rcK: 1
[INFO GPL-0071] 1.0rcK: 1
[INFO GPL-0072] 2.0rcK: 0
[INFO GPL-0073] 5.0rcK: 0
[INFO GPL-0074] FinalRC: 0.9931818
[NesterovSolve] Iter: 350 overflow: 0.176898 HPWL: 40218753
[NesterovSolve] Iter: 360 overflow: 0.153885 HPWL: 40416376
[INFO GPL-0100] worst slack -2.46e-09
[INFO GPL-0103] Weighted 78 nets.
[NesterovSolve] Iter: 370 overflow: 0.131427 HPWL: 40622226
[NesterovSolve] Iter: 380 overflow: 0.111717 HPWL: 40780886
[NesterovSolve] Finished with Overflow: 0.099938
[INFO] Setting RC values…
Setting global connections for newly added cells…
[INFO] Setting global connections...
Writing OpenROAD database to '/Users/junpeng/openlane2/netlist_mid_ad_min/src/netlist_1/runs/physical_design/19-openroad-globalplacement/netlist_1.odb'…
Writing netlist to '/Users/junpeng/openlane2/netlist_mid_ad_min/src/netlist_1/runs/physical_design/19-openroad-globalplacement/netlist_1.nl.v'…
Writing powered netlist to '/Users/junpeng/openlane2/netlist_mid_ad_min/src/netlist_1/runs/physical_design/19-openroad-globalplacement/netlist_1.pnl.v'…
Writing layout to '/Users/junpeng/openlane2/netlist_mid_ad_min/src/netlist_1/runs/physical_design/19-openroad-globalplacement/netlist_1.def'…
Writing timing constraints to '/Users/junpeng/openlane2/netlist_mid_ad_min/src/netlist_1/runs/physical_design/19-openroad-globalplacement/netlist_1.sdc'…
