Starting…
Running 'Yosys.JsonHeader'…
Logging subprocess to [repr.filename][link=file:///Users/junpeng/openlane2/netlist_mid_ad/src/netlist_1/runs/physical_design/02-yosys-jsonheader/yosys-jsonheader.log]netlist_mid_ad/src/netlist_1/runs/physical_design/02-yosys-jsonheader/yosys-jsonheader.log[/link][/repr.filename]…
Running 'OpenROAD.CheckMacroInstances'…
No macros found, skipping instance check…
Running 'OpenROAD.STAPrePNR'…
Starting STA for the nom_tt_025C_1v80 timing corner…
Starting STA for the nom_ss_100C_1v60 timing corner…
Starting STA for the nom_ff_n40C_1v95 timing corner…
Skipping corner min_tt_025C_1v80 for STA (identical to nom_tt_025C_1v80 at this stage)…
Skipping corner min_ss_100C_1v60 for STA (identical to nom_ss_100C_1v60 at this stage)…
Skipping corner min_ff_n40C_1v95 for STA (identical to nom_ff_n40C_1v95 at this stage)…
Skipping corner max_tt_025C_1v80 for STA (identical to nom_tt_025C_1v80 at this stage)…
Logging subprocess to [repr.filename][link=file:///Users/junpeng/openlane2/netlist_mid_ad/src/netlist_1/runs/physical_design/04-openroad-staprepnr/nom_tt_025C_1v80/sta.log]netlist_mid_ad/src/netlist_1/runs/physical_design/04-openroad-staprepnr/nom_tt_025C_1v80/sta.log[/link][/repr.filename]…
Skipping corner max_ss_100C_1v60 for STA (identical to nom_ss_100C_1v60 at this stage)…
Skipping corner max_ff_n40C_1v95 for STA (identical to nom_ff_n40C_1v95 at this stage)…
Logging subprocess to [repr.filename][link=file:///Users/junpeng/openlane2/netlist_mid_ad/src/netlist_1/runs/physical_design/04-openroad-staprepnr/nom_ff_n40C_1v95/sta.log]netlist_mid_ad/src/netlist_1/runs/physical_design/04-openroad-staprepnr/nom_ff_n40C_1v95/sta.log[/link][/repr.filename]…
Logging subprocess to [repr.filename][link=file:///Users/junpeng/openlane2/netlist_mid_ad/src/netlist_1/runs/physical_design/04-openroad-staprepnr/nom_ss_100C_1v60/sta.log]netlist_mid_ad/src/netlist_1/runs/physical_design/04-openroad-staprepnr/nom_ss_100C_1v60/sta.log[/link][/repr.filename]…
Finished STA for the nom_ss_100C_1v60 timing corner.
Finished STA for the nom_tt_025C_1v80 timing corner.
Finished STA for the nom_ff_n40C_1v95 timing corner.
Running 'OpenROAD.Floorplan'…
Logging subprocess to [repr.filename][link=file:///Users/junpeng/openlane2/netlist_mid_ad/src/netlist_1/runs/physical_design/05-openroad-floorplan/openroad-floorplan.log]netlist_mid_ad/src/netlist_1/runs/physical_design/05-openroad-floorplan/openroad-floorplan.log[/link][/repr.filename]…
Running 'Odb.CheckMacroAntennaProperties'…
No cells provided, skipping…
Running 'Odb.SetPowerConnections'…
Logging subprocess to [repr.filename][link=file:///Users/junpeng/openlane2/netlist_mid_ad/src/netlist_1/runs/physical_design/07-odb-setpowerconnections/odb-setpowerconnections.log]netlist_mid_ad/src/netlist_1/runs/physical_design/07-odb-setpowerconnections/odb-setpowerconnections.log[/link][/repr.filename]…
Running 'Odb.ManualMacroPlacement'…
No instances found, skipping 'Odb.ManualMacroPlacement'…
Running 'OpenROAD.CutRows'…
Logging subprocess to [repr.filename][link=file:///Users/junpeng/openlane2/netlist_mid_ad/src/netlist_1/runs/physical_design/09-openroad-cutrows/openroad-cutrows.log]netlist_mid_ad/src/netlist_1/runs/physical_design/09-openroad-cutrows/openroad-cutrows.log[/link][/repr.filename]…
Running 'OpenROAD.TapEndcapInsertion'…
Logging subprocess to [repr.filename][link=file:///Users/junpeng/openlane2/netlist_mid_ad/src/netlist_1/runs/physical_design/10-openroad-tapendcapinsertion/openroad-tapendcapinsertion.log]netlist_mid_ad/src/netlist_1/runs/physical_design/10-openroad-tapendcapinsertion/openroad-tapendcapinsertion.log[/link][/repr.filename]…
Running 'Odb.AddPDNObstructions'…
'PDN_OBSTRUCTIONS' is not defined. Skipping 'Odb.AddPDNObstructions'…
Running 'OpenROAD.GeneratePDN'…
'FP_PDN_CFG' not explicitly set, setting it to /nix/store/fvqq0703nb8y0f998v8hgg5l6mjj8gb5-python3-3.11.6-env/lib/python3.11/site-packages/openlane/scripts/openroad/common/pdn_cfg.tcl…
Logging subprocess to [repr.filename][link=file:///Users/junpeng/openlane2/netlist_mid_ad/src/netlist_1/runs/physical_design/12-openroad-generatepdn/openroad-generatepdn.log]netlist_mid_ad/src/netlist_1/runs/physical_design/12-openroad-generatepdn/openroad-generatepdn.log[/link][/repr.filename]…
Running 'Odb.RemovePDNObstructions'…
'PDN_OBSTRUCTIONS' is not defined. Skipping 'Odb.RemovePDNObstructions'…
Running 'Odb.AddRoutingObstructions'…
'ROUTING_OBSTRUCTIONS' is not defined. Skipping 'Odb.AddRoutingObstructions'…
Running 'OpenROAD.GlobalPlacementSkipIO'…
'PL_TARGET_DENSITY_PCT' not explicitly set, using dynamically calculated target density: 34.127300…
Logging subprocess to [repr.filename][link=file:///Users/junpeng/openlane2/netlist_mid_ad/src/netlist_1/runs/physical_design/15-openroad-globalplacementskipio/openroad-globalplacementskipio.log]netlist_mid_ad/src/netlist_1/runs/physical_design/15-openroad-globalplacementskipio/openroad-globalplacementskipio.log[/link][/repr.filename]…
Running 'OpenROAD.IOPlacement'…
Logging subprocess to [repr.filename][link=file:///Users/junpeng/openlane2/netlist_mid_ad/src/netlist_1/runs/physical_design/16-openroad-ioplacement/openroad-ioplacement.log]netlist_mid_ad/src/netlist_1/runs/physical_design/16-openroad-ioplacement/openroad-ioplacement.log[/link][/repr.filename]…
Running 'Odb.CustomIOPlacement'…
No custom floorplan file configured, skipping…
Running 'Odb.ApplyDEFTemplate'…
No DEF template provided, skipping…
Running 'OpenROAD.GlobalPlacement'…
'PL_TARGET_DENSITY_PCT' not explicitly set, using dynamically calculated target density: 34.127300…
Logging subprocess to [repr.filename][link=file:///Users/junpeng/openlane2/netlist_mid_ad/src/netlist_1/runs/physical_design/19-openroad-globalplacement/openroad-globalplacement.log]netlist_mid_ad/src/netlist_1/runs/physical_design/19-openroad-globalplacement/openroad-globalplacement.log[/link][/repr.filename]…
Running 'Odb.WriteVerilogHeader'…
Logging subprocess to [repr.filename][link=file:///Users/junpeng/openlane2/netlist_mid_ad/src/netlist_1/runs/physical_design/20-odb-writeverilogheader/odb-writeverilogheader.log]netlist_mid_ad/src/netlist_1/runs/physical_design/20-odb-writeverilogheader/odb-writeverilogheader.log[/link][/repr.filename]…
Running 'Checker.PowerGridViolations'…
Check for power grid violations (as reported by OpenROAD PSM- you may ignore these if LVS passes) clear.
Running 'OpenROAD.STAMidPNR'…
Logging subprocess to [repr.filename][link=file:///Users/junpeng/openlane2/netlist_mid_ad/src/netlist_1/runs/physical_design/22-openroad-stamidpnr/openroad-stamidpnr.log]netlist_mid_ad/src/netlist_1/runs/physical_design/22-openroad-stamidpnr/openroad-stamidpnr.log[/link][/repr.filename]…
Running 'OpenROAD.RepairDesignPostGPL'…
Logging subprocess to [repr.filename][link=file:///Users/junpeng/openlane2/netlist_mid_ad/src/netlist_1/runs/physical_design/23-openroad-repairdesignpostgpl/openroad-repairdesignpostgpl.log]netlist_mid_ad/src/netlist_1/runs/physical_design/23-openroad-repairdesignpostgpl/openroad-repairdesignpostgpl.log[/link][/repr.filename]…
[RSZ-0020] found 15 floating nets.
[RSZ-0095] found 18 floating pins.
Running 'OpenROAD.DetailedPlacement'…
Logging subprocess to [repr.filename][link=file:///Users/junpeng/openlane2/netlist_mid_ad/src/netlist_1/runs/physical_design/24-openroad-detailedplacement/openroad-detailedplacement.log]netlist_mid_ad/src/netlist_1/runs/physical_design/24-openroad-detailedplacement/openroad-detailedplacement.log[/link][/repr.filename]…
Running 'OpenROAD.CTS'…
Logging subprocess to [repr.filename][link=file:///Users/junpeng/openlane2/netlist_mid_ad/src/netlist_1/runs/physical_design/25-openroad-cts/openroad-cts.log]netlist_mid_ad/src/netlist_1/runs/physical_design/25-openroad-cts/openroad-cts.log[/link][/repr.filename]…
[CTS-0041] Net "net617" has 1 sinks. Skipping...
[CTS-0041] Net "net611" has 1 sinks. Skipping...
[CTS-0041] Net "net615" has 1 sinks. Skipping...
[CTS-0041] Net "net624" has 1 sinks. Skipping...
[CTS-0041] Net "net629" has 1 sinks. Skipping...
[CTS-0041] Net "net638" has 1 sinks. Skipping...
[CTS-0041] Net "net675" has 1 sinks. Skipping...
[CTS-0041] Net "net687" has 1 sinks. Skipping...
[CTS-0041] Net "net733" has 1 sinks. Skipping...
[CTS-0041] Net "net633" has 1 sinks. Skipping...
[CTS-0041] Net "net691" has 1 sinks. Skipping...
[CTS-0041] Net "net632" has 1 sinks. Skipping...
[CTS-0041] Net "net694" has 1 sinks. Skipping...
[CTS-0041] Net "net698" has 1 sinks. Skipping...
[CTS-0041] Net "net630" has 1 sinks. Skipping...
[CTS-0041] Net "net626" has 1 sinks. Skipping...
[CTS-0041] Net "net625" has 1 sinks. Skipping...
[CTS-0041] Net "net622" has 1 sinks. Skipping...
[CTS-0041] Net "net627" has 1 sinks. Skipping...
[CTS-0041] Net "net620" has 1 sinks. Skipping...
[CTS-0041] Net "net604" has 1 sinks. Skipping...
[CTS-0041] Net "net614" has 1 sinks. Skipping...
[CTS-0041] Net "net631" has 1 sinks. Skipping...
[CTS-0041] Net "net634" has 1 sinks. Skipping...
[CTS-0041] Net "net678" has 1 sinks. Skipping...
[CTS-0041] Net "net600" has 1 sinks. Skipping...
[CTS-0041] Net "net662" has 1 sinks. Skipping...
[CTS-0041] Net "net609" has 1 sinks. Skipping...
[CTS-0041] Net "net684" has 1 sinks. Skipping...
[CTS-0041] Net "net603" has 1 sinks. Skipping...
[CTS-0041] Net "net601" has 1 sinks. Skipping...
[CTS-0041] Net "net599" has 0 sinks. Skipping...
[CTS-0041] Net "net612" has 1 sinks. Skipping...
[CTS-0041] Net "net597" has 1 sinks. Skipping...
[CTS-0041] Net "net592" has 1 sinks. Skipping...
[CTS-0041] Net "net591" has 1 sinks. Skipping...
[CTS-0041] Net "net589" has 1 sinks. Skipping...
[CTS-0041] Net "net586" has 1 sinks. Skipping...
[CTS-0041] Net "net582" has 1 sinks. Skipping...
[CTS-0041] Net "net579" has 1 sinks. Skipping...
[CTS-0041] Net "net583" has 1 sinks. Skipping...
[CTS-0041] Net "net581" has 1 sinks. Skipping...
[CTS-0041] Net "net580" has 1 sinks. Skipping...
[CTS-0041] Net "net546" has 1 sinks. Skipping...
[CTS-0041] Net "net543" has 1 sinks. Skipping...
[CTS-0041] Net "net548" has 1 sinks. Skipping...
[CTS-0041] Net "net542" has 1 sinks. Skipping...
[CTS-0041] Net "net590" has 1 sinks. Skipping...
[CTS-0041] Net "net578" has 1 sinks. Skipping...
[CTS-0041] Net "net575" has 1 sinks. Skipping...
[CTS-0041] Net "net560" has 1 sinks. Skipping...
[CTS-0041] Net "net572" has 1 sinks. Skipping...
[CTS-0041] Net "net569" has 1 sinks. Skipping...
[CTS-0041] Net "net668" has 1 sinks. Skipping...
[CTS-0041] Net "net562" has 1 sinks. Skipping...
[CTS-0041] Net "net559" has 1 sinks. Skipping...
[CTS-0041] Net "net555" has 1 sinks. Skipping...
[CTS-0041] Net "net551" has 1 sinks. Skipping...
[CTS-0041] Net "net573" has 1 sinks. Skipping...
[CTS-0041] Net "net584" has 1 sinks. Skipping...
[CTS-0041] Net "net654" has 1 sinks. Skipping...
[CTS-0041] Net "net695" has 1 sinks. Skipping...
[CTS-0041] Net "net420" has 1 sinks. Skipping...
[CTS-0041] Net "net421" has 1 sinks. Skipping...
[CTS-0041] Net "net682" has 1 sinks. Skipping...
[CTS-0041] Net "net419" has 1 sinks. Skipping...
[CTS-0041] Net "net681" has 1 sinks. Skipping...
[CTS-0041] Net "net418" has 1 sinks. Skipping...
[CTS-0041] Net "net657" has 1 sinks. Skipping...
[CTS-0041] Net "net417" has 1 sinks. Skipping...
[CTS-0041] Net "net416" has 1 sinks. Skipping...
[CTS-0041] Net "net282" has 1 sinks. Skipping...
[CTS-0041] Net "net284" has 1 sinks. Skipping...
[CTS-0041] Net "net499" has 1 sinks. Skipping...
[CTS-0041] Net "net683" has 1 sinks. Skipping...
[CTS-0041] Net "net608" has 1 sinks. Skipping...
[CTS-0041] Net "net509" has 1 sinks. Skipping...
[CTS-0041] Net "net508" has 1 sinks. Skipping...
[CTS-0041] Net "net506" has 1 sinks. Skipping...
[CTS-0041] Net "net505" has 1 sinks. Skipping...
[CTS-0041] Net "net721" has 1 sinks. Skipping...
[CTS-0041] Net "net507" has 0 sinks. Skipping...
[CTS-0041] Net "net504" has 1 sinks. Skipping...
[CTS-0041] Net "net503" has 1 sinks. Skipping...
[CTS-0041] Net "net502" has 1 sinks. Skipping...
[CTS-0041] Net "net524" has 1 sinks. Skipping...
[CTS-0041] Net "net516" has 1 sinks. Skipping...
[CTS-0041] Net "net673" has 1 sinks. Skipping...
[CTS-0041] Net "net526" has 1 sinks. Skipping...
[CTS-0041] Net "net688" has 1 sinks. Skipping...
[CTS-0041] Net "net522" has 1 sinks. Skipping...
[CTS-0041] Net "net523" has 1 sinks. Skipping...
[CTS-0041] Net "net637" has 1 sinks. Skipping...
[CTS-0041] Net "net528" has 1 sinks. Skipping...
[CTS-0041] Net "net514" has 1 sinks. Skipping...
[CTS-0041] Net "net520" has 1 sinks. Skipping...
[CTS-0041] Net "net492" has 1 sinks. Skipping...
[CTS-0041] Net "net495" has 1 sinks. Skipping...
[CTS-0041] Net "net489" has 1 sinks. Skipping...
[CTS-0041] Net "net671" has 1 sinks. Skipping...
[CTS-0041] Net "net281" has 1 sinks. Skipping...
[CTS-0041] Net "net391" has 1 sinks. Skipping...
[CTS-0041] Net "net390" has 1 sinks. Skipping...
[CTS-0041] Net "net658" has 1 sinks. Skipping...
[CTS-0041] Net "out23" has 0 sinks. Skipping...
[CTS-0041] Net "net408" has 1 sinks. Skipping...
[CTS-0041] Net "net415" has 1 sinks. Skipping...
[CTS-0041] Net "net412" has 1 sinks. Skipping...
[CTS-0041] Net "out2" has 0 sinks. Skipping...
[CTS-0041] Net "net414" has 1 sinks. Skipping...
[CTS-0041] Net "net946" has 1 sinks. Skipping...
[CTS-0041] Net "out31" has 0 sinks. Skipping...
[CTS-0041] Net "net193" has 1 sinks. Skipping...
[CTS-0041] Net "net195" has 0 sinks. Skipping...
[CTS-0041] Net "net409" has 1 sinks. Skipping...
[CTS-0041] Net "net628" has 1 sinks. Skipping...
[CTS-0041] Net "net511" has 1 sinks. Skipping...
[CTS-0041] Net "net517" has 1 sinks. Skipping...
[CTS-0041] Net "net388" has 1 sinks. Skipping...
[CTS-0041] Net "net274" has 1 sinks. Skipping...
[CTS-0041] Net "out26" has 0 sinks. Skipping...
[CTS-0041] Net "net399" has 1 sinks. Skipping...
[CTS-0041] Net "net395" has 1 sinks. Skipping...
[CTS-0041] Net "net402" has 1 sinks. Skipping...
[CTS-0041] Net "net401" has 1 sinks. Skipping...
[CTS-0041] Net "net398" has 1 sinks. Skipping...
[CTS-0041] Net "net397" has 1 sinks. Skipping...
[CTS-0041] Net "out41" has 0 sinks. Skipping...
[CTS-0041] Net "net400" has 1 sinks. Skipping...
[CTS-0041] Net "net394" has 1 sinks. Skipping...
[CTS-0041] Net "net393" has 1 sinks. Skipping...
[CTS-0041] Net "net384" has 1 sinks. Skipping...
[CTS-0041] Net "net380" has 1 sinks. Skipping...
[CTS-0041] Net "net379" has 1 sinks. Skipping...
[CTS-0041] Net "net493" has 1 sinks. Skipping...
[CTS-0041] Net "net491" has 1 sinks. Skipping...
[CTS-0041] Net "net473" has 1 sinks. Skipping...
[CTS-0041] Net "net468" has 1 sinks. Skipping...
[CTS-0041] Net "net655" has 1 sinks. Skipping...
[CTS-0041] Net "net381" has 1 sinks. Skipping...
[CTS-0041] Net "net377" has 1 sinks. Skipping...
[CTS-0041] Net "net659" has 1 sinks. Skipping...
[CTS-0041] Net "net375" has 1 sinks. Skipping...
[CTS-0041] Net "net373" has 1 sinks. Skipping...
[CTS-0041] Net "net483" has 1 sinks. Skipping...
[CTS-0041] Net "net487" has 1 sinks. Skipping...
[CTS-0041] Net "net376" has 1 sinks. Skipping...
[CTS-0041] Net "net372" has 1 sinks. Skipping...
[CTS-0041] Net "out40" has 0 sinks. Skipping...
[CTS-0041] Net "out27" has 0 sinks. Skipping...
[CTS-0041] Net "net396" has 1 sinks. Skipping...
[CTS-0041] Net "net392" has 1 sinks. Skipping...
[CTS-0041] Net "net300" has 1 sinks. Skipping...
[CTS-0041] Net "net303" has 1 sinks. Skipping...
[CTS-0041] Net "net302" has 1 sinks. Skipping...
[CTS-0041] Net "net301" has 1 sinks. Skipping...
[CTS-0041] Net "net656" has 1 sinks. Skipping...
[CTS-0041] Net "net298" has 1 sinks. Skipping...
[CTS-0041] Net "out10" has 0 sinks. Skipping...
[CTS-0041] Net "net527" has 1 sinks. Skipping...
[CTS-0041] Net "net411" has 1 sinks. Skipping...
[CTS-0041] Net "net977" has 1 sinks. Skipping...
[CTS-0041] Net "out8" has 0 sinks. Skipping...
[CTS-0041] Net "net403" has 1 sinks. Skipping...
[CTS-0041] Net "net410" has 1 sinks. Skipping...
[CTS-0041] Net "net295" has 1 sinks. Skipping...
[CTS-0041] Net "net292" has 1 sinks. Skipping...
[CTS-0041] Net "out46" has 0 sinks. Skipping...
[CTS-0041] Net "net968" has 1 sinks. Skipping...
[CTS-0041] Net "out54" has 0 sinks. Skipping...
[CTS-0041] Net "net289" has 1 sinks. Skipping...
[CTS-0041] Net "net286" has 1 sinks. Skipping...
[CTS-0041] Net "net480" has 1 sinks. Skipping...
[CTS-0041] Net "out59" has 0 sinks. Skipping...
[CTS-0041] Net "net305" has 0 sinks. Skipping...
[CTS-0041] Net "net291" has 1 sinks. Skipping...
[CTS-0041] Net "net290" has 1 sinks. Skipping...
[CTS-0041] Net "net283" has 1 sinks. Skipping...
[CTS-0041] Net "net704" has 1 sinks. Skipping...
[CTS-0041] Net "net188" has 1 sinks. Skipping...
[CTS-0041] Net "net661" has 1 sinks. Skipping...
[CTS-0041] Net "out61" has 0 sinks. Skipping...
[CTS-0041] Net "net304" has 1 sinks. Skipping...
[CTS-0041] Net "net192" has 1 sinks. Skipping...
[CTS-0041] Net "net191" has 1 sinks. Skipping...
[CTS-0041] Net "net190" has 1 sinks. Skipping...
[CTS-0041] Net "net189" has 1 sinks. Skipping...
[CTS-0041] Net "net194" has 1 sinks. Skipping...
[CTS-0041] Net "net186" has 1 sinks. Skipping...
[CTS-0041] Net "net645" has 1 sinks. Skipping...
[CTS-0041] Net "net686" has 1 sinks. Skipping...
[CTS-0041] Net "net639" has 1 sinks. Skipping...
[CTS-0041] Net "net155" has 1 sinks. Skipping...
[CTS-0041] Net "net154" has 1 sinks. Skipping...
[CTS-0041] Net "net676" has 1 sinks. Skipping...
[CTS-0041] Net "net270" has 1 sinks. Skipping...
[CTS-0041] Net "net653" has 1 sinks. Skipping...
[CTS-0041] Net "net976" has 1 sinks. Skipping...
[CTS-0041] Net "out7" has 0 sinks. Skipping...
[CTS-0041] Net "net183" has 1 sinks. Skipping...
[CTS-0041] Net "out24" has 0 sinks. Skipping...
[CTS-0041] Net "net185" has 1 sinks. Skipping...
[CTS-0041] Net "net184" has 1 sinks. Skipping...
[CTS-0041] Net "net278" has 1 sinks. Skipping...
[CTS-0041] Net "net277" has 1 sinks. Skipping...
[CTS-0041] Net "net269" has 1 sinks. Skipping...
[CTS-0041] Net "net264" has 1 sinks. Skipping...
[CTS-0041] Net "net157" has 1 sinks. Skipping...
[CTS-0041] Net "net153" has 1 sinks. Skipping...
[CTS-0041] Net "net150" has 1 sinks. Skipping...
[CTS-0041] Net "net165" has 1 sinks. Skipping...
[CTS-0041] Net "net179" has 1 sinks. Skipping...
[CTS-0041] Net "net707" has 1 sinks. Skipping...
[CTS-0041] Net "net177" has 1 sinks. Skipping...
[CTS-0041] Net "net173" has 1 sinks. Skipping...
[CTS-0041] Net "net172" has 1 sinks. Skipping...
[CTS-0041] Net "out57" has 0 sinks. Skipping...
[CTS-0041] Net "net285" has 1 sinks. Skipping...
[CTS-0041] Net "net171" has 1 sinks. Skipping...
[CTS-0041] Net "net456" has 0 sinks. Skipping...
[CTS-0041] Net "out17" has 0 sinks. Skipping...
[CTS-0041] Net "net494" has 1 sinks. Skipping...
[CTS-0041] Net "net368" has 1 sinks. Skipping...
[CTS-0041] Net "net363" has 1 sinks. Skipping...
[CTS-0041] Net "net486" has 1 sinks. Skipping...
[CTS-0041] Net "net595" has 1 sinks. Skipping...
[CTS-0041] Net "net488" has 1 sinks. Skipping...
[CTS-0041] Net "net482" has 1 sinks. Skipping...
[CTS-0041] Net "net679" has 1 sinks. Skipping...
[CTS-0041] Net "net481" has 1 sinks. Skipping...
[CTS-0041] Net "net477" has 1 sinks. Skipping...
[CTS-0041] Net "net475" has 1 sinks. Skipping...
[CTS-0041] Net "net472" has 1 sinks. Skipping...
[CTS-0041] Net "net497" has 1 sinks. Skipping...
[CTS-0041] Net "net478" has 1 sinks. Skipping...
[CTS-0041] Net "net254" has 1 sinks. Skipping...
[CTS-0041] Net "net256" has 1 sinks. Skipping...
[CTS-0041] Net "net262" has 1 sinks. Skipping...
[CTS-0041] Net "net260" has 1 sinks. Skipping...
[CTS-0041] Net "net250" has 1 sinks. Skipping...
[CTS-0041] Net "net643" has 1 sinks. Skipping...
[CTS-0041] Net "net366" has 1 sinks. Skipping...
[CTS-0041] Net "net365" has 1 sinks. Skipping...
[CTS-0041] Net "net124" has 1 sinks. Skipping...
[CTS-0041] Net "net123" has 0 sinks. Skipping...
Running 'OpenROAD.STAMidPNR-1'…
Logging subprocess to [repr.filename][link=file:///Users/junpeng/openlane2/netlist_mid_ad/src/netlist_1/runs/physical_design/26-openroad-stamidpnr-1/openroad-stamidpnr-1.log]netlist_mid_ad/src/netlist_1/runs/physical_design/26-openroad-stamidpnr-1/openroad-stamidpnr-1.log[/link][/repr.filename]…
Running 'OpenROAD.ResizerTimingPostCTS'…
Logging subprocess to [repr.filename][link=file:///Users/junpeng/openlane2/netlist_mid_ad/src/netlist_1/runs/physical_design/27-openroad-resizertimingpostcts/openroad-resizertimingpostcts.log]netlist_mid_ad/src/netlist_1/runs/physical_design/27-openroad-resizertimingpostcts/openroad-resizertimingpostcts.log[/link][/repr.filename]…
[RSZ-0062] Unable to repair all setup violations.
[RSZ-0064] Unable to repair all hold checks within margin.
Running 'OpenROAD.STAMidPNR-2'…
Logging subprocess to [repr.filename][link=file:///Users/junpeng/openlane2/netlist_mid_ad/src/netlist_1/runs/physical_design/28-openroad-stamidpnr-2/openroad-stamidpnr-2.log]netlist_mid_ad/src/netlist_1/runs/physical_design/28-openroad-stamidpnr-2/openroad-stamidpnr-2.log[/link][/repr.filename]…
Running 'OpenROAD.GlobalRouting'…
Logging subprocess to [repr.filename][link=file:///Users/junpeng/openlane2/netlist_mid_ad/src/netlist_1/runs/physical_design/29-openroad-globalrouting/openroad-globalrouting.log]netlist_mid_ad/src/netlist_1/runs/physical_design/29-openroad-globalrouting/openroad-globalrouting.log[/link][/repr.filename]…
Running 'OpenROAD.RepairDesignPostGRT'…
Logging subprocess to [repr.filename][link=file:///Users/junpeng/openlane2/netlist_mid_ad/src/netlist_1/runs/physical_design/30-openroad-repairdesignpostgrt/openroad-repairdesignpostgrt.log]netlist_mid_ad/src/netlist_1/runs/physical_design/30-openroad-repairdesignpostgrt/openroad-repairdesignpostgrt.log[/link][/repr.filename]…
Running 'Odb.DiodesOnPorts'…
'DIODE_ON_PORTS' is set to 'none': skipping…
Running 'Odb.HeuristicDiodeInsertion'…
Running 'Odb.FuzzyDiodePlacement'…
'GPL_CELL_PADDING' is set to 0. This step may cause overlap failures.
Logging subprocess to [repr.filename][link=file:///Users/junpeng/openlane2/netlist_mid_ad/src/netlist_1/runs/physical_design/32-odb-heuristicdiodeinsertion/1-odb-fuzzydiodeplacement/odb-fuzzydiodeplacement.log]netlist_mid_ad/src/netlist_1/runs/physical_design/32-odb-heuristicdiodeinsertion/1-odb-fuzzydiodeplacement/odb-fuzzydiodeplacement.log[/link][/repr.filename]…
Running 'OpenROAD.DetailedPlacement'…
Logging subprocess to [repr.filename][link=file:///Users/junpeng/openlane2/netlist_mid_ad/src/netlist_1/runs/physical_design/32-odb-heuristicdiodeinsertion/2-openroad-detailedplacement/openroad-detailedplacement.log]netlist_mid_ad/src/netlist_1/runs/physical_design/32-odb-heuristicdiodeinsertion/2-openroad-detailedplacement/openroad-detailedplacement.log[/link][/repr.filename]…
Running 'OpenROAD.GlobalRouting'…
Logging subprocess to [repr.filename][link=file:///Users/junpeng/openlane2/netlist_mid_ad/src/netlist_1/runs/physical_design/32-odb-heuristicdiodeinsertion/3-openroad-globalrouting/openroad-globalrouting.log]netlist_mid_ad/src/netlist_1/runs/physical_design/32-odb-heuristicdiodeinsertion/3-openroad-globalrouting/openroad-globalrouting.log[/link][/repr.filename]…
Running 'OpenROAD.RepairAntennas'…
Running 'DiodeInsertion'…
Logging subprocess to [repr.filename][link=file:///Users/junpeng/openlane2/netlist_mid_ad/src/netlist_1/runs/physical_design/33-openroad-repairantennas/1-diodeinsertion/diodeinsertion.log]netlist_mid_ad/src/netlist_1/runs/physical_design/33-openroad-repairantennas/1-diodeinsertion/diodeinsertion.log[/link][/repr.filename]…
Running 'OpenROAD.CheckAntennas'…
Logging subprocess to [repr.filename][link=file:///Users/junpeng/openlane2/netlist_mid_ad/src/netlist_1/runs/physical_design/33-openroad-repairantennas/2-openroad-checkantennas/openroad-checkantennas.log]netlist_mid_ad/src/netlist_1/runs/physical_design/33-openroad-repairantennas/2-openroad-checkantennas/openroad-checkantennas.log[/link][/repr.filename]…
Running 'OpenROAD.ResizerTimingPostGRT'…
Logging subprocess to [repr.filename][link=file:///Users/junpeng/openlane2/netlist_mid_ad/src/netlist_1/runs/physical_design/34-openroad-resizertimingpostgrt/openroad-resizertimingpostgrt.log]netlist_mid_ad/src/netlist_1/runs/physical_design/34-openroad-resizertimingpostgrt/openroad-resizertimingpostgrt.log[/link][/repr.filename]…
[RSZ-0062] Unable to repair all setup violations.
[RSZ-0064] Unable to repair all hold checks within margin.
Running 'OpenROAD.STAMidPNR-3'…
Logging subprocess to [repr.filename][link=file:///Users/junpeng/openlane2/netlist_mid_ad/src/netlist_1/runs/physical_design/35-openroad-stamidpnr-3/openroad-stamidpnr-3.log]netlist_mid_ad/src/netlist_1/runs/physical_design/35-openroad-stamidpnr-3/openroad-stamidpnr-3.log[/link][/repr.filename]…
Running 'OpenROAD.DetailedRouting'…
Running TritonRoute with 8 threads…
Logging subprocess to [repr.filename][link=file:///Users/junpeng/openlane2/netlist_mid_ad/src/netlist_1/runs/physical_design/36-openroad-detailedrouting/openroad-detailedrouting.log]netlist_mid_ad/src/netlist_1/runs/physical_design/36-openroad-detailedrouting/openroad-detailedrouting.log[/link][/repr.filename]…
[DRT-0349] LEF58_ENCLOSURE with no CUTCLASS is not supported. Skipping for layer mcon
[DRT-0349] LEF58_ENCLOSURE with no CUTCLASS is not supported. Skipping for layer mcon
[DRT-0349] LEF58_ENCLOSURE with no CUTCLASS is not supported. Skipping for layer via
[DRT-0349] LEF58_ENCLOSURE with no CUTCLASS is not supported. Skipping for layer via
[DRT-0349] LEF58_ENCLOSURE with no CUTCLASS is not supported. Skipping for layer via2
[DRT-0349] LEF58_ENCLOSURE with no CUTCLASS is not supported. Skipping for layer via2
[DRT-0349] LEF58_ENCLOSURE with no CUTCLASS is not supported. Skipping for layer via3
[DRT-0349] LEF58_ENCLOSURE with no CUTCLASS is not supported. Skipping for layer via3
[DRT-0349] LEF58_ENCLOSURE with no CUTCLASS is not supported. Skipping for layer via4
[DRT-0349] LEF58_ENCLOSURE with no CUTCLASS is not supported. Skipping for layer via4
Running 'Odb.RemoveRoutingObstructions'…
'ROUTING_OBSTRUCTIONS' is not defined. Skipping 'Odb.RemoveRoutingObstructions'…
Running 'Checker.TrDRC'…
Check for Routing DRC errors clear.
Running 'Odb.ReportDisconnectedPins'…
Logging subprocess to [repr.filename][link=file:///Users/junpeng/openlane2/netlist_mid_ad/src/netlist_1/runs/physical_design/39-odb-reportdisconnectedpins/odb-reportdisconnectedpins.log]netlist_mid_ad/src/netlist_1/runs/physical_design/39-odb-reportdisconnectedpins/odb-reportdisconnectedpins.log[/link][/repr.filename]…
Some inputs of instance 'c163' are not connected- add it to IGNORE_DISCONNECTED_MODULES if this is intentional
Some inputs of instance 'c190' are not connected- add it to IGNORE_DISCONNECTED_MODULES if this is intentional
Some inputs of instance 'c262' are not connected- add it to IGNORE_DISCONNECTED_MODULES if this is intentional
Some inputs of instance 'c327' are not connected- add it to IGNORE_DISCONNECTED_MODULES if this is intentional
Some inputs of instance 'c394' are not connected- add it to IGNORE_DISCONNECTED_MODULES if this is intentional
Some inputs of instance 'c433' are not connected- add it to IGNORE_DISCONNECTED_MODULES if this is intentional
Some inputs of instance 'c560' are not connected- add it to IGNORE_DISCONNECTED_MODULES if this is intentional
Some inputs of instance 'c612' are not connected- add it to IGNORE_DISCONNECTED_MODULES if this is intentional
Some inputs of instance 'c725' are not connected- add it to IGNORE_DISCONNECTED_MODULES if this is intentional
Some inputs of instance 'merge773' are not connected- add it to IGNORE_DISCONNECTED_MODULES if this is intentional
Some inputs of instance 'merge790' are not connected- add it to IGNORE_DISCONNECTED_MODULES if this is intentional
Some inputs of instance 'merge791' are not connected- add it to IGNORE_DISCONNECTED_MODULES if this is intentional
Some inputs of instance 'merge817' are not connected- add it to IGNORE_DISCONNECTED_MODULES if this is intentional
Some inputs of instance 'merge825' are not connected- add it to IGNORE_DISCONNECTED_MODULES if this is intentional
Some inputs of instance 'merge831' are not connected- add it to IGNORE_DISCONNECTED_MODULES if this is intentional
Some inputs of instance 'merge834' are not connected- add it to IGNORE_DISCONNECTED_MODULES if this is intentional
Some inputs of instance 'merge866' are not connected- add it to IGNORE_DISCONNECTED_MODULES if this is intentional
Some inputs of instance 'merge871' are not connected- add it to IGNORE_DISCONNECTED_MODULES if this is intentional
Running 'Odb.ReportWireLength'…
Logging subprocess to [repr.filename][link=file:///Users/junpeng/openlane2/netlist_mid_ad/src/netlist_1/runs/physical_design/40-odb-reportwirelength/odb-reportwirelength.log]netlist_mid_ad/src/netlist_1/runs/physical_design/40-odb-reportwirelength/odb-reportwirelength.log[/link][/repr.filename]…
Running 'Checker.WireLength'…
Threshold for Threshold-surpassing long wires is not set. The checker will be skipped.
Running 'OpenROAD.FillInsertion'…
Logging subprocess to [repr.filename][link=file:///Users/junpeng/openlane2/netlist_mid_ad/src/netlist_1/runs/physical_design/42-openroad-fillinsertion/openroad-fillinsertion.log]netlist_mid_ad/src/netlist_1/runs/physical_design/42-openroad-fillinsertion/openroad-fillinsertion.log[/link][/repr.filename]…
Running 'OpenROAD.RCX'…
Running RCX for corners matching nom_* (/Users/junpeng/openlane2/netlist_mid_ad/src/netlist_1/runs/physical_design/43-openroad-rcx/nom/rcx.log)…
Running RCX for corners matching min_* (/Users/junpeng/openlane2/netlist_mid_ad/src/netlist_1/runs/physical_design/43-openroad-rcx/min/rcx.log)…
Running RCX for corners matching max_* (/Users/junpeng/openlane2/netlist_mid_ad/src/netlist_1/runs/physical_design/43-openroad-rcx/max/rcx.log)…
Logging subprocess to [repr.filename][link=file:///Users/junpeng/openlane2/netlist_mid_ad/src/netlist_1/runs/physical_design/43-openroad-rcx/nom/rcx.log]netlist_mid_ad/src/netlist_1/runs/physical_design/43-openroad-rcx/nom/rcx.log[/link][/repr.filename]…
Logging subprocess to [repr.filename][link=file:///Users/junpeng/openlane2/netlist_mid_ad/src/netlist_1/runs/physical_design/43-openroad-rcx/min/rcx.log]netlist_mid_ad/src/netlist_1/runs/physical_design/43-openroad-rcx/min/rcx.log[/link][/repr.filename]…
Logging subprocess to [repr.filename][link=file:///Users/junpeng/openlane2/netlist_mid_ad/src/netlist_1/runs/physical_design/43-openroad-rcx/max/rcx.log]netlist_mid_ad/src/netlist_1/runs/physical_design/43-openroad-rcx/max/rcx.log[/link][/repr.filename]…
Finished RCX for corners matching max_*.
Finished RCX for corners matching min_*.
Finished RCX for corners matching nom_*.
Running 'OpenROAD.STAPostPNR'…
Starting STA for the nom_tt_025C_1v80 timing corner…
Starting STA for the nom_ss_100C_1v60 timing corner…
Starting STA for the nom_ff_n40C_1v95 timing corner…
Starting STA for the min_tt_025C_1v80 timing corner…
Starting STA for the min_ss_100C_1v60 timing corner…
Starting STA for the min_ff_n40C_1v95 timing corner…
Starting STA for the max_tt_025C_1v80 timing corner…
Starting STA for the max_ss_100C_1v60 timing corner…
Logging subprocess to [repr.filename][link=file:///Users/junpeng/openlane2/netlist_mid_ad/src/netlist_1/runs/physical_design/44-openroad-stapostpnr/nom_ss_100C_1v60/sta.log]netlist_mid_ad/src/netlist_1/runs/physical_design/44-openroad-stapostpnr/nom_ss_100C_1v60/sta.log[/link][/repr.filename]…
Logging subprocess to [repr.filename][link=file:///Users/junpeng/openlane2/netlist_mid_ad/src/netlist_1/runs/physical_design/44-openroad-stapostpnr/nom_tt_025C_1v80/sta.log]netlist_mid_ad/src/netlist_1/runs/physical_design/44-openroad-stapostpnr/nom_tt_025C_1v80/sta.log[/link][/repr.filename]…
Logging subprocess to [repr.filename][link=file:///Users/junpeng/openlane2/netlist_mid_ad/src/netlist_1/runs/physical_design/44-openroad-stapostpnr/min_tt_025C_1v80/sta.log]netlist_mid_ad/src/netlist_1/runs/physical_design/44-openroad-stapostpnr/min_tt_025C_1v80/sta.log[/link][/repr.filename]…
Logging subprocess to [repr.filename][link=file:///Users/junpeng/openlane2/netlist_mid_ad/src/netlist_1/runs/physical_design/44-openroad-stapostpnr/min_ss_100C_1v60/sta.log]netlist_mid_ad/src/netlist_1/runs/physical_design/44-openroad-stapostpnr/min_ss_100C_1v60/sta.log[/link][/repr.filename]…
Logging subprocess to [repr.filename][link=file:///Users/junpeng/openlane2/netlist_mid_ad/src/netlist_1/runs/physical_design/44-openroad-stapostpnr/min_ff_n40C_1v95/sta.log]netlist_mid_ad/src/netlist_1/runs/physical_design/44-openroad-stapostpnr/min_ff_n40C_1v95/sta.log[/link][/repr.filename]…
Logging subprocess to [repr.filename][link=file:///Users/junpeng/openlane2/netlist_mid_ad/src/netlist_1/runs/physical_design/44-openroad-stapostpnr/max_tt_025C_1v80/sta.log]netlist_mid_ad/src/netlist_1/runs/physical_design/44-openroad-stapostpnr/max_tt_025C_1v80/sta.log[/link][/repr.filename]…
Logging subprocess to [repr.filename][link=file:///Users/junpeng/openlane2/netlist_mid_ad/src/netlist_1/runs/physical_design/44-openroad-stapostpnr/nom_ff_n40C_1v95/sta.log]netlist_mid_ad/src/netlist_1/runs/physical_design/44-openroad-stapostpnr/nom_ff_n40C_1v95/sta.log[/link][/repr.filename]…
Logging subprocess to [repr.filename][link=file:///Users/junpeng/openlane2/netlist_mid_ad/src/netlist_1/runs/physical_design/44-openroad-stapostpnr/max_ss_100C_1v60/sta.log]netlist_mid_ad/src/netlist_1/runs/physical_design/44-openroad-stapostpnr/max_ss_100C_1v60/sta.log[/link][/repr.filename]…
Finished STA for the min_tt_025C_1v80 timing corner.
Logging subprocess to [repr.filename][link=file:///Users/junpeng/openlane2/netlist_mid_ad/src/netlist_1/runs/physical_design/44-openroad-stapostpnr/min_tt_025C_1v80/filter_unannotated.log]netlist_mid_ad/src/netlist_1/runs/physical_design/44-openroad-stapostpnr/min_tt_025C_1v80/filter_unannotated.log[/link][/repr.filename]…
Finished STA for the nom_ss_100C_1v60 timing corner.
Logging subprocess to [repr.filename][link=file:///Users/junpeng/openlane2/netlist_mid_ad/src/netlist_1/runs/physical_design/44-openroad-stapostpnr/nom_ss_100C_1v60/filter_unannotated.log]netlist_mid_ad/src/netlist_1/runs/physical_design/44-openroad-stapostpnr/nom_ss_100C_1v60/filter_unannotated.log[/link][/repr.filename]…
Finished STA for the nom_tt_025C_1v80 timing corner.
Logging subprocess to [repr.filename][link=file:///Users/junpeng/openlane2/netlist_mid_ad/src/netlist_1/runs/physical_design/44-openroad-stapostpnr/nom_tt_025C_1v80/filter_unannotated.log]netlist_mid_ad/src/netlist_1/runs/physical_design/44-openroad-stapostpnr/nom_tt_025C_1v80/filter_unannotated.log[/link][/repr.filename]…
Finished STA for the min_ss_100C_1v60 timing corner.
Logging subprocess to [repr.filename][link=file:///Users/junpeng/openlane2/netlist_mid_ad/src/netlist_1/runs/physical_design/44-openroad-stapostpnr/min_ss_100C_1v60/filter_unannotated.log]netlist_mid_ad/src/netlist_1/runs/physical_design/44-openroad-stapostpnr/min_ss_100C_1v60/filter_unannotated.log[/link][/repr.filename]…
Finished STA for the max_tt_025C_1v80 timing corner.
Logging subprocess to [repr.filename][link=file:///Users/junpeng/openlane2/netlist_mid_ad/src/netlist_1/runs/physical_design/44-openroad-stapostpnr/max_tt_025C_1v80/filter_unannotated.log]netlist_mid_ad/src/netlist_1/runs/physical_design/44-openroad-stapostpnr/max_tt_025C_1v80/filter_unannotated.log[/link][/repr.filename]…
Finished STA for the max_ss_100C_1v60 timing corner.
Logging subprocess to [repr.filename][link=file:///Users/junpeng/openlane2/netlist_mid_ad/src/netlist_1/runs/physical_design/44-openroad-stapostpnr/max_ss_100C_1v60/filter_unannotated.log]netlist_mid_ad/src/netlist_1/runs/physical_design/44-openroad-stapostpnr/max_ss_100C_1v60/filter_unannotated.log[/link][/repr.filename]…
Finished STA for the min_ff_n40C_1v95 timing corner.
Logging subprocess to [repr.filename][link=file:///Users/junpeng/openlane2/netlist_mid_ad/src/netlist_1/runs/physical_design/44-openroad-stapostpnr/min_ff_n40C_1v95/filter_unannotated.log]netlist_mid_ad/src/netlist_1/runs/physical_design/44-openroad-stapostpnr/min_ff_n40C_1v95/filter_unannotated.log[/link][/repr.filename]…
Finished STA for the nom_ff_n40C_1v95 timing corner.
Logging subprocess to [repr.filename][link=file:///Users/junpeng/openlane2/netlist_mid_ad/src/netlist_1/runs/physical_design/44-openroad-stapostpnr/nom_ff_n40C_1v95/filter_unannotated.log]netlist_mid_ad/src/netlist_1/runs/physical_design/44-openroad-stapostpnr/nom_ff_n40C_1v95/filter_unannotated.log[/link][/repr.filename]…
Starting STA for the max_ff_n40C_1v95 timing corner…
Logging subprocess to [repr.filename][link=file:///Users/junpeng/openlane2/netlist_mid_ad/src/netlist_1/runs/physical_design/44-openroad-stapostpnr/max_ff_n40C_1v95/sta.log]netlist_mid_ad/src/netlist_1/runs/physical_design/44-openroad-stapostpnr/max_ff_n40C_1v95/sta.log[/link][/repr.filename]…
Finished STA for the max_ff_n40C_1v95 timing corner.
Logging subprocess to [repr.filename][link=file:///Users/junpeng/openlane2/netlist_mid_ad/src/netlist_1/runs/physical_design/44-openroad-stapostpnr/max_ff_n40C_1v95/filter_unannotated.log]netlist_mid_ad/src/netlist_1/runs/physical_design/44-openroad-stapostpnr/max_ff_n40C_1v95/filter_unannotated.log[/link][/repr.filename]…
Running 'OpenROAD.IRDropReport'…
'VSRC_LOC_FILES' was not given a value, which may make the results of IR drop analysis inaccurate. If you are not integrating a top-level chip for manufacture, you may ignore this warning, otherwise, see the documentation for 'VSRC_LOC_FILES'.
Logging subprocess to [repr.filename][link=file:///Users/junpeng/openlane2/netlist_mid_ad/src/netlist_1/runs/physical_design/45-openroad-irdropreport/openroad-irdropreport.log]netlist_mid_ad/src/netlist_1/runs/physical_design/45-openroad-irdropreport/openroad-irdropreport.log[/link][/repr.filename]…
[INFO PSM-0040] All shapes on net VPWR are connected.
########## IR report #################
Net              : VPWR
Corner           : nom_tt_025C_1v80
Supply voltage   : 1.80e+00 V
Worstcase voltage: 1.79e+00 V
Average voltage  : 1.80e+00 V
Average IR drop  : 1.59e-03 V
Worstcase IR drop: 9.26e-03 V
Percentage drop  : 0.51 %
######################################
[INFO PSM-0040] All shapes on net VGND are connected.
########## IR report #################
Net              : VGND
Corner           : nom_tt_025C_1v80
Supply voltage   : 0.00e+00 V
Worstcase voltage: 9.16e-03 V
Average voltage  : 1.56e-03 V
Average IR drop  : 1.56e-03 V
Worstcase IR drop: 9.16e-03 V
Percentage drop  : 0.51 %
######################################

Running 'Magic.StreamOut'…
Logging subprocess to [repr.filename][link=file:///Users/junpeng/openlane2/netlist_mid_ad/src/netlist_1/runs/physical_design/46-magic-streamout/magic-streamout.log]netlist_mid_ad/src/netlist_1/runs/physical_design/46-magic-streamout/magic-streamout.log[/link][/repr.filename]…
Running 'KLayout.StreamOut'…
Logging subprocess to [repr.filename][link=file:///Users/junpeng/openlane2/netlist_mid_ad/src/netlist_1/runs/physical_design/47-klayout-streamout/klayout-streamout.log]netlist_mid_ad/src/netlist_1/runs/physical_design/47-klayout-streamout/klayout-streamout.log[/link][/repr.filename]…
Running 'Magic.WriteLEF'…
Logging subprocess to [repr.filename][link=file:///Users/junpeng/openlane2/netlist_mid_ad/src/netlist_1/runs/physical_design/48-magic-writelef/magic-writelef.log]netlist_mid_ad/src/netlist_1/runs/physical_design/48-magic-writelef/magic-writelef.log[/link][/repr.filename]…
Running 'Odb.CheckDesignAntennaProperties'…
Logging subprocess to [repr.filename][link=file:///Users/junpeng/openlane2/netlist_mid_ad/src/netlist_1/runs/physical_design/49-odb-checkdesignantennaproperties/odb-checkdesignantennaproperties.log]netlist_mid_ad/src/netlist_1/runs/physical_design/49-odb-checkdesignantennaproperties/odb-checkdesignantennaproperties.log[/link][/repr.filename]…
Cell 'netlist_1' has (1) input pin(s) without antenna gate information. They might not be connected to a gate.
Cell 'netlist_1' has (6) output pin(s) without antenna diffusion information. They might not be driven.
Running 'KLayout.XOR'…
Running XOR with 8 threads…
Logging subprocess to [repr.filename][link=file:///Users/junpeng/openlane2/netlist_mid_ad/src/netlist_1/runs/physical_design/50-klayout-xor/klayout-xor.log]netlist_mid_ad/src/netlist_1/runs/physical_design/50-klayout-xor/klayout-xor.log[/link][/repr.filename]…
Running 'Checker.XOR'…
Check for XOR differences clear.
Running 'Magic.DRC'…
Logging subprocess to [repr.filename][link=file:///Users/junpeng/openlane2/netlist_mid_ad/src/netlist_1/runs/physical_design/52-magic-drc/magic-drc.log]netlist_mid_ad/src/netlist_1/runs/physical_design/52-magic-drc/magic-drc.log[/link][/repr.filename]…
Running 'KLayout.DRC'…
Running KLayout DRC with 8 threads…
Logging subprocess to [repr.filename][link=file:///Users/junpeng/openlane2/netlist_mid_ad/src/netlist_1/runs/physical_design/53-klayout-drc/klayout-drc.log]netlist_mid_ad/src/netlist_1/runs/physical_design/53-klayout-drc/klayout-drc.log[/link][/repr.filename]…
Logging subprocess to [repr.filename][link=file:///Users/junpeng/openlane2/netlist_mid_ad/src/netlist_1/runs/physical_design/53-klayout-drc/xml_drc_report_to_json.log]netlist_mid_ad/src/netlist_1/runs/physical_design/53-klayout-drc/xml_drc_report_to_json.log[/link][/repr.filename]…
Running 'Checker.MagicDRC'…
Check for Magic DRC errors clear.
Running 'Checker.KLayoutDRC'…
Check for KLayout DRC errors clear.
Running 'Magic.SpiceExtraction'…
Logging subprocess to [repr.filename][link=file:///Users/junpeng/openlane2/netlist_mid_ad/src/netlist_1/runs/physical_design/56-magic-spiceextraction/magic-spiceextraction.log]netlist_mid_ad/src/netlist_1/runs/physical_design/56-magic-spiceextraction/magic-spiceextraction.log[/link][/repr.filename]…
Running 'Checker.IllegalOverlap'…
Check for Magic Illegal Overlap errors clear.
Running 'Netgen.LVS'…
Logging subprocess to [repr.filename][link=file:///Users/junpeng/openlane2/netlist_mid_ad/src/netlist_1/runs/physical_design/58-netgen-lvs/netgen-lvs.log]netlist_mid_ad/src/netlist_1/runs/physical_design/58-netgen-lvs/netgen-lvs.log[/link][/repr.filename]…
Saving views to '/Users/junpeng/openlane2/netlist_mid_ad/src/netlist_1/runs/physical_design/final'…
Flow complete.
