****************************************
Report : Averaged Power
	-net_power
	-hierarchy
	-sort_by net_switching_power
	-power_greater_than       0
	-nosplit
Design : netlist_0
Version: Q-2019.12-SP1
Date   : Mon Jul 22 13:23:20 2024
****************************************



  Attributes
  ----------
      a  -  Switching activity information / Switching power information annotated on net
      p  -  Propagated switching activity information on net
      d  -  Default switching activity used on net
      u  -  Net switching activity uninitialized
      m  -  Net is driven by multiple pins
      b  -  Net is a primary input (boundary net)

		Toggle rates reported with respect to time unit 1ns
--------------------------------------------------------------------------------
                                  Total      Static   Toggle   Switching
Net                         Vdd   Net Load   Prob.    Rate     Power      Attrs
--------------------------------------------------------------------------------
net902                      1.80    0.055    0.298    0.4341   3.873e-05  p
net148                      1.80    0.051    0.298    0.4341   3.596e-05  p
clknet_0_clk                1.80    0.200    0.500    0.1000   3.245e-05  a
net302                      1.80    0.095    0.457    0.1989   3.073e-05  p
net268                      1.80    0.048    0.258    0.3898   3.038e-05  p
net284                      1.80    0.048    0.568    0.3874   3.035e-05  p
net312                      1.80    0.080    0.310    0.2099   2.724e-05  p
clknet_1_0__leaf_net330     1.80    0.118    0.717    0.1377   2.642e-05  p
net286                      1.80    0.054    0.210    0.2722   2.399e-05  p
net883                      1.80    0.077    0.619    0.1922   2.384e-05  p
net45                       1.80    0.135    0.500    0.1000   2.191e-05  a
net832                      1.80    0.131    0.500    0.1000   2.129e-05  a
net297                      1.80    0.080    0.510    0.1645   2.125e-05  p
clknet_1_1__leaf_net330     1.80    0.092    0.717    0.1377   2.044e-05  p
net817                      1.80    0.123    0.500    0.1000   1.994e-05  a
net938                      1.80    0.103    0.804    0.1186   1.984e-05  p
net747                      1.80    0.082    0.785    0.1485   1.974e-05  p
net893                      1.80    0.087    0.422    0.1346   1.906e-05  p
net951                      1.80    0.119    0.251    0.0975   1.886e-05  p
net269                      1.80    0.026    0.702    0.4341   1.812e-05  p
net940                      1.80    0.106    0.226    0.1042   1.781e-05  p
net958                      1.80    0.109    0.500    0.1000   1.772e-05  a
net451                      1.80    0.070    0.531    0.1484   1.688e-05  p
net526                      1.80    0.072    0.228    0.1423   1.656e-05  p
net929                      1.80    0.074    0.639    0.1379   1.655e-05  p
net867                      1.80    0.101    0.500    0.1000   1.643e-05  a
net823                      1.80    0.098    0.500    0.1000   1.589e-05  a
net931                      1.80    0.074    0.771    0.1332   1.588e-05  p
net947                      1.80    0.099    0.751    0.0979   1.564e-05  p
net815                      1.80    0.096    0.500    0.1000   1.554e-05  a
net939                      1.80    0.066    0.439    0.1441   1.536e-05  p
net946                      1.80    0.093    0.246    0.0968   1.452e-05  p
net821                      1.80    0.089    0.500    0.1000   1.446e-05  a
net868                      1.80    0.089    0.500    0.1000   1.442e-05  a
net945                      1.80    0.089    0.761    0.0977   1.413e-05  p
net950                      1.80    0.088    0.251    0.0975   1.384e-05  p
net905                      1.80    0.087    0.250    0.0951   1.344e-05  p
net9                        1.80    0.073    0.515    0.1107   1.308e-05  p
net298                      1.80    0.073    0.139    0.1095   1.301e-05  p
net2                        1.80    0.041    0.473    0.1952   1.289e-05  p
net975                      1.80    0.080    0.251    0.0994   1.286e-05  p
net35                       1.80    0.048    0.449    0.1652   1.274e-05  p
net884                      1.80    0.052    0.706    0.1460   1.233e-05  p
clknet_4_0_0_clk            1.80    0.076    0.500    0.1000   1.231e-05  a
net949                      1.80    0.077    0.251    0.0975   1.216e-05  p
clknet_4_3_0_clk            1.80    0.074    0.500    0.1000   1.199e-05  a
clknet_4_1_0_clk            1.80    0.073    0.500    0.1000   1.189e-05  a
clknet_0_net399             1.80    0.020    0.378    0.3666   1.179e-05  p
net873                      1.80    0.051    0.599    0.1404   1.162e-05  p
net207                      1.80    0.098    0.124    0.0733   1.160e-05  p
net935                      1.80    0.075    0.810    0.0958   1.157e-05  p
net916                      1.80    0.042    0.351    0.1664   1.141e-05  p
clknet_1_0__leaf_net329     1.80    0.055    0.160    0.1261   1.133e-05  p
clknet_4_12_0_clk           1.80    0.068    0.500    0.1000   1.105e-05  a
net409                      1.80    0.049    0.429    0.1399   1.104e-05  p
net952                      1.80    0.068    0.251    0.0994   1.088e-05  p
net150                      1.80    0.015    0.702    0.4341   1.086e-05  p
net463                      1.80    0.074    0.640    0.0901   1.085e-05  p
net943                      1.80    0.082    0.301    0.0811   1.071e-05  p
net410                      1.80    0.060    0.827    0.1096   1.068e-05  p
net18                       1.80    0.053    0.284    0.1236   1.061e-05  p
net406                      1.80    0.044    0.197    0.1452   1.046e-05  p
clknet_1_1__leaf_net219     1.80    0.045    0.312    0.1425   1.044e-05  p
net874                      1.80    0.054    0.496    0.1136   1.002e-05  p
clknet_4_14_0_clk           1.80    0.062    0.500    0.1000   9.984e-06  a
net944                      1.80    0.050    0.511    0.1233   9.984e-06  p
net0                        1.80    0.034    0.586    0.1804   9.952e-06  p
net295                      1.80    0.062    0.256    0.0988   9.874e-06  p
net420                      1.80    0.043    0.401    0.1404   9.680e-06  p
clknet_4_5_0_clk            1.80    0.059    0.500    0.1000   9.639e-06  a
net830                      1.80    0.059    0.500    0.1000   9.612e-06  a
net229                      1.80    0.045    0.384    0.1310   9.608e-06  p
net258                      1.80    0.042    0.627    0.1417   9.560e-06  p
net79                       1.80    0.036    0.387    0.1634   9.549e-06  p
clknet_1_0__leaf_net217     1.80    0.044    0.580    0.1352   9.547e-06  p
net24                       1.80    0.059    0.250    0.0988   9.365e-06  p
clknet_4_7_0_clk            1.80    0.058    0.500    0.1000   9.364e-06  a
net837                      1.80    0.057    0.500    0.1000   9.288e-06  a
net23                       1.80    0.035    0.742    0.1641   9.249e-06  p
net942                      1.80    0.041    0.656    0.1381   9.136e-06  p
net600                      1.80    0.034    0.410    0.1648   9.136e-06  p
clknet_4_13_0_clk           1.80    0.056    0.500    0.1000   9.126e-06  a
net164                      1.80    0.051    0.174    0.1089   9.039e-06  p
net835                      1.80    0.055    0.500    0.1000   8.855e-06  a
net538                      1.80    0.056    0.749    0.0975   8.770e-06  p
net948                      1.80    0.055    0.251    0.0975   8.727e-06  p
net746                      1.80    0.040    0.704    0.1348   8.689e-06  p
net157                      1.80    0.012    0.702    0.4341   8.546e-06  p
net822                      1.80    0.052    0.500    0.1000   8.502e-06  a
net81                       1.80    0.032    0.764    0.1613   8.452e-06  p
net728                      1.80    0.012    0.298    0.4341   8.377e-06  p
clknet_4_9_0_clk            1.80    0.051    0.500    0.1000   8.313e-06  a
net431                      1.80    0.071    0.100    0.0719   8.271e-06  p
clknet_1_0__leaf_net881     1.80    0.057    0.441    0.0883   8.174e-06  p
net37                       1.80    0.034    0.738    0.1459   8.056e-06  p
net64                       1.80    0.050    0.251    0.0994   8.036e-06  p
net973                      1.80    0.052    0.810    0.0958   8.003e-06  p
net69                       1.80    0.072    0.102    0.0688   7.973e-06  p
net259                      1.80    0.035    0.373    0.1417   7.943e-06  p
net976                      1.80    0.034    0.439    0.1441   7.924e-06  p
net897                      1.80    0.079    0.798    0.0621   7.899e-06  p
net144                      1.80    0.048    0.499    0.1000   7.830e-06  p
clknet_4_2_0_clk            1.80    0.048    0.500    0.1000   7.783e-06  a
net857                      1.80    0.048    0.500    0.1000   7.749e-06  a
net907                      1.80    0.049    0.251    0.0975   7.718e-06  p
net765                      1.80    0.043    0.604    0.1111   7.682e-06  p
clknet_1_0__leaf_net219     1.80    0.033    0.312    0.1425   7.681e-06  p
clknet_0_net330             1.80    0.034    0.717    0.1377   7.645e-06  p
clknet_4_15_0_clk           1.80    0.047    0.500    0.1000   7.618e-06  a
net68                       1.80    0.068    0.101    0.0693   7.600e-06  p
clknet_1_1__leaf_net567     1.80    0.032    0.597    0.1485   7.594e-06  p
net87                       1.80    0.066    0.874    0.0711   7.552e-06  p
net523                      1.80    0.084    0.061    0.0556   7.534e-06  p
net138                      1.80    0.035    0.771    0.1332   7.466e-06  p
net90                       1.80    0.046    0.497    0.0994   7.413e-06  p
net834                      1.80    0.046    0.500    0.1000   7.384e-06  a
net209                      1.80    0.047    0.810    0.0958   7.273e-06  p
net844                      1.80    0.045    0.500    0.1000   7.271e-06  a
net160                      1.80    0.030    0.110    0.1512   7.268e-06  p
net968                      1.80    0.045    0.251    0.0994   7.265e-06  p
net889                      1.80    0.046    0.761    0.0977   7.214e-06  p
net294                      1.80    0.023    0.592    0.1902   7.184e-06  p
net330                      1.80    0.032    0.717    0.1377   7.154e-06  p
net199                      1.80    0.045    0.749    0.0975   7.146e-06  p
net75                       1.80    0.043    0.800    0.1024   7.135e-06  p
net491                      1.80    0.068    0.532    0.0644   7.126e-06  p
net366                      1.80    0.043    0.508    0.1016   7.092e-06  p
net983                      1.80    0.043    0.251    0.0994   7.005e-06  p
net872                      1.80    0.059    0.124    0.0733   6.951e-06  p
net275                      1.80    0.011    0.754    0.4037   6.897e-06  p
net165                      1.80    0.026    0.610    0.1623   6.823e-06  p
net25                       1.80    0.062    0.068    0.0664   6.648e-06  p
net840                      1.80    0.041    0.500    0.1000   6.610e-06  a
clknet_4_10_0_clk           1.80    0.040    0.500    0.1000   6.555e-06  a
net235                      1.80    0.038    0.226    0.1042   6.439e-06  p
clknet_1_0__leaf_net567     1.80    0.027    0.597    0.1485   6.419e-06  p
net827                      1.80    0.040    0.500    0.1000   6.418e-06  a
net895                      1.80    0.040    0.761    0.0977   6.365e-06  p
clknet_1_1__leaf_net329     1.80    0.031    0.160    0.1261   6.312e-06  p
clknet_1_0__leaf_net218     1.80    0.026    0.358    0.1513   6.306e-06  p
net143                      1.80    0.024    0.669    0.1634   6.304e-06  p
net845                      1.80    0.039    0.500    0.1000   6.246e-06  a
net161                      1.80    0.025    0.889    0.1514   6.208e-06  p
net825                      1.80    0.038    0.500    0.1000   6.198e-06  a
net970                      1.80    0.026    0.439    0.1441   6.186e-06  p
net937                      1.80    0.110    0.034    0.0347   6.178e-06  p
net132                      1.80    0.038    0.496    0.0988   6.135e-06  p
net118                      1.80    0.029    0.372    0.1293   6.100e-06  p
clknet_1_0__leaf_net568     1.80    0.031    0.391    0.1231   6.083e-06  p
net928                      1.80    0.031    0.368    0.1210   6.055e-06  p
net70                       1.80    0.027    0.656    0.1381   6.038e-06  p
net20                       1.80    0.028    0.211    0.1328   6.025e-06  p
clknet_1_1__leaf_net234     1.80    0.053    0.811    0.0698   6.016e-06  p
net63                       1.80    0.039    0.249    0.0943   5.938e-06  p
clknet_4_6_0_clk            1.80    0.037    0.500    0.1000   5.916e-06  a
net441                      1.80    0.022    0.259    0.1646   5.858e-06  p
net36                       1.80    0.024    0.698    0.1489   5.850e-06  p
net84                       1.80    0.030    0.804    0.1186   5.810e-06  p
clknet_4_11_0_clk           1.80    0.035    0.500    0.1000   5.749e-06  a
clknet_1_0__leaf_net370     1.80    0.025    0.352    0.1441   5.745e-06  p
net741                      1.80    0.021    0.802    0.1672   5.712e-06  p
net981                      1.80    0.048    0.124    0.0733   5.709e-06  p
net449                      1.80    0.018    0.330    0.1998   5.678e-06  p
net12                       1.80    0.047    0.132    0.0744   5.660e-06  p
clknet_0_net370             1.80    0.024    0.352    0.1441   5.650e-06  p
clknet_0_net567             1.80    0.023    0.597    0.1485   5.649e-06  p
net291                      1.80    0.031    0.791    0.1113   5.641e-06  p
net6                        1.80    0.037    0.250    0.0951   5.624e-06  p
net740                      1.80    0.021    0.193    0.1670   5.622e-06  p
net203                      1.80    0.021    0.240    0.1635   5.570e-06  p
clknet_0_net568             1.80    0.028    0.391    0.1231   5.568e-06  p
net982                      1.80    0.035    0.251    0.0975   5.564e-06  p
net4                        1.80    0.035    0.246    0.0968   5.531e-06  p
net1008                     1.80    0.033    0.800    0.1024   5.511e-06  p
net85                       1.80    0.026    0.671    0.1300   5.464e-06  p
net204                      1.80    0.052    0.097    0.0644   5.459e-06  p
net930                      1.80    0.028    0.368    0.1210   5.442e-06  p
net839                      1.80    0.033    0.500    0.1000   5.408e-06  a
net135                      1.80    0.024    0.658    0.1370   5.385e-06  p
clknet_0_net404             1.80    0.018    0.138    0.1814   5.381e-06  p
net417                      1.80    0.020    0.164    0.1640   5.334e-06  p
net932                      1.80    0.028    0.490    0.1160   5.333e-06  p
net531                      1.80    0.020    0.507    0.1653   5.327e-06  p
net305                      1.80    0.015    0.788    0.2130   5.327e-06  p
clknet_1_0__leaf_net234     1.80    0.047    0.811    0.0698   5.310e-06  p
net296                      1.80    0.026    0.561    0.1280   5.309e-06  p
net849                      1.80    0.032    0.500    0.1000   5.224e-06  a
net399                      1.80    0.009    0.378    0.3666   5.222e-06  p
clknet_0_net219             1.80    0.022    0.312    0.1425   5.154e-06  p
net459                      1.80    0.026    0.523    0.1205   5.145e-06  p
net528                      1.80    0.018    0.241    0.1775   5.143e-06  p
net33                       1.80    0.032    0.501    0.1000   5.136e-06  p
net21                       1.80    0.026    0.815    0.1192   5.069e-06  p
clknet_4_8_0_clk            1.80    0.031    0.500    0.1000   5.059e-06  a
net703                      1.80    0.013    0.577    0.2362   5.057e-06  p
clknet_0_net217             1.80    0.023    0.580    0.1352   5.051e-06  p
net843                      1.80    0.031    0.500    0.1000   5.048e-06  a
net126                      1.80    0.032    0.246    0.0968   5.041e-06  p
net408                      1.80    0.038    0.908    0.0814   4.991e-06  p
clknet_0_net329             1.80    0.024    0.160    0.1261   4.946e-06  p
net727                      1.80    0.007    0.702    0.4341   4.912e-06  p
net841                      1.80    0.030    0.500    0.1000   4.891e-06  a
clknet_0_net439             1.80    0.021    0.597    0.1448   4.885e-06  p
net688                      1.80    0.015    0.541    0.1991   4.878e-06  p
net273                      1.80    0.007    0.702    0.4341   4.810e-06  p
clknet_0_net401             1.80    0.023    0.465    0.1317   4.804e-06  p
net768                      1.80    0.039    0.298    0.0762   4.798e-06  p
clknet_0_net492             1.80    0.019    0.582    0.1538   4.771e-06  p
net933                      1.80    0.103    0.969    0.0284   4.738e-06  p
net29                       1.80    0.021    0.567    0.1386   4.655e-06  p
clknet_0_net247             1.80    0.020    0.653    0.1457   4.654e-06  p
clknet_0_net358             1.80    0.023    0.652    0.1238   4.623e-06  p
clknet_0_net218             1.80    0.019    0.358    0.1513   4.617e-06  p
net748                      1.80    0.023    0.511    0.1233   4.611e-06  p
net217                      1.80    0.021    0.580    0.1352   4.603e-06  p
net119                      1.80    0.025    0.492    0.1135   4.585e-06  p
clknet_1_1__leaf_net217     1.80    0.021    0.580    0.1352   4.576e-06  p
net636                      1.80    0.006    0.702    0.4341   4.566e-06  p
net56                       1.80    0.021    0.801    0.1329   4.561e-06  p
net30                       1.80    0.023    0.375    0.1218   4.501e-06  p
net927                      1.80    0.080    0.034    0.0347   4.493e-06  p
clknet_4_4_0_clk            1.80    0.028    0.500    0.1000   4.482e-06  a
clknet_1_0__leaf_net399     1.80    0.008    0.378    0.3666   4.460e-06  p
net22                       1.80    0.025    0.866    0.1088   4.416e-06  p
net370                      1.80    0.019    0.352    0.1441   4.390e-06  p
clknet_1_1__leaf_net218     1.80    0.018    0.358    0.1513   4.380e-06  p
clknet_0_net590             1.80    0.018    0.670    0.1469   4.367e-06  p
net205                      1.80    0.020    0.677    0.1336   4.335e-06  p
net149                      1.80    0.025    0.699    0.1050   4.305e-06  p
net404                      1.80    0.015    0.138    0.1814   4.295e-06  p
net100                      1.80    0.016    0.240    0.1635   4.281e-06  p
clknet_1_1__leaf_net370     1.80    0.018    0.352    0.1441   4.280e-06  p
net865                      1.80    0.026    0.500    0.1000   4.240e-06  a
clknet_0_net432             1.80    0.024    0.469    0.1100   4.229e-06  p
net535                      1.80    0.021    0.196    0.1235   4.225e-06  p
clknet_1_1__leaf_net396     1.80    0.022    0.641    0.1164   4.217e-06  p
net389                      1.80    0.010    0.283    0.2577   4.211e-06  p
net898                      1.80    0.036    0.875    0.0723   4.197e-06  p
net92                       1.80    0.026    0.236    0.1008   4.170e-06  p
net282                      1.80    0.023    0.805    0.1105   4.147e-06  p
net848                      1.80    0.026    0.500    0.1000   4.143e-06  a
clknet_1_1__leaf_net344     1.80    0.021    0.156    0.1233   4.140e-06  p
net923                      1.80    0.028    0.152    0.0915   4.099e-06  p
net52                       1.80    0.018    0.234    0.1438   4.089e-06  p
net82                       1.80    0.059    0.949    0.0428   4.089e-06  p
net74                       1.80    0.016    0.416    0.1605   4.088e-06  p
net713                      1.80    0.087    0.057    0.0289   4.082e-06  p
net83                       1.80    0.026    0.249    0.0972   4.039e-06  p
net237                      1.80    0.015    0.518    0.1619   4.032e-06  p
clknet_0_net488             1.80    0.023    0.526    0.1087   4.032e-06  p
net567                      1.80    0.017    0.597    0.1485   4.015e-06  p
net193                      1.80    0.023    0.180    0.1055   4.005e-06  p
net329                      1.80    0.020    0.160    0.1261   3.985e-06  p
clknet_1_0__leaf_net396     1.80    0.021    0.641    0.1164   3.982e-06  p
net219                      1.80    0.017    0.312    0.1425   3.962e-06  p
net576                      1.80    0.069    0.818    0.0350   3.905e-06  p
net308                      1.80    0.012    0.457    0.1989   3.898e-06  p
clknet_0_net344             1.80    0.020    0.156    0.1233   3.898e-06  p
net247                      1.80    0.016    0.653    0.1457   3.892e-06  p
net139                      1.80    0.014    0.619    0.1664   3.879e-06  p
clknet_0_net608             1.80    0.018    0.303    0.1306   3.872e-06  p
net507                      1.80    0.007    0.630    0.3286   3.856e-06  p
net694                      1.80    0.029    0.092    0.0814   3.844e-06  p
net289                      1.80    0.024    0.500    0.1000   3.834e-06  a
net96                       1.80    0.017    0.224    0.1356   3.830e-06  p
net336                      1.80    0.018    0.635    0.1288   3.826e-06  p
net38                       1.80    0.014    0.625    0.1690   3.785e-06  p
clknet_1_0__leaf_net706     1.80    0.082    0.143    0.0282   3.761e-06  p
net565                      1.80    0.023    0.473    0.1007   3.756e-06  p
net95                       1.80    0.069    0.965    0.0337   3.750e-06  p
net568                      1.80    0.019    0.391    0.1231   3.742e-06  p
net129                      1.80    0.023    0.504    0.0988   3.729e-06  p
net51                       1.80    0.018    0.234    0.1272   3.718e-06  p
net989                      1.80    0.028    0.908    0.0814   3.644e-06  p
net101                      1.80    0.043    0.948    0.0523   3.632e-06  p
net401                      1.80    0.017    0.465    0.1317   3.622e-06  p
clknet_1_1__leaf_net707     1.80    0.039    0.287    0.0577   3.613e-06  p
net979                      1.80    0.034    0.097    0.0644   3.596e-06  p
net769                      1.80    0.033    0.824    0.0670   3.591e-06  p
net121                      1.80    0.018    0.493    0.1243   3.577e-06  p
net855                      1.80    0.022    0.500    0.1000   3.576e-06  a
net407                      1.80    0.020    0.124    0.1076   3.573e-06  p
net816                      1.80    0.022    0.500    0.1000   3.558e-06  a
clknet_0_net368             1.80    0.021    0.452    0.1056   3.557e-06  p
net743                      1.80    0.013    0.718    0.1666   3.532e-06  p
clknet_0_net239             1.80    0.019    0.666    0.1133   3.530e-06  p
net974                      1.80    0.023    0.810    0.0958   3.530e-06  p
clknet_0_net396             1.80    0.019    0.641    0.1164   3.525e-06  p
clknet_1_1__leaf_net881     1.80    0.025    0.441    0.0883   3.519e-06  p
net234                      1.80    0.031    0.811    0.0698   3.506e-06  p
net292                      1.80    0.017    0.793    0.1290   3.505e-06  p
net365                      1.80    0.021    0.492    0.1016   3.504e-06  p
net78                       1.80    0.014    0.365    0.1501   3.485e-06  p
net813                      1.80    0.022    0.500    0.1000   3.483e-06  a
net666                      1.80    0.010    0.767    0.2225   3.483e-06  p
net5                        1.80    0.031    0.119    0.0693   3.471e-06  p
net971                      1.80    0.013    0.387    0.1634   3.462e-06  p
net859                      1.80    0.021    0.500    0.1000   3.458e-06  a
net597                      1.80    0.018    0.677    0.1191   3.456e-06  p
net190                      1.80    0.041    0.945    0.0515   3.435e-06  p
net590                      1.80    0.014    0.670    0.1469   3.424e-06  p
net575                      1.80    0.059    0.182    0.0356   3.400e-06  p
clknet_0_net266             1.80    0.019    0.387    0.1060   3.344e-06  p
net545                      1.80    0.018    0.490    0.1160   3.343e-06  p
clknet_0_net254             1.80    0.020    0.226    0.1042   3.340e-06  p
net521                      1.80    0.036    0.931    0.0573   3.314e-06  p
net520                      1.80    0.015    0.656    0.1381   3.300e-06  p
clknet_0_net881             1.80    0.023    0.441    0.0883   3.292e-06  p
net882                      1.80    0.047    0.819    0.0432   3.267e-06  p
net532                      1.80    0.012    0.493    0.1653   3.266e-06  p
net611                      1.80    0.019    0.386    0.1035   3.240e-06  p
net446                      1.80    0.018    0.312    0.1110   3.237e-06  p
net315                      1.80    0.070    0.974    0.0284   3.232e-06  p
net552                      1.80    0.021    0.743    0.0969   3.224e-06  p
net304                      1.80    0.014    0.279    0.1439   3.208e-06  p
net492                      1.80    0.013    0.582    0.1538   3.202e-06  p
net691                      1.80    0.022    0.129    0.0896   3.201e-06  p
clknet_1_0__leaf_net368     1.80    0.019    0.452    0.1056   3.200e-06  p
net544                      1.80    0.013    0.296    0.1525   3.199e-06  p
net652                      1.80    0.011    0.647    0.1876   3.198e-06  p
net887                      1.80    0.015    0.184    0.1278   3.192e-06  p
net94                       1.80    0.019    0.157    0.1050   3.186e-06  p
net340                      1.80    0.027    0.483    0.0741   3.181e-06  p
clknet_1_1__leaf_net568     1.80    0.016    0.391    0.1231   3.159e-06  p
net786                      1.80    0.025    0.294    0.0785   3.156e-06  p
clknet_1_1__leaf_net432     1.80    0.018    0.469    0.1100   3.124e-06  p
net290                      1.80    0.038    0.053    0.0510   3.114e-06  p
net936                      1.80    0.072    0.026    0.0263   3.081e-06  p
net432                      1.80    0.017    0.469    0.1100   3.065e-06  p
net133                      1.80    0.028    0.902    0.0687   3.062e-06  p
net864                      1.80    0.019    0.500    0.1000   3.062e-06  a
net80                       1.80    0.013    0.439    0.1441   3.042e-06  p
net88                       1.80    0.027    0.078    0.0684   3.032e-06  p
net233                      1.80    0.021    0.129    0.0896   3.003e-06  p
net860                      1.80    0.018    0.500    0.1000   2.987e-06  a
clknet_1_0__leaf_net432     1.80    0.017    0.469    0.1100   2.987e-06  p
net749                      1.80    0.043    0.418    0.0429   2.986e-06  p
net854                      1.80    0.018    0.500    0.1000   2.983e-06  a
net977                      1.80    0.013    0.439    0.1441   2.980e-06  p
net153                      1.80    0.017    0.138    0.1101   2.963e-06  p
net109                      1.80    0.014    0.444    0.1326   2.952e-06  p
net352                      1.80    0.014    0.299    0.1320   2.938e-06  p
net113                      1.80    0.014    0.622    0.1260   2.923e-06  p
net733                      1.80    0.031    0.069    0.0573   2.897e-06  p
clknet_1_0__leaf_net358     1.80    0.014    0.652    0.1238   2.880e-06  p
net218                      1.80    0.012    0.358    0.1513   2.868e-06  p
net225                      1.80    0.015    0.723    0.1181   2.868e-06  p
net145                      1.80    0.011    0.491    0.1612   2.860e-06  p
clknet_1_0__leaf_net492     1.80    0.011    0.582    0.1538   2.855e-06  p
net285                      1.80    0.007    0.702    0.2627   2.847e-06  p
net358                      1.80    0.014    0.652    0.1238   2.846e-06  p
net881                      1.80    0.020    0.441    0.0883   2.834e-06  p
clknet_0_net447             1.80    0.018    0.675    0.0952   2.829e-06  p
net850                      1.80    0.017    0.500    0.1000   2.814e-06  a
net745                      1.80    0.018    0.741    0.0980   2.803e-06  p
net829                      1.80    0.017    0.500    0.1000   2.783e-06  a
net1005                     1.80    0.004    0.702    0.4341   2.769e-06  p
net553                      1.80    0.018    0.257    0.0969   2.762e-06  p
clknet_0_net493             1.80    0.019    0.372    0.0875   2.753e-06  p
net424                      1.80    0.021    0.908    0.0814   2.740e-06  p
net885                      1.80    0.060    0.969    0.0284   2.734e-06  p
net760                      1.80    0.020    0.153    0.0834   2.733e-06  p
net742                      1.80    0.010    0.277    0.1665   2.715e-06  p
net601                      1.80    0.011    0.604    0.1552   2.715e-06  p
net766                      1.80    0.018    0.421    0.0895   2.683e-06  p
clknet_1_0__leaf_net508     1.80    0.026    0.532    0.0628   2.652e-06  p
net524                      1.80    0.029    0.069    0.0573   2.649e-06  p
net351                      1.80    0.012    0.701    0.1321   2.615e-06  p
net344                      1.80    0.013    0.156    0.1233   2.612e-06  p
net183                      1.80    0.010    0.416    0.1605   2.610e-06  p
net871                      1.80    0.009    0.740    0.1868   2.594e-06  p
clknet_1_1__leaf_net489     1.80    0.021    0.257    0.0754   2.594e-06  p
net690                      1.80    0.018    0.868    0.0898   2.567e-06  p
clknet_0_net234             1.80    0.023    0.811    0.0698   2.566e-06  p
net744                      1.80    0.016    0.255    0.0978   2.551e-06  p
net194                      1.80    0.016    0.751    0.0979   2.543e-06  p
net608                      1.80    0.012    0.303    0.1306   2.515e-06  p
net73                       1.80    0.028    0.931    0.0560   2.506e-06  p
net361                      1.80    0.008    0.535    0.1997   2.494e-06  p
net662                      1.80    0.003    0.630    0.5054   2.489e-06  p
net228                      1.80    0.014    0.486    0.1092   2.483e-06  p
net493                      1.80    0.017    0.372    0.0875   2.468e-06  p
net396                      1.80    0.013    0.641    0.1164   2.466e-06  p
clknet_1_0__leaf_net439     1.80    0.011    0.597    0.1448   2.464e-06  p
clknet_1_0__leaf_net493     1.80    0.017    0.372    0.0875   2.446e-06  p
clknet_0_net367             1.80    0.020    0.731    0.0764   2.442e-06  p
net880                      1.80    0.011    0.340    0.1343   2.433e-06  p
net349                      1.80    0.018    0.301    0.0811   2.430e-06  p
net250                      1.80    0.014    0.226    0.1042   2.423e-06  p
net303                      1.80    0.010    0.719    0.1441   2.411e-06  p
net651                      1.80    0.011    0.306    0.1354   2.406e-06  p
net506                      1.80    0.009    0.194    0.1631   2.402e-06  p
net281                      1.80    0.006    0.704    0.2550   2.399e-06  p
net689                      1.80    0.007    0.457    0.1989   2.398e-06  p
net497                      1.80    0.035    0.841    0.0426   2.394e-06  p
net847                      1.80    0.015    0.500    0.1000   2.389e-06  a
net912                      1.80    0.015    0.810    0.0958   2.384e-06  p
net861                      1.80    0.015    0.500    0.1000   2.373e-06  a
net631                      1.80    0.010    0.337    0.1434   2.372e-06  p
net838                      1.80    0.015    0.500    0.1000   2.359e-06  a
net97                       1.80    0.013    0.508    0.1135   2.355e-06  p
net846                      1.80    0.014    0.500    0.1000   2.348e-06  a
net397                      1.80    0.008    0.270    0.1788   2.338e-06  p
net306                      1.80    0.008    0.773    0.1720   2.333e-06  p
net416                      1.80    0.052    0.039    0.0275   2.330e-06  p
clknet_0_net489             1.80    0.019    0.257    0.0754   2.328e-06  p
net299                      1.80    0.012    0.625    0.1215   2.323e-06  p
clknet_0_net394             1.80    0.023    0.109    0.0610   2.301e-06  p
net202                      1.80    0.009    0.384    0.1591   2.295e-06  p
net920                      1.80    0.014    0.782    0.1048   2.294e-06  p
net586                      1.80    0.016    0.607    0.0913   2.293e-06  p
net19                       1.80    0.014    0.245    0.1026   2.292e-06  p
net210                      1.80    0.009    0.646    0.1580   2.288e-06  p
clknet_1_0__leaf_net707     1.80    0.024    0.287    0.0577   2.285e-06  p
net421                      1.80    0.015    0.152    0.0935   2.275e-06  p
clknet_0_net707             1.80    0.024    0.287    0.0577   2.252e-06  p
clknet_1_1__leaf_net399     1.80    0.004    0.378    0.3666   2.234e-06  p
net853                      1.80    0.014    0.500    0.1000   2.230e-06  a
net1003                     1.80    0.011    0.511    0.1233   2.208e-06  p
net516                      1.80    0.006    0.552    0.2131   2.202e-06  p
net820                      1.80    0.014    0.500    0.1000   2.201e-06  a
clknet_0_net508             1.80    0.022    0.532    0.0628   2.200e-06  p
net385                      1.80    0.020    0.127    0.0673   2.195e-06  p
net469                      1.80    0.010    0.584    0.1400   2.182e-06  p
net224                      1.80    0.015    0.871    0.0896   2.180e-06  p
net252                      1.80    0.087    0.822    0.0155   2.178e-06  p
net185                      1.80    0.014    0.161    0.0932   2.175e-06  p
net805                      1.80    0.022    0.202    0.0621   2.174e-06  p
net40                       1.80    0.018    0.090    0.0750   2.151e-06  p
net309                      1.80    0.027    0.951    0.0484   2.119e-06  p
net559                      1.80    0.007    0.508    0.1932   2.104e-06  p
net197                      1.80    0.010    0.730    0.1335   2.100e-06  p
net99                       1.80    0.007    0.438    0.1919   2.098e-06  p
net93                       1.80    0.010    0.556    0.1326   2.088e-06  p
net580                      1.80    0.010    0.753    0.1354   2.085e-06  p
net615                      1.80    0.006    0.618    0.2042   2.076e-06  p
net477                      1.80    0.055    0.955    0.0233   2.073e-06  p
clknet_1_1__leaf_net508     1.80    0.020    0.532    0.0628   2.073e-06  p
net514                      1.80    0.017    0.347    0.0734   2.071e-06  p
net91                       1.80    0.011    0.191    0.1149   2.069e-06  p
net585                      1.80    0.014    0.393    0.0916   2.064e-06  p
net439                      1.80    0.009    0.597    0.1448   2.062e-06  p
net836                      1.80    0.013    0.500    0.1000   2.056e-06  a
net277                      1.80    0.004    0.807    0.3274   2.049e-06  p
net182                      1.80    0.013    0.827    0.0987   2.045e-06  p
clknet_0_net256             1.80    0.019    0.843    0.0681   2.044e-06  p
net819                      1.80    0.013    0.500    0.1000   2.037e-06  a
net442                      1.80    0.010    0.690    0.1220   2.032e-06  p
clknet_0_net454             1.80    0.019    0.762    0.0669   2.032e-06  p
clknet_0_net479             1.80    0.019    0.663    0.0666   2.026e-06  p
net34                       1.80    0.012    0.779    0.1032   2.019e-06  p
net293                      1.80    0.024    0.053    0.0510   2.014e-06  p
net488                      1.80    0.011    0.526    0.1087   1.986e-06  p
net447                      1.80    0.013    0.675    0.0952   1.985e-06  p
net230                      1.80    0.010    0.774    0.1192   1.983e-06  p
net481                      1.80    0.021    0.328    0.0593   1.981e-06  p
clknet_1_1__leaf_net394     1.80    0.020    0.109    0.0610   1.966e-06  p
net513                      1.80    0.016    0.653    0.0734   1.959e-06  p
net941                      1.80    0.012    0.226    0.1042   1.957e-06  p
net395                      1.80    0.005    0.533    0.2372   1.952e-06  p
clknet_1_0__leaf_net394     1.80    0.020    0.109    0.0610   1.943e-06  p
net856                      1.80    0.012    0.500    0.1000   1.938e-06  a
net863                      1.80    0.012    0.500    0.1000   1.922e-06  a
net561                      1.80    0.011    0.746    0.1122   1.917e-06  p
clknet_0_net795             1.80    0.020    0.291    0.0584   1.917e-06  p
net804                      1.80    0.011    0.654    0.1041   1.901e-06  p
net438                      1.80    0.050    0.945    0.0233   1.893e-06  p
net67                       1.80    0.012    0.814    0.0948   1.889e-06  p
net566                      1.80    0.010    0.440    0.1207   1.874e-06  p
net206                      1.80    0.012    0.838    0.0964   1.866e-06  p
net15                       1.80    0.017    0.878    0.0685   1.865e-06  p
net239                      1.80    0.010    0.666    0.1133   1.849e-06  p
net483                      1.80    0.018    0.423    0.0639   1.831e-06  p
net279                      1.80    0.004    0.723    0.3172   1.807e-06  p
clknet_0_net456             1.80    0.019    0.134    0.0580   1.798e-06  p
clknet_1_0__leaf_net344     1.80    0.009    0.156    0.1233   1.794e-06  p
net988                      1.80    0.006    0.541    0.1991   1.791e-06  p
clknet_1_1__leaf_net493     1.80    0.013    0.372    0.0875   1.783e-06  p
net422                      1.80    0.054    0.959    0.0203   1.773e-06  p
net918                      1.80    0.003    0.761    0.3699   1.768e-06  p
clknet_0_net797             1.80    0.019    0.279    0.0568   1.766e-06  p
net278                      1.80    0.009    0.451    0.1172   1.762e-06  p
net862                      1.80    0.011    0.500    0.1000   1.760e-06  a
clknet_1_1__leaf_net492     1.80    0.007    0.582    0.1538   1.755e-06  p
net466                      1.80    0.009    0.435    0.1247   1.749e-06  p
net564                      1.80    0.008    0.443    0.1381   1.745e-06  p
net818                      1.80    0.011    0.500    0.1000   1.741e-06  a
net394                      1.80    0.017    0.109    0.0610   1.725e-06  p
net517                      1.80    0.005    0.373    0.2016   1.723e-06  p
net226                      1.80    0.010    0.783    0.1106   1.714e-06  p
clknet_0_net758             1.80    0.020    0.242    0.0517   1.705e-06  p
clknet_1_1__leaf_net454     1.80    0.016    0.762    0.0669   1.692e-06  p
net675                      1.80    0.012    0.457    0.0855   1.684e-06  p
net379                      1.80    0.009    0.321    0.1209   1.676e-06  p
net785                      1.80    0.011    0.706    0.0908   1.674e-06  p
net8                        1.80    0.011    0.755    0.0964   1.674e-06  p
net256                      1.80    0.015    0.843    0.0681   1.663e-06  p
net563                      1.80    0.010    0.504    0.1043   1.660e-06  p
net345                      1.80    0.007    0.728    0.1355   1.645e-06  p
net371                      1.80    0.018    0.926    0.0565   1.626e-06  p
net581                      1.80    0.009    0.657    0.1101   1.625e-06  p
net707                      1.80    0.017    0.287    0.0577   1.624e-06  p
net374                      1.80    0.017    0.755    0.0580   1.623e-06  p
net66                       1.80    0.021    0.938    0.0475   1.608e-06  p
net307                      1.80    0.005    0.772    0.1947   1.606e-06  p
net899                      1.80    0.071    0.809    0.0140   1.604e-06  p
net13                       1.80    0.010    0.495    0.0993   1.599e-06  p
net619                      1.80    0.005    0.590    0.1966   1.599e-06  p
clknet_0_net738             1.80    0.020    0.246    0.0498   1.596e-06  p
net368                      1.80    0.009    0.452    0.1056   1.581e-06  p
net852                      1.80    0.010    0.500    0.1000   1.580e-06  a
net858                      1.80    0.010    0.500    0.1000   1.575e-06  a
net380                      1.80    0.006    0.568    0.1577   1.572e-06  p
clknet_0_net886             1.80    0.018    0.263    0.0535   1.571e-06  p
clknet_1_1__leaf_net797     1.80    0.017    0.279    0.0568   1.564e-06  p
net519                      1.80    0.017    0.069    0.0573   1.557e-06  p
clknet_1_0__leaf_net796     1.80    0.023    0.207    0.0418   1.554e-06  p
clknet_1_1__leaf_net401     1.80    0.007    0.465    0.1317   1.552e-06  p
net667                      1.80    0.006    0.531    0.1518   1.542e-06  p
clknet_0_net331             1.80    0.019    0.051    0.0511   1.542e-06  p
net724                      1.80    0.012    0.860    0.0798   1.534e-06  p
net382                      1.80    0.006    0.221    0.1470   1.533e-06  p
net915                      1.80    0.012    0.506    0.0797   1.532e-06  p
net114                      1.80    0.007    0.719    0.1274   1.521e-06  p
net578                      1.80    0.013    0.710    0.0727   1.520e-06  p
net357                      1.80    0.007    0.252    0.1388   1.515e-06  p
net384                      1.80    0.012    0.637    0.0786   1.513e-06  p
net215                      1.80    0.010    0.142    0.0917   1.513e-06  p
net456                      1.80    0.016    0.134    0.0580   1.501e-06  p
net254                      1.80    0.009    0.226    0.1042   1.499e-06  p
net602                      1.80    0.005    0.365    0.1862   1.494e-06  p
clknet_0_net777             1.80    0.019    0.241    0.0494   1.492e-06  p
net257                      1.80    0.015    0.798    0.0621   1.490e-06  p
net779                      1.80    0.009    0.498    0.1043   1.484e-06  p
clknet_1_1__leaf_net358     1.80    0.007    0.652    0.1238   1.481e-06  p
net569                      1.80    0.007    0.663    0.1225   1.481e-06  p
clknet_1_0__leaf_net247     1.80    0.006    0.653    0.1457   1.477e-06  p
net367                      1.80    0.012    0.731    0.0764   1.472e-06  p
net414                      1.80    0.036    0.046    0.0249   1.467e-06  p
net266                      1.80    0.009    0.387    0.1060   1.459e-06  p
clknet_1_0__leaf_net447     1.80    0.009    0.675    0.0952   1.459e-06  p
net328                      1.80    0.009    0.202    0.1046   1.446e-06  p
net778                      1.80    0.009    0.497    0.1044   1.440e-06  p
net767                      1.80    0.009    0.353    0.0942   1.440e-06  p
net413                      1.80    0.005    0.868    0.1649   1.434e-06  p
net177                      1.80    0.005    0.705    0.1656   1.434e-06  p
net337                      1.80    0.038    0.183    0.0230   1.433e-06  p
net648                      1.80    0.005    0.126    0.1608   1.412e-06  p
net800                      1.80    0.018    0.914    0.0494   1.411e-06  p
net44                       1.80    0.006    0.715    0.1352   1.409e-06  p
clknet_1_1__leaf_net447     1.80    0.009    0.675    0.0952   1.401e-06  p
clknet_1_0__leaf_net489     1.80    0.011    0.257    0.0754   1.397e-06  p
net653                      1.80    0.005    0.778    0.1727   1.391e-06  p
net55                       1.80    0.021    0.960    0.0402   1.384e-06  p
net508                      1.80    0.014    0.532    0.0628   1.379e-06  p
net660                      1.80    0.003    0.511    0.2434   1.377e-06  p
net783                      1.80    0.012    0.766    0.0683   1.370e-06  p
net908                      1.80    0.074    0.978    0.0115   1.369e-06  pm
net363                      1.80    0.017    0.756    0.0493   1.364e-06  p
net489                      1.80    0.011    0.257    0.0754   1.356e-06  p
net316                      1.80    0.007    0.636    0.1231   1.355e-06  p
net828                      1.80    0.008    0.500    0.1000   1.355e-06  a
net632                      1.80    0.004    0.239    0.2191   1.350e-06  p
clknet_1_1__leaf_net886     1.80    0.016    0.263    0.0535   1.350e-06  p
net1007                     1.80    0.008    0.249    0.0979   1.346e-06  p
net781                      1.80    0.011    0.594    0.0727   1.346e-06  p
clknet_1_1__leaf_net247     1.80    0.006    0.653    0.1457   1.337e-06  p
net784                      1.80    0.013    0.499    0.0651   1.332e-06  p
net969                      1.80    0.008    0.249    0.0979   1.329e-06  p
net639                      1.80    0.005    0.649    0.1616   1.328e-06  p
net635                      1.80    0.005    0.380    0.1536   1.328e-06  p
net909                      1.80    0.012    0.227    0.0689   1.327e-06  p
net102                      1.80    0.008    0.747    0.0995   1.320e-06  p
net826                      1.80    0.008    0.500    0.1000   1.316e-06  a
net411                      1.80    0.028    0.943    0.0288   1.312e-06  p
net755                      1.80    0.059    0.230    0.0138   1.308e-06  p
net594                      1.80    0.011    0.347    0.0746   1.306e-06  p
net120                      1.80    0.038    0.980    0.0210   1.305e-06  p
clknet_1_0__leaf_net256     1.80    0.012    0.843    0.0681   1.299e-06  p
net326                      1.80    0.034    0.498    0.0233   1.299e-06  p
net782                      1.80    0.012    0.232    0.0681   1.291e-06  p
net375                      1.80    0.014    0.245    0.0580   1.277e-06  p
net570                      1.80    0.004    0.540    0.2037   1.275e-06  p
clknet_1_0__leaf_net758     1.80    0.015    0.242    0.0517   1.271e-06  p
net386                      1.80    0.005    0.794    0.1590   1.270e-06  p
net65                       1.80    0.011    0.874    0.0739   1.270e-06  p
net476                      1.80    0.007    0.478    0.1042   1.264e-06  p
net999                      1.80    0.005    0.279    0.1439   1.257e-06  p
clknet_0_net796             1.80    0.018    0.207    0.0418   1.245e-06  p
net105                      1.80    0.007    0.226    0.1042   1.243e-06  p
net613                      1.80    0.005    0.619    0.1446   1.241e-06  p
net42                       1.80    0.006    0.732    0.1234   1.235e-06  p
net465                      1.80    0.010    0.465    0.0763   1.235e-06  p
net333                      1.80    0.004    0.564    0.1971   1.234e-06  p
net244                      1.80    0.006    0.639    0.1379   1.233e-06  p
net280                      1.80    0.009    0.898    0.0810   1.231e-06  p
clknet_1_1__leaf_net706     1.80    0.027    0.143    0.0282   1.226e-06  p
net462                      1.80    0.004    0.313    0.1785   1.223e-06  p
net248                      1.80    0.008    0.160    0.0978   1.223e-06  p
clknet_1_1__leaf_net590     1.80    0.005    0.670    0.1469   1.222e-06  p
net503                      1.80    0.004    0.830    0.1900   1.219e-06  p
clknet_1_1__leaf_net608     1.80    0.006    0.303    0.1306   1.217e-06  p
net831                      1.80    0.007    0.500    0.1000   1.215e-06  a
net283                      1.80    0.003    0.523    0.2151   1.210e-06  p
net271                      1.80    0.006    0.541    0.1192   1.208e-06  p
net490                      1.80    0.012    0.423    0.0639   1.208e-06  p
net647                      1.80    0.005    0.211    0.1437   1.206e-06  p
net614                      1.80    0.006    0.494    0.1290   1.183e-06  p
net376                      1.80    0.021    0.035    0.0340   1.183e-06  p
net178                      1.80    0.004    0.516    0.1882   1.174e-06  p
clknet_1_0__leaf_net331     1.80    0.014    0.051    0.0511   1.172e-06  p
net398                      1.80    0.023    0.088    0.0319   1.170e-06  p
net208                      1.80    0.025    0.943    0.0288   1.166e-06  p
net415                      1.80    0.029    0.954    0.0249   1.165e-06  p
net127                      1.80    0.010    0.124    0.0708   1.161e-06  p
net919                      1.80    0.037    0.471    0.0191   1.158e-06  p
net236                      1.80    0.005    0.575    0.1362   1.155e-06  p
net314                      1.80    0.005    0.202    0.1499   1.154e-06  p
net189                      1.80    0.027    0.026    0.0263   1.152e-06  p
net428                      1.80    0.021    0.912    0.0334   1.150e-06  p
net870                      1.80    0.007    0.500    0.1000   1.150e-06  a
net718                      1.80    0.004    0.236    0.1728   1.141e-06  p
net719                      1.80    0.015    0.330    0.0470   1.137e-06  p
clknet_0_net775             1.80    0.019    0.177    0.0362   1.137e-06  p
net107                      1.80    0.007    0.495    0.1004   1.133e-06  p
net332                      1.80    0.004    0.421    0.1776   1.132e-06  p
net238                      1.80    0.006    0.759    0.1171   1.132e-06  p
net437                      1.80    0.048    0.197    0.0144   1.130e-06  p
net11                       1.80    0.007    0.263    0.1022   1.126e-06  p
net842                      1.80    0.007    0.500    0.1000   1.125e-06  a
net479                      1.80    0.010    0.663    0.0666   1.120e-06  p
net331                      1.80    0.014    0.051    0.0511   1.120e-06  p
net921                      1.80    0.014    0.131    0.0499   1.119e-06  p
net498                      1.80    0.016    0.158    0.0424   1.116e-06  p
net685                      1.80    0.005    0.703    0.1478   1.116e-06  p
net32                       1.80    0.010    0.115    0.0705   1.110e-06  p
clknet_0_net232             1.80    0.023    0.074    0.0296   1.104e-06  p
net607                      1.80    0.004    0.383    0.1656   1.101e-06  p
net536                      1.80    0.005    0.804    0.1235   1.097e-06  p
net174                      1.80    0.005    0.593    0.1319   1.093e-06  p
net276                      1.80    0.006    0.195    0.1105   1.090e-06  p
net790                      1.80    0.028    0.552    0.0237   1.088e-06  p
net560                      1.80    0.004    0.588    0.1746   1.087e-06  p
net584                      1.80    0.008    0.762    0.0824   1.083e-06  p
net1000                     1.80    0.023    0.057    0.0288   1.077e-06  p
net603                      1.80    0.003    0.568    0.2345   1.057e-06  p
net598                      1.80    0.003    0.611    0.2050   1.053e-06  p
net176                      1.80    0.014    0.405    0.0463   1.046e-06  p
net454                      1.80    0.010    0.762    0.0669   1.044e-06  p
net436                      1.80    0.043    0.796    0.0150   1.043e-06  p
clknet_1_0__leaf_net266     1.80    0.006    0.387    0.1060   1.036e-06  p
net595                      1.80    0.007    0.522    0.0928   1.036e-06  p
clknet_1_0__leaf_net454     1.80    0.009    0.762    0.0669   1.021e-06  p
net364                      1.80    0.004    0.772    0.1485   1.019e-06  p
net255                      1.80    0.005    0.811    0.1223   1.018e-06  p
net3                        1.80    0.009    0.875    0.0711   1.018e-06  p
net495                      1.80    0.007    0.354    0.0944   1.017e-06  p
net795                      1.80    0.011    0.291    0.0584   1.016e-06  p
net339                      1.80    0.003    0.500    0.1879   1.016e-06  p
net429                      1.80    0.028    0.434    0.0225   1.012e-06  p
net154                      1.80    0.037    0.012    0.0168   1.007e-06  p
net934                      1.80    0.024    0.026    0.0259   1.007e-06  p
net758                      1.80    0.012    0.242    0.0517   1.005e-06  p
net16                       1.80    0.005    0.620    0.1208   1.002e-06  p
net673                      1.80    0.004    0.424    0.1560   9.854e-07  p
net472                      1.80    0.035    0.639    0.0171   9.838e-07  p
net360                      1.80    0.004    0.275    0.1366   9.820e-07  p
clknet_1_1__leaf_net239     1.80    0.005    0.666    0.1133   9.810e-07  p
net596                      1.80    0.005    0.285    0.1266   9.770e-07  p
clknet_1_0__leaf_net488     1.80    0.006    0.526    0.1087   9.765e-07  p
net732                      1.80    0.009    0.128    0.0671   9.750e-07  p
net606                      1.80    0.004    0.425    0.1357   9.748e-07  p
net797                      1.80    0.011    0.279    0.0568   9.729e-07  p
clknet_0_net704             1.80    0.019    0.151    0.0311   9.722e-07  p
net473                      1.80    0.005    0.483    0.1182   9.709e-07  p
net322                      1.80    0.003    0.499    0.2236   9.645e-07  p
net359                      1.80    0.005    0.498    0.1220   9.636e-07  p
clknet_1_0__leaf_net239     1.80    0.005    0.666    0.1133   9.636e-07  p
net387                      1.80    0.004    0.206    0.1590   9.625e-07  p
net142                      1.80    0.004    0.679    0.1537   9.602e-07  p
net43                       1.80    0.005    0.232    0.1313   9.587e-07  p
net186                      1.80    0.009    0.913    0.0646   9.540e-07  p
net390                      1.80    0.011    0.148    0.0556   9.535e-07  p
net901                      1.80    0.027    0.458    0.0221   9.504e-07  p
clknet_1_1__leaf_net404     1.80    0.003    0.138    0.1814   9.437e-07  p
clknet_1_1__leaf_net266     1.80    0.005    0.387    0.1060   9.423e-07  p
net796                      1.80    0.014    0.207    0.0418   9.343e-07  p
clknet_1_1__leaf_net256     1.80    0.008    0.843    0.0681   9.340e-07  p
net393                      1.80    0.004    0.149    0.1382   9.339e-07  p
net265                      1.80    0.003    0.499    0.1732   9.303e-07  p
net27                       1.80    0.009    0.932    0.0664   9.241e-07  p
net658                      1.80    0.004    0.428    0.1415   9.197e-07  p
net620                      1.80    0.003    0.398    0.1828   9.178e-07  p
net504                      1.80    0.003    0.160    0.1687   9.121e-07  p
net440                      1.80    0.003    0.606    0.1969   9.103e-07  p
net878                      1.80    0.034    0.970    0.0165   9.039e-07  p
net10                       1.80    0.008    0.121    0.0685   9.023e-07  p
clknet_0_net706             1.80    0.020    0.143    0.0282   9.010e-07  p
clknet_1_0__leaf_net797     1.80    0.010    0.279    0.0568   8.989e-07  p
net499                      1.80    0.003    0.769    0.1592   8.986e-07  p
net811                      1.80    0.006    0.500    0.1000   8.983e-07  a
net903                      1.80    0.027    0.513    0.0203   8.981e-07  p
net562                      1.80    0.005    0.496    0.1043   8.980e-07  p
clknet_1_1__leaf_net368     1.80    0.005    0.452    0.1056   8.966e-07  p
net245                      1.80    0.007    0.110    0.0745   8.965e-07  p
net623                      1.80    0.004    0.454    0.1381   8.938e-07  p
net624                      1.80    0.003    0.584    0.1725   8.927e-07  p
net642                      1.80    0.004    0.205    0.1508   8.927e-07  p
net159                      1.80    0.004    0.537    0.1569   8.923e-07  p
net577                      1.80    0.004    0.541    0.1308   8.915e-07  p
net264                      1.80    0.020    0.877    0.0276   8.889e-07  p
net978                      1.80    0.004    0.439    0.1441   8.842e-07  p
net262                      1.80    0.004    0.576    0.1337   8.817e-07  p
net152                      1.80    0.002    0.481    0.2354   8.735e-07  p
net403                      1.80    0.003    0.198    0.1954   8.693e-07  p
net814                      1.80    0.005    0.500    0.1000   8.682e-07  a
net369                      1.80    0.003    0.663    0.1872   8.649e-07  p
net216                      1.80    0.004    0.390    0.1404   8.649e-07  p
net112                      1.80    0.020    0.974    0.0259   8.610e-07  p
clknet_1_1__leaf_net796     1.80    0.013    0.207    0.0418   8.579e-07  p
net311                      1.80    0.003    0.710    0.1952   8.577e-07  p
net341                      1.80    0.005    0.753    0.0991   8.533e-07  p
net450                      1.80    0.003    0.424    0.1528   8.482e-07  p
net824                      1.80    0.005    0.500    0.1000   8.474e-07  a
net725                      1.80    0.007    0.140    0.0798   8.462e-07  p
net643                      1.80    0.011    0.244    0.0493   8.458e-07  p
net668                      1.80    0.004    0.361    0.1298   8.446e-07  p
net705                      1.80    0.003    0.172    0.1500   8.429e-07  p
net661                      1.80    0.005    0.474    0.1083   8.373e-07  p
net200                      1.80    0.005    0.249    0.0979   8.350e-07  p
net780                      1.80    0.007    0.404    0.0725   8.318e-07  p
net146                      1.80    0.012    0.060    0.0436   8.305e-07  p
net998                      1.80    0.007    0.294    0.0785   8.294e-07  p
net659                      1.80    0.004    0.197    0.1450   8.261e-07  p
net418                      1.80    0.006    0.092    0.0814   8.238e-07  p
net738                      1.80    0.010    0.246    0.0498   8.219e-07  p
net788                      1.80    0.006    0.534    0.0831   8.209e-07  p
net896                      1.80    0.042    0.142    0.0120   8.195e-07  p
net751                      1.80    0.040    0.176    0.0125   8.138e-07  p
net320                      1.80    0.005    0.810    0.0958   8.135e-07  p
net886                      1.80    0.009    0.263    0.0535   8.134e-07  p
net511                      1.80    0.004    0.380    0.1288   8.056e-07  p
net592                      1.80    0.003    0.730    0.1482   8.053e-07  p
net355                      1.80    0.010    0.821    0.0509   8.023e-07  p
net301                      1.80    0.003    0.727    0.1450   8.019e-07  p
net288                      1.80    0.004    0.477    0.1335   7.981e-07  p
net464                      1.80    0.006    0.535    0.0763   7.952e-07  p
net287                      1.80    0.004    0.505    0.1324   7.944e-07  p
net556                      1.80    0.003    0.251    0.1519   7.878e-07  p
net310                      1.80    0.002    0.676    0.2129   7.846e-07  p
net987                      1.80    0.005    0.497    0.1044   7.791e-07  p
net697                      1.80    0.006    0.160    0.0742   7.784e-07  p
net579                      1.80    0.004    0.592    0.1084   7.755e-07  p
net720                      1.80    0.010    0.668    0.0474   7.713e-07  p
net700                      1.80    0.029    0.483    0.0162   7.708e-07  p
net629                      1.80    0.003    0.511    0.1435   7.704e-07  p
net496                      1.80    0.003    0.577    0.1519   7.698e-07  p
net60                       1.80    0.017    0.872    0.0278   7.694e-07  p
clknet_0_net776             1.80    0.019    0.115    0.0244   7.652e-07  p
net616                      1.80    0.003    0.559    0.1674   7.624e-07  p
net232                      1.80    0.016    0.074    0.0296   7.614e-07  p
net425                      1.80    0.003    0.168    0.1792   7.574e-07  p
net625                      1.80    0.003    0.335    0.1625   7.574e-07  p
net402                      1.80    0.004    0.448    0.1169   7.553e-07  p
net223                      1.80    0.003    0.286    0.1554   7.543e-07  p
net53                       1.80    0.003    0.794    0.1432   7.518e-07  p
net443                      1.80    0.002    0.448    0.2049   7.492e-07  p
clknet_1_1__leaf_net367     1.80    0.006    0.731    0.0764   7.483e-07  p
net475                      1.80    0.003    0.356    0.1578   7.474e-07  p
clknet_1_0__leaf_net590     1.80    0.003    0.670    0.1469   7.459e-07  p
clknet_0_net241             1.80    0.019    0.980    0.0242   7.448e-07  p
clknet_1_1__leaf_net331     1.80    0.009    0.051    0.0511   7.419e-07  p
clknet_1_1__leaf_net254     1.80    0.004    0.226    0.1042   7.417e-07  p
net637                      1.80    0.003    0.662    0.1774   7.412e-07  p
clknet_1_0__leaf_net404     1.80    0.003    0.138    0.1814   7.400e-07  p
net806                      1.80    0.007    0.423    0.0639   7.394e-07  p
net419                      1.80    0.009    0.972    0.0486   7.379e-07  p
clknet_1_0__leaf_net401     1.80    0.003    0.465    0.1317   7.354e-07  p
clknet_1_0__leaf_net886     1.80    0.008    0.263    0.0535   7.330e-07  p
net471                      1.80    0.023    0.904    0.0193   7.298e-07  p
net478                      1.80    0.003    0.711    0.1526   7.297e-07  p
net803                      1.80    0.008    0.328    0.0593   7.292e-07  p
net468                      1.80    0.003    0.544    0.1423   7.286e-07  p
net362                      1.80    0.009    0.244    0.0493   7.253e-07  p
net591                      1.80    0.005    0.476    0.0969   7.246e-07  p
clknet_1_1__leaf_net439     1.80    0.003    0.597    0.1448   7.181e-07  p
net787                      1.80    0.003    0.573    0.1285   7.179e-07  p
net892                      1.80    0.041    0.008    0.0107   7.172e-07  p
net141                      1.80    0.003    0.287    0.1359   7.115e-07  p
net759                      1.80    0.005    0.844    0.0835   7.083e-07  p
net709                      1.80    0.016    0.123    0.0276   7.080e-07  p
net191                      1.80    0.003    0.440    0.1445   7.078e-07  p
net48                       1.80    0.005    0.813    0.0934   7.071e-07  p
net875                      1.80    0.010    0.614    0.0441   7.064e-07  p
net221                      1.80    0.003    0.417    0.1721   7.041e-07  p
clknet_0_net757             1.80    0.018    0.120    0.0238   6.952e-07  p
net433                      1.80    0.013    0.912    0.0334   6.945e-07  p
net353                      1.80    0.003    0.582    0.1664   6.877e-07  p
net980                      1.80    0.007    0.097    0.0644   6.865e-07  p
net677                      1.80    0.003    0.254    0.1333   6.858e-07  p
net212                      1.80    0.003    0.581    0.1345   6.856e-07  p
net1                        1.80    0.002    0.508    0.1886   6.793e-07  p
net764                      1.80    0.041    0.966    0.0101   6.766e-07  p
net789                      1.80    0.018    0.438    0.0236   6.734e-07  p
net170                      1.80    0.011    0.711    0.0391   6.691e-07  p
net423                      1.80    0.003    0.107    0.1603   6.685e-07  p
net605                      1.80    0.002    0.571    0.2071   6.674e-07  p
net388                      1.80    0.017    0.817    0.0238   6.652e-07  p
net799                      1.80    0.008    0.084    0.0491   6.595e-07  p
net430                      1.80    0.018    0.558    0.0226   6.579e-07  p
net777                      1.80    0.008    0.241    0.0494   6.413e-07  p
net708                      1.80    0.014    0.872    0.0278   6.379e-07  p
net775                      1.80    0.011    0.177    0.0362   6.369e-07  p
net734                      1.80    0.027    0.012    0.0145   6.355e-07  p
net501                      1.80    0.002    0.815    0.1582   6.334e-07  p
net621                      1.80    0.002    0.402    0.1620   6.327e-07  p
clknet_1_0__leaf_net608     1.80    0.003    0.303    0.1306   6.273e-07  p
net572                      1.80    0.004    0.215    0.0872   6.208e-07  p
net628                      1.80    0.004    0.165    0.0952   6.163e-07  p
net527                      1.80    0.015    0.981    0.0251   6.156e-07  p
net711                      1.80    0.011    0.083    0.0334   6.142e-07  p
net599                      1.80    0.004    0.738    0.1061   6.139e-07  p
net243                      1.80    0.003    0.840    0.1327   6.136e-07  p
net972                      1.80    0.004    0.251    0.0975   6.103e-07  p
net612                      1.80    0.003    0.425    0.1283   6.095e-07  p
clknet_1_0__leaf_net241     1.80    0.015    0.980    0.0242   6.060e-07  p
net467                      1.80    0.003    0.565    0.1247   5.987e-07  p
net866                      1.80    0.004    0.500    0.1000   5.979e-07  a
net49                       1.80    0.009    0.045    0.0430   5.925e-07  p
net270                      1.80    0.003    0.465    0.1221   5.915e-07  p
clknet_1_0__leaf_net795     1.80    0.006    0.291    0.0584   5.880e-07  p
net155                      1.80    0.006    0.345    0.0576   5.863e-07  p
net693                      1.80    0.004    0.111    0.0889   5.814e-07  p
net891                      1.80    0.003    0.346    0.1041   5.796e-07  p
net712                      1.80    0.025    0.050    0.0140   5.749e-07  p
net131                      1.80    0.003    0.172    0.1347   5.745e-07  p
net798                      1.80    0.004    0.331    0.0935   5.697e-07  p
net319                      1.80    0.007    0.667    0.0477   5.684e-07  p
net680                      1.80    0.017    0.093    0.0208   5.671e-07  p
net487                      1.80    0.003    0.300    0.1291   5.656e-07  p
net31                       1.80    0.010    0.030    0.0341   5.621e-07  p
clknet_1_1__leaf_net488     1.80    0.003    0.526    0.1087   5.619e-07  p
net89                       1.80    0.005    0.082    0.0640   5.616e-07  p
net147                      1.80    0.004    0.872    0.0967   5.614e-07  p
net731                      1.80    0.013    0.024    0.0261   5.565e-07  p
net391                      1.80    0.005    0.102    0.0751   5.547e-07  p
net383                      1.80    0.002    0.527    0.1421   5.498e-07  p
net231                      1.80    0.003    0.624    0.1259   5.485e-07  p
net457                      1.80    0.008    0.418    0.0432   5.484e-07  p
net335                      1.80    0.004    0.181    0.0943   5.481e-07  p
net1002                     1.80    0.005    0.227    0.0689   5.441e-07  p
clknet_1_0__leaf_net254     1.80    0.003    0.226    0.1042   5.417e-07  p
net812                      1.80    0.003    0.500    0.1000   5.380e-07  a
net509                      1.80    0.002    0.366    0.1364   5.351e-07  p
net706                      1.80    0.012    0.143    0.0282   5.348e-07  p
net213                      1.80    0.002    0.268    0.1470   5.200e-07  p
clknet_0_net739             1.80    0.020    0.081    0.0162   5.179e-07  p
net657                      1.80    0.004    0.889    0.0786   5.128e-07  p
net634                      1.80    0.003    0.322    0.1028   5.119e-07  p
net633                      1.80    0.005    0.138    0.0614   5.051e-07  p
net17                       1.80    0.008    0.956    0.0376   5.031e-07  p
net445                      1.80    0.004    0.900    0.0877   4.978e-07  p
net604                      1.80    0.002    0.541    0.1451   4.959e-07  p
net549                      1.80    0.013    0.406    0.0223   4.852e-07  p
net644                      1.80    0.006    0.756    0.0493   4.850e-07  p
net617                      1.80    0.003    0.304    0.0909   4.828e-07  p
clknet_1_0__leaf_net739     1.80    0.018    0.081    0.0162   4.819e-07  p
net753                      1.80    0.014    0.581    0.0219   4.808e-07  p
net638                      1.80    0.007    0.034    0.0396   4.790e-07  p
net701                      1.80    0.003    0.095    0.0908   4.751e-07  p
net300                      1.80    0.034    0.007    0.0085   4.725e-07  p
net251                      1.80    0.016    0.107    0.0177   4.709e-07  p
net704                      1.80    0.009    0.151    0.0311   4.676e-07  p
clknet_1_1__leaf_net795     1.80    0.005    0.291    0.0584   4.673e-07  p
net851                      1.80    0.003    0.500    0.1000   4.650e-07  a
net241                      1.80    0.012    0.980    0.0242   4.600e-07  p
net242                      1.80    0.010    0.057    0.0288   4.551e-07  p
net833                      1.80    0.003    0.500    0.1000   4.551e-07  a
net548                      1.80    0.013    0.591    0.0224   4.534e-07  p
net664                      1.80    0.008    0.064    0.0368   4.527e-07  p
net730                      1.80    0.015    0.023    0.0189   4.516e-07  p
clknet_1_1__leaf_net739     1.80    0.017    0.081    0.0162   4.487e-07  p
out39                       1.80    0.001    0.298    0.4341   4.478e-07  p
net610                      1.80    0.003    0.164    0.0869   4.466e-07  p
clknet_1_0__leaf_net776     1.80    0.011    0.115    0.0244   4.463e-07  p
net338                      1.80    0.005    0.894    0.0500   4.454e-07  p
net646                      1.80    0.003    0.207    0.1061   4.438e-07  p
net222                      1.80    0.003    0.196    0.0909   4.437e-07  p
net801                      1.80    0.005    0.221    0.0566   4.433e-07  p
clknet_1_1__leaf_net479     1.80    0.004    0.663    0.0666   4.432e-07  p
net136                      1.80    0.004    0.077    0.0655   4.413e-07  p
net327                      1.80    0.010    0.976    0.0273   4.388e-07  p
net997                      1.80    0.002    0.804    0.1235   4.365e-07  p
net187                      1.80    0.009    0.969    0.0284   4.361e-07  p
net381                      1.80    0.010    0.123    0.0276   4.361e-07  p
net627                      1.80    0.005    0.130    0.0548   4.329e-07  p
net482                      1.80    0.004    0.672    0.0593   4.309e-07  p
net674                      1.80    0.011    0.120    0.0250   4.270e-07  p
net641                      1.80    0.005    0.935    0.0505   4.230e-07  p
net377                      1.80    0.020    0.983    0.0129   4.223e-07  p
net122                      1.80    0.002    0.507    0.1243   4.218e-07  p
net117                      1.80    0.010    0.026    0.0259   4.207e-07  p
clknet_1_0__leaf_net775     1.80    0.007    0.177    0.0362   4.169e-07  p
net453                      1.80    0.011    0.199    0.0233   4.166e-07  p
net776                      1.80    0.011    0.115    0.0244   4.158e-07  p
net515                      1.80    0.002    0.582    0.1135   4.137e-07  p
net793                      1.80    0.012    0.614    0.0220   4.120e-07  p
net140                      1.80    0.002    0.563    0.1281   4.114e-07  p
net169                      1.80    0.002    0.130    0.1048   4.042e-07  p
net757                      1.80    0.010    0.120    0.0238   3.978e-07  p
net794                      1.80    0.010    0.531    0.0238   3.951e-07  p
net502                      1.80    0.002    0.825    0.1152   3.921e-07  p
net774                      1.80    0.012    0.584    0.0198   3.878e-07  p
clknet_1_0__leaf_net367     1.80    0.003    0.731    0.0764   3.865e-07  p
net574                      1.80    0.002    0.354    0.1022   3.838e-07  p
net343                      1.80    0.017    0.050    0.0140   3.830e-07  p
clknet_1_0__leaf_net738     1.80    0.005    0.246    0.0498   3.805e-07  p
net334                      1.80    0.002    0.660    0.1056   3.780e-07  p
net494                      1.80    0.002    0.610    0.1529   3.770e-07  pm
net622                      1.80    0.002    0.459    0.1045   3.767e-07  p
net167                      1.80    0.002    0.654    0.1041   3.717e-07  p
net715                      1.80    0.011    0.035    0.0215   3.713e-07  p
net461                      1.80    0.009    0.849    0.0254   3.705e-07  p
net124                      1.80    0.002    0.248    0.0986   3.699e-07  p
net1001                     1.80    0.004    0.176    0.0505   3.673e-07  p
net763                      1.80    0.023    0.031    0.0098   3.672e-07  p
net739                      1.80    0.014    0.081    0.0162   3.672e-07  p
net583                      1.80    0.004    0.113    0.0518   3.670e-07  p
net512                      1.80    0.004    0.101    0.0541   3.629e-07  p
net630                      1.80    0.002    0.609    0.1025   3.619e-07  p
net249                      1.80    0.002    0.892    0.0945   3.614e-07  p
net444                      1.80    0.003    0.908    0.0814   3.588e-07  p
net687                      1.80    0.004    0.867    0.0500   3.567e-07  p
net654                      1.80    0.007    0.025    0.0303   3.559e-07  p
net985                      1.80    0.010    0.657    0.0209   3.538e-07  p
net894                      1.80    0.011    0.657    0.0206   3.528e-07  p
net272                      1.80    0.002    0.110    0.0906   3.518e-07  p
net967                      1.80    0.004    0.713    0.0577   3.488e-07  p
net772                      1.80    0.022    0.858    0.0095   3.428e-07  p
net551                      1.80    0.008    0.961    0.0275   3.416e-07  p
clknet_1_1__leaf_net738     1.80    0.004    0.246    0.0498   3.378e-07  p
net171                      1.80    0.005    0.284    0.0389   3.347e-07  p
net750                      1.80    0.016    0.817    0.0131   3.322e-07  p
clknet_1_1__leaf_net758     1.80    0.004    0.242    0.0517   3.308e-07  p
net50                       1.80    0.005    0.056    0.0443   3.301e-07  p
net926                      1.80    0.013    0.922    0.0159   3.282e-07  p
net714                      1.80    0.011    0.058    0.0183   3.282e-07  p
net984                      1.80    0.011    0.107    0.0177   3.275e-07  p
net626                      1.80    0.002    0.871    0.0859   3.252e-07  p
net869                      1.80    0.002    0.500    0.1000   3.201e-07  a
net400                      1.80    0.003    0.080    0.0570   3.189e-07  p
net735                      1.80    0.010    0.695    0.0201   3.178e-07  p
net710                      1.80    0.006    0.912    0.0335   3.168e-07  p
net900                      1.80    0.003    0.115    0.0716   3.165e-07  p
net587                      1.80    0.010    0.977    0.0189   3.155e-07  p
net729                      1.80    0.010    0.977    0.0189   3.154e-07  p
clknet_1_0__leaf_net232     1.80    0.007    0.074    0.0296   3.150e-07  p
net116                      1.80    0.009    0.019    0.0208   3.141e-07  p
clknet_1_1__leaf_net456     1.80    0.003    0.134    0.0580   3.135e-07  p
out55                       1.80    0.001    0.761    0.3699   3.048e-07  p
net618                      1.80    0.002    0.560    0.0796   3.044e-07  p
net737                      1.80    0.009    0.332    0.0204   3.034e-07  p
net911                      1.80    0.004    0.390    0.0463   3.031e-07  p
out53                       1.80    0.001    0.351    0.1664   3.023e-07  p
net261                      1.80    0.013    0.929    0.0148   3.020e-07  p
net166                      1.80    0.002    0.197    0.1011   3.018e-07  p
net106                      1.80    0.009    0.016    0.0198   2.961e-07  p
clknet_1_0__leaf_net777     1.80    0.004    0.241    0.0494   2.954e-07  p
net458                      1.80    0.016    0.794    0.0115   2.933e-07  p
net246                      1.80    0.002    0.896    0.0743   2.930e-07  p
net573                      1.80    0.002    0.785    0.0872   2.913e-07  p
net966                      1.80    0.003    0.713    0.0577   2.898e-07  p
clknet_0_net240             1.80    0.022    0.008    0.0082   2.898e-07  p
net227                      1.80    0.006    0.139    0.0314   2.897e-07  p
net168                      1.80    0.003    0.068    0.0601   2.880e-07  p
clknet_1_1__leaf_net777     1.80    0.004    0.241    0.0494   2.865e-07  p
net792                      1.80    0.009    0.612    0.0205   2.856e-07  p
out2                        1.80    0.001    0.619    0.1922   2.848e-07  p
net313                      1.80    0.004    0.333    0.0477   2.783e-07  p
net347                      1.80    0.023    0.975    0.0075   2.775e-07  p
net802                      1.80    0.004    0.795    0.0468   2.763e-07  p
net486                      1.80    0.003    0.861    0.0568   2.756e-07  p
net522                      1.80    0.005    0.968    0.0316   2.755e-07  p
net323                      1.80    0.004    0.043    0.0476   2.718e-07  p
net452                      1.80    0.007    0.798    0.0236   2.668e-07  p
net676                      1.80    0.010    0.062    0.0163   2.667e-07  p
clknet_1_1__leaf_net775     1.80    0.005    0.177    0.0362   2.654e-07  p
clknet_1_1__leaf_net232     1.80    0.006    0.074    0.0296   2.638e-07  p
clknet_1_0__leaf_net456     1.80    0.003    0.134    0.0580   2.624e-07  p
out41                       1.80    0.002    0.250    0.0951   2.595e-07  p
net427                      1.80    0.010    0.971    0.0155   2.589e-07  p
net318                      1.80    0.003    0.287    0.0577   2.553e-07  p
net354                      1.80    0.003    0.176    0.0505   2.544e-07  p
net201                      1.80    0.006    0.969    0.0284   2.534e-07  p
net534                      1.80    0.004    0.037    0.0406   2.532e-07  p
net455                      1.80    0.004    0.582    0.0432   2.525e-07  p
net211                      1.80    0.005    0.057    0.0288   2.518e-07  p
net220                      1.80    0.005    0.053    0.0287   2.481e-07  p
net961                      1.80    0.005    0.857    0.0282   2.466e-07  p
net530                      1.80    0.024    0.986    0.0062   2.404e-07  p
net1006                     1.80    0.002    0.160    0.0742   2.401e-07  p
net460                      1.80    0.011    0.180    0.0137   2.392e-07  p
net1004                     1.80    0.015    0.966    0.0101   2.389e-07  p
net7                        1.80    0.005    0.029    0.0271   2.354e-07  p
net672                      1.80    0.007    0.736    0.0195   2.336e-07  p
net991                      1.80    0.003    0.931    0.0573   2.335e-07  p
net722                      1.80    0.042    0.993    0.0034   2.306e-07  p
net649                      1.80    0.003    0.418    0.0429   2.298e-07  p
net480                      1.80    0.007    0.487    0.0203   2.279e-07  p
clknet_1_1__leaf_net757     1.80    0.006    0.120    0.0238   2.265e-07  p
net754                      1.80    0.015    0.136    0.0091   2.257e-07  p
clknet_1_0__leaf_net479     1.80    0.002    0.663    0.0666   2.234e-07  p
net736                      1.80    0.007    0.296    0.0199   2.226e-07  p
net717                      1.80    0.013    0.976    0.0105   2.218e-07  p
net810                      1.80    0.006    0.542    0.0221   2.128e-07  p
net484                      1.80    0.029    0.009    0.0045   2.099e-07  p
clknet_1_0__leaf_net757     1.80    0.005    0.120    0.0238   2.088e-07  p
net172                      1.80    0.003    0.605    0.0465   2.087e-07  p
out20                       1.80    0.001    0.706    0.1460   2.079e-07  p
net650                      1.80    0.003    0.582    0.0429   2.073e-07  p
net356                      1.80    0.002    0.125    0.0525   2.054e-07  p
net992                      1.80    0.007    0.638    0.0171   2.052e-07  p
clknet_1_1__leaf_net241     1.80    0.005    0.980    0.0242   2.048e-07  p
net716                      1.80    0.012    0.024    0.0105   1.980e-07  p
net448                      1.80    0.003    0.957    0.0435   1.916e-07  p
net546                      1.80    0.036    0.994    0.0033   1.910e-07  p
net756                      1.80    0.006    0.657    0.0210   1.882e-07  p
net773                      1.80    0.014    0.099    0.0084   1.870e-07  p
net179                      1.80    0.002    0.871    0.0505   1.869e-07  p
net173                      1.80    0.004    0.084    0.0278   1.834e-07  p
net505                      1.80    0.003    0.875    0.0405   1.833e-07  p
net752                      1.80    0.005    0.409    0.0220   1.827e-07  p
net702                      1.80    0.012    0.421    0.0092   1.807e-07  p
out9                        1.80    0.001    0.368    0.1210   1.726e-07  p
clknet_1_1__leaf_net704     1.80    0.003    0.151    0.0311   1.719e-07  p
net656                      1.80    0.006    0.529    0.0192   1.715e-07  p
net558                      1.80    0.009    0.945    0.0119   1.715e-07  p
net372                      1.80    0.005    0.448    0.0220   1.654e-07  p
out10                       1.80    0.001    0.599    0.1406   1.654e-07  p
out23                       1.80    0.001    0.184    0.1278   1.648e-07  p
net350                      1.80    0.007    0.050    0.0140   1.633e-07  p
net914                      1.80    0.002    0.405    0.0463   1.632e-07  p
net156                      1.80    0.005    0.471    0.0192   1.632e-07  p
net378                      1.80    0.039    0.992    0.0024   1.556e-07  p
net485                      1.80    0.021    0.991    0.0045   1.520e-07  p
clknet_1_1__leaf_net776     1.80    0.004    0.115    0.0244   1.511e-07  p
net609                      1.80    0.003    0.494    0.0288   1.503e-07  p
net180                      1.80    0.003    0.112    0.0300   1.502e-07  p
net582                      1.80    0.009    0.581    0.0105   1.492e-07  p
net671                      1.80    0.005    0.258    0.0193   1.450e-07  p
net181                      1.80    0.003    0.432    0.0333   1.439e-07  p
out16                       1.80    0.001    0.376    0.1648   1.437e-07  p
net962                      1.80    0.003    0.857    0.0282   1.420e-07  p
net995                      1.80    0.006    0.230    0.0137   1.399e-07  p
out0                        1.80    0.000    0.740    0.1868   1.354e-07  p
out3                        1.80    0.001    0.422    0.1346   1.349e-07  p
net963                      1.80    0.003    0.857    0.0282   1.343e-07  p
net791                      1.80    0.006    0.152    0.0129   1.315e-07  p
net317                      1.80    0.003    0.026    0.0263   1.311e-07  p
net348                      1.80    0.004    0.907    0.0223   1.308e-07  p
net59                       1.80    0.003    0.872    0.0278   1.305e-07  p
net474                      1.80    0.005    0.030    0.0165   1.299e-07  p
net543                      1.80    0.061    0.007    0.0013   1.281e-07  p
clknet_1_1__leaf_net240     1.80    0.010    0.008    0.0082   1.274e-07  p
net510                      1.80    0.006    0.976    0.0124   1.264e-07  p
net761                      1.80    0.013    0.011    0.0057   1.245e-07  p
net240                      1.80    0.009    0.008    0.0082   1.238e-07  p
net151                      1.80    0.003    0.128    0.0278   1.225e-07  p
net960                      1.80    0.003    0.857    0.0282   1.223e-07  p
net684                      1.80    0.002    0.025    0.0320   1.222e-07  p
net770                      1.80    0.006    0.849    0.0123   1.210e-07  p
net435                      1.80    0.003    0.974    0.0266   1.178e-07  p
net879                      1.80    0.003    0.904    0.0228   1.177e-07  pm
net550                      1.80    0.003    0.039    0.0275   1.176e-07  p
net346                      1.80    0.010    0.022    0.0073   1.175e-07  p
net260                      1.80    0.005    0.071    0.0148   1.171e-07  p
net771                      1.80    0.006    0.140    0.0117   1.144e-07  p
clknet_1_0__leaf_net704     1.80    0.002    0.151    0.0311   1.137e-07  p
out17                       1.80    0.001    0.340    0.1343   1.122e-07  p
net470                      1.80    0.004    0.096    0.0193   1.108e-07  p
net263                      1.80    0.007    0.018    0.0096   1.105e-07  p
net890                      1.80    0.010    0.004    0.0064   1.080e-07  p
net518                      1.80    0.003    0.030    0.0242   1.079e-07  p
net809                      1.80    0.003    0.449    0.0220   1.076e-07  p
net964                      1.80    0.002    0.857    0.0282   1.072e-07  p
net681                      1.80    0.003    0.906    0.0208   1.046e-07  p
net986                      1.80    0.003    0.695    0.0201   1.042e-07  p
out11                       1.80    0.001    0.496    0.1136   1.038e-07  p
net993                      1.80    0.003    0.471    0.0191   1.035e-07  p
net965                      1.80    0.002    0.857    0.0282   1.020e-07  p
out31                       1.80    0.001    0.761    0.0977   1.009e-07  p
net274                      1.80    0.003    0.471    0.0192   9.665e-08  p
net539                      1.80    0.002    0.807    0.0370   9.652e-08  pm
out43                       1.80    0.001    0.251    0.0975   9.613e-08  p
out57                       1.80    0.001    0.782    0.1048   9.442e-08  p
out44                       1.80    0.001    0.874    0.0885   9.393e-08  p
net996                      1.80    0.002    0.961    0.0275   9.368e-08  p
net807                      1.80    0.004    0.809    0.0140   9.317e-08  p
out1                        1.80    0.001    0.124    0.0733   9.138e-08  p
net192                      1.80    0.003    0.984    0.0224   9.110e-08  p
net959                      1.80    0.002    0.857    0.0282   8.745e-08  p
out28                       1.80    0.001    0.346    0.1041   8.662e-08  p
out5                        1.80    0.001    0.810    0.0958   8.657e-08  p
net655                      1.80    0.003    0.471    0.0192   8.656e-08  p
net500                      1.80    0.008    0.982    0.0065   8.233e-08  p
out6                        1.80    0.001    0.152    0.0915   8.218e-08  p
out26                       1.80    0.000    0.761    0.0977   7.767e-08  p
out45                       1.80    0.001    0.227    0.0689   7.703e-08  p
net877                      1.80    0.004    0.831    0.0122   7.626e-08  p
net175                      1.80    0.002    0.471    0.0191   7.619e-08  p
net762                      1.80    0.008    0.986    0.0061   7.463e-08  p
clknet_1_0__leaf_net240     1.80    0.005    0.008    0.0082   7.341e-08  p
out52                       1.80    0.001    0.506    0.0797   7.267e-08  p
net924                      1.80    0.007    0.114    0.0068   7.236e-08  p
out34                       1.80    0.001    0.875    0.0723   7.214e-08  p
out58                       1.80    0.001    0.131    0.0499   7.074e-08  p
net557                      1.80    0.004    0.055    0.0119   7.068e-08  p
net28                       1.80    0.016    0.002    0.0027   6.934e-08  p
net405                      1.80    0.013    0.993    0.0034   6.908e-08  p
net808                      1.80    0.003    0.180    0.0138   6.897e-08  p
net593                      1.80    0.002    0.023    0.0189   6.707e-08  p
out18                       1.80    0.000    0.441    0.0883   6.226e-08  p
net678                      1.80    0.004    0.993    0.0092   6.202e-08  p
out19                       1.80    0.001    0.819    0.0432   6.168e-08  p
out37                       1.80    0.001    0.115    0.0716   6.076e-08  p
net137                      1.80    0.001    0.064    0.0456   5.949e-08  pm
clknet_0_net571             1.80    0.019    0.994    0.0019   5.729e-08  p
net990                      1.80    0.005    0.114    0.0068   5.698e-08  p
net726                      1.80    0.005    0.994    0.0067   5.658e-08  p
out33                       1.80    0.001    0.798    0.0621   5.646e-08  p
net533                      1.80    0.026    0.993    0.0013   5.432e-08  p
out51                       1.80    0.001    0.405    0.0463   5.357e-08  p
net571                      1.80    0.017    0.994    0.0019   5.288e-08  p
net426                      1.80    0.003    0.987    0.0096   5.079e-08  p
net683                      1.80    0.004    0.992    0.0071   4.930e-08  p
net682                      1.80    0.004    0.008    0.0071   4.805e-08  p
net123                      1.80    0.002    0.508    0.0165   4.795e-08  pm
net253                      1.80    0.000    0.350    0.1730   4.716e-08  pm
net555                      1.80    0.043    0.994    0.0007   4.500e-08  p
net554                      1.80    0.040    0.006    0.0007   4.208e-08  p
net529                      1.80    0.004    0.986    0.0062   4.201e-08  p
out22                       1.80    0.000    0.263    0.0535   4.127e-08  p
out12                       1.80    0.001    0.614    0.0441   4.006e-08  p
out48                       1.80    0.001    0.389    0.0463   3.868e-08  p
net723                      1.80    0.037    0.993    0.0007   3.857e-08  p
clknet_1_0__leaf_net571     1.80    0.013    0.994    0.0019   3.851e-08  p
out21                       1.80    0.001    0.969    0.0284   3.251e-08  p
out29                       1.80    0.002    0.008    0.0107   3.106e-08  p
net669                      1.80    0.013    0.995    0.0014   3.083e-08  p
out8                        1.80    0.001    0.034    0.0347   3.000e-08  p
net324                      1.80    0.025    0.001    0.0007   2.990e-08  p
net670                      1.80    0.012    0.005    0.0014   2.872e-08  p
net434                      1.80    0.026    0.001    0.0006   2.618e-08  p
out15                       1.80    0.001    0.970    0.0165   2.351e-08  p
net537                      1.80    0.010    0.007    0.0013   2.186e-08  p
net158                      1.80    0.020    0.000    0.0007   2.131e-08  p
net412                      1.80    0.004    0.007    0.0034   2.071e-08  p
net392                      1.80    0.006    0.999    0.0020   2.032e-08  p
net588                      1.80    0.014    0.003    0.0009   1.960e-08  p
net325                      1.80    0.016    0.999    0.0007   1.906e-08  p
out56                       1.80    0.001    0.471    0.0191   1.871e-08  p
net589                      1.80    0.012    0.997    0.0009   1.739e-08  p
out38                       1.80    0.000    0.458    0.0221   1.736e-08  p
out4                        1.80    0.001    0.513    0.0203   1.691e-08  p
out30                       1.80    0.000    0.656    0.0206   1.658e-08  p
out7                        1.80    0.001    0.922    0.0159   1.299e-08  p
out32                       1.80    0.001    0.142    0.0120   1.202e-08  p
net373                      1.80    0.007    0.995    0.0010   1.179e-08  p
clknet_1_1__leaf_net571     1.80    0.004    0.994    0.0019   1.151e-08  p
out35                       1.80    0.000    0.809    0.0140   1.101e-08  p
out14                       1.80    0.001    0.830    0.0122   1.084e-08  p
net994                      1.80    0.004    0.006    0.0010   6.636e-09  p
out60                       1.80    0.001    0.114    0.0068   5.515e-09  p
out27                       1.80    0.000    0.004    0.0064   5.123e-09  p
clknet_1_1__leaf_net342     1.80    0.020    0.000    0.41e-4  1.324e-09  p
clknet_0_net342             1.80    0.019    0.000    0.41e-4  1.250e-09  p
net342                      1.80    0.018    0.000    0.41e-4  1.164e-09  p
clknet_1_0__leaf_net342     1.80    0.015    0.000    0.41e-4  9.973e-10  p
net14                       1.80    0.011    0.000    0.0000      0.0000  p
net26                       1.80    0.077    0.000    0.0000      0.0000  p
net39                       1.80    0.009    1.000    0.0000      0.0000  p
net41                       1.80    0.006    0.000    0.0000      0.0000  p
net46                       1.80    0.006    1.000    0.0000      0.0000  p
net47                       1.80    0.014    0.000    0.0000      0.0000  p
net54                       1.80    0.003    1.000    0.0000      0.0000  p
net57                       1.80    0.003    0.000    0.0000      0.0000  p
net58                       1.80    0.015    1.000    0.0000      0.0000  p
net61                       1.80    0.025    1.000    0.0000      0.0000  p
net62                       1.80    0.006    1.000    0.0000      0.0000  p
net71                       1.80    0.012    1.000    0.0000      0.0000  p
net72                       1.80    0.024    0.000    0.0000      0.0000  p
net76                       1.80    0.013    1.000    0.0000      0.0000  p
net77                       1.80    0.024    0.000    0.0000      0.0000  p
net86                       1.80    0.024    0.000    0.0000      0.0000  p
net98                       1.80    0.012    1.000    0.0000      0.0000  p
net103                      1.80    0.012    0.000    0.0000      0.0000  p
net104                      1.80    0.026    1.000    0.0000      0.0000  p
net108                      1.80    0.010    1.000    0.0000      0.0000  p
net110                      1.80    0.007    1.000    0.0000      0.0000  p
net111                      1.80    0.006    1.000    0.0000      0.0000  p
net115                      1.80    0.016    0.000    0.0000      0.0000  p
net125                      1.80    0.012    1.000    0.0000      0.0000  p
net128                      1.80    0.002    0.000    0.0000      0.0000  p
net130                      1.80    0.082    1.000    0.0000      0.0000  p
net134                      1.80    0.019    1.000    0.0000      0.0000  p
net162                      1.80    0.004    0.000    0.0000      0.0000  p
net163                      1.80    0.003    0.000    0.0000      0.0000  p
net184                      1.80    0.015    1.000    0.0000      0.0000  p
net188                      1.80    0.016    0.000    0.0000      0.0000  p
net195                      1.80    0.035    0.000    0.0000      0.0000  p
net196                      1.80    0.054    1.000    0.0000      0.0000  p
net198                      1.80    0.020    0.000    0.0000      0.0000  p
net214                      1.80    0.031    1.000    0.0000      0.0000  p
net267                      1.80    0.023    1.000    0.0000      0.0000  p
net321                      1.80    0.036    0.000    0.0000      0.0000  p
net525                      1.80    0.046    1.000    0.0000      0.0000  p
net540                      1.80    0.022    0.000    0.0000      0.0000  p
net541                      1.80    0.016    0.000    0.0000      0.0000  p
net542                      1.80    0.009    1.000    0.0000      0.0000  p
net547                      1.80    0.007    0.000    0.0000      0.0000  p
net640                      1.80    0.002    0.000    0.0000      0.0000  p
net645                      1.80    0.013    0.000    0.0000      0.0000  p
net663                      1.80    0.004    1.000    0.0000      0.0000  p
net665                      1.80    0.020    0.000    0.0000      0.0000  p
net679                      1.80    0.007    0.000    0.0000      0.0000  p
net692                      1.80    0.017    1.000    0.0000      0.0000  p
net721                      1.80    0.018    1.000    0.0000      0.0000  p
net876                      1.80    0.099    1.000    0.0000      0.0000  p
net888                      1.80    0.015    0.000    0.0000      0.0000  p
net904                      1.80    0.051    0.000    0.0000      0.0000  p
net906                      1.80    0.004    1.000    0.0000      0.0000  p
net910                      1.80    0.029    0.000    0.0000      0.0000  p
net913                      1.80    0.007    0.000    0.0000      0.0000  p
net917                      1.80    0.049    0.000    0.0000      0.0000  p
net922                      1.80    0.038    0.000    0.0000      0.0000  p
net925                      1.80    0.019    1.000    0.0000      0.0000  p
net953                      1.80    0.044    0.000    0.0000      0.0000  p
net954                      1.80    0.018    0.000    0.0000      0.0000  p
net955                      1.80    0.052    0.000    0.0000      0.0000  p
net956                      1.80    0.048    0.000    0.0000      0.0000  p
net957                      1.80    0.043    0.000    0.0000      0.0000  p
out13                       1.80    0.002    1.000    0.0000      0.0000  p
out25                       1.80    0.001    0.000    0.0000      0.0000  p
out40                       1.80    0.001    0.000    0.0000      0.0000  p
out42                       1.80    0.001    1.000    0.0000      0.0000  p
out46                       1.80    0.001    0.000    0.0000      0.0000  p
out50                       1.80    0.001    0.000    0.0000      0.0000  p
out54                       1.80    0.001    0.000    0.0000      0.0000  p
out59                       1.80    0.001    0.000    0.0000      0.0000  p
out61                       1.80    0.001    1.000    0.0000      0.0000  p
--------------------------------------------------------------------------------
Total (1250 nets)                                              3.342e-03 Watt



                                      Int      Switch   Leak      Total
Hierarchy                             Power    Power    Power     Power    %
--------------------------------------------------------------------------------
netlist_0                             4.08e-03 3.34e-03 8.08e-09  7.42e-03 100.0
1
