
===========================================================================
Violator List
============================================================================
[hold in-reg] clk -> c124/SET_B : -11.702683
[hold in-reg] clk -> c125/RESET_B : -10.611266
[hold in-reg] clk -> c236/SET_B : -9.295045
[hold reg-reg] s825/Q -> c363/RESET_B : -8.217406
[hold in-reg] clk -> c125/SET_B : -8.064106
[hold in-reg] clk -> c236/RESET_B : -8.057246
[hold reg-reg] c121/Q_N -> c123/RESET_B : -7.595628
[hold in-reg] clk -> c121/RESET_B : -5.694749
[hold in-reg] clk -> c121/SET_B : -1.807613
[hold in-reg] clk -> c124/RESET_B : -0.790427
[hold reg-reg] merge767/Q -> c106/RESET_B : -0.233603
[setup reg-out] c366/Q -> out49 : -16.265244
[setup reg-out] c97/Q -> out51 : -16.131018
[setup reg-reg] c97/Q -> c124/RESET_B : -16.067183
[setup reg-reg] c97/Q -> c125/SET_B : -14.975761
[setup reg-reg] merge767/Q -> c236/SCD : -14.968180
[setup reg-out] c366/Q -> out50 : -14.958083
[setup in-reg] in46 -> s807/D : -14.427974
[setup reg-reg] c97/Q -> s808/D : -14.426194
[setup reg-reg] s852/Q -> s865/D : -14.106038
[setup reg-reg] s852/Q -> s861/GATE : -14.097101
[setup in-reg] in46 -> s871/D : -14.044755
[setup reg-reg] s852/Q -> s864/D : -14.044656
[setup reg-reg] s852/Q -> s862/GATE : -14.029551
[setup reg-reg] s871/Q -> c387/D : -14.003229
[setup reg-reg] c97/Q -> s829/GATE : -13.999944
[setup reg-reg] merge767/Q -> s802/D : -13.985497
[setup reg-out] s867/Q -> out19 : -13.932407
[setup reg-reg] c97/Q -> c365/SCD : -13.865495
[setup reg-reg] c97/Q -> merge766/SCD : -13.854900
[setup reg-reg] s871/Q -> s870/D : -13.795238
[setup reg-reg] c97/Q -> c236/RESET_B : -13.659541
[setup reg-reg] merge767/Q -> s866/D : -13.659028
[setup reg-reg] s871/Q -> s838/D : -13.572553
[setup reg-reg] c97/Q -> c368/D : -13.554662
[setup reg-reg] s852/Q -> s863/GATE : -13.387901
[setup reg-out] c366/Q -> out44 : -13.239298
[setup reg-reg] merge767/Q -> c121/SCD : -13.133253
[setup reg-reg] merge767/Q -> c123/SCD : -13.132658
[setup reg-reg] s852/Q -> c754/SCE : -13.105013
[setup reg-reg] s871/Q -> s839/D : -13.002696
[setup in-reg] in46 -> c77/SCE : -12.980672
[setup reg-reg] c97/Q -> s801/D : -12.926104
[setup reg-reg] c97/Q -> s811/D : -12.847171
[setup reg-reg] merge778/Q -> s831/GATE : -12.771624
[setup reg-reg] c97/Q -> s813/GATE : -12.761477
[setup reg-reg] c97/Q -> s800/D : -12.744054
[setup in-reg] in46 -> c76/SCD : -12.664387
[setup in-reg] in46 -> merge778/RESET_B : -12.604386
[setup reg-reg] c97/Q -> s799/GATE : -12.585388
[setup in-reg] in46 -> c83/SCD : -12.584383
[setup reg-reg] c97/Q -> s814/GATE : -12.569590
[setup reg-reg] c97/Q -> s816/D : -12.522339
[setup in-reg] in46 -> c83/D : -12.506003
[setup reg-reg] c97/Q -> s815/GATE : -12.464632
[setup reg-reg] c97/Q -> s809/D : -12.435333
[setup reg-reg] c97/Q -> c236/SET_B : -12.430838
[setup reg-reg] c97/Q -> c125/RESET_B : -12.428603
[setup reg-reg] merge767/Q -> c121/SCE : -12.424798
[setup reg-reg] merge767/Q -> c123/D : -12.424516
[setup in-reg] in46 -> c202/SET_B : -12.396099
[setup reg-reg] s836/Q -> merge766/D : -12.383901
[setup reg-reg] s852/Q -> c752/SCE : -12.364350
[setup reg-reg] c97/Q -> c239/SCE : -12.296968
[setup reg-reg] s871/Q -> c363/SCE : -12.281960
[setup reg-reg] s817/Q -> s833/D : -12.252726
[setup reg-reg] s817/Q -> s832/D : -12.199950
[setup reg-out] c366/Q -> out30 : -12.189297
[setup reg-reg] s871/Q -> c366/D : -12.175514
[setup reg-reg] s852/Q -> c751/SCE : -12.127990
[setup in-reg] in46 -> c97/SCD : -12.034838
[setup reg-reg] s871/Q -> c479/RESET_B : -11.984329
[setup reg-reg] s871/Q -> merge772/D : -11.982499
[setup in-reg] in46 -> c102/RESET_B : -11.978414
[setup reg-reg] s836/Q -> s844/D : -11.945217
[setup reg-reg] c97/Q -> s812/D : -11.931396
[setup reg-reg] s871/Q -> c479/SCD : -11.910299
[setup reg-out] s851/Q -> out7 : -11.908492
[setup in-reg] in46 -> c77/D : -11.891374
[setup reg-reg] c97/Q -> c251/SCD : -11.834686
[setup reg-reg] merge767/Q -> c125/SET_B : -11.788519
[setup reg-reg] c97/Q -> s810/D : -11.764094
[setup reg-reg] merge778/Q -> s874/D : -11.737382
[setup reg-reg] s852/Q -> c754/SCD : -11.609869
[setup reg-reg] s871/Q -> c471/D : -11.568903
[setup reg-reg] s871/Q -> c471/SCD : -11.531343
[setup reg-reg] s852/Q -> c751/SCD : -11.521254
[setup reg-reg] s871/Q -> c343/D : -11.508785
[setup in-reg] in46 -> merge778/SCE : -11.497956
[setup reg-reg] merge767/Q -> merge771/RESET_B : -11.490111
[setup reg-reg] s852/Q -> c752/D : -11.487068
[setup reg-reg] s817/Q -> c417/RESET_B : -11.460804
[setup reg-reg] s817/Q -> s841/D : -11.441520
[setup reg-reg] s817/Q -> s843/D : -11.430099
[setup reg-reg] s871/Q -> merge771/SCD : -11.410611
[setup reg-reg] s817/Q -> s842/D : -11.232944
[setup reg-reg] c97/Q -> c124/SCE : -11.200929
[setup reg-reg] s871/Q -> c343/SCE : -11.198021
[setup reg-reg] s852/Q -> c752/SCD : -11.162333
[setup reg-reg] s871/Q -> c363/SET_B : -11.073141
[setup reg-reg] s817/Q -> s856/D : -11.060410
[setup reg-reg] merge767/Q -> c125/RESET_B : -11.046605
[setup in-reg] in46 -> merge778/SET_B : -11.026840
[setup in-reg] in42 -> s806/D : -11.004712
[setup reg-reg] merge778/Q -> s830/GATE : -10.972446
[setup reg-reg] merge778/Q -> s840/D : -10.934935
[setup reg-reg] s817/Q -> s857/D : -10.922024
[setup reg-reg] s852/Q -> c751/D : -10.869026
[setup reg-reg] s851/Q -> s852/D : -10.839968
[setup reg-reg] s871/Q -> merge772/SCD : -10.775478
[setup in-reg] in46 -> c97/RESET_B : -10.738540
[setup in-reg] in25 -> s818/D : -10.686813
[setup reg-reg] c97/Q -> c124/RESET_B : -10.669413
[setup reg-reg] s871/Q -> c479/SET_B : -10.647376
[setup in-reg] in46 -> c77/SCD : -10.644849
[setup reg-reg] c97/Q -> c122/D : -10.616166
[setup in-reg] in46 -> c76/SCE : -10.559523
[setup reg-reg] s817/Q -> s859/D : -10.558639
[setup reg-reg] s817/Q -> c417/D : -10.554922
[setup reg-reg] s817/Q -> s836/D : -10.512616
[setup in-reg] in46 -> c76/RESET_B : -10.492248
[setup reg-reg] s817/Q -> s860/D : -10.420474
[setup in-reg] in46 -> c83/RESET_B : -10.399868
[setup reg-reg] s817/Q -> s858/D : -10.388438
[setup reg-reg] s871/Q -> merge771/SCE : -10.382272
[setup reg-reg] s817/Q -> s869/D : -10.340837
[setup reg-reg] merge778/Q -> merge776/SCD : -10.305712
[setup in-reg] in25 -> s834/D : -10.294684
[setup reg-reg] c97/Q -> c251/SCE : -10.285509
[setup reg-reg] merge778/Q -> c480/SET_B : -10.281622
[setup reg-reg] s871/Q -> c343/SCD : -10.273116
[setup reg-reg] merge778/Q -> s827/D : -10.229616
[setup reg-reg] merge778/Q -> c361/SCD : -10.211778
[setup reg-reg] s871/Q -> c363/SCD : -10.199469
[setup reg-reg] s836/Q -> s849/D : -10.196006
[setup reg-reg] s836/Q -> s851/D : -10.177166
[setup reg-reg] c97/Q -> c122/RESET_B : -10.155366
[setup reg-reg] c97/Q -> c121/SET_B : -10.059243
[setup reg-reg] c97/Q -> c251/D : -10.052892
[setup reg-reg] s836/Q -> s847/GATE : -10.042045
[setup reg-reg] s871/Q -> c366/RESET_B : -10.034350
[setup reg-reg] s836/Q -> s846/GATE : -10.008801
[setup reg-reg] s871/Q -> c343/RESET_B : -9.997635
[setup reg-reg] s836/Q -> s845/GATE : -9.997192
[setup reg-reg] merge767/Q -> c121/D : -9.949956
[setup reg-reg] s836/Q -> s848/D : -9.940601
[setup reg-reg] c97/Q -> c239/SCD : -9.902570
[setup reg-reg] s851/Q -> merge776/D : -9.899461
[setup reg-out] c366/Q -> out45 : -9.884210
[setup reg-reg] merge778/Q -> c358/DE : -9.876261
[setup reg-reg] merge778/Q -> c363/RESET_B : -9.845895
[setup reg-reg] s817/Q -> s873/D : -9.813212
[setup reg-reg] s817/Q -> merge781/DE : -9.800914
[setup reg-reg] s817/Q -> merge780/D : -9.794664
[setup reg-reg] merge778/Q -> s828/D : -9.774785
[setup reg-reg] merge778/Q -> s826/D : -9.734873
[setup in-reg] in46 -> s872/D : -9.725001
[setup reg-reg] s817/Q -> merge782/DE : -9.717546
[setup reg-reg] merge778/Q -> c348/D : -9.714908
[setup reg-reg] c729/Q_N -> c755/D : -9.672321
[setup reg-reg] s871/Q -> c366/SET_B : -9.670402
[setup reg-reg] s871/Q -> merge771/D : -9.612023
[setup reg-reg] s817/Q -> s835/D : -9.591769
[setup reg-reg] s817/Q -> merge763/D : -9.586232
[setup reg-reg] s871/Q -> merge772/SET_B : -9.586203
[setup reg-reg] merge767/Q -> c236/RESET_B : -9.575711
[setup reg-reg] s817/Q -> merge782/SCD : -9.572676
[setup reg-reg] merge767/Q -> c123/SET_B : -9.547634
[setup reg-reg] s851/Q -> c729/D : -9.534937
[setup reg-reg] s851/Q -> c754/D : -9.499486
[setup reg-reg] s817/Q -> merge781/SCD : -9.477017
[setup reg-reg] s817/Q -> c671/SCD : -9.461407
[setup reg-reg] s817/Q -> merge781/D : -9.448278
[setup reg-reg] s871/Q -> c471/RESET_B : -9.415542
[setup reg-reg] merge778/Q -> c358/D : -9.412693
[setup reg-reg] merge778/Q -> c345/SCD : -9.388363
[setup reg-reg] merge767/Q -> c236/SET_B : -9.383724
[setup reg-reg] merge778/Q -> c361/DE : -9.320269
[setup in-reg] in46 -> s792/D : -9.261844
[setup reg-reg] s817/Q -> c671/D : -9.246070
[setup reg-reg] merge778/Q -> merge766/SET_B : -9.226071
[setup reg-reg] s836/Q -> s837/D : -9.171689
[setup in-reg] in46 -> s794/D : -9.105205
[setup in-reg] in42 -> merge783/SCE : -9.082268
[setup in-reg] in46 -> s793/D : -9.074293
[setup reg-reg] merge778/Q -> c480/SCD : -8.996401
[setup in-reg] in42 -> c192/D : -8.993578
[setup reg-reg] s817/Q -> c674/RESET_B : -8.992286
[setup reg-reg] s817/Q -> merge763/RESET_B : -8.990995
[setup in-reg] in46 -> s795/D : -8.985744
[setup reg-reg] s868/Q -> s804/D : -8.978967
[setup reg-reg] merge778/Q -> c365/RESET_B : -8.964230
[setup reg-reg] s868/Q -> s805/D : -8.946578
[setup reg-reg] c281/Q_N -> s855/D : -8.946347
[setup reg-reg] s817/Q -> c417/SCD : -8.861390
[setup reg-reg] merge778/Q -> c345/SCE : -8.826633
[setup reg-out] c366/Q -> out26 : -8.821660
[setup in-reg] in46 -> s796/D : -8.774209
[setup reg-reg] merge763/Q -> c715/SCE : -8.744161
[setup reg-reg] merge763/Q -> merge765/D : -8.722985
[setup reg-reg] merge778/Q -> c345/SET_B : -8.709904
[setup in-reg] in46 -> s797/GATE : -8.676002
[setup in-reg] in46 -> s798/GATE : -8.659905
[setup in-reg] in46 -> c211/D : -8.606678
[setup in-reg] in46 -> merge773/SCE : -8.581691
[setup in-reg] in46 -> merge767/D : -8.557539
[setup reg-reg] merge767/Q -> c236/D : -8.533747
[setup reg-reg] merge778/Q -> c348/SCE : -8.529068
[setup in-reg] in46 -> c81/SCE : -8.523700
[setup in-reg] in42 -> c192/SCD : -8.506154
[setup reg-reg] s836/Q -> merge780/SET_B : -8.463122
[setup reg-reg] s817/Q -> merge763/SCD : -8.461121
[setup reg-reg] c97/Q -> c122/SCE : -8.402858
[setup reg-reg] c281/Q_N -> s854/D : -8.393957
[setup reg-reg] merge778/Q -> c345/D : -8.367675
[setup in-reg] in46 -> c82/SCE : -8.365073
[setup reg-reg] merge778/Q -> c365/D : -8.326941
[setup reg-reg] merge778/Q -> c358/SCD : -8.309302
[setup in-reg] in46 -> c106/D : -8.206988
[setup reg-reg] c729/Q_N -> c755/SET_B : -8.136040
[setup in-reg] in25 -> s823/D : -8.119619
[setup reg-reg] merge763/Q -> merge765/SCD : -8.115994
[setup reg-reg] c729/Q_N -> c755/SCD : -8.063549
[setup in-reg] in46 -> c82/SCD : -8.004318
[setup reg-reg] s868/Q -> c194/D : -8.003806
[setup reg-reg] s817/Q -> merge782/SCE : -7.982659
[setup reg-reg] merge778/Q -> c361/SCE : -7.962723
[setup in-reg] in46 -> c99/SCD : -7.957530
[setup in-reg] in46 -> c98/SCD : -7.957246
[setup reg-out] s870/Q -> out12 : -7.939201
[setup in-reg] in20 -> s868/D : -7.912256
[setup reg-reg] c97/Q -> c239/SET_B : -7.908496
[setup in-reg] in46 -> merge773/SCD : -7.886990
[setup reg-reg] s817/Q -> merge782/D : -7.845710
[setup in-reg] in25 -> s822/D : -7.778274
[setup in-reg] in46 -> merge773/D : -7.759806
[setup reg-out] s867/Q -> out5 : -7.726396
[setup in-reg] in20 -> c279/SET_B : -7.710133
[setup in-reg] in46 -> c78/SCE : -7.705194
[setup reg-reg] merge767/Q -> c123/SCE : -7.677960
[setup reg-reg] s871/Q -> c363/RESET_B : -7.670709
[setup in-reg] in42 -> merge783/SCD : -7.620548
[setup reg-reg] merge778/Q -> c348/SCD : -7.523744
[setup in-reg] in20 -> s817/D : -7.506786
[setup reg-out] c366/Q -> out46 : -7.505708
[setup reg-reg] c281/Q_N -> c678/SCE : -7.499285
[setup reg-out] s867/Q -> out21 : -7.445969
[setup in-reg] in46 -> c77/SET_B : -7.356792
[setup reg-reg] s817/Q -> c674/SCE : -7.276865
[setup reg-reg] c729/Q_N -> c755/RESET_B : -7.262047
[setup in-reg] in25 -> c322/D : -7.261871
[setup in-reg] in20 -> c275/D : -7.236382
[setup reg-reg] c281/Q_N -> c670/D : -7.214087
[setup reg-reg] s817/Q -> merge763/SET_B : -7.120695
[setup reg-reg] s870/Q -> s867/D : -7.108869
[setup reg-reg] s817/Q -> c417/SCE : -7.063345
[setup reg-reg] merge767/Q -> c236/SCE : -7.000006
[setup reg-reg] c97/Q -> c251/SET_B : -6.917496
[setup reg-reg] s843/Q -> s850/D : -6.915879
[setup reg-reg] s868/Q -> s803/D : -6.895785
[setup reg-reg] s868/Q -> c191/D : -6.841959
[setup reg-reg] c281/Q_N -> c540/SET_B : -6.732683
[setup reg-reg] s871/Q -> c471/SET_B : -6.725603
[setup reg-reg] c281/Q_N -> c540/RESET_B : -6.715075
[setup in-reg] in25 -> s821/D : -6.594418
[setup in-reg] in42 -> merge783/RESET_B : -6.582380
[setup reg-reg] s870/Q -> s853/D : -6.561086
[setup reg-reg] c281/Q_N -> c670/RESET_B : -6.551822
[setup in-reg] in46 -> c78/RESET_B : -6.550913
[setup in-reg] in25 -> s819/D : -6.542171
[setup in-reg] in25 -> s820/D : -6.531389
[setup reg-reg] s868/Q -> merge786/SCE : -6.504253
[setup reg-reg] c281/Q_N -> c538/SET_B : -6.469044
[setup reg-reg] c97/Q -> c121/RESET_B : -6.397304
[setup reg-reg] s817/Q -> c671/RESET_B : -6.385097
[setup in-reg] in46 -> c81/RESET_B : -6.379200
[setup in-reg] in20 -> c281/D : -6.373286
[setup reg-reg] c97/Q -> c122/SCD : -6.336291
[setup in-reg] in46 -> c78/D : -6.329127
[setup in-reg] in20 -> c278/DE : -6.327244
[setup reg-out] s867/Q -> out18 : -6.303752
[setup reg-reg] s868/Q -> merge786/SET_B : -6.264440
[setup in-reg] in46 -> c81/SCD : -6.213152
[setup reg-reg] s870/Q -> merge777/D : -6.213075
[setup in-reg] in42 -> merge783/SET_B : -6.208453
[setup reg-reg] s871/Q -> merge772/RESET_B : -6.193433
[setup reg-reg] c281/Q_N -> c538/RESET_B : -6.190346
[setup reg-reg] s868/Q -> merge786/SCD : -6.156194
[setup reg-reg] merge778/Q -> c480/RESET_B : -6.108430
[setup reg-reg] merge763/Q -> c707/RESET_B : -6.104029
[setup reg-reg] s871/Q -> c343/SET_B : -5.998341
[setup reg-reg] c281/Q_N -> c540/SCE : -5.951907
[setup in-reg] in20 -> c278/D : -5.900956
[setup reg-reg] s870/Q -> c628/D : -5.872498
[setup in-reg] in20 -> c281/SCE : -5.649401
[setup in-reg] in20 -> c275/SCE : -5.601743
[setup reg-reg] merge767/Q -> c125/D : -5.544806
[setup reg-out] c366/Q -> out33 : -5.497427
[setup reg-reg] c281/Q_N -> c540/SCD : -5.338803
[setup reg-reg] s868/Q -> c191/SCD : -5.304001
[setup reg-reg] c97/Q -> c124/SET_B : -5.293420
[setup in-reg] in25 -> c322/SET_B : -5.210503
[setup reg-reg] merge767/Q -> c121/SET_B : -5.128074
[setup reg-reg] s867/Q -> merge777/SCE : -5.121355
[setup in-reg] in25 -> s825/D : -4.866118
[setup reg-reg] c281/Q_N -> c678/SCD : -4.808676
[setup in-reg] in25 -> c322/SCE : -4.790093
[setup reg-reg] c281/Q_N -> c670/SET_B : -4.734768
[setup reg-reg] s867/Q -> merge777/SET_B : -4.643499
[setup reg-reg] merge778/Q -> c345/RESET_B : -4.636497
[setup reg-reg] s836/Q -> c715/D : -4.629601
[setup reg-reg] s870/Q -> c387/SCE : -4.627326
[setup reg-reg] c97/Q -> c239/D : -4.578403
[setup reg-reg] s869/Q -> c275/SCD : -4.311621
[setup reg-reg] s870/Q -> c387/RESET_B : -4.209975
[setup reg-out] c366/Q -> out47 : -4.200750
[setup reg-reg] s867/Q -> c628/SCE : -4.008745
[setup in-reg] in25 -> c322/RESET_B : -3.903516
[setup in-reg] in25 -> s824/D : -3.815956
[setup reg-reg] s817/Q -> c417/SET_B : -3.736156
[setup in-reg] in42 -> merge783/D : -3.711866
[setup reg-out] s852/Q -> out3 : -3.685899
[setup reg-reg] s870/Q -> c387/SCD : -3.463624
[setup reg-reg] s869/Q -> c278/SCD : -3.387710
[setup reg-reg] merge767/Q -> c121/RESET_B : -3.211306
[setup reg-reg] s836/Q -> merge780/SCE : -3.095974
[setup reg-reg] s868/Q -> c191/SET_B : -3.077299
[setup reg-reg] s867/Q -> c628/SCD : -3.063026
[setup in-reg] in46 -> merge773/SET_B : -3.010257
[setup in-reg] in46 -> c82/RESET_B : -2.844538
[setup reg-out] s870/Q -> out41 : -2.771180
[setup in-reg] in25 -> c321/SCD : -2.730524
[setup in-reg] in20 -> c275/SET_B : -2.694906
[setup reg-reg] s806/Q -> c322/SCD : -2.184196
[setup reg-reg] s867/Q -> merge777/SCD : -2.144411
[setup in-reg] in25 -> c321/D : -1.818322
[setup reg-reg] c97/Q -> c124/SET_B : -1.789612
[setup reg-reg] s871/Q -> merge778/D : -1.617186
[setup reg-reg] s803/Q -> c194/SCD : -1.355115
[setup reg-reg] s871/Q -> c83/SCE : -1.339729
[setup reg-reg] s871/Q -> c202/D : -1.186292
[setup reg-reg] s868/Q -> c278/SCE : -1.157380
[setup reg-reg] s867/Q -> c628/RESET_B : -1.037328
[setup reg-out] s870/Q -> out35 : -0.932530
[setup in-reg] in25 -> c321/SCE : -0.787604
[setup reg-reg] merge778/Q -> c211/RESET_B : -0.645191
[setup reg-reg] merge778/Q -> c211/SCE : -0.575749
[setup reg-reg] s867/Q -> merge777/RESET_B : -0.540393
[setup reg-reg] c121/Q_N -> c123/RESET_B : -0.514732
[setup reg-reg] s854/Q -> c678/SET_B : -0.424206
[setup reg-reg] merge767/Q -> c106/RESET_B : -0.377249
[setup reg-reg] s852/Q -> merge776/SET_B : -0.305991
[setup reg-reg] merge778/Q -> c211/SCD : -0.292086
[setup reg-out] c387/Q -> out48 : -0.291427
[setup reg-reg] s803/Q -> c194/SET_B : -0.166166
[setup reg-reg] s806/Q -> c321/SET_B : -0.053153
[setup reg-reg] merge767/Q -> c102/D : -0.048593
