
===========================================================================
Violator List
============================================================================
[hold in-reg] in15 -> c328/RESET_B : -3.715256
[hold in-reg] in8 -> c373/RESET_B : -1.965137
[hold reg-reg] c430/Q -> c693/RESET_B : -1.157084
[hold in-reg] in45 -> c323/RESET_B : -0.272359
[setup in-reg] in5 -> s859/D : -10.334311
[setup in-reg] in5 -> merge808/D : -10.210279
[setup in-reg] in5 -> s832/D : -10.185551
[setup in-reg] in5 -> s827/D : -10.184165
[setup in-reg] in5 -> c717/SCD : -9.986864
[setup in-reg] in5 -> c613/SCE : -9.967785
[setup in-reg] in5 -> merge799/D : -9.896374
[setup in-reg] in5 -> merge788/D : -9.875814
[setup in-reg] in5 -> c459/SCE : -9.770895
[setup in-reg] in5 -> s880/D : -9.734393
[setup in-reg] in5 -> c323/RESET_B : -9.650361
[setup in-reg] in5 -> s879/D : -9.585132
[setup in-reg] in5 -> s864/D : -9.532370
[setup in-reg] in5 -> merge800/D : -9.362243
[setup in-reg] in5 -> c612/RESET_B : -9.294290
[setup in-reg] in5 -> s875/D : -9.244809
[setup in-reg] in49 -> s847/D : -9.182770
[setup in-reg] in5 -> s848/D : -9.175813
[setup in-reg] in5 -> s843/D : -9.145965
[setup in-reg] in5 -> merge805/D : -8.962543
[setup in-reg] in5 -> merge804/D : -8.948766
[setup in-reg] in5 -> s863/D : -8.939255
[setup in-reg] in5 -> c477/SCD : -8.933139
[setup in-reg] in5 -> c323/SCD : -8.851985
[setup in-reg] in5 -> c601/SCD : -8.849970
[setup in-reg] in5 -> merge769/SCE : -8.821643
[setup in-reg] in5 -> c471/SCE : -8.815512
[setup in-reg] in5 -> c216/D : -8.802674
[setup in-reg] in5 -> c219/SCE : -8.790290
[setup in-reg] in5 -> c349/SCE : -8.777414
[setup in-reg] in5 -> c588/D : -8.753190
[setup in-reg] in5 -> c479/RESET_B : -8.688255
[setup in-reg] in5 -> c349/SCD : -8.591455
[setup in-reg] in49 -> s831/D : -8.572366
[setup in-out] in5 -> out18 : -8.546565
[setup in-reg] in5 -> merge808/RESET_B : -8.532702
[setup in-reg] in5 -> merge805/RESET_B : -8.532295
[setup in-reg] in5 -> c218/SCD : -8.522861
[setup in-reg] in5 -> c415/SCD : -8.477006
[setup in-reg] in5 -> c215/SCD : -8.465363
[setup in-reg] in5 -> merge773/SCD : -8.452805
[setup in-reg] in5 -> c424/SCD : -8.441474
[setup in-reg] in5 -> c415/SCE : -8.433329
[setup in-reg] in5 -> c535/SCE : -8.428083
[setup in-reg] in5 -> merge816/D : -8.407461
[setup in-reg] in5 -> c328/D : -8.385559
[setup in-reg] in5 -> merge773/D : -8.264319
[setup in-reg] in5 -> merge816/RESET_B : -8.236560
[setup in-out] in49 -> out47 : -8.226318
[setup in-reg] in5 -> merge804/RESET_B : -8.212886
[setup in-reg] in5 -> c557/RESET_B : -8.210691
[setup in-reg] in5 -> c349/D : -8.172406
[setup in-out] in5 -> out39 : -8.153175
[setup in-reg] in5 -> c693/RESET_B : -8.132426
[setup in-out] in49 -> out25 : -8.094163
[setup in-reg] in5 -> c557/D : -8.084456
[setup in-out] in49 -> out29 : -7.989951
[setup in-reg] in5 -> c693/SCE : -7.888216
[setup in-out] in49 -> out59 : -7.822019
[setup in-reg] in5 -> merge800/RESET_B : -7.707261
[setup in-reg] in5 -> merge788/RESET_B : -7.685340
[setup in-out] in49 -> out11 : -7.681970
[setup in-reg] in5 -> c717/D : -7.668782
[setup in-reg] in5 -> c717/SCE : -7.587641
[setup in-reg] in5 -> merge799/RESET_B : -7.561301
[setup in-reg] in5 -> s865/D : -7.511212
[setup in-reg] in5 -> c444/D : -7.494829
[setup in-out] in49 -> out37 : -7.491668
[setup in-out] in5 -> out52 : -7.485622
[setup in-reg] in5 -> merge769/D : -7.457395
[setup in-out] in5 -> out15 : -7.419037
[setup in-out] in5 -> out22 : -7.373536
[setup in-out] in5 -> out32 : -7.329111
[setup in-reg] in5 -> c480/RESET_B : -7.327167
[setup in-reg] in5 -> c424/RESET_B : -7.317603
[setup in-reg] in5 -> s851/D : -7.313421
[setup in-reg] in5 -> merge791/D : -7.245062
[setup in-reg] in5 -> merge811/SCE : -7.229496
[setup in-reg] in5 -> merge774/D : -7.159759
[setup in-reg] in49 -> s835/D : -7.123237
[setup in-reg] in49 -> merge815/D : -7.119503
[setup in-reg] in5 -> c693/RESET_B : -7.108844
[setup in-reg] in5 -> s878/D : -7.095632
[setup in-reg] in5 -> c323/RESET_B : -7.067352
[setup in-out] in49 -> out26 : -7.015367
[setup in-reg] in5 -> c323/SCE : -6.994556
[setup in-reg] in5 -> c328/SET_B : -6.943083
[setup in-reg] in5 -> merge810/DE : -6.940711
[setup in-reg] in5 -> s870/GATE : -6.925291
[setup in-reg] in5 -> merge769/RESET_B : -6.911354
[setup in-reg] in5 -> s872/GATE : -6.864522
[setup in-reg] in5 -> c477/SCE : -6.851093
[setup in-reg] in5 -> merge810/D : -6.830178
[setup in-reg] in5 -> merge809/DE : -6.829514
[setup in-reg] in5 -> merge773/SET_B : -6.819444
[setup in-out] in5 -> out3 : -6.793700
[setup in-reg] in5 -> s876/D : -6.792638
[setup in-reg] in5 -> merge789/D : -6.742887
[setup in-reg] in49 -> c477/D : -6.693518
[setup in-reg] in49 -> s834/D : -6.641721
[setup in-reg] in49 -> s839/GATE : -6.597355
[setup in-reg] in5 -> s871/GATE : -6.565278
[setup in-reg] in5 -> s881/D : -6.556829
[setup in-reg] in5 -> s845/D : -6.516425
[setup in-reg] in5 -> merge801/D : -6.504661
[setup in-reg] in5 -> s867/D : -6.496078
[setup in-reg] in5 -> c216/SCD : -6.473320
[setup in-reg] in49 -> s837/D : -6.472538
[setup in-reg] in5 -> s840/GATE : -6.410080
[setup in-reg] in5 -> s862/D : -6.345312
[setup in-reg] in5 -> s877/D : -6.338772
[setup in-reg] in49 -> s854/GATE : -6.305844
[setup in-reg] in5 -> c588/SCD : -6.300436
[setup in-reg] in5 -> merge774/SET_B : -6.293097
[setup in-reg] in5 -> c218/D : -6.280353
[setup in-reg] in49 -> s882/D : -6.274269
[setup in-out] in49 -> out4 : -6.265298
[setup in-reg] in49 -> c373/SCE : -6.251339
[setup in-reg] in5 -> c215/RESET_B : -6.230541
[setup in-reg] in5 -> c601/RESET_B : -6.140420
[setup in-reg] in5 -> s850/D : -6.124939
[setup in-reg] in5 -> c612/SCE : -6.100111
[setup in-reg] in5 -> s884/D : -6.089707
[setup in-reg] in5 -> c349/RESET_B : -6.087303
[setup in-reg] in5 -> s822/GATE : -6.048939
[setup in-reg] in5 -> s853/D : -6.030354
[setup in-reg] in5 -> s821/D : -6.027885
[setup in-reg] in5 -> c535/RESET_B : -6.021112
[setup in-out] in5 -> out35 : -6.016715
[setup in-out] in5 -> out19 : -5.997406
[setup in-reg] in5 -> s829/D : -5.977810
[setup in-reg] in5 -> s846/D : -5.974597
[setup in-reg] in5 -> merge813/SCE : -5.934718
[setup in-reg] in5 -> s874/D : -5.932734
[setup in-reg] in5 -> s836/D : -5.926030
[setup in-reg] in5 -> c557/RESET_B : -5.894027
[setup in-out] in5 -> out33 : -5.852370
[setup in-reg] in5 -> s817/D : -5.831469
[setup in-out] in49 -> out13 : -5.829580
[setup in-reg] in5 -> s866/D : -5.814452
[setup in-reg] in5 -> c613/RESET_B : -5.813056
[setup in-reg] in49 -> c373/D : -5.763409
[setup in-reg] in5 -> merge789/RESET_B : -5.743174
[setup in-reg] in5 -> s833/D : -5.736274
[setup in-reg] in5 -> s820/D : -5.736063
[setup in-reg] in5 -> merge812/GATE : -5.727895
[setup in-reg] in5 -> c584/SCE : -5.727628
[setup in-reg] in5 -> merge798/D : -5.713202
[setup in-out] in49 -> out58 : -5.684986
[setup in-reg] in5 -> s860/D : -5.667237
[setup in-out] in5 -> out43 : -5.644087
[setup in-reg] in5 -> c415/SET_B : -5.636522
[setup in-reg] in5 -> s873/D : -5.628001
[setup in-reg] in5 -> s828/D : -5.606340
[setup in-reg] in5 -> c592/D : -5.572139
[setup in-reg] in5 -> merge776/DE : -5.536127
[setup in-reg] in5 -> merge801/RESET_B : -5.527667
[setup in-reg] in5 -> c535/D : -5.500327
[setup in-reg] in5 -> merge773/SCE : -5.478820
[setup in-reg] in5 -> c673/SCD : -5.478379
[setup in-reg] in5 -> c722/SCD : -5.477530
[setup in-reg] in5 -> merge790/D : -5.465172
[setup in-reg] in5 -> s841/D : -5.463114
[setup in-reg] in49 -> merge813/GATE : -5.409090
[setup in-reg] in5 -> c459/SCD : -5.399134
[setup in-out] in5 -> out49 : -5.396072
[setup in-reg] in5 -> merge812/SCE : -5.384335
[setup in-reg] in5 -> s855/GATE : -5.348840
[setup in-reg] in5 -> c478/SCD : -5.335435
[setup in-out] in5 -> out51 : -5.329612
[setup reg-reg] s826/Q -> c479/SET_B : -5.327128
[setup in-out] in49 -> out24 : -5.317008
[setup in-reg] in5 -> merge797/D : -5.305116
[setup in-reg] in5 -> s824/GATE : -5.301880
[setup in-reg] in5 -> s825/D : -5.289561
[setup in-reg] in5 -> s844/D : -5.288500
[setup in-reg] in5 -> s849/D : -5.283626
[setup in-reg] in5 -> c588/SCE : -5.274167
[setup in-reg] in5 -> c430/SCD : -5.249977
[setup in-reg] in5 -> s819/D : -5.249468
[setup in-reg] in5 -> s826/D : -5.247137
[setup in-reg] in5 -> s823/GATE : -5.221718
[setup in-reg] in5 -> s852/D : -5.203348
[setup in-reg] in5 -> s842/D : -5.168794
[setup in-reg] in5 -> s830/D : -5.167585
[setup in-reg] in5 -> merge809/D : -5.146737
[setup in-reg] in5 -> merge796/D : -5.104580
[setup in-reg] in5 -> merge798/RESET_B : -5.091004
[setup in-reg] in5 -> merge811/GATE : -5.082245
[setup in-reg] in5 -> s838/GATE : -5.016436
[setup in-out] in5 -> out1 : -4.993726
[setup in-reg] in5 -> merge792/SET_B : -4.988029
[setup in-reg] in5 -> c296/SCE : -4.980550
[setup in-reg] in49 -> merge785/RESET_B : -4.946548
[setup in-reg] in5 -> s868/D : -4.941854
[setup in-reg] in49 -> merge815/RESET_B : -4.931415
[setup in-reg] in5 -> c458/D : -4.918729
[setup in-reg] in49 -> c218/SET_B : -4.912552
[setup in-reg] in5 -> c693/D : -4.901764
[setup in-reg] in49 -> s858/D : -4.875922
[setup in-reg] in5 -> c471/SCD : -4.868386
[setup in-reg] in5 -> merge793/D : -4.865358
[setup in-reg] in5 -> c366/SCE : -4.865002
[setup in-reg] in49 -> c215/SET_B : -4.843277
[setup in-reg] in5 -> c673/RESET_B : -4.828878
[setup in-reg] in5 -> s818/D : -4.826562
[setup in-reg] in5 -> merge783/RESET_B : -4.764241
[setup in-reg] in5 -> merge786/D : -4.763001
[setup in-reg] in5 -> c607/D : -4.760293
[setup in-out] in5 -> out20 : -4.753355
[setup in-reg] in5 -> c607/SCE : -4.649197
[setup in-reg] in5 -> c478/D : -4.643981
[setup in-reg] in5 -> c217/SCE : -4.614178
[setup in-reg] in5 -> merge794/D : -4.610563
[setup in-reg] in5 -> c474/SET_B : -4.602421
[setup in-reg] in49 -> merge785/D : -4.591671
[setup in-reg] in5 -> c444/SET_B : -4.528285
[setup in-reg] in5 -> s869/D : -4.523690
[setup in-out] in49 -> out9 : -4.521129
[setup in-reg] in5 -> merge793/SET_B : -4.488959
[setup in-reg] in5 -> merge776/D : -4.475331
[setup in-reg] in5 -> c584/D : -4.468875
[setup in-reg] in5 -> c424/SET_B : -4.445497
[setup in-reg] in5 -> c688/SCD : -4.439369
[setup in-reg] in5 -> c569/SCE : -4.426545
[setup in-reg] in49 -> c218/RESET_B : -4.392838
[setup in-out] in49 -> out36 : -4.385753
[setup in-out] in49 -> out53 : -4.381748
[setup in-reg] in5 -> c585/SCD : -4.378761
[setup in-reg] in49 -> c219/SET_B : -4.303370
[setup in-reg] in5 -> merge791/RESET_B : -4.302445
[setup in-reg] in5 -> c568/SCE : -4.286401
[setup in-reg] in5 -> s883/D : -4.254459
[setup in-reg] in5 -> merge792/D : -4.199268
[setup in-reg] in5 -> merge795/D : -4.168458
[setup in-reg] in5 -> merge803/D : -4.163327
[setup reg-reg] merge797/Q_N -> s857/D : -4.134797
[setup in-reg] in5 -> merge794/SET_B : -4.134448
[setup in-reg] in5 -> c468/D : -4.105242
[setup in-out] in49 -> out27 : -4.098969
[setup in-out] in49 -> out44 : -4.068276
[setup in-reg] in5 -> merge802/RESET_B : -4.064095
[setup in-reg] in5 -> merge790/RESET_B : -4.051345
[setup in-reg] in5 -> merge796/SET_B : -4.035170
[setup in-reg] in5 -> c592/SET_B : -3.921328
[setup in-reg] in49 -> c612/SCD : -3.909654
[setup reg-out] merge797/Q -> out16 : -3.880176
[setup in-reg] in5 -> c309/SCE : -3.849940
[setup in-reg] in5 -> merge795/SET_B : -3.840269
[setup in-reg] in5 -> c471/SET_B : -3.837108
[setup reg-out] s829/Q -> out14 : -3.824732
[setup in-reg] in5 -> s861/D : -3.803425
[setup in-reg] in5 -> c468/RESET_B : -3.794895
[setup in-reg] in5 -> merge797/RESET_B : -3.762115
[setup in-reg] in5 -> s856/GATE : -3.759888
[setup in-reg] in5 -> c612/D : -3.734566
[setup in-out] in5 -> out7 : -3.694340
[setup in-reg] in5 -> c296/RESET_B : -3.622693
[setup in-reg] in5 -> merge802/D : -3.559569
[setup reg-out] s830/Q -> out23 : -3.538758
[setup in-reg] in5 -> c321/SCE : -3.484447
[setup in-reg] in5 -> c468/SCD : -3.413702
[setup in-reg] in5 -> c585/SCE : -3.329269
[setup in-reg] in10 -> c480/SCD : -3.318146
[setup in-reg] in5 -> c693/SET_B : -3.312578
[setup in-reg] in5 -> merge814/RESET_B : -3.159404
[setup reg-reg] merge774/Q -> c373/RESET_B : -3.113538
[setup in-reg] in5 -> c430/D : -3.079265
[setup in-reg] in5 -> c722/SCE : -3.047928
[setup in-reg] in5 -> c717/RESET_B : -3.026528
[setup in-out] in49 -> out2 : -2.789165
[setup in-reg] in5 -> c468/SCE : -2.717108
[setup in-reg] in49 -> merge774/RESET_B : -2.661844
[setup in-reg] in5 -> c373/SET_B : -2.619351
[setup in-reg] in5 -> c444/SCD : -2.560892
[setup in-reg] in5 -> c607/SCD : -2.554312
[setup in-reg] in5 -> c444/RESET_B : -2.531122
[setup in-reg] in5 -> c459/RESET_B : -2.506911
[setup in-reg] in5 -> merge783/D : -2.478000
[setup in-reg] in5 -> c569/SET_B : -2.464065
[setup in-reg] in5 -> merge803/RESET_B : -2.462941
[setup in-reg] in5 -> c482/SET_B : -2.388740
[setup in-reg] in5 -> c321/D : -2.360744
[setup in-reg] in5 -> c479/SCE : -2.340212
[setup in-reg] in5 -> c568/SCD : -2.303696
[setup in-reg] in49 -> c471/RESET_B : -2.276654
[setup in-reg] in5 -> c568/SET_B : -2.263613
[setup in-reg] in5 -> c482/RESET_B : -2.235854
[setup in-reg] in5 -> c350/D : -2.213164
[setup in-out] in49 -> out45 : -2.185588
[setup in-reg] in5 -> c350/RESET_B : -2.175530
[setup in-reg] in5 -> c592/SCE : -2.127884
[setup in-reg] in49 -> c366/RESET_B : -2.059212
[setup in-out] in5 -> out41 : -1.957568
[setup in-reg] in5 -> c569/RESET_B : -1.933207
[setup reg-reg] merge798/Q -> c722/D : -1.745933
[setup in-reg] in5 -> c444/SCE : -1.731834
[setup in-reg] in10 -> c459/D : -1.691460
[setup in-reg] in10 -> c424/SCE : -1.670663
[setup in-out] in5 -> out61 : -1.656063
[setup in-reg] in5 -> c474/SCE : -1.633665
[setup in-reg] in5 -> c366/D : -1.613050
[setup reg-reg] merge804/Q -> c557/SCD : -1.511748
[setup in-reg] in49 -> c215/D : -1.499205
[setup in-reg] in5 -> c430/SET_B : -1.434140
[setup in-out] in49 -> out46 : -1.288669
[setup in-reg] in5 -> c688/SCE : -1.162286
[setup in-reg] in5 -> c309/D : -1.023865
[setup in-out] in5 -> out31 : -0.968729
[setup in-reg] in5 -> c613/SCD : -0.937961
[setup in-reg] in18 -> c328/RESET_B : -0.856802
[setup in-reg] in10 -> c323/D : -0.742228
[setup reg-reg] merge802/Q -> c217/SET_B : -0.718805
[setup reg-out] c424/Q -> out17 : -0.646124
[setup in-reg] in49 -> c217/SCD : -0.595594
[setup in-out] in10 -> out50 : -0.499789
[setup in-out] clk -> out55 : -0.468085
[setup in-reg] in5 -> c218/SCE : -0.430890
[setup in-reg] in5 -> c607/RESET_B : -0.400723
[setup reg-reg] merge803/Q -> c468/SET_B : -0.389354
[setup reg-reg] merge801/Q -> c722/SET_B : -0.287177
[setup in-reg] in5 -> c430/RESET_B : -0.228172
[setup reg-reg] s826/Q_N -> c478/SET_B : -0.131791
