
===========================================================================
report_checks -unconstrained
===========================================================================
======================= nom_ss_100C_1v60 Corner ===================================

Startpoint: in15 (input port clocked by clk)
Endpoint: merge781 (recovery check against falling-edge clock clk)
Path Group: asynchronous
Path Type: max

Fanout         Cap        Slew       Delay        Time   Description
---------------------------------------------------------------------------------------------
                      0.150000    0.000000    0.000000   clock clk (rise edge)
                                  0.000000    0.000000   clock network delay (ideal)
                                  1.600000    1.600000 ^ input external delay
     3    0.007728    0.067781    0.041068    1.641068 ^ in15 (in)
                                                         in15 (net)
                      0.067781    0.000000    1.641068 ^ c132/B_N (sky130_fd_sc_hd__or2b_4)
     4    0.009312    0.094567    0.519929    2.160997 v c132/X (sky130_fd_sc_hd__or2b_4)
                                                         net61 (net)
                      0.094567    0.000000    2.160997 v c134/A_N (sky130_fd_sc_hd__and4b_2)
     5    0.017049    0.213272    0.698118    2.859115 ^ c134/X (sky130_fd_sc_hd__and4b_2)
                                                         net63 (net)
                      0.213272    0.000000    2.859115 ^ c136/A (sky130_fd_sc_hd__nand2_1)
     3    0.014295    0.300863    0.292165    3.151280 v c136/Y (sky130_fd_sc_hd__nand2_1)
                                                         net65 (net)
                      0.300863    0.000000    3.151280 v c141/A (sky130_fd_sc_hd__or2b_1)
     6    0.021650    0.250611    0.748801    3.900081 v c141/X (sky130_fd_sc_hd__or2b_1)
                                                         net70 (net)
                      0.250611    0.000000    3.900081 v c147/A (sky130_fd_sc_hd__and2_0)
     4    0.007489    0.135978    0.401616    4.301697 v c147/X (sky130_fd_sc_hd__and2_0)
                                                         net76 (net)
                      0.135978    0.000000    4.301697 v c150/C (sky130_fd_sc_hd__and3_4)
     7    0.014905    0.080194    0.382810    4.684507 v c150/X (sky130_fd_sc_hd__and3_4)
                                                         net79 (net)
                      0.080194    0.000000    4.684507 v c157/A1 (sky130_fd_sc_hd__mux4_4)
     6    0.012514    0.253403    1.398711    6.083218 v c157/X (sky130_fd_sc_hd__mux4_4)
                                                         net85 (net)
                      0.253403    0.000000    6.083218 v c165/S0 (sky130_fd_sc_hd__mux4_1)
     5    0.013350    0.278916    1.257675    7.340892 v c165/X (sky130_fd_sc_hd__mux4_1)
                                                         net93 (net)
                      0.278916    0.000000    7.340892 v c168/A2 (sky130_fd_sc_hd__o2111a_4)
     2    0.002665    0.066158    0.561489    7.902381 v c168/X (sky130_fd_sc_hd__o2111a_4)
                                                         net96 (net)
                      0.066158    0.000000    7.902381 v c169/A_N (sky130_fd_sc_hd__nand4b_2)
     2    0.003024    0.172026    0.395841    8.298222 v c169/Y (sky130_fd_sc_hd__nand4b_2)
                                                         net97 (net)
                      0.172026    0.000000    8.298222 v c170/A0 (sky130_fd_sc_hd__mux4_4)
     7    0.017652    0.272800    1.508020    9.806242 v c170/X (sky130_fd_sc_hd__mux4_4)
                                                         net98 (net)
                      0.272800    0.000000    9.806242 v c171/A2 (sky130_fd_sc_hd__mux4_1)
     6    0.012297    0.267550    1.331892   11.138134 v c171/X (sky130_fd_sc_hd__mux4_1)
                                                         net99 (net)
                      0.267550    0.000000   11.138134 v c173/A2 (sky130_fd_sc_hd__mux4_4)
     5    0.014367    0.260272    1.506678   12.644813 v c173/X (sky130_fd_sc_hd__mux4_4)
                                                         net101 (net)
                      0.260272    0.000000   12.644813 v c175/A2 (sky130_fd_sc_hd__mux4_4)
     2    0.004096    0.214977    1.414857   14.059669 v c175/X (sky130_fd_sc_hd__mux4_4)
                                                         net102 (net)
                      0.214977    0.000000   14.059669 v c181/A1 (sky130_fd_sc_hd__a2111oi_0)
     8    0.025673    3.205735    2.710291   16.769960 ^ c181/Y (sky130_fd_sc_hd__a2111oi_0)
                                                         net108 (net)
                      3.205735    0.000000   16.769960 ^ c186/A1 (sky130_fd_sc_hd__o2111a_1)
     7    0.033433    0.524764    1.438567   18.208527 ^ c186/X (sky130_fd_sc_hd__o2111a_1)
                                                         net112 (net)
                      0.524764    0.000000   18.208527 ^ c187/B (sky130_fd_sc_hd__and2_4)
     2    0.002964    0.065799    0.428571   18.637098 ^ c187/X (sky130_fd_sc_hd__and2_4)
                                                         net113 (net)
                      0.065799    0.000000   18.637098 ^ c308/C (sky130_fd_sc_hd__or4b_2)
     8    0.016753    0.169963    0.278620   18.915718 ^ c308/X (sky130_fd_sc_hd__or4b_2)
                                                         net220 (net)
                      0.169963    0.000000   18.915718 ^ c311/D_N (sky130_fd_sc_hd__or4b_2)
     8    0.017838    0.331424    1.623944   20.539661 v c311/X (sky130_fd_sc_hd__or4b_2)
                                                         net223 (net)
                      0.331424    0.000000   20.539661 v c321/S0 (sky130_fd_sc_hd__mux4_4)
     7    0.017907    0.273864    1.495069   22.034731 v c321/X (sky130_fd_sc_hd__mux4_4)
                                                         net232 (net)
                      0.273864    0.000000   22.034731 v c573/A_N (sky130_fd_sc_hd__and4bb_4)
    11    0.059694    0.372516    1.017185   23.051914 ^ c573/X (sky130_fd_sc_hd__and4bb_4)
                                                         out11 (net)
                      0.372516    0.000000   23.051914 ^ merge781/RESET_B (sky130_fd_sc_hd__sdfbbn_1)
                                             23.051914   data arrival time

                      0.150000    4.000000    4.000000   clock clk (fall edge)
                                  0.000000    4.000000   clock network delay (ideal)
                                 -0.250000    3.750000   clock uncertainty
                                  0.000000    3.750000   clock reconvergence pessimism
                                              3.750000 v merge781/CLK_N (sky130_fd_sc_hd__sdfbbn_1)
                                 -0.158979    3.591021   library recovery time
                                              3.591021   data required time
---------------------------------------------------------------------------------------------
                                              3.591021   data required time
                                            -23.051914   data arrival time
---------------------------------------------------------------------------------------------
                                            -19.460894   slack (VIOLATED)


Startpoint: in15 (input port clocked by clk)
Endpoint: c633 (rising edge-triggered flip-flop clocked by clk)
Path Group: clk
Path Type: max

Fanout         Cap        Slew       Delay        Time   Description
---------------------------------------------------------------------------------------------
                      0.150000    0.000000    0.000000   clock clk (rise edge)
                                  0.000000    0.000000   clock network delay (ideal)
                                  1.600000    1.600000 ^ input external delay
     3    0.007728    0.067781    0.041068    1.641068 ^ in15 (in)
                                                         in15 (net)
                      0.067781    0.000000    1.641068 ^ c132/B_N (sky130_fd_sc_hd__or2b_4)
     4    0.009312    0.094567    0.519929    2.160997 v c132/X (sky130_fd_sc_hd__or2b_4)
                                                         net61 (net)
                      0.094567    0.000000    2.160997 v c134/A_N (sky130_fd_sc_hd__and4b_2)
     5    0.017049    0.213272    0.698118    2.859115 ^ c134/X (sky130_fd_sc_hd__and4b_2)
                                                         net63 (net)
                      0.213272    0.000000    2.859115 ^ c136/A (sky130_fd_sc_hd__nand2_1)
     3    0.014295    0.300863    0.292165    3.151280 v c136/Y (sky130_fd_sc_hd__nand2_1)
                                                         net65 (net)
                      0.300863    0.000000    3.151280 v c141/A (sky130_fd_sc_hd__or2b_1)
     6    0.021650    0.250611    0.748801    3.900081 v c141/X (sky130_fd_sc_hd__or2b_1)
                                                         net70 (net)
                      0.250611    0.000000    3.900081 v c147/A (sky130_fd_sc_hd__and2_0)
     4    0.007489    0.135978    0.401616    4.301697 v c147/X (sky130_fd_sc_hd__and2_0)
                                                         net76 (net)
                      0.135978    0.000000    4.301697 v c150/C (sky130_fd_sc_hd__and3_4)
     7    0.014905    0.080194    0.382810    4.684507 v c150/X (sky130_fd_sc_hd__and3_4)
                                                         net79 (net)
                      0.080194    0.000000    4.684507 v c157/A1 (sky130_fd_sc_hd__mux4_4)
     6    0.012514    0.253403    1.398711    6.083218 v c157/X (sky130_fd_sc_hd__mux4_4)
                                                         net85 (net)
                      0.253403    0.000000    6.083218 v c165/S0 (sky130_fd_sc_hd__mux4_1)
     5    0.013350    0.278916    1.257675    7.340892 v c165/X (sky130_fd_sc_hd__mux4_1)
                                                         net93 (net)
                      0.278916    0.000000    7.340892 v c168/A2 (sky130_fd_sc_hd__o2111a_4)
     2    0.002665    0.066158    0.561489    7.902381 v c168/X (sky130_fd_sc_hd__o2111a_4)
                                                         net96 (net)
                      0.066158    0.000000    7.902381 v c169/A_N (sky130_fd_sc_hd__nand4b_2)
     2    0.003024    0.172026    0.395841    8.298222 v c169/Y (sky130_fd_sc_hd__nand4b_2)
                                                         net97 (net)
                      0.172026    0.000000    8.298222 v c170/A0 (sky130_fd_sc_hd__mux4_4)
     7    0.017652    0.272800    1.508020    9.806242 v c170/X (sky130_fd_sc_hd__mux4_4)
                                                         net98 (net)
                      0.272800    0.000000    9.806242 v c171/A2 (sky130_fd_sc_hd__mux4_1)
     6    0.012297    0.267550    1.331892   11.138134 v c171/X (sky130_fd_sc_hd__mux4_1)
                                                         net99 (net)
                      0.267550    0.000000   11.138134 v c173/A2 (sky130_fd_sc_hd__mux4_4)
     5    0.014367    0.260272    1.506678   12.644813 v c173/X (sky130_fd_sc_hd__mux4_4)
                                                         net101 (net)
                      0.260272    0.000000   12.644813 v c175/A2 (sky130_fd_sc_hd__mux4_4)
     2    0.004096    0.214977    1.414857   14.059669 v c175/X (sky130_fd_sc_hd__mux4_4)
                                                         net102 (net)
                      0.214977    0.000000   14.059669 v c181/A1 (sky130_fd_sc_hd__a2111oi_0)
     8    0.025673    3.205735    2.710291   16.769960 ^ c181/Y (sky130_fd_sc_hd__a2111oi_0)
                                                         net108 (net)
                      3.205735    0.000000   16.769960 ^ c186/A1 (sky130_fd_sc_hd__o2111a_1)
     7    0.033433    0.524764    1.438567   18.208527 ^ c186/X (sky130_fd_sc_hd__o2111a_1)
                                                         net112 (net)
                      0.524764    0.000000   18.208527 ^ c188/C1 (sky130_fd_sc_hd__o2111ai_4)
     2    0.005676    0.538022    0.380298   18.588825 v c188/Y (sky130_fd_sc_hd__o2111ai_4)
                                                         net114 (net)
                      0.538022    0.000000   18.588825 v c203/C (sky130_fd_sc_hd__and3_2)
     9    0.022389    0.157915    0.776858   19.365683 v c203/X (sky130_fd_sc_hd__and3_2)
                                                         net128 (net)
                      0.157915    0.000000   19.365683 v c208/C (sky130_fd_sc_hd__nand3_2)
     5    0.015081    0.170288    0.208907   19.574589 ^ c208/Y (sky130_fd_sc_hd__nand3_2)
                                                         net132 (net)
                      0.170288    0.000000   19.574589 ^ c212/S0 (sky130_fd_sc_hd__mux4_4)
     5    0.047269    0.314964    0.849091   20.423681 ^ c212/X (sky130_fd_sc_hd__mux4_4)
                                                         out38 (net)
                      0.314964    0.000000   20.423681 ^ c362/C (sky130_fd_sc_hd__or3_1)
     8    0.018244    0.277916    0.421963   20.845644 ^ c362/X (sky130_fd_sc_hd__or3_1)
                                                         net273 (net)
                      0.277916    0.000000   20.845644 ^ c633/SET_B (sky130_fd_sc_hd__sdfbbn_1)
                                             20.845644   data arrival time

                      0.150000    0.000000    0.000000   clock clk (rise edge)
                                  0.000000    0.000000   clock network delay (ideal)
                                 -0.250000   -0.250000   clock uncertainty
                                  0.000000   -0.250000   clock reconvergence pessimism
                                             -0.250000 ^ c633/RESET_B (sky130_fd_sc_hd__sdfbbn_1)
                                 -0.387979   -0.637979   library non-sequential setup time
                                             -0.637979   data required time
---------------------------------------------------------------------------------------------
                                             -0.637979   data required time
                                            -20.845644   data arrival time
---------------------------------------------------------------------------------------------
                                            -21.483624   slack (VIOLATED)




===========================================================================
report_checks --slack_max -0.01
============================================================================
======================= nom_ss_100C_1v60 Corner ===================================

Startpoint: in15 (input port clocked by clk)
Endpoint: merge781 (recovery check against falling-edge clock clk)
Path Group: asynchronous
Path Type: max

Fanout         Cap        Slew       Delay        Time   Description
---------------------------------------------------------------------------------------------
                      0.150000    0.000000    0.000000   clock clk (rise edge)
                                  0.000000    0.000000   clock network delay (ideal)
                                  1.600000    1.600000 ^ input external delay
     3    0.007728    0.067781    0.041068    1.641068 ^ in15 (in)
                                                         in15 (net)
                      0.067781    0.000000    1.641068 ^ c132/B_N (sky130_fd_sc_hd__or2b_4)
     4    0.009312    0.094567    0.519929    2.160997 v c132/X (sky130_fd_sc_hd__or2b_4)
                                                         net61 (net)
                      0.094567    0.000000    2.160997 v c134/A_N (sky130_fd_sc_hd__and4b_2)
     5    0.017049    0.213272    0.698118    2.859115 ^ c134/X (sky130_fd_sc_hd__and4b_2)
                                                         net63 (net)
                      0.213272    0.000000    2.859115 ^ c136/A (sky130_fd_sc_hd__nand2_1)
     3    0.014295    0.300863    0.292165    3.151280 v c136/Y (sky130_fd_sc_hd__nand2_1)
                                                         net65 (net)
                      0.300863    0.000000    3.151280 v c141/A (sky130_fd_sc_hd__or2b_1)
     6    0.021650    0.250611    0.748801    3.900081 v c141/X (sky130_fd_sc_hd__or2b_1)
                                                         net70 (net)
                      0.250611    0.000000    3.900081 v c147/A (sky130_fd_sc_hd__and2_0)
     4    0.007489    0.135978    0.401616    4.301697 v c147/X (sky130_fd_sc_hd__and2_0)
                                                         net76 (net)
                      0.135978    0.000000    4.301697 v c150/C (sky130_fd_sc_hd__and3_4)
     7    0.014905    0.080194    0.382810    4.684507 v c150/X (sky130_fd_sc_hd__and3_4)
                                                         net79 (net)
                      0.080194    0.000000    4.684507 v c157/A1 (sky130_fd_sc_hd__mux4_4)
     6    0.012514    0.253403    1.398711    6.083218 v c157/X (sky130_fd_sc_hd__mux4_4)
                                                         net85 (net)
                      0.253403    0.000000    6.083218 v c165/S0 (sky130_fd_sc_hd__mux4_1)
     5    0.013350    0.278916    1.257675    7.340892 v c165/X (sky130_fd_sc_hd__mux4_1)
                                                         net93 (net)
                      0.278916    0.000000    7.340892 v c168/A2 (sky130_fd_sc_hd__o2111a_4)
     2    0.002665    0.066158    0.561489    7.902381 v c168/X (sky130_fd_sc_hd__o2111a_4)
                                                         net96 (net)
                      0.066158    0.000000    7.902381 v c169/A_N (sky130_fd_sc_hd__nand4b_2)
     2    0.003024    0.172026    0.395841    8.298222 v c169/Y (sky130_fd_sc_hd__nand4b_2)
                                                         net97 (net)
                      0.172026    0.000000    8.298222 v c170/A0 (sky130_fd_sc_hd__mux4_4)
     7    0.017652    0.272800    1.508020    9.806242 v c170/X (sky130_fd_sc_hd__mux4_4)
                                                         net98 (net)
                      0.272800    0.000000    9.806242 v c171/A2 (sky130_fd_sc_hd__mux4_1)
     6    0.012297    0.267550    1.331892   11.138134 v c171/X (sky130_fd_sc_hd__mux4_1)
                                                         net99 (net)
                      0.267550    0.000000   11.138134 v c173/A2 (sky130_fd_sc_hd__mux4_4)
     5    0.014367    0.260272    1.506678   12.644813 v c173/X (sky130_fd_sc_hd__mux4_4)
                                                         net101 (net)
                      0.260272    0.000000   12.644813 v c175/A2 (sky130_fd_sc_hd__mux4_4)
     2    0.004096    0.214977    1.414857   14.059669 v c175/X (sky130_fd_sc_hd__mux4_4)
                                                         net102 (net)
                      0.214977    0.000000   14.059669 v c181/A1 (sky130_fd_sc_hd__a2111oi_0)
     8    0.025673    3.205735    2.710291   16.769960 ^ c181/Y (sky130_fd_sc_hd__a2111oi_0)
                                                         net108 (net)
                      3.205735    0.000000   16.769960 ^ c186/A1 (sky130_fd_sc_hd__o2111a_1)
     7    0.033433    0.524764    1.438567   18.208527 ^ c186/X (sky130_fd_sc_hd__o2111a_1)
                                                         net112 (net)
                      0.524764    0.000000   18.208527 ^ c187/B (sky130_fd_sc_hd__and2_4)
     2    0.002964    0.065799    0.428571   18.637098 ^ c187/X (sky130_fd_sc_hd__and2_4)
                                                         net113 (net)
                      0.065799    0.000000   18.637098 ^ c308/C (sky130_fd_sc_hd__or4b_2)
     8    0.016753    0.169963    0.278620   18.915718 ^ c308/X (sky130_fd_sc_hd__or4b_2)
                                                         net220 (net)
                      0.169963    0.000000   18.915718 ^ c311/D_N (sky130_fd_sc_hd__or4b_2)
     8    0.017838    0.331424    1.623944   20.539661 v c311/X (sky130_fd_sc_hd__or4b_2)
                                                         net223 (net)
                      0.331424    0.000000   20.539661 v c321/S0 (sky130_fd_sc_hd__mux4_4)
     7    0.017907    0.273864    1.495069   22.034731 v c321/X (sky130_fd_sc_hd__mux4_4)
                                                         net232 (net)
                      0.273864    0.000000   22.034731 v c573/A_N (sky130_fd_sc_hd__and4bb_4)
    11    0.059694    0.372516    1.017185   23.051914 ^ c573/X (sky130_fd_sc_hd__and4bb_4)
                                                         out11 (net)
                      0.372516    0.000000   23.051914 ^ merge781/RESET_B (sky130_fd_sc_hd__sdfbbn_1)
                                             23.051914   data arrival time

                      0.150000    4.000000    4.000000   clock clk (fall edge)
                                  0.000000    4.000000   clock network delay (ideal)
                                 -0.250000    3.750000   clock uncertainty
                                  0.000000    3.750000   clock reconvergence pessimism
                                              3.750000 v merge781/CLK_N (sky130_fd_sc_hd__sdfbbn_1)
                                 -0.158979    3.591021   library recovery time
                                              3.591021   data required time
---------------------------------------------------------------------------------------------
                                              3.591021   data required time
                                            -23.051914   data arrival time
---------------------------------------------------------------------------------------------
                                            -19.460894   slack (VIOLATED)


Startpoint: in15 (input port clocked by clk)
Endpoint: c633 (rising edge-triggered flip-flop clocked by clk)
Path Group: clk
Path Type: max

Fanout         Cap        Slew       Delay        Time   Description
---------------------------------------------------------------------------------------------
                      0.150000    0.000000    0.000000   clock clk (rise edge)
                                  0.000000    0.000000   clock network delay (ideal)
                                  1.600000    1.600000 ^ input external delay
     3    0.007728    0.067781    0.041068    1.641068 ^ in15 (in)
                                                         in15 (net)
                      0.067781    0.000000    1.641068 ^ c132/B_N (sky130_fd_sc_hd__or2b_4)
     4    0.009312    0.094567    0.519929    2.160997 v c132/X (sky130_fd_sc_hd__or2b_4)
                                                         net61 (net)
                      0.094567    0.000000    2.160997 v c134/A_N (sky130_fd_sc_hd__and4b_2)
     5    0.017049    0.213272    0.698118    2.859115 ^ c134/X (sky130_fd_sc_hd__and4b_2)
                                                         net63 (net)
                      0.213272    0.000000    2.859115 ^ c136/A (sky130_fd_sc_hd__nand2_1)
     3    0.014295    0.300863    0.292165    3.151280 v c136/Y (sky130_fd_sc_hd__nand2_1)
                                                         net65 (net)
                      0.300863    0.000000    3.151280 v c141/A (sky130_fd_sc_hd__or2b_1)
     6    0.021650    0.250611    0.748801    3.900081 v c141/X (sky130_fd_sc_hd__or2b_1)
                                                         net70 (net)
                      0.250611    0.000000    3.900081 v c147/A (sky130_fd_sc_hd__and2_0)
     4    0.007489    0.135978    0.401616    4.301697 v c147/X (sky130_fd_sc_hd__and2_0)
                                                         net76 (net)
                      0.135978    0.000000    4.301697 v c150/C (sky130_fd_sc_hd__and3_4)
     7    0.014905    0.080194    0.382810    4.684507 v c150/X (sky130_fd_sc_hd__and3_4)
                                                         net79 (net)
                      0.080194    0.000000    4.684507 v c157/A1 (sky130_fd_sc_hd__mux4_4)
     6    0.012514    0.253403    1.398711    6.083218 v c157/X (sky130_fd_sc_hd__mux4_4)
                                                         net85 (net)
                      0.253403    0.000000    6.083218 v c165/S0 (sky130_fd_sc_hd__mux4_1)
     5    0.013350    0.278916    1.257675    7.340892 v c165/X (sky130_fd_sc_hd__mux4_1)
                                                         net93 (net)
                      0.278916    0.000000    7.340892 v c168/A2 (sky130_fd_sc_hd__o2111a_4)
     2    0.002665    0.066158    0.561489    7.902381 v c168/X (sky130_fd_sc_hd__o2111a_4)
                                                         net96 (net)
                      0.066158    0.000000    7.902381 v c169/A_N (sky130_fd_sc_hd__nand4b_2)
     2    0.003024    0.172026    0.395841    8.298222 v c169/Y (sky130_fd_sc_hd__nand4b_2)
                                                         net97 (net)
                      0.172026    0.000000    8.298222 v c170/A0 (sky130_fd_sc_hd__mux4_4)
     7    0.017652    0.272800    1.508020    9.806242 v c170/X (sky130_fd_sc_hd__mux4_4)
                                                         net98 (net)
                      0.272800    0.000000    9.806242 v c171/A2 (sky130_fd_sc_hd__mux4_1)
     6    0.012297    0.267550    1.331892   11.138134 v c171/X (sky130_fd_sc_hd__mux4_1)
                                                         net99 (net)
                      0.267550    0.000000   11.138134 v c173/A2 (sky130_fd_sc_hd__mux4_4)
     5    0.014367    0.260272    1.506678   12.644813 v c173/X (sky130_fd_sc_hd__mux4_4)
                                                         net101 (net)
                      0.260272    0.000000   12.644813 v c175/A2 (sky130_fd_sc_hd__mux4_4)
     2    0.004096    0.214977    1.414857   14.059669 v c175/X (sky130_fd_sc_hd__mux4_4)
                                                         net102 (net)
                      0.214977    0.000000   14.059669 v c181/A1 (sky130_fd_sc_hd__a2111oi_0)
     8    0.025673    3.205735    2.710291   16.769960 ^ c181/Y (sky130_fd_sc_hd__a2111oi_0)
                                                         net108 (net)
                      3.205735    0.000000   16.769960 ^ c186/A1 (sky130_fd_sc_hd__o2111a_1)
     7    0.033433    0.524764    1.438567   18.208527 ^ c186/X (sky130_fd_sc_hd__o2111a_1)
                                                         net112 (net)
                      0.524764    0.000000   18.208527 ^ c188/C1 (sky130_fd_sc_hd__o2111ai_4)
     2    0.005676    0.538022    0.380298   18.588825 v c188/Y (sky130_fd_sc_hd__o2111ai_4)
                                                         net114 (net)
                      0.538022    0.000000   18.588825 v c203/C (sky130_fd_sc_hd__and3_2)
     9    0.022389    0.157915    0.776858   19.365683 v c203/X (sky130_fd_sc_hd__and3_2)
                                                         net128 (net)
                      0.157915    0.000000   19.365683 v c208/C (sky130_fd_sc_hd__nand3_2)
     5    0.015081    0.170288    0.208907   19.574589 ^ c208/Y (sky130_fd_sc_hd__nand3_2)
                                                         net132 (net)
                      0.170288    0.000000   19.574589 ^ c212/S0 (sky130_fd_sc_hd__mux4_4)
     5    0.047269    0.314964    0.849091   20.423681 ^ c212/X (sky130_fd_sc_hd__mux4_4)
                                                         out38 (net)
                      0.314964    0.000000   20.423681 ^ c362/C (sky130_fd_sc_hd__or3_1)
     8    0.018244    0.277916    0.421963   20.845644 ^ c362/X (sky130_fd_sc_hd__or3_1)
                                                         net273 (net)
                      0.277916    0.000000   20.845644 ^ c633/SET_B (sky130_fd_sc_hd__sdfbbn_1)
                                             20.845644   data arrival time

                      0.150000    0.000000    0.000000   clock clk (rise edge)
                                  0.000000    0.000000   clock network delay (ideal)
                                 -0.250000   -0.250000   clock uncertainty
                                  0.000000   -0.250000   clock reconvergence pessimism
                                             -0.250000 ^ c633/RESET_B (sky130_fd_sc_hd__sdfbbn_1)
                                 -0.387979   -0.637979   library non-sequential setup time
                                             -0.637979   data required time
---------------------------------------------------------------------------------------------
                                             -0.637979   data required time
                                            -20.845644   data arrival time
---------------------------------------------------------------------------------------------
                                            -21.483624   slack (VIOLATED)




===========================================================================
 report_check_types -max_slew -max_cap -max_fanout -violators
============================================================================
======================= nom_ss_100C_1v60 Corner ===================================

max slew

Pin                                        Limit        Slew       Slack
------------------------------------------------------------------------
c181/Y                                  0.750000    3.205735   -2.455735 (VIOLATED)
c186/A1                                 0.750000    3.205735   -2.455735 (VIOLATED)
c188/D1                                 0.750000    3.205735   -2.455735 (VIOLATED)
c190/B_N                                0.750000    3.205735   -2.455735 (VIOLATED)
c192/B_N                                0.750000    3.205735   -2.455735 (VIOLATED)
c194/C1                                 0.750000    3.205735   -2.455735 (VIOLATED)
c235/D1                                 0.750000    3.205735   -2.455735 (VIOLATED)
c346/RESET_B                            0.750000    3.205735   -2.455735 (VIOLATED)
c358/B                                  0.750000    3.205735   -2.455735 (VIOLATED)
out15                                   0.750000    2.915942   -2.165943 (VIOLATED)
c130/Y                                  0.750000    2.915942   -2.165943 (VIOLATED)
c131/A1                                 0.750000    2.915942   -2.165943 (VIOLATED)
c249/D_N                                0.750000    2.915942   -2.165943 (VIOLATED)
out29                                   0.750000    2.009381   -1.259381 (VIOLATED)
c403/Y                                  0.750000    2.009381   -1.259381 (VIOLATED)
c404/C                                  0.750000    2.009381   -1.259381 (VIOLATED)
c406/C                                  0.750000    2.009381   -1.259381 (VIOLATED)
c407/C                                  0.750000    2.009381   -1.259381 (VIOLATED)
c408/D                                  0.750000    2.009381   -1.259381 (VIOLATED)
c410/C                                  0.750000    2.009381   -1.259381 (VIOLATED)
c420/D_N                                0.750000    2.009381   -1.259381 (VIOLATED)
c422/C_N                                0.750000    2.009381   -1.259381 (VIOLATED)
c430/S1                                 0.750000    2.009381   -1.259381 (VIOLATED)
c433/S1                                 0.750000    2.009381   -1.259381 (VIOLATED)
c434/S0                                 0.750000    2.009381   -1.259381 (VIOLATED)
c536/C                                  0.750000    2.009381   -1.259381 (VIOLATED)
c539/S1                                 0.750000    2.009381   -1.259381 (VIOLATED)
c545/C                                  0.750000    2.009381   -1.259381 (VIOLATED)
c555/C                                  0.750000    2.009381   -1.259381 (VIOLATED)
c599/SET_B                              0.750000    2.009381   -1.259381 (VIOLATED)
c620/B1                                 0.750000    2.009381   -1.259381 (VIOLATED)
c628/A2                                 0.750000    2.009381   -1.259381 (VIOLATED)
c687/C                                  0.750000    2.009381   -1.259381 (VIOLATED)
c712/RESET_B                            0.750000    2.009381   -1.259381 (VIOLATED)
c736/SCE                                0.750000    2.009381   -1.259381 (VIOLATED)
c739/A2                                 0.750000    2.009381   -1.259381 (VIOLATED)
c758/A3                                 0.750000    2.009381   -1.259381 (VIOLATED)
c353/Y                                  0.750000    1.998948   -1.248948 (VIOLATED)
c359/A                                  0.750000    1.998948   -1.248948 (VIOLATED)
c360/RESET_B                            0.750000    1.998948   -1.248948 (VIOLATED)
c361/SCE                                0.750000    1.998948   -1.248948 (VIOLATED)
c365/C1                                 0.750000    1.998948   -1.248948 (VIOLATED)
c367/A2                                 0.750000    1.998948   -1.248948 (VIOLATED)
c369/D1                                 0.750000    1.998948   -1.248948 (VIOLATED)
c495/A1                                 0.750000    1.998948   -1.248948 (VIOLATED)
c496/S1                                 0.750000    1.998948   -1.248948 (VIOLATED)
c623/A1                                 0.750000    1.998948   -1.248948 (VIOLATED)
c626/A2                                 0.750000    1.998948   -1.248948 (VIOLATED)
c313/Y                                  0.750000    1.404421   -0.654421 (VIOLATED)
merge775/B                              0.750000    1.404421   -0.654421 (VIOLATED)
merge778/S1                             0.750000    1.404421   -0.654421 (VIOLATED)
merge779/A1                             0.750000    1.404421   -0.654421 (VIOLATED)
c347/Y                                  0.750000    1.295849   -0.545849 (VIOLATED)
c485/B1                                 0.750000    1.295849   -0.545849 (VIOLATED)
c491/SET_B                              0.750000    1.295849   -0.545849 (VIOLATED)
c619/A0                                 0.750000    1.295849   -0.545849 (VIOLATED)
c635/A3                                 0.750000    1.295849   -0.545849 (VIOLATED)
c100/Y                                  0.750000    1.229705   -0.479705 (VIOLATED)
c103/C1                                 0.750000    1.229705   -0.479705 (VIOLATED)
c104/D_N                                0.750000    1.229705   -0.479705 (VIOLATED)
c229/D1                                 0.750000    1.229705   -0.479705 (VIOLATED)
c234/A1                                 0.750000    1.229705   -0.479705 (VIOLATED)
c237/A3                                 0.750000    1.229705   -0.479705 (VIOLATED)
c241/S0                                 0.750000    1.229705   -0.479705 (VIOLATED)
c718/Y                                  0.750000    1.204568   -0.454568 (VIOLATED)
c719/A1                                 0.750000    1.204568   -0.454568 (VIOLATED)
c720/A1                                 0.750000    1.204568   -0.454568 (VIOLATED)
c722/S0                                 0.750000    1.204568   -0.454568 (VIOLATED)
c723/A1                                 0.750000    1.204568   -0.454568 (VIOLATED)
c735/A2                                 0.750000    1.204568   -0.454568 (VIOLATED)
c745/A0                                 0.750000    1.204568   -0.454568 (VIOLATED)
c276/Y                                  0.750000    1.118336   -0.368336 (VIOLATED)
c279/B                                  0.750000    1.118336   -0.368336 (VIOLATED)
c282/A2                                 0.750000    1.118336   -0.368336 (VIOLATED)
c283/A                                  0.750000    1.118336   -0.368336 (VIOLATED)
out57                                   0.750000    1.074571   -0.324571 (VIOLATED)
c118/Y                                  0.750000    1.074571   -0.324571 (VIOLATED)
c242/B                                  0.750000    1.074571   -0.324571 (VIOLATED)
merge766/SCD                            0.750000    1.074571   -0.324571 (VIOLATED)
out31                                   0.750000    1.052945   -0.302945 (VIOLATED)
c206/Y                                  0.750000    1.052945   -0.302945 (VIOLATED)
c212/S1                                 0.750000    1.052945   -0.302945 (VIOLATED)
c213/D1                                 0.750000    1.052945   -0.302945 (VIOLATED)
c216/D1                                 0.750000    1.052945   -0.302945 (VIOLATED)
c222/B                                  0.750000    1.052945   -0.302945 (VIOLATED)
c239/A2                                 0.750000    1.052945   -0.302945 (VIOLATED)
c337/SCD                                0.750000    1.052945   -0.302945 (VIOLATED)
c340/S0                                 0.750000    1.052945   -0.302945 (VIOLATED)
c472/SCE                                0.750000    1.052945   -0.302945 (VIOLATED)
merge771/B                              0.750000    1.052945   -0.302945 (VIOLATED)
c420/Y                                  0.750000    0.980023   -0.230023 (VIOLATED)
c431/B                                  0.750000    0.980023   -0.230023 (VIOLATED)
c436/A0                                 0.750000    0.980023   -0.230023 (VIOLATED)
c437/A3                                 0.750000    0.980023   -0.230023 (VIOLATED)
c554/B                                  0.750000    0.980023   -0.230023 (VIOLATED)
c571/A1                                 0.750000    0.980023   -0.230023 (VIOLATED)
out40                                   0.750000    0.975538   -0.225538 (VIOLATED)
c153/X                                  0.750000    0.975538   -0.225538 (VIOLATED)
c242/D                                  0.750000    0.975538   -0.225538 (VIOLATED)
c356/RESET_B                            0.750000    0.975538   -0.225538 (VIOLATED)
c419/B                                  0.750000    0.975538   -0.225538 (VIOLATED)
c425/D                                  0.750000    0.975538   -0.225538 (VIOLATED)
c498/A3                                 0.750000    0.975538   -0.225538 (VIOLATED)
c682/C                                  0.750000    0.975538   -0.225538 (VIOLATED)
c697/S0                                 0.750000    0.975538   -0.225538 (VIOLATED)
c732/A2                                 0.750000    0.975538   -0.225538 (VIOLATED)
c740/SCE                                0.750000    0.975538   -0.225538 (VIOLATED)
c753/A3                                 0.750000    0.975538   -0.225538 (VIOLATED)
c755/A3                                 0.750000    0.975538   -0.225538 (VIOLATED)
c762/S0                                 0.750000    0.975538   -0.225538 (VIOLATED)
out21                                   0.750000    0.968201   -0.218201 (VIOLATED)
c489/Y                                  0.750000    0.968201   -0.218201 (VIOLATED)
c490/S1                                 0.750000    0.968201   -0.218201 (VIOLATED)
c494/C                                  0.750000    0.968201   -0.218201 (VIOLATED)
c502/A1                                 0.750000    0.968201   -0.218201 (VIOLATED)
c503/A1                                 0.750000    0.968201   -0.218201 (VIOLATED)
c616/A2                                 0.750000    0.968201   -0.218201 (VIOLATED)
c619/A3                                 0.750000    0.968201   -0.218201 (VIOLATED)
out24                                   0.750000    0.967285   -0.217285 (VIOLATED)
c202/D                                  0.750000    0.967285   -0.217285 (VIOLATED)
c204/D                                  0.750000    0.967285   -0.217285 (VIOLATED)
c209/C                                  0.750000    0.967285   -0.217285 (VIOLATED)
c229/A2                                 0.750000    0.967285   -0.217285 (VIOLATED)
c237/S0                                 0.750000    0.967285   -0.217285 (VIOLATED)
c346/SCE                                0.750000    0.967285   -0.217285 (VIOLATED)
c354/B                                  0.750000    0.967285   -0.217285 (VIOLATED)
c357/SCE                                0.750000    0.967285   -0.217285 (VIOLATED)
c367/A3                                 0.750000    0.967285   -0.217285 (VIOLATED)
c373/A1                                 0.750000    0.967285   -0.217285 (VIOLATED)
c469/D1                                 0.750000    0.967285   -0.217285 (VIOLATED)
c471/S1                                 0.750000    0.967285   -0.217285 (VIOLATED)
c474/B                                  0.750000    0.967285   -0.217285 (VIOLATED)
c486/SET_B                              0.750000    0.967285   -0.217285 (VIOLATED)
c489/B1                                 0.750000    0.967285   -0.217285 (VIOLATED)
c72/X                                   0.750000    0.967285   -0.217285 (VIOLATED)
c73/C_N                                 0.750000    0.967285   -0.217285 (VIOLATED)
c74/D                                   0.750000    0.967285   -0.217285 (VIOLATED)
c75/C                                   0.750000    0.967285   -0.217285 (VIOLATED)
c76/C                                   0.750000    0.967285   -0.217285 (VIOLATED)
c78/C                                   0.750000    0.967285   -0.217285 (VIOLATED)
c80/D                                   0.750000    0.967285   -0.217285 (VIOLATED)
c82/C_N                                 0.750000    0.967285   -0.217285 (VIOLATED)
c84/S0                                  0.750000    0.967285   -0.217285 (VIOLATED)
c85/A2                                  0.750000    0.967285   -0.217285 (VIOLATED)
c227/Y                                  0.750000    0.928173   -0.178173 (VIOLATED)
c363/A2                                 0.750000    0.928173   -0.178173 (VIOLATED)
c488/A2                                 0.750000    0.928173   -0.178173 (VIOLATED)
c622/A0                                 0.750000    0.928173   -0.178173 (VIOLATED)
c623/A3                                 0.750000    0.928173   -0.178173 (VIOLATED)
c624/S0                                 0.750000    0.928173   -0.178173 (VIOLATED)
c625/A0                                 0.750000    0.928173   -0.178173 (VIOLATED)
c636/A1                                 0.750000    0.928173   -0.178173 (VIOLATED)
out1                                    0.750000    0.903515   -0.153515 (VIOLATED)
c531/Y                                  0.750000    0.903515   -0.153515 (VIOLATED)
c533/B                                  0.750000    0.903515   -0.153515 (VIOLATED)
c573/D                                  0.750000    0.903515   -0.153515 (VIOLATED)
c595/A                                  0.750000    0.903515   -0.153515 (VIOLATED)
c597/C                                  0.750000    0.903515   -0.153515 (VIOLATED)
c607/A1                                 0.750000    0.903515   -0.153515 (VIOLATED)
c609/A2                                 0.750000    0.903515   -0.153515 (VIOLATED)
c469/Y                                  0.750000    0.854852   -0.104852 (VIOLATED)
c471/S0                                 0.750000    0.854852   -0.104852 (VIOLATED)
c475/C                                  0.750000    0.854852   -0.104852 (VIOLATED)
c479/SET_B                              0.750000    0.854852   -0.104852 (VIOLATED)
c480/D1                                 0.750000    0.854852   -0.104852 (VIOLATED)
c481/SCE                                0.750000    0.854852   -0.104852 (VIOLATED)
c482/A3                                 0.750000    0.854852   -0.104852 (VIOLATED)
c483/SCE                                0.750000    0.854852   -0.104852 (VIOLATED)
c602/D1                                 0.750000    0.854852   -0.104852 (VIOLATED)
c603/S1                                 0.750000    0.854852   -0.104852 (VIOLATED)
c607/S0                                 0.750000    0.854852   -0.104852 (VIOLATED)
c608/SET_B                              0.750000    0.854852   -0.104852 (VIOLATED)
c609/B1                                 0.750000    0.854852   -0.104852 (VIOLATED)
c726/A3                                 0.750000    0.854852   -0.104852 (VIOLATED)
c728/A1                                 0.750000    0.854852   -0.104852 (VIOLATED)
c729/A3                                 0.750000    0.854852   -0.104852 (VIOLATED)
c734/A2                                 0.750000    0.854852   -0.104852 (VIOLATED)
c735/A3                                 0.750000    0.854852   -0.104852 (VIOLATED)
c739/A3                                 0.750000    0.854852   -0.104852 (VIOLATED)
c741/SCE                                0.750000    0.854852   -0.104852 (VIOLATED)
c744/A0                                 0.750000    0.854852   -0.104852 (VIOLATED)
merge774/SCE                            0.750000    0.854852   -0.104852 (VIOLATED)
c233/Y                                  0.750000    0.844412   -0.094412 (VIOLATED)
c234/C1                                 0.750000    0.844412   -0.094412 (VIOLATED)
c235/A2                                 0.750000    0.844412   -0.094412 (VIOLATED)
c237/A0                                 0.750000    0.844412   -0.094412 (VIOLATED)
merge777/SCD                            0.750000    0.844412   -0.094412 (VIOLATED)
c670/Y                                  0.750000    0.833655   -0.083655 (VIOLATED)
c672/A2                                 0.750000    0.833655   -0.083655 (VIOLATED)
c676/A1                                 0.750000    0.833655   -0.083655 (VIOLATED)
c677/A2                                 0.750000    0.833655   -0.083655 (VIOLATED)
c684/B                                  0.750000    0.833655   -0.083655 (VIOLATED)
c685/B                                  0.750000    0.833655   -0.083655 (VIOLATED)
c688/D1                                 0.750000    0.833655   -0.083655 (VIOLATED)
c689/A1                                 0.750000    0.833655   -0.083655 (VIOLATED)
c692/A0                                 0.750000    0.833655   -0.083655 (VIOLATED)
c693/S0                                 0.750000    0.833655   -0.083655 (VIOLATED)
c694/S0                                 0.750000    0.833655   -0.083655 (VIOLATED)
c102/Y                                  0.750000    0.819342   -0.069342 (VIOLATED)
c103/A2                                 0.750000    0.819342   -0.069342 (VIOLATED)
c104/C                                  0.750000    0.819342   -0.069342 (VIOLATED)
c105/C                                  0.750000    0.819342   -0.069342 (VIOLATED)
c106/S0                                 0.750000    0.819342   -0.069342 (VIOLATED)
c107/S1                                 0.750000    0.819342   -0.069342 (VIOLATED)
c108/S1                                 0.750000    0.819342   -0.069342 (VIOLATED)
c109/A3                                 0.750000    0.819342   -0.069342 (VIOLATED)
c237/A2                                 0.750000    0.819342   -0.069342 (VIOLATED)
c371/A0                                 0.750000    0.819342   -0.069342 (VIOLATED)
out46                                   0.750000    0.784502   -0.034502 (VIOLATED)
c120/X                                  0.750000    0.784502   -0.034502 (VIOLATED)
c121/B                                  0.750000    0.784502   -0.034502 (VIOLATED)
c123/B                                  0.750000    0.784502   -0.034502 (VIOLATED)
c125/S0                                 0.750000    0.784502   -0.034502 (VIOLATED)
c126/S0                                 0.750000    0.784502   -0.034502 (VIOLATED)
c127/S1                                 0.750000    0.784502   -0.034502 (VIOLATED)
c244/A2                                 0.750000    0.784502   -0.034502 (VIOLATED)
c392/A2                                 0.750000    0.784502   -0.034502 (VIOLATED)
c135/Y                                  0.750000    0.758577   -0.008577 (VIOLATED)
c136/B                                  0.750000    0.758577   -0.008577 (VIOLATED)
c141/B_N                                0.750000    0.758577   -0.008577 (VIOLATED)
c269/D1                                 0.750000    0.758577   -0.008577 (VIOLATED)
c452/D                                  0.750000    0.758577   -0.008577 (VIOLATED)
c530/B                                  0.750000    0.758577   -0.008577 (VIOLATED)
c542/S1                                 0.750000    0.758577   -0.008577 (VIOLATED)
merge781/SET_B                          0.750000    0.758577   -0.008577 (VIOLATED)

max fanout

Pin                                   Limit Fanout  Slack
---------------------------------------------------------
c72/X                                    10     24    -14 (VIOLATED)
c403/Y                                   10     22    -12 (VIOLATED)
c469/Y                                   10     21    -11 (VIOLATED)
c194/X                                   10     19     -9 (VIOLATED)
in57                                     10     12     -2 (VIOLATED)
c153/X                                   10     12     -2 (VIOLATED)
c295/X                                   10     12     -2 (VIOLATED)
c448/X                                   10     12     -2 (VIOLATED)
in16                                     10     11        (VIOLATED)
in5                                      10     11        (VIOLATED)
c415/Y                                   10     11        (VIOLATED)
c672/X                                   10     11        (VIOLATED)
s832/Q                                   10     11        (VIOLATED)
s832/Q_N                                 10     11        (VIOLATED)
s861/Q                                   10     11        (VIOLATED)

max capacitance

Pin                                        Limit         Cap       Slack
------------------------------------------------------------------------
c403/Y                                  0.065012    0.092362   -0.027350 (VIOLATED)
c130/Y                                  0.015574    0.036677   -0.021103 (VIOLATED)
c181/Y                                  0.010081    0.025673   -0.015592 (VIOLATED)
c353/Y                                  0.027476    0.039028   -0.011552 (VIOLATED)



===========================================================================
report_parasitic_annotation -report_unannotated
============================================================================
Found 897 unannotated drivers.
 clk
 in0
 in1
 in10
 in11
 in12
 in13
 in14
 in15
 in16
 in17
 in18
 in19
 in2
 in20
 in21
 in22
 in23
 in24
 in25
 in26
 in27
 in28
 in29
 in3
 in30
 in31
 in32
 in33
 in34
 in35
 in36
 in37
 in38
 in39
 in4
 in40
 in41
 in42
 in43
 in44
 in45
 in46
 in47
 in48
 in49
 in5
 in50
 in51
 in52
 in53
 in54
 in55
 in56
 in57
 in58
 in59
 in6
 in60
 in61
 in7
 in8
 in9
 rst
 c100/Y
 c101/X
 c102/Y
 c103/X
 c104/Y
 c105/X
 c106/X
 c107/X
 c108/X
 c109/X
 c110/Y
 c111/X
 c112/Y
 c113/Y
 c114/X
 c115/Y
 c116/Y
 c117/Y
 c118/Y
 c119/Y
 c120/X
 c121/X
 c122/X
 c123/Y
 c124/X
 c125/X
 c126/X
 c127/X
 c128/X
 c129/X
 c130/Y
 c131/X
 c132/X
 c133/Y
 c134/X
 c135/Y
 c136/Y
 c137/Y
 c138/X
 c139/Y
 c140/X
 c141/X
 c142/Y
 c143/Y
 c144/Y
 c145/Y
 c146/X
 c147/X
 c148/X
 c149/Y
 c150/X
 c151/Y
 c152/X
 c153/X
 c154/Y
 c155/X
 c156/X
 c157/X
 c158/Y
 c159/Y
 c160/X
 c161/X
 c162/X
 c163/X
 c164/Y
 c165/X
 c166/X
 c167/X
 c168/X
 c169/Y
 c170/X
 c171/X
 c172/X
 c173/X
 c174/X
 c175/X
 c176/X
 c177/Y
 c178/X
 c179/X
 c180/X
 c181/Y
 c182/X
 c183/X
 c184/X
 c185/Y
 c186/X
 c187/X
 c188/Y
 c189/X
 c190/Y
 c191/X
 c192/Y
 c193/X
 c194/X
 c195/X
 c196/X
 c197/X
 c198/Y
 c199/X
 c200/X
 c201/Y
 c202/Y
 c203/X
 c204/X
 c205/X
 c206/Y
 c207/X
 c208/Y
 c209/X
 c210/X
 c211/X
 c212/X
 c213/Y
 c214/Y
 c215/X
 c216/X
 c217/X
 c218/X
 c219/X
 c220/Y
 c221/Y
 c222/Y
 c223/Y
 c224/Y
 c225/Y
 c226/Y
 c227/Y
 c228/X
 c229/X
 c230/X
 c231/Y
 c232/X
 c233/Y
 c234/Y
 c235/X
 c236/X
 c237/X
 c238/X
 c239/X
 c240/Y
 c241/X
 c242/X
 c243/X
 c244/X
 c245/X
 c246/Y
 c247/Y
 c248/Y
 c249/X
 c250/Q
 c250/Q_N
 c251/Y
 c252/X
 c253/Q
 c253/Q_N
 c254/Y
 c255/X
 c256/Y
 c257/Y
 c258/X
 c259/X
 c260/X
 c261/X
 c262/Q
 c263/X
 c264/X
 c265/Y
 c266/Y
 c267/Y
 c268/X
 c269/Y
 c270/X
 c271/X
 c272/X
 c273/X
 c274/Y
 c275/Y
 c276/Y
 c277/X
 c278/Y
 c279/Y
 c280/X
 c281/X
 c282/X
 c283/Y
 c284/Y
 c285/Y
 c286/X
 c287/X
 c288/X
 c289/X
 c290/Y
 c291/X
 c292/X
 c293/X
 c294/Y
 c295/X
 c296/Y
 c297/Y
 c298/X
 c299/X
 c300/X
 c301/X
 c302/X
 c303/Y
 c304/X
 c305/X
 c306/X
 c307/X
 c308/X
 c309/X
 c310/X
 c311/X
 c312/X
 c313/Y
 c314/Y
 c315/Y
 c316/Y
 c317/X
 c318/X
 c319/X
 c320/Y
 c321/X
 c322/X
 c323/X
 c324/X
 c325/X
 c326/X
 c327/X
 c328/Y
 c329/X
 c330/X
 c331/X
 c332/X
 c333/X
 c334/X
 c335/X
 c336/X
 c337/Q
 c337/Q_N
 c338/Y
 c339/X
 c340/X
 c341/X
 c342/X
 c343/X
 c344/X
 c345/X
 c346/Q
 c347/Y
 c348/X
 c349/X
 c350/Y
 c351/X
 c352/X
 c353/Y
 c354/Y
 c355/X
 c356/Q
 c356/Q_N
 c357/Q
 c358/X
 c359/Y
 c360/Q
 c360/Q_N
 c361/Q
 c362/X
 c363/X
 c364/Q
 c364/Q_N
 c365/X
 c366/Q
 c366/Q_N
 c367/X
 c368/Q
 c368/Q_N
 c369/Y
 c370/Q
 c370/Q_N
 c371/X
 c372/X
 c373/X
 c392/X
 c393/X
 c394/X
 c395/X
 c396/Y
 c397/X
 c398/Y
 c399/X
 c400/Y
 c401/Y
 c402/Y
 c403/Y
 c404/Y
 c405/Y
 c406/X
 c407/X
 c408/Y
 c409/X
 c410/X
 c411/Y
 c412/Y
 c413/Y
 c414/X
 c415/Y
 c416/X
 c417/X
 c418/X
 c419/X
 c420/Y
 c421/X
 c422/X
 c423/Y
 c424/X
 c425/Q
 c425/Q_N
 c426/X
 c427/Y
 c428/X
 c429/X
 c430/X
 c431/X
 c432/X
 c433/X
 c434/X
 c435/X
 c436/X
 c437/X
 c438/X
 c439/X
 c440/X
 c441/Y
 c442/Y
 c443/Y
 c444/X
 c445/Y
 c446/Y
 c447/Y
 c448/X
 c449/Y
 c450/X
 c451/Y
 c452/Q
 c452/Q_N
 c453/Y
 c454/X
 c455/X
 c456/X
 c457/Y
 c458/Y
 c459/X
 c460/X
 c461/X
 c462/X
 c463/X
 c464/X
 c465/Y
 c466/Y
 c467/Y
 c468/X
 c469/Y
 c470/X
 c471/X
 c472/Q
 c472/Q_N
 c473/Y
 c474/Y
 c475/X
 c476/X
 c477/Q
 c477/Q_N
 c478/X
 c479/Q
 c479/Q_N
 c480/Y
 c481/Q
 c481/Q_N
 c482/X
 c483/Q
 c483/Q_N
 c484/X
 c485/Y
 c486/Q
 c486/Q_N
 c487/Q
 c487/Q_N
 c488/X
 c489/Y
 c490/X
 c491/Q
 c492/X
 c493/Q
 c493/Q_N
 c494/X
 c495/X
 c496/X
 c497/X
 c498/X
 c499/X
 c500/Y
 c501/X
 c502/X
 c503/X
 c504/X
 c505/X
 c528/X
 c529/Y
 c530/Y
 c531/Y
 c532/X
 c533/X
 c534/Y
 c535/X
 c536/Y
 c537/X
 c538/X
 c539/X
 c540/X
 c541/X
 c542/X
 c543/X
 c544/X
 c545/Y
 c546/X
 c547/X
 c548/X
 c549/Y
 c550/X
 c551/Y
 c552/X
 c553/X
 c554/Y
 c555/X
 c556/Y
 c557/X
 c558/Y
 c559/Y
 c560/X
 c561/X
 c562/Q
 c562/Q_N
 c563/X
 c564/X
 c565/X
 c566/Y
 c567/Y
 c568/Q
 c569/Y
 c570/X
 c571/X
 c572/X
 c573/X
 c574/X
 c575/X
 c576/Y
 c577/X
 c578/X
 c579/Y
 c580/X
 c581/Y
 c582/Y
 c583/X
 c584/Y
 c585/X
 c586/Y
 c587/Y
 c588/X
 c589/X
 c590/X
 c591/X
 c592/Y
 c593/X
 c594/X
 c595/X
 c596/X
 c597/Y
 c598/X
 c599/Q
 c599/Q_N
 c600/X
 c601/X
 c602/X
 c603/X
 c604/X
 c605/X
 c606/X
 c607/X
 c608/Q
 c609/Y
 c610/X
 c611/Y
 c612/X
 c613/X
 c614/X
 c615/X
 c616/X
 c617/X
 c618/Q
 c618/Q_N
 c619/X
 c62/X
 c620/X
 c621/Y
 c622/X
 c623/X
 c624/X
 c625/X
 c626/X
 c627/X
 c628/X
 c629/X
 c63/X
 c630/X
 c631/X
 c632/X
 c633/Q
 c633/Q_N
 c634/X
 c635/X
 c636/X
 c637/X
 c64/X
 c65/X
 c66/Y
 c660/Y
 c661/Y
 c662/X
 c663/X
 c664/X
 c665/X
 c666/X
 c667/X
 c668/X
 c669/X
 c67/Y
 c670/Y
 c671/Y
 c672/X
 c673/X
 c674/X
 c675/X
 c676/X
 c677/X
 c678/Y
 c679/X
 c68/X
 c680/X
 c681/X
 c682/Y
 c683/X
 c684/X
 c685/Y
 c686/X
 c687/X
 c688/Y
 c689/X
 c69/X
 c690/X
 c691/Y
 c692/X
 c693/X
 c694/X
 c695/X
 c696/Y
 c697/X
 c698/X
 c699/X
 c70/X
 c700/X
 c701/Y
 c702/Y
 c703/X
 c704/X
 c705/X
 c706/X
 c707/X
 c708/Q
 c708/Q_N
 c709/Y
 c71/X
 c710/X
 c711/X
 c712/Q
 c712/Q_N
 c713/Y
 c714/Q
 c714/Q_N
 c715/X
 c716/Q
 c716/Q_N
 c717/X
 c718/Y
 c719/X
 c72/X
 c720/X
 c721/X
 c722/X
 c723/X
 c724/X
 c725/Q
 c725/Q_N
 c726/X
 c727/Y
 c728/X
 c729/X
 c73/Y
 c730/X
 c731/X
 c732/X
 c733/Y
 c734/X
 c735/X
 c736/Q
 c736/Q_N
 c737/X
 c738/Q
 c738/Q_N
 c739/X
 c74/X
 c740/Q
 c740/Q_N
 c741/Q
 c741/Q_N
 c742/Y
 c743/X
 c744/X
 c745/X
 c746/X
 c747/X
 c748/X
 c749/X
 c75/Y
 c750/X
 c751/X
 c752/X
 c753/X
 c754/X
 c755/X
 c756/X
 c757/X
 c758/X
 c759/X
 c76/Y
 c760/X
 c761/X
 c762/X
 c763/X
 c764/X
 c77/X
 c78/Y
 c79/X
 c80/X
 c81/X
 c82/Y
 c83/Y
 c84/X
 c85/Y
 c86/X
 c87/X
 c88/X
 c89/X
 c90/Y
 c91/X
 c92/Y
 c93/X
 c94/Y
 c95/X
 c96/X
 c97/Y
 c98/X
 c99/Y
 merge765/X
 merge766/Q
 merge767/Q
 merge768/X
 merge769/X
 merge770/Q
 merge770/Q_N
 merge771/Y
 merge772/X
 merge773/Y
 merge774/Q
 merge774/Q_N
 merge775/Y
 merge776/Q
 merge776/Q_N
 merge777/Q
 merge777/Q_N
 merge778/X
 merge779/X
 merge780/X
 merge781/Q
 merge781/Q_N
 merge782/X
 merge783/X
 merge784/Y
 merge785/Q
 merge785/Q_N
 merge786/Q
 merge786/Q_N
 merge787/Q
 merge788/Y
 merge789/Q
 merge790/Q
 merge791/X
 merge792/Q
 merge793/Q
 merge793/Q_N
 merge794/Q
 merge794/Q_N
 merge795/Q
 merge796/Q
 merge797/Q
 merge798/Q
 merge798/Q_N
 merge799/Q
 merge799/Q_N
 merge800/Q
 merge800/Q_N
 merge801/Q
 merge801/Q_N
 merge802/Q
 merge803/Q
 merge804/Q
 merge805/Q
 merge806/Q
 merge807/Q
 merge808/Q
 merge808/Q_N
 merge809/Q
 merge810/GCLK
 merge811/GCLK
 merge812/GCLK
 merge813/Q
 merge813/Q_N
 merge814/Q
 merge814/Q_N
 merge815/Q
 s816/Q
 s816/Q_N
 s817/Q
 s817/Q_N
 s818/Q
 s819/Q
 s820/Q
 s821/GCLK
 s822/GCLK
 s823/GCLK
 s824/Q
 s824/Q_N
 s825/Q
 s825/Q_N
 s826/Q
 s826/Q_N
 s827/Q
 s828/Q
 s829/Q
 s830/Q
 s831/Q
 s832/Q
 s832/Q_N
 s833/Q
 s833/Q_N
 s834/Q
 s835/Q
 s836/Q
 s837/GCLK
 s838/GCLK
 s839/GCLK
 s840/Q
 s840/Q_N
 s841/Q
 s841/Q_N
 s842/Q
 s842/Q_N
 s843/Q
 s844/Q
 s845/Q
 s846/Q
 s847/Q
 s848/Q
 s848/Q_N
 s849/Q
 s849/Q_N
 s850/Q
 s851/Q
 s852/Q
 s853/GCLK
 s854/GCLK
 s855/GCLK
 s856/Q
 s856/Q_N
 s857/Q
 s857/Q_N
 s858/Q
 s858/Q_N
 s859/Q
 s860/Q
 s861/Q
 s862/Q
 s863/Q
 s864/Q
 s864/Q_N
 s865/Q
 s865/Q_N
 s866/Q
 s867/Q
 s868/Q
 s869/GCLK
 s870/GCLK
 s871/GCLK
 s872/Q
 s872/Q_N
 s873/Q
 s873/Q_N
 s874/Q
 s874/Q_N
 s875/Q
 s876/Q
 s877/Q
 s878/Q
 s879/Q
 s880/Q
 s880/Q_N
 s881/Q
 s881/Q_N
 s882/Q
 s883/Q
 s884/Q
 s885/GCLK
 s886/GCLK
Found 0 partially unannotated drivers.

===========================================================================
max slew violation count 225
max fanout violation count 15
max cap violation count 4
============================================================================

===========================================================================
check_setup -verbose -unconstrained_endpoints -multiple_clock -no_clock -no_input_delay -loops -generated_clocks
===========================================================================
Warning: There are 6 unconstrained endpoints.
  out27
  out48
  out56
  out60
  merge790/D
  merge808/DE
