
===========================================================================
Violator List
============================================================================
[hold reg-reg] s887/Q -> c685/SET_B : -2.503234
[hold reg-reg] s903/Q -> c679/SET_B : -1.903055
[hold reg-reg] c198/Q -> c213/RESET_B : -1.245571
[hold reg-reg] s882/Q_N -> c240/SET_B : -1.114530
[hold reg-reg] merge789/Q -> c235/SET_B : -0.799558
[hold reg-reg] s899/Q -> merge863/RESET_B : -0.131808
[hold reg-reg] s886/Q -> merge834/RESET_B : -0.070668
[hold reg-reg] s955/Q -> merge861/RESET_B : -0.009221
[setup reg-reg] s929/Q -> merge856/DE : -9.352781
[setup reg-reg] s929/Q -> merge867/D : -9.344483
[setup reg-reg] s887/Q -> merge826/D : -9.101088
[setup in-reg] in21 -> s919/D : -9.084496
[setup in-reg] in21 -> c332/RESET_B : -9.072602
[setup in-reg] in21 -> merge854/RESET_B : -9.046924
[setup in-reg] in21 -> merge853/RESET_B : -8.860182
[setup in-reg] in21 -> merge823/RESET_B : -8.821758
[setup in-reg] in21 -> merge848/RESET_B : -8.710878
[setup in-reg] in21 -> merge855/D : -8.392714
[setup reg-reg] s929/Q -> s955/D : -8.265834
[setup in-reg] in21 -> s918/D : -8.227582
[setup in-reg] in21 -> merge848/D : -8.194849
[setup in-reg] in21 -> merge835/D : -8.039404
[setup in-reg] in21 -> merge847/D : -8.012535
[setup reg-reg] merge812/Q_N -> c213/RESET_B : -8.000012
[setup in-reg] in21 -> s887/D : -7.937473
[setup in-reg] in21 -> merge853/D : -7.930439
[setup in-reg] in21 -> s930/D : -7.880699
[setup in-reg] in21 -> s951/D : -7.813069
[setup in-reg] in21 -> c403/SCD : -7.798607
[setup in-reg] in21 -> c207/SCE : -7.775138
[setup in-reg] in21 -> c404/SCD : -7.742268
[setup in-reg] in21 -> c287/SCD : -7.682788
[setup in-reg] in21 -> s935/D : -7.673969
[setup in-reg] in21 -> s946/D : -7.591782
[setup in-reg] in21 -> merge823/D : -7.542447
[setup in-reg] in21 -> s950/D : -7.526438
[setup in-reg] in21 -> s914/D : -7.523203
[setup in-reg] in21 -> merge855/RESET_B : -7.496813
[setup in-reg] in21 -> merge863/RESET_B : -7.496519
[setup in-reg] in21 -> s898/D : -7.482750
[setup in-reg] in21 -> s882/D : -7.458984
[setup in-reg] in21 -> c693/SCE : -7.364754
[setup in-reg] in21 -> merge817/RESET_B : -7.351129
[setup in-reg] in21 -> merge819/D : -7.325119
[setup in-reg] in21 -> merge854/D : -7.316653
[setup in-reg] in21 -> merge826/RESET_B : -7.257730
[setup in-reg] in21 -> merge776/RESET_B : -7.216754
[setup in-reg] in21 -> s903/D : -7.196336
[setup in-reg] in21 -> c414/SCE : -7.131674
[setup in-reg] in21 -> merge835/RESET_B : -7.063559
[setup in-reg] in21 -> c291/RESET_B : -7.056890
[setup in-reg] in21 -> c427/SCE : -7.040574
[setup in-reg] in21 -> c679/SCE : -7.035316
[setup in-reg] in21 -> c670/SCE : -7.032246
[setup in-reg] in21 -> c412/SCE : -6.996229
[setup in-reg] in21 -> s902/D : -6.950824
[setup in-reg] in21 -> c437/SCD : -6.936006
[setup in-reg] in21 -> c422/SCD : -6.935055
[setup in-reg] in21 -> s934/D : -6.912566
[setup in-reg] in21 -> c685/D : -6.905396
[setup in-reg] in21 -> merge776/D : -6.813239
[setup in-reg] in21 -> merge825/RESET_B : -6.811573
[setup in-reg] in21 -> c414/D : -6.804407
[setup in-out] in21 -> out41 : -6.605736
[setup in-reg] in21 -> c204/D : -6.599271
[setup in-reg] in21 -> c422/RESET_B : -6.591949
[setup in-reg] in21 -> c437/D : -6.585651
[setup in-reg] in21 -> c553/SET_B : -6.576111
[setup in-reg] in21 -> c427/RESET_B : -6.545621
[setup in-reg] in21 -> merge819/RESET_B : -6.447953
[setup in-reg] in21 -> c553/RESET_B : -6.350085
[setup in-reg] in21 -> c207/SCD : -6.263429
[setup in-reg] in21 -> c412/RESET_B : -6.251502
[setup in-reg] in21 -> c414/RESET_B : -6.227975
[setup in-reg] in21 -> c235/SCE : -6.199756
[setup in-reg] in21 -> c324/D : -6.065907
[setup reg-reg] merge820/Q -> s944/D : -6.049908
[setup reg-reg] merge820/Q -> s948/D : -6.035326
[setup reg-reg] merge820/Q -> merge845/D : -6.031337
[setup in-out] in21 -> out11 : -6.020378
[setup in-reg] in21 -> c291/SCE : -5.989330
[setup in-reg] in21 -> c332/RESET_B : -5.947496
[setup reg-reg] merge820/Q -> s945/D : -5.934607
[setup in-reg] in21 -> c240/RESET_B : -5.871841
[setup in-out] in21 -> out8 : -5.819688
[setup in-reg] in21 -> c693/D : -5.719805
[setup reg-reg] merge852/Q -> merge829/D : -5.649578
[setup in-out] in21 -> out57 : -5.582475
[setup reg-reg] s913/Q -> merge857/D : -5.565654
[setup reg-reg] merge852/Q -> merge871/D : -5.527859
[setup in-reg] in21 -> c291/SET_B : -5.442214
[setup reg-reg] merge820/Q -> merge865/RESET_B : -5.441244
[setup reg-reg] merge820/Q -> merge861/RESET_B : -5.438063
[setup in-out] in21 -> out43 : -5.437558
[setup in-out] in21 -> out54 : -5.424387
[setup in-reg] in32 -> s886/D : -5.420208
[setup in-reg] in21 -> c404/RESET_B : -5.364837
[setup reg-reg] s913/Q -> merge867/SET_B : -5.358805
[setup in-out] in21 -> out22 : -5.340536
[setup in-reg] in21 -> c422/SCE : -5.322068
[setup in-reg] in21 -> c213/D : -5.319636
[setup reg-reg] merge852/Q -> s947/D : -5.291791
[setup in-reg] in32 -> c235/RESET_B : -5.274606
[setup reg-out] merge846/Q_N -> out61 : -5.272751
[setup reg-reg] merge852/Q -> merge866/RESET_B : -5.265399
[setup reg-reg] merge852/Q -> merge839/D : -5.232862
[setup in-out] in21 -> out27 : -5.186648
[setup in-out] in21 -> out10 : -5.182495
[setup reg-out] merge846/Q_N -> out7 : -5.177612
[setup in-out] in21 -> out53 : -5.074233
[setup reg-reg] merge852/Q -> merge850/D : -5.037849
[setup in-reg] in21 -> merge847/RESET_B : -4.988008
[setup reg-reg] merge820/Q -> s941/GATE : -4.963301
[setup reg-reg] merge852/Q -> s940/D : -4.919639
[setup reg-reg] merge852/Q -> merge842/D : -4.891940
[setup in-reg] in21 -> merge837/D : -4.886613
[setup reg-reg] merge852/Q -> merge862/RESET_B : -4.881165
[setup reg-reg] s913/Q -> merge822/D : -4.856015
[setup in-reg] in21 -> merge851/D : -4.844382
[setup reg-reg] s887/Q -> c679/D : -4.816148
[setup in-reg] in32 -> c122/D : -4.777807
[setup in-reg] in21 -> merge836/D : -4.738568
[setup reg-reg] s887/Q -> c685/RESET_B : -4.719419
[setup in-reg] in21 -> s920/D : -4.716085
[setup in-reg] in21 -> merge832/SCE : -4.689292
[setup in-reg] in21 -> s921/D : -4.688572
[setup in-reg] in32 -> merge863/D : -4.688404
[setup in-reg] in32 -> c213/RESET_B : -4.680817
[setup in-reg] in21 -> s917/D : -4.655589
[setup in-reg] in21 -> c332/SCE : -4.598685
[setup in-reg] in21 -> s900/D : -4.592402
[setup in-reg] in21 -> merge829/DE : -4.591542
[setup reg-out] merge846/Q_N -> out24 : -4.586349
[setup in-reg] in21 -> merge832/GATE : -4.583007
[setup reg-reg] s913/Q -> merge856/D : -4.577120
[setup in-reg] in21 -> s939/D : -4.513051
[setup reg-reg] s913/Q -> s952/D : -4.456836
[setup in-reg] in21 -> merge831/SCE : -4.454457
[setup reg-reg] s931/Q -> merge860/SCE : -4.427801
[setup reg-reg] s913/Q -> s954/D : -4.426694
[setup reg-reg] merge852/Q -> s936/D : -4.378532
[setup in-out] in21 -> out40 : -4.371222
[setup in-reg] in21 -> merge865/D : -4.362538
[setup in-reg] in21 -> s916/D : -4.357349
[setup in-reg] in21 -> s953/D : -4.316546
[setup in-reg] in21 -> merge860/GATE : -4.282758
[setup in-reg] in21 -> c213/SET_B : -4.259207
[setup in-reg] in21 -> s901/D : -4.258344
[setup in-reg] in21 -> s899/D : -4.221885
[setup in-reg] in32 -> c240/D : -4.213740
[setup in-reg] in21 -> s896/D : -4.200264
[setup in-reg] in21 -> s894/GATE : -4.181422
[setup in-reg] in21 -> s923/D : -4.166424
[setup in-reg] in32 -> c121/SCE : -4.129028
[setup in-out] in21 -> out21 : -4.120430
[setup in-reg] in21 -> s933/D : -4.117236
[setup in-out] in21 -> out39 : -4.116951
[setup in-out] in21 -> out36 : -4.114792
[setup in-reg] in32 -> c121/SET_B : -4.072383
[setup in-reg] in21 -> merge803/D : -4.049160
[setup reg-reg] merge846/Q_N -> merge859/GATE : -4.035517
[setup reg-out] s900/Q -> out15 : -3.997272
[setup in-reg] in21 -> s889/D : -3.988370
[setup in-reg] in21 -> s897/D : -3.964436
[setup in-reg] in21 -> merge773/D : -3.957994
[setup reg-out] s900/Q -> out3 : -3.954416
[setup in-reg] in21 -> merge830/GATE : -3.943114
[setup in-reg] in32 -> c235/SCD : -3.929529
[setup in-reg] in21 -> merge828/DE : -3.924644
[setup in-out] in21 -> out38 : -3.911455
[setup in-reg] in21 -> s912/D : -3.904230
[setup in-reg] in21 -> s931/D : -3.898244
[setup reg-reg] merge846/Q_N -> merge821/RESET_B : -3.897695
[setup in-reg] in21 -> s907/D : -3.882715
[setup in-reg] in21 -> s942/GATE : -3.878303
[setup in-reg] in21 -> merge812/D : -3.874898
[setup reg-out] merge812/Q_N -> out60 : -3.868121
[setup in-reg] in32 -> c204/RESET_B : -3.820393
[setup in-reg] in21 -> s926/GATE : -3.818951
[setup in-reg] in21 -> merge828/D : -3.816848
[setup reg-reg] merge846/Q_N -> merge821/D : -3.806723
[setup in-reg] in21 -> s943/GATE : -3.784577
[setup in-reg] in21 -> merge861/D : -3.778803
[setup in-reg] in21 -> s908/D : -3.766186
[setup in-reg] in21 -> merge833/D : -3.763071
[setup reg-reg] merge846/Q_N -> s885/D : -3.761301
[setup in-reg] in21 -> merge793/D : -3.761267
[setup in-reg] in21 -> s925/GATE : -3.756084
[setup in-reg] in21 -> s922/D : -3.751760
[setup in-reg] in21 -> s928/D : -3.743344
[setup in-reg] in21 -> c401/SCE : -3.742637
[setup in-reg] in21 -> merge839/SET_B : -3.710230
[setup in-reg] in21 -> c553/D : -3.677656
[setup in-reg] in21 -> s893/GATE : -3.660771
[setup in-reg] in21 -> s937/D : -3.650495
[setup in-reg] in21 -> merge822/RESET_B : -3.649795
[setup in-reg] in21 -> s879/GATE : -3.649554
[setup in-reg] in21 -> c399/SCD : -3.643388
[setup reg-out] s900/Q -> out14 : -3.638151
[setup in-reg] in21 -> s881/D : -3.633115
[setup in-reg] in21 -> s938/D : -3.608393
[setup in-reg] in21 -> merge868/D : -3.587466
[setup in-reg] in21 -> s949/D : -3.582795
[setup in-reg] in21 -> merge820/D : -3.552835
[setup in-reg] in21 -> c399/D : -3.544765
[setup reg-out] s933/Q -> out17 : -3.540450
[setup in-reg] in21 -> s924/D : -3.521888
[setup reg-reg] s887/Q -> c679/RESET_B : -3.515244
[setup in-reg] in21 -> s929/D : -3.505843
[setup in-reg] in21 -> s932/D : -3.499852
[setup reg-out] s896/Q -> out46 : -3.495620
[setup in-reg] in21 -> merge846/RESET_B : -3.494081
[setup reg-out] s883/Q -> out35 : -3.491583
[setup in-reg] in21 -> c409/RESET_B : -3.471339
[setup in-reg] in21 -> merge852/RESET_B : -3.466790
[setup in-reg] in21 -> merge841/D : -3.423437
[setup in-reg] in21 -> merge844/SET_B : -3.408421
[setup in-reg] in21 -> s913/D : -3.383124
[setup in-reg] in21 -> merge858/GATE : -3.381097
[setup in-reg] in21 -> merge841/SET_B : -3.371629
[setup in-reg] in21 -> s910/GATE : -3.362736
[setup in-reg] in21 -> merge795/SET_B : -3.360839
[setup in-reg] in21 -> s888/D : -3.337612
[setup in-reg] in21 -> merge775/D : -3.300199
[setup in-reg] in21 -> c277/D : -3.297782
[setup in-reg] in21 -> s927/GATE : -3.281821
[setup in-reg] in21 -> s895/GATE : -3.280908
[setup in-reg] in21 -> merge833/RESET_B : -3.256871
[setup in-reg] in21 -> merge838/D : -3.248408
[setup in-reg] in21 -> s906/D : -3.232546
[setup reg-out] s885/Q -> out31 : -3.201746
[setup in-reg] in21 -> merge859/SCE : -3.198522
[setup in-reg] in21 -> merge862/D : -3.185662
[setup reg-reg] s887/Q -> c685/SET_B : -3.183842
[setup in-reg] in21 -> merge868/SET_B : -3.173984
[setup in-reg] in21 -> c427/D : -3.151679
[setup reg-reg] merge846/Q_N -> merge834/RESET_B : -3.145156
[setup in-reg] in21 -> s905/D : -3.134721
[setup in-reg] in21 -> c403/SCE : -3.125993
[setup in-reg] in21 -> s904/D : -3.110899
[setup reg-reg] merge846/Q_N -> merge803/SET_B : -3.097067
[setup in-reg] in21 -> s911/GATE : -3.095479
[setup in-reg] in21 -> s915/D : -3.084798
[setup in-reg] in21 -> s890/D : -3.065866
[setup in-reg] in21 -> c277/SCD : -3.065115
[setup in-reg] in21 -> merge838/RESET_B : -3.062959
[setup in-reg] in21 -> merge814/D : -3.060125
[setup reg-reg] merge812/Q -> merge857/DE : -3.050246
[setup reg-reg] merge820/Q -> c682/D : -3.014797
[setup reg-out] merge851/Q -> out25 : -2.993367
[setup in-reg] in21 -> merge793/SET_B : -2.989203
[setup in-reg] in21 -> merge836/RESET_B : -2.987937
[setup reg-reg] merge852/Q -> merge820/RESET_B : -2.983992
[setup reg-out] merge846/Q_N -> out4 : -2.981761
[setup in-reg] in21 -> merge850/RESET_B : -2.974716
[setup in-reg] in21 -> c421/SCE : -2.957753
[setup reg-out] s883/Q -> out50 : -2.949970
[setup reg-out] s884/Q -> out45 : -2.934138
[setup reg-reg] s903/Q -> c679/SET_B : -2.904454
[setup reg-out] merge821/Q -> out1 : -2.903667
[setup in-reg] in21 -> merge870/SET_B : -2.888483
[setup in-reg] in21 -> merge852/D : -2.873919
[setup in-reg] in32 -> c122/RESET_B : -2.864764
[setup reg-reg] s882/Q_N -> c240/SET_B : -2.855744
[setup in-reg] in21 -> c421/SCD : -2.841844
[setup in-reg] in21 -> c682/RESET_B : -2.827875
[setup reg-reg] merge852/Q -> c555/D : -2.822782
[setup in-reg] in21 -> s875/D : -2.810681
[setup in-reg] in21 -> merge851/RESET_B : -2.805067
[setup in-reg] in21 -> merge837/RESET_B : -2.803829
[setup in-reg] in21 -> merge812/RESET_B : -2.803239
[setup in-reg] in21 -> c434/D : -2.797297
[setup in-reg] in21 -> s891/D : -2.787782
[setup in-reg] in21 -> merge864/RESET_B : -2.782977
[setup in-reg] in21 -> s876/D : -2.779428
[setup in-reg] in21 -> merge869/D : -2.778528
[setup in-reg] in21 -> merge842/SET_B : -2.735342
[setup in-reg] in21 -> merge808/D : -2.730902
[setup reg-reg] merge812/Q -> merge858/SCE : -2.726364
[setup in-reg] in21 -> c555/RESET_B : -2.721675
[setup in-reg] in21 -> merge870/D : -2.706651
[setup in-reg] in21 -> c303/SCD : -2.689436
[setup in-reg] in21 -> merge830/SCE : -2.677870
[setup reg-reg] merge812/Q -> s880/D : -2.665145
[setup reg-reg] merge852/Q -> merge845/RESET_B : -2.649474
[setup in-out] in21 -> out12 : -2.648460
[setup in-reg] in21 -> s877/GATE : -2.642309
[setup reg-reg] merge846/Q_N -> merge791/SET_B : -2.633755
[setup in-reg] in21 -> merge844/D : -2.631631
[setup in-reg] in21 -> c286/D : -2.604481
[setup in-reg] in21 -> merge846/D : -2.580734
[setup in-reg] in21 -> c668/SET_B : -2.568749
[setup in-reg] in21 -> merge775/RESET_B : -2.561784
[setup in-reg] in21 -> s892/D : -2.552893
[setup in-reg] in21 -> merge808/SET_B : -2.552415
[setup in-reg] in21 -> c409/D : -2.550606
[setup in-reg] in21 -> merge795/D : -2.542032
[setup in-reg] in21 -> merge869/SET_B : -2.538108
[setup in-reg] in21 -> c428/RESET_B : -2.481139
[setup in-reg] in21 -> c555/SET_B : -2.453470
[setup in-reg] in21 -> merge864/D : -2.453209
[setup in-reg] in21 -> s909/GATE : -2.417567
[setup in-reg] in21 -> s883/D : -2.384852
[setup in-reg] in21 -> c325/SCD : -2.340843
[setup reg-reg] merge812/Q -> merge789/D : -2.308712
[setup in-reg] in21 -> merge790/RESET_B : -2.243819
[setup in-reg] in21 -> c401/SCD : -2.242766
[setup in-reg] in21 -> c277/SCE : -2.213095
[setup reg-reg] merge852/Q -> c555/SCD : -2.204262
[setup in-reg] in21 -> c198/RESET_B : -2.113634
[setup in-reg] in21 -> c409/SCE : -2.087144
[setup reg-reg] s887/Q -> c685/SCD : -2.001348
[setup in-reg] in21 -> c277/RESET_B : -1.955210
[setup in-reg] in21 -> merge789/RESET_B : -1.938313
[setup in-reg] in21 -> c409/SET_B : -1.899551
[setup in-out] in32 -> out48 : -1.865264
[setup in-reg] in32 -> c121/D : -1.861147
[setup reg-reg] merge812/Q_N -> s878/GATE : -1.837877
[setup reg-reg] merge812/Q -> c229/SCE : -1.824429
[setup reg-reg] merge812/Q -> merge843/SET_B : -1.824381
[setup in-reg] in21 -> c427/SET_B : -1.819698
[setup in-reg] in21 -> c325/RESET_B : -1.797948
[setup reg-reg] merge812/Q_N -> merge843/D : -1.784523
[setup in-reg] in21 -> c287/SCE : -1.760216
[setup reg-reg] merge812/Q_N -> s873/D : -1.726991
[setup reg-reg] merge812/Q_N -> s872/D : -1.725504
[setup reg-reg] merge812/Q_N -> s884/D : -1.717878
[setup reg-reg] merge812/Q_N -> merge787/D : -1.709678
[setup reg-reg] merge812/Q_N -> merge814/RESET_B : -1.648179
[setup in-reg] in32 -> c121/SCD : -1.561383
[setup in-reg] in21 -> c325/D : -1.542230
[setup in-reg] in21 -> c428/D : -1.485033
[setup in-reg] in21 -> c213/SCE : -1.457297
[setup reg-reg] merge812/Q_N -> s874/D : -1.388693
[setup reg-reg] merge812/Q_N -> c120/SCD : -1.173292
[setup reg-reg] merge812/Q_N -> c124/D : -1.165756
[setup in-reg] in21 -> c324/SCD : -1.160280
[setup reg-reg] merge812/Q_N -> c120/SCE : -1.064305
[setup in-out] in32 -> out49 : -1.056543
[setup reg-reg] merge812/Q_N -> c124/RESET_B : -1.053743
[setup reg-reg] merge812/Q_N -> merge787/RESET_B : -1.011723
[setup reg-reg] merge846/Q_N -> c232/SCE : -0.923910
[setup in-reg] in32 -> c229/D : -0.801808
[setup reg-reg] s929/Q -> c668/SCD : -0.721779
[setup in-reg] in21 -> c428/SET_B : -0.721597
[setup in-reg] in32 -> c232/D : -0.719716
[setup reg-reg] merge789/Q -> c235/SET_B : -0.690505
[setup reg-reg] merge812/Q_N -> c229/SCD : -0.686202
[setup reg-reg] s887/Q -> c685/SET_B : -0.586429
[setup in-reg] in32 -> c204/SET_B : -0.578226
[setup reg-reg] s882/Q_N -> c240/SET_B : -0.478298
[setup reg-reg] merge847/Q -> c437/RESET_B : -0.414316
[setup reg-reg] merge847/Q -> c422/SET_B : -0.293328
[setup reg-reg] s903/Q -> c679/SET_B : -0.228740
[setup reg-reg] s902/Q -> c414/SET_B : -0.184845
[setup reg-reg] merge819/Q -> c437/SET_B : -0.173381
[setup in-out] in32 -> out6 : -0.134870
