
===========================================================================
Violator List
============================================================================
[hold reg-reg] c589/Q -> c609/RESET_B : -1.832241
[hold in-reg] clk -> c359/SET_B : -0.886439
[hold reg-reg] merge832/Q -> c257/RESET_B : -0.251876
[hold in-reg] clk -> c262/SET_B : -0.233124
[hold reg-reg] s921/Q_N -> c262/RESET_B : -0.098515
[setup reg-reg] s930/Q_N -> c707/RESET_B : -8.238543
[setup reg-reg] merge905/Q -> c609/RESET_B : -6.715066
[setup in-reg] in42 -> c257/RESET_B : -5.895906
[setup in-reg] in42 -> c262/RESET_B : -5.864407
[setup reg-reg] merge838/Q -> c359/RESET_B : -5.365666
[setup reg-out] s930/Q_N -> out25 : -5.353590
[setup reg-reg] merge913/Q -> merge874/D : -5.046866
[setup reg-out] s930/Q_N -> out12 : -4.923694
[setup reg-reg] merge913/Q -> merge907/RESET_B : -4.719330
[setup in-reg] in4 -> merge907/D : -4.267970
[setup reg-reg] merge878/Q -> s947/D : -4.208244
[setup reg-out] s930/Q -> out48 : -4.045631
[setup in-reg] in8 -> s936/D : -4.025775
[setup in-reg] in4 -> merge894/RESET_B : -4.017995
[setup reg-out] s934/Q -> out29 : -4.006577
[setup in-reg] in42 -> merge906/RESET_B : -3.873098
[setup reg-reg] merge913/Q -> s951/D : -3.846568
[setup in-reg] in4 -> s935/D : -3.794555
[setup in-reg] in8 -> merge879/D : -3.731824
[setup in-reg] in8 -> c241/SCD : -3.614975
[setup reg-out] s930/Q -> out45 : -3.558728
[setup in-reg] in8 -> merge880/RESET_B : -3.538874
[setup reg-out] s930/Q -> out58 : -3.487416
[setup reg-reg] s930/Q_N -> merge881/D : -3.474561
[setup reg-reg] merge878/Q -> merge912/RESET_B : -3.472643
[setup in-reg] in8 -> c707/SCD : -3.469584
[setup in-reg] in42 -> c257/D : -3.462921
[setup in-reg] in4 -> merge879/RESET_B : -3.362665
[setup in-reg] in4 -> merge894/D : -3.356075
[setup in-reg] in8 -> c469/D : -3.320629
[setup reg-out] s930/Q -> out56 : -3.301445
[setup reg-reg] s930/Q_N -> merge898/D : -3.277827
[setup in-reg] in4 -> merge912/D : -3.246004
[setup in-reg] in8 -> c333/SCD : -3.217804
[setup in-reg] in8 -> c609/SCE : -3.135334
[setup reg-reg] s930/Q_N -> merge887/SCE : -3.122501
[setup reg-reg] merge874/Q -> c609/SET_B : -3.120112
[setup reg-reg] s930/Q_N -> merge895/RESET_B : -3.107914
[setup in-reg] in4 -> merge878/D : -3.106201
[setup reg-reg] s930/Q_N -> merge876/D : -3.095956
[setup in-reg] in4 -> merge873/RESET_B : -3.076750
[setup in-reg] in8 -> c359/D : -3.055850
[setup in-reg] in4 -> c420/SCE : -3.048990
[setup in-reg] in8 -> c610/SCD : -3.043307
[setup in-reg] in4 -> merge878/RESET_B : -3.032722
[setup in-reg] in4 -> merge874/RESET_B : -3.022363
[setup reg-reg] s930/Q_N -> merge914/DE : -3.022178
[setup in-reg] in4 -> s931/D : -2.999497
[setup in-reg] in4 -> merge906/D : -2.975789
[setup in-reg] in4 -> merge911/D : -2.969764
[setup in-reg] in4 -> merge873/D : -2.943462
[setup in-reg] in4 -> merge911/RESET_B : -2.886048
[setup in-reg] in4 -> merge913/D : -2.850907
[setup in-reg] in4 -> c580/SCE : -2.838093
[setup in-reg] in8 -> c469/SET_B : -2.830488
[setup reg-out] merge877/Q -> out50 : -2.806708
[setup reg-reg] s930/Q_N -> merge908/D : -2.799033
[setup reg-reg] s930/Q_N -> merge893/D : -2.792663
[setup in-reg] in4 -> c709/SCE : -2.787757
[setup in-reg] in8 -> c333/SCE : -2.786511
[setup in-reg] in4 -> merge913/RESET_B : -2.746517
[setup reg-reg] s930/Q_N -> merge896/RESET_B : -2.715076
[setup reg-reg] s930/Q -> merge904/RESET_B : -2.700602
[setup in-reg] in4 -> c305/D : -2.695251
[setup in-reg] in4 -> merge838/D : -2.673643
[setup in-reg] in42 -> c241/D : -2.664862
[setup reg-reg] merge877/Q -> merge875/RESET_B : -2.652335
[setup in-reg] in42 -> c257/RESET_B : -2.625606
[setup in-reg] in4 -> c420/RESET_B : -2.611012
[setup reg-out] merge875/Q -> out54 : -2.609936
[setup in-reg] in4 -> c709/RESET_B : -2.601962
[setup reg-reg] s930/Q -> s939/D : -2.541700
[setup in-reg] in8 -> c359/SCD : -2.539114
[setup reg-out] merge875/Q -> out31 : -2.535587
[setup reg-reg] s930/Q -> merge903/SET_B : -2.535455
[setup reg-reg] s930/Q -> s937/D : -2.492771
[setup in-reg] in4 -> c305/SCE : -2.474906
[setup in-reg] in8 -> c333/RESET_B : -2.464642
[setup reg-reg] s930/Q_N -> merge909/D : -2.451528
[setup reg-reg] s930/Q -> merge887/GATE : -2.448243
[setup in-reg] in4 -> c297/RESET_B : -2.411262
[setup in-reg] in4 -> c414/RESET_B : -2.328665
[setup in-reg] in4 -> c469/RESET_B : -2.303934
[setup reg-reg] s930/Q_N -> s949/D : -2.254636
[setup reg-reg] s934/Q -> s946/D : -2.247064
[setup reg-reg] s934/Q -> s945/D : -2.242965
[setup reg-reg] s930/Q -> merge864/D : -2.218955
[setup reg-reg] merge871/Q -> merge855/D : -2.199773
[setup reg-reg] s930/Q_N -> s938/D : -2.187168
[setup in-reg] in4 -> merge838/RESET_B : -2.177544
[setup reg-reg] merge905/Q_N -> merge896/D : -2.157917
[setup reg-reg] s934/Q -> s948/D : -2.155551
[setup in-reg] in4 -> c609/RESET_B : -2.151873
[setup in-reg] in8 -> c241/RESET_B : -2.151055
[setup reg-reg] merge905/Q_N -> merge916/GATE : -2.098005
[setup reg-reg] s930/Q -> merge867/D : -2.092864
[setup reg-reg] s930/Q_N -> merge910/RESET_B : -2.089861
[setup reg-reg] merge905/Q_N -> merge881/DE : -2.053464
[setup in-out] in42 -> out14 : -2.038926
[setup reg-reg] merge905/Q_N -> merge854/D : -2.026306
[setup reg-reg] merge871/Q -> merge920/RESET_B : -1.965456
[setup reg-reg] merge870/Q -> merge919/RESET_B : -1.954853
[setup reg-reg] merge905/Q_N -> s941/D : -1.921639
[setup reg-reg] s930/Q -> merge899/SET_B : -1.915711
[setup reg-reg] merge905/Q_N -> s950/D : -1.881258
[setup reg-reg] merge913/Q -> c359/RESET_B : -1.868175
[setup reg-reg] merge905/Q_N -> s943/GATE : -1.850319
[setup reg-reg] s930/Q_N -> c616/SET_B : -1.808750
[setup reg-reg] s930/Q -> merge884/SCE : -1.774535
[setup in-reg] in4 -> c305/RESET_B : -1.771224
[setup in-reg] in4 -> c420/SCD : -1.733590
[setup in-reg] in8 -> c709/SCD : -1.718796
[setup in-reg] in4 -> c707/RESET_B : -1.689312
[setup reg-reg] s930/Q_N -> c616/D : -1.632370
[setup in-reg] in4 -> c610/D : -1.630835
[setup reg-reg] merge905/Q_N -> c598/SCE : -1.630615
[setup reg-reg] merge874/Q -> c333/D : -1.594929
[setup in-out] in42 -> out57 : -1.592934
[setup in-reg] in4 -> c609/SCD : -1.568875
[setup reg-reg] s933/Q -> merge869/D : -1.562736
[setup in-reg] in4 -> c432/RESET_B : -1.554942
[setup reg-reg] s930/Q -> merge877/D : -1.523473
[setup reg-reg] merge905/Q_N -> merge919/D : -1.516318
[setup reg-reg] merge905/Q_N -> c589/D : -1.491795
[setup reg-reg] merge909/Q -> merge914/D : -1.479449
[setup reg-reg] merge905/Q_N -> c731/SCE : -1.476824
[setup reg-reg] merge877/Q -> merge915/DE : -1.471848
[setup reg-reg] merge871/Q -> merge900/D : -1.431960
[setup reg-reg] s930/Q_N -> merge890/D : -1.423128
[setup reg-reg] s934/Q -> merge869/SET_B : -1.387992
[setup in-out] in8 -> out15 : -1.385958
[setup reg-reg] s930/Q_N -> merge864/SET_B : -1.368108
[setup reg-reg] s934/Q -> c584/SCD : -1.322337
[setup reg-reg] s930/Q_N -> s934/D : -1.307030
[setup reg-reg] merge905/Q -> s942/GATE : -1.286306
[setup reg-reg] s934/Q -> c578/D : -1.229385
[setup in-reg] in8 -> c610/SET_B : -1.227960
[setup reg-reg] s930/Q_N -> merge867/SET_B : -1.205455
[setup in-out] in4 -> out10 : -1.186209
[setup reg-reg] merge910/Q -> c584/SCE : -1.181742
[setup reg-reg] merge910/Q -> merge918/GATE : -1.178467
[setup reg-reg] merge910/Q -> c731/SCD : -1.176575
[setup reg-reg] s930/Q_N -> c737/SCE : -1.170072
[setup reg-reg] merge871/Q_N -> merge920/D : -1.166408
[setup reg-reg] s930/Q_N -> merge890/RESET_B : -1.162374
[setup reg-reg] merge910/Q -> merge895/D : -1.125828
[setup reg-reg] s930/Q_N -> merge839/D : -1.117162
[setup reg-reg] merge905/Q_N -> merge870/RESET_B : -1.112269
[setup reg-reg] merge909/Q -> c598/D : -1.098857
[setup in-out] in4 -> out18 : -1.045791
[setup reg-reg] merge871/Q_N -> c334/SCD : -1.038704
[setup in-reg] in4 -> c297/D : -1.031113
[setup reg-reg] merge877/Q -> s930/D : -1.022372
[setup reg-reg] merge873/Q -> c432/SCD : -0.977218
[setup reg-reg] s934/Q -> merge870/D : -0.976891
[setup reg-reg] merge871/Q -> merge902/D : -0.968535
[setup reg-reg] s948/Q -> merge908/RESET_B : -0.924135
[setup reg-reg] merge910/Q -> merge901/SET_B : -0.921773
[setup reg-reg] s948/Q -> c731/D : -0.910069
[setup reg-reg] s948/Q -> merge866/D : -0.905402
[setup in-out] in4 -> out33 : -0.902939
[setup reg-reg] s930/Q -> merge893/RESET_B : -0.902388
[setup reg-reg] s929/Q_N -> s944/GATE : -0.862025
[setup reg-reg] s929/Q -> merge904/D : -0.835149
[setup reg-reg] merge871/Q -> merge871/D : -0.827119
[setup reg-reg] s948/Q -> c737/RESET_B : -0.824045
[setup reg-reg] s933/Q -> merge877/RESET_B : -0.813821
[setup in-out] in4 -> out39 : -0.811974
[setup reg-reg] merge871/Q -> c262/D : -0.793042
[setup reg-reg] s929/Q -> merge889/SCE : -0.788694
[setup reg-reg] merge877/Q -> c598/RESET_B : -0.775693
[setup reg-reg] merge871/Q_N -> merge857/D : -0.771945
[setup reg-reg] merge871/Q_N -> c334/D : -0.767468
[setup in-reg] in33 -> c737/SET_B : -0.758339
[setup reg-reg] s932/Q -> s933/D : -0.720924
[setup reg-reg] merge913/Q -> c305/SCD : -0.707523
[setup reg-reg] s930/Q_N -> merge876/RESET_B : -0.675064
[setup reg-reg] merge870/Q_N -> merge909/RESET_B : -0.633986
[setup reg-reg] merge873/Q -> c420/D : -0.628910
[setup reg-out] c420/Q_N -> out32 : -0.600080
[setup reg-reg] s929/Q -> s940/D : -0.599468
[setup reg-reg] merge873/Q -> c420/SET_B : -0.583780
[setup reg-reg] merge873/Q_N -> c432/D : -0.545519
[setup reg-reg] merge875/Q -> merge916/SCE : -0.545218
[setup reg-reg] s929/Q_N -> merge917/GATE : -0.541706
[setup reg-reg] merge904/Q -> merge917/SCE : -0.510536
[setup reg-reg] merge871/Q_N -> merge898/RESET_B : -0.496827
[setup reg-reg] s929/Q -> merge901/D : -0.479273
[setup reg-reg] s929/Q -> merge905/D : -0.424568
[setup reg-reg] s929/Q_N -> merge830/D : -0.401431
[setup reg-reg] s929/Q -> s932/D : -0.382610
[setup reg-reg] s931/Q_N -> c414/SET_B : -0.353796
[setup reg-out] merge878/Q -> out4 : -0.312742
[setup reg-reg] merge877/Q -> c589/RESET_B : -0.304027
[setup reg-reg] s929/Q -> merge910/D : -0.301405
[setup in-reg] clk -> c262/SET_B : -0.299264
[setup reg-reg] merge913/Q -> c333/SET_B : -0.265710
[setup reg-reg] merge913/Q -> c305/SET_B : -0.261392
[setup reg-reg] s929/Q_N -> c737/D : -0.249420
[setup reg-reg] s933/Q -> c462/SET_B : -0.239003
[setup in-out] in4 -> out8 : -0.238818
[setup in-reg] in42 -> merge832/RESET_B : -0.229123
[setup reg-out] merge838/Q -> out43 : -0.228225
[setup in-out] in4 -> out7 : -0.160179
[setup reg-reg] s929/Q_N -> merge854/RESET_B : -0.149524
[setup reg-reg] s929/Q -> c686/SCE : -0.062372
[setup in-reg] in8 -> merge875/D : 0.000000
[setup in-reg] in4 -> s929/D : 0.000000
