
===========================================================================
Violator List
============================================================================
[hold reg-reg] c589/Q -> c609/RESET_B : -1.193379
[hold in-reg] clk -> c359/SET_B : -0.648117
[hold reg-reg] merge832/Q -> c257/RESET_B : -0.242414
[hold in-reg] clk -> c262/SET_B : -0.205057
[hold reg-reg] s921/Q_N -> c262/RESET_B : -0.133591
[hold in-reg] clk -> c262/SET_B : -0.044206
[setup reg-reg] s930/Q_N -> c707/RESET_B : -7.989986
[setup reg-reg] merge905/Q -> c609/RESET_B : -5.299160
[setup reg-reg] merge838/Q -> c359/RESET_B : -4.956409
[setup in-reg] clk -> c262/RESET_B : -4.205057
[setup in-reg] in42 -> c257/RESET_B : -4.165864
[setup reg-out] s930/Q_N -> out25 : -4.117236
[setup reg-out] s930/Q_N -> out12 : -3.789892
[setup reg-reg] merge913/Q -> merge874/D : -3.316003
[setup reg-out] s930/Q -> out48 : -3.240651
[setup reg-out] s934/Q -> out29 : -3.135686
[setup reg-reg] merge913/Q -> merge907/RESET_B : -3.040040
[setup reg-out] s930/Q -> out45 : -2.983297
[setup reg-out] s930/Q -> out58 : -2.851355
[setup reg-out] s930/Q -> out56 : -2.796803
[setup reg-reg] merge878/Q -> s947/D : -2.742369
[setup reg-reg] merge913/Q -> s951/D : -2.542086
[setup reg-out] merge877/Q -> out50 : -2.458673
[setup reg-reg] merge878/Q -> merge912/RESET_B : -2.311871
[setup reg-reg] merge911/Q -> merge907/D : -2.224994
[setup reg-reg] s930/Q_N -> merge881/D : -2.173277
[setup reg-reg] merge913/Q -> merge906/RESET_B : -2.142411
[setup reg-reg] merge911/Q -> merge894/RESET_B : -2.122919
[setup reg-reg] s930/Q_N -> merge898/D : -2.051391
[setup reg-reg] s930/Q_N -> merge876/D : -2.012239
[setup reg-reg] merge874/Q -> c609/SET_B : -1.983345
[setup reg-reg] s930/Q_N -> merge895/RESET_B : -1.953804
[setup in-reg] in8 -> s936/D : -1.878349
[setup reg-reg] merge877/Q -> merge887/SCE : -1.852351
[setup reg-reg] s930/Q_N -> merge893/D : -1.774808
[setup reg-reg] s930/Q_N -> merge896/RESET_B : -1.727849
[setup reg-reg] s930/Q -> merge904/RESET_B : -1.714462
[setup in-reg] in8 -> merge879/D : -1.681042
[setup reg-reg] s930/Q_N -> merge914/DE : -1.654500
[setup reg-reg] merge877/Q -> merge875/RESET_B : -1.650450
[setup in-reg] in4 -> s935/D : -1.604262
[setup reg-reg] s930/Q -> merge903/SET_B : -1.604238
[setup reg-reg] s930/Q -> s939/D : -1.589528
[setup reg-reg] s930/Q_N -> merge908/D : -1.557634
[setup in-reg] in8 -> c241/SCD : -1.557452
[setup in-reg] in8 -> merge880/RESET_B : -1.542537
[setup reg-reg] s931/Q -> merge912/D : -1.537789
[setup in-reg] in8 -> c707/SCD : -1.535943
[setup reg-reg] s930/Q -> s937/D : -1.535456
[setup reg-reg] s930/Q -> merge887/GATE : -1.458504
[setup reg-reg] s931/Q -> merge873/RESET_B : -1.456841
[setup reg-reg] s931/Q -> merge879/RESET_B : -1.454190
[setup reg-reg] s931/Q -> merge878/D : -1.438695
[setup in-reg] in8 -> c469/D : -1.418336
[setup reg-reg] s930/Q_N -> merge909/D : -1.418121
[setup reg-reg] s931/Q -> merge878/RESET_B : -1.408263
[setup reg-reg] s930/Q_N -> s949/D : -1.404739
[setup reg-reg] s934/Q -> s946/D : -1.388425
[setup reg-reg] s934/Q -> s945/D : -1.385976
[setup reg-reg] merge874/Q -> merge911/D : -1.373913
[setup reg-reg] s930/Q -> merge864/D : -1.372899
[setup reg-reg] s930/Q_N -> s938/D : -1.366484
[setup in-reg] in8 -> c333/SCD : -1.359068
[setup reg-reg] s934/Q -> s948/D : -1.344737
[setup reg-reg] merge871/Q -> merge855/D : -1.342561
[setup reg-reg] s930/Q -> merge867/D : -1.339600
[setup reg-reg] s930/Q_N -> merge910/RESET_B : -1.292388
[setup reg-reg] merge871/Q -> merge920/RESET_B : -1.284241
[setup in-reg] in4 -> merge894/D : -1.280817
[setup reg-reg] s930/Q -> merge899/SET_B : -1.263351
[setup in-reg] in8 -> c610/SCD : -1.260209
[setup reg-reg] merge913/Q -> c359/RESET_B : -1.258673
[setup in-reg] in8 -> c609/SCE : -1.246537
[setup reg-reg] s930/Q -> merge884/SCE : -1.194755
[setup reg-reg] merge870/Q -> merge919/RESET_B : -1.191524
[setup in-reg] in4 -> s931/D : -1.190770
[setup reg-reg] merge879/Q -> merge911/RESET_B : -1.187730
[setup in-reg] in4 -> merge873/D : -1.143322
[setup in-reg] in4 -> merge906/D : -1.139455
[setup reg-reg] merge911/Q -> c469/RESET_B : -1.137604
[setup in-reg] in8 -> c469/SET_B : -1.137122
[setup in-reg] in8 -> c359/D : -1.135859
[setup in-reg] in4 -> c420/SCE : -1.128522
[setup in-reg] in4 -> merge874/RESET_B : -1.120288
[setup in-reg] in42 -> c257/D : -1.118607
[setup in-reg] in33 -> c737/SET_B : -1.046526
[setup reg-reg] merge879/Q -> c580/SCE : -1.039461
[setup in-reg] in4 -> merge913/D : -1.022919
[setup reg-reg] merge874/Q -> c333/D : -1.021458
[setup in-reg] in4 -> c709/SCE : -0.994780
[setup reg-reg] s930/Q_N -> c616/SET_B : -0.991712
[setup reg-reg] merge879/Q -> c709/RESET_B : -0.987110
[setup in-reg] in4 -> merge913/RESET_B : -0.979979
[setup in-reg] in8 -> c359/SCD : -0.978194
[setup reg-reg] s934/Q -> merge869/SET_B : -0.950804
[setup in-reg] in4 -> c420/RESET_B : -0.949017
[setup in-reg] in8 -> c333/SCE : -0.944393
[setup in-reg] in4 -> merge838/D : -0.937884
[setup in-reg] in8 -> c333/RESET_B : -0.937519
[setup reg-reg] merge909/Q -> merge914/D : -0.923647
[setup reg-reg] merge871/Q -> merge900/D : -0.923299
[setup reg-reg] s930/Q_N -> merge896/D : -0.904724
[setup in-reg] in4 -> c305/D : -0.904599
[setup reg-reg] s930/Q -> merge877/D : -0.902212
[setup reg-reg] s930/Q_N -> merge864/SET_B : -0.874143
[setup reg-reg] s930/Q_N -> c616/D : -0.858566
[setup reg-reg] merge877/Q -> merge915/DE : -0.857809
[setup reg-reg] s930/Q_N -> merge890/D : -0.839714
[setup reg-reg] s934/Q -> merge869/D : -0.817478
[setup reg-reg] merge911/Q -> c707/RESET_B : -0.802475
[setup reg-reg] merge909/Q -> s942/GATE : -0.787672
[setup in-reg] in4 -> c297/RESET_B : -0.779182
[setup reg-reg] s930/Q_N -> merge890/RESET_B : -0.775879
[setup reg-reg] s934/Q -> c584/SCD : -0.769902
[setup reg-reg] merge871/Q_N -> merge920/D : -0.752454
[setup in-reg] in4 -> c305/SCE : -0.739067
[setup reg-reg] s930/Q_N -> merge867/SET_B : -0.722664
[setup reg-reg] s930/Q_N -> s934/D : -0.719615
[setup in-reg] in4 -> c414/RESET_B : -0.719390
[setup reg-reg] s934/Q -> c578/D : -0.715895
[setup reg-reg] s934/Q -> merge918/GATE : -0.708464
[setup reg-reg] merge873/Q -> c432/RESET_B : -0.707414
[setup reg-reg] merge909/Q -> c598/D : -0.697778
[setup in-reg] in8 -> c241/RESET_B : -0.695605
[setup reg-reg] s934/Q -> c584/SCE : -0.687280
[setup reg-reg] merge912/Q -> c609/RESET_B : -0.679349
[setup reg-reg] s934/Q -> c731/SCD : -0.679252
[setup in-reg] in42 -> c257/RESET_B : -0.674297
[setup reg-reg] s934/Q -> merge895/D : -0.670384
[setup reg-reg] merge877/Q -> s930/D : -0.645499
[setup reg-reg] s934/Q -> merge870/D : -0.645191
[setup in-reg] in42 -> c241/D : -0.635450
[setup in-reg] in4 -> merge838/RESET_B : -0.630859
[setup reg-reg] merge871/Q_N -> c334/SCD : -0.627454
[setup reg-reg] merge871/Q -> merge902/D : -0.620574
[setup reg-reg] s948/Q -> merge908/RESET_B : -0.615798
[setup reg-reg] merge873/Q -> c432/SCD : -0.610360
[setup reg-reg] s930/Q -> merge893/RESET_B : -0.605962
[setup reg-reg] s930/Q_N -> merge839/D : -0.584415
[setup reg-reg] s948/Q -> merge866/D : -0.581887
[setup reg-reg] s930/Q_N -> c737/SCE : -0.569162
[setup reg-reg] s948/Q -> c731/D : -0.564024
[setup reg-reg] s948/Q -> c737/RESET_B : -0.562931
[setup reg-reg] s934/Q -> s943/GATE : -0.562112
[setup reg-reg] merge871/Q -> merge871/D : -0.545263
[setup reg-reg] merge877/Q -> c598/RESET_B : -0.545198
[setup reg-reg] s934/Q -> merge901/SET_B : -0.539681
[setup reg-reg] s934/Q -> merge877/RESET_B : -0.517003
[setup reg-reg] merge871/Q_N -> merge857/D : -0.496350
[setup reg-reg] merge871/Q -> c262/D : -0.495826
[setup reg-reg] s930/Q_N -> merge876/RESET_B : -0.467479
[setup reg-reg] merge871/Q_N -> c334/D : -0.461145
[setup reg-reg] merge913/Q -> c305/SCD : -0.442034
[setup in-reg] in8 -> c709/SCD : -0.426490
[setup reg-reg] merge873/Q -> c420/SET_B : -0.400887
[setup reg-reg] merge913/Q -> c305/RESET_B : -0.393956
[setup reg-reg] merge870/Q_N -> merge909/RESET_B : -0.388258
[setup reg-reg] merge871/Q_N -> merge898/RESET_B : -0.364384
[setup reg-reg] merge873/Q -> c420/D : -0.359622
[setup reg-reg] merge873/Q_N -> c432/D : -0.336451
[setup in-reg] in4 -> c420/SCD : -0.304355
[setup reg-reg] merge870/Q_N -> merge870/RESET_B : -0.296429
[setup in-reg] clk -> c262/SET_B : -0.285980
[setup reg-reg] s931/Q_N -> c414/SET_B : -0.264003
[setup reg-reg] merge877/Q -> c589/RESET_B : -0.232155
[setup in-reg] in4 -> c610/D : -0.220997
[setup in-reg] in4 -> c609/SCD : -0.195135
[setup reg-reg] merge913/Q -> c333/SET_B : -0.184467
[setup reg-reg] merge913/Q -> c305/SET_B : -0.173352
[setup in-reg] in8 -> c610/SET_B : -0.115305
[setup reg-out] merge875/Q -> out54 : -0.099593
[setup reg-out] merge875/Q -> out31 : -0.041518
[setup reg-reg] merge905/Q_N -> s950/D : 0.000000
[setup reg-reg] s932/Q -> s933/D : 0.000000
[setup reg-reg] s929/Q -> merge904/D : 0.000000
[setup reg-reg] s929/Q -> merge905/D : 0.000000
[setup reg-reg] s929/Q -> s932/D : 0.000000
[setup reg-reg] s929/Q -> merge910/D : 0.000000
[setup in-reg] in8 -> merge875/D : 0.000000
[setup reg-reg] merge838/Q -> s929/D : 0.000000
