
===========================================================================
report_checks -unconstrained
===========================================================================
======================= nom_tt_025C_1v80 Corner ===================================

Startpoint: in9 (input port clocked by clk)
Endpoint: merge764 (recovery check against falling-edge clock clk)
Path Group: asynchronous
Path Type: max

Fanout         Cap        Slew       Delay        Time   Description
---------------------------------------------------------------------------------------------
                      0.150000    0.000000    0.000000   clock clk (rise edge)
                                  0.000000    0.000000   clock network delay (ideal)
                                  1.600000    1.600000 ^ input external delay
     3    0.008886    0.047709    0.030363    1.630363 ^ in9 (in)
                                                         in9 (net)
                      0.047709    0.000000    1.630363 ^ c132/A_N (sky130_fd_sc_hd__and2b_1)
     4    0.023708    0.121735    0.253137    1.883501 v c132/X (sky130_fd_sc_hd__and2b_1)
                                                         net64 (net)
                      0.121735    0.000000    1.883501 v c133/A (sky130_fd_sc_hd__nor2_4)
     7    0.016415    0.131246    0.175352    2.058853 ^ c133/Y (sky130_fd_sc_hd__nor2_4)
                                                         net65 (net)
                      0.131246    0.000000    2.058853 ^ c137/A (sky130_fd_sc_hd__nand2_2)
     4    0.017373    0.091821    0.105985    2.164838 v c137/Y (sky130_fd_sc_hd__nand2_2)
                                                         net69 (net)
                      0.091821    0.000000    2.164838 v c139/A (sky130_fd_sc_hd__nor2b_1)
     8    0.034854    0.648240    0.531882    2.696720 ^ c139/Y (sky130_fd_sc_hd__nor2b_1)
                                                         net71 (net)
                      0.648240    0.000000    2.696720 ^ c145/C (sky130_fd_sc_hd__nand3b_4)
     2    0.004447    0.092044    0.112221    2.808941 v c145/Y (sky130_fd_sc_hd__nand3b_4)
                                                         net77 (net)
                      0.092044    0.000000    2.808941 v c147/B (sky130_fd_sc_hd__or3_4)
     3    0.007949    0.072700    0.387150    3.196091 v c147/X (sky130_fd_sc_hd__or3_4)
                                                         net79 (net)
                      0.072700    0.000000    3.196091 v c151/A1 (sky130_fd_sc_hd__mux4_4)
     3    0.014899    0.138857    0.636257    3.832348 v c151/X (sky130_fd_sc_hd__mux4_4)
                                                         net83 (net)
                      0.138857    0.000000    3.832348 v c153/A3 (sky130_fd_sc_hd__a311oi_2)
     2    0.005078    0.219131    0.311259    4.143607 ^ c153/Y (sky130_fd_sc_hd__a311oi_2)
                                                         net85 (net)
                      0.219131    0.000000    4.143607 ^ c168/A2 (sky130_fd_sc_hd__a211o_2)
     3    0.007853    0.059701    0.182179    4.325786 ^ c168/X (sky130_fd_sc_hd__a211o_2)
                                                         net100 (net)
                      0.059701    0.000000    4.325786 ^ c174/A_N (sky130_fd_sc_hd__nand3b_1)
     3    0.016123    0.199804    0.190169    4.515955 ^ c174/Y (sky130_fd_sc_hd__nand3b_1)
                                                         net106 (net)
                      0.199804    0.000000    4.515955 ^ c291/A2 (sky130_fd_sc_hd__a21bo_1)
     4    0.017761    0.157346    0.224540    4.740494 ^ c291/X (sky130_fd_sc_hd__a21bo_1)
                                                         net210 (net)
                      0.157346    0.000000    4.740494 ^ c293/A (sky130_fd_sc_hd__nand2_4)
     1    0.002233    0.037156    0.044479    4.784974 v c293/Y (sky130_fd_sc_hd__nand2_4)
                                                         net212 (net)
                      0.037156    0.000000    4.784974 v c299/A1 (sky130_fd_sc_hd__o21ai_1)
     1    0.001637    0.080328    0.105223    4.890196 ^ c299/Y (sky130_fd_sc_hd__o21ai_1)
                                                         net218 (net)
                      0.080328    0.000000    4.890196 ^ c339/A (sky130_fd_sc_hd__and2_0)
     4    0.048250    0.672186    0.556968    5.447164 ^ c339/X (sky130_fd_sc_hd__and2_0)
                                                         out31 (net)
                      0.672186    0.000000    5.447164 ^ c472/A2 (sky130_fd_sc_hd__mux4_4)
     3    0.006864    0.073287    0.445981    5.893145 ^ c472/X (sky130_fd_sc_hd__mux4_4)
                                                         net365 (net)
                      0.073287    0.000000    5.893145 ^ merge764/RESET_B (sky130_fd_sc_hd__sdfbbn_1)
                                              5.893145   data arrival time

                      0.150000    4.000000    4.000000   clock clk (fall edge)
                                  0.000000    4.000000   clock network delay (ideal)
                                 -0.250000    3.750000   clock uncertainty
                                  0.000000    3.750000   clock reconvergence pessimism
                                              3.750000 v merge764/CLK_N (sky130_fd_sc_hd__sdfbbn_1)
                                 -0.022043    3.727957   library recovery time
                                              3.727957   data required time
---------------------------------------------------------------------------------------------
                                              3.727957   data required time
                                             -5.893145   data arrival time
---------------------------------------------------------------------------------------------
                                             -2.165188   slack (VIOLATED)


Startpoint: in9 (input port clocked by clk)
Endpoint: s792 (positive level-sensitive latch clocked by clk)
Path Group: clk
Path Type: max

Fanout         Cap        Slew       Delay        Time   Description
---------------------------------------------------------------------------------------------
                      0.150000    0.000000    0.000000   clock clk (rise edge)
                                  0.000000    0.000000   clock network delay (ideal)
                                  1.600000    1.600000 ^ input external delay
     3    0.008886    0.047709    0.030363    1.630363 ^ in9 (in)
                                                         in9 (net)
                      0.047709    0.000000    1.630363 ^ c132/A_N (sky130_fd_sc_hd__and2b_1)
     4    0.023708    0.121735    0.253137    1.883501 v c132/X (sky130_fd_sc_hd__and2b_1)
                                                         net64 (net)
                      0.121735    0.000000    1.883501 v c133/A (sky130_fd_sc_hd__nor2_4)
     7    0.016415    0.131246    0.175352    2.058853 ^ c133/Y (sky130_fd_sc_hd__nor2_4)
                                                         net65 (net)
                      0.131246    0.000000    2.058853 ^ c137/A (sky130_fd_sc_hd__nand2_2)
     4    0.017373    0.091821    0.105985    2.164838 v c137/Y (sky130_fd_sc_hd__nand2_2)
                                                         net69 (net)
                      0.091821    0.000000    2.164838 v c139/A (sky130_fd_sc_hd__nor2b_1)
     8    0.034854    0.648240    0.531882    2.696720 ^ c139/Y (sky130_fd_sc_hd__nor2b_1)
                                                         net71 (net)
                      0.648240    0.000000    2.696720 ^ c145/C (sky130_fd_sc_hd__nand3b_4)
     2    0.004447    0.092044    0.112221    2.808941 v c145/Y (sky130_fd_sc_hd__nand3b_4)
                                                         net77 (net)
                      0.092044    0.000000    2.808941 v c147/B (sky130_fd_sc_hd__or3_4)
     3    0.007949    0.072700    0.387150    3.196091 v c147/X (sky130_fd_sc_hd__or3_4)
                                                         net79 (net)
                      0.072700    0.000000    3.196091 v c151/A1 (sky130_fd_sc_hd__mux4_4)
     3    0.014899    0.138857    0.636257    3.832348 v c151/X (sky130_fd_sc_hd__mux4_4)
                                                         net83 (net)
                      0.138857    0.000000    3.832348 v c153/A3 (sky130_fd_sc_hd__a311oi_2)
     2    0.005078    0.219131    0.311259    4.143607 ^ c153/Y (sky130_fd_sc_hd__a311oi_2)
                                                         net85 (net)
                      0.219131    0.000000    4.143607 ^ c168/A2 (sky130_fd_sc_hd__a211o_2)
     3    0.007853    0.059701    0.182179    4.325786 ^ c168/X (sky130_fd_sc_hd__a211o_2)
                                                         net100 (net)
                      0.059701    0.000000    4.325786 ^ c174/A_N (sky130_fd_sc_hd__nand3b_1)
     3    0.016123    0.199804    0.190169    4.515955 ^ c174/Y (sky130_fd_sc_hd__nand3b_1)
                                                         net106 (net)
                      0.199804    0.000000    4.515955 ^ c175/A (sky130_fd_sc_hd__nand3_2)
     3    0.014011    0.155864    0.138351    4.654305 v c175/Y (sky130_fd_sc_hd__nand3_2)
                                                         net107 (net)
                      0.155864    0.000000    4.654305 v c290/B (sky130_fd_sc_hd__nor3_4)
     3    0.013731    0.209754    0.255083    4.909389 ^ c290/Y (sky130_fd_sc_hd__nor3_4)
                                                         net209 (net)
                      0.209754    0.000000    4.909389 ^ c299/B1 (sky130_fd_sc_hd__o21ai_1)
     1    0.001563    0.059316    0.084941    4.994329 v c299/Y (sky130_fd_sc_hd__o21ai_1)
                                                         net218 (net)
                      0.059316    0.000000    4.994329 v c339/A (sky130_fd_sc_hd__and2_0)
     4    0.046940    0.354376    0.383441    5.377770 v c339/X (sky130_fd_sc_hd__and2_0)
                                                         out31 (net)
                      0.354376    0.000000    5.377770 v c472/A2 (sky130_fd_sc_hd__mux4_4)
     3    0.006307    0.117460    0.703271    6.081042 v c472/X (sky130_fd_sc_hd__mux4_4)
                                                         net365 (net)
                      0.117460    0.000000    6.081042 v c482/A0 (sky130_fd_sc_hd__mux4_4)
     1    0.001715    0.103808    0.600209    6.681251 v c482/X (sky130_fd_sc_hd__mux4_4)
                                                         net375 (net)
                      0.103808    0.000000    6.681251 v s792/D (sky130_fd_sc_hd__dlxbp_1)
                                              6.681251   data arrival time

                      0.150000    0.000000    0.000000   clock clk (rise edge)
                                  0.000000    0.000000   clock network delay (ideal)
                                 -0.250000   -0.250000   clock uncertainty
                                  0.000000   -0.250000   clock reconvergence pessimism
                                             -0.250000 ^ s792/GATE (sky130_fd_sc_hd__dlxbp_1)
                                  3.979193    3.729193   time borrowed from endpoint
                                              3.729193   data required time
---------------------------------------------------------------------------------------------
                                              3.729193   data required time
                                             -6.681251   data arrival time
---------------------------------------------------------------------------------------------
                                             -2.952057   slack (VIOLATED)

Time Borrowing Information
------------------------------------------------
clk pulse width                         4.000000
library setup time                     -0.020807
------------------------------------------------
max time borrow                         3.979193
------------------------------------------------
actual time borrow                      3.979193
open edge uncertainty                  -0.250000
------------------------------------------------
time given to startpoint                3.729193
------------------------------------------------




===========================================================================
report_checks --slack_max -0.01
============================================================================
======================= nom_tt_025C_1v80 Corner ===================================

Startpoint: in9 (input port clocked by clk)
Endpoint: merge764 (recovery check against falling-edge clock clk)
Path Group: asynchronous
Path Type: max

Fanout         Cap        Slew       Delay        Time   Description
---------------------------------------------------------------------------------------------
                      0.150000    0.000000    0.000000   clock clk (rise edge)
                                  0.000000    0.000000   clock network delay (ideal)
                                  1.600000    1.600000 ^ input external delay
     3    0.008886    0.047709    0.030363    1.630363 ^ in9 (in)
                                                         in9 (net)
                      0.047709    0.000000    1.630363 ^ c132/A_N (sky130_fd_sc_hd__and2b_1)
     4    0.023708    0.121735    0.253137    1.883501 v c132/X (sky130_fd_sc_hd__and2b_1)
                                                         net64 (net)
                      0.121735    0.000000    1.883501 v c133/A (sky130_fd_sc_hd__nor2_4)
     7    0.016415    0.131246    0.175352    2.058853 ^ c133/Y (sky130_fd_sc_hd__nor2_4)
                                                         net65 (net)
                      0.131246    0.000000    2.058853 ^ c137/A (sky130_fd_sc_hd__nand2_2)
     4    0.017373    0.091821    0.105985    2.164838 v c137/Y (sky130_fd_sc_hd__nand2_2)
                                                         net69 (net)
                      0.091821    0.000000    2.164838 v c139/A (sky130_fd_sc_hd__nor2b_1)
     8    0.034854    0.648240    0.531882    2.696720 ^ c139/Y (sky130_fd_sc_hd__nor2b_1)
                                                         net71 (net)
                      0.648240    0.000000    2.696720 ^ c145/C (sky130_fd_sc_hd__nand3b_4)
     2    0.004447    0.092044    0.112221    2.808941 v c145/Y (sky130_fd_sc_hd__nand3b_4)
                                                         net77 (net)
                      0.092044    0.000000    2.808941 v c147/B (sky130_fd_sc_hd__or3_4)
     3    0.007949    0.072700    0.387150    3.196091 v c147/X (sky130_fd_sc_hd__or3_4)
                                                         net79 (net)
                      0.072700    0.000000    3.196091 v c151/A1 (sky130_fd_sc_hd__mux4_4)
     3    0.014899    0.138857    0.636257    3.832348 v c151/X (sky130_fd_sc_hd__mux4_4)
                                                         net83 (net)
                      0.138857    0.000000    3.832348 v c153/A3 (sky130_fd_sc_hd__a311oi_2)
     2    0.005078    0.219131    0.311259    4.143607 ^ c153/Y (sky130_fd_sc_hd__a311oi_2)
                                                         net85 (net)
                      0.219131    0.000000    4.143607 ^ c168/A2 (sky130_fd_sc_hd__a211o_2)
     3    0.007853    0.059701    0.182179    4.325786 ^ c168/X (sky130_fd_sc_hd__a211o_2)
                                                         net100 (net)
                      0.059701    0.000000    4.325786 ^ c174/A_N (sky130_fd_sc_hd__nand3b_1)
     3    0.016123    0.199804    0.190169    4.515955 ^ c174/Y (sky130_fd_sc_hd__nand3b_1)
                                                         net106 (net)
                      0.199804    0.000000    4.515955 ^ c291/A2 (sky130_fd_sc_hd__a21bo_1)
     4    0.017761    0.157346    0.224540    4.740494 ^ c291/X (sky130_fd_sc_hd__a21bo_1)
                                                         net210 (net)
                      0.157346    0.000000    4.740494 ^ c293/A (sky130_fd_sc_hd__nand2_4)
     1    0.002233    0.037156    0.044479    4.784974 v c293/Y (sky130_fd_sc_hd__nand2_4)
                                                         net212 (net)
                      0.037156    0.000000    4.784974 v c299/A1 (sky130_fd_sc_hd__o21ai_1)
     1    0.001637    0.080328    0.105223    4.890196 ^ c299/Y (sky130_fd_sc_hd__o21ai_1)
                                                         net218 (net)
                      0.080328    0.000000    4.890196 ^ c339/A (sky130_fd_sc_hd__and2_0)
     4    0.048250    0.672186    0.556968    5.447164 ^ c339/X (sky130_fd_sc_hd__and2_0)
                                                         out31 (net)
                      0.672186    0.000000    5.447164 ^ c472/A2 (sky130_fd_sc_hd__mux4_4)
     3    0.006864    0.073287    0.445981    5.893145 ^ c472/X (sky130_fd_sc_hd__mux4_4)
                                                         net365 (net)
                      0.073287    0.000000    5.893145 ^ merge764/RESET_B (sky130_fd_sc_hd__sdfbbn_1)
                                              5.893145   data arrival time

                      0.150000    4.000000    4.000000   clock clk (fall edge)
                                  0.000000    4.000000   clock network delay (ideal)
                                 -0.250000    3.750000   clock uncertainty
                                  0.000000    3.750000   clock reconvergence pessimism
                                              3.750000 v merge764/CLK_N (sky130_fd_sc_hd__sdfbbn_1)
                                 -0.022043    3.727957   library recovery time
                                              3.727957   data required time
---------------------------------------------------------------------------------------------
                                              3.727957   data required time
                                             -5.893145   data arrival time
---------------------------------------------------------------------------------------------
                                             -2.165188   slack (VIOLATED)


Startpoint: in9 (input port clocked by clk)
Endpoint: s792 (positive level-sensitive latch clocked by clk)
Path Group: clk
Path Type: max

Fanout         Cap        Slew       Delay        Time   Description
---------------------------------------------------------------------------------------------
                      0.150000    0.000000    0.000000   clock clk (rise edge)
                                  0.000000    0.000000   clock network delay (ideal)
                                  1.600000    1.600000 ^ input external delay
     3    0.008886    0.047709    0.030363    1.630363 ^ in9 (in)
                                                         in9 (net)
                      0.047709    0.000000    1.630363 ^ c132/A_N (sky130_fd_sc_hd__and2b_1)
     4    0.023708    0.121735    0.253137    1.883501 v c132/X (sky130_fd_sc_hd__and2b_1)
                                                         net64 (net)
                      0.121735    0.000000    1.883501 v c133/A (sky130_fd_sc_hd__nor2_4)
     7    0.016415    0.131246    0.175352    2.058853 ^ c133/Y (sky130_fd_sc_hd__nor2_4)
                                                         net65 (net)
                      0.131246    0.000000    2.058853 ^ c137/A (sky130_fd_sc_hd__nand2_2)
     4    0.017373    0.091821    0.105985    2.164838 v c137/Y (sky130_fd_sc_hd__nand2_2)
                                                         net69 (net)
                      0.091821    0.000000    2.164838 v c139/A (sky130_fd_sc_hd__nor2b_1)
     8    0.034854    0.648240    0.531882    2.696720 ^ c139/Y (sky130_fd_sc_hd__nor2b_1)
                                                         net71 (net)
                      0.648240    0.000000    2.696720 ^ c145/C (sky130_fd_sc_hd__nand3b_4)
     2    0.004447    0.092044    0.112221    2.808941 v c145/Y (sky130_fd_sc_hd__nand3b_4)
                                                         net77 (net)
                      0.092044    0.000000    2.808941 v c147/B (sky130_fd_sc_hd__or3_4)
     3    0.007949    0.072700    0.387150    3.196091 v c147/X (sky130_fd_sc_hd__or3_4)
                                                         net79 (net)
                      0.072700    0.000000    3.196091 v c151/A1 (sky130_fd_sc_hd__mux4_4)
     3    0.014899    0.138857    0.636257    3.832348 v c151/X (sky130_fd_sc_hd__mux4_4)
                                                         net83 (net)
                      0.138857    0.000000    3.832348 v c153/A3 (sky130_fd_sc_hd__a311oi_2)
     2    0.005078    0.219131    0.311259    4.143607 ^ c153/Y (sky130_fd_sc_hd__a311oi_2)
                                                         net85 (net)
                      0.219131    0.000000    4.143607 ^ c168/A2 (sky130_fd_sc_hd__a211o_2)
     3    0.007853    0.059701    0.182179    4.325786 ^ c168/X (sky130_fd_sc_hd__a211o_2)
                                                         net100 (net)
                      0.059701    0.000000    4.325786 ^ c174/A_N (sky130_fd_sc_hd__nand3b_1)
     3    0.016123    0.199804    0.190169    4.515955 ^ c174/Y (sky130_fd_sc_hd__nand3b_1)
                                                         net106 (net)
                      0.199804    0.000000    4.515955 ^ c175/A (sky130_fd_sc_hd__nand3_2)
     3    0.014011    0.155864    0.138351    4.654305 v c175/Y (sky130_fd_sc_hd__nand3_2)
                                                         net107 (net)
                      0.155864    0.000000    4.654305 v c290/B (sky130_fd_sc_hd__nor3_4)
     3    0.013731    0.209754    0.255083    4.909389 ^ c290/Y (sky130_fd_sc_hd__nor3_4)
                                                         net209 (net)
                      0.209754    0.000000    4.909389 ^ c299/B1 (sky130_fd_sc_hd__o21ai_1)
     1    0.001563    0.059316    0.084941    4.994329 v c299/Y (sky130_fd_sc_hd__o21ai_1)
                                                         net218 (net)
                      0.059316    0.000000    4.994329 v c339/A (sky130_fd_sc_hd__and2_0)
     4    0.046940    0.354376    0.383441    5.377770 v c339/X (sky130_fd_sc_hd__and2_0)
                                                         out31 (net)
                      0.354376    0.000000    5.377770 v c472/A2 (sky130_fd_sc_hd__mux4_4)
     3    0.006307    0.117460    0.703271    6.081042 v c472/X (sky130_fd_sc_hd__mux4_4)
                                                         net365 (net)
                      0.117460    0.000000    6.081042 v c482/A0 (sky130_fd_sc_hd__mux4_4)
     1    0.001715    0.103808    0.600209    6.681251 v c482/X (sky130_fd_sc_hd__mux4_4)
                                                         net375 (net)
                      0.103808    0.000000    6.681251 v s792/D (sky130_fd_sc_hd__dlxbp_1)
                                              6.681251   data arrival time

                      0.150000    0.000000    0.000000   clock clk (rise edge)
                                  0.000000    0.000000   clock network delay (ideal)
                                 -0.250000   -0.250000   clock uncertainty
                                  0.000000   -0.250000   clock reconvergence pessimism
                                             -0.250000 ^ s792/GATE (sky130_fd_sc_hd__dlxbp_1)
                                  3.979193    3.729193   time borrowed from endpoint
                                              3.729193   data required time
---------------------------------------------------------------------------------------------
                                              3.729193   data required time
                                             -6.681251   data arrival time
---------------------------------------------------------------------------------------------
                                             -2.952057   slack (VIOLATED)

Time Borrowing Information
------------------------------------------------
clk pulse width                         4.000000
library setup time                     -0.020807
------------------------------------------------
max time borrow                         3.979193
------------------------------------------------
actual time borrow                      3.979193
open edge uncertainty                  -0.250000
------------------------------------------------
time given to startpoint                3.729193
------------------------------------------------




===========================================================================
 report_check_types -max_slew -max_cap -max_fanout -violators
============================================================================
======================= nom_tt_025C_1v80 Corner ===================================

max slew

Pin                                        Limit        Slew       Slack
------------------------------------------------------------------------
out35                                   0.750000    0.882782   -0.132782 (VIOLATED)
c318/Y                                  0.750000    0.882782   -0.132782 (VIOLATED)
c320/C1                                 0.750000    0.882782   -0.132782 (VIOLATED)
c325/RESET_B                            0.750000    0.882782   -0.132782 (VIOLATED)
c353/B_N                                0.750000    0.882782   -0.132782 (VIOLATED)
c371/B                                  0.750000    0.882782   -0.132782 (VIOLATED)
c489/A2                                 0.750000    0.882782   -0.132782 (VIOLATED)
merge773/SET_B                          0.750000    0.882782   -0.132782 (VIOLATED)
out0                                    0.750000    0.796749   -0.046749 (VIOLATED)
c470/Y                                  0.750000    0.796749   -0.046749 (VIOLATED)
c630/SCE                                0.750000    0.796749   -0.046749 (VIOLATED)
c634/B1_N                               0.750000    0.796749   -0.046749 (VIOLATED)

max fanout

Pin                                   Limit Fanout  Slack
---------------------------------------------------------
c165/Y                                   10     14     -4 (VIOLATED)
c288/X                                   10     14     -4 (VIOLATED)
c315/Y                                   10     12     -2 (VIOLATED)



===========================================================================
report_parasitic_annotation -report_unannotated
============================================================================
Found 821 unannotated drivers.
 clk
 in0
 in1
 in10
 in11
 in12
 in13
 in14
 in15
 in16
 in17
 in18
 in19
 in2
 in20
 in21
 in22
 in23
 in24
 in25
 in26
 in27
 in28
 in29
 in3
 in30
 in31
 in32
 in33
 in34
 in35
 in36
 in37
 in38
 in39
 in4
 in40
 in41
 in42
 in43
 in44
 in45
 in46
 in47
 in48
 in49
 in5
 in50
 in51
 in52
 in53
 in54
 in55
 in56
 in57
 in58
 in59
 in6
 in60
 in61
 in7
 in8
 in9
 rst
 c100/Y
 c101/X
 c102/Y
 c103/Y
 c104/X
 c105/X
 c106/X
 c107/X
 c108/Y
 c109/X
 c110/Q
 c110/Q_N
 c111/X
 c112/X
 c113/Y
 c114/Y
 c115/X
 c116/Y
 c117/X
 c118/X
 c119/Y
 c120/Y
 c121/X
 c122/X
 c123/X
 c124/Q
 c124/Q_N
 c125/Q
 c125/Q_N
 c126/X
 c127/Q
 c127/Q_N
 c128/X
 c129/Q
 c129/Q_N
 c130/X
 c131/X
 c132/X
 c133/Y
 c134/Y
 c135/Y
 c136/X
 c137/Y
 c138/Y
 c139/Y
 c140/X
 c141/X
 c142/X
 c143/Y
 c144/X
 c145/Y
 c146/X
 c147/X
 c148/Y
 c149/X
 c150/Y
 c151/X
 c152/X
 c153/Y
 c154/X
 c155/X
 c156/X
 c157/X
 c158/Y
 c159/Y
 c160/Y
 c161/Y
 c162/Y
 c163/Y
 c164/X
 c165/Y
 c166/Y
 c167/X
 c168/X
 c169/X
 c170/X
 c171/X
 c172/Y
 c173/X
 c174/Y
 c175/Y
 c176/X
 c177/Y
 c178/Y
 c179/Y
 c180/X
 c181/Y
 c182/Y
 c183/Y
 c184/X
 c185/X
 c186/Y
 c187/Y
 c188/Y
 c189/Y
 c190/X
 c191/X
 c192/X
 c193/X
 c194/X
 c195/X
 c196/X
 c197/Y
 c198/Y
 c199/Q
 c199/Q_N
 c200/X
 c201/X
 c202/X
 c203/X
 c204/X
 c205/Y
 c206/Y
 c207/X
 c208/Y
 c209/Y
 c210/X
 c211/Y
 c212/Q
 c212/Q_N
 c213/Y
 c214/Y
 c215/Y
 c216/X
 c217/X
 c218/Y
 c219/Y
 c220/X
 c221/X
 c222/Y
 c223/Y
 c224/X
 c225/Y
 c226/Y
 c227/Y
 c228/X
 c229/X
 c230/X
 c231/Q
 c231/Q_N
 c232/Y
 c233/X
 c234/Y
 c235/X
 c236/Y
 c237/Q
 c238/Q
 c239/X
 c240/Q
 c241/X
 c242/Y
 c243/X
 c244/X
 c245/Y
 c246/X
 c247/Y
 c248/Q
 c248/Q_N
 c249/Y
 c250/X
 c251/Y
 c252/Y
 c253/Y
 c254/Y
 c255/Q
 c256/Y
 c257/X
 c258/X
 c259/X
 c260/Q
 c260/Q_N
 c261/Q
 c261/Q_N
 c262/X
 c263/Y
 c264/X
 c265/X
 c266/X
 c267/Y
 c268/Y
 c269/X
 c270/Y
 c271/Y
 c272/Y
 c273/Y
 c274/X
 c275/X
 c276/X
 c277/X
 c278/Y
 c279/X
 c280/Y
 c281/Y
 c282/Y
 c283/Y
 c284/X
 c285/X
 c286/X
 c287/X
 c288/X
 c289/X
 c290/Y
 c291/X
 c292/Y
 c293/Y
 c294/Y
 c295/Y
 c296/X
 c297/Y
 c298/X
 c299/Y
 c300/X
 c301/X
 c302/X
 c303/X
 c304/X
 c305/X
 c306/X
 c307/X
 c308/X
 c309/Y
 c310/X
 c311/X
 c312/Y
 c313/Y
 c314/X
 c315/Y
 c316/Y
 c317/Y
 c318/Y
 c319/X
 c320/X
 c321/X
 c322/Q
 c322/Q_N
 c323/X
 c324/X
 c325/Q
 c325/Q_N
 c326/X
 c327/Y
 c328/Q
 c328/Q_N
 c329/Q
 c329/Q_N
 c330/Y
 c331/Y
 c332/X
 c333/Y
 c334/Y
 c335/Y
 c336/X
 c337/Y
 c338/Y
 c339/X
 c340/X
 c341/X
 c342/X
 c343/Y
 c344/X
 c345/X
 c346/Y
 c347/Y
 c348/Q
 c349/Q
 c350/X
 c351/X
 c352/X
 c353/Y
 c354/Y
 c355/X
 c356/Y
 c357/Q
 c358/X
 c359/Q
 c360/Y
 c361/Y
 c362/X
 c363/X
 c364/Y
 c365/Y
 c366/X
 c367/X
 c368/Y
 c369/X
 c370/Q
 c371/X
 c372/Q
 c373/Y
 c392/X
 c393/X
 c394/X
 c395/X
 c396/Y
 c397/Y
 c398/X
 c399/Y
 c400/X
 c401/X
 c402/Y
 c403/X
 c404/X
 c405/Y
 c406/Y
 c407/Q
 c407/Q_N
 c408/X
 c409/X
 c410/X
 c411/Y
 c412/X
 c413/Q
 c413/Q_N
 c414/X
 c415/X
 c416/Q
 c416/Q_N
 c417/Q
 c417/Q_N
 c418/X
 c419/X
 c420/Y
 c421/X
 c422/X
 c423/X
 c424/Y
 c425/X
 c426/X
 c427/Y
 c428/Q
 c429/Q
 c430/Y
 c431/Q
 c432/Y
 c433/Y
 c434/Y
 c435/Y
 c436/Y
 c437/Y
 c438/X
 c439/Q
 c439/Q_N
 c440/Q
 c440/Q_N
 c441/X
 c442/Y
 c443/Y
 c444/Y
 c445/X
 c446/X
 c447/X
 c448/X
 c449/Y
 c450/Y
 c451/Y
 c452/X
 c453/X
 c454/X
 c455/Y
 c456/X
 c457/Q
 c457/Q_N
 c458/Q
 c459/X
 c460/X
 c461/X
 c462/Y
 c463/Q
 c463/Q_N
 c464/Y
 c465/X
 c466/X
 c467/Y
 c468/X
 c469/Y
 c470/Y
 c471/Q
 c471/Q_N
 c472/X
 c473/X
 c474/Y
 c475/X
 c476/Y
 c477/Y
 c478/Y
 c479/Q
 c479/Q_N
 c480/X
 c481/Y
 c482/X
 c483/X
 c484/X
 c485/X
 c486/Y
 c487/Y
 c488/Q
 c488/Q_N
 c489/X
 c490/X
 c491/X
 c492/Y
 c493/Y
 c494/X
 c495/Q
 c496/X
 c497/Q
 c498/Y
 c499/X
 c500/Q
 c501/Y
 c502/Y
 c503/X
 c504/Q
 c504/Q_N
 c505/Q
 c505/Q_N
 c528/Y
 c529/X
 c530/Y
 c531/X
 c532/Y
 c533/Y
 c534/X
 c535/Y
 c536/X
 c537/X
 c538/X
 c539/Y
 c540/Y
 c541/Y
 c542/Y
 c543/Q
 c543/Q_N
 c544/X
 c545/Y
 c546/Y
 c547/Y
 c548/X
 c549/X
 c550/Y
 c551/X
 c552/X
 c553/X
 c554/X
 c555/Y
 c556/Y
 c557/Y
 c558/X
 c559/Q
 c559/Q_N
 c560/X
 c561/Y
 c562/X
 c563/X
 c564/X
 c565/Y
 c566/Y
 c567/Q
 c567/Q_N
 c568/Q
 c569/Q
 c570/X
 c571/Y
 c572/Y
 c573/Y
 c574/Y
 c575/X
 c576/X
 c577/X
 c578/Y
 c579/Q
 c580/Y
 c581/X
 c582/Q
 c582/Q_N
 c583/X
 c584/Y
 c585/Y
 c586/X
 c587/Q
 c587/Q_N
 c588/X
 c589/Q
 c589/Q_N
 c590/Q
 c591/X
 c592/X
 c593/X
 c594/X
 c595/Y
 c596/X
 c597/Y
 c598/Y
 c599/X
 c600/Y
 c601/Y
 c602/Q
 c602/Q_N
 c603/Q
 c603/Q_N
 c604/X
 c605/Y
 c606/X
 c607/Q
 c607/Q_N
 c608/Q
 c608/Q_N
 c609/Q
 c609/Q_N
 c610/Q
 c611/Y
 c612/X
 c613/X
 c614/Q
 c615/X
 c616/X
 c617/Y
 c618/X
 c619/Y
 c62/X
 c620/X
 c621/X
 c622/Y
 c623/Y
 c624/Y
 c625/Q
 c625/Q_N
 c626/Y
 c627/Y
 c628/Q
 c628/Q_N
 c629/X
 c63/X
 c630/Q
 c631/Y
 c632/Q
 c632/Q_N
 c633/Y
 c634/Y
 c635/X
 c636/X
 c637/X
 c64/X
 c65/Y
 c66/X
 c660/Y
 c661/Y
 c662/X
 c663/X
 c664/Y
 c665/Q
 c665/Q_N
 c666/Q
 c667/Q
 c668/Y
 c669/X
 c67/Y
 c670/Q
 c671/X
 c672/X
 c673/X
 c674/Q
 c675/Q
 c676/X
 c677/X
 c678/X
 c679/Y
 c68/X
 c680/Q
 c680/Q_N
 c681/Q
 c681/Q_N
 c682/Y
 c683/Q
 c684/Y
 c685/X
 c686/Y
 c687/Y
 c688/X
 c689/Q
 c69/X
 c690/Q
 c691/Y
 c692/Q
 c692/Q_N
 c693/Y
 c694/Q
 c694/Q_N
 c695/Q
 c696/Y
 c697/Q
 c697/Q_N
 c698/X
 c699/X
 c70/Y
 c700/Y
 c701/Q
 c701/Q_N
 c702/Q
 c702/Q_N
 c703/Y
 c704/X
 c705/Y
 c706/X
 c707/Q
 c707/Q_N
 c708/X
 c709/X
 c71/X
 c710/Q
 c710/Q_N
 c711/X
 c712/Q
 c712/Q_N
 c713/Y
 c714/Q
 c714/Q_N
 c715/X
 c716/Q
 c717/X
 c718/Y
 c719/Y
 c72/Y
 c720/X
 c721/X
 c722/Y
 c723/GCLK
 c724/Y
 c725/Q
 c726/Y
 c727/Y
 c728/Y
 c729/Y
 c73/X
 c730/X
 c731/X
 c732/Y
 c733/Y
 c734/X
 c735/X
 c736/Y
 c737/Q
 c738/X
 c739/X
 c74/X
 c740/X
 c741/X
 c742/X
 c743/X
 c744/X
 c745/Q
 c745/Q_N
 c746/X
 c747/Y
 c748/Y
 c749/X
 c75/X
 c750/Q
 c751/X
 c752/Y
 c753/X
 c754/Q
 c754/Q_N
 c755/Q
 c755/Q_N
 c756/X
 c76/X
 c77/Y
 c78/X
 c79/X
 c80/X
 c81/X
 c82/X
 c83/X
 c84/Y
 c85/X
 c86/Y
 c87/Y
 c88/X
 c89/Y
 c90/X
 c91/X
 c92/X
 c93/X
 c94/Y
 c95/X
 c96/Y
 c97/X
 c98/Y
 c99/Y
 merge757/Q
 merge757/Q_N
 merge758/Q
 merge758/Q_N
 merge759/Q
 merge760/Q
 merge760/Q_N
 merge761/Q
 merge761/Q_N
 merge762/Q
 merge762/Q_N
 merge763/Q
 merge764/Q
 merge764/Q_N
 merge765/Q
 merge765/Q_N
 merge766/Q
 merge766/Q_N
 merge767/Q
 merge767/Q_N
 merge768/Q
 merge768/Q_N
 merge769/Q
 merge770/Q
 merge770/Q_N
 merge771/Q
 merge772/Q
 merge772/Q_N
 merge773/Q
 merge773/Q_N
 merge774/Q
 merge775/Q
 merge775/Q_N
 merge776/Q
 merge777/Q
 merge778/Q
 merge778/Q_N
 merge779/Q
 merge779/Q_N
 merge780/Q
 merge781/Q
 s782/Q
 s782/Q_N
 s783/Q
 s783/Q_N
 s784/Q
 s785/Q
 s786/Q
 s787/GCLK
 s788/GCLK
 s789/GCLK
 s790/Q
 s790/Q_N
 s791/Q
 s791/Q_N
 s792/Q
 s792/Q_N
 s793/Q
 s794/Q
 s795/Q
 s796/Q
 s797/Q
 s798/Q
 s798/Q_N
 s799/Q
 s799/Q_N
 s800/Q
Found 0 partially unannotated drivers.

===========================================================================
max slew violation count 12
max fanout violation count 3
max cap violation count 0
============================================================================

===========================================================================
check_setup -verbose -unconstrained_endpoints -multiple_clock -no_clock -no_input_delay -loops -generated_clocks
===========================================================================
Warning: There are 4 unconstrained endpoints.
  out24
  out36
  out49
  merge768/SCE
