
===========================================================================
report_checks -unconstrained
===========================================================================
======================= min_ff_n40C_1v95 Corner ===================================

Startpoint: in20 (input port clocked by clk)
Endpoint: merge808 (recovery check against falling-edge clock clk)
Path Group: asynchronous
Path Type: max

Fanout         Cap        Slew       Delay        Time   Description
---------------------------------------------------------------------------------------------
                                  0.000000    0.000000   clock clk (rise edge)
                                  0.000000    0.000000   clock network delay (propagated)
                                  1.600000    1.600000 ^ input external delay
     3    0.033085    0.115198    0.078766    1.678766 ^ in20 (in)
                                                         in20 (net)
                      0.115200    0.000000    1.678766 ^ input14/A (sky130_fd_sc_hd__buf_12)
     9    0.095849    0.089691    0.119275    1.798041 ^ input14/X (sky130_fd_sc_hd__buf_12)
                                                         net781 (net)
                      0.089713    0.001196    1.799237 ^ c132/B_N (sky130_fd_sc_hd__nor2b_4)
     5    0.056542    0.258015    0.251163    2.050400 ^ c132/Y (sky130_fd_sc_hd__nor2b_4)
                                                         net832 (net)
                      0.258022    0.001102    2.051502 ^ max_cap155/A (sky130_fd_sc_hd__buf_12)
     5    0.048485    0.053545    0.102340    2.153841 ^ max_cap155/X (sky130_fd_sc_hd__buf_12)
                                                         net922 (net)
                      0.053657    0.001704    2.155546 ^ c133/A_N (sky130_fd_sc_hd__and2b_2)
     7    0.052144    0.097941    0.210423    2.365969 v c133/X (sky130_fd_sc_hd__and2b_2)
                                                         net63 (net)
                      0.097943    0.000617    2.366586 v c134/A (sky130_fd_sc_hd__nand2_8)
     5    0.029558    0.055420    0.081298    2.447884 ^ c134/Y (sky130_fd_sc_hd__nand2_8)
                                                         net64 (net)
                      0.055420    0.000332    2.448216 ^ c140/B (sky130_fd_sc_hd__nor3b_4)
     5    0.025358    0.054333    0.044637    2.492852 v c140/Y (sky130_fd_sc_hd__nor3b_4)
                                                         net70 (net)
                      0.054351    0.000179    2.493032 v c142/C (sky130_fd_sc_hd__or3_4)
     3    0.012968    0.055123    0.214614    2.707645 v c142/X (sky130_fd_sc_hd__or3_4)
                                                         net72 (net)
                      0.055123    0.000047    2.707692 v c143/A3 (sky130_fd_sc_hd__mux4_2)
     3    0.019415    0.092941    0.316894    3.024586 v c143/X (sky130_fd_sc_hd__mux4_2)
                                                         net73 (net)
                      0.092941    0.000326    3.024912 v c149/B2 (sky130_fd_sc_hd__o221a_4)
     3    0.009172    0.036408    0.158903    3.183815 v c149/X (sky130_fd_sc_hd__o221a_4)
                                                         net79 (net)
                      0.036408    0.000087    3.183903 v c150/B (sky130_fd_sc_hd__or3b_4)
     2    0.012533    0.056542    0.238681    3.422584 v c150/X (sky130_fd_sc_hd__or3b_4)
                                                         net80 (net)
                      0.056542    0.000155    3.422739 v c152/B (sky130_fd_sc_hd__or3b_4)
     3    0.020977    0.066811    0.259800    3.682539 v c152/X (sky130_fd_sc_hd__or3b_4)
                                                         net82 (net)
                      0.066811    0.000134    3.682673 v c264/A (sky130_fd_sc_hd__nand3_4)
     9    0.060074    0.159010    0.127455    3.810128 ^ c264/Y (sky130_fd_sc_hd__nand3_4)
                                                         net183 (net)
                      0.159017    0.000874    3.811002 ^ fanout136/A (sky130_fd_sc_hd__buf_12)
    15    0.086863    0.082309    0.120786    3.931788 ^ fanout136/X (sky130_fd_sc_hd__buf_12)
                                                         net903 (net)
                      0.082316    0.000630    3.932418 ^ fanout135/A (sky130_fd_sc_hd__buf_6)
     6    0.034133    0.057509    0.095220    4.027638 ^ fanout135/X (sky130_fd_sc_hd__buf_6)
                                                         net902 (net)
                      0.057510    0.000426    4.028065 ^ fanout134/A (sky130_fd_sc_hd__buf_12)
    12    0.070600    0.068140    0.102390    4.130455 ^ fanout134/X (sky130_fd_sc_hd__buf_12)
                                                         net901 (net)
                      0.068154    0.000782    4.131237 ^ c274/B (sky130_fd_sc_hd__or2_4)
     6    0.064267    0.149942    0.170021    4.301257 ^ c274/X (sky130_fd_sc_hd__or2_4)
                                                         net863 (net)
                      0.149945    0.000561    4.301818 ^ c280/B (sky130_fd_sc_hd__nand3b_4)
     4    0.038801    0.102475    0.105216    4.407034 v c280/Y (sky130_fd_sc_hd__nand3b_4)
                                                         net198 (net)
                      0.102505    0.001406    4.408441 v c281/A (sky130_fd_sc_hd__nand2_8)
    17    0.060736    0.092502    0.109406    4.517847 ^ c281/Y (sky130_fd_sc_hd__nand2_8)
                                                         net199 (net)
                      0.092545    0.001556    4.519403 ^ c282/A0 (sky130_fd_sc_hd__mux4_2)
     5    0.025722    0.113245    0.212269    4.731672 ^ c282/X (sky130_fd_sc_hd__mux4_2)
                                                         net200 (net)
                      0.113245    0.000222    4.731894 ^ c284/A2 (sky130_fd_sc_hd__o221ai_4)
     2    0.017503    0.089020    0.072575    4.804469 v c284/Y (sky130_fd_sc_hd__o221ai_4)
                                                         net202 (net)
                      0.089020    0.000411    4.804880 v c397/B (sky130_fd_sc_hd__nor3b_4)
     2    0.012185    0.148983    0.170487    4.975367 ^ c397/Y (sky130_fd_sc_hd__nor3b_4)
                                                         net285 (net)
                      0.148983    0.000103    4.975471 ^ c405/C (sky130_fd_sc_hd__nor3_4)
     8    0.034540    0.092824    0.058974    5.034444 v c405/Y (sky130_fd_sc_hd__nor3_4)
                                                         net293 (net)
                      0.092831    0.000382    5.034826 v max_cap128/A (sky130_fd_sc_hd__buf_4)
     7    0.038619    0.046826    0.139348    5.174174 v max_cap128/X (sky130_fd_sc_hd__buf_4)
                                                         net895 (net)
                      0.046831    0.000712    5.174886 v c435/A2 (sky130_fd_sc_hd__mux4_2)
     1    0.012671    0.081198    0.290292    5.465178 v c435/X (sky130_fd_sc_hd__mux4_2)
                                                         net323 (net)
                      0.081199    0.000448    5.465626 v clkbuf_0_net323/A (sky130_fd_sc_hd__clkbuf_16)
     2    0.018034    0.026057    0.119218    5.584844 v clkbuf_0_net323/X (sky130_fd_sc_hd__clkbuf_16)
                                                         clknet_0_net323 (net)
                      0.026057    0.000175    5.585018 v clkbuf_1_1__f_net323/A (sky130_fd_sc_hd__clkbuf_16)
     1    0.004515    0.020018    0.086991    5.672009 v clkbuf_1_1__f_net323/X (sky130_fd_sc_hd__clkbuf_16)
                                                         clknet_1_1__leaf_net323 (net)
                      0.020018    0.000074    5.672084 v c553/B (sky130_fd_sc_hd__or2_4)
     1    0.008137    0.036680    0.139315    5.811399 v c553/X (sky130_fd_sc_hd__or2_4)
                                                         net418 (net)
                      0.036680    0.000099    5.811498 v clkbuf_0_net418/A (sky130_fd_sc_hd__clkbuf_16)
     2    0.010753    0.023026    0.095792    5.907290 v clkbuf_0_net418/X (sky130_fd_sc_hd__clkbuf_16)
                                                         clknet_0_net418 (net)
                      0.023026    0.000154    5.907443 v clkbuf_1_1__f_net418/A (sky130_fd_sc_hd__clkbuf_16)
     1    0.004729    0.020115    0.085881    5.993324 v clkbuf_1_1__f_net418/X (sky130_fd_sc_hd__clkbuf_16)
                                                         clknet_1_1__leaf_net418 (net)
                      0.020116    0.000075    5.993399 v c554/A (sky130_fd_sc_hd__and2_4)
     1    0.016422    0.033573    0.095345    6.088744 v c554/X (sky130_fd_sc_hd__and2_4)
                                                         net419 (net)
                      0.033590    0.000720    6.089464 v clkbuf_0_net419/A (sky130_fd_sc_hd__clkbuf_16)
     3    0.016582    0.025353    0.097909    6.187373 v clkbuf_0_net419/X (sky130_fd_sc_hd__clkbuf_16)
                                                         clknet_0_net419 (net)
                      0.025353    0.000178    6.187551 v clkbuf_1_0__f_net419/A (sky130_fd_sc_hd__clkbuf_16)
    15    0.051148    0.039555    0.110408    6.297959 v clkbuf_1_0__f_net419/X (sky130_fd_sc_hd__clkbuf_16)
                                                         clknet_1_0__leaf_net419 (net)
                      0.039657    0.001698    6.299657 v c577/A2 (sky130_fd_sc_hd__o221ai_1)
     1    0.013107    0.234526    0.210874    6.510531 ^ c577/Y (sky130_fd_sc_hd__o221ai_1)
                                                         net443 (net)
                      0.234527    0.000423    6.510954 ^ clkbuf_0_net443/A (sky130_fd_sc_hd__clkbuf_16)
     2    0.019463    0.035932    0.123766    6.634720 ^ clkbuf_0_net443/X (sky130_fd_sc_hd__clkbuf_16)
                                                         clknet_0_net443 (net)
                      0.035932    0.000223    6.634943 ^ clkbuf_1_0__f_net443/A (sky130_fd_sc_hd__clkbuf_16)
     5    0.019847    0.031067    0.085835    6.720778 ^ clkbuf_1_0__f_net443/X (sky130_fd_sc_hd__clkbuf_16)
                                                         clknet_1_0__leaf_net443 (net)
                      0.031068    0.000189    6.720967 ^ c587/A2 (sky130_fd_sc_hd__mux4_1)
     1    0.005570    0.058479    0.146261    6.867228 ^ c587/X (sky130_fd_sc_hd__mux4_1)
                                                         net455 (net)
                      0.058479    0.000107    6.867334 ^ merge808/RESET_B (sky130_fd_sc_hd__dlrtp_1)
                                              6.867334   data arrival time

                                  4.000000    4.000000   clock clk (fall edge)
                                  0.000000    4.000000   clock source latency
     2    0.041846    0.065685    0.047401    4.047401 v clk (in)
                                                         clk (net)
                      0.066364    0.000000    4.047401 v clkbuf_0_clk/A (sky130_fd_sc_hd__clkbuf_16)
    33    0.180325    0.092095    0.172510    4.219911 v clkbuf_0_clk/X (sky130_fd_sc_hd__clkbuf_16)
                                                         clknet_0_clk (net)
                      0.092236    0.002916    4.222827 v clkbuf_4_6_0_clk/A (sky130_fd_sc_hd__clkbuf_8)
    11    0.039473    0.041785    0.136233    4.359060 v clkbuf_4_6_0_clk/X (sky130_fd_sc_hd__clkbuf_8)
                                                         clknet_4_6_0_clk (net)
                      0.041788    0.000389    4.359449 v merge808/GATE (sky130_fd_sc_hd__dlrtp_1)
                                 -0.250000    4.109449   clock uncertainty
                                  0.000000    4.109449   clock reconvergence pessimism
                                  0.038047    4.147496   library recovery time
                                              4.147496   data required time
---------------------------------------------------------------------------------------------
                                              4.147496   data required time
                                             -6.867334   data arrival time
---------------------------------------------------------------------------------------------
                                             -2.719838   slack (VIOLATED)


Startpoint: s885 (negative level-sensitive latch clocked by clk)
Endpoint: c696 (rising edge-triggered flip-flop clocked by clk')
Path Group: clk
Path Type: max

Fanout         Cap        Slew       Delay        Time   Description
---------------------------------------------------------------------------------------------
                                  4.000000    4.000000   clock clk (fall edge)
                                  0.000000    4.000000   clock source latency
     2    0.041846    0.065685    0.047401    4.047401 v clk (in)
                                                         clk (net)
                      0.066364    0.000000    4.047401 v clkbuf_0_clk/A (sky130_fd_sc_hd__clkbuf_16)
    33    0.180325    0.092095    0.172510    4.219911 v clkbuf_0_clk/X (sky130_fd_sc_hd__clkbuf_16)
                                                         clknet_0_clk (net)
                      0.092394    0.004197    4.224108 v clkbuf_4_5_0_clk/A (sky130_fd_sc_hd__clkbuf_8)
    15    0.039359    0.041744    0.136319    4.360428 v clkbuf_4_5_0_clk/X (sky130_fd_sc_hd__clkbuf_8)
                                                         clknet_4_5_0_clk (net)
                      0.041748    0.000455    4.360883 v s885/GATE_N (sky130_fd_sc_hd__dlxbn_1)
                                  3.739996    8.100880   time given to startpoint
                      0.053885    0.000000    8.100880 ^ s885/D (sky130_fd_sc_hd__dlxbn_1)
     1    0.002572    0.030013    0.212557    8.313437 ^ s885/Q (sky130_fd_sc_hd__dlxbn_1)
                                                         net768 (net)
                      0.030013    0.000022    8.313458 ^ c660/A (sky130_fd_sc_hd__clkbuf_4)
    19    0.066860    0.154040    0.174537    8.487995 ^ c660/X (sky130_fd_sc_hd__clkbuf_4)
                                                         net512 (net)
                      0.154045    0.000726    8.488721 ^ c668/B (sky130_fd_sc_hd__nand2b_4)
     7    0.034144    0.068802    0.071634    8.560355 v c668/Y (sky130_fd_sc_hd__nand2b_4)
                                                         net520 (net)
                      0.068811    0.000639    8.560995 v c670/B (sky130_fd_sc_hd__nor2_2)
     7    0.025998    0.211614    0.184023    8.745017 ^ c670/Y (sky130_fd_sc_hd__nor2_2)
                                                         net522 (net)
                      0.211614    0.000166    8.745184 ^ c671/A1 (sky130_fd_sc_hd__mux4_2)
    15    0.044833    0.178085    0.291664    9.036848 ^ c671/X (sky130_fd_sc_hd__mux4_2)
                                                         net523 (net)
                      0.178085    0.000782    9.037629 ^ c673/B (sky130_fd_sc_hd__nand3b_1)
     1    0.002742    0.049723    0.047573    9.085202 v c673/Y (sky130_fd_sc_hd__nand3b_1)
                                                         net525 (net)
                      0.049723    0.000026    9.085228 v c678/A1 (sky130_fd_sc_hd__o211a_1)
     3    0.011601    0.053386    0.174618    9.259846 v c678/X (sky130_fd_sc_hd__o211a_1)
                                                         net530 (net)
                      0.053386    0.000096    9.259941 v c680/B2 (sky130_fd_sc_hd__o221a_1)
     2    0.008058    0.048268    0.147842    9.407784 v c680/X (sky130_fd_sc_hd__o221a_1)
                                                         net532 (net)
                      0.048268    0.000077    9.407861 v c690/S1 (sky130_fd_sc_hd__mux4_4)
     1    0.008260    0.048771    0.178387    9.586247 ^ c690/X (sky130_fd_sc_hd__mux4_4)
                                                         net542 (net)
                      0.048771    0.000072    9.586320 ^ clkbuf_0_net542/A (sky130_fd_sc_hd__clkbuf_16)
     2    0.018242    0.030057    0.088456    9.674776 ^ clkbuf_0_net542/X (sky130_fd_sc_hd__clkbuf_16)
                                                         clknet_0_net542 (net)
                      0.030057    0.000110    9.674886 ^ clkbuf_1_1__f_net542/A (sky130_fd_sc_hd__clkbuf_16)
     1    0.005233    0.021149    0.073664    9.748549 ^ clkbuf_1_1__f_net542/X (sky130_fd_sc_hd__clkbuf_16)
                                                         clknet_1_1__leaf_net542 (net)
                      0.021149    0.000068    9.748617 ^ c696/SET_B (sky130_fd_sc_hd__sdfbbp_1)
                                              9.748617   data arrival time

                                  0.000000    0.000000   clock clk' (rise edge)
                                  0.000000    0.000000   clock source latency
     2    0.041846    0.065685    0.047401    4.047401 v clk (in)
                                                         clk (net)
                      0.066364    0.000000    4.047401 v clkbuf_0_clk/A (sky130_fd_sc_hd__clkbuf_16)
    33    0.180325    0.092095    0.172510    4.219911 v clkbuf_0_clk/X (sky130_fd_sc_hd__clkbuf_16)
                                                         clknet_0_clk (net)
                      0.092467    0.004672    4.224583 v clkbuf_4_4_0_clk/A (sky130_fd_sc_hd__clkbuf_8)
    21    0.054020    0.051244    0.144774    4.369357 v clkbuf_4_4_0_clk/X (sky130_fd_sc_hd__clkbuf_8)
                                                         clknet_4_4_0_clk (net)
                      0.051271    0.001108    4.370464 v s883/CLK (sky130_fd_sc_hd__dlclkp_4)
     2    0.006542    0.026212    0.115719    4.486184 v s883/GCLK (sky130_fd_sc_hd__dlclkp_4)
                                                         net764 (net)
                      0.026212    0.000060    4.486244 v c561/A (sky130_fd_sc_hd__clkbuf_8)
     2    0.012900    0.024791    0.089019    4.575263 v c561/X (sky130_fd_sc_hd__clkbuf_8)
                                                         net426 (net)
                      0.024800    0.000314    4.575576 v c683/A2 (sky130_fd_sc_hd__o221ai_1)
     1    0.009421    0.080341    0.169846    4.745422 ^ c683/Y (sky130_fd_sc_hd__o221ai_1)
                                                         net535 (net)
                      0.080341    0.000136    4.745558 ^ clkbuf_0_net535/A (sky130_fd_sc_hd__clkbuf_16)
     2    0.019862    0.031635    0.098024    4.843582 ^ clkbuf_0_net535/X (sky130_fd_sc_hd__clkbuf_16)
                                                         clknet_0_net535 (net)
                      0.031636    0.000224    4.843806 ^ clkbuf_1_0__f_net535/A (sky130_fd_sc_hd__clkbuf_16)
     2    0.008444    0.023480    0.076775    4.920581 ^ clkbuf_1_0__f_net535/X (sky130_fd_sc_hd__clkbuf_16)
                                                         clknet_1_0__leaf_net535 (net)
                      0.023480    0.000071    4.920652 ^ c694/A2 (sky130_fd_sc_hd__mux4_1)
     1    0.011455    0.093779    0.176619    5.097271 ^ c694/X (sky130_fd_sc_hd__mux4_1)
                                                         net546 (net)
                      0.093779    0.000287    5.097558 ^ clkbuf_0_net546/A (sky130_fd_sc_hd__clkbuf_16)
     2    0.019152    0.031415    0.101117    5.198675 ^ clkbuf_0_net546/X (sky130_fd_sc_hd__clkbuf_16)
                                                         clknet_0_net546 (net)
                      0.031422    0.000250    5.198925 ^ clkbuf_1_0__f_net546/A (sky130_fd_sc_hd__clkbuf_16)
     1    0.003795    0.020133    0.072828    5.271752 ^ clkbuf_1_0__f_net546/X (sky130_fd_sc_hd__clkbuf_16)
                                                         clknet_1_0__leaf_net546 (net)
                      0.020133    0.000054    5.271807 ^ c696/RESET_B (sky130_fd_sc_hd__sdfbbp_1)
                                 -0.250000    1.021807   clock uncertainty
                                  0.000000    1.021807   clock reconvergence pessimism
                                 -0.070166    0.951641   library non-sequential setup time
                                              0.951641   data required time
---------------------------------------------------------------------------------------------
                                              0.951641   data required time
                                             -9.748617   data arrival time
---------------------------------------------------------------------------------------------
                                             -8.796976   slack (VIOLATED)




===========================================================================
report_checks --slack_max -0.01
============================================================================
======================= min_ff_n40C_1v95 Corner ===================================

Startpoint: in20 (input port clocked by clk)
Endpoint: merge808 (recovery check against falling-edge clock clk)
Path Group: asynchronous
Path Type: max

Fanout         Cap        Slew       Delay        Time   Description
---------------------------------------------------------------------------------------------
                                  0.000000    0.000000   clock clk (rise edge)
                                  0.000000    0.000000   clock network delay (propagated)
                                  1.600000    1.600000 ^ input external delay
     3    0.033085    0.115198    0.078766    1.678766 ^ in20 (in)
                                                         in20 (net)
                      0.115200    0.000000    1.678766 ^ input14/A (sky130_fd_sc_hd__buf_12)
     9    0.095849    0.089691    0.119275    1.798041 ^ input14/X (sky130_fd_sc_hd__buf_12)
                                                         net781 (net)
                      0.089713    0.001196    1.799237 ^ c132/B_N (sky130_fd_sc_hd__nor2b_4)
     5    0.056542    0.258015    0.251163    2.050400 ^ c132/Y (sky130_fd_sc_hd__nor2b_4)
                                                         net832 (net)
                      0.258022    0.001102    2.051502 ^ max_cap155/A (sky130_fd_sc_hd__buf_12)
     5    0.048485    0.053545    0.102340    2.153841 ^ max_cap155/X (sky130_fd_sc_hd__buf_12)
                                                         net922 (net)
                      0.053657    0.001704    2.155546 ^ c133/A_N (sky130_fd_sc_hd__and2b_2)
     7    0.052144    0.097941    0.210423    2.365969 v c133/X (sky130_fd_sc_hd__and2b_2)
                                                         net63 (net)
                      0.097943    0.000617    2.366586 v c134/A (sky130_fd_sc_hd__nand2_8)
     5    0.029558    0.055420    0.081298    2.447884 ^ c134/Y (sky130_fd_sc_hd__nand2_8)
                                                         net64 (net)
                      0.055420    0.000332    2.448216 ^ c140/B (sky130_fd_sc_hd__nor3b_4)
     5    0.025358    0.054333    0.044637    2.492852 v c140/Y (sky130_fd_sc_hd__nor3b_4)
                                                         net70 (net)
                      0.054351    0.000179    2.493032 v c142/C (sky130_fd_sc_hd__or3_4)
     3    0.012968    0.055123    0.214614    2.707645 v c142/X (sky130_fd_sc_hd__or3_4)
                                                         net72 (net)
                      0.055123    0.000047    2.707692 v c143/A3 (sky130_fd_sc_hd__mux4_2)
     3    0.019415    0.092941    0.316894    3.024586 v c143/X (sky130_fd_sc_hd__mux4_2)
                                                         net73 (net)
                      0.092941    0.000326    3.024912 v c149/B2 (sky130_fd_sc_hd__o221a_4)
     3    0.009172    0.036408    0.158903    3.183815 v c149/X (sky130_fd_sc_hd__o221a_4)
                                                         net79 (net)
                      0.036408    0.000087    3.183903 v c150/B (sky130_fd_sc_hd__or3b_4)
     2    0.012533    0.056542    0.238681    3.422584 v c150/X (sky130_fd_sc_hd__or3b_4)
                                                         net80 (net)
                      0.056542    0.000155    3.422739 v c152/B (sky130_fd_sc_hd__or3b_4)
     3    0.020977    0.066811    0.259800    3.682539 v c152/X (sky130_fd_sc_hd__or3b_4)
                                                         net82 (net)
                      0.066811    0.000134    3.682673 v c264/A (sky130_fd_sc_hd__nand3_4)
     9    0.060074    0.159010    0.127455    3.810128 ^ c264/Y (sky130_fd_sc_hd__nand3_4)
                                                         net183 (net)
                      0.159017    0.000874    3.811002 ^ fanout136/A (sky130_fd_sc_hd__buf_12)
    15    0.086863    0.082309    0.120786    3.931788 ^ fanout136/X (sky130_fd_sc_hd__buf_12)
                                                         net903 (net)
                      0.082316    0.000630    3.932418 ^ fanout135/A (sky130_fd_sc_hd__buf_6)
     6    0.034133    0.057509    0.095220    4.027638 ^ fanout135/X (sky130_fd_sc_hd__buf_6)
                                                         net902 (net)
                      0.057510    0.000426    4.028065 ^ fanout134/A (sky130_fd_sc_hd__buf_12)
    12    0.070600    0.068140    0.102390    4.130455 ^ fanout134/X (sky130_fd_sc_hd__buf_12)
                                                         net901 (net)
                      0.068154    0.000782    4.131237 ^ c274/B (sky130_fd_sc_hd__or2_4)
     6    0.064267    0.149942    0.170021    4.301257 ^ c274/X (sky130_fd_sc_hd__or2_4)
                                                         net863 (net)
                      0.149945    0.000561    4.301818 ^ c280/B (sky130_fd_sc_hd__nand3b_4)
     4    0.038801    0.102475    0.105216    4.407034 v c280/Y (sky130_fd_sc_hd__nand3b_4)
                                                         net198 (net)
                      0.102505    0.001406    4.408441 v c281/A (sky130_fd_sc_hd__nand2_8)
    17    0.060736    0.092502    0.109406    4.517847 ^ c281/Y (sky130_fd_sc_hd__nand2_8)
                                                         net199 (net)
                      0.092545    0.001556    4.519403 ^ c282/A0 (sky130_fd_sc_hd__mux4_2)
     5    0.025722    0.113245    0.212269    4.731672 ^ c282/X (sky130_fd_sc_hd__mux4_2)
                                                         net200 (net)
                      0.113245    0.000222    4.731894 ^ c284/A2 (sky130_fd_sc_hd__o221ai_4)
     2    0.017503    0.089020    0.072575    4.804469 v c284/Y (sky130_fd_sc_hd__o221ai_4)
                                                         net202 (net)
                      0.089020    0.000411    4.804880 v c397/B (sky130_fd_sc_hd__nor3b_4)
     2    0.012185    0.148983    0.170487    4.975367 ^ c397/Y (sky130_fd_sc_hd__nor3b_4)
                                                         net285 (net)
                      0.148983    0.000103    4.975471 ^ c405/C (sky130_fd_sc_hd__nor3_4)
     8    0.034540    0.092824    0.058974    5.034444 v c405/Y (sky130_fd_sc_hd__nor3_4)
                                                         net293 (net)
                      0.092831    0.000382    5.034826 v max_cap128/A (sky130_fd_sc_hd__buf_4)
     7    0.038619    0.046826    0.139348    5.174174 v max_cap128/X (sky130_fd_sc_hd__buf_4)
                                                         net895 (net)
                      0.046831    0.000712    5.174886 v c435/A2 (sky130_fd_sc_hd__mux4_2)
     1    0.012671    0.081198    0.290292    5.465178 v c435/X (sky130_fd_sc_hd__mux4_2)
                                                         net323 (net)
                      0.081199    0.000448    5.465626 v clkbuf_0_net323/A (sky130_fd_sc_hd__clkbuf_16)
     2    0.018034    0.026057    0.119218    5.584844 v clkbuf_0_net323/X (sky130_fd_sc_hd__clkbuf_16)
                                                         clknet_0_net323 (net)
                      0.026057    0.000175    5.585018 v clkbuf_1_1__f_net323/A (sky130_fd_sc_hd__clkbuf_16)
     1    0.004515    0.020018    0.086991    5.672009 v clkbuf_1_1__f_net323/X (sky130_fd_sc_hd__clkbuf_16)
                                                         clknet_1_1__leaf_net323 (net)
                      0.020018    0.000074    5.672084 v c553/B (sky130_fd_sc_hd__or2_4)
     1    0.008137    0.036680    0.139315    5.811399 v c553/X (sky130_fd_sc_hd__or2_4)
                                                         net418 (net)
                      0.036680    0.000099    5.811498 v clkbuf_0_net418/A (sky130_fd_sc_hd__clkbuf_16)
     2    0.010753    0.023026    0.095792    5.907290 v clkbuf_0_net418/X (sky130_fd_sc_hd__clkbuf_16)
                                                         clknet_0_net418 (net)
                      0.023026    0.000154    5.907443 v clkbuf_1_1__f_net418/A (sky130_fd_sc_hd__clkbuf_16)
     1    0.004729    0.020115    0.085881    5.993324 v clkbuf_1_1__f_net418/X (sky130_fd_sc_hd__clkbuf_16)
                                                         clknet_1_1__leaf_net418 (net)
                      0.020116    0.000075    5.993399 v c554/A (sky130_fd_sc_hd__and2_4)
     1    0.016422    0.033573    0.095345    6.088744 v c554/X (sky130_fd_sc_hd__and2_4)
                                                         net419 (net)
                      0.033590    0.000720    6.089464 v clkbuf_0_net419/A (sky130_fd_sc_hd__clkbuf_16)
     3    0.016582    0.025353    0.097909    6.187373 v clkbuf_0_net419/X (sky130_fd_sc_hd__clkbuf_16)
                                                         clknet_0_net419 (net)
                      0.025353    0.000178    6.187551 v clkbuf_1_0__f_net419/A (sky130_fd_sc_hd__clkbuf_16)
    15    0.051148    0.039555    0.110408    6.297959 v clkbuf_1_0__f_net419/X (sky130_fd_sc_hd__clkbuf_16)
                                                         clknet_1_0__leaf_net419 (net)
                      0.039657    0.001698    6.299657 v c577/A2 (sky130_fd_sc_hd__o221ai_1)
     1    0.013107    0.234526    0.210874    6.510531 ^ c577/Y (sky130_fd_sc_hd__o221ai_1)
                                                         net443 (net)
                      0.234527    0.000423    6.510954 ^ clkbuf_0_net443/A (sky130_fd_sc_hd__clkbuf_16)
     2    0.019463    0.035932    0.123766    6.634720 ^ clkbuf_0_net443/X (sky130_fd_sc_hd__clkbuf_16)
                                                         clknet_0_net443 (net)
                      0.035932    0.000223    6.634943 ^ clkbuf_1_0__f_net443/A (sky130_fd_sc_hd__clkbuf_16)
     5    0.019847    0.031067    0.085835    6.720778 ^ clkbuf_1_0__f_net443/X (sky130_fd_sc_hd__clkbuf_16)
                                                         clknet_1_0__leaf_net443 (net)
                      0.031068    0.000189    6.720967 ^ c587/A2 (sky130_fd_sc_hd__mux4_1)
     1    0.005570    0.058479    0.146261    6.867228 ^ c587/X (sky130_fd_sc_hd__mux4_1)
                                                         net455 (net)
                      0.058479    0.000107    6.867334 ^ merge808/RESET_B (sky130_fd_sc_hd__dlrtp_1)
                                              6.867334   data arrival time

                                  4.000000    4.000000   clock clk (fall edge)
                                  0.000000    4.000000   clock source latency
     2    0.041846    0.065685    0.047401    4.047401 v clk (in)
                                                         clk (net)
                      0.066364    0.000000    4.047401 v clkbuf_0_clk/A (sky130_fd_sc_hd__clkbuf_16)
    33    0.180325    0.092095    0.172510    4.219911 v clkbuf_0_clk/X (sky130_fd_sc_hd__clkbuf_16)
                                                         clknet_0_clk (net)
                      0.092236    0.002916    4.222827 v clkbuf_4_6_0_clk/A (sky130_fd_sc_hd__clkbuf_8)
    11    0.039473    0.041785    0.136233    4.359060 v clkbuf_4_6_0_clk/X (sky130_fd_sc_hd__clkbuf_8)
                                                         clknet_4_6_0_clk (net)
                      0.041788    0.000389    4.359449 v merge808/GATE (sky130_fd_sc_hd__dlrtp_1)
                                 -0.250000    4.109449   clock uncertainty
                                  0.000000    4.109449   clock reconvergence pessimism
                                  0.038047    4.147496   library recovery time
                                              4.147496   data required time
---------------------------------------------------------------------------------------------
                                              4.147496   data required time
                                             -6.867334   data arrival time
---------------------------------------------------------------------------------------------
                                             -2.719838   slack (VIOLATED)


Startpoint: s885 (negative level-sensitive latch clocked by clk)
Endpoint: c696 (rising edge-triggered flip-flop clocked by clk')
Path Group: clk
Path Type: max

Fanout         Cap        Slew       Delay        Time   Description
---------------------------------------------------------------------------------------------
                                  4.000000    4.000000   clock clk (fall edge)
                                  0.000000    4.000000   clock source latency
     2    0.041846    0.065685    0.047401    4.047401 v clk (in)
                                                         clk (net)
                      0.066364    0.000000    4.047401 v clkbuf_0_clk/A (sky130_fd_sc_hd__clkbuf_16)
    33    0.180325    0.092095    0.172510    4.219911 v clkbuf_0_clk/X (sky130_fd_sc_hd__clkbuf_16)
                                                         clknet_0_clk (net)
                      0.092394    0.004197    4.224108 v clkbuf_4_5_0_clk/A (sky130_fd_sc_hd__clkbuf_8)
    15    0.039359    0.041744    0.136319    4.360428 v clkbuf_4_5_0_clk/X (sky130_fd_sc_hd__clkbuf_8)
                                                         clknet_4_5_0_clk (net)
                      0.041748    0.000455    4.360883 v s885/GATE_N (sky130_fd_sc_hd__dlxbn_1)
                                  3.739996    8.100880   time given to startpoint
                      0.053885    0.000000    8.100880 ^ s885/D (sky130_fd_sc_hd__dlxbn_1)
     1    0.002572    0.030013    0.212557    8.313437 ^ s885/Q (sky130_fd_sc_hd__dlxbn_1)
                                                         net768 (net)
                      0.030013    0.000022    8.313458 ^ c660/A (sky130_fd_sc_hd__clkbuf_4)
    19    0.066860    0.154040    0.174537    8.487995 ^ c660/X (sky130_fd_sc_hd__clkbuf_4)
                                                         net512 (net)
                      0.154045    0.000726    8.488721 ^ c668/B (sky130_fd_sc_hd__nand2b_4)
     7    0.034144    0.068802    0.071634    8.560355 v c668/Y (sky130_fd_sc_hd__nand2b_4)
                                                         net520 (net)
                      0.068811    0.000639    8.560995 v c670/B (sky130_fd_sc_hd__nor2_2)
     7    0.025998    0.211614    0.184023    8.745017 ^ c670/Y (sky130_fd_sc_hd__nor2_2)
                                                         net522 (net)
                      0.211614    0.000166    8.745184 ^ c671/A1 (sky130_fd_sc_hd__mux4_2)
    15    0.044833    0.178085    0.291664    9.036848 ^ c671/X (sky130_fd_sc_hd__mux4_2)
                                                         net523 (net)
                      0.178085    0.000782    9.037629 ^ c673/B (sky130_fd_sc_hd__nand3b_1)
     1    0.002742    0.049723    0.047573    9.085202 v c673/Y (sky130_fd_sc_hd__nand3b_1)
                                                         net525 (net)
                      0.049723    0.000026    9.085228 v c678/A1 (sky130_fd_sc_hd__o211a_1)
     3    0.011601    0.053386    0.174618    9.259846 v c678/X (sky130_fd_sc_hd__o211a_1)
                                                         net530 (net)
                      0.053386    0.000096    9.259941 v c680/B2 (sky130_fd_sc_hd__o221a_1)
     2    0.008058    0.048268    0.147842    9.407784 v c680/X (sky130_fd_sc_hd__o221a_1)
                                                         net532 (net)
                      0.048268    0.000077    9.407861 v c690/S1 (sky130_fd_sc_hd__mux4_4)
     1    0.008260    0.048771    0.178387    9.586247 ^ c690/X (sky130_fd_sc_hd__mux4_4)
                                                         net542 (net)
                      0.048771    0.000072    9.586320 ^ clkbuf_0_net542/A (sky130_fd_sc_hd__clkbuf_16)
     2    0.018242    0.030057    0.088456    9.674776 ^ clkbuf_0_net542/X (sky130_fd_sc_hd__clkbuf_16)
                                                         clknet_0_net542 (net)
                      0.030057    0.000110    9.674886 ^ clkbuf_1_1__f_net542/A (sky130_fd_sc_hd__clkbuf_16)
     1    0.005233    0.021149    0.073664    9.748549 ^ clkbuf_1_1__f_net542/X (sky130_fd_sc_hd__clkbuf_16)
                                                         clknet_1_1__leaf_net542 (net)
                      0.021149    0.000068    9.748617 ^ c696/SET_B (sky130_fd_sc_hd__sdfbbp_1)
                                              9.748617   data arrival time

                                  0.000000    0.000000   clock clk' (rise edge)
                                  0.000000    0.000000   clock source latency
     2    0.041846    0.065685    0.047401    4.047401 v clk (in)
                                                         clk (net)
                      0.066364    0.000000    4.047401 v clkbuf_0_clk/A (sky130_fd_sc_hd__clkbuf_16)
    33    0.180325    0.092095    0.172510    4.219911 v clkbuf_0_clk/X (sky130_fd_sc_hd__clkbuf_16)
                                                         clknet_0_clk (net)
                      0.092467    0.004672    4.224583 v clkbuf_4_4_0_clk/A (sky130_fd_sc_hd__clkbuf_8)
    21    0.054020    0.051244    0.144774    4.369357 v clkbuf_4_4_0_clk/X (sky130_fd_sc_hd__clkbuf_8)
                                                         clknet_4_4_0_clk (net)
                      0.051271    0.001108    4.370464 v s883/CLK (sky130_fd_sc_hd__dlclkp_4)
     2    0.006542    0.026212    0.115719    4.486184 v s883/GCLK (sky130_fd_sc_hd__dlclkp_4)
                                                         net764 (net)
                      0.026212    0.000060    4.486244 v c561/A (sky130_fd_sc_hd__clkbuf_8)
     2    0.012900    0.024791    0.089019    4.575263 v c561/X (sky130_fd_sc_hd__clkbuf_8)
                                                         net426 (net)
                      0.024800    0.000314    4.575576 v c683/A2 (sky130_fd_sc_hd__o221ai_1)
     1    0.009421    0.080341    0.169846    4.745422 ^ c683/Y (sky130_fd_sc_hd__o221ai_1)
                                                         net535 (net)
                      0.080341    0.000136    4.745558 ^ clkbuf_0_net535/A (sky130_fd_sc_hd__clkbuf_16)
     2    0.019862    0.031635    0.098024    4.843582 ^ clkbuf_0_net535/X (sky130_fd_sc_hd__clkbuf_16)
                                                         clknet_0_net535 (net)
                      0.031636    0.000224    4.843806 ^ clkbuf_1_0__f_net535/A (sky130_fd_sc_hd__clkbuf_16)
     2    0.008444    0.023480    0.076775    4.920581 ^ clkbuf_1_0__f_net535/X (sky130_fd_sc_hd__clkbuf_16)
                                                         clknet_1_0__leaf_net535 (net)
                      0.023480    0.000071    4.920652 ^ c694/A2 (sky130_fd_sc_hd__mux4_1)
     1    0.011455    0.093779    0.176619    5.097271 ^ c694/X (sky130_fd_sc_hd__mux4_1)
                                                         net546 (net)
                      0.093779    0.000287    5.097558 ^ clkbuf_0_net546/A (sky130_fd_sc_hd__clkbuf_16)
     2    0.019152    0.031415    0.101117    5.198675 ^ clkbuf_0_net546/X (sky130_fd_sc_hd__clkbuf_16)
                                                         clknet_0_net546 (net)
                      0.031422    0.000250    5.198925 ^ clkbuf_1_0__f_net546/A (sky130_fd_sc_hd__clkbuf_16)
     1    0.003795    0.020133    0.072828    5.271752 ^ clkbuf_1_0__f_net546/X (sky130_fd_sc_hd__clkbuf_16)
                                                         clknet_1_0__leaf_net546 (net)
                      0.020133    0.000054    5.271807 ^ c696/RESET_B (sky130_fd_sc_hd__sdfbbp_1)
                                 -0.250000    1.021807   clock uncertainty
                                  0.000000    1.021807   clock reconvergence pessimism
                                 -0.070166    0.951641   library non-sequential setup time
                                              0.951641   data required time
---------------------------------------------------------------------------------------------
                                              0.951641   data required time
                                             -9.748617   data arrival time
---------------------------------------------------------------------------------------------
                                             -8.796976   slack (VIOLATED)




===========================================================================
 report_check_types -max_slew -max_cap -max_fanout -violators
============================================================================
======================= min_ff_n40C_1v95 Corner ===================================

max fanout

Pin                                   Limit Fanout  Slack
---------------------------------------------------------
clkbuf_0_clk/X                           10     33    -23 (VIOLATED)
clkbuf_4_7_0_clk/X                       10     27    -17 (VIOLATED)
clkbuf_1_1__f_net419/X                   10     23    -13 (VIOLATED)
c106/X                                   10     21    -11 (VIOLATED)
c279/X                                   10     21    -11 (VIOLATED)
c661/X                                   10     21    -11 (VIOLATED)
c663/X                                   10     21    -11 (VIOLATED)
c89/Y                                    10     21    -11 (VIOLATED)
clkbuf_4_12_0_clk/X                      10     21    -11 (VIOLATED)
clkbuf_4_4_0_clk/X                       10     21    -11 (VIOLATED)
fanout120/X                              10     21    -11 (VIOLATED)
fanout122/X                              10     21    -11 (VIOLATED)
fanout125/X                              10     21    -11 (VIOLATED)
fanout132/X                              10     21    -11 (VIOLATED)
fanout133/X                              10     21    -11 (VIOLATED)
fanout137/X                              10     21    -11 (VIOLATED)
fanout138/X                              10     21    -11 (VIOLATED)
fanout141/X                              10     21    -11 (VIOLATED)
fanout142/X                              10     21    -11 (VIOLATED)
fanout145/X                              10     21    -11 (VIOLATED)
fanout150/X                              10     21    -11 (VIOLATED)
fanout151/X                              10     21    -11 (VIOLATED)
fanout152/X                              10     21    -11 (VIOLATED)
fanout154/X                              10     21    -11 (VIOLATED)
fanout156/X                              10     21    -11 (VIOLATED)
input57/X                                10     21    -11 (VIOLATED)
s862/Q                                   10     21    -11 (VIOLATED)
c179/X                                   10     19     -9 (VIOLATED)
c318/Q                                   10     19     -9 (VIOLATED)
c318/Q_N                                 10     19     -9 (VIOLATED)
c399/X                                   10     19     -9 (VIOLATED)
c409/X                                   10     19     -9 (VIOLATED)
c660/X                                   10     19     -9 (VIOLATED)
clkbuf_4_10_0_clk/X                      10     19     -9 (VIOLATED)
clkbuf_4_1_0_clk/X                       10     19     -9 (VIOLATED)
input55/X                                10     19     -9 (VIOLATED)
input9/X                                 10     19     -9 (VIOLATED)
c281/Y                                   10     17     -7 (VIOLATED)
c356/X                                   10     17     -7 (VIOLATED)
c481/X                                   10     17     -7 (VIOLATED)
c540/X                                   10     17     -7 (VIOLATED)
clkbuf_4_8_0_clk/X                       10     17     -7 (VIOLATED)
fanout149/X                              10     17     -7 (VIOLATED)
input21/X                                10     17     -7 (VIOLATED)
input23/X                                10     17     -7 (VIOLATED)
input31/X                                10     17     -7 (VIOLATED)
input44/X                                10     17     -7 (VIOLATED)
s816/Q                                   10     17     -7 (VIOLATED)
wire123/X                                10     17     -7 (VIOLATED)
c108/X                                   10     15     -5 (VIOLATED)
c155/X                                   10     15     -5 (VIOLATED)
c176/X                                   10     15     -5 (VIOLATED)
c229/Y                                   10     15     -5 (VIOLATED)
c233/Y                                   10     15     -5 (VIOLATED)
c298/Y                                   10     15     -5 (VIOLATED)
c325/X                                   10     15     -5 (VIOLATED)
c470/X                                   10     15     -5 (VIOLATED)
c532/Y                                   10     15     -5 (VIOLATED)
c538/X                                   10     15     -5 (VIOLATED)
c671/X                                   10     15     -5 (VIOLATED)
clkbuf_1_0__f_net419/X                   10     15     -5 (VIOLATED)
clkbuf_4_5_0_clk/X                       10     15     -5 (VIOLATED)
fanout136/X                              10     15     -5 (VIOLATED)
input29/X                                10     15     -5 (VIOLATED)
s826/Q                                   10     15     -5 (VIOLATED)
wire146/X                                10     15     -5 (VIOLATED)
c104/X                                   10     13     -3 (VIOLATED)
c302/X                                   10     13     -3 (VIOLATED)
c304/X                                   10     13     -3 (VIOLATED)
c306/X                                   10     13     -3 (VIOLATED)
c308/X                                   10     13     -3 (VIOLATED)
c324/Y                                   10     13     -3 (VIOLATED)
c327/X                                   10     13     -3 (VIOLATED)
c432/Q                                   10     13     -3 (VIOLATED)
c464/X                                   10     13     -3 (VIOLATED)
c68/X                                    10     13     -3 (VIOLATED)
c697/X                                   10     13     -3 (VIOLATED)
c75/Y                                    10     13     -3 (VIOLATED)
clkbuf_1_0__f_net334/X                   10     13     -3 (VIOLATED)
clkbuf_4_0_0_clk/X                       10     13     -3 (VIOLATED)
input34/X                                10     13     -3 (VIOLATED)
input39/X                                10     13     -3 (VIOLATED)
max_cap140/X                             10     13     -3 (VIOLATED)
c128/X                                   10     12     -2 (VIOLATED)
fanout134/X                              10     12     -2 (VIOLATED)
c144/Y                                   10     11        (VIOLATED)
c145/Y                                   10     11        (VIOLATED)
c148/X                                   10     11        (VIOLATED)
c151/X                                   10     11        (VIOLATED)
c154/X                                   10     11        (VIOLATED)
c200/X                                   10     11        (VIOLATED)
c275/X                                   10     11        (VIOLATED)
c296/Y                                   10     11        (VIOLATED)
c331/X                                   10     11        (VIOLATED)
c432/Q_N                                 10     11        (VIOLATED)
c66/Y                                    10     11        (VIOLATED)
c689/Q                                   10     11        (VIOLATED)
c691/X                                   10     11        (VIOLATED)
c693/X                                   10     11        (VIOLATED)
clkbuf_4_6_0_clk/X                       10     11        (VIOLATED)
clone13/X                                10     11        (VIOLATED)
input19/X                                10     11        (VIOLATED)
input20/X                                10     11        (VIOLATED)
input33/X                                10     11        (VIOLATED)
input46/X                                10     11        (VIOLATED)
input56/X                                10     11        (VIOLATED)
input7/X                                 10     11        (VIOLATED)
max_cap139/X                             10     11        (VIOLATED)
merge790/Q                               10     11        (VIOLATED)
s840/Q                                   10     11        (VIOLATED)



===========================================================================
report_parasitic_annotation -report_unannotated
============================================================================
Found 9 unannotated drivers.
 rst
 c260/Q_N
 c718/Q_N
 c732/Q_N
 c737/Q_N
 s838/Q_N
 s844/Q_N
 s861/Q_N
 s869/Q_N
Found 0 partially unannotated drivers.

===========================================================================
max slew violation count 0
max fanout violation count 110
max cap violation count 0
============================================================================

===========================================================================
check_setup -verbose -unconstrained_endpoints -multiple_clock -no_clock -no_input_delay -loops -generated_clocks
===========================================================================
Warning: There are 7 unconstrained endpoints.
  out29
  out39
  out42
  out43
  out45
  merge796/D
  merge803/D
