
===========================================================================
Violator List
============================================================================
[hold reg-reg] c719/Q -> c725/RESET_B : -2.198727
[hold reg-reg] merge774/Q -> merge784/RESET_B : -1.891393
[hold in-reg] clk -> c568/SET_B : -1.780503
[hold in-reg] clk -> c580/SET_B : -1.744877
[hold reg-reg] c568/Q_N -> c696/RESET_B : -1.707984
[hold reg-reg] s832/Q -> c502/SET_B : -1.675317
[hold reg-reg] s831/Q -> c498/SET_B : -1.667484
[hold reg-reg] merge807/Q -> c696/SET_B : -1.493518
[hold in-reg] in16 -> c605/RESET_B : -0.826507
[hold in-reg] in13 -> c705/SET_B : -0.339955
[hold reg-reg] s831/Q -> c498/SET_B : -0.049565
[hold in-reg] clk -> s851/GATE : -0.042775
[hold in-reg] clk -> merge791/RESET_B : -0.039248
[hold reg-reg] c596/Q -> c599/RESET_B : -0.021325
[hold reg-reg] merge806/Q -> c332/RESET_B : -0.015817
[hold in-reg] clk -> c599/SET_B : -0.013413
[hold reg-reg] s877/Q -> merge793/RESET_B : -0.009496
[hold reg-reg] s822/Q_N -> merge797/SET_B : -0.003927
[setup reg-reg] s885/Q -> c696/SET_B : -8.796976
[setup reg-reg] s885/Q -> c696/RESET_B : -7.411445
[setup reg-reg] s821/Q -> c568/RESET_B : -7.375727
[setup reg-reg] s823/Q -> c593/SET_B : -6.366696
[setup in-reg] in20 -> c580/RESET_B : -6.033993
[setup in-reg] in20 -> merge784/RESET_B : -3.751008
[setup in-reg] in20 -> s859/D : -3.063975
[setup in-reg] in20 -> s843/D : -3.005787
[setup in-reg] in20 -> c705/SET_B : -2.975729
[setup in-reg] in20 -> s827/D : -2.935492
[setup in-reg] in20 -> s842/D : -2.899326
[setup in-reg] in20 -> merge808/D : -2.823262
[setup in-reg] in20 -> c570/D : -2.801552
[setup in-reg] in20 -> s875/D : -2.774769
[setup in-reg] in20 -> s870/D : -2.773144
[setup reg-reg] c705/Q -> c710/RESET_B : -2.720279
[setup in-reg] in20 -> merge808/RESET_B : -2.719838
[setup in-reg] in20 -> s858/D : -2.710827
[setup in-reg] in20 -> c580/SCE : -2.683890
[setup in-reg] in20 -> s874/D : -2.657323
[setup in-reg] in20 -> merge801/RESET_B : -2.629256
[setup in-reg] in20 -> c705/RESET_B : -2.618394
[setup in-reg] in26 -> merge802/D : -2.603151
[setup in-reg] in20 -> s838/D : -2.592777
[setup in-reg] in20 -> c729/SCE : -2.575112
[setup in-reg] in20 -> c570/SCD : -2.571490
[setup in-reg] in20 -> s822/D : -2.569625
[setup in-reg] in20 -> c580/RESET_B : -2.568359
[setup in-reg] in20 -> c737/D : -2.534613
[setup in-reg] in26 -> c248/SCD : -2.516140
[setup reg-out] s825/Q -> out20 : -2.513620
[setup in-reg] in20 -> c725/SET_B : -2.511085
[setup in-reg] in20 -> merge801/D : -2.489897
[setup in-reg] in20 -> c705/D : -2.484617
[setup in-reg] in20 -> c605/SET_B : -2.466141
[setup in-reg] in26 -> merge802/RESET_B : -2.462731
[setup in-reg] in20 -> merge790/D : -2.414013
[setup in-reg] in20 -> s826/D : -2.376449
[setup in-reg] in20 -> merge768/RESET_B : -2.341560
[setup in-reg] in20 -> c594/RESET_B : -2.331331
[setup reg-reg] s885/Q -> merge799/D : -2.316128
[setup in-reg] in20 -> c570/SCE : -2.306523
[setup in-reg] in20 -> c449/SCE : -2.297656
[setup in-reg] in20 -> merge790/RESET_B : -2.292389
[setup in-reg] in20 -> c502/SCD : -2.292141
[setup in-reg] in20 -> c600/SCD : -2.277419
[setup in-reg] in20 -> merge768/D : -2.268530
[setup reg-reg] s885/Q -> s861/D : -2.233846
[setup in-reg] in20 -> merge807/RESET_B : -2.186128
[setup in-reg] in20 -> merge807/D : -2.183390
[setup in-reg] in26 -> c248/SET_B : -2.171274
[setup reg-reg] s885/Q -> s852/D : -2.164455
[setup in-reg] in20 -> merge782/RESET_B : -2.163508
[setup in-reg] in20 -> c549/SCE : -2.160843
[setup in-reg] in20 -> c369/SCE : -2.157334
[setup in-reg] in20 -> c710/SET_B : -2.149441
[setup in-reg] in20 -> merge782/D : -2.142899
[setup in-reg] in20 -> c594/D : -2.142036
[setup in-reg] in20 -> c502/RESET_B : -2.126719
[setup in-reg] in20 -> c318/D : -2.113675
[setup in-reg] in20 -> c593/D : -2.113117
[setup in-reg] in20 -> c605/SCE : -2.075752
[setup in-reg] in20 -> c318/RESET_B : -2.062521
[setup in-reg] in20 -> c499/RESET_B : -2.045732
[setup reg-reg] s885/Q -> c718/SCD : -2.038102
[setup in-reg] in20 -> c729/SCD : -2.034060
[setup reg-reg] s885/Q -> c724/SCE : -2.007480
[setup in-reg] in20 -> merge806/D : -2.000890
[setup in-reg] in20 -> c318/SCD : -1.968835
[setup in-reg] in20 -> c710/D : -1.962396
[setup in-reg] in20 -> c549/SCD : -1.958825
[setup reg-reg] s885/Q -> s855/D : -1.933203
[setup reg-reg] s885/Q -> s853/D : -1.931298
[setup reg-reg] s885/Q -> s872/D : -1.928289
[setup reg-reg] s885/Q -> s871/D : -1.927187
[setup in-reg] in20 -> merge775/SCD : -1.919820
[setup in-reg] in20 -> s854/D : -1.901393
[setup in-reg] in20 -> c580/SCD : -1.895693
[setup in-reg] in20 -> c737/SCE : -1.890924
[setup in-reg] in20 -> c593/SCD : -1.876087
[setup in-reg] in20 -> c600/RESET_B : -1.875014
[setup reg-reg] s885/Q -> s863/D : -1.865282
[setup reg-reg] s885/Q -> merge804/RESET_B : -1.799594
[setup reg-reg] s885/Q -> merge804/D : -1.793763
[setup reg-reg] s885/Q -> s860/D : -1.791777
[setup reg-reg] s885/Q -> merge799/RESET_B : -1.787478
[setup in-reg] in18 -> merge775/D : -1.766484
[setup in-reg] in20 -> merge768/SCD : -1.756193
[setup in-reg] in26 -> c499/D : -1.751976
[setup in-reg] in20 -> c450/SCE : -1.745976
[setup reg-reg] s885/Q -> merge810/D : -1.738971
[setup in-reg] in20 -> c213/SET_B : -1.735198
[setup in-reg] in20 -> c729/SET_B : -1.705945
[setup in-reg] in20 -> c710/SCD : -1.701168
[setup in-reg] in20 -> merge806/RESET_B : -1.686081
[setup reg-reg] s885/Q -> merge788/RESET_B : -1.684453
[setup in-reg] in20 -> c318/SCE : -1.656441
[setup reg-reg] s885/Q -> merge788/D : -1.653908
[setup reg-reg] s885/Q -> s868/D : -1.652209
[setup reg-out] s821/Q -> out31 : -1.650229
[setup in-reg] in20 -> c369/SCD : -1.647114
[setup in-reg] in18 -> c248/D : -1.617627
[setup reg-reg] s885/Q -> c696/RESET_B : -1.614052
[setup in-reg] in20 -> c502/D : -1.590159
[setup reg-out] merge800/Q -> out36 : -1.589550
[setup reg-out] s820/Q -> out8 : -1.570600
[setup reg-reg] s885/Q -> c696/D : -1.516110
[setup reg-reg] s885/Q -> c696/SET_B : -1.516020
[setup in-reg] in20 -> c729/RESET_B : -1.489476
[setup in-reg] in18 -> merge782/SCD : -1.470334
[setup reg-reg] merge799/Q_N -> s873/D : -1.349593
[setup in-reg] in20 -> c549/RESET_B : -1.332650
[setup reg-reg] s885/Q -> c689/SCE : -1.293907
[setup reg-reg] s885/Q -> s857/D : -1.280835
[setup in-reg] in20 -> merge775/SET_B : -1.279886
[setup reg-reg] s885/Q -> c689/D : -1.240996
[setup in-reg] in20 -> c710/SCE : -1.170254
[setup reg-out] merge800/Q -> out54 : -1.168923
[setup in-reg] in20 -> c549/D : -1.075704
[setup reg-reg] s840/Q -> merge809/D : -1.070328
[setup reg-reg] merge799/Q_N -> merge791/D : -1.067701
[setup in-reg] in18 -> merge775/SCE : -1.030583
[setup reg-reg] s884/Q_N -> c598/D : -1.024739
[setup in-reg] in18 -> c213/SCD : -1.019551
[setup in-reg] in20 -> c449/D : -1.004868
[setup reg-reg] s837/Q_N -> s867/GATE : -0.999346
[setup reg-reg] s825/Q -> s828/D : -0.986051
[setup reg-reg] s825/Q -> s829/D : -0.982812
[setup reg-reg] s885/Q -> s885/D : -0.969156
[setup reg-reg] s884/Q_N -> s836/D : -0.964747
[setup reg-reg] s884/Q_N -> s849/GATE : -0.964193
[setup reg-reg] s884/Q_N -> merge810/DE : -0.947499
[setup reg-reg] s825/Q -> s830/D : -0.928937
[setup reg-reg] s837/Q_N -> s840/D : -0.918764
[setup reg-reg] s837/Q_N -> s839/D : -0.917571
[setup reg-reg] s884/Q_N -> s847/D : -0.902793
[setup reg-reg] s885/Q -> c724/SCD : -0.882748
[setup reg-reg] s836/Q_N -> s864/D : -0.843775
[setup reg-reg] s884/Q -> s837/D : -0.832769
[setup in-reg] in20 -> c737/SCD : -0.822088
[setup reg-reg] s884/Q -> s884/D : -0.815333
[setup in-reg] in20 -> c705/SCD : -0.807584
[setup in-reg] in20 -> c737/RESET_B : -0.791028
[setup reg-reg] s884/Q -> s856/D : -0.787130
[setup reg-reg] s884/Q_N -> c719/D : -0.784167
[setup reg-reg] s820/Q_N -> s841/D : -0.775100
[setup reg-reg] s820/Q_N -> s848/D : -0.774961
[setup in-reg] in20 -> c449/SCD : -0.773829
[setup in-reg] in20 -> c318/SET_B : -0.758221
[setup reg-reg] s885/Q -> c718/D : -0.753749
[setup reg-reg] s820/Q_N -> s851/GATE : -0.695089
[setup reg-reg] s884/Q -> c583/D : -0.688011
[setup reg-reg] s837/Q_N -> merge791/RESET_B : -0.685678
[setup reg-reg] s820/Q_N -> s844/D : -0.652531
[setup reg-reg] s885/Q -> c689/SCD : -0.635997
[setup reg-reg] s825/Q -> c498/RESET_B : -0.617249
[setup reg-reg] merge804/Q -> s862/D : -0.613205
[setup in-out] in20 -> out59 : -0.599209
[setup in-out] in26 -> out44 : -0.586417
[setup in-reg] in16 -> c605/RESET_B : -0.582854
[setup in-out] in26 -> out49 : -0.567396
[setup reg-reg] s840/Q -> s866/GATE : -0.565959
[setup reg-reg] s885/Q -> c718/SCE : -0.563362
[setup reg-out] merge800/Q -> out50 : -0.488092
[setup reg-reg] s884/Q_N -> c583/SET_B : -0.475634
[setup reg-reg] c596/Q -> c599/RESET_B : -0.470765
[setup in-out] in26 -> out17 : -0.461164
[setup reg-reg] s841/Q -> merge809/DE : -0.454621
[setup in-out] in26 -> out60 : -0.405044
[setup in-reg] in20 -> c725/SCD : -0.398641
[setup reg-reg] s868/Q_N -> s869/D : -0.398410
[setup reg-reg] s884/Q_N -> c583/SCD : -0.395923
[setup in-reg] in20 -> c594/SCD : -0.386021
[setup in-reg] in20 -> c600/SCE : -0.381842
[setup reg-reg] s837/Q_N -> c732/SCE : -0.338150
[setup reg-reg] s885/Q_N -> c696/SCE : -0.301801
[setup in-out] in26 -> out26 : -0.279713
[setup reg-reg] merge808/Q -> c593/SCE : -0.277044
[setup in-out] in20 -> out52 : -0.260735
[setup reg-reg] s821/Q -> merge789/D : -0.246582
[setup reg-reg] s820/Q_N -> s832/D : -0.241963
[setup reg-reg] s840/Q -> c732/SET_B : -0.191326
[setup reg-reg] s823/Q -> s877/D : -0.180955
[setup in-reg] clk -> c580/SET_B : -0.155021
[setup in-out] in20 -> out30 : -0.122157
[setup reg-reg] s857/Q -> c718/SET_B : -0.110970
[setup reg-reg] s823/Q -> s850/GATE : -0.075751
[setup reg-reg] s820/Q_N -> c498/D : -0.072427
[setup reg-reg] s821/Q -> merge784/SCE : -0.067395
[setup in-reg] in20 -> c213/D : -0.057387
[setup reg-reg] s823/Q -> s882/GATE : -0.017402
[setup reg-reg] s823/Q -> s865/GATE : -0.001398
[setup reg-reg] s824/Q -> s825/D : 0.000000
[setup reg-reg] s821/Q -> s824/D : 0.000000
[setup reg-reg] merge800/Q -> s820/D : 0.000000
[setup in-reg] in20 -> s821/D : 0.000000
[setup in-reg] clk -> s823/D : 0.000000
[setup in-reg] in20 -> merge800/D : 0.000000
[setup in-reg] in20 -> merge805/D : 0.000000
