
===========================================================================
Violator List
============================================================================
[hold reg-reg] merge788/Q -> c633/RESET_B : -9.554272
[hold reg-reg] merge788/Q -> c627/RESET_B : -8.975069
[hold reg-reg] merge821/Q_N -> c756/SET_B : -8.847944
[hold reg-reg] s858/Q -> c633/SET_B : -8.459027
[hold reg-reg] merge798/Q_N -> merge769/RESET_B : -8.424876
[hold reg-reg] c623/Q -> c627/SET_B : -8.407129
[hold reg-reg] merge812/Q -> merge769/SET_B : -8.100973
[hold in-reg] clk -> c504/SET_B : -8.079644
[hold reg-reg] merge820/Q_N -> c631/RESET_B : -5.818205
[hold reg-reg] c246/Q -> c258/RESET_B : -5.657635
[hold reg-reg] merge810/Q -> c323/SET_B : -3.610187
[hold reg-reg] merge785/Q_N -> c293/SET_B : -3.561859
[hold reg-reg] merge785/Q_N -> c292/SET_B : -3.495255
[hold reg-reg] merge785/Q_N -> c323/RESET_B : -3.329751
[hold in-reg] clk -> c167/RESET_B : -2.639763
[hold reg-reg] s842/Q -> c194/SET_B : -2.226924
[hold in-reg] clk -> c168/SET_B : -2.063824
[hold reg-reg] s886/Q -> c192/SET_B : -1.664334
[hold reg-reg] merge785/Q -> c192/RESET_B : -1.635729
[hold reg-reg] c363/Q -> c366/RESET_B : -0.821525
[hold in-reg] clk -> c168/RESET_B : -0.252090
[hold in-reg] in53 -> merge789/SET_B : -0.226362
[hold reg-reg] c429/Q_N -> merge806/RESET_B : -0.051203
[hold reg-reg] s881/Q -> merge805/RESET_B : -0.020909
[hold reg-reg] s842/Q -> merge810/RESET_B : -0.020418
[setup in-reg] in2 -> c504/RESET_B : -12.371249
[setup in-reg] in2 -> c633/RESET_B : -12.263984
[setup in-reg] in2 -> c633/SET_B : -12.048242
[setup in-reg] in2 -> merge769/SET_B : -11.676772
[setup in-reg] in2 -> c627/SET_B : -11.469039
[setup in-reg] in2 -> merge821/D : -11.173039
[setup in-reg] in2 -> merge829/D : -11.123005
[setup in-reg] in2 -> merge769/RESET_B : -10.937456
[setup in-reg] in2 -> s885/D : -10.864316
[setup in-reg] in2 -> s870/D : -10.833541
[setup in-reg] in2 -> s881/D : -10.815579
[setup in-reg] in2 -> c366/SCD : -10.741435
[setup in-reg] in2 -> merge821/RESET_B : -10.665511
[setup in-reg] in2 -> merge829/RESET_B : -10.650171
[setup in-reg] in2 -> c756/D : -10.564243
[setup in-reg] in2 -> c631/SET_B : -10.524728
[setup in-reg] in2 -> c633/SET_B : -10.524728
[setup in-reg] in2 -> c627/RESET_B : -10.467359
[setup in-reg] in2 -> s869/D : -10.460198
[setup in-reg] in2 -> c631/SCE : -10.458856
[setup in-reg] in2 -> merge769/D : -10.362317
[setup in-reg] in2 -> merge769/SET_B : -10.166059
[setup in-reg] in2 -> merge837/RESET_B : -10.160986
[setup in-reg] in2 -> c627/SET_B : -9.930285
[setup in-reg] in2 -> merge807/RESET_B : -9.893709
[setup in-reg] in2 -> c756/RESET_B : -9.879335
[setup in-reg] in2 -> c627/RESET_B : -9.703601
[setup in-reg] in2 -> c633/RESET_B : -9.692258
[setup in-reg] in2 -> merge769/RESET_B : -9.450732
[setup in-reg] in2 -> merge769/SCD : -9.239415
[setup in-out] in2 -> out17 : -8.753345
[setup reg-out] merge825/Q -> out59 : -8.717236
[setup reg-reg] merge825/Q -> merge834/SCE : -8.646040
[setup reg-reg] merge825/Q -> merge831/D : -8.465097
[setup in-reg] in2 -> c366/SCE : -8.324814
[setup in-out] in2 -> out38 : -8.299256
[setup in-out] in2 -> out4 : -8.232582
[setup in-out] in2 -> out52 : -7.619891
[setup in-out] in2 -> out34 : -7.513145
[setup in-out] in2 -> out44 : -7.466466
[setup in-reg] in2 -> s884/D : -7.158996
[setup in-reg] in2 -> s872/D : -7.136512
[setup reg-reg] merge820/Q_N -> c631/RESET_B : -7.087265
[setup in-out] in2 -> out47 : -7.084343
[setup in-reg] in2 -> s858/D : -7.052635
[setup in-reg] in2 -> s857/D : -7.034217
[setup in-reg] in2 -> s882/D : -7.004909
[setup in-reg] in2 -> c630/SCE : -6.969882
[setup in-reg] in2 -> c623/D : -6.965710
[setup in-reg] in2 -> merge831/DE : -6.954416
[setup in-reg] in2 -> merge788/SCE : -6.925021
[setup in-reg] in2 -> s883/D : -6.903200
[setup in-reg] in2 -> c623/SCD : -6.902990
[setup in-reg] in2 -> merge805/D : -6.887980
[setup in-reg] in2 -> c632/SCE : -6.875674
[setup in-reg] in2 -> s856/D : -6.868382
[setup in-reg] in2 -> s860/GATE : -6.845915
[setup in-reg] in2 -> s861/GATE : -6.841114
[setup in-reg] in2 -> merge815/D : -6.839077
[setup in-reg] in2 -> s880/D : -6.786103
[setup in-reg] in2 -> merge820/RESET_B : -6.762733
[setup in-reg] in2 -> merge834/GATE : -6.756748
[setup in-reg] in2 -> merge798/SCE : -6.712526
[setup in-out] in2 -> out22 : -6.689048
[setup in-out] in2 -> out43 : -6.663061
[setup reg-reg] s886/Q -> s849/D : -6.613178
[setup in-reg] in2 -> c363/SCE : -6.610684
[setup reg-reg] s886/Q -> merge827/D : -6.598384
[setup in-reg] clk -> c167/SET_B : -6.587374
[setup in-reg] in2 -> merge812/D : -6.550082
[setup in-reg] in2 -> s868/D : -6.535907
[setup in-reg] in2 -> s871/D : -6.510594
[setup in-reg] in2 -> merge815/SET_B : -6.474173
[setup in-reg] in2 -> c323/RESET_B : -6.471896
[setup in-reg] in2 -> c504/SCD : -6.419720
[setup in-reg] in2 -> merge808/D : -6.392981
[setup in-reg] in2 -> merge830/DE : -6.386137
[setup in-reg] in2 -> merge830/D : -6.372204
[setup in-out] in2 -> out30 : -6.367810
[setup in-reg] in2 -> merge798/D : -6.315439
[setup reg-reg] s886/Q -> c258/SCD : -6.284800
[setup in-reg] in2 -> merge819/D : -6.266253
[setup in-reg] in2 -> merge805/RESET_B : -6.128429
[setup in-reg] in2 -> merge812/SET_B : -6.086604
[setup reg-reg] merge824/Q -> s866/D : -6.084035
[setup in-reg] in2 -> merge808/RESET_B : -6.068806
[setup reg-reg] merge824/Q -> merge820/D : -6.043581
[setup reg-reg] merge824/Q -> s867/D : -6.015884
[setup in-reg] clk -> c168/RESET_B : -6.011435
[setup reg-reg] s886/Q -> c258/SET_B : -6.006796
[setup reg-reg] merge825/Q -> s848/D : -5.971446
[setup reg-reg] merge825/Q -> s847/D : -5.956514
[setup reg-reg] s886/Q -> c258/SCE : -5.872774
[setup in-reg] in2 -> merge819/RESET_B : -5.778161
[setup in-reg] in2 -> c504/D : -5.655585
[setup in-reg] in2 -> c323/SET_B : -5.501864
[setup in-reg] in2 -> c363/D : -5.431612
[setup reg-reg] merge824/Q -> s875/D : -5.218909
[setup reg-reg] merge824/Q -> s874/D : -5.203182
[setup reg-reg] merge824/Q -> merge832/GATE : -5.161550
[setup in-reg] in2 -> c192/RESET_B : -5.069873
[setup reg-reg] merge824/Q -> c719/SCD : -5.007018
[setup in-reg] in2 -> c504/RESET_B : -4.932892
[setup reg-reg] merge824/Q -> c710/SCD : -4.896082
[setup reg-reg] merge824/Q -> c710/D : -4.852094
[setup in-reg] in2 -> merge798/SCD : -4.798645
[setup in-reg] in2 -> merge814/D : -4.749810
[setup reg-reg] merge824/Q -> c582/SCD : -4.740785
[setup reg-reg] merge824/Q -> c717/RESET_B : -4.719063
[setup reg-reg] merge824/Q -> c717/SET_B : -4.700805
[setup reg-reg] merge824/Q -> c582/SET_B : -4.690134
[setup in-reg] in2 -> c192/SET_B : -4.542124
[setup reg-reg] merge825/Q -> c229/D : -4.532122
[setup in-reg] in2 -> s854/D : -4.484795
[setup in-reg] in2 -> c363/SCD : -4.452214
[setup reg-reg] merge824/Q -> c582/RESET_B : -4.352323
[setup reg-reg] s886/Q -> c230/SCD : -4.203324
[setup in-reg] in2 -> merge823/D : -4.037820
[setup in-reg] in2 -> merge789/SET_B : -3.996237
[setup in-reg] in2 -> c293/D : -3.940027
[setup in-reg] in2 -> s886/D : -3.916908
[setup reg-reg] merge825/Q -> c232/D : -3.868172
[setup in-reg] clk -> c167/RESET_B : -3.857612
[setup in-reg] in2 -> s853/D : -3.830410
[setup in-reg] in2 -> c293/RESET_B : -3.743510
[setup in-reg] in2 -> merge828/D : -3.716875
[setup in-reg] in2 -> c292/RESET_B : -3.672885
[setup in-reg] in2 -> c363/SET_B : -3.636829
[setup in-reg] in2 -> c168/SCE : -3.600215
[setup reg-reg] merge824/Q -> s873/D : -3.537019
[setup in-reg] in2 -> merge789/D : -3.512327
[setup in-reg] in2 -> c292/SCE : -3.505696
[setup in-reg] in2 -> merge828/RESET_B : -3.497934
[setup reg-reg] merge825/Q -> c232/RESET_B : -3.463226
[setup in-reg] in2 -> merge823/RESET_B : -3.459133
[setup reg-reg] c230/Q_N -> c232/SET_B : -3.386307
[setup reg-reg] merge824/Q -> c701/D : -3.341412
[setup reg-reg] merge824/Q -> c717/D : -3.339083
[setup reg-reg] merge783/Q -> c426/D : -3.314521
[setup reg-reg] s886/Q -> c225/RESET_B : -3.187613
[setup in-reg] in26 -> c225/SCE : -3.163509
[setup in-reg] in2 -> c323/SCE : -3.149410
[setup in-reg] in2 -> c194/RESET_B : -3.117250
[setup in-reg] in2 -> c321/D : -3.077376
[setup in-reg] in2 -> c168/D : -3.076774
[setup in-reg] in2 -> c167/SET_B : -3.065627
[setup in-reg] in26 -> merge800/SCE : -2.979571
[setup in-reg] in26 -> merge827/RESET_B : -2.917493
[setup in-reg] in26 -> c122/SCE : -2.795765
[setup reg-reg] merge783/Q -> c539/SCE : -2.790749
[setup reg-reg] merge783/Q -> c532/SCE : -2.790318
[setup in-reg] in26 -> merge804/D : -2.781485
[setup in-reg] in26 -> c258/D : -2.746469
[setup in-reg] in2 -> c194/D : -2.740524
[setup reg-reg] merge824/Q -> c701/SCD : -2.707789
[setup in-reg] in26 -> c230/SET_B : -2.704704
[setup in-reg] in26 -> c107/SCD : -2.689626
[setup in-reg] in26 -> merge804/SCD : -2.639286
[setup reg-reg] merge825/Q -> merge825/D : -2.637039
[setup reg-reg] merge825/Q -> s843/D : -2.633256
[setup in-reg] in26 -> merge804/RESET_B : -2.604357
[setup in-reg] in26 -> merge800/RESET_B : -2.576265
[setup in-reg] in2 -> c273/D : -2.570041
[setup in-reg] in2 -> c274/RESET_B : -2.561856
[setup reg-reg] merge783/Q -> merge795/SCE : -2.557708
[setup in-reg] in2 -> c167/D : -2.552906
[setup reg-reg] merge825/Q -> s844/GATE : -2.528177
[setup reg-reg] merge825/Q -> s845/GATE : -2.510008
[setup reg-reg] merge783/Q -> merge837/D : -2.473101
[setup in-reg] in26 -> c225/D : -2.470730
[setup in-reg] in26 -> c107/RESET_B : -2.463363
[setup in-reg] in2 -> c321/RESET_B : -2.461396
[setup reg-reg] merge783/Q -> c536/SET_B : -2.452123
[setup reg-reg] merge783/Q -> c538/SET_B : -2.452027
[setup in-reg] in2 -> c274/SCE : -2.408116
[setup reg-out] s884/Q -> out14 : -2.406860
[setup reg-reg] merge824/Q -> c701/RESET_B : -2.357218
[setup reg-reg] merge824/Q -> merge809/RESET_B : -2.355303
[setup in-reg] in26 -> c122/RESET_B : -2.350793
[setup in-reg] in2 -> merge789/RESET_B : -2.337275
[setup reg-reg] merge826/Q -> merge826/D : -2.330284
[setup in-reg] in2 -> c168/RESET_B : -2.326860
[setup reg-reg] merge783/Q -> c539/SCD : -2.294533
[setup reg-reg] merge783/Q -> c532/SCD : -2.294494
[setup in-reg] in26 -> c107/SCE : -2.290827
[setup in-reg] in2 -> c274/SCD : -2.289809
[setup reg-reg] merge838/Q -> s865/D : -2.259234
[setup in-reg] in26 -> merge804/SET_B : -2.195852
[setup in-reg] in2 -> c321/SCD : -2.185370
[setup reg-reg] s852/Q -> s855/D : -2.107966
[setup reg-reg] merge826/Q -> c246/D : -2.104922
[setup in-reg] in2 -> c167/SCD : -2.038094
[setup reg-reg] merge824/Q -> merge809/D : -2.034450
[setup reg-reg] merge838/Q -> c585/SCE : -1.897883
[setup in-reg] in2 -> c273/SET_B : -1.842333
[setup reg-reg] merge783/Q_N -> merge766/SCD : -1.832699
[setup reg-reg] merge783/Q -> c435/RESET_B : -1.811505
[setup reg-reg] merge783/Q -> c437/RESET_B : -1.811463
[setup reg-reg] merge783/Q -> c437/D : -1.805895
[setup reg-reg] merge783/Q_N -> merge766/D : -1.774414
[setup reg-reg] merge838/Q -> c713/SCD : -1.773437
[setup reg-reg] merge838/Q -> c714/SCD : -1.770731
[setup reg-reg] merge825/Q -> s890/D : -1.719062
[setup reg-reg] merge838/Q -> merge795/RESET_B : -1.678378
[setup reg-reg] merge783/Q -> c435/SCD : -1.677882
[setup in-reg] in2 -> c168/SCD : -1.634696
[setup reg-reg] merge821/Q_N -> c756/SET_B : -1.627386
[setup reg-reg] s879/Q -> merge813/D : -1.613131
[setup in-reg] in2 -> c273/RESET_B : -1.560335
[setup reg-reg] merge825/Q -> c246/SCD : -1.553795
[setup reg-reg] merge783/Q -> c437/SCD : -1.517430
[setup reg-reg] merge838/Q -> c585/D : -1.505600
[setup reg-reg] merge826/Q -> c246/RESET_B : -1.486625
[setup reg-reg] merge824/Q -> merge824/D : -1.475026
[setup reg-reg] merge825/Q -> c232/SCD : -1.463972
[setup reg-reg] merge824/Q -> merge765/SCE : -1.462793
[setup reg-reg] merge825/Q -> s846/GATE : -1.450946
[setup reg-reg] merge825/Q -> s888/D : -1.384834
[setup in-reg] in2 -> c323/RESET_B : -1.349586
[setup in-reg] in2 -> merge789/SET_B : -1.334808
[setup in-reg] in2 -> c321/SCE : -1.326224
[setup reg-reg] merge783/Q -> c426/RESET_B : -1.325078
[setup reg-reg] merge826/Q -> c246/SCE : -1.320925
[setup in-reg] in2 -> merge838/D : -1.293878
[setup reg-reg] merge783/Q -> c426/SCD : -1.288706
[setup reg-reg] merge783/Q -> c435/D : -1.276108
[setup reg-reg] merge824/Q -> merge836/RESET_B : -1.266518
[setup reg-reg] merge825/Q -> c232/SCE : -1.219455
[setup reg-reg] merge827/Q -> c230/D : -1.132339
[setup reg-reg] merge825/Q -> c229/RESET_B : -1.100773
[setup reg-reg] merge819/Q -> s876/GATE : -0.898292
[setup reg-reg] merge819/Q -> s878/GATE : -0.866272
[setup reg-reg] merge825/Q -> c208/SCD : -0.827628
[setup reg-reg] merge789/Q_N -> c582/D : -0.827042
[setup reg-reg] s864/Q -> merge836/D : -0.821798
[setup reg-reg] merge825/Q -> c229/SCE : -0.792398
[setup reg-reg] merge827/Q -> c225/SCD : -0.787063
[setup reg-reg] merge826/Q -> c125/SCE : -0.775017
[setup in-reg] clk -> s852/D : -0.767086
[setup reg-reg] merge783/Q_N -> merge766/RESET_B : -0.739610
[setup reg-reg] merge824/Q -> merge824/RESET_B : -0.701672
[setup reg-reg] merge820/Q_N -> c630/D : -0.696380
[setup reg-reg] merge795/Q -> s877/GATE : -0.678011
[setup reg-reg] c431/Q -> merge795/D : -0.631189
[setup reg-reg] s886/Q -> merge789/SCD : -0.604544
[setup in-reg] clk -> merge833/GATE : -0.567559
[setup reg-reg] s851/Q -> merge838/RESET_B : -0.556391
[setup reg-reg] s863/Q_N -> s864/D : -0.535016
[setup reg-reg] merge825/Q -> merge825/RESET_B : -0.522607
[setup in-reg] clk -> s840/D : -0.512832
[setup in-reg] clk -> s841/D : -0.496584
[setup reg-reg] merge783/Q -> c532/D : -0.477769
[setup reg-reg] merge783/Q -> c426/SET_B : -0.459808
[setup reg-reg] merge795/Q -> s879/D : -0.453722
[setup in-reg] in2 -> c323/SET_B : -0.404680
[setup reg-reg] s884/Q -> merge788/SET_B : -0.292673
[setup in-reg] clk -> c168/SET_B : -0.290509
[setup in-reg] clk -> merge833/SCE : -0.255585
[setup reg-reg] c431/Q -> c585/SET_B : -0.230183
[setup reg-reg] merge821/Q_N -> c756/SET_B : -0.217432
[setup reg-reg] s883/Q -> merge798/SET_B : -0.159971
[setup in-reg] clk -> merge785/SCE : -0.130044
[setup in-reg] clk -> merge785/SET_B : -0.109957
[setup reg-reg] merge795/Q -> merge813/SET_B : -0.091758
[setup in-reg] clk -> merge785/SCD : -0.085294
[setup reg-reg] s851/Q -> merge835/D : -0.062930
[setup reg-reg] merge783/Q_N -> c713/D : -0.051104
[setup reg-reg] merge783/Q_N -> c714/SCE : -0.050838
[setup reg-out] c631/Q_N -> out0 : -0.030862
[setup reg-reg] s850/Q -> s851/D : 0.000000
[setup reg-reg] merge783/Q -> s863/D : 0.000000
[setup in-reg] in2 -> s850/D : 0.000000
Writing metric timing__hold_vio__count__corner:nom_tt_025C_1v80: 25
Writing metric timing__hold_r2r__ws__corner:nom_tt_025C_1v80: -9.554272
Writing metric timing__hold_r2r_vio__count__corner:nom_tt_025C_1v80: 20
Writing metric timing__setup_vio__count__corner:nom_tt_025C_1v80: 272
Writing metric timing__setup_r2r__ws__corner:nom_tt_025C_1v80: -8.646040
Writing metric timing__setup_r2r_vio__count__corner:nom_tt_025C_1v80: 114
