
===========================================================================
report_checks -unconstrained
===========================================================================
======================= nom_tt_025C_1v80 Corner ===================================

Startpoint: merge872 (negative level-sensitive latch clocked by clk)
Endpoint: merge924 (recovery check against rising-edge clock clk)
Path Group: asynchronous
Path Type: max

Fanout         Cap        Slew       Delay        Time   Description
---------------------------------------------------------------------------------------------
                                  4.000000    4.000000   clock clk (fall edge)
                                  0.000000    4.000000   clock source latency
   185    0.363333    0.771274    0.588876    4.588876 v clk (in)
                                                         clk (net)
                      0.771274    0.000000    4.588876 v merge872/GATE_N (sky130_fd_sc_hd__dlrtn_2)
                                  4.221229    8.810105   time given to startpoint
                      0.169255    0.000000    8.810105 v merge872/D (sky130_fd_sc_hd__dlrtn_2)
     4    0.049470    0.122451    0.393496    9.203601 v merge872/Q (sky130_fd_sc_hd__dlrtn_2)
                                                         net759 (net)
                      0.122452    0.000598    9.204199 v c162/A (sky130_fd_sc_hd__inv_12)
     5    0.012894    0.040854    0.077270    9.281468 ^ c162/Y (sky130_fd_sc_hd__inv_12)
                                                         net101 (net)
                      0.040854    0.000226    9.281694 ^ c294/A_N (sky130_fd_sc_hd__and2b_1)
     3    0.009402    0.060891    0.197685    9.479380 v c294/X (sky130_fd_sc_hd__and2b_1)
                                                         net231 (net)
                      0.060891    0.000046    9.479425 v c295/A_N (sky130_fd_sc_hd__nand2b_1)
     1    0.002492    0.045067    0.140112    9.619537 v c295/Y (sky130_fd_sc_hd__nand2b_1)
                                                         net232 (net)
                      0.045067    0.000007    9.619545 v c297/A1 (sky130_fd_sc_hd__o211ai_1)
    11    0.096045    1.873326    1.430123   11.049667 ^ c297/Y (sky130_fd_sc_hd__o211ai_1)
                                                         out58 (net)
                      1.873326    0.000745   11.050412 ^ c313/S0 (sky130_fd_sc_hd__mux4_4)
     1    0.002206    0.109267    0.775541   11.825953 v c313/X (sky130_fd_sc_hd__mux4_4)
                                                         net249 (net)
                      0.109267    0.000000   11.825953 v merge853/B (sky130_fd_sc_hd__nor2_1)
     1    0.002598    0.080289    0.103765   11.929718 ^ merge853/Y (sky130_fd_sc_hd__nor2_1)
                                                         net737 (net)
                      0.080289    0.000000   11.929718 ^ merge924/RESET_B (sky130_fd_sc_hd__dlrbn_1)
                                             11.929718   data arrival time

                                  8.000000    8.000000   clock clk (rise edge)
                                  0.000000    8.000000   clock source latency
   185    0.397302    1.783669    1.218256    9.218256 ^ clk (in)
                                                         clk (net)
                      1.783669    0.000000    9.218256 ^ merge924/GATE_N (sky130_fd_sc_hd__dlrbn_1)
                                 -0.250000    8.968256   clock uncertainty
                                  0.000000    8.968256   clock reconvergence pessimism
                                  0.263870    9.232126   library recovery time
                                              9.232126   data required time
---------------------------------------------------------------------------------------------
                                              9.232126   data required time
                                            -11.929718   data arrival time
---------------------------------------------------------------------------------------------
                                             -2.697592   slack (VIOLATED)


Startpoint: merge859 (negative level-sensitive latch clocked by clk)
Endpoint: c558 (rising edge-triggered flip-flop clocked by clk)
Path Group: clk
Path Type: max

Fanout         Cap        Slew       Delay        Time   Description
---------------------------------------------------------------------------------------------
                                  4.000000    4.000000   clock clk (fall edge)
                                  0.000000    4.000000   clock source latency
   185    0.363333    0.771274    0.588876    4.588876 v clk (in)
                                                         clk (net)
                      0.771274    0.000000    4.588876 v merge859/GATE_N (sky130_fd_sc_hd__dlrbn_1)
                                  4.403410    8.992287   time given to startpoint
                      0.063491    0.000000    8.992287 ^ merge859/D (sky130_fd_sc_hd__dlrbn_1)
     2    0.004909    0.066628    0.381749    9.374035 ^ merge859/Q (sky130_fd_sc_hd__dlrbn_1)
                                                         net743 (net)
                      0.066628    0.000010    9.374045 ^ c398/A (sky130_fd_sc_hd__inv_1)
     4    0.020378    0.097032    0.102443    9.476488 v c398/Y (sky130_fd_sc_hd__inv_1)
                                                         net310 (net)
                      0.097059    0.000484    9.476973 v c428/B1 (sky130_fd_sc_hd__o221ai_2)
     8    0.033937    0.464426    0.412622    9.889594 ^ c428/Y (sky130_fd_sc_hd__o221ai_2)
                                                         net338 (net)
                      0.464426    0.000346    9.889940 ^ c558/RESET_B (sky130_fd_sc_hd__sdfbbp_1)
                                              9.889940   data arrival time

                                  0.000000    0.000000   clock clk (rise edge)
                                  0.000000    0.000000   clock source latency
   185    0.397302    1.783669    1.218256    1.218256 ^ clk (in)
                                                         clk (net)
                      1.783669    0.000000    1.218256 ^ s952/CLK (sky130_fd_sc_hd__dlclkp_2)
     5    0.015052    0.119435    0.407088    1.625343 ^ s952/GCLK (sky130_fd_sc_hd__dlclkp_2)
                                                         net849 (net)
                      0.119435    0.000000    1.625343 ^ c558/SET_B (sky130_fd_sc_hd__sdfbbp_1)
                                 -0.250000    1.375343   clock uncertainty
                                  0.000000    1.375343   clock reconvergence pessimism
                                  0.089440    1.464783   library non-sequential setup time
                                              1.464783   data required time
---------------------------------------------------------------------------------------------
                                              1.464783   data required time
                                             -9.889940   data arrival time
---------------------------------------------------------------------------------------------
                                             -8.425157   slack (VIOLATED)




===========================================================================
report_checks --slack_max -0.01
============================================================================
======================= nom_tt_025C_1v80 Corner ===================================

Startpoint: merge872 (negative level-sensitive latch clocked by clk)
Endpoint: merge924 (recovery check against rising-edge clock clk)
Path Group: asynchronous
Path Type: max

Fanout         Cap        Slew       Delay        Time   Description
---------------------------------------------------------------------------------------------
                                  4.000000    4.000000   clock clk (fall edge)
                                  0.000000    4.000000   clock source latency
   185    0.363333    0.771274    0.588876    4.588876 v clk (in)
                                                         clk (net)
                      0.771274    0.000000    4.588876 v merge872/GATE_N (sky130_fd_sc_hd__dlrtn_2)
                                  4.221229    8.810105   time given to startpoint
                      0.169255    0.000000    8.810105 v merge872/D (sky130_fd_sc_hd__dlrtn_2)
     4    0.049470    0.122451    0.393496    9.203601 v merge872/Q (sky130_fd_sc_hd__dlrtn_2)
                                                         net759 (net)
                      0.122452    0.000598    9.204199 v c162/A (sky130_fd_sc_hd__inv_12)
     5    0.012894    0.040854    0.077270    9.281468 ^ c162/Y (sky130_fd_sc_hd__inv_12)
                                                         net101 (net)
                      0.040854    0.000226    9.281694 ^ c294/A_N (sky130_fd_sc_hd__and2b_1)
     3    0.009402    0.060891    0.197685    9.479380 v c294/X (sky130_fd_sc_hd__and2b_1)
                                                         net231 (net)
                      0.060891    0.000046    9.479425 v c295/A_N (sky130_fd_sc_hd__nand2b_1)
     1    0.002492    0.045067    0.140112    9.619537 v c295/Y (sky130_fd_sc_hd__nand2b_1)
                                                         net232 (net)
                      0.045067    0.000007    9.619545 v c297/A1 (sky130_fd_sc_hd__o211ai_1)
    11    0.096045    1.873326    1.430123   11.049667 ^ c297/Y (sky130_fd_sc_hd__o211ai_1)
                                                         out58 (net)
                      1.873326    0.000745   11.050412 ^ c313/S0 (sky130_fd_sc_hd__mux4_4)
     1    0.002206    0.109267    0.775541   11.825953 v c313/X (sky130_fd_sc_hd__mux4_4)
                                                         net249 (net)
                      0.109267    0.000000   11.825953 v merge853/B (sky130_fd_sc_hd__nor2_1)
     1    0.002598    0.080289    0.103765   11.929718 ^ merge853/Y (sky130_fd_sc_hd__nor2_1)
                                                         net737 (net)
                      0.080289    0.000000   11.929718 ^ merge924/RESET_B (sky130_fd_sc_hd__dlrbn_1)
                                             11.929718   data arrival time

                                  8.000000    8.000000   clock clk (rise edge)
                                  0.000000    8.000000   clock source latency
   185    0.397302    1.783669    1.218256    9.218256 ^ clk (in)
                                                         clk (net)
                      1.783669    0.000000    9.218256 ^ merge924/GATE_N (sky130_fd_sc_hd__dlrbn_1)
                                 -0.250000    8.968256   clock uncertainty
                                  0.000000    8.968256   clock reconvergence pessimism
                                  0.263870    9.232126   library recovery time
                                              9.232126   data required time
---------------------------------------------------------------------------------------------
                                              9.232126   data required time
                                            -11.929718   data arrival time
---------------------------------------------------------------------------------------------
                                             -2.697592   slack (VIOLATED)


Startpoint: merge859 (negative level-sensitive latch clocked by clk)
Endpoint: c558 (rising edge-triggered flip-flop clocked by clk)
Path Group: clk
Path Type: max

Fanout         Cap        Slew       Delay        Time   Description
---------------------------------------------------------------------------------------------
                                  4.000000    4.000000   clock clk (fall edge)
                                  0.000000    4.000000   clock source latency
   185    0.363333    0.771274    0.588876    4.588876 v clk (in)
                                                         clk (net)
                      0.771274    0.000000    4.588876 v merge859/GATE_N (sky130_fd_sc_hd__dlrbn_1)
                                  4.403410    8.992287   time given to startpoint
                      0.063491    0.000000    8.992287 ^ merge859/D (sky130_fd_sc_hd__dlrbn_1)
     2    0.004909    0.066628    0.381749    9.374035 ^ merge859/Q (sky130_fd_sc_hd__dlrbn_1)
                                                         net743 (net)
                      0.066628    0.000010    9.374045 ^ c398/A (sky130_fd_sc_hd__inv_1)
     4    0.020378    0.097032    0.102443    9.476488 v c398/Y (sky130_fd_sc_hd__inv_1)
                                                         net310 (net)
                      0.097059    0.000484    9.476973 v c428/B1 (sky130_fd_sc_hd__o221ai_2)
     8    0.033937    0.464426    0.412622    9.889594 ^ c428/Y (sky130_fd_sc_hd__o221ai_2)
                                                         net338 (net)
                      0.464426    0.000346    9.889940 ^ c558/RESET_B (sky130_fd_sc_hd__sdfbbp_1)
                                              9.889940   data arrival time

                                  0.000000    0.000000   clock clk (rise edge)
                                  0.000000    0.000000   clock source latency
   185    0.397302    1.783669    1.218256    1.218256 ^ clk (in)
                                                         clk (net)
                      1.783669    0.000000    1.218256 ^ s952/CLK (sky130_fd_sc_hd__dlclkp_2)
     5    0.015052    0.119435    0.407088    1.625343 ^ s952/GCLK (sky130_fd_sc_hd__dlclkp_2)
                                                         net849 (net)
                      0.119435    0.000000    1.625343 ^ c558/SET_B (sky130_fd_sc_hd__sdfbbp_1)
                                 -0.250000    1.375343   clock uncertainty
                                  0.000000    1.375343   clock reconvergence pessimism
                                  0.089440    1.464783   library non-sequential setup time
                                              1.464783   data required time
---------------------------------------------------------------------------------------------
                                              1.464783   data required time
                                             -9.889940   data arrival time
---------------------------------------------------------------------------------------------
                                             -8.425157   slack (VIOLATED)




===========================================================================
 report_check_types -max_slew -max_cap -max_fanout -violators
============================================================================
======================= nom_tt_025C_1v80 Corner ===================================

max slew

Pin                                        Limit        Slew       Slack
------------------------------------------------------------------------
out58                                   0.750000    1.873454   -1.123454 (VIOLATED)
c393/A3                                 0.750000    1.873412   -1.123412 (VIOLATED)
c394/A3                                 0.750000    1.873412   -1.123412 (VIOLATED)
c360/SET_B                              0.750000    1.873409   -1.123409 (VIOLATED)
c369/A1                                 0.750000    1.873409   -1.123409 (VIOLATED)
c368/B2                                 0.750000    1.873407   -1.123407 (VIOLATED)
c355/S0                                 0.750000    1.873395   -1.123395 (VIOLATED)
merge786/S1                             0.750000    1.873395   -1.123395 (VIOLATED)
c347/A0                                 0.750000    1.873363   -1.123363 (VIOLATED)
c297/Y                                  0.750000    1.873326   -1.123326 (VIOLATED)
c307/S0                                 0.750000    1.873326   -1.123326 (VIOLATED)
c313/S0                                 0.750000    1.873326   -1.123326 (VIOLATED)
clk                                     0.750000    1.783669   -1.033669 (VIOLATED)
c104/CLK                                0.750000    1.783669   -1.033669 (VIOLATED)
c107/CLK                                0.750000    1.783669   -1.033669 (VIOLATED)
c109/CLK_N                              0.750000    1.783669   -1.033669 (VIOLATED)
c119/CLK_N                              0.750000    1.783669   -1.033669 (VIOLATED)
c122/CLK                                0.750000    1.783669   -1.033669 (VIOLATED)
c131/CLK_N                              0.750000    1.783669   -1.033669 (VIOLATED)
c153/CLK                                0.750000    1.783669   -1.033669 (VIOLATED)
c168/CLK                                0.750000    1.783669   -1.033669 (VIOLATED)
c172/CLK_N                              0.750000    1.783669   -1.033669 (VIOLATED)
c173/CLK_N                              0.750000    1.783669   -1.033669 (VIOLATED)
c212/CLK                                0.750000    1.783669   -1.033669 (VIOLATED)
c227/CLK                                0.750000    1.783669   -1.033669 (VIOLATED)
c233/CLK                                0.750000    1.783669   -1.033669 (VIOLATED)
c235/CLK                                0.750000    1.783669   -1.033669 (VIOLATED)
c239/CLK                                0.750000    1.783669   -1.033669 (VIOLATED)
c254/CLK_N                              0.750000    1.783669   -1.033669 (VIOLATED)
c282/CLK_N                              0.750000    1.783669   -1.033669 (VIOLATED)
c284/CLK_N                              0.750000    1.783669   -1.033669 (VIOLATED)
c319/CLK                                0.750000    1.783669   -1.033669 (VIOLATED)
c325/CLK                                0.750000    1.783669   -1.033669 (VIOLATED)
c326/CLK                                0.750000    1.783669   -1.033669 (VIOLATED)
c327/CLK                                0.750000    1.783669   -1.033669 (VIOLATED)
c348/CLK                                0.750000    1.783669   -1.033669 (VIOLATED)
c360/CLK_N                              0.750000    1.783669   -1.033669 (VIOLATED)
c406/CLK                                0.750000    1.783669   -1.033669 (VIOLATED)
c407/CLK                                0.750000    1.783669   -1.033669 (VIOLATED)
c412/CLK                                0.750000    1.783669   -1.033669 (VIOLATED)
c443/CLK                                0.750000    1.783669   -1.033669 (VIOLATED)
c453/CLK                                0.750000    1.783669   -1.033669 (VIOLATED)
c473/CLK_N                              0.750000    1.783669   -1.033669 (VIOLATED)
c480/CLK                                0.750000    1.783669   -1.033669 (VIOLATED)
c487/CLK_N                              0.750000    1.783669   -1.033669 (VIOLATED)
c489/CLK_N                              0.750000    1.783669   -1.033669 (VIOLATED)
c493/CLK_N                              0.750000    1.783669   -1.033669 (VIOLATED)
c494/CLK                                0.750000    1.783669   -1.033669 (VIOLATED)
c501/CLK_N                              0.750000    1.783669   -1.033669 (VIOLATED)
c548/CLK_N                              0.750000    1.783669   -1.033669 (VIOLATED)
c558/CLK                                0.750000    1.783669   -1.033669 (VIOLATED)
c569/CLK_N                              0.750000    1.783669   -1.033669 (VIOLATED)
c571/CLK_N                              0.750000    1.783669   -1.033669 (VIOLATED)
c587/CLK                                0.750000    1.783669   -1.033669 (VIOLATED)
c601/CLK_N                              0.750000    1.783669   -1.033669 (VIOLATED)
c603/CLK_N                              0.750000    1.783669   -1.033669 (VIOLATED)
c666/CLK                                0.750000    1.783669   -1.033669 (VIOLATED)
c681/CLK                                0.750000    1.783669   -1.033669 (VIOLATED)
c683/CLK                                0.750000    1.783669   -1.033669 (VIOLATED)
c687/CLK_N                              0.750000    1.783669   -1.033669 (VIOLATED)
c688/CLK                                0.750000    1.783669   -1.033669 (VIOLATED)
c690/CLK_N                              0.750000    1.783669   -1.033669 (VIOLATED)
c701/CLK                                0.750000    1.783669   -1.033669 (VIOLATED)
c704/CLK_N                              0.750000    1.783669   -1.033669 (VIOLATED)
c707/CLK_N                              0.750000    1.783669   -1.033669 (VIOLATED)
c716/CLK                                0.750000    1.783669   -1.033669 (VIOLATED)
c718/CLK_N                              0.750000    1.783669   -1.033669 (VIOLATED)
merge766/CLK                            0.750000    1.783669   -1.033669 (VIOLATED)
merge831/CLK                            0.750000    1.783669   -1.033669 (VIOLATED)
merge837/CLK                            0.750000    1.783669   -1.033669 (VIOLATED)
merge839/CLK_N                          0.750000    1.783669   -1.033669 (VIOLATED)
merge843/CLK                            0.750000    1.783669   -1.033669 (VIOLATED)
merge846/CLK                            0.750000    1.783669   -1.033669 (VIOLATED)
merge847/CLK                            0.750000    1.783669   -1.033669 (VIOLATED)
merge850/CLK                            0.750000    1.783669   -1.033669 (VIOLATED)
merge851/CLK                            0.750000    1.783669   -1.033669 (VIOLATED)
merge855/CLK                            0.750000    1.783669   -1.033669 (VIOLATED)
merge856/CLK                            0.750000    1.783669   -1.033669 (VIOLATED)
merge857/CLK                            0.750000    1.783669   -1.033669 (VIOLATED)
merge859/GATE_N                         0.750000    1.783669   -1.033669 (VIOLATED)
merge861/GATE_N                         0.750000    1.783669   -1.033669 (VIOLATED)
merge863/GATE                           0.750000    1.783669   -1.033669 (VIOLATED)
merge865/GATE                           0.750000    1.783669   -1.033669 (VIOLATED)
merge871/GATE_N                         0.750000    1.783669   -1.033669 (VIOLATED)
merge872/GATE_N                         0.750000    1.783669   -1.033669 (VIOLATED)
merge873/GATE_N                         0.750000    1.783669   -1.033669 (VIOLATED)
merge874/GATE                           0.750000    1.783669   -1.033669 (VIOLATED)
merge876/GATE                           0.750000    1.783669   -1.033669 (VIOLATED)
merge878/GATE                           0.750000    1.783669   -1.033669 (VIOLATED)
merge880/CLK                            0.750000    1.783669   -1.033669 (VIOLATED)
merge881/CLK                            0.750000    1.783669   -1.033669 (VIOLATED)
merge882/CLK                            0.750000    1.783669   -1.033669 (VIOLATED)
merge883/CLK                            0.750000    1.783669   -1.033669 (VIOLATED)
merge884/CLK                            0.750000    1.783669   -1.033669 (VIOLATED)
merge885/CLK                            0.750000    1.783669   -1.033669 (VIOLATED)
merge886/CLK                            0.750000    1.783669   -1.033669 (VIOLATED)
merge887/CLK_N                          0.750000    1.783669   -1.033669 (VIOLATED)
merge888/CLK                            0.750000    1.783669   -1.033669 (VIOLATED)
merge889/CLK                            0.750000    1.783669   -1.033669 (VIOLATED)
merge890/CLK                            0.750000    1.783669   -1.033669 (VIOLATED)
merge891/CLK                            0.750000    1.783669   -1.033669 (VIOLATED)
merge892/CLK                            0.750000    1.783669   -1.033669 (VIOLATED)
merge895/CLK                            0.750000    1.783669   -1.033669 (VIOLATED)
merge896/CLK                            0.750000    1.783669   -1.033669 (VIOLATED)
merge897/CLK                            0.750000    1.783669   -1.033669 (VIOLATED)
merge898/GATE_N                         0.750000    1.783669   -1.033669 (VIOLATED)
merge899/GATE_N                         0.750000    1.783669   -1.033669 (VIOLATED)
merge900/GATE                           0.750000    1.783669   -1.033669 (VIOLATED)
merge901/GATE                           0.750000    1.783669   -1.033669 (VIOLATED)
merge902/GATE_N                         0.750000    1.783669   -1.033669 (VIOLATED)
merge903/GATE_N                         0.750000    1.783669   -1.033669 (VIOLATED)
merge904/GATE_N                         0.750000    1.783669   -1.033669 (VIOLATED)
merge905/GATE                           0.750000    1.783669   -1.033669 (VIOLATED)
merge906/GATE                           0.750000    1.783669   -1.033669 (VIOLATED)
merge907/GATE                           0.750000    1.783669   -1.033669 (VIOLATED)
merge908/CLK                            0.750000    1.783669   -1.033669 (VIOLATED)
merge909/CLK                            0.750000    1.783669   -1.033669 (VIOLATED)
merge910/CLK                            0.750000    1.783669   -1.033669 (VIOLATED)
merge911/CLK                            0.750000    1.783669   -1.033669 (VIOLATED)
merge912/CLK                            0.750000    1.783669   -1.033669 (VIOLATED)
merge913/CLK                            0.750000    1.783669   -1.033669 (VIOLATED)
merge914/CLK                            0.750000    1.783669   -1.033669 (VIOLATED)
merge915/CLK_N                          0.750000    1.783669   -1.033669 (VIOLATED)
merge916/CLK                            0.750000    1.783669   -1.033669 (VIOLATED)
merge917/CLK                            0.750000    1.783669   -1.033669 (VIOLATED)
merge918/CLK                            0.750000    1.783669   -1.033669 (VIOLATED)
merge919/CLK                            0.750000    1.783669   -1.033669 (VIOLATED)
merge920/CLK                            0.750000    1.783669   -1.033669 (VIOLATED)
merge921/CLK                            0.750000    1.783669   -1.033669 (VIOLATED)
merge922/CLK                            0.750000    1.783669   -1.033669 (VIOLATED)
merge923/CLK                            0.750000    1.783669   -1.033669 (VIOLATED)
merge924/GATE_N                         0.750000    1.783669   -1.033669 (VIOLATED)
merge925/GATE_N                         0.750000    1.783669   -1.033669 (VIOLATED)
merge926/GATE                           0.750000    1.783669   -1.033669 (VIOLATED)
merge927/GATE                           0.750000    1.783669   -1.033669 (VIOLATED)
merge928/GATE_N                         0.750000    1.783669   -1.033669 (VIOLATED)
merge929/GATE_N                         0.750000    1.783669   -1.033669 (VIOLATED)
s930/CLK                                0.750000    1.783669   -1.033669 (VIOLATED)
s931/CLK                                0.750000    1.783669   -1.033669 (VIOLATED)
s932/CLK                                0.750000    1.783669   -1.033669 (VIOLATED)
s933/CLK                                0.750000    1.783669   -1.033669 (VIOLATED)
s934/CLK                                0.750000    1.783669   -1.033669 (VIOLATED)
s935/CLK                                0.750000    1.783669   -1.033669 (VIOLATED)
s936/CLK                                0.750000    1.783669   -1.033669 (VIOLATED)
s937/CLK                                0.750000    1.783669   -1.033669 (VIOLATED)
s938/GATE_N                             0.750000    1.783669   -1.033669 (VIOLATED)
s939/GATE_N                             0.750000    1.783669   -1.033669 (VIOLATED)
s940/GATE                               0.750000    1.783669   -1.033669 (VIOLATED)
s941/GATE_N                             0.750000    1.783669   -1.033669 (VIOLATED)
s942/GATE_N                             0.750000    1.783669   -1.033669 (VIOLATED)
s943/GATE_N                             0.750000    1.783669   -1.033669 (VIOLATED)
s944/GATE                               0.750000    1.783669   -1.033669 (VIOLATED)
s945/SLEEP_B                            0.750000    1.783669   -1.033669 (VIOLATED)
s946/CLK                                0.750000    1.783669   -1.033669 (VIOLATED)
s947/CLK                                0.750000    1.783669   -1.033669 (VIOLATED)
s948/CLK                                0.750000    1.783669   -1.033669 (VIOLATED)
s949/CLK                                0.750000    1.783669   -1.033669 (VIOLATED)
s950/CLK                                0.750000    1.783669   -1.033669 (VIOLATED)
s951/CLK                                0.750000    1.783669   -1.033669 (VIOLATED)
s952/CLK                                0.750000    1.783669   -1.033669 (VIOLATED)
s953/CLK                                0.750000    1.783669   -1.033669 (VIOLATED)
s954/GATE_N                             0.750000    1.783669   -1.033669 (VIOLATED)
s955/GATE_N                             0.750000    1.783669   -1.033669 (VIOLATED)
s956/GATE                               0.750000    1.783669   -1.033669 (VIOLATED)
s957/GATE_N                             0.750000    1.783669   -1.033669 (VIOLATED)
s958/GATE_N                             0.750000    1.783669   -1.033669 (VIOLATED)
s959/GATE_N                             0.750000    1.783669   -1.033669 (VIOLATED)
s960/GATE                               0.750000    1.783669   -1.033669 (VIOLATED)
s961/SLEEP_B                            0.750000    1.783669   -1.033669 (VIOLATED)
s962/CLK                                0.750000    1.783669   -1.033669 (VIOLATED)
s963/CLK                                0.750000    1.783669   -1.033669 (VIOLATED)
s964/CLK                                0.750000    1.783669   -1.033669 (VIOLATED)
s965/CLK                                0.750000    1.783669   -1.033669 (VIOLATED)
s966/CLK                                0.750000    1.783669   -1.033669 (VIOLATED)
s967/CLK                                0.750000    1.783669   -1.033669 (VIOLATED)
s968/CLK                                0.750000    1.783669   -1.033669 (VIOLATED)
s969/CLK                                0.750000    1.783669   -1.033669 (VIOLATED)
s970/GATE_N                             0.750000    1.783669   -1.033669 (VIOLATED)
s971/GATE_N                             0.750000    1.783669   -1.033669 (VIOLATED)
s972/GATE                               0.750000    1.783669   -1.033669 (VIOLATED)
s973/GATE_N                             0.750000    1.783669   -1.033669 (VIOLATED)
s974/GATE_N                             0.750000    1.783669   -1.033669 (VIOLATED)
s975/GATE_N                             0.750000    1.783669   -1.033669 (VIOLATED)
s976/GATE                               0.750000    1.783669   -1.033669 (VIOLATED)
s977/SLEEP_B                            0.750000    1.783669   -1.033669 (VIOLATED)
s978/CLK                                0.750000    1.783669   -1.033669 (VIOLATED)
s979/CLK                                0.750000    1.783669   -1.033669 (VIOLATED)
s980/CLK                                0.750000    1.783669   -1.033669 (VIOLATED)
s981/CLK                                0.750000    1.783669   -1.033669 (VIOLATED)
s982/CLK                                0.750000    1.783669   -1.033669 (VIOLATED)
s983/CLK                                0.750000    1.783669   -1.033669 (VIOLATED)
s984/CLK                                0.750000    1.783669   -1.033669 (VIOLATED)
s985/CLK                                0.750000    1.783669   -1.033669 (VIOLATED)
s986/GATE_N                             0.750000    1.783669   -1.033669 (VIOLATED)
s987/GATE_N                             0.750000    1.783669   -1.033669 (VIOLATED)
s988/GATE                               0.750000    1.783669   -1.033669 (VIOLATED)
s989/GATE_N                             0.750000    1.783669   -1.033669 (VIOLATED)
s990/GATE_N                             0.750000    1.783669   -1.033669 (VIOLATED)
c625/A0                                 0.750000    1.106079   -0.356079 (VIOLATED)
c479/C                                  0.750000    1.106076   -0.356076 (VIOLATED)
c480/SET_B                              0.750000    1.106076   -0.356076 (VIOLATED)
c624/A3                                 0.750000    1.106076   -0.356076 (VIOLATED)
c618/A1                                 0.750000    1.106075   -0.356075 (VIOLATED)
c598/B2                                 0.750000    1.106069   -0.356069 (VIOLATED)
c595/A2                                 0.750000    1.106065   -0.356065 (VIOLATED)
c740/S0                                 0.750000    1.106058   -0.356058 (VIOLATED)
c601/SCE                                0.750000    1.106053   -0.356053 (VIOLATED)
c709/B2                                 0.750000    1.106053   -0.356053 (VIOLATED)
c710/B2                                 0.750000    1.106043   -0.356043 (VIOLATED)
c597/S1                                 0.750000    1.106033   -0.356033 (VIOLATED)
c574/B2                                 0.750000    1.106028   -0.356028 (VIOLATED)
c589/A2                                 0.750000    1.106028   -0.356028 (VIOLATED)
c586/A0                                 0.750000    1.106026   -0.356026 (VIOLATED)
c583/A1                                 0.750000    1.106022   -0.356022 (VIOLATED)
c457/B1                                 0.750000    1.105983   -0.355983 (VIOLATED)
c253/B                                  0.750000    1.105958   -0.355958 (VIOLATED)
c366/C                                  0.750000    1.105957   -0.355957 (VIOLATED)
c357/B2                                 0.750000    1.105952   -0.355952 (VIOLATED)
c226/B_N                                0.750000    1.105944   -0.355944 (VIOLATED)
merge826/S0                             0.750000    1.105937   -0.355937 (VIOLATED)
c198/C                                  0.750000    1.105922   -0.355922 (VIOLATED)
c555/B1                                 0.750000    1.105913   -0.355913 (VIOLATED)
c190/C                                  0.750000    1.105909   -0.355909 (VIOLATED)
c171/C1                                 0.750000    1.105899   -0.355899 (VIOLATED)
c429/S0                                 0.750000    1.105900   -0.355900 (VIOLATED)
merge767/C1                             0.750000    1.105899   -0.355899 (VIOLATED)
c173/SCE                                0.750000    1.105895   -0.355895 (VIOLATED)
c157/C                                  0.750000    1.105891   -0.355891 (VIOLATED)
c168/SET_B                              0.750000    1.105891   -0.355891 (VIOLATED)
c169/B                                  0.750000    1.105891   -0.355891 (VIOLATED)
c156/C_N                                0.750000    1.105890   -0.355890 (VIOLATED)
c165/C1                                 0.750000    1.105889   -0.355889 (VIOLATED)
c160/C1                                 0.750000    1.105888   -0.355888 (VIOLATED)
c170/B2                                 0.750000    1.105888   -0.355888 (VIOLATED)
c172/SET_B                              0.750000    1.105889   -0.355889 (VIOLATED)
c164/C1                                 0.750000    1.105888   -0.355888 (VIOLATED)
c158/B                                  0.750000    1.105887   -0.355887 (VIOLATED)
c163/S1                                 0.750000    1.105883   -0.355883 (VIOLATED)
c161/C1                                 0.750000    1.105876   -0.355876 (VIOLATED)
c288/S0                                 0.750000    1.105875   -0.355875 (VIOLATED)
c159/C                                  0.750000    1.105872   -0.355872 (VIOLATED)
c293/C_N                                0.750000    1.105871   -0.355871 (VIOLATED)
c297/C1                                 0.750000    1.105872   -0.355872 (VIOLATED)
c298/C1                                 0.750000    1.105871   -0.355871 (VIOLATED)
c301/C1                                 0.750000    1.105871   -0.355871 (VIOLATED)
c306/B                                  0.750000    1.105872   -0.355872 (VIOLATED)
c155/X                                  0.750000    1.105870   -0.355870 (VIOLATED)
c440/B                                  0.750000    1.094602   -0.344602 (VIOLATED)
c447/A2                                 0.750000    1.094601   -0.344601 (VIOLATED)
c451/A1                                 0.750000    1.094601   -0.344601 (VIOLATED)
c459/A1                                 0.750000    1.094600   -0.344600 (VIOLATED)
c443/SCD                                0.750000    1.094596   -0.344596 (VIOLATED)
c196/S0                                 0.750000    1.094591   -0.344591 (VIOLATED)
c160/A2                                 0.750000    1.094590   -0.344590 (VIOLATED)
c164/B1                                 0.750000    1.094590   -0.344590 (VIOLATED)
c170/B1                                 0.750000    1.094590   -0.344590 (VIOLATED)
c159/Y                                  0.750000    1.094588   -0.344588 (VIOLATED)
c161/B1                                 0.750000    1.094588   -0.344588 (VIOLATED)
c163/S0                                 0.750000    1.094588   -0.344588 (VIOLATED)
c288/A2                                 0.750000    1.094588   -0.344588 (VIOLATED)
out61                                   0.750000    1.022931   -0.272931 (VIOLATED)
c365/Y                                  0.750000    1.022931   -0.272931 (VIOLATED)
c368/C1                                 0.750000    1.022931   -0.272931 (VIOLATED)
c740/A2                                 0.750000    1.013713   -0.263713 (VIOLATED)
c744/A2                                 0.750000    1.013713   -0.263713 (VIOLATED)
c743/A2                                 0.750000    1.013713   -0.263712 (VIOLATED)
c726/A1                                 0.750000    1.013704   -0.263704 (VIOLATED)
c729/A0                                 0.750000    1.013701   -0.263701 (VIOLATED)
c733/A3                                 0.750000    1.013700   -0.263700 (VIOLATED)
c672/S1                                 0.750000    1.013630   -0.263630 (VIOLATED)
merge793/A2                             0.750000    1.013611   -0.263611 (VIOLATED)
merge791/C1                             0.750000    1.013579   -0.263579 (VIOLATED)
merge814/A2                             0.750000    1.013570   -0.263570 (VIOLATED)
c411/S1                                 0.750000    1.013565   -0.263565 (VIOLATED)
c416/A2                                 0.750000    1.013559   -0.263559 (VIOLATED)
c424/C1                                 0.750000    1.013558   -0.263558 (VIOLATED)
c415/S1                                 0.750000    1.013557   -0.263557 (VIOLATED)
c412/SCE                                0.750000    1.013550   -0.263550 (VIOLATED)
c406/SCE                                0.750000    1.013550   -0.263550 (VIOLATED)
c407/SCE                                0.750000    1.013549   -0.263549 (VIOLATED)
merge797/A2                             0.750000    1.013548   -0.263548 (VIOLATED)
merge780/C1                             0.750000    1.013544   -0.263544 (VIOLATED)
c397/X                                  0.750000    1.013531   -0.263531 (VIOLATED)
merge817/A2                             0.750000    1.013531   -0.263531 (VIOLATED)
merge822/A1                             0.750000    1.013531   -0.263531 (VIOLATED)
out43                                   0.750000    0.935147   -0.185147 (VIOLATED)
c419/Y                                  0.750000    0.935138   -0.185138 (VIOLATED)
c430/S0                                 0.750000    0.935138   -0.185138 (VIOLATED)
c434/A2                                 0.750000    0.935138   -0.185138 (VIOLATED)
c706/S0                                 0.750000    0.935138   -0.185138 (VIOLATED)
merge821/A1                             0.750000    0.888916   -0.138916 (VIOLATED)
merge827/A0                             0.750000    0.888916   -0.138916 (VIOLATED)
merge767/A2                             0.750000    0.888913   -0.138913 (VIOLATED)
c141/Y                                  0.750000    0.888911   -0.138911 (VIOLATED)
c145/S0                                 0.750000    0.888911   -0.138911 (VIOLATED)
merge769/C1                             0.750000    0.888911   -0.138911 (VIOLATED)
merge798/B1                             0.750000    0.888911   -0.138911 (VIOLATED)
out19                                   0.750000    0.887884   -0.137884 (VIOLATED)
c637/A3                                 0.750000    0.887884   -0.137884 (VIOLATED)
c616/A2                                 0.750000    0.887884   -0.137884 (VIOLATED)
c606/B2                                 0.750000    0.887883   -0.137883 (VIOLATED)
c603/RESET_B                            0.750000    0.887882   -0.137882 (VIOLATED)
c597/A1                                 0.750000    0.887877   -0.137877 (VIOLATED)
c574/B1                                 0.750000    0.887875   -0.137875 (VIOLATED)
merge790/S1                             0.750000    0.887875   -0.137875 (VIOLATED)
c580/S0                                 0.750000    0.887874   -0.137874 (VIOLATED)
c426/Y                                  0.750000    0.887870   -0.137870 (VIOLATED)
c429/A1                                 0.750000    0.887870   -0.137870 (VIOLATED)
c430/A3                                 0.750000    0.887870   -0.137870 (VIOLATED)
c435/A0                                 0.750000    0.887870   -0.137870 (VIOLATED)
c466/Y                                  0.750000    0.882021   -0.132021 (VIOLATED)
c484/B2                                 0.750000    0.882021   -0.132021 (VIOLATED)
c488/B1                                 0.750000    0.882021   -0.132021 (VIOLATED)
c489/D                                  0.750000    0.882021   -0.132021 (VIOLATED)
c490/S0                                 0.750000    0.882021   -0.132021 (VIOLATED)
c493/D                                  0.750000    0.882021   -0.132021 (VIOLATED)
c505/S0                                 0.750000    0.882021   -0.132021 (VIOLATED)
c532/A                                  0.750000    0.849523   -0.099523 (VIOLATED)
c581/A                                  0.750000    0.849483   -0.099483 (VIOLATED)
c345/A                                  0.750000    0.849476   -0.099476 (VIOLATED)
c455/A                                  0.750000    0.849476   -0.099476 (VIOLATED)
merge888/Q                              0.750000    0.849476   -0.099476 (VIOLATED)
out30                                   0.750000    0.815550   -0.065550 (VIOLATED)
c118/C1                                 0.750000    0.815524   -0.065524 (VIOLATED)
merge805/A2                             0.750000    0.815513   -0.065513 (VIOLATED)
c125/B2                                 0.750000    0.815502   -0.065502 (VIOLATED)
c107/SCD                                0.750000    0.815494   -0.065494 (VIOLATED)
c103/A3                                 0.750000    0.815494   -0.065494 (VIOLATED)
merge777/A2                             0.750000    0.815489   -0.065489 (VIOLATED)
c393/A2                                 0.750000    0.815481   -0.065481 (VIOLATED)
c235/SCD                                0.750000    0.815480   -0.065480 (VIOLATED)
merge819/A0                             0.750000    0.815480   -0.065480 (VIOLATED)
c88/Y                                   0.750000    0.815479   -0.065479 (VIOLATED)
merge821/S0                             0.750000    0.815479   -0.065479 (VIOLATED)
merge826/A2                             0.750000    0.815479   -0.065479 (VIOLATED)
c752/A0                                 0.750000    0.769618   -0.019618 (VIOLATED)
c753/A2                                 0.750000    0.769618   -0.019618 (VIOLATED)
c755/A0                                 0.750000    0.769618   -0.019618 (VIOLATED)
c727/A2                                 0.750000    0.769615   -0.019615 (VIOLATED)
c710/Y                                  0.750000    0.769612   -0.019612 (VIOLATED)
c717/B2                                 0.750000    0.769612   -0.019612 (VIOLATED)
c719/S0                                 0.750000    0.769612   -0.019612 (VIOLATED)

max fanout

Pin                                   Limit Fanout  Slack
---------------------------------------------------------
clk                                      10    185   -175 (VIOLATED)
c155/X                                   10     48    -38 (VIOLATED)
c567/X                                   10     24    -14 (VIOLATED)
c397/X                                   10     21    -11 (VIOLATED)
c67/Y                                    10     14     -4 (VIOLATED)
in48                                     10     12     -2 (VIOLATED)
c132/X                                   10     12     -2 (VIOLATED)
c133/Y                                   10     12     -2 (VIOLATED)
c159/Y                                   10     12     -2 (VIOLATED)
c97/Y                                    10     12     -2 (VIOLATED)
in16                                     10     11        (VIOLATED)
in32                                     10     11        (VIOLATED)
c119/Q                                   10     11        (VIOLATED)
c407/Q                                   10     11        (VIOLATED)
c422/X                                   10     11        (VIOLATED)
c426/Y                                   10     11        (VIOLATED)
c663/X                                   10     11        (VIOLATED)
c88/Y                                    10     11        (VIOLATED)

max capacitance

Pin                                        Limit         Cap       Slack
------------------------------------------------------------------------
clk                                     0.200000    0.397302   -0.197302 (VIOLATED)
c297/Y                                  0.074168    0.096045   -0.021877 (VIOLATED)
c155/X                                  0.200000    0.220223   -0.020223 (VIOLATED)



===========================================================================
report_parasitic_annotation -report_unannotated
============================================================================
Found 290 unannotated drivers.
 clk
 rst
 c101/X
 c102/X
 c103/X
 c106/Y
 c108/X
 c111/Y
 c115/X
 c128/X
 c130/X
 c167/X
 c170/X
 c171/X
 c174/X
 c175/X
 c189/X
 c192/Y
 c196/X
 c199/Y
 c214/Y
 c218/X
 c219/X
 c220/Y
 c221/Y
 c222/X
 c224/X
 c226/X
 c228/Y
 c229/Y
 c230/Y
 c231/Y
 c232/Y
 c234/X
 c236/X
 c237/Y
 c238/X
 c244/X
 c247/Y
 c249/X
 c251/X
 c252/X
 c253/X
 c256/Y
 c257/X
 c259/X
 c261/X
 c262/X
 c263/X
 c313/X
 c315/X
 c334/X
 c336/X
 c344/X
 c347/X
 c349/X
 c350/X
 c352/Y
 c353/X
 c354/X
 c355/X
 c357/X
 c361/X
 c365/Y
 c367/X
 c368/Y
 c369/X
 c370/X
 c372/X
 c373/X
 c417/X
 c432/Y
 c433/X
 c434/X
 c435/X
 c436/X
 c438/X
 c439/X
 c441/X
 c446/Y
 c447/Y
 c448/Y
 c449/Y
 c450/X
 c458/X
 c459/X
 c460/X
 c461/X
 c462/Y
 c463/Y
 c465/X
 c474/X
 c482/X
 c484/X
 c486/X
 c488/Y
 c490/X
 c491/X
 c492/X
 c496/X
 c497/X
 c498/X
 c499/X
 c502/X
 c529/X
 c530/Y
 c537/X
 c539/X
 c541/X
 c542/X
 c544/Y
 c547/X
 c549/Y
 c555/X
 c556/X
 c560/Y
 c572/Y
 c573/Y
 c574/X
 c580/X
 c582/X
 c583/X
 c590/X
 c592/X
 c593/X
 c597/X
 c598/X
 c599/Y
 c600/X
 c602/X
 c604/X
 c605/Y
 c607/X
 c608/X
 c609/Y
 c610/X
 c611/X
 c612/X
 c614/X
 c615/X
 c616/X
 c617/X
 c619/X
 c620/X
 c621/X
 c622/X
 c623/X
 c624/X
 c625/X
 c628/X
 c629/X
 c630/X
 c632/X
 c635/X
 c636/X
 c637/X
 c664/Y
 c669/Y
 c672/X
 c674/Y
 c695/Y
 c698/X
 c705/X
 c706/X
 c712/X
 c722/X
 c730/X
 c731/X
 c732/X
 c733/X
 c734/X
 c735/X
 c736/X
 c737/X
 c739/X
 c74/X
 c740/X
 c741/X
 c742/Y
 c743/Y
 c744/X
 c745/X
 c746/X
 c747/X
 c749/X
 c750/X
 c752/X
 c753/X
 c754/X
 c755/X
 c757/X
 c758/X
 c759/X
 c760/X
 c761/X
 c762/X
 c763/X
 c764/X
 c77/X
 c78/X
 c79/Y
 c81/X
 c84/X
 c85/Y
 c86/Y
 c87/Y
 c92/Y
 c93/X
 c96/X
 c97/Y
 c98/Y
 c99/X
 merge773/X
 merge775/Y
 merge776/X
 merge777/X
 merge778/Y
 merge779/Y
 merge782/X
 merge783/X
 merge784/X
 merge785/X
 merge786/X
 merge787/X
 merge788/Y
 merge790/X
 merge791/Y
 merge792/X
 merge793/Y
 merge794/X
 merge795/X
 merge800/Y
 merge801/X
 merge802/X
 merge804/X
 merge805/Y
 merge806/X
 merge808/X
 merge813/X
 merge815/X
 merge818/X
 merge820/X
 merge824/X
 merge825/X
 merge826/X
 merge827/X
 merge830/X
 merge832/X
 merge833/X
 merge834/Y
 merge835/X
 merge836/X
 merge838/Y
 merge840/Y
 merge841/X
 merge842/Y
 merge843/Q
 merge849/Y
 merge853/Y
 merge854/Y
 merge858/Y
 merge860/X
 merge862/X
 merge864/X
 merge867/X
 merge868/X
 merge869/X
 merge875/X
 merge877/Y
 merge879/Y
 merge882/GCLK
 merge883/GCLK
 merge884/GCLK
 merge893/Y
 merge894/Y
 merge910/GCLK
 merge911/GCLK
 merge912/GCLK
 s935/GCLK
 s936/GCLK
 s937/GCLK
 s951/GCLK
 s952/GCLK
 s953/GCLK
 s967/GCLK
 s968/GCLK
 s969/GCLK
 s983/GCLK
 s984/GCLK
 s985/GCLK
Found 0 partially unannotated drivers.

===========================================================================
max slew violation count 342
Writing metric design__max_slew_violation__count__corner:nom_tt_025C_1v80: 342
max fanout violation count 18
Writing metric design__max_fanout_violation__count__corner:nom_tt_025C_1v80: 18
max cap violation count 3
Writing metric design__max_cap_violation__count__corner:nom_tt_025C_1v80: 3
============================================================================

===========================================================================
check_setup -verbose -unconstrained_endpoints -multiple_clock -no_clock -no_input_delay -loops -generated_clocks
===========================================================================
Warning: There are 11 unconstrained endpoints.
  out21
  out28
  out41
  out42
  out44
  out5
  out50
  out51
  c107/SCE
  merge843/D
  merge857/D
