
===========================================================================
report_checks -unconstrained
===========================================================================
======================= nom_ss_100C_1v60 Corner ===================================

Startpoint: in0 (input port clocked by clk)
Endpoint: merge828 (recovery check against falling-edge clock clk)
Path Group: asynchronous
Path Type: max

Fanout         Cap        Slew       Delay        Time   Description
---------------------------------------------------------------------------------------------
                                  0.000000    0.000000   clock clk (rise edge)
                                  0.000000    0.000000   clock network delay (propagated)
                                  1.600000    1.600000 v input external delay
     2    0.008754    0.042265    0.027603    1.627603 v in0 (in)
                                                         in0 (net)
                      0.042266    0.000000    1.627603 v input1/A (sky130_fd_sc_hd__buf_8)
     9    0.086177    0.122871    0.269288    1.896892 v input1/X (sky130_fd_sc_hd__buf_8)
                                                         net133 (net)
                      0.125213    0.013323    1.910215 v fanout224/A (sky130_fd_sc_hd__buf_12)
    13    0.098097    0.105136    0.306879    2.217094 v fanout224/X (sky130_fd_sc_hd__buf_12)
                                                         net1083 (net)
                      0.105150    0.001051    2.218145 v fanout223/A (sky130_fd_sc_hd__buf_12)
    11    0.055481    0.074051    0.272835    2.490980 v fanout223/X (sky130_fd_sc_hd__buf_12)
                                                         net1082 (net)
                      0.074401    0.003549    2.494529 v fanout222/A (sky130_fd_sc_hd__buf_12)
     7    0.045090    0.068319    0.250672    2.745201 v fanout222/X (sky130_fd_sc_hd__buf_12)
                                                         net1081 (net)
                      0.068338    0.001081    2.746282 v c132/C (sky130_fd_sc_hd__or3_4)
     5    0.048764    0.227393    0.814493    3.560775 v c132/X (sky130_fd_sc_hd__or3_4)
                                                         net68 (net)
                      0.227398    0.001553    3.562328 v fanout207/A (sky130_fd_sc_hd__buf_12)
    13    0.063393    0.079598    0.338005    3.900333 v fanout207/X (sky130_fd_sc_hd__buf_12)
                                                         net1066 (net)
                      0.079673    0.001786    3.902119 v c134/C1 (sky130_fd_sc_hd__a2111oi_4)
     3    0.019278    0.665161    0.690053    4.592172 ^ c134/Y (sky130_fd_sc_hd__a2111oi_4)
                                                         net70 (net)
                      0.665161    0.000337    4.592509 ^ fanout192/A (sky130_fd_sc_hd__buf_6)
     5    0.042112    0.151017    0.457833    5.050342 ^ fanout192/X (sky130_fd_sc_hd__buf_6)
                                                         net1051 (net)
                      0.151019    0.000937    5.051279 ^ c136/D1 (sky130_fd_sc_hd__o2111ai_4)
     3    0.022791    0.320940    0.334230    5.385508 v c136/Y (sky130_fd_sc_hd__o2111ai_4)
                                                         net72 (net)
                      0.320940    0.000376    5.385884 v fanout180/A (sky130_fd_sc_hd__buf_8)
     7    0.065659    0.100272    0.390126    5.776011 v fanout180/X (sky130_fd_sc_hd__buf_8)
                                                         net1039 (net)
                      0.100288    0.001306    5.777316 v fanout179/A (sky130_fd_sc_hd__buf_12)
     5    0.037070    0.061116    0.255158    6.032474 v fanout179/X (sky130_fd_sc_hd__buf_12)
                                                         net1038 (net)
                      0.061175    0.001700    6.034174 v c138/C (sky130_fd_sc_hd__nor3_4)
     4    0.020587    0.426459    0.364239    6.398413 ^ c138/Y (sky130_fd_sc_hd__nor3_4)
                                                         net74 (net)
                      0.426459    0.000406    6.398818 ^ max_cap177/A (sky130_fd_sc_hd__buf_8)
     8    0.065816    0.178223    0.394980    6.793798 ^ max_cap177/X (sky130_fd_sc_hd__buf_8)
                                                         net1036 (net)
                      0.178359    0.004484    6.798283 ^ c142/A1 (sky130_fd_sc_hd__a2111o_4)
     5    0.050676    0.260131    0.508746    7.307029 ^ c142/X (sky130_fd_sc_hd__a2111o_4)
                                                         net78 (net)
                      0.260132    0.001120    7.308149 ^ fanout176/A (sky130_fd_sc_hd__buf_12)
     5    0.034399    0.085027    0.274812    7.582961 ^ fanout176/X (sky130_fd_sc_hd__buf_12)
                                                         net1035 (net)
                      0.085039    0.001026    7.583987 ^ c145/D1 (sky130_fd_sc_hd__o2111ai_4)
     2    0.012944    0.242493    0.245746    7.829732 v c145/Y (sky130_fd_sc_hd__o2111ai_4)
                                                         net81 (net)
                      0.242493    0.000380    7.830113 v fanout166/A (sky130_fd_sc_hd__buf_12)
    11    0.053284    0.073020    0.339145    8.169257 v fanout166/X (sky130_fd_sc_hd__buf_12)
                                                         net1025 (net)
                      0.073020    0.001034    8.170291 v c146/B1 (sky130_fd_sc_hd__a2111oi_4)
     2    0.007466    0.445647    0.582859    8.753150 ^ c146/Y (sky130_fd_sc_hd__a2111oi_4)
                                                         net82 (net)
                      0.445647    0.000125    8.753276 ^ c148/A2 (sky130_fd_sc_hd__o2111a_2)
     3    0.028359    0.276760    0.700305    9.453581 ^ c148/X (sky130_fd_sc_hd__o2111a_2)
                                                         net84 (net)
                      0.276764    0.001634    9.455215 ^ c154/A2 (sky130_fd_sc_hd__o2111ai_4)
     3    0.020859    0.327261    0.382699    9.837914 v c154/Y (sky130_fd_sc_hd__o2111ai_4)
                                                         net90 (net)
                      0.327262    0.000472    9.838386 v rebuffer23/A (sky130_fd_sc_hd__dlymetal6s2s_1)
     3    0.030037    0.295235    0.591896   10.430282 v rebuffer23/X (sky130_fd_sc_hd__dlymetal6s2s_1)
                                                         net1114 (net)
                      0.295264    0.003076   10.433357 v c234/A1 (sky130_fd_sc_hd__mux4_1)
     3    0.009078    0.225581    1.324105   11.757463 v c234/X (sky130_fd_sc_hd__mux4_1)
                                                         net169 (net)
                      0.225581    0.000193   11.757656 v c239/A0 (sky130_fd_sc_hd__mux4_2)
     2    0.011698    0.199923    1.165175   12.922831 v c239/X (sky130_fd_sc_hd__mux4_2)
                                                         net174 (net)
                      0.199923    0.000588   12.923418 v c367/A0 (sky130_fd_sc_hd__mux4_2)
     1    0.013632    0.212273    1.173134   14.096552 v c367/X (sky130_fd_sc_hd__mux4_2)
                                                         net300 (net)
                      0.212273    0.000701   14.097253 v clkbuf_0_net300/A (sky130_fd_sc_hd__clkbuf_16)
     2    0.020355    0.057702    0.327248   14.424501 v clkbuf_0_net300/X (sky130_fd_sc_hd__clkbuf_16)
                                                         clknet_0_net300 (net)
                      0.057702    0.000657   14.425159 v clkbuf_1_1__f_net300/A (sky130_fd_sc_hd__clkbuf_16)
     4    0.019339    0.056613    0.250437   14.675595 v clkbuf_1_1__f_net300/X (sky130_fd_sc_hd__clkbuf_16)
                                                         clknet_1_1__leaf_net300 (net)
                      0.056613    0.000867   14.676462 v c368/S0 (sky130_fd_sc_hd__mux4_4)
     1    0.015153    0.255857    1.349997   16.026459 v c368/X (sky130_fd_sc_hd__mux4_4)
                                                         net947 (net)
                      0.255857    0.000634   16.027094 v clkbuf_0_net947/A (sky130_fd_sc_hd__clkbuf_16)
     2    0.017750    0.055820    0.345258   16.372351 v clkbuf_0_net947/X (sky130_fd_sc_hd__clkbuf_16)
                                                         clknet_0_net947 (net)
                      0.055820    0.000522   16.372873 v clkbuf_1_0__f_net947/A (sky130_fd_sc_hd__clkbuf_16)
     4    0.018921    0.056231    0.249161   16.622034 v clkbuf_1_0__f_net947/X (sky130_fd_sc_hd__clkbuf_16)
                                                         clknet_1_0__leaf_net947 (net)
                      0.056231    0.000526   16.622561 v c485/A2 (sky130_fd_sc_hd__mux4_2)
     1    0.010395    0.192149    1.088747   17.711308 v c485/X (sky130_fd_sc_hd__mux4_2)
                                                         net401 (net)
                      0.192149    0.000448   17.711754 v clkbuf_0_net401/A (sky130_fd_sc_hd__clkbuf_16)
     2    0.019430    0.056873    0.316263   18.028017 v clkbuf_0_net401/X (sky130_fd_sc_hd__clkbuf_16)
                                                         clknet_0_net401 (net)
                      0.056873    0.000547   18.028564 v clkbuf_1_1__f_net401/A (sky130_fd_sc_hd__clkbuf_16)
     3    0.013240    0.051335    0.242920   18.271484 v clkbuf_1_1__f_net401/X (sky130_fd_sc_hd__clkbuf_16)
                                                         clknet_1_1__leaf_net401 (net)
                      0.051335    0.000345   18.271830 v c487/A0 (sky130_fd_sc_hd__mux4_1)
     1    0.010882    0.248345    1.214973   19.486801 v c487/X (sky130_fd_sc_hd__mux4_1)
                                                         net403 (net)
                      0.248345    0.000554   19.487356 v clkbuf_0_net403/A (sky130_fd_sc_hd__clkbuf_16)
     2    0.016426    0.054599    0.340149   19.827505 v clkbuf_0_net403/X (sky130_fd_sc_hd__clkbuf_16)
                                                         clknet_0_net403 (net)
                      0.054599    0.000281   19.827785 v clkbuf_1_1__f_net403/A (sky130_fd_sc_hd__clkbuf_16)
     5    0.020143    0.057276    0.250067   20.077852 v clkbuf_1_1__f_net403/X (sky130_fd_sc_hd__clkbuf_16)
                                                         clknet_1_1__leaf_net403 (net)
                      0.057276    0.000409   20.078262 v c505/S0 (sky130_fd_sc_hd__mux4_4)
     1    0.004600    0.125054    0.794849   20.873110 ^ c505/X (sky130_fd_sc_hd__mux4_4)
                                                         net417 (net)
                      0.125054    0.000162   20.873272 ^ merge808/B (sky130_fd_sc_hd__or2_4)
     1    0.003404    0.048710    0.211143   21.084415 ^ merge808/X (sky130_fd_sc_hd__or2_4)
                                                         net677 (net)
                      0.048710    0.000076   21.084492 ^ merge828/RESET_B (sky130_fd_sc_hd__dlrtp_2)
                                             21.084492   data arrival time

                                  4.000000    4.000000   clock clk (fall edge)
                                  0.000000    4.000000   clock source latency
     2    0.045843    0.198348    0.142838    4.142838 v clk (in)
                                                         clk (net)
                      0.198591    0.000000    4.142838 v clkbuf_0_clk/A (sky130_fd_sc_hd__clkbuf_16)
    33    0.209033    0.227656    0.473289    4.616126 v clkbuf_0_clk/X (sky130_fd_sc_hd__clkbuf_16)
                                                         clknet_0_clk (net)
                      0.227914    0.006882    4.623009 v clkbuf_4_13_0_clk/A (sky130_fd_sc_hd__clkbuf_8)
    12    0.043712    0.104155    0.371069    4.994078 v clkbuf_4_13_0_clk/X (sky130_fd_sc_hd__clkbuf_8)
                                                         clknet_4_13_0_clk (net)
                      0.104202    0.002024    4.996101 v merge828/GATE (sky130_fd_sc_hd__dlrtp_2)
                                 -0.250000    4.746101   clock uncertainty
                                  0.000000    4.746101   clock reconvergence pessimism
                                  0.057594    4.803695   library recovery time
                                              4.803695   data required time
---------------------------------------------------------------------------------------------
                                              4.803695   data required time
                                            -21.084492   data arrival time
---------------------------------------------------------------------------------------------
                                            -16.280796   slack (VIOLATED)


Startpoint: in0 (input port clocked by clk)
Endpoint: merge870 (falling edge-triggered flip-flop clocked by clk)
Path Group: clk
Path Type: max

Fanout         Cap        Slew       Delay        Time   Description
---------------------------------------------------------------------------------------------
                                  0.000000    0.000000   clock clk (rise edge)
                                  0.000000    0.000000   clock network delay (propagated)
                                  1.600000    1.600000 v input external delay
     2    0.008754    0.042265    0.027603    1.627603 v in0 (in)
                                                         in0 (net)
                      0.042266    0.000000    1.627603 v input1/A (sky130_fd_sc_hd__buf_8)
     9    0.086177    0.122871    0.269288    1.896892 v input1/X (sky130_fd_sc_hd__buf_8)
                                                         net133 (net)
                      0.125213    0.013323    1.910215 v fanout224/A (sky130_fd_sc_hd__buf_12)
    13    0.098097    0.105136    0.306879    2.217094 v fanout224/X (sky130_fd_sc_hd__buf_12)
                                                         net1083 (net)
                      0.105150    0.001051    2.218145 v fanout223/A (sky130_fd_sc_hd__buf_12)
    11    0.055481    0.074051    0.272835    2.490980 v fanout223/X (sky130_fd_sc_hd__buf_12)
                                                         net1082 (net)
                      0.074401    0.003549    2.494529 v fanout222/A (sky130_fd_sc_hd__buf_12)
     7    0.045090    0.068319    0.250672    2.745201 v fanout222/X (sky130_fd_sc_hd__buf_12)
                                                         net1081 (net)
                      0.068338    0.001081    2.746282 v c132/C (sky130_fd_sc_hd__or3_4)
     5    0.048764    0.227393    0.814493    3.560775 v c132/X (sky130_fd_sc_hd__or3_4)
                                                         net68 (net)
                      0.227398    0.001553    3.562328 v fanout207/A (sky130_fd_sc_hd__buf_12)
    13    0.063393    0.079598    0.338005    3.900333 v fanout207/X (sky130_fd_sc_hd__buf_12)
                                                         net1066 (net)
                      0.079673    0.001786    3.902119 v c134/C1 (sky130_fd_sc_hd__a2111oi_4)
     3    0.019278    0.665161    0.690053    4.592172 ^ c134/Y (sky130_fd_sc_hd__a2111oi_4)
                                                         net70 (net)
                      0.665161    0.000337    4.592509 ^ fanout192/A (sky130_fd_sc_hd__buf_6)
     5    0.042112    0.151017    0.457833    5.050342 ^ fanout192/X (sky130_fd_sc_hd__buf_6)
                                                         net1051 (net)
                      0.151019    0.000937    5.051279 ^ c136/D1 (sky130_fd_sc_hd__o2111ai_4)
     3    0.022791    0.320940    0.334230    5.385508 v c136/Y (sky130_fd_sc_hd__o2111ai_4)
                                                         net72 (net)
                      0.320940    0.000376    5.385884 v fanout180/A (sky130_fd_sc_hd__buf_8)
     7    0.065659    0.100272    0.390126    5.776011 v fanout180/X (sky130_fd_sc_hd__buf_8)
                                                         net1039 (net)
                      0.100288    0.001306    5.777316 v fanout179/A (sky130_fd_sc_hd__buf_12)
     5    0.037070    0.061116    0.255158    6.032474 v fanout179/X (sky130_fd_sc_hd__buf_12)
                                                         net1038 (net)
                      0.061175    0.001700    6.034174 v c138/C (sky130_fd_sc_hd__nor3_4)
     4    0.020587    0.426459    0.364239    6.398413 ^ c138/Y (sky130_fd_sc_hd__nor3_4)
                                                         net74 (net)
                      0.426459    0.000406    6.398818 ^ max_cap177/A (sky130_fd_sc_hd__buf_8)
     8    0.065816    0.178223    0.394980    6.793798 ^ max_cap177/X (sky130_fd_sc_hd__buf_8)
                                                         net1036 (net)
                      0.178359    0.004484    6.798283 ^ c142/A1 (sky130_fd_sc_hd__a2111o_4)
     5    0.050676    0.260131    0.508746    7.307029 ^ c142/X (sky130_fd_sc_hd__a2111o_4)
                                                         net78 (net)
                      0.260132    0.001120    7.308149 ^ fanout176/A (sky130_fd_sc_hd__buf_12)
     5    0.034399    0.085027    0.274812    7.582961 ^ fanout176/X (sky130_fd_sc_hd__buf_12)
                                                         net1035 (net)
                      0.085039    0.001026    7.583987 ^ c145/D1 (sky130_fd_sc_hd__o2111ai_4)
     2    0.012944    0.242493    0.245746    7.829732 v c145/Y (sky130_fd_sc_hd__o2111ai_4)
                                                         net81 (net)
                      0.242493    0.000380    7.830113 v fanout166/A (sky130_fd_sc_hd__buf_12)
    11    0.053284    0.073020    0.339145    8.169257 v fanout166/X (sky130_fd_sc_hd__buf_12)
                                                         net1025 (net)
                      0.073020    0.001034    8.170291 v c146/B1 (sky130_fd_sc_hd__a2111oi_4)
     2    0.007466    0.445647    0.582859    8.753150 ^ c146/Y (sky130_fd_sc_hd__a2111oi_4)
                                                         net82 (net)
                      0.445647    0.000125    8.753276 ^ c148/A2 (sky130_fd_sc_hd__o2111a_2)
     3    0.028359    0.276760    0.700305    9.453581 ^ c148/X (sky130_fd_sc_hd__o2111a_2)
                                                         net84 (net)
                      0.276764    0.001634    9.455215 ^ c154/A2 (sky130_fd_sc_hd__o2111ai_4)
     3    0.020859    0.327261    0.382699    9.837914 v c154/Y (sky130_fd_sc_hd__o2111ai_4)
                                                         net90 (net)
                      0.327262    0.000805    9.838718 v fanout156/A (sky130_fd_sc_hd__buf_8)
     8    0.048618    0.087166    0.377185   10.215904 v fanout156/X (sky130_fd_sc_hd__buf_8)
                                                         net1015 (net)
                      0.087222    0.002061   10.217965 v c177/B (sky130_fd_sc_hd__or4bb_4)
     7    0.049331    0.278450    1.225511   11.443477 v c177/X (sky130_fd_sc_hd__or4bb_4)
                                                         net113 (net)
                      0.278526    0.004510   11.447987 v c455/A (sky130_fd_sc_hd__or4bb_4)
     1    0.009248    0.171803    1.164100   12.612087 v c455/X (sky130_fd_sc_hd__or4bb_4)
                                                         net372 (net)
                      0.171803    0.000373   12.612460 v fanout151/A (sky130_fd_sc_hd__buf_8)
    15    0.060840    0.094434    0.314998   12.927458 v fanout151/X (sky130_fd_sc_hd__buf_8)
                                                         net1010 (net)
                      0.094463    0.001811   12.929269 v fanout150/A (sky130_fd_sc_hd__buf_8)
    11    0.042939    0.078158    0.260095   13.189363 v fanout150/X (sky130_fd_sc_hd__buf_8)
                                                         net1009 (net)
                      0.078224    0.002072   13.191436 v c456/A2 (sky130_fd_sc_hd__mux4_2)
     2    0.009460    0.186965    1.090116   14.281551 v c456/X (sky130_fd_sc_hd__mux4_2)
                                                         net373 (net)
                      0.186965    0.000332   14.281883 v c459/A1 (sky130_fd_sc_hd__a2111o_4)
     3    0.010836    0.128515    0.904296   15.186180 v c459/X (sky130_fd_sc_hd__a2111o_4)
                                                         net376 (net)
                      0.128598    0.000433   15.186613 v c572/A0 (sky130_fd_sc_hd__mux4_4)
     1    0.014758    0.254265    1.468411   16.655024 v c572/X (sky130_fd_sc_hd__mux4_4)
                                                         net461 (net)
                      0.254265    0.000757   16.655781 v clkbuf_0_net461/A (sky130_fd_sc_hd__clkbuf_16)
     2    0.010944    0.049959    0.336478   16.992258 v clkbuf_0_net461/X (sky130_fd_sc_hd__clkbuf_16)
                                                         clknet_0_net461 (net)
                      0.049959    0.000393   16.992651 v clkbuf_1_0__f_net461/A (sky130_fd_sc_hd__clkbuf_16)
     2    0.006955    0.045050    0.230985   17.223637 v clkbuf_1_0__f_net461/X (sky130_fd_sc_hd__clkbuf_16)
                                                         clknet_1_0__leaf_net461 (net)
                      0.045051    0.000142   17.223778 v c585/A1 (sky130_fd_sc_hd__mux4_4)
     1    0.009011    0.237069    1.357613   18.581390 v c585/X (sky130_fd_sc_hd__mux4_4)
                                                         net474 (net)
                      0.237069    0.000345   18.581736 v clkbuf_0_net474/A (sky130_fd_sc_hd__clkbuf_16)
     2    0.017486    0.055399    0.335955   18.917690 v clkbuf_0_net474/X (sky130_fd_sc_hd__clkbuf_16)
                                                         clknet_0_net474 (net)
                      0.055399    0.000362   18.918053 v clkbuf_1_1__f_net474/A (sky130_fd_sc_hd__clkbuf_16)
     4    0.017462    0.054983    0.247217   19.165270 v clkbuf_1_1__f_net474/X (sky130_fd_sc_hd__clkbuf_16)
                                                         clknet_1_1__leaf_net474 (net)
                      0.054983    0.000608   19.165878 v c707/A2 (sky130_fd_sc_hd__mux4_4)
     1    0.010798    0.242446    1.395501   20.561378 v c707/X (sky130_fd_sc_hd__mux4_4)
                                                         net572 (net)
                      0.242446    0.000435   20.561813 v merge802/A (sky130_fd_sc_hd__nor2b_4)
     3    0.021886    0.259235    0.361759   20.923573 ^ merge802/Y (sky130_fd_sc_hd__nor2b_4)
                                                         net669 (net)
                      0.259235    0.000851   20.924423 ^ merge840/A (sky130_fd_sc_hd__or2_4)
     3    0.029151    0.156619    0.370580   21.295004 ^ merge840/X (sky130_fd_sc_hd__or2_4)
                                                         net711 (net)
                      0.156638    0.001812   21.296816 ^ merge870/D (sky130_fd_sc_hd__dfrtn_1)
                                             21.296816   data arrival time

                                  4.000000    4.000000   clock clk (fall edge)
                                  0.000000    4.000000   clock source latency
     2    0.045843    0.198348    0.142838    4.142838 v clk (in)
                                                         clk (net)
                      0.198591    0.000000    4.142838 v clkbuf_0_clk/A (sky130_fd_sc_hd__clkbuf_16)
    33    0.209033    0.227656    0.473289    4.616126 v clkbuf_0_clk/X (sky130_fd_sc_hd__clkbuf_16)
                                                         clknet_0_clk (net)
                      0.227914    0.006882    4.623009 v clkbuf_4_13_0_clk/A (sky130_fd_sc_hd__clkbuf_8)
    12    0.043712    0.104155    0.371069    4.994078 v clkbuf_4_13_0_clk/X (sky130_fd_sc_hd__clkbuf_8)
                                                         clknet_4_13_0_clk (net)
                      0.104161    0.000966    4.995044 v merge870/CLK_N (sky130_fd_sc_hd__dfrtn_1)
                                 -0.250000    4.745044   clock uncertainty
                                  0.000000    4.745044   clock reconvergence pessimism
                                  0.047274    4.792318   library setup time
                                              4.792318   data required time
---------------------------------------------------------------------------------------------
                                              4.792318   data required time
                                            -21.296816   data arrival time
---------------------------------------------------------------------------------------------
                                            -16.504498   slack (VIOLATED)




===========================================================================
report_checks --slack_max -0.01
============================================================================
======================= nom_ss_100C_1v60 Corner ===================================

Startpoint: in0 (input port clocked by clk)
Endpoint: merge828 (recovery check against falling-edge clock clk)
Path Group: asynchronous
Path Type: max

Fanout         Cap        Slew       Delay        Time   Description
---------------------------------------------------------------------------------------------
                                  0.000000    0.000000   clock clk (rise edge)
                                  0.000000    0.000000   clock network delay (propagated)
                                  1.600000    1.600000 v input external delay
     2    0.008754    0.042265    0.027603    1.627603 v in0 (in)
                                                         in0 (net)
                      0.042266    0.000000    1.627603 v input1/A (sky130_fd_sc_hd__buf_8)
     9    0.086177    0.122871    0.269288    1.896892 v input1/X (sky130_fd_sc_hd__buf_8)
                                                         net133 (net)
                      0.125213    0.013323    1.910215 v fanout224/A (sky130_fd_sc_hd__buf_12)
    13    0.098097    0.105136    0.306879    2.217094 v fanout224/X (sky130_fd_sc_hd__buf_12)
                                                         net1083 (net)
                      0.105150    0.001051    2.218145 v fanout223/A (sky130_fd_sc_hd__buf_12)
    11    0.055481    0.074051    0.272835    2.490980 v fanout223/X (sky130_fd_sc_hd__buf_12)
                                                         net1082 (net)
                      0.074401    0.003549    2.494529 v fanout222/A (sky130_fd_sc_hd__buf_12)
     7    0.045090    0.068319    0.250672    2.745201 v fanout222/X (sky130_fd_sc_hd__buf_12)
                                                         net1081 (net)
                      0.068338    0.001081    2.746282 v c132/C (sky130_fd_sc_hd__or3_4)
     5    0.048764    0.227393    0.814493    3.560775 v c132/X (sky130_fd_sc_hd__or3_4)
                                                         net68 (net)
                      0.227398    0.001553    3.562328 v fanout207/A (sky130_fd_sc_hd__buf_12)
    13    0.063393    0.079598    0.338005    3.900333 v fanout207/X (sky130_fd_sc_hd__buf_12)
                                                         net1066 (net)
                      0.079673    0.001786    3.902119 v c134/C1 (sky130_fd_sc_hd__a2111oi_4)
     3    0.019278    0.665161    0.690053    4.592172 ^ c134/Y (sky130_fd_sc_hd__a2111oi_4)
                                                         net70 (net)
                      0.665161    0.000337    4.592509 ^ fanout192/A (sky130_fd_sc_hd__buf_6)
     5    0.042112    0.151017    0.457833    5.050342 ^ fanout192/X (sky130_fd_sc_hd__buf_6)
                                                         net1051 (net)
                      0.151019    0.000937    5.051279 ^ c136/D1 (sky130_fd_sc_hd__o2111ai_4)
     3    0.022791    0.320940    0.334230    5.385508 v c136/Y (sky130_fd_sc_hd__o2111ai_4)
                                                         net72 (net)
                      0.320940    0.000376    5.385884 v fanout180/A (sky130_fd_sc_hd__buf_8)
     7    0.065659    0.100272    0.390126    5.776011 v fanout180/X (sky130_fd_sc_hd__buf_8)
                                                         net1039 (net)
                      0.100288    0.001306    5.777316 v fanout179/A (sky130_fd_sc_hd__buf_12)
     5    0.037070    0.061116    0.255158    6.032474 v fanout179/X (sky130_fd_sc_hd__buf_12)
                                                         net1038 (net)
                      0.061175    0.001700    6.034174 v c138/C (sky130_fd_sc_hd__nor3_4)
     4    0.020587    0.426459    0.364239    6.398413 ^ c138/Y (sky130_fd_sc_hd__nor3_4)
                                                         net74 (net)
                      0.426459    0.000406    6.398818 ^ max_cap177/A (sky130_fd_sc_hd__buf_8)
     8    0.065816    0.178223    0.394980    6.793798 ^ max_cap177/X (sky130_fd_sc_hd__buf_8)
                                                         net1036 (net)
                      0.178359    0.004484    6.798283 ^ c142/A1 (sky130_fd_sc_hd__a2111o_4)
     5    0.050676    0.260131    0.508746    7.307029 ^ c142/X (sky130_fd_sc_hd__a2111o_4)
                                                         net78 (net)
                      0.260132    0.001120    7.308149 ^ fanout176/A (sky130_fd_sc_hd__buf_12)
     5    0.034399    0.085027    0.274812    7.582961 ^ fanout176/X (sky130_fd_sc_hd__buf_12)
                                                         net1035 (net)
                      0.085039    0.001026    7.583987 ^ c145/D1 (sky130_fd_sc_hd__o2111ai_4)
     2    0.012944    0.242493    0.245746    7.829732 v c145/Y (sky130_fd_sc_hd__o2111ai_4)
                                                         net81 (net)
                      0.242493    0.000380    7.830113 v fanout166/A (sky130_fd_sc_hd__buf_12)
    11    0.053284    0.073020    0.339145    8.169257 v fanout166/X (sky130_fd_sc_hd__buf_12)
                                                         net1025 (net)
                      0.073020    0.001034    8.170291 v c146/B1 (sky130_fd_sc_hd__a2111oi_4)
     2    0.007466    0.445647    0.582859    8.753150 ^ c146/Y (sky130_fd_sc_hd__a2111oi_4)
                                                         net82 (net)
                      0.445647    0.000125    8.753276 ^ c148/A2 (sky130_fd_sc_hd__o2111a_2)
     3    0.028359    0.276760    0.700305    9.453581 ^ c148/X (sky130_fd_sc_hd__o2111a_2)
                                                         net84 (net)
                      0.276764    0.001634    9.455215 ^ c154/A2 (sky130_fd_sc_hd__o2111ai_4)
     3    0.020859    0.327261    0.382699    9.837914 v c154/Y (sky130_fd_sc_hd__o2111ai_4)
                                                         net90 (net)
                      0.327262    0.000472    9.838386 v rebuffer23/A (sky130_fd_sc_hd__dlymetal6s2s_1)
     3    0.030037    0.295235    0.591896   10.430282 v rebuffer23/X (sky130_fd_sc_hd__dlymetal6s2s_1)
                                                         net1114 (net)
                      0.295264    0.003076   10.433357 v c234/A1 (sky130_fd_sc_hd__mux4_1)
     3    0.009078    0.225581    1.324105   11.757463 v c234/X (sky130_fd_sc_hd__mux4_1)
                                                         net169 (net)
                      0.225581    0.000193   11.757656 v c239/A0 (sky130_fd_sc_hd__mux4_2)
     2    0.011698    0.199923    1.165175   12.922831 v c239/X (sky130_fd_sc_hd__mux4_2)
                                                         net174 (net)
                      0.199923    0.000588   12.923418 v c367/A0 (sky130_fd_sc_hd__mux4_2)
     1    0.013632    0.212273    1.173134   14.096552 v c367/X (sky130_fd_sc_hd__mux4_2)
                                                         net300 (net)
                      0.212273    0.000701   14.097253 v clkbuf_0_net300/A (sky130_fd_sc_hd__clkbuf_16)
     2    0.020355    0.057702    0.327248   14.424501 v clkbuf_0_net300/X (sky130_fd_sc_hd__clkbuf_16)
                                                         clknet_0_net300 (net)
                      0.057702    0.000657   14.425159 v clkbuf_1_1__f_net300/A (sky130_fd_sc_hd__clkbuf_16)
     4    0.019339    0.056613    0.250437   14.675595 v clkbuf_1_1__f_net300/X (sky130_fd_sc_hd__clkbuf_16)
                                                         clknet_1_1__leaf_net300 (net)
                      0.056613    0.000867   14.676462 v c368/S0 (sky130_fd_sc_hd__mux4_4)
     1    0.015153    0.255857    1.349997   16.026459 v c368/X (sky130_fd_sc_hd__mux4_4)
                                                         net947 (net)
                      0.255857    0.000634   16.027094 v clkbuf_0_net947/A (sky130_fd_sc_hd__clkbuf_16)
     2    0.017750    0.055820    0.345258   16.372351 v clkbuf_0_net947/X (sky130_fd_sc_hd__clkbuf_16)
                                                         clknet_0_net947 (net)
                      0.055820    0.000522   16.372873 v clkbuf_1_0__f_net947/A (sky130_fd_sc_hd__clkbuf_16)
     4    0.018921    0.056231    0.249161   16.622034 v clkbuf_1_0__f_net947/X (sky130_fd_sc_hd__clkbuf_16)
                                                         clknet_1_0__leaf_net947 (net)
                      0.056231    0.000526   16.622561 v c485/A2 (sky130_fd_sc_hd__mux4_2)
     1    0.010395    0.192149    1.088747   17.711308 v c485/X (sky130_fd_sc_hd__mux4_2)
                                                         net401 (net)
                      0.192149    0.000448   17.711754 v clkbuf_0_net401/A (sky130_fd_sc_hd__clkbuf_16)
     2    0.019430    0.056873    0.316263   18.028017 v clkbuf_0_net401/X (sky130_fd_sc_hd__clkbuf_16)
                                                         clknet_0_net401 (net)
                      0.056873    0.000547   18.028564 v clkbuf_1_1__f_net401/A (sky130_fd_sc_hd__clkbuf_16)
     3    0.013240    0.051335    0.242920   18.271484 v clkbuf_1_1__f_net401/X (sky130_fd_sc_hd__clkbuf_16)
                                                         clknet_1_1__leaf_net401 (net)
                      0.051335    0.000345   18.271830 v c487/A0 (sky130_fd_sc_hd__mux4_1)
     1    0.010882    0.248345    1.214973   19.486801 v c487/X (sky130_fd_sc_hd__mux4_1)
                                                         net403 (net)
                      0.248345    0.000554   19.487356 v clkbuf_0_net403/A (sky130_fd_sc_hd__clkbuf_16)
     2    0.016426    0.054599    0.340149   19.827505 v clkbuf_0_net403/X (sky130_fd_sc_hd__clkbuf_16)
                                                         clknet_0_net403 (net)
                      0.054599    0.000281   19.827785 v clkbuf_1_1__f_net403/A (sky130_fd_sc_hd__clkbuf_16)
     5    0.020143    0.057276    0.250067   20.077852 v clkbuf_1_1__f_net403/X (sky130_fd_sc_hd__clkbuf_16)
                                                         clknet_1_1__leaf_net403 (net)
                      0.057276    0.000409   20.078262 v c505/S0 (sky130_fd_sc_hd__mux4_4)
     1    0.004600    0.125054    0.794849   20.873110 ^ c505/X (sky130_fd_sc_hd__mux4_4)
                                                         net417 (net)
                      0.125054    0.000162   20.873272 ^ merge808/B (sky130_fd_sc_hd__or2_4)
     1    0.003404    0.048710    0.211143   21.084415 ^ merge808/X (sky130_fd_sc_hd__or2_4)
                                                         net677 (net)
                      0.048710    0.000076   21.084492 ^ merge828/RESET_B (sky130_fd_sc_hd__dlrtp_2)
                                             21.084492   data arrival time

                                  4.000000    4.000000   clock clk (fall edge)
                                  0.000000    4.000000   clock source latency
     2    0.045843    0.198348    0.142838    4.142838 v clk (in)
                                                         clk (net)
                      0.198591    0.000000    4.142838 v clkbuf_0_clk/A (sky130_fd_sc_hd__clkbuf_16)
    33    0.209033    0.227656    0.473289    4.616126 v clkbuf_0_clk/X (sky130_fd_sc_hd__clkbuf_16)
                                                         clknet_0_clk (net)
                      0.227914    0.006882    4.623009 v clkbuf_4_13_0_clk/A (sky130_fd_sc_hd__clkbuf_8)
    12    0.043712    0.104155    0.371069    4.994078 v clkbuf_4_13_0_clk/X (sky130_fd_sc_hd__clkbuf_8)
                                                         clknet_4_13_0_clk (net)
                      0.104202    0.002024    4.996101 v merge828/GATE (sky130_fd_sc_hd__dlrtp_2)
                                 -0.250000    4.746101   clock uncertainty
                                  0.000000    4.746101   clock reconvergence pessimism
                                  0.057594    4.803695   library recovery time
                                              4.803695   data required time
---------------------------------------------------------------------------------------------
                                              4.803695   data required time
                                            -21.084492   data arrival time
---------------------------------------------------------------------------------------------
                                            -16.280796   slack (VIOLATED)


Startpoint: in0 (input port clocked by clk)
Endpoint: merge870 (falling edge-triggered flip-flop clocked by clk)
Path Group: clk
Path Type: max

Fanout         Cap        Slew       Delay        Time   Description
---------------------------------------------------------------------------------------------
                                  0.000000    0.000000   clock clk (rise edge)
                                  0.000000    0.000000   clock network delay (propagated)
                                  1.600000    1.600000 v input external delay
     2    0.008754    0.042265    0.027603    1.627603 v in0 (in)
                                                         in0 (net)
                      0.042266    0.000000    1.627603 v input1/A (sky130_fd_sc_hd__buf_8)
     9    0.086177    0.122871    0.269288    1.896892 v input1/X (sky130_fd_sc_hd__buf_8)
                                                         net133 (net)
                      0.125213    0.013323    1.910215 v fanout224/A (sky130_fd_sc_hd__buf_12)
    13    0.098097    0.105136    0.306879    2.217094 v fanout224/X (sky130_fd_sc_hd__buf_12)
                                                         net1083 (net)
                      0.105150    0.001051    2.218145 v fanout223/A (sky130_fd_sc_hd__buf_12)
    11    0.055481    0.074051    0.272835    2.490980 v fanout223/X (sky130_fd_sc_hd__buf_12)
                                                         net1082 (net)
                      0.074401    0.003549    2.494529 v fanout222/A (sky130_fd_sc_hd__buf_12)
     7    0.045090    0.068319    0.250672    2.745201 v fanout222/X (sky130_fd_sc_hd__buf_12)
                                                         net1081 (net)
                      0.068338    0.001081    2.746282 v c132/C (sky130_fd_sc_hd__or3_4)
     5    0.048764    0.227393    0.814493    3.560775 v c132/X (sky130_fd_sc_hd__or3_4)
                                                         net68 (net)
                      0.227398    0.001553    3.562328 v fanout207/A (sky130_fd_sc_hd__buf_12)
    13    0.063393    0.079598    0.338005    3.900333 v fanout207/X (sky130_fd_sc_hd__buf_12)
                                                         net1066 (net)
                      0.079673    0.001786    3.902119 v c134/C1 (sky130_fd_sc_hd__a2111oi_4)
     3    0.019278    0.665161    0.690053    4.592172 ^ c134/Y (sky130_fd_sc_hd__a2111oi_4)
                                                         net70 (net)
                      0.665161    0.000337    4.592509 ^ fanout192/A (sky130_fd_sc_hd__buf_6)
     5    0.042112    0.151017    0.457833    5.050342 ^ fanout192/X (sky130_fd_sc_hd__buf_6)
                                                         net1051 (net)
                      0.151019    0.000937    5.051279 ^ c136/D1 (sky130_fd_sc_hd__o2111ai_4)
     3    0.022791    0.320940    0.334230    5.385508 v c136/Y (sky130_fd_sc_hd__o2111ai_4)
                                                         net72 (net)
                      0.320940    0.000376    5.385884 v fanout180/A (sky130_fd_sc_hd__buf_8)
     7    0.065659    0.100272    0.390126    5.776011 v fanout180/X (sky130_fd_sc_hd__buf_8)
                                                         net1039 (net)
                      0.100288    0.001306    5.777316 v fanout179/A (sky130_fd_sc_hd__buf_12)
     5    0.037070    0.061116    0.255158    6.032474 v fanout179/X (sky130_fd_sc_hd__buf_12)
                                                         net1038 (net)
                      0.061175    0.001700    6.034174 v c138/C (sky130_fd_sc_hd__nor3_4)
     4    0.020587    0.426459    0.364239    6.398413 ^ c138/Y (sky130_fd_sc_hd__nor3_4)
                                                         net74 (net)
                      0.426459    0.000406    6.398818 ^ max_cap177/A (sky130_fd_sc_hd__buf_8)
     8    0.065816    0.178223    0.394980    6.793798 ^ max_cap177/X (sky130_fd_sc_hd__buf_8)
                                                         net1036 (net)
                      0.178359    0.004484    6.798283 ^ c142/A1 (sky130_fd_sc_hd__a2111o_4)
     5    0.050676    0.260131    0.508746    7.307029 ^ c142/X (sky130_fd_sc_hd__a2111o_4)
                                                         net78 (net)
                      0.260132    0.001120    7.308149 ^ fanout176/A (sky130_fd_sc_hd__buf_12)
     5    0.034399    0.085027    0.274812    7.582961 ^ fanout176/X (sky130_fd_sc_hd__buf_12)
                                                         net1035 (net)
                      0.085039    0.001026    7.583987 ^ c145/D1 (sky130_fd_sc_hd__o2111ai_4)
     2    0.012944    0.242493    0.245746    7.829732 v c145/Y (sky130_fd_sc_hd__o2111ai_4)
                                                         net81 (net)
                      0.242493    0.000380    7.830113 v fanout166/A (sky130_fd_sc_hd__buf_12)
    11    0.053284    0.073020    0.339145    8.169257 v fanout166/X (sky130_fd_sc_hd__buf_12)
                                                         net1025 (net)
                      0.073020    0.001034    8.170291 v c146/B1 (sky130_fd_sc_hd__a2111oi_4)
     2    0.007466    0.445647    0.582859    8.753150 ^ c146/Y (sky130_fd_sc_hd__a2111oi_4)
                                                         net82 (net)
                      0.445647    0.000125    8.753276 ^ c148/A2 (sky130_fd_sc_hd__o2111a_2)
     3    0.028359    0.276760    0.700305    9.453581 ^ c148/X (sky130_fd_sc_hd__o2111a_2)
                                                         net84 (net)
                      0.276764    0.001634    9.455215 ^ c154/A2 (sky130_fd_sc_hd__o2111ai_4)
     3    0.020859    0.327261    0.382699    9.837914 v c154/Y (sky130_fd_sc_hd__o2111ai_4)
                                                         net90 (net)
                      0.327262    0.000805    9.838718 v fanout156/A (sky130_fd_sc_hd__buf_8)
     8    0.048618    0.087166    0.377185   10.215904 v fanout156/X (sky130_fd_sc_hd__buf_8)
                                                         net1015 (net)
                      0.087222    0.002061   10.217965 v c177/B (sky130_fd_sc_hd__or4bb_4)
     7    0.049331    0.278450    1.225511   11.443477 v c177/X (sky130_fd_sc_hd__or4bb_4)
                                                         net113 (net)
                      0.278526    0.004510   11.447987 v c455/A (sky130_fd_sc_hd__or4bb_4)
     1    0.009248    0.171803    1.164100   12.612087 v c455/X (sky130_fd_sc_hd__or4bb_4)
                                                         net372 (net)
                      0.171803    0.000373   12.612460 v fanout151/A (sky130_fd_sc_hd__buf_8)
    15    0.060840    0.094434    0.314998   12.927458 v fanout151/X (sky130_fd_sc_hd__buf_8)
                                                         net1010 (net)
                      0.094463    0.001811   12.929269 v fanout150/A (sky130_fd_sc_hd__buf_8)
    11    0.042939    0.078158    0.260095   13.189363 v fanout150/X (sky130_fd_sc_hd__buf_8)
                                                         net1009 (net)
                      0.078224    0.002072   13.191436 v c456/A2 (sky130_fd_sc_hd__mux4_2)
     2    0.009460    0.186965    1.090116   14.281551 v c456/X (sky130_fd_sc_hd__mux4_2)
                                                         net373 (net)
                      0.186965    0.000332   14.281883 v c459/A1 (sky130_fd_sc_hd__a2111o_4)
     3    0.010836    0.128515    0.904296   15.186180 v c459/X (sky130_fd_sc_hd__a2111o_4)
                                                         net376 (net)
                      0.128598    0.000433   15.186613 v c572/A0 (sky130_fd_sc_hd__mux4_4)
     1    0.014758    0.254265    1.468411   16.655024 v c572/X (sky130_fd_sc_hd__mux4_4)
                                                         net461 (net)
                      0.254265    0.000757   16.655781 v clkbuf_0_net461/A (sky130_fd_sc_hd__clkbuf_16)
     2    0.010944    0.049959    0.336478   16.992258 v clkbuf_0_net461/X (sky130_fd_sc_hd__clkbuf_16)
                                                         clknet_0_net461 (net)
                      0.049959    0.000393   16.992651 v clkbuf_1_0__f_net461/A (sky130_fd_sc_hd__clkbuf_16)
     2    0.006955    0.045050    0.230985   17.223637 v clkbuf_1_0__f_net461/X (sky130_fd_sc_hd__clkbuf_16)
                                                         clknet_1_0__leaf_net461 (net)
                      0.045051    0.000142   17.223778 v c585/A1 (sky130_fd_sc_hd__mux4_4)
     1    0.009011    0.237069    1.357613   18.581390 v c585/X (sky130_fd_sc_hd__mux4_4)
                                                         net474 (net)
                      0.237069    0.000345   18.581736 v clkbuf_0_net474/A (sky130_fd_sc_hd__clkbuf_16)
     2    0.017486    0.055399    0.335955   18.917690 v clkbuf_0_net474/X (sky130_fd_sc_hd__clkbuf_16)
                                                         clknet_0_net474 (net)
                      0.055399    0.000362   18.918053 v clkbuf_1_1__f_net474/A (sky130_fd_sc_hd__clkbuf_16)
     4    0.017462    0.054983    0.247217   19.165270 v clkbuf_1_1__f_net474/X (sky130_fd_sc_hd__clkbuf_16)
                                                         clknet_1_1__leaf_net474 (net)
                      0.054983    0.000608   19.165878 v c707/A2 (sky130_fd_sc_hd__mux4_4)
     1    0.010798    0.242446    1.395501   20.561378 v c707/X (sky130_fd_sc_hd__mux4_4)
                                                         net572 (net)
                      0.242446    0.000435   20.561813 v merge802/A (sky130_fd_sc_hd__nor2b_4)
     3    0.021886    0.259235    0.361759   20.923573 ^ merge802/Y (sky130_fd_sc_hd__nor2b_4)
                                                         net669 (net)
                      0.259235    0.000851   20.924423 ^ merge840/A (sky130_fd_sc_hd__or2_4)
     3    0.029151    0.156619    0.370580   21.295004 ^ merge840/X (sky130_fd_sc_hd__or2_4)
                                                         net711 (net)
                      0.156638    0.001812   21.296816 ^ merge870/D (sky130_fd_sc_hd__dfrtn_1)
                                             21.296816   data arrival time

                                  4.000000    4.000000   clock clk (fall edge)
                                  0.000000    4.000000   clock source latency
     2    0.045843    0.198348    0.142838    4.142838 v clk (in)
                                                         clk (net)
                      0.198591    0.000000    4.142838 v clkbuf_0_clk/A (sky130_fd_sc_hd__clkbuf_16)
    33    0.209033    0.227656    0.473289    4.616126 v clkbuf_0_clk/X (sky130_fd_sc_hd__clkbuf_16)
                                                         clknet_0_clk (net)
                      0.227914    0.006882    4.623009 v clkbuf_4_13_0_clk/A (sky130_fd_sc_hd__clkbuf_8)
    12    0.043712    0.104155    0.371069    4.994078 v clkbuf_4_13_0_clk/X (sky130_fd_sc_hd__clkbuf_8)
                                                         clknet_4_13_0_clk (net)
                      0.104161    0.000966    4.995044 v merge870/CLK_N (sky130_fd_sc_hd__dfrtn_1)
                                 -0.250000    4.745044   clock uncertainty
                                  0.000000    4.745044   clock reconvergence pessimism
                                  0.047274    4.792318   library setup time
                                              4.792318   data required time
---------------------------------------------------------------------------------------------
                                              4.792318   data required time
                                            -21.296816   data arrival time
---------------------------------------------------------------------------------------------
                                            -16.504498   slack (VIOLATED)




===========================================================================
 report_check_types -max_slew -max_cap -max_fanout -violators
============================================================================
======================= nom_ss_100C_1v60 Corner ===================================

max slew

Pin                                        Limit        Slew       Slack
------------------------------------------------------------------------
c214/Y                                  0.750000    1.810304   -1.060304 (VIOLATED)
clkbuf_0_net946/A                       0.750000    1.810304   -1.060304 (VIOLATED)
c216/Y                                  0.750000    1.593464   -0.843464 (VIOLATED)
clkbuf_0_net153/A                       0.750000    1.593464   -0.843464 (VIOLATED)
clkbuf_0_net934/A                       0.750000    1.197647   -0.447647 (VIOLATED)
c536/Y                                  0.750000    1.197644   -0.447644 (VIOLATED)
ANTENNA_c486_A1/DIODE                   0.750000    1.140019   -0.390019 (VIOLATED)
c486/A1                                 0.750000    1.140020   -0.390020 (VIOLATED)
ANTENNA_c497_A0/DIODE                   0.750000    1.140017   -0.390017 (VIOLATED)
c497/A0                                 0.750000    1.140018   -0.390018 (VIOLATED)
ANTENNA_c476_A0/DIODE                   0.750000    1.139987   -0.389987 (VIOLATED)
c476/A0                                 0.750000    1.139987   -0.389987 (VIOLATED)
c469/A1                                 0.750000    1.139954   -0.389954 (VIOLATED)
ANTENNA_c469_A1/DIODE                   0.750000    1.139948   -0.389948 (VIOLATED)
c427/D                                  0.750000    1.139899   -0.389899 (VIOLATED)
ANTENNA_c427_D/DIODE                    0.750000    1.139888   -0.389888 (VIOLATED)
c436/A2                                 0.750000    1.139866   -0.389866 (VIOLATED)
ANTENNA_c436_A2/DIODE                   0.750000    1.139860   -0.389860 (VIOLATED)
ANTENNA_c424_S1/DIODE                   0.750000    1.139854   -0.389854 (VIOLATED)
ANTENNA_c418_Y/DIODE                    0.750000    1.139852   -0.389852 (VIOLATED)
c418/Y                                  0.750000    1.139852   -0.389852 (VIOLATED)
c424/S1                                 0.750000    1.139852   -0.389852 (VIOLATED)
c755/S1                                 0.750000    0.992569   -0.242569 (VIOLATED)
ANTENNA_c755_S1/DIODE                   0.750000    0.992568   -0.242568 (VIOLATED)
c757/S1                                 0.750000    0.992558   -0.242558 (VIOLATED)
ANTENNA_c757_S1/DIODE                   0.750000    0.992556   -0.242556 (VIOLATED)
ANTENNA_c730_A2/DIODE                   0.750000    0.992553   -0.242553 (VIOLATED)
ANTENNA_c739_S0/DIODE                   0.750000    0.992553   -0.242553 (VIOLATED)
c739/S0                                 0.750000    0.992553   -0.242553 (VIOLATED)
c730/A2                                 0.750000    0.992553   -0.242553 (VIOLATED)
c732/S0                                 0.750000    0.992544   -0.242544 (VIOLATED)
ANTENNA_c702_S1/DIODE                   0.750000    0.992540   -0.242540 (VIOLATED)
ANTENNA_c703_S0/DIODE                   0.750000    0.992540   -0.242540 (VIOLATED)
ANTENNA_c732_S0/DIODE                   0.750000    0.992540   -0.242540 (VIOLATED)
ANTENNA_s955_Q/DIODE                    0.750000    0.992540   -0.242540 (VIOLATED)
c702/S1                                 0.750000    0.992540   -0.242540 (VIOLATED)
c703/S0                                 0.750000    0.992540   -0.242540 (VIOLATED)
s955/Q                                  0.750000    0.992540   -0.242540 (VIOLATED)
c617/A2                                 0.750000    0.918603   -0.168603 (VIOLATED)
ANTENNA_c617_A2/DIODE                   0.750000    0.918602   -0.168602 (VIOLATED)
ANTENNA_c628_S0/DIODE                   0.750000    0.918602   -0.168602 (VIOLATED)
c628/S0                                 0.750000    0.918601   -0.168601 (VIOLATED)
ANTENNA_c484_A2/DIODE                   0.750000    0.918594   -0.168594 (VIOLATED)
c484/A2                                 0.750000    0.918594   -0.168594 (VIOLATED)
ANTENNA_c499_A3/DIODE                   0.750000    0.918592   -0.168592 (VIOLATED)
c499/A3                                 0.750000    0.918592   -0.168592 (VIOLATED)
c356/A3                                 0.750000    0.918582   -0.168582 (VIOLATED)
ANTENNA_c237_S1/DIODE                   0.750000    0.918578   -0.168578 (VIOLATED)
ANTENNA_c238_S1/DIODE                   0.750000    0.918578   -0.168578 (VIOLATED)
ANTENNA_c239_S0/DIODE                   0.750000    0.918578   -0.168578 (VIOLATED)
ANTENNA_c356_A3/DIODE                   0.750000    0.918578   -0.168578 (VIOLATED)
ANTENNA_s890_Q/DIODE                    0.750000    0.918578   -0.168578 (VIOLATED)
c237/S1                                 0.750000    0.918578   -0.168578 (VIOLATED)
c238/S1                                 0.750000    0.918578   -0.168578 (VIOLATED)
c239/S0                                 0.750000    0.918578   -0.168578 (VIOLATED)
s890/Q                                  0.750000    0.918578   -0.168578 (VIOLATED)
ANTENNA_c668_A1/DIODE                   0.750000    0.913562   -0.163563 (VIOLATED)
c668/A1                                 0.750000    0.913562   -0.163562 (VIOLATED)
c694/A3                                 0.750000    0.913562   -0.163562 (VIOLATED)
ANTENNA_c694_A3/DIODE                   0.750000    0.913561   -0.163562 (VIOLATED)
ANTENNA_c426_B1/DIODE                   0.750000    0.913551   -0.163551 (VIOLATED)
c426/B1                                 0.750000    0.913551   -0.163551 (VIOLATED)
c442/SCE                                0.750000    0.913549   -0.163549 (VIOLATED)
ANTENNA_c442_SCE/DIODE                  0.750000    0.913549   -0.163549 (VIOLATED)
ANTENNA_c281_Q_N/DIODE                  0.750000    0.913546   -0.163546 (VIOLATED)
ANTENNA_c284_C1/DIODE                   0.750000    0.913546   -0.163546 (VIOLATED)
ANTENNA_c405_C/DIODE                    0.750000    0.913546   -0.163546 (VIOLATED)
ANTENNA_merge770_D1/DIODE               0.750000    0.913546   -0.163546 (VIOLATED)
c281/Q_N                                0.750000    0.913546   -0.163546 (VIOLATED)
c284/C1                                 0.750000    0.913546   -0.163546 (VIOLATED)
c405/C                                  0.750000    0.913546   -0.163546 (VIOLATED)
merge770/D1                             0.750000    0.913546   -0.163546 (VIOLATED)
c676/A0                                 0.750000    0.904426   -0.154426 (VIOLATED)
ANTENNA_c676_A0/DIODE                   0.750000    0.904425   -0.154425 (VIOLATED)
ANTENNA_merge771_A2/DIODE               0.750000    0.904424   -0.154424 (VIOLATED)
merge771/A2                             0.750000    0.904424   -0.154425 (VIOLATED)
c548/A2                                 0.750000    0.904423   -0.154423 (VIOLATED)
ANTENNA_c548_A2/DIODE                   0.750000    0.904422   -0.154422 (VIOLATED)
merge765/B1                             0.750000    0.904420   -0.154420 (VIOLATED)
ANTENNA_merge765_B1/DIODE               0.750000    0.904420   -0.154420 (VIOLATED)
ANTENNA_c529_Y/DIODE                    0.750000    0.904419   -0.154419 (VIOLATED)
ANTENNA_max_cap128_A/DIODE              0.750000    0.904419   -0.154419 (VIOLATED)
c529/Y                                  0.750000    0.904419   -0.154419 (VIOLATED)
max_cap128/A                            0.750000    0.904419   -0.154419 (VIOLATED)
ANTENNA_c253_A1/DIODE                   0.750000    0.872408   -0.122408 (VIOLATED)
c253/A1                                 0.750000    0.872408   -0.122408 (VIOLATED)
c243/A0                                 0.750000    0.872408   -0.122408 (VIOLATED)
c152/S1                                 0.750000    0.872408   -0.122408 (VIOLATED)
ANTENNA_c152_S1/DIODE                   0.750000    0.872407   -0.122407 (VIOLATED)
ANTENNA_c243_A0/DIODE                   0.750000    0.872406   -0.122406 (VIOLATED)
c153/S0                                 0.750000    0.872406   -0.122406 (VIOLATED)
ANTENNA_c153_S0/DIODE                   0.750000    0.872405   -0.122405 (VIOLATED)
c161/D_N                                0.750000    0.872397   -0.122397 (VIOLATED)
ANTENNA_c161_D_N/DIODE                  0.750000    0.872396   -0.122396 (VIOLATED)
ANTENNA_clone10_X/DIODE                 0.750000    0.872394   -0.122394 (VIOLATED)
clone10/X                               0.750000    0.872393   -0.122393 (VIOLATED)
ANTENNA_c126_C_N/DIODE                  0.750000    0.863963   -0.113963 (VIOLATED)
c126/C_N                                0.750000    0.863963   -0.113963 (VIOLATED)
c242/S0                                 0.750000    0.863963   -0.113963 (VIOLATED)
ANTENNA_c242_S0/DIODE                   0.750000    0.863962   -0.113962 (VIOLATED)
ANTENNA_c202_S1/DIODE                   0.750000    0.863952   -0.113952 (VIOLATED)
c202/S1                                 0.750000    0.863953   -0.113953 (VIOLATED)
c345/A3                                 0.750000    0.863952   -0.113952 (VIOLATED)
ANTENNA_c345_A3/DIODE                   0.750000    0.863951   -0.113951 (VIOLATED)
ANTENNA_clone34_X/DIODE                 0.750000    0.863951   -0.113951 (VIOLATED)
ANTENNA_c336_A3/DIODE                   0.750000    0.863950   -0.113950 (VIOLATED)
c336/A3                                 0.750000    0.863950   -0.113950 (VIOLATED)
clone34/X                               0.750000    0.863950   -0.113950 (VIOLATED)
c228/A1                                 0.750000    0.855730   -0.105730 (VIOLATED)
ANTENNA_c228_A1/DIODE                   0.750000    0.855730   -0.105730 (VIOLATED)
c227/A0                                 0.750000    0.855729   -0.105729 (VIOLATED)
ANTENNA_c227_A0/DIODE                   0.750000    0.855729   -0.105729 (VIOLATED)
c213/A3                                 0.750000    0.855720   -0.105720 (VIOLATED)
ANTENNA_c213_A3/DIODE                   0.750000    0.855719   -0.105719 (VIOLATED)
c218/A2                                 0.750000    0.855715   -0.105715 (VIOLATED)
ANTENNA_c218_A2/DIODE                   0.750000    0.855708   -0.105708 (VIOLATED)
c183/S0                                 0.750000    0.855703   -0.105703 (VIOLATED)
ANTENNA_c183_S0/DIODE                   0.750000    0.855703   -0.105703 (VIOLATED)
c180/A1                                 0.750000    0.855676   -0.105676 (VIOLATED)
ANTENNA_c180_A1/DIODE                   0.750000    0.855673   -0.105673 (VIOLATED)
c171/A1                                 0.750000    0.855663   -0.105663 (VIOLATED)
ANTENNA_c171_A1/DIODE                   0.750000    0.855660   -0.105660 (VIOLATED)
c160/B1                                 0.750000    0.855656   -0.105656 (VIOLATED)
ANTENNA_c160_B1/DIODE                   0.750000    0.855655   -0.105655 (VIOLATED)
c166/A2                                 0.750000    0.855654   -0.105654 (VIOLATED)
ANTENNA_c166_A2/DIODE                   0.750000    0.855654   -0.105654 (VIOLATED)
ANTENNA_c156_Y/DIODE                    0.750000    0.855650   -0.105650 (VIOLATED)
c156/Y                                  0.750000    0.855650   -0.105650 (VIOLATED)
c393/A1                                 0.750000    0.835502   -0.085502 (VIOLATED)
ANTENNA_c393_A1/DIODE                   0.750000    0.835501   -0.085501 (VIOLATED)
c323/S1                                 0.750000    0.835493   -0.085493 (VIOLATED)
ANTENNA_c323_S1/DIODE                   0.750000    0.835490   -0.085490 (VIOLATED)
ANTENNA_c281_Q/DIODE                    0.750000    0.835472   -0.085472 (VIOLATED)
ANTENNA_max_cap206_A/DIODE              0.750000    0.835472   -0.085472 (VIOLATED)
c281/Q                                  0.750000    0.835472   -0.085472 (VIOLATED)
max_cap206/A                            0.750000    0.835472   -0.085472 (VIOLATED)
ANTENNA_c107_C1/DIODE                   0.750000    0.834022   -0.084022 (VIOLATED)
ANTENNA_c108_S1/DIODE                   0.750000    0.834022   -0.084022 (VIOLATED)
ANTENNA_c109_S1/DIODE                   0.750000    0.834022   -0.084022 (VIOLATED)
ANTENNA_c393_S0/DIODE                   0.750000    0.834022   -0.084022 (VIOLATED)
ANTENNA_c394_S0/DIODE                   0.750000    0.834022   -0.084022 (VIOLATED)
ANTENNA_c395_C1/DIODE                   0.750000    0.834022   -0.084022 (VIOLATED)
ANTENNA_merge831_Q/DIODE                0.750000    0.834022   -0.084022 (VIOLATED)
c107/C1                                 0.750000    0.834022   -0.084022 (VIOLATED)
c108/S1                                 0.750000    0.834022   -0.084022 (VIOLATED)
c109/S1                                 0.750000    0.834022   -0.084022 (VIOLATED)
c393/S0                                 0.750000    0.834022   -0.084022 (VIOLATED)
c394/S0                                 0.750000    0.834022   -0.084022 (VIOLATED)
c395/C1                                 0.750000    0.834022   -0.084022 (VIOLATED)
merge831/Q                              0.750000    0.834022   -0.084022 (VIOLATED)
ANTENNA_c168_Y/DIODE                    0.750000    0.833737   -0.083737 (VIOLATED)
ANTENNA_fanout143_A/DIODE               0.750000    0.833737   -0.083737 (VIOLATED)
ANTENNA_wire144_A/DIODE                 0.750000    0.833737   -0.083737 (VIOLATED)
c168/Y                                  0.750000    0.833737   -0.083737 (VIOLATED)
fanout143/A                             0.750000    0.833737   -0.083737 (VIOLATED)
wire144/A                               0.750000    0.833737   -0.083737 (VIOLATED)
c160/C1                                 0.750000    0.833398   -0.083398 (VIOLATED)
ANTENNA_c160_C1/DIODE                   0.750000    0.833398   -0.083398 (VIOLATED)
ANTENNA_c174_A1/DIODE                   0.750000    0.833397   -0.083397 (VIOLATED)
c174/A1                                 0.750000    0.833397   -0.083397 (VIOLATED)
ANTENNA_c150_B1/DIODE                   0.750000    0.833396   -0.083396 (VIOLATED)
c150/B1                                 0.750000    0.833396   -0.083396 (VIOLATED)
ANTENNA_c149_S0/DIODE                   0.750000    0.833396   -0.083396 (VIOLATED)
c149/S0                                 0.750000    0.833396   -0.083396 (VIOLATED)
c159/S1                                 0.750000    0.833396   -0.083396 (VIOLATED)
ANTENNA_c159_S1/DIODE                   0.750000    0.833395   -0.083395 (VIOLATED)
ANTENNA_clone26_X/DIODE                 0.750000    0.833395   -0.083395 (VIOLATED)
clone26/X                               0.750000    0.833395   -0.083395 (VIOLATED)
ANTENNA_c107_Y/DIODE                    0.750000    0.828605   -0.078605 (VIOLATED)
ANTENNA_c108_A2/DIODE                   0.750000    0.828605   -0.078605 (VIOLATED)
ANTENNA_c109_A1/DIODE                   0.750000    0.828605   -0.078605 (VIOLATED)
ANTENNA_c246_A1/DIODE                   0.750000    0.828605   -0.078605 (VIOLATED)
ANTENNA_c249_A0/DIODE                   0.750000    0.828605   -0.078605 (VIOLATED)
c107/Y                                  0.750000    0.828605   -0.078605 (VIOLATED)
c108/A2                                 0.750000    0.828605   -0.078605 (VIOLATED)
c109/A1                                 0.750000    0.828605   -0.078605 (VIOLATED)
c246/A1                                 0.750000    0.828605   -0.078605 (VIOLATED)
c249/A0                                 0.750000    0.828605   -0.078605 (VIOLATED)
c471/A0                                 0.750000    0.823499   -0.073499 (VIOLATED)
c466/A3                                 0.750000    0.823498   -0.073498 (VIOLATED)
ANTENNA_c471_A0/DIODE                   0.750000    0.823498   -0.073498 (VIOLATED)
ANTENNA_c613_A0/DIODE                   0.750000    0.823497   -0.073497 (VIOLATED)
c613/A0                                 0.750000    0.823497   -0.073497 (VIOLATED)
ANTENNA_c466_A3/DIODE                   0.750000    0.823497   -0.073497 (VIOLATED)
c612/S0                                 0.750000    0.823495   -0.073495 (VIOLATED)
ANTENNA_c612_S0/DIODE                   0.750000    0.823493   -0.073493 (VIOLATED)
c607/A3                                 0.750000    0.823472   -0.073472 (VIOLATED)
ANTENNA_c607_A3/DIODE                   0.750000    0.823469   -0.073469 (VIOLATED)
c590/A1                                 0.750000    0.823467   -0.073467 (VIOLATED)
ANTENNA_c590_A1/DIODE                   0.750000    0.823466   -0.073466 (VIOLATED)
c574/S0                                 0.750000    0.823464   -0.073464 (VIOLATED)
ANTENNA_c574_S0/DIODE                   0.750000    0.823463   -0.073463 (VIOLATED)
ANTENNA_c461_Y/DIODE                    0.750000    0.823449   -0.073449 (VIOLATED)
c463/A3                                 0.750000    0.823446   -0.073446 (VIOLATED)
ANTENNA_c463_A3/DIODE                   0.750000    0.823446   -0.073446 (VIOLATED)
c461/Y                                  0.750000    0.823444   -0.073444 (VIOLATED)
c580/A1                                 0.750000    0.808454   -0.058454 (VIOLATED)
c581/A1                                 0.750000    0.808454   -0.058454 (VIOLATED)
ANTENNA_c580_A1/DIODE                   0.750000    0.808454   -0.058454 (VIOLATED)
ANTENNA_c581_A1/DIODE                   0.750000    0.808454   -0.058454 (VIOLATED)
c600/A2                                 0.750000    0.808454   -0.058454 (VIOLATED)
ANTENNA_c600_A2/DIODE                   0.750000    0.808454   -0.058454 (VIOLATED)
c457/B1                                 0.750000    0.808453   -0.058453 (VIOLATED)
c465/A3                                 0.750000    0.808452   -0.058453 (VIOLATED)
ANTENNA_c465_A3/DIODE                   0.750000    0.808452   -0.058452 (VIOLATED)
ANTENNA_c457_B1/DIODE                   0.750000    0.808452   -0.058452 (VIOLATED)
ANTENNA_clone39_X/DIODE                 0.750000    0.808450   -0.058450 (VIOLATED)
clone39/X                               0.750000    0.808450   -0.058450 (VIOLATED)
c313/Y                                  0.750000    0.807367   -0.057367 (VIOLATED)
clkbuf_0_net245/A                       0.750000    0.807367   -0.057367 (VIOLATED)
c310/Y                                  0.750000    0.800445   -0.050445 (VIOLATED)
max_cap1/A                              0.750000    0.800445   -0.050445 (VIOLATED)
wire120/A                               0.750000    0.800445   -0.050445 (VIOLATED)
c463/A0                                 0.750000    0.792232   -0.042232 (VIOLATED)
ANTENNA_c463_A0/DIODE                   0.750000    0.792232   -0.042232 (VIOLATED)
c462/A3                                 0.750000    0.792230   -0.042230 (VIOLATED)
ANTENNA_c462_A3/DIODE                   0.750000    0.792230   -0.042230 (VIOLATED)
ANTENNA_c477_A2/DIODE                   0.750000    0.792226   -0.042226 (VIOLATED)
c477/A2                                 0.750000    0.792224   -0.042224 (VIOLATED)
c350/A1                                 0.750000    0.792199   -0.042199 (VIOLATED)
ANTENNA_c350_A1/DIODE                   0.750000    0.792199   -0.042199 (VIOLATED)
ANTENNA_c337_A0/DIODE                   0.750000    0.792178   -0.042178 (VIOLATED)
c337/A0                                 0.750000    0.792178   -0.042178 (VIOLATED)
ANTENNA_c212_A2/DIODE                   0.750000    0.792157   -0.042157 (VIOLATED)
c212/A2                                 0.750000    0.792154   -0.042154 (VIOLATED)
c80/A                                   0.750000    0.792138   -0.042138 (VIOLATED)
ANTENNA_c80_A/DIODE                     0.750000    0.792138   -0.042138 (VIOLATED)
ANTENNA_c78_S0/DIODE                    0.750000    0.792137   -0.042137 (VIOLATED)
c78/S0                                  0.750000    0.792137   -0.042137 (VIOLATED)
ANTENNA_c74_Y/DIODE                     0.750000    0.792137   -0.042137 (VIOLATED)
c74/Y                                   0.750000    0.792134   -0.042134 (VIOLATED)
c596/S0                                 0.750000    0.788315   -0.038315 (VIOLATED)
ANTENNA_c596_S0/DIODE                   0.750000    0.788314   -0.038314 (VIOLATED)
c592/S1                                 0.750000    0.788314   -0.038314 (VIOLATED)
ANTENNA_c592_S1/DIODE                   0.750000    0.788314   -0.038314 (VIOLATED)
ANTENNA_c571_S1/DIODE                   0.750000    0.788313   -0.038313 (VIOLATED)
ANTENNA_c578_S0/DIODE                   0.750000    0.788313   -0.038313 (VIOLATED)
ANTENNA_c586_A3/DIODE                   0.750000    0.788313   -0.038313 (VIOLATED)
ANTENNA_output77_A/DIODE                0.750000    0.788313   -0.038313 (VIOLATED)
ANTENNA_s939_Q/DIODE                    0.750000    0.788313   -0.038313 (VIOLATED)
c571/S1                                 0.750000    0.788313   -0.038313 (VIOLATED)
c578/S0                                 0.750000    0.788313   -0.038313 (VIOLATED)
c586/A3                                 0.750000    0.788313   -0.038313 (VIOLATED)
output77/A                              0.750000    0.788313   -0.038313 (VIOLATED)
s939/Q                                  0.750000    0.788313   -0.038313 (VIOLATED)
c630/A3                                 0.750000    0.781360   -0.031360 (VIOLATED)
ANTENNA_c630_A3/DIODE                   0.750000    0.781359   -0.031359 (VIOLATED)
c368/A3                                 0.750000    0.781342   -0.031342 (VIOLATED)
ANTENNA_c368_A3/DIODE                   0.750000    0.781341   -0.031341 (VIOLATED)
c602/S0                                 0.750000    0.781339   -0.031339 (VIOLATED)
ANTENNA_c602_S0/DIODE                   0.750000    0.781338   -0.031338 (VIOLATED)
c601/S0                                 0.750000    0.781335   -0.031335 (VIOLATED)
ANTENNA_c601_S0/DIODE                   0.750000    0.781333   -0.031333 (VIOLATED)
c453/S0                                 0.750000    0.781283   -0.031283 (VIOLATED)
ANTENNA_c453_S0/DIODE                   0.750000    0.781275   -0.031275 (VIOLATED)
ANTENNA_c280_Q_N/DIODE                  0.750000    0.781211   -0.031211 (VIOLATED)
ANTENNA_c282_B1/DIODE                   0.750000    0.781211   -0.031211 (VIOLATED)
c280/Q_N                                0.750000    0.781211   -0.031211 (VIOLATED)
c282/B1                                 0.750000    0.781211   -0.031211 (VIOLATED)
c75/Y                                   0.750000    0.780205   -0.030205 (VIOLATED)
c88/A                                   0.750000    0.780205   -0.030205 (VIOLATED)
max_cap163/A                            0.750000    0.780205   -0.030205 (VIOLATED)
ANTENNA_c417_A1/DIODE                   0.750000    0.772538   -0.022538 (VIOLATED)
ANTENNA_c399_C_N/DIODE                  0.750000    0.772537   -0.022537 (VIOLATED)
ANTENNA_c177_B/DIODE                    0.750000    0.772536   -0.022536 (VIOLATED)
ANTENNA_fanout179_A/DIODE               0.750000    0.772536   -0.022536 (VIOLATED)
ANTENNA_fanout180_X/DIODE               0.750000    0.772536   -0.022536 (VIOLATED)
ANTENNA_clone35_A/DIODE                 0.750000    0.772535   -0.022535 (VIOLATED)
ANTENNA_c300_A_N/DIODE                  0.750000    0.772535   -0.022535 (VIOLATED)
clone41/X                               0.750000    0.772534   -0.022534 (VIOLATED)
c360/A1                                 0.750000    0.763405   -0.013405 (VIOLATED)
ANTENNA_c360_A1/DIODE                   0.750000    0.763405   -0.013405 (VIOLATED)
ANTENNA_c500_A1/DIODE                   0.750000    0.763393   -0.013393 (VIOLATED)
c500/A1                                 0.750000    0.763389   -0.013389 (VIOLATED)
c625/A2                                 0.750000    0.763358   -0.013358 (VIOLATED)
ANTENNA_c625_A2/DIODE                   0.750000    0.763356   -0.013356 (VIOLATED)
c635/A0                                 0.750000    0.763343   -0.013343 (VIOLATED)
ANTENNA_c635_A0/DIODE                   0.750000    0.763321   -0.013321 (VIOLATED)
c584/A1                                 0.750000    0.763284   -0.013284 (VIOLATED)
ANTENNA_c584_A1/DIODE                   0.750000    0.763283   -0.013283 (VIOLATED)
ANTENNA_c280_Q/DIODE                    0.750000    0.763149   -0.013149 (VIOLATED)
ANTENNA_c283_A0/DIODE                   0.750000    0.763149   -0.013149 (VIOLATED)
c280/Q                                  0.750000    0.763149   -0.013149 (VIOLATED)
c283/A0                                 0.750000    0.763149   -0.013149 (VIOLATED)
c215/A1                                 0.750000    0.756779   -0.006780 (VIOLATED)
c208/A3                                 0.750000    0.756777   -0.006777 (VIOLATED)
c198/A1                                 0.750000    0.756777   -0.006777 (VIOLATED)
c201/RESET_B                            0.750000    0.756776   -0.006776 (VIOLATED)
c85/S1                                  0.750000    0.756773   -0.006773 (VIOLATED)
c82/Y                                   0.750000    0.756771   -0.006771 (VIOLATED)
c83/C                                   0.750000    0.756771   -0.006771 (VIOLATED)

max fanout

Pin                                   Limit Fanout  Slack
---------------------------------------------------------
clkbuf_4_0_0_clk/X                       10     35    -25 (VIOLATED)
clkbuf_0_clk/X                           10     33    -23 (VIOLATED)
clkbuf_4_14_0_clk/X                      10     33    -23 (VIOLATED)
clkbuf_4_2_0_clk/X                       10     31    -21 (VIOLATED)
clkbuf_4_1_0_clk/X                       10     27    -17 (VIOLATED)
clkbuf_4_4_0_clk/X                       10     27    -17 (VIOLATED)
clkbuf_4_15_0_clk/X                      10     25    -15 (VIOLATED)
fanout147/X                              10     22    -12 (VIOLATED)
fanout211/X                              10     22    -12 (VIOLATED)
fanout215/X                              10     22    -12 (VIOLATED)
c162/X                                   10     21    -11 (VIOLATED)
c170/X                                   10     21    -11 (VIOLATED)
c183/X                                   10     21    -11 (VIOLATED)
c294/X                                   10     21    -11 (VIOLATED)
clkbuf_4_11_0_clk/X                      10     21    -11 (VIOLATED)
clkbuf_4_7_0_clk/X                       10     21    -11 (VIOLATED)
fanout124/X                              10     21    -11 (VIOLATED)
fanout129/X                              10     21    -11 (VIOLATED)
fanout134/X                              10     21    -11 (VIOLATED)
fanout136/X                              10     21    -11 (VIOLATED)
fanout138/X                              10     21    -11 (VIOLATED)
fanout139/X                              10     21    -11 (VIOLATED)
fanout140/X                              10     21    -11 (VIOLATED)
fanout143/X                              10     21    -11 (VIOLATED)
fanout145/X                              10     21    -11 (VIOLATED)
fanout152/X                              10     21    -11 (VIOLATED)
fanout155/X                              10     21    -11 (VIOLATED)
fanout158/X                              10     21    -11 (VIOLATED)
fanout159/X                              10     21    -11 (VIOLATED)
fanout160/X                              10     21    -11 (VIOLATED)
fanout161/X                              10     21    -11 (VIOLATED)
fanout167/X                              10     21    -11 (VIOLATED)
fanout169/X                              10     21    -11 (VIOLATED)
fanout178/X                              10     21    -11 (VIOLATED)
fanout181/X                              10     21    -11 (VIOLATED)
fanout182/X                              10     21    -11 (VIOLATED)
fanout188/X                              10     21    -11 (VIOLATED)
fanout190/X                              10     21    -11 (VIOLATED)
fanout191/X                              10     21    -11 (VIOLATED)
fanout194/X                              10     21    -11 (VIOLATED)
fanout195/X                              10     21    -11 (VIOLATED)
fanout196/X                              10     21    -11 (VIOLATED)
fanout197/X                              10     21    -11 (VIOLATED)
fanout199/X                              10     21    -11 (VIOLATED)
fanout200/X                              10     21    -11 (VIOLATED)
fanout201/X                              10     21    -11 (VIOLATED)
fanout203/X                              10     21    -11 (VIOLATED)
fanout205/X                              10     21    -11 (VIOLATED)
fanout208/X                              10     21    -11 (VIOLATED)
fanout209/X                              10     21    -11 (VIOLATED)
fanout213/X                              10     21    -11 (VIOLATED)
fanout216/X                              10     21    -11 (VIOLATED)
fanout217/X                              10     21    -11 (VIOLATED)
fanout218/X                              10     21    -11 (VIOLATED)
fanout219/X                              10     21    -11 (VIOLATED)
fanout220/X                              10     21    -11 (VIOLATED)
input23/X                                10     21    -11 (VIOLATED)
input30/X                                10     21    -11 (VIOLATED)
input7/X                                 10     21    -11 (VIOLATED)
s880/Q                                   10     21    -11 (VIOLATED)
s885/Q                                   10     21    -11 (VIOLATED)
s885/Q_N                                 10     21    -11 (VIOLATED)
s953/Q                                   10     21    -11 (VIOLATED)
c156/Y                                   10     19     -9 (VIOLATED)
c222/X                                   10     19     -9 (VIOLATED)
c351/X                                   10     19     -9 (VIOLATED)
c531/X                                   10     19     -9 (VIOLATED)
c535/Y                                   10     19     -9 (VIOLATED)
clkbuf_4_6_0_clk/X                       10     19     -9 (VIOLATED)
clkbuf_4_8_0_clk/X                       10     19     -9 (VIOLATED)
input19/X                                10     19     -9 (VIOLATED)
input37/X                                10     19     -9 (VIOLATED)
input49/X                                10     19     -9 (VIOLATED)
merge801/Q                               10     19     -9 (VIOLATED)
s888/Q                                   10     19     -9 (VIOLATED)
c176/X                                   10     17     -7 (VIOLATED)
c188/X                                   10     17     -7 (VIOLATED)
c194/X                                   10     17     -7 (VIOLATED)
c461/Y                                   10     17     -7 (VIOLATED)
c69/X                                    10     17     -7 (VIOLATED)
c74/Y                                    10     17     -7 (VIOLATED)
c81/X                                    10     17     -7 (VIOLATED)
c88/X                                    10     17     -7 (VIOLATED)
clkbuf_1_0__f_net946/X                   10     17     -7 (VIOLATED)
clkbuf_1_0__f_net959/X                   10     17     -7 (VIOLATED)
clkbuf_1_1__f_net153/X                   10     17     -7 (VIOLATED)
clkbuf_4_5_0_clk/X                       10     17     -7 (VIOLATED)
input54/X                                10     17     -7 (VIOLATED)
merge859/Q                               10     17     -7 (VIOLATED)
merge872/Q                               10     17     -7 (VIOLATED)
s887/Q                                   10     17     -7 (VIOLATED)
s889/Q                                   10     17     -7 (VIOLATED)
s890/Q                                   10     17     -7 (VIOLATED)
s926/Q                                   10     17     -7 (VIOLATED)
s943/Q                                   10     17     -7 (VIOLATED)
s944/Q                                   10     17     -7 (VIOLATED)
c102/Q_N                                 10     15     -5 (VIOLATED)
c149/X                                   10     15     -5 (VIOLATED)
c268/X                                   10     15     -5 (VIOLATED)
c270/X                                   10     15     -5 (VIOLATED)
c281/Q_N                                 10     15     -5 (VIOLATED)
c287/X                                   10     15     -5 (VIOLATED)
c288/Y                                   10     15     -5 (VIOLATED)
c301/X                                   10     15     -5 (VIOLATED)
c304/X                                   10     15     -5 (VIOLATED)
c308/Y                                   10     15     -5 (VIOLATED)
c404/X                                   10     15     -5 (VIOLATED)
c418/Y                                   10     15     -5 (VIOLATED)
c592/X                                   10     15     -5 (VIOLATED)
clkbuf_4_10_0_clk/X                      10     15     -5 (VIOLATED)
fanout151/X                              10     15     -5 (VIOLATED)
fanout184/X                              10     15     -5 (VIOLATED)
fanout204/X                              10     15     -5 (VIOLATED)
input20/X                                10     15     -5 (VIOLATED)
max_cap135/X                             10     15     -5 (VIOLATED)
merge861/Q                               10     15     -5 (VIOLATED)
s895/Q                                   10     15     -5 (VIOLATED)
s903/Q                                   10     15     -5 (VIOLATED)
s904/Q                                   10     15     -5 (VIOLATED)
s919/Q                                   10     15     -5 (VIOLATED)
s921/Q                                   10     15     -5 (VIOLATED)
s955/Q                                   10     15     -5 (VIOLATED)
s877/Q_N                                 10     14     -4 (VIOLATED)
c108/X                                   10     13     -3 (VIOLATED)
c113/Q                                   10     13     -3 (VIOLATED)
c159/X                                   10     13     -3 (VIOLATED)
c280/Q                                   10     13     -3 (VIOLATED)
c280/Q_N                                 10     13     -3 (VIOLATED)
c283/X                                   10     13     -3 (VIOLATED)
c356/X                                   10     13     -3 (VIOLATED)
c478/X                                   10     13     -3 (VIOLATED)
c565/Q                                   10     13     -3 (VIOLATED)
c66/Y                                    10     13     -3 (VIOLATED)
c683/X                                   10     13     -3 (VIOLATED)
clkbuf_1_0__f_net153/X                   10     13     -3 (VIOLATED)
clkbuf_1_1__f_net542/X                   10     13     -3 (VIOLATED)
clkbuf_1_1__f_net706/X                   10     13     -3 (VIOLATED)
clkbuf_1_1__f_net778/X                   10     13     -3 (VIOLATED)
clkbuf_1_1__f_net946/X                   10     13     -3 (VIOLATED)
fanout207/X                              10     13     -3 (VIOLATED)
fanout212/X                              10     13     -3 (VIOLATED)
fanout221/X                              10     13     -3 (VIOLATED)
fanout224/X                              10     13     -3 (VIOLATED)
input61/X                                10     13     -3 (VIOLATED)
max_cap206/X                             10     13     -3 (VIOLATED)
merge831/Q                               10     13     -3 (VIOLATED)
merge850/Q                               10     13     -3 (VIOLATED)
merge851/Q                               10     13     -3 (VIOLATED)
merge864/Q                               10     13     -3 (VIOLATED)
s877/Q                                   10     13     -3 (VIOLATED)
s927/Q                                   10     13     -3 (VIOLATED)
s928/Q                                   10     13     -3 (VIOLATED)
s935/Q                                   10     13     -3 (VIOLATED)
s937/Q                                   10     13     -3 (VIOLATED)
s939/Q                                   10     13     -3 (VIOLATED)
clkbuf_4_13_0_clk/X                      10     12     -2 (VIOLATED)
c269/X                                   10     11        (VIOLATED)
c275/X                                   10     11        (VIOLATED)
c276/X                                   10     11        (VIOLATED)
c359/X                                   10     11        (VIOLATED)
c460/X                                   10     11        (VIOLATED)
c529/Y                                   10     11        (VIOLATED)
c560/X                                   10     11        (VIOLATED)
c565/Q_N                                 10     11        (VIOLATED)
c62/X                                    10     11        (VIOLATED)
c65/X                                    10     11        (VIOLATED)
c97/X                                    10     11        (VIOLATED)
clkbuf_1_1__f_net762/X                   10     11        (VIOLATED)
clkbuf_1_1__f_net934/X                   10     11        (VIOLATED)
clkbuf_4_3_0_clk/X                       10     11        (VIOLATED)
clone10/X                                10     11        (VIOLATED)
clone17/X                                10     11        (VIOLATED)
clone26/X                                10     11        (VIOLATED)
clone28/X                                10     11        (VIOLATED)
clone34/X                                10     11        (VIOLATED)
clone39/X                                10     11        (VIOLATED)
fanout148/X                              10     11        (VIOLATED)
fanout150/X                              10     11        (VIOLATED)
fanout166/X                              10     11        (VIOLATED)
fanout185/X                              10     11        (VIOLATED)
fanout214/X                              10     11        (VIOLATED)
fanout223/X                              10     11        (VIOLATED)
input17/X                                10     11        (VIOLATED)
input21/X                                10     11        (VIOLATED)
input41/X                                10     11        (VIOLATED)
input50/X                                10     11        (VIOLATED)
s878/Q                                   10     11        (VIOLATED)
s900/Q                                   10     11        (VIOLATED)
s901/Q                                   10     11        (VIOLATED)
s901/Q_N                                 10     11        (VIOLATED)
s906/Q                                   10     11        (VIOLATED)
s920/Q                                   10     11        (VIOLATED)
s922/Q                                   10     11        (VIOLATED)
s938/Q                                   10     11        (VIOLATED)
s940/Q                                   10     11        (VIOLATED)

max capacitance

Pin                                        Limit         Cap       Slack
------------------------------------------------------------------------
clkbuf_0_clk/X                          0.200000    0.216813   -0.016813 (VIOLATED)
c214/Y                                  0.010081    0.013241   -0.003160 (VIOLATED)
c216/Y                                  0.015574    0.018377   -0.002803 (VIOLATED)



===========================================================================
report_parasitic_annotation -report_unannotated
============================================================================
Found 1 unannotated drivers.
 rst
Found 0 partially unannotated drivers.

===========================================================================
max slew violation count 291
max fanout violation count 195
max cap violation count 3
============================================================================

===========================================================================
check_setup -verbose -unconstrained_endpoints -multiple_clock -no_clock -no_input_delay -loops -generated_clocks
===========================================================================
Warning: There are 9 unconstrained endpoints.
  out26
  out33
  out35
  out37
  out54
  out59
  c422/SCD
  merge792/D
  merge863/D
