Reading OpenROAD database at '/Users/junpeng/openlane2/netlist_mid_cr_min/src/netlist_1/runs/physical_design/27-openroad-resizertimingpostcts/netlist_1.odb'…
Reading library file at '/Users/junpeng/.volare/volare/sky130/versions/bdc9412b3e468c102d01b7cf6337be06ec6e9c9a/sky130A/libs.ref/sky130_fd_sc_hd/lib/sky130_fd_sc_hd__tt_025C_1v80.lib'…
Reading design constraints file at '/nix/store/fvqq0703nb8y0f998v8hgg5l6mjj8gb5-python3-3.11.6-env/lib/python3.11/site-packages/openlane/scripts/base.sdc'…
[INFO] Using clock clk…
[INFO] Setting output delay to: 1.6
[INFO] Setting input delay to: 1.6
[INFO] Setting load to: 0.033442
[INFO] Setting clock uncertainty to: 0.25
[INFO] Setting clock transition to: 0.1499999999999999944488848768742172978818416595458984375
[INFO] Setting timing derate to: 5%
[INFO] Setting signal min routing layer to: met1 and clock min routing layer to met1. 
[INFO] Setting signal max routing layer to: met5 and clock max routing layer to met5. 
-congestion_iterations 50 -verbose
[INFO GRT-0020] Min routing layer: met1
[INFO GRT-0021] Max routing layer: met5
[INFO GRT-0022] Global adjustment: 30%
[INFO GRT-0023] Grid origin: (0, 0)
[INFO GRT-0043] No OR_DEFAULT vias defined.
[INFO GRT-0088] Layer li1     Track-Pitch = 0.4600  line-2-Via Pitch: 0.3400
[INFO GRT-0088] Layer met1    Track-Pitch = 0.3400  line-2-Via Pitch: 0.3400
[INFO GRT-0088] Layer met2    Track-Pitch = 0.4600  line-2-Via Pitch: 0.3500
[INFO GRT-0088] Layer met3    Track-Pitch = 0.6800  line-2-Via Pitch: 0.6150
[INFO GRT-0088] Layer met4    Track-Pitch = 0.9200  line-2-Via Pitch: 1.0400
[INFO GRT-0088] Layer met5    Track-Pitch = 3.4000  line-2-Via Pitch: 3.1100
[INFO GRT-0019] Found 514 clock nets.
[INFO GRT-0001] Minimum degree: 2
[INFO GRT-0002] Maximum degree: 14
[INFO GRT-0003] Macros: 0
[INFO GRT-0043] No OR_DEFAULT vias defined.
[INFO GRT-0004] Blockages: 6087

[INFO GRT-0053] Routing resources analysis:
          Routing      Original      Derated      Resource
Layer     Direction    Resources     Resources    Reduction (%)
---------------------------------------------------------------
li1        Vertical            0             0          0.00%
met1       Horizontal      37410         18002          51.88%
met2       Vertical        28036         18213          35.04%
met3       Horizontal      18705         12699          32.11%
met4       Vertical        11309          7070          37.48%
met5       Horizontal       3741          1764          52.85%
---------------------------------------------------------------

[INFO GRT-0197] Via related to pin nodes: 8596
[INFO GRT-0198] Via related Steiner nodes: 384
[INFO GRT-0199] Via filling finished.
[INFO GRT-0111] Final number of vias: 11349
[INFO GRT-0112] Final usage 3D: 43927

[INFO GRT-0096] Final congestion report:
Layer         Resource        Demand        Usage (%)    Max H / Max V / Total Overflow
---------------------------------------------------------------------------------------
li1                  0             0            0.00%             0 /  0 /  0
met1             18002          4760           26.44%             0 /  0 /  0
met2             18213          4544           24.95%             0 /  0 /  0
met3             12699           552            4.35%             0 /  0 /  0
met4              7070            24            0.34%             0 /  0 /  0
met5              1764             0            0.00%             0 /  0 /  0
---------------------------------------------------------------------------------------
Total            57748          9880           17.11%             0 /  0 /  0

[INFO GRT-0018] Total wirelength: 99132 um
[INFO GRT-0014] Routed nets: 1369
%OL_CREATE_REPORT antenna.rpt
[INFO GRT-0043] No OR_DEFAULT vias defined.
Net: net220
  Pin: c685/S0 (sky130_fd_sc_hd__mux4_1)
    Layer: met1
      Partial area ratio:    1.06
      Required ratio:    0.00 (Gate area) 
      Partial area ratio:    5.83
      Required ratio:  400.00 (Side area) 
      Cumulative area ratio:    1.06
      Required ratio:    0.00 (Cumulative area) 
      Cumulative area ratio:    5.83
      Required ratio:    0.00 (Cumulative side area) 

    Layer: li1
      Partial area ratio:    0.00
      Required ratio:    0.00 (Gate area) 
      Partial area ratio:    0.00
      Required ratio:   75.00 (Side area) 
      Cumulative area ratio:    0.00
      Required ratio:    0.00 (Cumulative area) 
      Cumulative area ratio:    0.00
      Required ratio:    0.00 (Cumulative side area) 

    Layer: met3
      Partial area ratio:    6.30
      Required ratio:    0.00 (Gate area) 
      Partial area ratio:   33.86
      Required ratio: 3096.80 (Side area) 
      Cumulative area ratio:   98.54
      Required ratio:    0.00 (Cumulative area) 
      Cumulative area ratio:  500.25
      Required ratio:    0.00 (Cumulative side area) 

    Via: M2M3_PR
      Partial area ratio:    0.02
      Required ratio:    6.00 (Gate area) 
      Cumulative area ratio:    0.93
      Required ratio:    0.00 (Cumulative area) 

    Via: M1M2_PR
      Partial area ratio:    0.12
      Required ratio:    6.00 (Gate area) 
      Cumulative area ratio:    0.20
      Required ratio:    0.00 (Cumulative area) 

    Via: L1M1_PR
      Partial area ratio:    0.08
      Required ratio:    3.00 (Gate area) 
      Cumulative area ratio:    0.08
      Required ratio:    0.00 (Cumulative area) 

  Pin: c704/A2 (sky130_fd_sc_hd__mux4_1)
    Layer: met1
      Partial area ratio:   91.18
      Required ratio:    0.00 (Gate area) 
      Partial area ratio:  460.56
      Required ratio:  400.00 (Side area) (VIOLATED)
      Cumulative area ratio:   91.18
      Required ratio:    0.00 (Cumulative area) 
      Cumulative area ratio:  460.56
      Required ratio:    0.00 (Cumulative side area) 

    Layer: li1
      Partial area ratio:    0.00
      Required ratio:    0.00 (Gate area) 
      Partial area ratio:    0.00
      Required ratio:   75.00 (Side area) 
      Cumulative area ratio:    0.00
      Required ratio:    0.00 (Cumulative area) 
      Cumulative area ratio:    0.00
      Required ratio:    0.00 (Cumulative side area) 

    Layer: met3
      Partial area ratio:    6.30
      Required ratio:    0.00 (Gate area) 
      Partial area ratio:   33.86
      Required ratio: 3096.80 (Side area) 
      Cumulative area ratio:   97.48
      Required ratio:    0.00 (Cumulative area) 
      Cumulative area ratio:  494.42
      Required ratio:    0.00 (Cumulative side area) 

    Via: M2M3_PR
      Partial area ratio:    0.02
      Required ratio:    6.00 (Gate area) 
      Cumulative area ratio:    0.97
      Required ratio:    0.00 (Cumulative area) 

    Via: M1M2_PR
      Partial area ratio:    0.71
      Required ratio:    6.00 (Gate area) 
      Cumulative area ratio:    0.94
      Required ratio:    0.00 (Cumulative area) 

    Via: L1M1_PR
      Partial area ratio:    0.23
      Required ratio:    3.00 (Gate area) 
      Cumulative area ratio:    0.23
      Required ratio:    0.00 (Cumulative area) 

  Pin: c712/A3 (sky130_fd_sc_hd__mux4_4)
    Layer: met1
      Partial area ratio:    0.91
      Required ratio:    0.00 (Gate area) 
      Partial area ratio:    5.78
      Required ratio:  400.00 (Side area) 
      Cumulative area ratio:    0.91
      Required ratio:    0.00 (Cumulative area) 
      Cumulative area ratio:    5.78
      Required ratio:    0.00 (Cumulative side area) 

    Layer: li1
      Partial area ratio:    0.00
      Required ratio:    0.00 (Gate area) 
      Partial area ratio:    0.00
      Required ratio:   75.00 (Side area) 
      Cumulative area ratio:    0.00
      Required ratio:    0.00 (Cumulative area) 
      Cumulative area ratio:    0.00
      Required ratio:    0.00 (Cumulative side area) 

    Layer: met3
      Partial area ratio:    6.30
      Required ratio:    0.00 (Gate area) 
      Partial area ratio:   33.86
      Required ratio: 3096.80 (Side area) 
      Cumulative area ratio:   98.39
      Required ratio:    0.00 (Cumulative area) 
      Cumulative area ratio:  500.20
      Required ratio:    0.00 (Cumulative side area) 

    Via: M2M3_PR
      Partial area ratio:    0.02
      Required ratio:    6.00 (Gate area) 
      Cumulative area ratio:    1.20
      Required ratio:    0.00 (Cumulative area) 

    Via: M1M2_PR
      Partial area ratio:    0.28
      Required ratio:    6.00 (Gate area) 
      Cumulative area ratio:    0.46
      Required ratio:    0.00 (Cumulative area) 

    Via: L1M1_PR
      Partial area ratio:    0.18
      Required ratio:    3.00 (Gate area) 
      Cumulative area ratio:    0.18
      Required ratio:    0.00 (Cumulative area) 

  Pin: c604/A0 (sky130_fd_sc_hd__mux4_1)
    Layer: met3
      Partial area ratio:    6.30
      Required ratio:    0.00 (Gate area) 
      Partial area ratio:   33.86
      Required ratio: 3096.80 (Side area) 
      Cumulative area ratio:   34.95
      Required ratio:    0.00 (Cumulative area) 
      Cumulative area ratio:  179.43
      Required ratio:    0.00 (Cumulative side area) 

    Layer: met2
      Partial area ratio:   23.16
      Required ratio:    0.00 (Gate area) 
      Partial area ratio:  116.56
      Required ratio:  400.00 (Side area) 
      Cumulative area ratio:   28.65
      Required ratio:    0.00 (Cumulative area) 
      Cumulative area ratio:  145.57
      Required ratio:    0.00 (Cumulative side area) 

    Layer: met1
      Partial area ratio:    5.49
      Required ratio:    0.00 (Gate area) 
      Partial area ratio:   29.02
      Required ratio:  400.00 (Side area) 
      Cumulative area ratio:    5.49
      Required ratio:    0.00 (Cumulative area) 
      Cumulative area ratio:   29.02
      Required ratio:    0.00 (Cumulative side area) 

    Layer: li1
      Partial area ratio:    0.00
      Required ratio:    0.00 (Gate area) 
      Partial area ratio:    0.00
      Required ratio:   75.00 (Side area) 
      Cumulative area ratio:    0.00
      Required ratio:    0.00 (Cumulative area) 
      Cumulative area ratio:    0.00
      Required ratio:    0.00 (Cumulative side area) 

    Via: M2M3_PR
      Partial area ratio:    0.32
      Required ratio:    6.00 (Gate area) 
      Cumulative area ratio:    0.90
      Required ratio:    0.00 (Cumulative area) 

    Via: M1M2_PR
      Partial area ratio:    0.36
      Required ratio:    6.00 (Gate area) 
      Cumulative area ratio:    0.59
      Required ratio:    0.00 (Cumulative area) 

    Via: L1M1_PR
      Partial area ratio:    0.23
      Required ratio:    3.00 (Gate area) 
      Cumulative area ratio:    0.23
      Required ratio:    0.00 (Cumulative area) 

  Pin: c526/B (sky130_fd_sc_hd__and3_1)
    Layer: met3
      Partial area ratio:    6.30
      Required ratio:    0.00 (Gate area) 
      Partial area ratio:   33.86
      Required ratio: 3096.80 (Side area) 
      Cumulative area ratio:   27.08
      Required ratio:    0.00 (Cumulative area) 
      Cumulative area ratio:  140.08
      Required ratio:    0.00 (Cumulative side area) 

    Layer: met1
      Partial area ratio:   20.78
      Required ratio:    0.00 (Gate area) 
      Partial area ratio:  106.22
      Required ratio:  400.00 (Side area) 
      Cumulative area ratio:   20.78
      Required ratio:    0.00 (Cumulative area) 
      Cumulative area ratio:  106.22
      Required ratio:    0.00 (Cumulative side area) 

    Layer: li1
      Partial area ratio:    0.00
      Required ratio:    0.00 (Gate area) 
      Partial area ratio:    0.00
      Required ratio:   75.00 (Side area) 
      Cumulative area ratio:    0.00
      Required ratio:    0.00 (Cumulative area) 
      Cumulative area ratio:    0.00
      Required ratio:    0.00 (Cumulative side area) 

    Via: M2M3_PR
      Partial area ratio:    0.02
      Required ratio:    6.00 (Gate area) 
      Cumulative area ratio:    0.61
      Required ratio:    0.00 (Cumulative area) 

    Via: M1M2_PR
      Partial area ratio:    0.36
      Required ratio:    6.00 (Gate area) 
      Cumulative area ratio:    0.59
      Required ratio:    0.00 (Cumulative area) 

    Via: L1M1_PR
      Partial area ratio:    0.23
      Required ratio:    3.00 (Gate area) 
      Cumulative area ratio:    0.23
      Required ratio:    0.00 (Cumulative area) 

  Pin: c412/B (sky130_fd_sc_hd__or4bb_1)
    Layer: met3
      Partial area ratio:    6.30
      Required ratio:    0.00 (Gate area) 
      Partial area ratio:   33.86
      Required ratio: 3096.80 (Side area) 
      Cumulative area ratio:   10.60
      Required ratio:    0.00 (Cumulative area) 
      Cumulative area ratio:   56.92
      Required ratio:    0.00 (Cumulative side area) 

    Layer: met1
      Partial area ratio:    4.30
      Required ratio:    0.00 (Gate area) 
      Partial area ratio:   23.06
      Required ratio:  400.00 (Side area) 
      Cumulative area ratio:    4.30
      Required ratio:    0.00 (Cumulative area) 
      Cumulative area ratio:   23.06
      Required ratio:    0.00 (Cumulative side area) 

    Layer: li1
      Partial area ratio:    0.00
      Required ratio:    0.00 (Gate area) 
      Partial area ratio:    0.00
      Required ratio:   75.00 (Side area) 
      Cumulative area ratio:    0.00
      Required ratio:    0.00 (Cumulative area) 
      Cumulative area ratio:    0.00
      Required ratio:    0.00 (Cumulative side area) 

    Via: M2M3_PR
      Partial area ratio:    0.02
      Required ratio:    6.00 (Gate area) 
      Cumulative area ratio:    0.61
      Required ratio:    0.00 (Cumulative area) 

    Via: M1M2_PR
      Partial area ratio:    0.36
      Required ratio:    6.00 (Gate area) 
      Cumulative area ratio:    0.59
      Required ratio:    0.00 (Cumulative area) 

    Via: L1M1_PR
      Partial area ratio:    0.23
      Required ratio:    3.00 (Gate area) 
      Cumulative area ratio:    0.23
      Required ratio:    0.00 (Cumulative area) 

  Pin: c406/B (sky130_fd_sc_hd__nand3_1)
    Layer: met3
      Partial area ratio:    6.30
      Required ratio:    0.00 (Gate area) 
      Partial area ratio:   33.86
      Required ratio: 3096.80 (Side area) 
      Cumulative area ratio:    9.17
      Required ratio:    0.00 (Cumulative area) 
      Cumulative area ratio:   49.00
      Required ratio:    0.00 (Cumulative side area) 

    Layer: met1
      Partial area ratio:    2.87
      Required ratio:    0.00 (Gate area) 
      Partial area ratio:   15.14
      Required ratio:  400.00 (Side area) 
      Cumulative area ratio:    2.87
      Required ratio:    0.00 (Cumulative area) 
      Cumulative area ratio:   15.14
      Required ratio:    0.00 (Cumulative side area) 

    Layer: li1
      Partial area ratio:    0.00
      Required ratio:    0.00 (Gate area) 
      Partial area ratio:    0.00
      Required ratio:   75.00 (Side area) 
      Cumulative area ratio:    0.00
      Required ratio:    0.00 (Cumulative area) 
      Cumulative area ratio:    0.00
      Required ratio:    0.00 (Cumulative side area) 

    Via: M2M3_PR
      Partial area ratio:    0.02
      Required ratio:    6.00 (Gate area) 
      Cumulative area ratio:    0.32
      Required ratio:    0.00 (Cumulative area) 

    Via: M1M2_PR
      Partial area ratio:    0.18
      Required ratio:    6.00 (Gate area) 
      Cumulative area ratio:    0.30
      Required ratio:    0.00 (Cumulative area) 

    Via: L1M1_PR
      Partial area ratio:    0.12
      Required ratio:    3.00 (Gate area) 
      Cumulative area ratio:    0.12
      Required ratio:    0.00 (Cumulative area) 

  Pin: c428/S0 (sky130_fd_sc_hd__mux4_2)
    Layer: met3
      Partial area ratio:    6.30
      Required ratio:    0.00 (Gate area) 
      Partial area ratio:   33.86
      Required ratio: 3096.80 (Side area) 
      Cumulative area ratio:   30.29
      Required ratio:    0.00 (Cumulative area) 
      Cumulative area ratio:  155.03
      Required ratio:    0.00 (Cumulative side area) 

    Layer: met1
      Partial area ratio:   23.98
      Required ratio:    0.00 (Gate area) 
      Partial area ratio:  121.17
      Required ratio:  400.00 (Side area) 
      Cumulative area ratio:   23.98
      Required ratio:    0.00 (Cumulative area) 
      Cumulative area ratio:  121.17
      Required ratio:    0.00 (Cumulative side area) 

    Via: M2M3_PR
      Partial area ratio:    0.02
      Required ratio:    6.00 (Gate area) 
      Cumulative area ratio:    0.14
      Required ratio:    0.00 (Cumulative area) 

    Via: M1M2_PR
      Partial area ratio:    0.11
      Required ratio:    6.00 (Gate area) 
      Cumulative area ratio:    0.11
      Required ratio:    0.00 (Cumulative area) 

  Pin: c328/S1 (sky130_fd_sc_hd__mux4_2)
    Layer: met3
      Partial area ratio:    6.30
      Required ratio:    0.00 (Gate area) 
      Partial area ratio:   33.86
      Required ratio: 3096.80 (Side area) 
      Cumulative area ratio:   32.09
      Required ratio:    0.00 (Cumulative area) 
      Cumulative area ratio:  164.70
      Required ratio:    0.00 (Cumulative side area) 

    Layer: met1
      Partial area ratio:    1.81
      Required ratio:    0.00 (Gate area) 
      Partial area ratio:    9.67
      Required ratio:  400.00 (Side area) 
      Cumulative area ratio:    1.81
      Required ratio:    0.00 (Cumulative area) 
      Cumulative area ratio:    9.67
      Required ratio:    0.00 (Cumulative side area) 

    Layer: li1
      Partial area ratio:    0.00
      Required ratio:    0.00 (Gate area) 
      Partial area ratio:    0.00
      Required ratio:   75.00 (Side area) 
      Cumulative area ratio:    0.00
      Required ratio:    0.00 (Cumulative area) 
      Cumulative area ratio:    0.00
      Required ratio:    0.00 (Cumulative side area) 

    Via: M2M3_PR
      Partial area ratio:    0.02
      Required ratio:    6.00 (Gate area) 
      Cumulative area ratio:    0.38
      Required ratio:    0.00 (Cumulative area) 

    Via: M1M2_PR
      Partial area ratio:    0.15
      Required ratio:    6.00 (Gate area) 
      Cumulative area ratio:    0.24
      Required ratio:    0.00 (Cumulative area) 

    Via: L1M1_PR
      Partial area ratio:    0.10
      Required ratio:    3.00 (Gate area) 
      Cumulative area ratio:    0.10
      Required ratio:    0.00 (Cumulative area) 


Net: net221
  Pin: c400/D_N (sky130_fd_sc_hd__or4bb_1)
    Layer: met1
      Partial area ratio:   15.29
      Required ratio:    0.00 (Gate area) 
      Partial area ratio:   79.17
      Required ratio:  400.00 (Side area) 
      Cumulative area ratio:   15.29
      Required ratio:    0.00 (Cumulative area) 
      Cumulative area ratio:   79.17
      Required ratio:    0.00 (Cumulative side area) 

    Layer: li1
      Partial area ratio:    0.00
      Required ratio:    0.00 (Gate area) 
      Partial area ratio:    0.00
      Required ratio:   75.00 (Side area) 
      Cumulative area ratio:    0.00
      Required ratio:    0.00 (Cumulative area) 
      Cumulative area ratio:    0.00
      Required ratio:    0.00 (Cumulative side area) 

    Via: M1M2_PR
      Partial area ratio:    0.36
      Required ratio:    6.00 (Gate area) 
      Cumulative area ratio:    0.59
      Required ratio:    0.00 (Cumulative area) 

    Via: L1M1_PR
      Partial area ratio:    0.23
      Required ratio:    3.00 (Gate area) 
      Cumulative area ratio:    0.23
      Required ratio:    0.00 (Cumulative area) 

  Pin: c408/A2 (sky130_fd_sc_hd__mux4_1)
    Layer: met1
      Partial area ratio:   15.29
      Required ratio:    0.00 (Gate area) 
      Partial area ratio:   79.17
      Required ratio:  400.00 (Side area) 
      Cumulative area ratio:   15.29
      Required ratio:    0.00 (Cumulative area) 
      Cumulative area ratio:   79.17
      Required ratio:    0.00 (Cumulative side area) 

    Layer: li1
      Partial area ratio:    0.00
      Required ratio:    0.00 (Gate area) 
      Partial area ratio:    0.00
      Required ratio:   75.00 (Side area) 
      Cumulative area ratio:    0.00
      Required ratio:    0.00 (Cumulative area) 
      Cumulative area ratio:    0.00
      Required ratio:    0.00 (Cumulative side area) 

    Via: M1M2_PR
      Partial area ratio:    0.36
      Required ratio:    6.00 (Gate area) 
      Cumulative area ratio:    0.59
      Required ratio:    0.00 (Cumulative area) 

    Via: L1M1_PR
      Partial area ratio:    0.23
      Required ratio:    3.00 (Gate area) 
      Cumulative area ratio:    0.23
      Required ratio:    0.00 (Cumulative area) 

  Pin: c719/A0 (sky130_fd_sc_hd__mux4_1)
    Layer: met1
      Partial area ratio:  101.52
      Required ratio:    0.00 (Gate area) 
      Partial area ratio:  509.93
      Required ratio:  400.00 (Side area) (VIOLATED)
      Cumulative area ratio:  101.52
      Required ratio:    0.00 (Cumulative area) 
      Cumulative area ratio:  509.93
      Required ratio:    0.00 (Cumulative side area) 

    Layer: li1
      Partial area ratio:    0.00
      Required ratio:    0.00 (Gate area) 
      Partial area ratio:    0.00
      Required ratio:   75.00 (Side area) 
      Cumulative area ratio:    0.00
      Required ratio:    0.00 (Cumulative area) 
      Cumulative area ratio:    0.00
      Required ratio:    0.00 (Cumulative side area) 

    Via: M1M2_PR
      Partial area ratio:    0.36
      Required ratio:    6.00 (Gate area) 
      Cumulative area ratio:    0.59
      Required ratio:    0.00 (Cumulative area) 

    Via: L1M1_PR
      Partial area ratio:    0.23
      Required ratio:    3.00 (Gate area) 
      Cumulative area ratio:    0.23
      Required ratio:    0.00 (Cumulative area) 

  Pin: c658/B (sky130_fd_sc_hd__or4bb_2)
    Layer: met1
      Partial area ratio:   37.21
      Required ratio:    0.00 (Gate area) 
      Partial area ratio:  188.36
      Required ratio:  400.00 (Side area) 
      Cumulative area ratio:   37.21
      Required ratio:    0.00 (Cumulative area) 
      Cumulative area ratio:  188.36
      Required ratio:    0.00 (Cumulative side area) 

    Layer: li1
      Partial area ratio:    0.00
      Required ratio:    0.00 (Gate area) 
      Partial area ratio:    0.00
      Required ratio:   75.00 (Side area) 
      Cumulative area ratio:    0.00
      Required ratio:    0.00 (Cumulative area) 
      Cumulative area ratio:    0.00
      Required ratio:    0.00 (Cumulative side area) 

    Via: M1M2_PR
      Partial area ratio:    0.54
      Required ratio:    6.00 (Gate area) 
      Cumulative area ratio:    0.77
      Required ratio:    0.00 (Cumulative area) 

    Via: L1M1_PR
      Partial area ratio:    0.23
      Required ratio:    3.00 (Gate area) 
      Cumulative area ratio:    0.23
      Required ratio:    0.00 (Cumulative area) 

  Pin: c654/RESET_B (sky130_fd_sc_hd__dfbbn_1)
    Layer: met1
      Partial area ratio:    3.72
      Required ratio:    0.00 (Gate area) 
      Partial area ratio:   19.85
      Required ratio:  400.00 (Side area) 
      Cumulative area ratio:    3.72
      Required ratio:    0.00 (Cumulative area) 
      Cumulative area ratio:   19.85
      Required ratio:    0.00 (Cumulative side area) 

    Layer: li1
      Partial area ratio:    0.00
      Required ratio:    0.00 (Gate area) 
      Partial area ratio:    0.00
      Required ratio:   75.00 (Side area) 
      Cumulative area ratio:    0.00
      Required ratio:    0.00 (Cumulative area) 
      Cumulative area ratio:    0.00
      Required ratio:    0.00 (Cumulative side area) 

    Via: M1M2_PR
      Partial area ratio:    0.28
      Required ratio:    6.00 (Gate area) 
      Cumulative area ratio:    0.46
      Required ratio:    0.00 (Cumulative area) 

    Via: L1M1_PR
      Partial area ratio:    0.18
      Required ratio:    3.00 (Gate area) 
      Cumulative area ratio:    0.18
      Required ratio:    0.00 (Cumulative area) 

  Pin: c554/D (sky130_fd_sc_hd__sdfbbp_1)
    Layer: met1
      Partial area ratio:   17.28
      Required ratio:    0.00 (Gate area) 
      Partial area ratio:   88.75
      Required ratio:  400.00 (Side area) 
      Cumulative area ratio:   17.28
      Required ratio:    0.00 (Cumulative area) 
      Cumulative area ratio:   88.75
      Required ratio:    0.00 (Cumulative side area) 

    Layer: li1
      Partial area ratio:    0.00
      Required ratio:    0.00 (Gate area) 
      Partial area ratio:    0.00
      Required ratio:   75.00 (Side area) 
      Cumulative area ratio:    0.00
      Required ratio:    0.00 (Cumulative area) 
      Cumulative area ratio:    0.00
      Required ratio:    0.00 (Cumulative side area) 

    Via: M1M2_PR
      Partial area ratio:    0.54
      Required ratio:    6.00 (Gate area) 
      Cumulative area ratio:    0.77
      Required ratio:    0.00 (Cumulative area) 

    Via: L1M1_PR
      Partial area ratio:    0.23
      Required ratio:    3.00 (Gate area) 
      Cumulative area ratio:    0.23
      Required ratio:    0.00 (Cumulative area) 

  Pin: c414/A2 (sky130_fd_sc_hd__mux4_2)
    Layer: met1
      Partial area ratio:    3.04
      Required ratio:    0.00 (Gate area) 
      Partial area ratio:   16.43
      Required ratio:  400.00 (Side area) 
      Cumulative area ratio:    3.04
      Required ratio:    0.00 (Cumulative area) 
      Cumulative area ratio:   16.43
      Required ratio:    0.00 (Cumulative side area) 

    Layer: li1
      Partial area ratio:    0.00
      Required ratio:    0.00 (Gate area) 
      Partial area ratio:    0.00
      Required ratio:   75.00 (Side area) 
      Cumulative area ratio:    0.00
      Required ratio:    0.00 (Cumulative area) 
      Cumulative area ratio:    0.00
      Required ratio:    0.00 (Cumulative side area) 

    Via: M1M2_PR
      Partial area ratio:    0.28
      Required ratio:    6.00 (Gate area) 
      Cumulative area ratio:    0.46
      Required ratio:    0.00 (Cumulative area) 

    Via: L1M1_PR
      Partial area ratio:    0.18
      Required ratio:    3.00 (Gate area) 
      Cumulative area ratio:    0.18
      Required ratio:    0.00 (Cumulative area) 

  Pin: c322/SCE (sky130_fd_sc_hd__sdfxtp_1)
    Layer: met1
      Partial area ratio:   17.55
      Required ratio:    0.00 (Gate area) 
      Partial area ratio:   89.61
      Required ratio: 2778.20 (Side area) 
      Cumulative area ratio:   17.55
      Required ratio:    0.00 (Cumulative area) 
      Cumulative area ratio:   89.61
      Required ratio:    0.00 (Cumulative side area) 

    Layer: met2
      Partial area ratio:   13.06
      Required ratio:    0.00 (Gate area) 
      Partial area ratio:   65.79
      Required ratio: 2778.20 (Side area) 
      Cumulative area ratio:   30.62
      Required ratio:    0.00 (Cumulative area) 
      Cumulative area ratio:  155.40
      Required ratio:    0.00 (Cumulative side area) 

    Layer: met2
      Partial area ratio:   13.06
      Required ratio:    0.00 (Gate area) 
      Partial area ratio:   65.79
      Required ratio: 2778.20 (Side area) 
      Cumulative area ratio:   30.62
      Required ratio:    0.00 (Cumulative area) 
      Cumulative area ratio:  155.40
      Required ratio:    0.00 (Cumulative side area) 

    Layer: li1
      Partial area ratio:    0.00
      Required ratio:    0.00 (Gate area) 
      Partial area ratio:    0.00
      Required ratio:   75.00 (Side area) 
      Cumulative area ratio:    0.00
      Required ratio:    0.00 (Cumulative area) 
      Cumulative area ratio:    0.00
      Required ratio:    0.00 (Cumulative side area) 

    Via: M1M2_PR
      Partial area ratio:    0.21
      Required ratio:    6.00 (Gate area) 
      Cumulative area ratio:    0.30
      Required ratio:    0.00 (Cumulative area) 

    Via: L1M1_PR
      Partial area ratio:    0.09
      Required ratio:    3.00 (Gate area) 
      Cumulative area ratio:    0.09
      Required ratio:    0.00 (Cumulative area) 


Net: net368
  Pin: s763/GATE (sky130_fd_sc_hd__dlclkp_2)
    Layer: met1
      Partial area ratio:   84.28
      Required ratio:    0.00 (Gate area) 
      Partial area ratio:  423.87
      Required ratio:  400.00 (Side area) (VIOLATED)
      Cumulative area ratio:   84.28
      Required ratio:    0.00 (Cumulative area) 
      Cumulative area ratio:  423.87
      Required ratio:    0.00 (Cumulative side area) 

    Layer: li1
      Partial area ratio:    0.00
      Required ratio:    0.00 (Gate area) 
      Partial area ratio:    0.00
      Required ratio:   75.00 (Side area) 
      Cumulative area ratio:    0.00
      Required ratio:    0.00 (Cumulative area) 
      Cumulative area ratio:    0.00
      Required ratio:    0.00 (Cumulative side area) 

    Via: M1M2_PR
      Partial area ratio:    0.28
      Required ratio:    6.00 (Gate area) 
      Cumulative area ratio:    0.46
      Required ratio:    0.00 (Cumulative area) 

    Via: L1M1_PR
      Partial area ratio:    0.18
      Required ratio:    3.00 (Gate area) 
      Cumulative area ratio:    0.18
      Required ratio:    0.00 (Cumulative area) 


Net: net778
  Pin: c547/A_N (sky130_fd_sc_hd__and3b_2)
    Layer: met2
      Partial area ratio:   43.86
      Required ratio:    0.00 (Gate area) 
      Partial area ratio:  220.03
      Required ratio: 2778.20 (Side area) 
      Cumulative area ratio:   71.12
      Required ratio:    0.00 (Cumulative area) 
      Cumulative area ratio:  358.66
      Required ratio:    0.00 (Cumulative side area) 

    Layer: met1
      Partial area ratio:   27.26
      Required ratio:    0.00 (Gate area) 
      Partial area ratio:  138.63
      Required ratio:  400.00 (Side area) 
      Cumulative area ratio:   27.26
      Required ratio:    0.00 (Cumulative area) 
      Cumulative area ratio:  138.63
      Required ratio:    0.00 (Cumulative side area) 

    Layer: li1
      Partial area ratio:    0.00
      Required ratio:    0.00 (Gate area) 
      Partial area ratio:    0.00
      Required ratio:   75.00 (Side area) 
      Cumulative area ratio:    0.00
      Required ratio:    0.00 (Cumulative area) 
      Cumulative area ratio:    0.00
      Required ratio:    0.00 (Cumulative side area) 

    Via: M1M2_PR
      Partial area ratio:    0.36
      Required ratio:    6.00 (Gate area) 
      Cumulative area ratio:    0.59
      Required ratio:    0.00 (Cumulative area) 

    Via: L1M1_PR
      Partial area ratio:    0.23
      Required ratio:    3.00 (Gate area) 
      Cumulative area ratio:    0.23
      Required ratio:    0.00 (Cumulative area) 

  Pin: c92/B (sky130_fd_sc_hd__or2_1)
    Layer: met2
      Partial area ratio:   43.86
      Required ratio:    0.00 (Gate area) 
      Partial area ratio:  220.03
      Required ratio: 2778.20 (Side area) 
      Cumulative area ratio:  138.97
      Required ratio:    0.00 (Cumulative area) 
      Cumulative area ratio:  700.26
      Required ratio:    0.00 (Cumulative side area) 

    Layer: met1
      Partial area ratio:   95.11
      Required ratio:    0.00 (Gate area) 
      Partial area ratio:  480.23
      Required ratio:  400.00 (Side area) (VIOLATED)
      Cumulative area ratio:   95.11
      Required ratio:    0.00 (Cumulative area) 
      Cumulative area ratio:  480.23
      Required ratio:    0.00 (Cumulative side area) 

    Layer: li1
      Partial area ratio:    0.00
      Required ratio:    0.00 (Gate area) 
      Partial area ratio:    0.00
      Required ratio:   75.00 (Side area) 
      Cumulative area ratio:    0.00
      Required ratio:    0.00 (Cumulative area) 
      Cumulative area ratio:    0.00
      Required ratio:    0.00 (Cumulative side area) 

    Via: M1M2_PR
      Partial area ratio:    0.71
      Required ratio:    6.00 (Gate area) 
      Cumulative area ratio:    0.94
      Required ratio:    0.00 (Cumulative area) 

    Via: L1M1_PR
      Partial area ratio:    0.23
      Required ratio:    3.00 (Gate area) 
      Cumulative area ratio:    0.23
      Required ratio:    0.00 (Cumulative area) 

  Pin: c113/B (sky130_fd_sc_hd__and2_1)
    Layer: met2
      Partial area ratio:   43.86
      Required ratio:    0.00 (Gate area) 
      Partial area ratio:  220.03
      Required ratio: 2778.20 (Side area) 
      Cumulative area ratio:  141.78
      Required ratio:    0.00 (Cumulative area) 
      Cumulative area ratio:  715.85
      Required ratio:    0.00 (Cumulative side area) 

    Layer: met1
      Partial area ratio:    2.81
      Required ratio:    0.00 (Gate area) 
      Partial area ratio:   15.58
      Required ratio:  400.00 (Side area) 
      Cumulative area ratio:    2.81
      Required ratio:    0.00 (Cumulative area) 
      Cumulative area ratio:   15.58
      Required ratio:    0.00 (Cumulative side area) 

    Layer: li1
      Partial area ratio:    0.00
      Required ratio:    0.00 (Gate area) 
      Partial area ratio:    0.00
      Required ratio:   75.00 (Side area) 
      Cumulative area ratio:    0.00
      Required ratio:    0.00 (Cumulative area) 
      Cumulative area ratio:    0.00
      Required ratio:    0.00 (Cumulative side area) 

    Via: M1M2_PR
      Partial area ratio:    0.36
      Required ratio:    6.00 (Gate area) 
      Cumulative area ratio:    0.59
      Required ratio:    0.00 (Cumulative area) 

    Via: L1M1_PR
      Partial area ratio:    0.23
      Required ratio:    3.00 (Gate area) 
      Cumulative area ratio:    0.23
      Required ratio:    0.00 (Cumulative area) 

  Pin: c356/A1 (sky130_fd_sc_hd__mux4_4)
    Layer: met2
      Partial area ratio:   43.86
      Required ratio:    0.00 (Gate area) 
      Partial area ratio:  220.03
      Required ratio: 2778.20 (Side area) 
      Cumulative area ratio:  149.28
      Required ratio:    0.00 (Cumulative area) 
      Cumulative area ratio:  754.28
      Required ratio:    0.00 (Cumulative side area) 

    Layer: met1
      Partial area ratio:   10.31
      Required ratio:    0.00 (Gate area) 
      Partial area ratio:   54.02
      Required ratio:  400.00 (Side area) 
      Cumulative area ratio:   10.31
      Required ratio:    0.00 (Cumulative area) 
      Cumulative area ratio:   54.02
      Required ratio:    0.00 (Cumulative side area) 

    Layer: li1
      Partial area ratio:    0.00
      Required ratio:    0.00 (Gate area) 
      Partial area ratio:    0.00
      Required ratio:   75.00 (Side area) 
      Cumulative area ratio:    0.00
      Required ratio:    0.00 (Cumulative area) 
      Cumulative area ratio:    0.00
      Required ratio:    0.00 (Cumulative side area) 

    Via: M1M2_PR
      Partial area ratio:    0.42
      Required ratio:    6.00 (Gate area) 
      Cumulative area ratio:    0.61
      Required ratio:    0.00 (Cumulative area) 

    Via: L1M1_PR
      Partial area ratio:    0.18
      Required ratio:    3.00 (Gate area) 
      Cumulative area ratio:    0.18
      Required ratio:    0.00 (Cumulative area) 

  Pin: c481/A0 (sky130_fd_sc_hd__mux4_1)
    Layer: met2
      Partial area ratio:   43.86
      Required ratio:    0.00 (Gate area) 
      Partial area ratio:  220.03
      Required ratio: 2778.20 (Side area) 
      Cumulative area ratio:  151.14
      Required ratio:    0.00 (Cumulative area) 
      Cumulative area ratio:  765.13
      Required ratio:    0.00 (Cumulative side area) 

    Layer: met1
      Partial area ratio:    1.86
      Required ratio:    0.00 (Gate area) 
      Partial area ratio:   10.85
      Required ratio:  400.00 (Side area) 
      Cumulative area ratio:    1.86
      Required ratio:    0.00 (Cumulative area) 
      Cumulative area ratio:   10.85
      Required ratio:    0.00 (Cumulative side area) 

    Layer: li1
      Partial area ratio:    0.00
      Required ratio:    0.00 (Gate area) 
      Partial area ratio:    0.00
      Required ratio:   75.00 (Side area) 
      Cumulative area ratio:    0.00
      Required ratio:    0.00 (Cumulative area) 
      Cumulative area ratio:    0.00
      Required ratio:    0.00 (Cumulative side area) 

    Via: M1M2_PR
      Partial area ratio:    0.36
      Required ratio:    6.00 (Gate area) 
      Cumulative area ratio:    0.59
      Required ratio:    0.00 (Cumulative area) 

    Via: L1M1_PR
      Partial area ratio:    0.23
      Required ratio:    3.00 (Gate area) 
      Cumulative area ratio:    0.23
      Required ratio:    0.00 (Cumulative area) 


Net: net800
  Pin: output69/A (sky130_fd_sc_hd__buf_2)
    Layer: met4
      Partial area ratio:   96.97
      Required ratio:    0.00 (Gate area) 
      Partial area ratio:  518.38
      Required ratio: 2788.10 (Side area) 
      Cumulative area ratio:  321.19
      Required ratio:    0.00 (Cumulative area) 
      Cumulative area ratio: 1717.68
      Required ratio:    0.00 (Cumulative side area) 

    Layer: met3
      Partial area ratio:  221.89
      Required ratio:    0.00 (Gate area) 
      Partial area ratio: 1186.42
      Required ratio:  400.00 (Side area) (VIOLATED)
      Cumulative area ratio:  224.22
      Required ratio:    0.00 (Cumulative area) 
      Cumulative area ratio: 1199.31
      Required ratio:    0.00 (Cumulative side area) 

    Layer: met2
      Partial area ratio:    0.00
      Required ratio:    0.00 (Gate area) 
      Partial area ratio:    0.00
      Required ratio:  400.00 (Side area) 
      Cumulative area ratio:    2.33
      Required ratio:    0.00 (Cumulative area) 
      Cumulative area ratio:   12.89
      Required ratio:    0.00 (Cumulative side area) 

    Layer: met1
      Partial area ratio:    2.33
      Required ratio:    0.00 (Gate area) 
      Partial area ratio:   12.89
      Required ratio:  400.00 (Side area) 
      Cumulative area ratio:    2.33
      Required ratio:    0.00 (Cumulative area) 
      Cumulative area ratio:   12.89
      Required ratio:    0.00 (Cumulative side area) 

    Layer: li1
      Partial area ratio:    0.00
      Required ratio:    0.00 (Gate area) 
      Partial area ratio:    0.00
      Required ratio:   75.00 (Side area) 
      Cumulative area ratio:    0.00
      Required ratio:    0.00 (Cumulative area) 
      Cumulative area ratio:    0.00
      Required ratio:    0.00 (Cumulative side area) 

    Via: M3M4_PR
      Partial area ratio:    0.25
      Required ratio:    6.00 (Gate area) 
      Cumulative area ratio:    0.97
      Required ratio:    0.00 (Cumulative area) 

    Via: M2M3_PR
      Partial area ratio:    0.25
      Required ratio:    6.00 (Gate area) 
      Cumulative area ratio:    0.72
      Required ratio:    0.00 (Cumulative area) 

    Via: M1M2_PR
      Partial area ratio:    0.28
      Required ratio:    6.00 (Gate area) 
      Cumulative area ratio:    0.46
      Required ratio:    0.00 (Cumulative area) 

    Via: L1M1_PR
      Partial area ratio:    0.18
      Required ratio:    3.00 (Gate area) 
      Cumulative area ratio:    0.18
      Required ratio:    0.00 (Cumulative area) 

  Pin: fanout160/A (sky130_fd_sc_hd__buf_4)
    Layer: met3
      Partial area ratio:    0.00
      Required ratio:    0.00 (Gate area) 
      Partial area ratio:    0.00
      Required ratio: 2788.10 (Side area) 
      Cumulative area ratio:    3.13
      Required ratio:    0.00 (Cumulative area) 
      Cumulative area ratio:   16.42
      Required ratio:    0.00 (Cumulative side area) 

    Layer: met4
      Partial area ratio:   96.97
      Required ratio:    0.00 (Gate area) 
      Partial area ratio:  518.38
      Required ratio: 2788.10 (Side area) 
      Cumulative area ratio:  100.10
      Required ratio:    0.00 (Cumulative area) 
      Cumulative area ratio:  534.79
      Required ratio:    0.00 (Cumulative side area) 

    Layer: met1
      Partial area ratio:    3.13
      Required ratio:    0.00 (Gate area) 
      Partial area ratio:   16.42
      Required ratio:  400.00 (Side area) 
      Cumulative area ratio:    3.13
      Required ratio:    0.00 (Cumulative area) 
      Cumulative area ratio:   16.42
      Required ratio:    0.00 (Cumulative side area) 

    Layer: li1
      Partial area ratio:    0.00
      Required ratio:    0.00 (Gate area) 
      Partial area ratio:    0.00
      Required ratio:   75.00 (Side area) 
      Cumulative area ratio:    0.00
      Required ratio:    0.00 (Cumulative area) 
      Cumulative area ratio:    0.00
      Required ratio:    0.00 (Cumulative side area) 

    Via: M2M3_PR
      Partial area ratio:    0.16
      Required ratio:    6.00 (Gate area) 
      Cumulative area ratio:    0.46
      Required ratio:    0.00 (Cumulative area) 

    Via: M3M4_PR
      Partial area ratio:    0.16
      Required ratio:    6.00 (Gate area) 
      Cumulative area ratio:    0.62
      Required ratio:    0.00 (Cumulative area) 

    Via: M1M2_PR
      Partial area ratio:    0.18
      Required ratio:    6.00 (Gate area) 
      Cumulative area ratio:    0.30
      Required ratio:    0.00 (Cumulative area) 

    Via: L1M1_PR
      Partial area ratio:    0.12
      Required ratio:    3.00 (Gate area) 
      Cumulative area ratio:    0.12
      Required ratio:    0.00 (Cumulative area) 


Net: net807
  Pin: output76/A (sky130_fd_sc_hd__buf_2)
    Layer: met2
      Partial area ratio:   10.95
      Required ratio:    0.00 (Gate area) 
      Partial area ratio:   55.11
      Required ratio: 2778.20 (Side area) 
      Cumulative area ratio:  111.44
      Required ratio:    0.00 (Cumulative area) 
      Cumulative area ratio:  560.02
      Required ratio:    0.00 (Cumulative side area) 

    Layer: met1
      Partial area ratio:  100.49
      Required ratio:    0.00 (Gate area) 
      Partial area ratio:  504.92
      Required ratio:  400.00 (Side area) (VIOLATED)
      Cumulative area ratio:  100.49
      Required ratio:    0.00 (Cumulative area) 
      Cumulative area ratio:  504.92
      Required ratio:    0.00 (Cumulative side area) 

    Layer: li1
      Partial area ratio:    0.00
      Required ratio:    0.00 (Gate area) 
      Partial area ratio:    0.00
      Required ratio:   75.00 (Side area) 
      Cumulative area ratio:    0.00
      Required ratio:    0.00 (Cumulative area) 
      Cumulative area ratio:    0.00
      Required ratio:    0.00 (Cumulative side area) 

    Via: M1M2_PR
      Partial area ratio:    0.28
      Required ratio:    6.00 (Gate area) 
      Cumulative area ratio:    0.46
      Required ratio:    0.00 (Cumulative area) 

    Via: L1M1_PR
      Partial area ratio:    0.18
      Required ratio:    3.00 (Gate area) 
      Cumulative area ratio:    0.18
      Required ratio:    0.00 (Cumulative area) 

  Pin: c594/S0 (sky130_fd_sc_hd__mux4_2)
    Layer: met2
      Partial area ratio:   10.95
      Required ratio:    0.00 (Gate area) 
      Partial area ratio:   55.11
      Required ratio: 2778.20 (Side area) 
      Cumulative area ratio:   11.74
      Required ratio:    0.00 (Cumulative area) 
      Cumulative area ratio:   59.58
      Required ratio:    0.00 (Cumulative side area) 

    Layer: met1
      Partial area ratio:    0.80
      Required ratio:    0.00 (Gate area) 
      Partial area ratio:    4.48
      Required ratio:  400.00 (Side area) 
      Cumulative area ratio:    0.80
      Required ratio:    0.00 (Cumulative area) 
      Cumulative area ratio:    4.48
      Required ratio:    0.00 (Cumulative side area) 

    Via: M1M2_PR
      Partial area ratio:    0.06
      Required ratio:    6.00 (Gate area) 
      Cumulative area ratio:    0.06
      Required ratio:    0.00 (Cumulative area) 

  Pin: c477/B (sky130_fd_sc_hd__nor3b_1)
    Layer: met1
      Partial area ratio:    0.77
      Required ratio:    0.00 (Gate area) 
      Partial area ratio:    4.64
      Required ratio:  400.00 (Side area) 
      Cumulative area ratio:    0.77
      Required ratio:    0.00 (Cumulative area) 
      Cumulative area ratio:    4.64
      Required ratio:    0.00 (Cumulative side area) 

    Layer: li1
      Partial area ratio:    0.00
      Required ratio:    0.00 (Gate area) 
      Partial area ratio:    0.00
      Required ratio:   75.00 (Side area) 
      Cumulative area ratio:    0.00
      Required ratio:    0.00 (Cumulative area) 
      Cumulative area ratio:    0.00
      Required ratio:    0.00 (Cumulative side area) 

    Via: M1M2_PR
      Partial area ratio:    0.18
      Required ratio:    6.00 (Gate area) 
      Cumulative area ratio:    0.30
      Required ratio:    0.00 (Cumulative area) 

    Via: L1M1_PR
      Partial area ratio:    0.12
      Required ratio:    3.00 (Gate area) 
      Cumulative area ratio:    0.12
      Required ratio:    0.00 (Cumulative area) 


Net: net830
  Pin: c376/A1 (sky130_fd_sc_hd__mux4_1)
    Layer: met1
      Partial area ratio:  126.09
      Required ratio:    0.00 (Gate area) 
      Partial area ratio:  634.35
      Required ratio:  400.00 (Side area) (VIOLATED)
      Cumulative area ratio:  126.09
      Required ratio:    0.00 (Cumulative area) 
      Cumulative area ratio:  634.35
      Required ratio:    0.00 (Cumulative side area) 

    Layer: li1
      Partial area ratio:    0.00
      Required ratio:    0.00 (Gate area) 
      Partial area ratio:    0.00
      Required ratio:   75.00 (Side area) 
      Cumulative area ratio:    0.00
      Required ratio:    0.00 (Cumulative area) 
      Cumulative area ratio:    0.00
      Required ratio:    0.00 (Cumulative side area) 

    Via: M1M2_PR
      Partial area ratio:    0.54
      Required ratio:    6.00 (Gate area) 
      Cumulative area ratio:    0.77
      Required ratio:    0.00 (Cumulative area) 

    Via: L1M1_PR
      Partial area ratio:    0.23
      Required ratio:    3.00 (Gate area) 
      Cumulative area ratio:    0.23
      Required ratio:    0.00 (Cumulative area) 

  Pin: output99/A (sky130_fd_sc_hd__buf_2)
    Layer: met1
      Partial area ratio:    2.81
      Required ratio:    0.00 (Gate area) 
      Partial area ratio:   15.27
      Required ratio:  400.00 (Side area) 
      Cumulative area ratio:    2.81
      Required ratio:    0.00 (Cumulative area) 
      Cumulative area ratio:   15.27
      Required ratio:    0.00 (Cumulative side area) 

    Layer: li1
      Partial area ratio:    0.00
      Required ratio:    0.00 (Gate area) 
      Partial area ratio:    0.00
      Required ratio:   75.00 (Side area) 
      Cumulative area ratio:    0.00
      Required ratio:    0.00 (Cumulative area) 
      Cumulative area ratio:    0.00
      Required ratio:    0.00 (Cumulative side area) 

    Via: M1M2_PR
      Partial area ratio:    0.28
      Required ratio:    6.00 (Gate area) 
      Cumulative area ratio:    0.46
      Required ratio:    0.00 (Cumulative area) 

    Via: L1M1_PR
      Partial area ratio:    0.18
      Required ratio:    3.00 (Gate area) 
      Cumulative area ratio:    0.18
      Required ratio:    0.00 (Cumulative area) 


Net: net832
  Pin: c462/C_N (sky130_fd_sc_hd__nor3b_2)
    Layer: met1
      Partial area ratio:   20.25
      Required ratio:    0.00 (Gate area) 
      Partial area ratio:  103.60
      Required ratio:  400.00 (Side area) 
      Cumulative area ratio:   20.25
      Required ratio:    0.00 (Cumulative area) 
      Cumulative area ratio:  103.60
      Required ratio:    0.00 (Cumulative side area) 

    Layer: li1
      Partial area ratio:    0.00
      Required ratio:    0.00 (Gate area) 
      Partial area ratio:    0.00
      Required ratio:   75.00 (Side area) 
      Cumulative area ratio:    0.00
      Required ratio:    0.00 (Cumulative area) 
      Cumulative area ratio:    0.00
      Required ratio:    0.00 (Cumulative side area) 

    Via: M1M2_PR
      Partial area ratio:    0.54
      Required ratio:    6.00 (Gate area) 
      Cumulative area ratio:    0.77
      Required ratio:    0.00 (Cumulative area) 

    Via: L1M1_PR
      Partial area ratio:    0.23
      Required ratio:    3.00 (Gate area) 
      Cumulative area ratio:    0.23
      Required ratio:    0.00 (Cumulative area) 

  Pin: output101/A (sky130_fd_sc_hd__buf_2)
    Layer: met1
      Partial area ratio:   89.10
      Required ratio:    0.00 (Gate area) 
      Partial area ratio:  447.95
      Required ratio:  400.00 (Side area) (VIOLATED)
      Cumulative area ratio:   89.10
      Required ratio:    0.00 (Cumulative area) 
      Cumulative area ratio:  447.95
      Required ratio:    0.00 (Cumulative side area) 

    Layer: li1
      Partial area ratio:    0.00
      Required ratio:    0.00 (Gate area) 
      Partial area ratio:    0.00
      Required ratio:   75.00 (Side area) 
      Cumulative area ratio:    0.00
      Required ratio:    0.00 (Cumulative area) 
      Cumulative area ratio:    0.00
      Required ratio:    0.00 (Cumulative side area) 

    Via: M1M2_PR
      Partial area ratio:    0.28
      Required ratio:    6.00 (Gate area) 
      Cumulative area ratio:    0.46
      Required ratio:    0.00 (Cumulative area) 

    Via: L1M1_PR
      Partial area ratio:    0.18
      Required ratio:    3.00 (Gate area) 
      Cumulative area ratio:    0.18
      Required ratio:    0.00 (Cumulative area) 

  Pin: c476/S1 (sky130_fd_sc_hd__mux4_4)
    Layer: met1
      Partial area ratio:    1.55
      Required ratio:    0.00 (Gate area) 
      Partial area ratio:    8.38
      Required ratio:  400.00 (Side area) 
      Cumulative area ratio:    1.55
      Required ratio:    0.00 (Cumulative area) 
      Cumulative area ratio:    8.38
      Required ratio:    0.00 (Cumulative side area) 

    Layer: li1
      Partial area ratio:    0.00
      Required ratio:    0.00 (Gate area) 
      Partial area ratio:    0.00
      Required ratio:   75.00 (Side area) 
      Cumulative area ratio:    0.00
      Required ratio:    0.00 (Cumulative area) 
      Cumulative area ratio:    0.00
      Required ratio:    0.00 (Cumulative side area) 

    Via: M1M2_PR
      Partial area ratio:    0.15
      Required ratio:    6.00 (Gate area) 
      Cumulative area ratio:    0.24
      Required ratio:    0.00 (Cumulative area) 

    Via: L1M1_PR
      Partial area ratio:    0.10
      Required ratio:    3.00 (Gate area) 
      Cumulative area ratio:    0.10
      Required ratio:    0.00 (Cumulative area) 

  Pin: c470/S1 (sky130_fd_sc_hd__mux4_1)
    Layer: met1
      Partial area ratio:    1.86
      Required ratio:    0.00 (Gate area) 
      Partial area ratio:   10.07
      Required ratio:  400.00 (Side area) 
      Cumulative area ratio:    1.86
      Required ratio:    0.00 (Cumulative area) 
      Cumulative area ratio:   10.07
      Required ratio:    0.00 (Cumulative side area) 

    Layer: li1
      Partial area ratio:    0.00
      Required ratio:    0.00 (Gate area) 
      Partial area ratio:    0.00
      Required ratio:   75.00 (Side area) 
      Cumulative area ratio:    0.00
      Required ratio:    0.00 (Cumulative area) 
      Cumulative area ratio:    0.00
      Required ratio:    0.00 (Cumulative side area) 

    Via: M1M2_PR
      Partial area ratio:    0.18
      Required ratio:    6.00 (Gate area) 
      Cumulative area ratio:    0.29
      Required ratio:    0.00 (Cumulative area) 

    Via: L1M1_PR
      Partial area ratio:    0.11
      Required ratio:    3.00 (Gate area) 
      Cumulative area ratio:    0.11
      Required ratio:    0.00 (Cumulative area) 

  Pin: c342/S0 (sky130_fd_sc_hd__mux4_1)
    Layer: met1
      Partial area ratio:    5.62
      Required ratio:    0.00 (Gate area) 
      Partial area ratio:   29.38
      Required ratio: 3388.40 (Side area) 
      Cumulative area ratio:    5.62
      Required ratio:    0.00 (Cumulative area) 
      Cumulative area ratio:   29.38
      Required ratio:    0.00 (Cumulative side area) 

    Layer: met2
      Partial area ratio:    7.20
      Required ratio:    0.00 (Gate area) 
      Partial area ratio:   36.33
      Required ratio: 3388.40 (Side area) 
      Cumulative area ratio:   12.82
      Required ratio:    0.00 (Cumulative area) 
      Cumulative area ratio:   65.71
      Required ratio:    0.00 (Cumulative side area) 

    Layer: met2
      Partial area ratio:    7.20
      Required ratio:    0.00 (Gate area) 
      Partial area ratio:   36.33
      Required ratio: 3388.40 (Side area) 
      Cumulative area ratio:   12.82
      Required ratio:    0.00 (Cumulative area) 
      Cumulative area ratio:   65.71
      Required ratio:    0.00 (Cumulative side area) 

    Layer: li1
      Partial area ratio:    0.00
      Required ratio:    0.00 (Gate area) 
      Partial area ratio:    0.00
      Required ratio:   75.00 (Side area) 
      Cumulative area ratio:    0.00
      Required ratio:    0.00 (Cumulative area) 
      Cumulative area ratio:    0.00
      Required ratio:    0.00 (Cumulative side area) 

    Via: M1M2_PR
      Partial area ratio:    0.18
      Required ratio:    6.00 (Gate area) 
      Cumulative area ratio:    0.26
      Required ratio:    0.00 (Cumulative area) 

    Via: L1M1_PR
      Partial area ratio:    0.08
      Required ratio:    3.00 (Gate area) 
      Cumulative area ratio:    0.08
      Required ratio:    0.00 (Cumulative area) 


[INFO ANT-0002] Found 8 net violations.
[INFO ANT-0001] Found 8 pin violations.
%OL_END_REPORT
[INFO] Setting RC values…
Setting global connections for newly added cells…
[INFO] Setting global connections...
Writing OpenROAD database to '/Users/junpeng/openlane2/netlist_mid_cr_min/src/netlist_1/runs/physical_design/29-openroad-globalrouting/netlist_1.odb'…
Writing layout to '/Users/junpeng/openlane2/netlist_mid_cr_min/src/netlist_1/runs/physical_design/29-openroad-globalrouting/netlist_1.def'…
