
===========================================================================
report_checks -unconstrained
===========================================================================
======================= max_ff_n40C_1v95 Corner ===================================

Startpoint: in18 (input port clocked by clk)
Endpoint: c612 (recovery check against falling-edge clock clk)
Path Group: asynchronous
Path Type: max

Fanout         Cap        Slew       Delay        Time   Description
---------------------------------------------------------------------------------------------
                                  0.000000    0.000000   clock clk (rise edge)
                                  0.000000    0.000000   clock network delay (propagated)
                                  1.600000    1.600000 v input external delay
     2    0.008804    0.014416    0.008626    1.608626 v in18 (in)
                                                         in18 (net)
                      0.014429    0.000000    1.608626 v input11/A (sky130_fd_sc_hd__buf_8)
    17    0.122805    0.062168    0.092506    1.701133 v input11/X (sky130_fd_sc_hd__buf_8)
                                                         net776 (net)
                      0.124290    0.053984    1.755117 v c132/A (sky130_fd_sc_hd__nor2_8)
     7    0.056913    0.168236    0.188850    1.943966 ^ c132/Y (sky130_fd_sc_hd__nor2_8)
                                                         net64 (net)
                      0.168323    0.003068    1.947034 ^ c139/A (sky130_fd_sc_hd__nand2_8)
     6    0.042660    0.071010    0.061348    2.008382 v c139/Y (sky130_fd_sc_hd__nand2_8)
                                                         net71 (net)
                      0.071870    0.006028    2.014410 v c141/B (sky130_fd_sc_hd__and2_4)
     7    0.066026    0.070493    0.163395    2.177805 v c141/X (sky130_fd_sc_hd__and2_4)
                                                         net73 (net)
                      0.073285    0.010832    2.188637 v c142/B (sky130_fd_sc_hd__nor2_8)
     3    0.030144    0.106485    0.108502    2.297139 ^ c142/Y (sky130_fd_sc_hd__nor2_8)
                                                         net74 (net)
                      0.106596    0.001945    2.299084 ^ fanout168/A (sky130_fd_sc_hd__buf_12)
     7    0.065554    0.064850    0.101646    2.400730 ^ fanout168/X (sky130_fd_sc_hd__buf_12)
                                                         net933 (net)
                      0.066919    0.008993    2.409722 ^ fanout167/A (sky130_fd_sc_hd__buf_8)
     7    0.049518    0.066731    0.097558    2.507280 ^ fanout167/X (sky130_fd_sc_hd__buf_8)
                                                         net932 (net)
                      0.067266    0.004771    2.512051 ^ c143/S1 (sky130_fd_sc_hd__mux4_2)
     6    0.061037    0.158812    0.276434    2.788486 v c143/X (sky130_fd_sc_hd__mux4_2)
                                                         net75 (net)
                      0.160460    0.012189    2.800675 v c144/A (sky130_fd_sc_hd__nand2_8)
     5    0.060063    0.096169    0.130020    2.930695 ^ c144/Y (sky130_fd_sc_hd__nand2_8)
                                                         net76 (net)
                      0.096436    0.003903    2.934598 ^ fanout164/A (sky130_fd_sc_hd__buf_8)
    11    0.040504    0.057094    0.093659    3.028256 ^ fanout164/X (sky130_fd_sc_hd__buf_8)
                                                         net929 (net)
                      0.057970    0.005598    3.033854 ^ c146/B_N (sky130_fd_sc_hd__or2b_4)
     6    0.029183    0.055835    0.192803    3.226657 v c146/X (sky130_fd_sc_hd__or2b_4)
                                                         net78 (net)
                      0.055988    0.002469    3.229126 v c274/B (sky130_fd_sc_hd__or2_4)
    11    0.042714    0.068633    0.190004    3.419130 v c274/X (sky130_fd_sc_hd__or2_4)
                                                         net194 (net)
                      0.068783    0.002841    3.421972 v c280/A2 (sky130_fd_sc_hd__mux4_2)
    15    0.065909    0.166484    0.400489    3.822461 v c280/X (sky130_fd_sc_hd__mux4_2)
                                                         net198 (net)
                      0.167410    0.009146    3.831607 v c282/A2 (sky130_fd_sc_hd__a2111oi_4)
     4    0.012288    0.246798    0.322224    4.153831 ^ c282/Y (sky130_fd_sc_hd__a2111oi_4)
                                                         net200 (net)
                      0.246798    0.000571    4.154401 ^ c283/A1 (sky130_fd_sc_hd__mux4_1)
     4    0.013461    0.110017    0.231856    4.386257 ^ c283/X (sky130_fd_sc_hd__mux4_1)
                                                         net201 (net)
                      0.110019    0.000639    4.386896 ^ c284/A2 (sky130_fd_sc_hd__mux4_2)
     5    0.053228    0.208426    0.288708    4.675604 ^ c284/X (sky130_fd_sc_hd__mux4_2)
                                                         net202 (net)
                      0.208460    0.002220    4.677824 ^ fanout141/A (sky130_fd_sc_hd__buf_4)
    21    0.128918    0.267630    0.246407    4.924232 ^ fanout141/X (sky130_fd_sc_hd__buf_4)
                                                         net906 (net)
                      0.274394    0.033816    4.958047 ^ c420/C_N (sky130_fd_sc_hd__or4bb_4)
     9    0.038569    0.096701    0.385931    5.343978 v c420/X (sky130_fd_sc_hd__or4bb_4)
                                                         net320 (net)
                      0.096792    0.002638    5.346616 v c608/B1 (sky130_fd_sc_hd__a2111oi_1)
     1    0.006393    0.307024    0.258095    5.604711 ^ c608/Y (sky130_fd_sc_hd__a2111oi_1)
                                                         net490 (net)
                      0.307024    0.000477    5.605188 ^ wire1/A (sky130_fd_sc_hd__clkbuf_1)
     2    0.005869    0.059473    0.076172    5.681361 ^ wire1/X (sky130_fd_sc_hd__clkbuf_1)
                                                         net1013 (net)
                      0.059473    0.000193    5.681554 ^ c612/RESET_B (sky130_fd_sc_hd__sdfbbn_1)
                                              5.681554   data arrival time

                                  4.000000    4.000000   clock clk (fall edge)
                                  0.000000    4.000000   clock source latency
     2    0.049089    0.077496    0.055394    4.055394 v clk (in)
                                                         clk (net)
                      0.078329    0.000000    4.055394 v clkbuf_0_clk/A (sky130_fd_sc_hd__clkbuf_16)
    33    0.219496    0.109908    0.180539    4.235933 v clkbuf_0_clk/X (sky130_fd_sc_hd__clkbuf_16)
                                                         clknet_0_clk (net)
                      0.112178    0.012509    4.248442 v clkbuf_4_12_0_clk/A (sky130_fd_sc_hd__clkbuf_8)
    19    0.053461    0.051549    0.151709    4.400151 v clkbuf_4_12_0_clk/X (sky130_fd_sc_hd__clkbuf_8)
                                                         clknet_4_12_0_clk (net)
                      0.051873    0.003447    4.403598 v c612/CLK_N (sky130_fd_sc_hd__sdfbbn_1)
                                 -0.250000    4.153597   clock uncertainty
                                  0.000000    4.153597   clock reconvergence pessimism
                                 -0.034655    4.118942   library recovery time
                                              4.118942   data required time
---------------------------------------------------------------------------------------------
                                              4.118942   data required time
                                             -5.681554   data arrival time
---------------------------------------------------------------------------------------------
                                             -1.562611   slack (VIOLATED)


Startpoint: s826 (negative level-sensitive latch clocked by clk)
Endpoint: c479 (rising edge-triggered flip-flop clocked by clk)
Path Group: clk
Path Type: max

Fanout         Cap        Slew       Delay        Time   Description
---------------------------------------------------------------------------------------------
                                  4.000000    4.000000   clock clk (fall edge)
                                  0.000000    4.000000   clock source latency
     2    0.049089    0.077496    0.055394    4.055394 v clk (in)
                                                         clk (net)
                      0.078329    0.000000    4.055394 v clkbuf_0_clk/A (sky130_fd_sc_hd__clkbuf_16)
    33    0.219496    0.109908    0.180539    4.235933 v clkbuf_0_clk/X (sky130_fd_sc_hd__clkbuf_16)
                                                         clknet_0_clk (net)
                      0.112394    0.013052    4.248985 v clkbuf_4_6_0_clk/A (sky130_fd_sc_hd__clkbuf_8)
     9    0.038566    0.041573    0.143555    4.392540 v clkbuf_4_6_0_clk/X (sky130_fd_sc_hd__clkbuf_8)
                                                         clknet_4_6_0_clk (net)
                      0.041903    0.002717    4.395257 v s826/GATE_N (sky130_fd_sc_hd__dlxbn_1)
                                  2.097104    6.492361   time given to startpoint
                      0.042605    0.000000    6.492361 ^ s826/D (sky130_fd_sc_hd__dlxbn_1)
     1    0.004739    0.043486    0.220649    6.713010 ^ s826/Q (sky130_fd_sc_hd__dlxbn_1)
                                                         net703 (net)
                      0.043486    0.000252    6.713262 ^ c479/SET_B (sky130_fd_sc_hd__sdfbbn_1)
                                              6.713262   data arrival time

                                  0.000000    0.000000   clock clk (rise edge)
                                  0.000000    0.000000   clock source latency
     2    0.050085    0.171658    0.121466    0.121466 ^ clk (in)
                                                         clk (net)
                      0.172059    0.000000    0.121466 ^ clkbuf_0_clk/A (sky130_fd_sc_hd__clkbuf_16)
    33    0.227513    0.185553    0.217145    0.338611 ^ clkbuf_0_clk/X (sky130_fd_sc_hd__clkbuf_16)
                                                         clknet_0_clk (net)
                      0.188098    0.017396    0.356006 ^ clkbuf_4_9_0_clk/A (sky130_fd_sc_hd__clkbuf_8)
    21    0.078788    0.110332    0.172719    0.528726 ^ clkbuf_4_9_0_clk/X (sky130_fd_sc_hd__clkbuf_8)
                                                         clknet_4_9_0_clk (net)
                      0.110518    0.003745    0.532471 ^ s822/CLK (sky130_fd_sc_hd__dlclkp_1)
     1    0.021262    0.165157    0.184511    0.716982 ^ s822/GCLK (sky130_fd_sc_hd__dlclkp_1)
                                                         net697 (net)
                      0.165195    0.002082    0.719063 ^ clkbuf_0_net697/A (sky130_fd_sc_hd__clkbuf_16)
     2    0.024994    0.037035    0.117954    0.837017 ^ clkbuf_0_net697/X (sky130_fd_sc_hd__clkbuf_16)
                                                         clknet_0_net697 (net)
                      0.037195    0.001552    0.838569 ^ clkbuf_1_1__f_net697/A (sky130_fd_sc_hd__clkbuf_16)
     7    0.051173    0.053068    0.103844    0.942413 ^ clkbuf_1_1__f_net697/X (sky130_fd_sc_hd__clkbuf_16)
                                                         clknet_1_1__leaf_net697 (net)
                      0.053233    0.002267    0.944680 ^ c465/D_N (sky130_fd_sc_hd__or4bb_2)
     1    0.004808    0.066984    0.296039    1.240719 v c465/X (sky130_fd_sc_hd__or4bb_2)
                                                         net365 (net)
                      0.066984    0.000364    1.241083 v c475/A1 (sky130_fd_sc_hd__o2111ai_2)
     1    0.011107    0.072075    0.181947    1.423030 ^ c475/Y (sky130_fd_sc_hd__o2111ai_2)
                                                         net377 (net)
                      0.072078    0.000911    1.423941 ^ clkbuf_0_net377/A (sky130_fd_sc_hd__clkbuf_16)
     2    0.021863    0.032802    0.096746    1.520687 ^ clkbuf_0_net377/X (sky130_fd_sc_hd__clkbuf_16)
                                                         clknet_0_net377 (net)
                      0.032880    0.001402    1.522089 ^ clkbuf_1_1__f_net377/A (sky130_fd_sc_hd__clkbuf_16)
     3    0.016213    0.028676    0.082195    1.604284 ^ clkbuf_1_1__f_net377/X (sky130_fd_sc_hd__clkbuf_16)
                                                         clknet_1_1__leaf_net377 (net)
                      0.028687    0.000943    1.605228 ^ c479/RESET_B (sky130_fd_sc_hd__sdfbbn_1)
                                 -0.250000    1.355227   clock uncertainty
                                  0.000000    1.355227   clock reconvergence pessimism
                                 -0.073801    1.281426   library non-sequential setup time
                                              1.281426   data required time
---------------------------------------------------------------------------------------------
                                              1.281426   data required time
                                             -6.713262   data arrival time
---------------------------------------------------------------------------------------------
                                             -5.431836   slack (VIOLATED)




===========================================================================
report_checks --slack_max -0.01
============================================================================
======================= max_ff_n40C_1v95 Corner ===================================

Startpoint: in18 (input port clocked by clk)
Endpoint: c612 (recovery check against falling-edge clock clk)
Path Group: asynchronous
Path Type: max

Fanout         Cap        Slew       Delay        Time   Description
---------------------------------------------------------------------------------------------
                                  0.000000    0.000000   clock clk (rise edge)
                                  0.000000    0.000000   clock network delay (propagated)
                                  1.600000    1.600000 v input external delay
     2    0.008804    0.014416    0.008626    1.608626 v in18 (in)
                                                         in18 (net)
                      0.014429    0.000000    1.608626 v input11/A (sky130_fd_sc_hd__buf_8)
    17    0.122805    0.062168    0.092506    1.701133 v input11/X (sky130_fd_sc_hd__buf_8)
                                                         net776 (net)
                      0.124290    0.053984    1.755117 v c132/A (sky130_fd_sc_hd__nor2_8)
     7    0.056913    0.168236    0.188850    1.943966 ^ c132/Y (sky130_fd_sc_hd__nor2_8)
                                                         net64 (net)
                      0.168323    0.003068    1.947034 ^ c139/A (sky130_fd_sc_hd__nand2_8)
     6    0.042660    0.071010    0.061348    2.008382 v c139/Y (sky130_fd_sc_hd__nand2_8)
                                                         net71 (net)
                      0.071870    0.006028    2.014410 v c141/B (sky130_fd_sc_hd__and2_4)
     7    0.066026    0.070493    0.163395    2.177805 v c141/X (sky130_fd_sc_hd__and2_4)
                                                         net73 (net)
                      0.073285    0.010832    2.188637 v c142/B (sky130_fd_sc_hd__nor2_8)
     3    0.030144    0.106485    0.108502    2.297139 ^ c142/Y (sky130_fd_sc_hd__nor2_8)
                                                         net74 (net)
                      0.106596    0.001945    2.299084 ^ fanout168/A (sky130_fd_sc_hd__buf_12)
     7    0.065554    0.064850    0.101646    2.400730 ^ fanout168/X (sky130_fd_sc_hd__buf_12)
                                                         net933 (net)
                      0.066919    0.008993    2.409722 ^ fanout167/A (sky130_fd_sc_hd__buf_8)
     7    0.049518    0.066731    0.097558    2.507280 ^ fanout167/X (sky130_fd_sc_hd__buf_8)
                                                         net932 (net)
                      0.067266    0.004771    2.512051 ^ c143/S1 (sky130_fd_sc_hd__mux4_2)
     6    0.061037    0.158812    0.276434    2.788486 v c143/X (sky130_fd_sc_hd__mux4_2)
                                                         net75 (net)
                      0.160460    0.012189    2.800675 v c144/A (sky130_fd_sc_hd__nand2_8)
     5    0.060063    0.096169    0.130020    2.930695 ^ c144/Y (sky130_fd_sc_hd__nand2_8)
                                                         net76 (net)
                      0.096436    0.003903    2.934598 ^ fanout164/A (sky130_fd_sc_hd__buf_8)
    11    0.040504    0.057094    0.093659    3.028256 ^ fanout164/X (sky130_fd_sc_hd__buf_8)
                                                         net929 (net)
                      0.057970    0.005598    3.033854 ^ c146/B_N (sky130_fd_sc_hd__or2b_4)
     6    0.029183    0.055835    0.192803    3.226657 v c146/X (sky130_fd_sc_hd__or2b_4)
                                                         net78 (net)
                      0.055988    0.002469    3.229126 v c274/B (sky130_fd_sc_hd__or2_4)
    11    0.042714    0.068633    0.190004    3.419130 v c274/X (sky130_fd_sc_hd__or2_4)
                                                         net194 (net)
                      0.068783    0.002841    3.421972 v c280/A2 (sky130_fd_sc_hd__mux4_2)
    15    0.065909    0.166484    0.400489    3.822461 v c280/X (sky130_fd_sc_hd__mux4_2)
                                                         net198 (net)
                      0.167410    0.009146    3.831607 v c282/A2 (sky130_fd_sc_hd__a2111oi_4)
     4    0.012288    0.246798    0.322224    4.153831 ^ c282/Y (sky130_fd_sc_hd__a2111oi_4)
                                                         net200 (net)
                      0.246798    0.000571    4.154401 ^ c283/A1 (sky130_fd_sc_hd__mux4_1)
     4    0.013461    0.110017    0.231856    4.386257 ^ c283/X (sky130_fd_sc_hd__mux4_1)
                                                         net201 (net)
                      0.110019    0.000639    4.386896 ^ c284/A2 (sky130_fd_sc_hd__mux4_2)
     5    0.053228    0.208426    0.288708    4.675604 ^ c284/X (sky130_fd_sc_hd__mux4_2)
                                                         net202 (net)
                      0.208460    0.002220    4.677824 ^ fanout141/A (sky130_fd_sc_hd__buf_4)
    21    0.128918    0.267630    0.246407    4.924232 ^ fanout141/X (sky130_fd_sc_hd__buf_4)
                                                         net906 (net)
                      0.274394    0.033816    4.958047 ^ c420/C_N (sky130_fd_sc_hd__or4bb_4)
     9    0.038569    0.096701    0.385931    5.343978 v c420/X (sky130_fd_sc_hd__or4bb_4)
                                                         net320 (net)
                      0.096792    0.002638    5.346616 v c608/B1 (sky130_fd_sc_hd__a2111oi_1)
     1    0.006393    0.307024    0.258095    5.604711 ^ c608/Y (sky130_fd_sc_hd__a2111oi_1)
                                                         net490 (net)
                      0.307024    0.000477    5.605188 ^ wire1/A (sky130_fd_sc_hd__clkbuf_1)
     2    0.005869    0.059473    0.076172    5.681361 ^ wire1/X (sky130_fd_sc_hd__clkbuf_1)
                                                         net1013 (net)
                      0.059473    0.000193    5.681554 ^ c612/RESET_B (sky130_fd_sc_hd__sdfbbn_1)
                                              5.681554   data arrival time

                                  4.000000    4.000000   clock clk (fall edge)
                                  0.000000    4.000000   clock source latency
     2    0.049089    0.077496    0.055394    4.055394 v clk (in)
                                                         clk (net)
                      0.078329    0.000000    4.055394 v clkbuf_0_clk/A (sky130_fd_sc_hd__clkbuf_16)
    33    0.219496    0.109908    0.180539    4.235933 v clkbuf_0_clk/X (sky130_fd_sc_hd__clkbuf_16)
                                                         clknet_0_clk (net)
                      0.112178    0.012509    4.248442 v clkbuf_4_12_0_clk/A (sky130_fd_sc_hd__clkbuf_8)
    19    0.053461    0.051549    0.151709    4.400151 v clkbuf_4_12_0_clk/X (sky130_fd_sc_hd__clkbuf_8)
                                                         clknet_4_12_0_clk (net)
                      0.051873    0.003447    4.403598 v c612/CLK_N (sky130_fd_sc_hd__sdfbbn_1)
                                 -0.250000    4.153597   clock uncertainty
                                  0.000000    4.153597   clock reconvergence pessimism
                                 -0.034655    4.118942   library recovery time
                                              4.118942   data required time
---------------------------------------------------------------------------------------------
                                              4.118942   data required time
                                             -5.681554   data arrival time
---------------------------------------------------------------------------------------------
                                             -1.562611   slack (VIOLATED)


Startpoint: s826 (negative level-sensitive latch clocked by clk)
Endpoint: c479 (rising edge-triggered flip-flop clocked by clk)
Path Group: clk
Path Type: max

Fanout         Cap        Slew       Delay        Time   Description
---------------------------------------------------------------------------------------------
                                  4.000000    4.000000   clock clk (fall edge)
                                  0.000000    4.000000   clock source latency
     2    0.049089    0.077496    0.055394    4.055394 v clk (in)
                                                         clk (net)
                      0.078329    0.000000    4.055394 v clkbuf_0_clk/A (sky130_fd_sc_hd__clkbuf_16)
    33    0.219496    0.109908    0.180539    4.235933 v clkbuf_0_clk/X (sky130_fd_sc_hd__clkbuf_16)
                                                         clknet_0_clk (net)
                      0.112394    0.013052    4.248985 v clkbuf_4_6_0_clk/A (sky130_fd_sc_hd__clkbuf_8)
     9    0.038566    0.041573    0.143555    4.392540 v clkbuf_4_6_0_clk/X (sky130_fd_sc_hd__clkbuf_8)
                                                         clknet_4_6_0_clk (net)
                      0.041903    0.002717    4.395257 v s826/GATE_N (sky130_fd_sc_hd__dlxbn_1)
                                  2.097104    6.492361   time given to startpoint
                      0.042605    0.000000    6.492361 ^ s826/D (sky130_fd_sc_hd__dlxbn_1)
     1    0.004739    0.043486    0.220649    6.713010 ^ s826/Q (sky130_fd_sc_hd__dlxbn_1)
                                                         net703 (net)
                      0.043486    0.000252    6.713262 ^ c479/SET_B (sky130_fd_sc_hd__sdfbbn_1)
                                              6.713262   data arrival time

                                  0.000000    0.000000   clock clk (rise edge)
                                  0.000000    0.000000   clock source latency
     2    0.050085    0.171658    0.121466    0.121466 ^ clk (in)
                                                         clk (net)
                      0.172059    0.000000    0.121466 ^ clkbuf_0_clk/A (sky130_fd_sc_hd__clkbuf_16)
    33    0.227513    0.185553    0.217145    0.338611 ^ clkbuf_0_clk/X (sky130_fd_sc_hd__clkbuf_16)
                                                         clknet_0_clk (net)
                      0.188098    0.017396    0.356006 ^ clkbuf_4_9_0_clk/A (sky130_fd_sc_hd__clkbuf_8)
    21    0.078788    0.110332    0.172719    0.528726 ^ clkbuf_4_9_0_clk/X (sky130_fd_sc_hd__clkbuf_8)
                                                         clknet_4_9_0_clk (net)
                      0.110518    0.003745    0.532471 ^ s822/CLK (sky130_fd_sc_hd__dlclkp_1)
     1    0.021262    0.165157    0.184511    0.716982 ^ s822/GCLK (sky130_fd_sc_hd__dlclkp_1)
                                                         net697 (net)
                      0.165195    0.002082    0.719063 ^ clkbuf_0_net697/A (sky130_fd_sc_hd__clkbuf_16)
     2    0.024994    0.037035    0.117954    0.837017 ^ clkbuf_0_net697/X (sky130_fd_sc_hd__clkbuf_16)
                                                         clknet_0_net697 (net)
                      0.037195    0.001552    0.838569 ^ clkbuf_1_1__f_net697/A (sky130_fd_sc_hd__clkbuf_16)
     7    0.051173    0.053068    0.103844    0.942413 ^ clkbuf_1_1__f_net697/X (sky130_fd_sc_hd__clkbuf_16)
                                                         clknet_1_1__leaf_net697 (net)
                      0.053233    0.002267    0.944680 ^ c465/D_N (sky130_fd_sc_hd__or4bb_2)
     1    0.004808    0.066984    0.296039    1.240719 v c465/X (sky130_fd_sc_hd__or4bb_2)
                                                         net365 (net)
                      0.066984    0.000364    1.241083 v c475/A1 (sky130_fd_sc_hd__o2111ai_2)
     1    0.011107    0.072075    0.181947    1.423030 ^ c475/Y (sky130_fd_sc_hd__o2111ai_2)
                                                         net377 (net)
                      0.072078    0.000911    1.423941 ^ clkbuf_0_net377/A (sky130_fd_sc_hd__clkbuf_16)
     2    0.021863    0.032802    0.096746    1.520687 ^ clkbuf_0_net377/X (sky130_fd_sc_hd__clkbuf_16)
                                                         clknet_0_net377 (net)
                      0.032880    0.001402    1.522089 ^ clkbuf_1_1__f_net377/A (sky130_fd_sc_hd__clkbuf_16)
     3    0.016213    0.028676    0.082195    1.604284 ^ clkbuf_1_1__f_net377/X (sky130_fd_sc_hd__clkbuf_16)
                                                         clknet_1_1__leaf_net377 (net)
                      0.028687    0.000943    1.605228 ^ c479/RESET_B (sky130_fd_sc_hd__sdfbbn_1)
                                 -0.250000    1.355227   clock uncertainty
                                  0.000000    1.355227   clock reconvergence pessimism
                                 -0.073801    1.281426   library non-sequential setup time
                                              1.281426   data required time
---------------------------------------------------------------------------------------------
                                              1.281426   data required time
                                             -6.713262   data arrival time
---------------------------------------------------------------------------------------------
                                             -5.431836   slack (VIOLATED)




===========================================================================
 report_check_types -max_slew -max_cap -max_fanout -violators
============================================================================
======================= max_ff_n40C_1v95 Corner ===================================

max fanout

Pin                                   Limit Fanout  Slack
---------------------------------------------------------
clkbuf_0_clk/X                           10     33    -23 (VIOLATED)
clkbuf_4_13_0_clk/X                      10     25    -15 (VIOLATED)
clkbuf_4_2_0_clk/X                       10     25    -15 (VIOLATED)
input35/X                                10     23    -13 (VIOLATED)
c154/X                                   10     21    -11 (VIOLATED)
c168/X                                   10     21    -11 (VIOLATED)
c264/X                                   10     21    -11 (VIOLATED)
c285/X                                   10     21    -11 (VIOLATED)
c289/Y                                   10     21    -11 (VIOLATED)
c297/Y                                   10     21    -11 (VIOLATED)
c444/Q                                   10     21    -11 (VIOLATED)
clkbuf_4_1_0_clk/X                       10     21    -11 (VIOLATED)
clkbuf_4_8_0_clk/X                       10     21    -11 (VIOLATED)
clkbuf_4_9_0_clk/X                       10     21    -11 (VIOLATED)
fanout129/X                              10     21    -11 (VIOLATED)
fanout135/X                              10     21    -11 (VIOLATED)
fanout141/X                              10     21    -11 (VIOLATED)
fanout151/X                              10     21    -11 (VIOLATED)
fanout157/X                              10     21    -11 (VIOLATED)
fanout158/X                              10     21    -11 (VIOLATED)
fanout160/X                              10     21    -11 (VIOLATED)
fanout162/X                              10     21    -11 (VIOLATED)
fanout166/X                              10     21    -11 (VIOLATED)
fanout169/X                              10     21    -11 (VIOLATED)
fanout170/X                              10     21    -11 (VIOLATED)
fanout171/X                              10     21    -11 (VIOLATED)
fanout172/X                              10     21    -11 (VIOLATED)
fanout173/X                              10     21    -11 (VIOLATED)
fanout174/X                              10     21    -11 (VIOLATED)
fanout175/X                              10     21    -11 (VIOLATED)
fanout176/X                              10     21    -11 (VIOLATED)
input13/X                                10     21    -11 (VIOLATED)
input20/X                                10     21    -11 (VIOLATED)
input57/X                                10     21    -11 (VIOLATED)
input8/X                                 10     21    -11 (VIOLATED)
input9/X                                 10     21    -11 (VIOLATED)
input1/X                                 10     20    -10 (VIOLATED)
input12/X                                10     20    -10 (VIOLATED)
input4/X                                 10     20    -10 (VIOLATED)
input46/X                                10     20    -10 (VIOLATED)
c167/X                                   10     19     -9 (VIOLATED)
c202/X                                   10     19     -9 (VIOLATED)
c286/X                                   10     19     -9 (VIOLATED)
c293/X                                   10     19     -9 (VIOLATED)
c419/Y                                   10     19     -9 (VIOLATED)
c444/Q_N                                 10     19     -9 (VIOLATED)
c667/Y                                   10     19     -9 (VIOLATED)
clkbuf_4_10_0_clk/X                      10     19     -9 (VIOLATED)
clkbuf_4_12_0_clk/X                      10     19     -9 (VIOLATED)
clkbuf_4_5_0_clk/X                       10     19     -9 (VIOLATED)
input22/X                                10     19     -9 (VIOLATED)
input3/X                                 10     19     -9 (VIOLATED)
input51/X                                10     19     -9 (VIOLATED)
input6/X                                 10     19     -9 (VIOLATED)
input7/X                                 10     19     -9 (VIOLATED)
c147/X                                   10     17     -7 (VIOLATED)
c153/X                                   10     17     -7 (VIOLATED)
c290/X                                   10     17     -7 (VIOLATED)
c446/Y                                   10     17     -7 (VIOLATED)
c531/X                                   10     17     -7 (VIOLATED)
c668/X                                   10     17     -7 (VIOLATED)
c80/X                                    10     17     -7 (VIOLATED)
c83/X                                    10     17     -7 (VIOLATED)
clkbuf_4_0_0_clk/X                       10     17     -7 (VIOLATED)
clkbuf_4_11_0_clk/X                      10     17     -7 (VIOLATED)
clkbuf_4_15_0_clk/X                      10     17     -7 (VIOLATED)
input11/X                                10     17     -7 (VIOLATED)
input2/X                                 10     17     -7 (VIOLATED)
input5/X                                 10     17     -7 (VIOLATED)
input60/X                                10     17     -7 (VIOLATED)
s836/Q                                   10     17     -7 (VIOLATED)
input61/X                                10     16     -6 (VIOLATED)
c138/Y                                   10     15     -5 (VIOLATED)
c152/X                                   10     15     -5 (VIOLATED)
c155/Y                                   10     15     -5 (VIOLATED)
c160/X                                   10     15     -5 (VIOLATED)
c165/X                                   10     15     -5 (VIOLATED)
c227/X                                   10     15     -5 (VIOLATED)
c271/X                                   10     15     -5 (VIOLATED)
c276/Y                                   10     15     -5 (VIOLATED)
c280/X                                   10     15     -5 (VIOLATED)
c310/Y                                   10     15     -5 (VIOLATED)
c320/Y                                   10     15     -5 (VIOLATED)
c406/Y                                   10     15     -5 (VIOLATED)
c528/Y                                   10     15     -5 (VIOLATED)
c660/X                                   10     15     -5 (VIOLATED)
c664/Y                                   10     15     -5 (VIOLATED)
c95/X                                    10     15     -5 (VIOLATED)
clkbuf_4_3_0_clk/X                       10     15     -5 (VIOLATED)
fanout147/X                              10     15     -5 (VIOLATED)
input10/X                                10     15     -5 (VIOLATED)
input15/X                                10     15     -5 (VIOLATED)
input21/X                                10     15     -5 (VIOLATED)
input42/X                                10     15     -5 (VIOLATED)
c137/Y                                   10     13     -3 (VIOLATED)
c149/Y                                   10     13     -3 (VIOLATED)
c166/X                                   10     13     -3 (VIOLATED)
c180/Y                                   10     13     -3 (VIOLATED)
c191/Y                                   10     13     -3 (VIOLATED)
c212/Y                                   10     13     -3 (VIOLATED)
c397/Y                                   10     13     -3 (VIOLATED)
c400/X                                   10     13     -3 (VIOLATED)
c402/X                                   10     13     -3 (VIOLATED)
c452/X                                   10     13     -3 (VIOLATED)
c565/X                                   10     13     -3 (VIOLATED)
c579/X                                   10     13     -3 (VIOLATED)
c586/Y                                   10     13     -3 (VIOLATED)
c63/X                                    10     13     -3 (VIOLATED)
c64/X                                    10     13     -3 (VIOLATED)
c71/X                                    10     13     -3 (VIOLATED)
c82/Y                                    10     13     -3 (VIOLATED)
input14/X                                10     13     -3 (VIOLATED)
input16/X                                10     13     -3 (VIOLATED)
input18/X                                10     13     -3 (VIOLATED)
input48/X                                10     13     -3 (VIOLATED)
input54/X                                10     13     -3 (VIOLATED)
c134/X                                   10     11        (VIOLATED)
c135/Y                                   10     11        (VIOLATED)
c151/X                                   10     11        (VIOLATED)
c157/X                                   10     11        (VIOLATED)
c158/X                                   10     11        (VIOLATED)
c170/X                                   10     11        (VIOLATED)
c176/X                                   10     11        (VIOLATED)
c186/Y                                   10     11        (VIOLATED)
c190/X                                   10     11        (VIOLATED)
c194/X                                   10     11        (VIOLATED)
c195/Y                                   10     11        (VIOLATED)
c204/X                                   10     11        (VIOLATED)
c267/X                                   10     11        (VIOLATED)
c268/Y                                   10     11        (VIOLATED)
c270/X                                   10     11        (VIOLATED)
c273/Y                                   10     11        (VIOLATED)
c274/X                                   10     11        (VIOLATED)
c275/X                                   10     11        (VIOLATED)
c339/X                                   10     11        (VIOLATED)
c340/X                                   10     11        (VIOLATED)
c343/Y                                   10     11        (VIOLATED)
c471/Q                                   10     11        (VIOLATED)
c68/Y                                    10     11        (VIOLATED)
c79/X                                    10     11        (VIOLATED)
c84/X                                    10     11        (VIOLATED)
clkbuf_1_0__f_net685/X                   10     11        (VIOLATED)
clone21/X                                10     11        (VIOLATED)
clone3/X                                 10     11        (VIOLATED)
fanout164/X                              10     11        (VIOLATED)
input27/X                                10     11        (VIOLATED)
input28/X                                10     11        (VIOLATED)
input30/X                                10     11        (VIOLATED)
input32/X                                10     11        (VIOLATED)
input34/X                                10     11        (VIOLATED)
input37/X                                10     11        (VIOLATED)
input38/X                                10     11        (VIOLATED)
merge808/Q                               10     11        (VIOLATED)
s821/Q                                   10     11        (VIOLATED)

max capacitance

Pin                                        Limit         Cap       Slack
------------------------------------------------------------------------
clkbuf_0_clk/X                          0.200000    0.227513   -0.027513 (VIOLATED)



===========================================================================
report_parasitic_annotation -report_unannotated
============================================================================
Found 15 unannotated drivers.
 rst
 c478/Q_N
 c479/Q_N
 c480/Q_N
 c482/Q_N
 c722/Q_N
 s833/Q_N
 s842/Q_N
 s843/Q_N
 s849/Q_N
 s857/Q_N
 s858/Q_N
 s866/Q_N
 s873/Q_N
 s875/Q_N
Found 0 partially unannotated drivers.

===========================================================================
max slew violation count 0
max fanout violation count 154
max cap violation count 1
============================================================================

===========================================================================
check_setup -verbose -unconstrained_endpoints -multiple_clock -no_clock -no_input_delay -loops -generated_clocks
===========================================================================
Warning: There are 6 unconstrained endpoints.
  out42
  out5
  out56
  out57
  out8
  merge814/D
