
===========================================================================
Violator List
============================================================================
[hold reg-reg] c528/Q -> c570/RESET_B : -1.554429
[hold reg-reg] c671/Q -> c678/SET_B : -1.255505
[hold reg-reg] c406/Q -> c436/RESET_B : -0.817475
[hold reg-reg] c314/Q -> c332/SET_B : -0.682744
[hold in-reg] in14 -> c677/SET_B : -0.305772
[hold reg-reg] c451/Q -> c457/RESET_B : -0.164916
[hold in-reg] clk -> c439/RESET_B : -0.149187
[hold reg-reg] c118/Q -> c233/RESET_B : -0.104076
[hold reg-reg] s766/Q -> c314/SET_B : -0.096497
[hold reg-reg] c532/Q -> c536/SET_B : -0.010679
[setup in-reg] in7 -> c332/SET_B : -3.949008
[setup in-reg] in7 -> c436/RESET_B : -3.798606
[setup reg-reg] c291/Q -> c570/RESET_B : -3.565494
[setup reg-out] s774/Q -> out18 : -3.266107
[setup in-reg] in7 -> c606/D : -2.850971
[setup in-reg] in7 -> c606/SCD : -2.382147
[setup in-reg] in51 -> c468/D : -2.224024
[setup in-reg] in7 -> c329/D : -2.029962
[setup in-reg] in7 -> s777/D : -1.977353
[setup in-reg] in51 -> c606/SET_B : -1.949074
[setup in-reg] in7 -> c468/SCD : -1.900008
[setup in-reg] in7 -> c677/RESET_B : -1.893271
[setup in-reg] in51 -> c360/D : -1.874440
[setup in-reg] in51 -> c361/D : -1.807527
[setup in-reg] in7 -> c677/D : -1.778929
[setup in-reg] in51 -> c115/D : -1.761527
[setup in-reg] in51 -> c320/D : -1.706157
[setup in-reg] in51 -> c503/D : -1.671872
[setup in-reg] in51 -> c375/D : -1.653032
[setup in-reg] in51 -> c350/D : -1.620185
[setup in-reg] in7 -> s776/D : -1.608754
[setup in-reg] in7 -> c436/SCD : -1.606725
[setup in-reg] in51 -> c501/SCE : -1.544466
[setup in-reg] in7 -> c497/SCD : -1.531242
[setup in-reg] in7 -> s772/D : -1.520588
[setup in-reg] in51 -> c350/SCD : -1.511050
[setup in-reg] in51 -> c503/RESET_B : -1.406744
[setup in-reg] in51 -> c350/RESET_B : -1.369031
[setup in-reg] in7 -> c559/RESET_B : -1.336922
[setup reg-reg] c634/Q_N -> c703/D : -1.334893
[setup in-reg] in7 -> c569/RESET_B : -1.332459
[setup in-reg] in7 -> c436/RESET_B : -1.314137
[setup in-reg] in7 -> c606/SCE : -1.286768
[setup in-reg] in51 -> c497/SET_B : -1.282123
[setup in-reg] in51 -> c501/SET_B : -1.265441
[setup in-reg] in7 -> c658/RESET_B : -1.237825
[setup in-reg] in7 -> c653/RESET_B : -1.224332
[setup in-reg] in7 -> c669/D : -1.181449
[setup in-reg] in51 -> c503/SCD : -1.163943
[setup reg-reg] c634/Q -> c701/RESET_B : -1.150239
[setup in-reg] in7 -> c291/SCD : -1.145945
[setup in-reg] in7 -> c669/SCE : -1.143970
[setup reg-reg] c577/Q_N -> c598/SCE : -1.136695
[setup in-reg] in7 -> c397/D : -1.123923
[setup in-reg] in7 -> c329/RESET_B : -1.117740
[setup in-reg] in7 -> c634/D : -1.112236
[setup reg-reg] c577/Q_N -> c605/SCD : -1.106937
[setup in-reg] in51 -> c124/SET_B : -1.089780
[setup in-reg] in51 -> c125/SET_B : -1.088672
[setup in-reg] in7 -> c291/SCE : -1.077052
[setup in-reg] in51 -> c497/SCE : -1.049619
[setup in-reg] in51 -> c468/SET_B : -1.013844
[setup in-reg] in7 -> c418/RESET_B : -1.012229
[setup in-reg] in7 -> c522/D : -1.004140
[setup in-reg] in7 -> c638/RESET_B : -0.998197
[setup in-reg] in51 -> c376/SET_B : -0.965969
[setup in-reg] in7 -> c559/SET_B : -0.961917
[setup in-reg] in7 -> c369/RESET_B : -0.940966
[setup in-reg] in7 -> c405/RESET_B : -0.889953
[setup in-reg] in7 -> c404/RESET_B : -0.889942
[setup reg-reg] c634/Q_N -> c648/D : -0.864215
[setup in-reg] in7 -> c497/RESET_B : -0.853035
[setup in-reg] in51 -> c115/RESET_B : -0.849653
[setup in-reg] in7 -> c436/SET_B : -0.777550
[setup reg-out] c576/Q -> out5 : -0.766527
[setup reg-out] c371/Q -> out13 : -0.736341
[setup in-reg] in7 -> c320/SET_B : -0.694055
[setup in-reg] in7 -> c329/SET_B : -0.673645
[setup in-reg] in7 -> c522/RESET_B : -0.609697
[setup reg-reg] c634/Q_N -> c650/SET_B : -0.576361
[setup reg-reg] c634/Q -> c669/RESET_B : -0.556063
[setup reg-reg] c577/Q_N -> s781/D : -0.555444
[setup reg-out] c371/Q -> out35 : -0.519209
[setup reg-reg] s774/Q -> c602/SCD : -0.504300
[setup reg-out] c646/Q -> out3 : -0.481484
[setup reg-reg] c577/Q_N -> c585/SCD : -0.467913
[setup in-reg] in7 -> c397/RESET_B : -0.417838
[setup in-reg] in7 -> c650/D : -0.416494
[setup reg-reg] c577/Q_N -> c734/D : -0.380620
[setup in-reg] in7 -> c650/RESET_B : -0.321320
[setup in-reg] in7 -> c658/D : -0.304585
[setup in-reg] in14 -> c677/SET_B : -0.275771
[setup in-reg] in7 -> c436/SCE : -0.275563
[setup reg-reg] c360/Q_N -> c375/RESET_B : -0.259274
[setup reg-reg] c634/Q -> c648/RESET_B : -0.205675
[setup reg-reg] c658/Q -> c701/SET_B : -0.185708
[setup reg-reg] c577/Q_N -> c724/SCD : -0.179597
[setup reg-out] c351/Q -> out50 : -0.129463
[setup reg-reg] c577/Q_N -> s774/D : -0.085302
[setup reg-reg] c396/Q -> s780/D : -0.049421
[setup reg-reg] c577/Q_N -> c603/SCE : -0.037812
[setup reg-reg] c576/Q -> s775/D : 0.000000
[setup reg-reg] s770/Q -> s771/D : 0.000000
[setup in-reg] in7 -> c405/D : 0.000000
[setup reg-reg] c396/Q -> c577/D : 0.000000
[setup in-reg] in7 -> c638/D : 0.000000
[setup reg-reg] c396/Q -> s770/D : 0.000000
[setup in-reg] in19 -> c404/D : 0.000000
[setup in-reg] clk -> s773/D : 0.000000
[setup reg-reg] c396/Q -> c576/D : 0.000000
[setup in-reg] in18 -> c653/D : 0.000000
[setup in-reg] in51 -> c371/D : 0.000000
[setup in-reg] in51 -> c362/D : 0.000000
[setup in-reg] in51 -> c351/D : 0.000000
[setup in-reg] in51 -> c336/D : 0.000000
[setup reg-reg] c522/Q -> c646/D : 0.000000
[setup in-reg] in7 -> c643/D : 0.000000
[setup in-reg] in7 -> c396/D : 0.000000
[setup in-reg] in7 -> c642/D : 0.000000
Writing metric timing__hold_vio__count__corner:nom_tt_025C_1v80: 10
Writing metric timing__hold_r2r__ws__corner:nom_tt_025C_1v80: -1.554429
Writing metric timing__hold_r2r_vio__count__corner:nom_tt_025C_1v80: 8
Writing metric timing__setup_vio__count__corner:nom_tt_025C_1v80: 109
Writing metric timing__setup_r2r__ws__corner:nom_tt_025C_1v80: -3.565494
Writing metric timing__setup_r2r_vio__count__corner:nom_tt_025C_1v80: 25
