
===========================================================================
report_checks -unconstrained
===========================================================================
======================= max_ss_100C_1v60 Corner ===================================

Startpoint: in2 (input port clocked by clk)
Endpoint: merge874 (recovery check against falling-edge clock clk)
Path Group: asynchronous
Path Type: max

Fanout         Cap        Slew       Delay        Time   Description
---------------------------------------------------------------------------------------------
                                  0.000000    0.000000   clock clk (rise edge)
                                  0.000000    0.000000   clock network delay (propagated)
                                  1.600000    1.600000 ^ input external delay
     2    0.004252    0.042050    0.023501    1.623501 ^ in2 (in)
                                                         in2 (net)
                      0.042064    0.000000    1.623501 ^ input13/A (sky130_fd_sc_hd__buf_4)
    13    0.069084    0.310854    0.365252    1.988752 ^ input13/X (sky130_fd_sc_hd__buf_4)
                                                         net836 (net)
                      0.311236    0.009046    1.997798 ^ c132/B (sky130_fd_sc_hd__nand2b_4)
     5    0.023249    0.138410    0.233074    2.230872 v c132/Y (sky130_fd_sc_hd__nand2b_4)
                                                         net63 (net)
                      0.138420    0.001300    2.232172 v c133/A (sky130_fd_sc_hd__nor3_2)
     4    0.021647    0.640931    0.649962    2.882133 ^ c133/Y (sky130_fd_sc_hd__nor3_2)
                                                         net64 (net)
                      0.640936    0.001579    2.883713 ^ c134/A (sky130_fd_sc_hd__nor2b_4)
     8    0.064921    0.227664    0.395772    3.279485 v c134/Y (sky130_fd_sc_hd__nor2b_4)
                                                         net65 (net)
                      0.227691    0.002918    3.282403 v c136/B (sky130_fd_sc_hd__nand2b_4)
     6    0.035498    0.195223    0.272229    3.554631 ^ c136/Y (sky130_fd_sc_hd__nand2b_4)
                                                         net67 (net)
                      0.195269    0.002404    3.557035 ^ c138/A (sky130_fd_sc_hd__or2b_4)
     7    0.057737    0.282311    0.427101    3.984136 ^ c138/X (sky130_fd_sc_hd__or2b_4)
                                                         net69 (net)
                      0.282326    0.001751    3.985887 ^ c140/A (sky130_fd_sc_hd__and2_4)
     4    0.017281    0.127436    0.410477    4.396365 ^ c140/X (sky130_fd_sc_hd__and2_4)
                                                         net71 (net)
                      0.127436    0.000689    4.397054 ^ c142/A1 (sky130_fd_sc_hd__mux4_2)
     4    0.025302    0.260169    0.674079    5.071133 ^ c142/X (sky130_fd_sc_hd__mux4_2)
                                                         net73 (net)
                      0.260191    0.002600    5.073732 ^ c146/B (sky130_fd_sc_hd__nand3b_4)
     4    0.019750    0.183752    0.273175    5.346908 v c146/Y (sky130_fd_sc_hd__nand3b_4)
                                                         net77 (net)
                      0.183758    0.001209    5.348116 v c147/A (sky130_fd_sc_hd__and2_4)
     4    0.024116    0.090873    0.348648    5.696764 v c147/X (sky130_fd_sc_hd__and2_4)
                                                         net78 (net)
                      0.090892    0.000656    5.697420 v rebuffer2/A (sky130_fd_sc_hd__dlygate4sd1_1)
     9    0.040008    0.368180    0.740888    6.438308 v rebuffer2/X (sky130_fd_sc_hd__dlygate4sd1_1)
                                                         net227 (net)
                      0.368277    0.005711    6.444019 v c206/B1 (sky130_fd_sc_hd__a2111o_2)
     1    0.011362    0.155953    1.024484    7.468503 v c206/X (sky130_fd_sc_hd__a2111o_2)
                                                         net136 (net)
                      0.155957    0.000976    7.469480 v clkbuf_0_net136/A (sky130_fd_sc_hd__clkbuf_16)
     2    0.017775    0.055438    0.296330    7.765810 v clkbuf_0_net136/X (sky130_fd_sc_hd__clkbuf_16)
                                                         clknet_0_net136 (net)
                      0.055438    0.001038    7.766848 v clkbuf_1_0__f_net136/A (sky130_fd_sc_hd__clkbuf_16)
     1    0.004671    0.042733    0.229773    7.996621 v clkbuf_1_0__f_net136/X (sky130_fd_sc_hd__clkbuf_16)
                                                         clknet_1_0__leaf_net136 (net)
                      0.042734    0.000305    7.996925 v c210/A0 (sky130_fd_sc_hd__mux4_2)
     1    0.009822    0.188024    1.072390    9.069315 v c210/X (sky130_fd_sc_hd__mux4_2)
                                                         net140 (net)
                      0.188024    0.000832    9.070148 v clkbuf_0_net140/A (sky130_fd_sc_hd__clkbuf_16)
     2    0.017756    0.055482    0.312089    9.382236 v clkbuf_0_net140/X (sky130_fd_sc_hd__clkbuf_16)
                                                         clknet_0_net140 (net)
                      0.055482    0.001016    9.383253 v clkbuf_1_1__f_net140/A (sky130_fd_sc_hd__clkbuf_16)
     3    0.014328    0.052314    0.243444    9.626697 v clkbuf_1_1__f_net140/X (sky130_fd_sc_hd__clkbuf_16)
                                                         clknet_1_1__leaf_net140 (net)
                      0.052314    0.000459    9.627156 v c212/C (sky130_fd_sc_hd__nand3_1)
     1    0.009138    0.203872    0.179790    9.806947 ^ c212/Y (sky130_fd_sc_hd__nand3_1)
                                                         net142 (net)
                      0.203872    0.000694    9.807640 ^ clkbuf_0_net142/A (sky130_fd_sc_hd__clkbuf_16)
     2    0.019615    0.066949    0.282332   10.089972 ^ clkbuf_0_net142/X (sky130_fd_sc_hd__clkbuf_16)
                                                         clknet_0_net142 (net)
                      0.066949    0.000674   10.090647 ^ clkbuf_1_0__f_net142/A (sky130_fd_sc_hd__clkbuf_16)
     2    0.008403    0.052377    0.203130   10.293777 ^ clkbuf_1_0__f_net142/X (sky130_fd_sc_hd__clkbuf_16)
                                                         clknet_1_0__leaf_net142 (net)
                      0.052377    0.000302   10.294079 ^ c213/C1 (sky130_fd_sc_hd__a2111o_2)
     3    0.027702    0.230424    0.291255   10.585334 ^ c213/X (sky130_fd_sc_hd__a2111o_2)
                                                         net894 (net)
                      0.230489    0.003740   10.589074 ^ clkbuf_0_net894/A (sky130_fd_sc_hd__clkbuf_16)
     5    0.037616    0.091309    0.318958   10.908032 ^ clkbuf_0_net894/X (sky130_fd_sc_hd__clkbuf_16)
                                                         clknet_0_net894 (net)
                      0.091380    0.002295   10.910327 ^ clkbuf_1_0__f_net894/A (sky130_fd_sc_hd__clkbuf_16)
    13    0.067889    0.131749    0.289154   11.199481 ^ clkbuf_1_0__f_net894/X (sky130_fd_sc_hd__clkbuf_16)
                                                         clknet_1_0__leaf_net894 (net)
                      0.131871    0.003562   11.203043 ^ c216/S0 (sky130_fd_sc_hd__mux4_2)
     1    0.009775    0.187676    1.175614   12.378657 v c216/X (sky130_fd_sc_hd__mux4_2)
                                                         net145 (net)
                      0.187676    0.000822   12.379479 v clkbuf_0_net145/A (sky130_fd_sc_hd__clkbuf_16)
     2    0.018865    0.056417    0.313255   12.692735 v clkbuf_0_net145/X (sky130_fd_sc_hd__clkbuf_16)
                                                         clknet_0_net145 (net)
                      0.056417    0.000958   12.693692 v clkbuf_1_1__f_net145/A (sky130_fd_sc_hd__clkbuf_16)
     1    0.003115    0.041015    0.227668   12.921360 v clkbuf_1_1__f_net145/X (sky130_fd_sc_hd__clkbuf_16)
                                                         clknet_1_1__leaf_net145 (net)
                      0.041016    0.000211   12.921572 v c219/A1 (sky130_fd_sc_hd__a2111o_1)
     1    0.010000    0.178195    0.780128   13.701699 v c219/X (sky130_fd_sc_hd__a2111o_1)
                                                         net148 (net)
                      0.178196    0.000808   13.702508 v clkbuf_0_net148/A (sky130_fd_sc_hd__clkbuf_16)
     2    0.018013    0.055660    0.307641   14.010149 v clkbuf_0_net148/X (sky130_fd_sc_hd__clkbuf_16)
                                                         clknet_0_net148 (net)
                      0.055660    0.000920   14.011069 v clkbuf_1_1__f_net148/A (sky130_fd_sc_hd__clkbuf_16)
     1    0.003275    0.041191    0.227582   14.238650 v clkbuf_1_1__f_net148/X (sky130_fd_sc_hd__clkbuf_16)
                                                         clknet_1_1__leaf_net148 (net)
                      0.041191    0.000175   14.238826 v c239/A1 (sky130_fd_sc_hd__mux4_1)
     1    0.006280    0.194882    1.169157   15.407983 v c239/X (sky130_fd_sc_hd__mux4_1)
                                                         net167 (net)
                      0.194882    0.000449   15.408432 v merge834/B (sky130_fd_sc_hd__nand2b_2)
     1    0.004116    0.082099    0.157618   15.566051 ^ merge834/Y (sky130_fd_sc_hd__nand2b_2)
                                                         net697 (net)
                      0.082099    0.000311   15.566361 ^ merge874/RESET_B (sky130_fd_sc_hd__dlrtp_4)
                                             15.566361   data arrival time

                                  4.000000    4.000000   clock clk (fall edge)
                                  0.000000    4.000000   clock source latency
     2    0.044113    0.190997    0.137766    4.137766 v clk (in)
                                                         clk (net)
                      0.191274    0.000000    4.137766 v clkbuf_0_clk/A (sky130_fd_sc_hd__clkbuf_16)
    33    0.214876    0.233126    0.469949    4.607714 v clkbuf_0_clk/X (sky130_fd_sc_hd__clkbuf_16)
                                                         clknet_0_clk (net)
                      0.233895    0.009784    4.617498 v clkbuf_4_8_0_clk/A (sky130_fd_sc_hd__clkbuf_8)
    13    0.041002    0.100002    0.370005    4.987504 v clkbuf_4_8_0_clk/X (sky130_fd_sc_hd__clkbuf_8)
                                                         clknet_4_8_0_clk (net)
                      0.100072    0.002353    4.989856 v merge874/GATE (sky130_fd_sc_hd__dlrtp_4)
                                 -0.250000    4.739856   clock uncertainty
                                  0.000000    4.739856   clock reconvergence pessimism
                                  0.005648    4.745504   library recovery time
                                              4.745504   data required time
---------------------------------------------------------------------------------------------
                                              4.745504   data required time
                                            -15.566361   data arrival time
---------------------------------------------------------------------------------------------
                                            -10.820857   slack (VIOLATED)


Startpoint: merge866 (negative level-sensitive latch clocked by clk)
Endpoint: out47 (output port clocked by clk)
Path Group: clk
Path Type: max

Fanout         Cap        Slew       Delay        Time   Description
---------------------------------------------------------------------------------------------
                                  4.000000    4.000000   clock clk (fall edge)
                                  0.000000    4.000000   clock source latency
     2    0.044113    0.190997    0.137766    4.137766 v clk (in)
                                                         clk (net)
                      0.191274    0.000000    4.137766 v clkbuf_0_clk/A (sky130_fd_sc_hd__clkbuf_16)
    33    0.214876    0.233126    0.469949    4.607714 v clkbuf_0_clk/X (sky130_fd_sc_hd__clkbuf_16)
                                                         clknet_0_clk (net)
                      0.233895    0.009784    4.617498 v clkbuf_4_8_0_clk/A (sky130_fd_sc_hd__clkbuf_8)
    13    0.041002    0.100002    0.370005    4.987504 v clkbuf_4_8_0_clk/X (sky130_fd_sc_hd__clkbuf_8)
                                                         clknet_4_8_0_clk (net)
                      0.100044    0.001897    4.989400 v merge866/GATE_N (sky130_fd_sc_hd__dlrtn_4)
                                  3.642182    8.631583   time given to startpoint
                      0.215885    0.000000    8.631583 v merge866/D (sky130_fd_sc_hd__dlrtn_4)
     5    0.045560    0.137970    0.725620    9.357203 v merge866/Q (sky130_fd_sc_hd__dlrtn_4)
                                                         net734 (net)
                      0.138065    0.003295    9.360498 v c203/A (sky130_fd_sc_hd__clkinv_8)
     6    0.040578    0.085359    0.135507    9.496005 ^ c203/Y (sky130_fd_sc_hd__clkinv_8)
                                                         net133 (net)
                      0.085530    0.002545    9.498549 ^ c205/C (sky130_fd_sc_hd__nand3_4)
     1    0.009430    0.124640    0.167554    9.666103 v c205/Y (sky130_fd_sc_hd__nand3_4)
                                                         net135 (net)
                      0.124642    0.000759    9.666863 v clkbuf_0_net135/A (sky130_fd_sc_hd__clkbuf_16)
     2    0.017448    0.055075    0.280626    9.947490 v clkbuf_0_net135/X (sky130_fd_sc_hd__clkbuf_16)
                                                         clknet_0_net135 (net)
                      0.055075    0.000701    9.948190 v clkbuf_1_0__f_net135/A (sky130_fd_sc_hd__clkbuf_16)
     3    0.013035    0.051191    0.241730   10.189920 v clkbuf_1_0__f_net135/X (sky130_fd_sc_hd__clkbuf_16)
                                                         clknet_1_0__leaf_net135 (net)
                      0.051193    0.000808   10.190728 v c206/A2 (sky130_fd_sc_hd__a2111o_2)
     1    0.011362    0.155953    0.942788   11.133516 v c206/X (sky130_fd_sc_hd__a2111o_2)
                                                         net136 (net)
                      0.155957    0.000976   11.134493 v clkbuf_0_net136/A (sky130_fd_sc_hd__clkbuf_16)
     2    0.017775    0.055438    0.296330   11.430822 v clkbuf_0_net136/X (sky130_fd_sc_hd__clkbuf_16)
                                                         clknet_0_net136 (net)
                      0.055438    0.001038   11.431861 v clkbuf_1_0__f_net136/A (sky130_fd_sc_hd__clkbuf_16)
     1    0.004671    0.042733    0.229773   11.661633 v clkbuf_1_0__f_net136/X (sky130_fd_sc_hd__clkbuf_16)
                                                         clknet_1_0__leaf_net136 (net)
                      0.042734    0.000305   11.661939 v c210/A0 (sky130_fd_sc_hd__mux4_2)
     1    0.009822    0.188024    1.072390   12.734328 v c210/X (sky130_fd_sc_hd__mux4_2)
                                                         net140 (net)
                      0.188024    0.000832   12.735161 v clkbuf_0_net140/A (sky130_fd_sc_hd__clkbuf_16)
     2    0.017756    0.055482    0.312089   13.047250 v clkbuf_0_net140/X (sky130_fd_sc_hd__clkbuf_16)
                                                         clknet_0_net140 (net)
                      0.055482    0.001016   13.048266 v clkbuf_1_1__f_net140/A (sky130_fd_sc_hd__clkbuf_16)
     3    0.014328    0.052314    0.243444   13.291710 v clkbuf_1_1__f_net140/X (sky130_fd_sc_hd__clkbuf_16)
                                                         clknet_1_1__leaf_net140 (net)
                      0.052314    0.000459   13.292170 v c212/C (sky130_fd_sc_hd__nand3_1)
     1    0.009138    0.203872    0.179790   13.471960 ^ c212/Y (sky130_fd_sc_hd__nand3_1)
                                                         net142 (net)
                      0.203872    0.000694   13.472653 ^ clkbuf_0_net142/A (sky130_fd_sc_hd__clkbuf_16)
     2    0.019615    0.066949    0.282332   13.754986 ^ clkbuf_0_net142/X (sky130_fd_sc_hd__clkbuf_16)
                                                         clknet_0_net142 (net)
                      0.066949    0.000674   13.755660 ^ clkbuf_1_0__f_net142/A (sky130_fd_sc_hd__clkbuf_16)
     2    0.008403    0.052377    0.203130   13.958790 ^ clkbuf_1_0__f_net142/X (sky130_fd_sc_hd__clkbuf_16)
                                                         clknet_1_0__leaf_net142 (net)
                      0.052377    0.000302   13.959092 ^ c213/C1 (sky130_fd_sc_hd__a2111o_2)
     3    0.027702    0.230424    0.291255   14.250347 ^ c213/X (sky130_fd_sc_hd__a2111o_2)
                                                         net894 (net)
                      0.230489    0.003740   14.254087 ^ clkbuf_0_net894/A (sky130_fd_sc_hd__clkbuf_16)
     5    0.037616    0.091309    0.318958   14.573046 ^ clkbuf_0_net894/X (sky130_fd_sc_hd__clkbuf_16)
                                                         clknet_0_net894 (net)
                      0.091377    0.002245   14.575291 ^ clkbuf_1_1__f_net894/A (sky130_fd_sc_hd__clkbuf_16)
     9    0.050152    0.107393    0.270027   14.845318 ^ clkbuf_1_1__f_net894/X (sky130_fd_sc_hd__clkbuf_16)
                                                         clknet_1_1__leaf_net894 (net)
                      0.107562    0.003623   14.848940 ^ c357/C1 (sky130_fd_sc_hd__o2111ai_2)
     1    0.016999    0.406740    0.419590   15.268530 v c357/Y (sky130_fd_sc_hd__o2111ai_2)
                                                         net933 (net)
                      0.406740    0.001615   15.270144 v clkbuf_0_net933/A (sky130_fd_sc_hd__clkbuf_16)
     2    0.020409    0.059597    0.420638   15.690783 v clkbuf_0_net933/X (sky130_fd_sc_hd__clkbuf_16)
                                                         clknet_0_net933 (net)
                      0.059597    0.001471   15.692253 v clkbuf_1_0__f_net933/A (sky130_fd_sc_hd__clkbuf_16)
    15    0.049790    0.084338    0.283597   15.975850 v clkbuf_1_0__f_net933/X (sky130_fd_sc_hd__clkbuf_16)
                                                         clknet_1_0__leaf_net933 (net)
                      0.084494    0.002139   15.977989 v c381/A2 (sky130_fd_sc_hd__o2111a_1)
     1    0.012951    0.156859    0.500798   16.478786 v c381/X (sky130_fd_sc_hd__o2111a_1)
                                                         net924 (net)
                      0.156866    0.001245   16.480032 v clkbuf_0_net924/A (sky130_fd_sc_hd__clkbuf_16)
     2    0.015291    0.053320    0.293864   16.773897 v clkbuf_0_net924/X (sky130_fd_sc_hd__clkbuf_16)
                                                         clknet_0_net924 (net)
                      0.053321    0.001046   16.774942 v clkbuf_1_1__f_net924/A (sky130_fd_sc_hd__clkbuf_16)
     1    0.003670    0.041629    0.227136   17.002079 v clkbuf_1_1__f_net924/X (sky130_fd_sc_hd__clkbuf_16)
                                                         clknet_1_1__leaf_net924 (net)
                      0.041629    0.000156   17.002235 v output101/A (sky130_fd_sc_hd__clkbuf_2)
     1    0.033939    0.239115    0.321190   17.323425 v output101/X (sky130_fd_sc_hd__clkbuf_2)
                                                         out47 (net)
                      0.239123    0.001600   17.325026 v out47 (out)
                                             17.325026   data arrival time

                                  8.000000    8.000000   clock clk (rise edge)
                                  0.000000    8.000000   clock network delay (propagated)
                                 -0.250000    7.750000   clock uncertainty
                                  0.000000    7.750000   clock reconvergence pessimism
                                 -1.600000    6.150000   output external delay
                                              6.150000   data required time
---------------------------------------------------------------------------------------------
                                              6.150000   data required time
                                            -17.325026   data arrival time
---------------------------------------------------------------------------------------------
                                            -11.175026   slack (VIOLATED)




===========================================================================
report_checks --slack_max -0.01
============================================================================
======================= max_ss_100C_1v60 Corner ===================================

Startpoint: in2 (input port clocked by clk)
Endpoint: merge874 (recovery check against falling-edge clock clk)
Path Group: asynchronous
Path Type: max

Fanout         Cap        Slew       Delay        Time   Description
---------------------------------------------------------------------------------------------
                                  0.000000    0.000000   clock clk (rise edge)
                                  0.000000    0.000000   clock network delay (propagated)
                                  1.600000    1.600000 ^ input external delay
     2    0.004252    0.042050    0.023501    1.623501 ^ in2 (in)
                                                         in2 (net)
                      0.042064    0.000000    1.623501 ^ input13/A (sky130_fd_sc_hd__buf_4)
    13    0.069084    0.310854    0.365252    1.988752 ^ input13/X (sky130_fd_sc_hd__buf_4)
                                                         net836 (net)
                      0.311236    0.009046    1.997798 ^ c132/B (sky130_fd_sc_hd__nand2b_4)
     5    0.023249    0.138410    0.233074    2.230872 v c132/Y (sky130_fd_sc_hd__nand2b_4)
                                                         net63 (net)
                      0.138420    0.001300    2.232172 v c133/A (sky130_fd_sc_hd__nor3_2)
     4    0.021647    0.640931    0.649962    2.882133 ^ c133/Y (sky130_fd_sc_hd__nor3_2)
                                                         net64 (net)
                      0.640936    0.001579    2.883713 ^ c134/A (sky130_fd_sc_hd__nor2b_4)
     8    0.064921    0.227664    0.395772    3.279485 v c134/Y (sky130_fd_sc_hd__nor2b_4)
                                                         net65 (net)
                      0.227691    0.002918    3.282403 v c136/B (sky130_fd_sc_hd__nand2b_4)
     6    0.035498    0.195223    0.272229    3.554631 ^ c136/Y (sky130_fd_sc_hd__nand2b_4)
                                                         net67 (net)
                      0.195269    0.002404    3.557035 ^ c138/A (sky130_fd_sc_hd__or2b_4)
     7    0.057737    0.282311    0.427101    3.984136 ^ c138/X (sky130_fd_sc_hd__or2b_4)
                                                         net69 (net)
                      0.282326    0.001751    3.985887 ^ c140/A (sky130_fd_sc_hd__and2_4)
     4    0.017281    0.127436    0.410477    4.396365 ^ c140/X (sky130_fd_sc_hd__and2_4)
                                                         net71 (net)
                      0.127436    0.000689    4.397054 ^ c142/A1 (sky130_fd_sc_hd__mux4_2)
     4    0.025302    0.260169    0.674079    5.071133 ^ c142/X (sky130_fd_sc_hd__mux4_2)
                                                         net73 (net)
                      0.260191    0.002600    5.073732 ^ c146/B (sky130_fd_sc_hd__nand3b_4)
     4    0.019750    0.183752    0.273175    5.346908 v c146/Y (sky130_fd_sc_hd__nand3b_4)
                                                         net77 (net)
                      0.183758    0.001209    5.348116 v c147/A (sky130_fd_sc_hd__and2_4)
     4    0.024116    0.090873    0.348648    5.696764 v c147/X (sky130_fd_sc_hd__and2_4)
                                                         net78 (net)
                      0.090892    0.000656    5.697420 v rebuffer2/A (sky130_fd_sc_hd__dlygate4sd1_1)
     9    0.040008    0.368180    0.740888    6.438308 v rebuffer2/X (sky130_fd_sc_hd__dlygate4sd1_1)
                                                         net227 (net)
                      0.368277    0.005711    6.444019 v c206/B1 (sky130_fd_sc_hd__a2111o_2)
     1    0.011362    0.155953    1.024484    7.468503 v c206/X (sky130_fd_sc_hd__a2111o_2)
                                                         net136 (net)
                      0.155957    0.000976    7.469480 v clkbuf_0_net136/A (sky130_fd_sc_hd__clkbuf_16)
     2    0.017775    0.055438    0.296330    7.765810 v clkbuf_0_net136/X (sky130_fd_sc_hd__clkbuf_16)
                                                         clknet_0_net136 (net)
                      0.055438    0.001038    7.766848 v clkbuf_1_0__f_net136/A (sky130_fd_sc_hd__clkbuf_16)
     1    0.004671    0.042733    0.229773    7.996621 v clkbuf_1_0__f_net136/X (sky130_fd_sc_hd__clkbuf_16)
                                                         clknet_1_0__leaf_net136 (net)
                      0.042734    0.000305    7.996925 v c210/A0 (sky130_fd_sc_hd__mux4_2)
     1    0.009822    0.188024    1.072390    9.069315 v c210/X (sky130_fd_sc_hd__mux4_2)
                                                         net140 (net)
                      0.188024    0.000832    9.070148 v clkbuf_0_net140/A (sky130_fd_sc_hd__clkbuf_16)
     2    0.017756    0.055482    0.312089    9.382236 v clkbuf_0_net140/X (sky130_fd_sc_hd__clkbuf_16)
                                                         clknet_0_net140 (net)
                      0.055482    0.001016    9.383253 v clkbuf_1_1__f_net140/A (sky130_fd_sc_hd__clkbuf_16)
     3    0.014328    0.052314    0.243444    9.626697 v clkbuf_1_1__f_net140/X (sky130_fd_sc_hd__clkbuf_16)
                                                         clknet_1_1__leaf_net140 (net)
                      0.052314    0.000459    9.627156 v c212/C (sky130_fd_sc_hd__nand3_1)
     1    0.009138    0.203872    0.179790    9.806947 ^ c212/Y (sky130_fd_sc_hd__nand3_1)
                                                         net142 (net)
                      0.203872    0.000694    9.807640 ^ clkbuf_0_net142/A (sky130_fd_sc_hd__clkbuf_16)
     2    0.019615    0.066949    0.282332   10.089972 ^ clkbuf_0_net142/X (sky130_fd_sc_hd__clkbuf_16)
                                                         clknet_0_net142 (net)
                      0.066949    0.000674   10.090647 ^ clkbuf_1_0__f_net142/A (sky130_fd_sc_hd__clkbuf_16)
     2    0.008403    0.052377    0.203130   10.293777 ^ clkbuf_1_0__f_net142/X (sky130_fd_sc_hd__clkbuf_16)
                                                         clknet_1_0__leaf_net142 (net)
                      0.052377    0.000302   10.294079 ^ c213/C1 (sky130_fd_sc_hd__a2111o_2)
     3    0.027702    0.230424    0.291255   10.585334 ^ c213/X (sky130_fd_sc_hd__a2111o_2)
                                                         net894 (net)
                      0.230489    0.003740   10.589074 ^ clkbuf_0_net894/A (sky130_fd_sc_hd__clkbuf_16)
     5    0.037616    0.091309    0.318958   10.908032 ^ clkbuf_0_net894/X (sky130_fd_sc_hd__clkbuf_16)
                                                         clknet_0_net894 (net)
                      0.091380    0.002295   10.910327 ^ clkbuf_1_0__f_net894/A (sky130_fd_sc_hd__clkbuf_16)
    13    0.067889    0.131749    0.289154   11.199481 ^ clkbuf_1_0__f_net894/X (sky130_fd_sc_hd__clkbuf_16)
                                                         clknet_1_0__leaf_net894 (net)
                      0.131871    0.003562   11.203043 ^ c216/S0 (sky130_fd_sc_hd__mux4_2)
     1    0.009775    0.187676    1.175614   12.378657 v c216/X (sky130_fd_sc_hd__mux4_2)
                                                         net145 (net)
                      0.187676    0.000822   12.379479 v clkbuf_0_net145/A (sky130_fd_sc_hd__clkbuf_16)
     2    0.018865    0.056417    0.313255   12.692735 v clkbuf_0_net145/X (sky130_fd_sc_hd__clkbuf_16)
                                                         clknet_0_net145 (net)
                      0.056417    0.000958   12.693692 v clkbuf_1_1__f_net145/A (sky130_fd_sc_hd__clkbuf_16)
     1    0.003115    0.041015    0.227668   12.921360 v clkbuf_1_1__f_net145/X (sky130_fd_sc_hd__clkbuf_16)
                                                         clknet_1_1__leaf_net145 (net)
                      0.041016    0.000211   12.921572 v c219/A1 (sky130_fd_sc_hd__a2111o_1)
     1    0.010000    0.178195    0.780128   13.701699 v c219/X (sky130_fd_sc_hd__a2111o_1)
                                                         net148 (net)
                      0.178196    0.000808   13.702508 v clkbuf_0_net148/A (sky130_fd_sc_hd__clkbuf_16)
     2    0.018013    0.055660    0.307641   14.010149 v clkbuf_0_net148/X (sky130_fd_sc_hd__clkbuf_16)
                                                         clknet_0_net148 (net)
                      0.055660    0.000920   14.011069 v clkbuf_1_1__f_net148/A (sky130_fd_sc_hd__clkbuf_16)
     1    0.003275    0.041191    0.227582   14.238650 v clkbuf_1_1__f_net148/X (sky130_fd_sc_hd__clkbuf_16)
                                                         clknet_1_1__leaf_net148 (net)
                      0.041191    0.000175   14.238826 v c239/A1 (sky130_fd_sc_hd__mux4_1)
     1    0.006280    0.194882    1.169157   15.407983 v c239/X (sky130_fd_sc_hd__mux4_1)
                                                         net167 (net)
                      0.194882    0.000449   15.408432 v merge834/B (sky130_fd_sc_hd__nand2b_2)
     1    0.004116    0.082099    0.157618   15.566051 ^ merge834/Y (sky130_fd_sc_hd__nand2b_2)
                                                         net697 (net)
                      0.082099    0.000311   15.566361 ^ merge874/RESET_B (sky130_fd_sc_hd__dlrtp_4)
                                             15.566361   data arrival time

                                  4.000000    4.000000   clock clk (fall edge)
                                  0.000000    4.000000   clock source latency
     2    0.044113    0.190997    0.137766    4.137766 v clk (in)
                                                         clk (net)
                      0.191274    0.000000    4.137766 v clkbuf_0_clk/A (sky130_fd_sc_hd__clkbuf_16)
    33    0.214876    0.233126    0.469949    4.607714 v clkbuf_0_clk/X (sky130_fd_sc_hd__clkbuf_16)
                                                         clknet_0_clk (net)
                      0.233895    0.009784    4.617498 v clkbuf_4_8_0_clk/A (sky130_fd_sc_hd__clkbuf_8)
    13    0.041002    0.100002    0.370005    4.987504 v clkbuf_4_8_0_clk/X (sky130_fd_sc_hd__clkbuf_8)
                                                         clknet_4_8_0_clk (net)
                      0.100072    0.002353    4.989856 v merge874/GATE (sky130_fd_sc_hd__dlrtp_4)
                                 -0.250000    4.739856   clock uncertainty
                                  0.000000    4.739856   clock reconvergence pessimism
                                  0.005648    4.745504   library recovery time
                                              4.745504   data required time
---------------------------------------------------------------------------------------------
                                              4.745504   data required time
                                            -15.566361   data arrival time
---------------------------------------------------------------------------------------------
                                            -10.820857   slack (VIOLATED)


Startpoint: merge866 (negative level-sensitive latch clocked by clk)
Endpoint: out47 (output port clocked by clk)
Path Group: clk
Path Type: max

Fanout         Cap        Slew       Delay        Time   Description
---------------------------------------------------------------------------------------------
                                  4.000000    4.000000   clock clk (fall edge)
                                  0.000000    4.000000   clock source latency
     2    0.044113    0.190997    0.137766    4.137766 v clk (in)
                                                         clk (net)
                      0.191274    0.000000    4.137766 v clkbuf_0_clk/A (sky130_fd_sc_hd__clkbuf_16)
    33    0.214876    0.233126    0.469949    4.607714 v clkbuf_0_clk/X (sky130_fd_sc_hd__clkbuf_16)
                                                         clknet_0_clk (net)
                      0.233895    0.009784    4.617498 v clkbuf_4_8_0_clk/A (sky130_fd_sc_hd__clkbuf_8)
    13    0.041002    0.100002    0.370005    4.987504 v clkbuf_4_8_0_clk/X (sky130_fd_sc_hd__clkbuf_8)
                                                         clknet_4_8_0_clk (net)
                      0.100044    0.001897    4.989400 v merge866/GATE_N (sky130_fd_sc_hd__dlrtn_4)
                                  3.642182    8.631583   time given to startpoint
                      0.215885    0.000000    8.631583 v merge866/D (sky130_fd_sc_hd__dlrtn_4)
     5    0.045560    0.137970    0.725620    9.357203 v merge866/Q (sky130_fd_sc_hd__dlrtn_4)
                                                         net734 (net)
                      0.138065    0.003295    9.360498 v c203/A (sky130_fd_sc_hd__clkinv_8)
     6    0.040578    0.085359    0.135507    9.496005 ^ c203/Y (sky130_fd_sc_hd__clkinv_8)
                                                         net133 (net)
                      0.085530    0.002545    9.498549 ^ c205/C (sky130_fd_sc_hd__nand3_4)
     1    0.009430    0.124640    0.167554    9.666103 v c205/Y (sky130_fd_sc_hd__nand3_4)
                                                         net135 (net)
                      0.124642    0.000759    9.666863 v clkbuf_0_net135/A (sky130_fd_sc_hd__clkbuf_16)
     2    0.017448    0.055075    0.280626    9.947490 v clkbuf_0_net135/X (sky130_fd_sc_hd__clkbuf_16)
                                                         clknet_0_net135 (net)
                      0.055075    0.000701    9.948190 v clkbuf_1_0__f_net135/A (sky130_fd_sc_hd__clkbuf_16)
     3    0.013035    0.051191    0.241730   10.189920 v clkbuf_1_0__f_net135/X (sky130_fd_sc_hd__clkbuf_16)
                                                         clknet_1_0__leaf_net135 (net)
                      0.051193    0.000808   10.190728 v c206/A2 (sky130_fd_sc_hd__a2111o_2)
     1    0.011362    0.155953    0.942788   11.133516 v c206/X (sky130_fd_sc_hd__a2111o_2)
                                                         net136 (net)
                      0.155957    0.000976   11.134493 v clkbuf_0_net136/A (sky130_fd_sc_hd__clkbuf_16)
     2    0.017775    0.055438    0.296330   11.430822 v clkbuf_0_net136/X (sky130_fd_sc_hd__clkbuf_16)
                                                         clknet_0_net136 (net)
                      0.055438    0.001038   11.431861 v clkbuf_1_0__f_net136/A (sky130_fd_sc_hd__clkbuf_16)
     1    0.004671    0.042733    0.229773   11.661633 v clkbuf_1_0__f_net136/X (sky130_fd_sc_hd__clkbuf_16)
                                                         clknet_1_0__leaf_net136 (net)
                      0.042734    0.000305   11.661939 v c210/A0 (sky130_fd_sc_hd__mux4_2)
     1    0.009822    0.188024    1.072390   12.734328 v c210/X (sky130_fd_sc_hd__mux4_2)
                                                         net140 (net)
                      0.188024    0.000832   12.735161 v clkbuf_0_net140/A (sky130_fd_sc_hd__clkbuf_16)
     2    0.017756    0.055482    0.312089   13.047250 v clkbuf_0_net140/X (sky130_fd_sc_hd__clkbuf_16)
                                                         clknet_0_net140 (net)
                      0.055482    0.001016   13.048266 v clkbuf_1_1__f_net140/A (sky130_fd_sc_hd__clkbuf_16)
     3    0.014328    0.052314    0.243444   13.291710 v clkbuf_1_1__f_net140/X (sky130_fd_sc_hd__clkbuf_16)
                                                         clknet_1_1__leaf_net140 (net)
                      0.052314    0.000459   13.292170 v c212/C (sky130_fd_sc_hd__nand3_1)
     1    0.009138    0.203872    0.179790   13.471960 ^ c212/Y (sky130_fd_sc_hd__nand3_1)
                                                         net142 (net)
                      0.203872    0.000694   13.472653 ^ clkbuf_0_net142/A (sky130_fd_sc_hd__clkbuf_16)
     2    0.019615    0.066949    0.282332   13.754986 ^ clkbuf_0_net142/X (sky130_fd_sc_hd__clkbuf_16)
                                                         clknet_0_net142 (net)
                      0.066949    0.000674   13.755660 ^ clkbuf_1_0__f_net142/A (sky130_fd_sc_hd__clkbuf_16)
     2    0.008403    0.052377    0.203130   13.958790 ^ clkbuf_1_0__f_net142/X (sky130_fd_sc_hd__clkbuf_16)
                                                         clknet_1_0__leaf_net142 (net)
                      0.052377    0.000302   13.959092 ^ c213/C1 (sky130_fd_sc_hd__a2111o_2)
     3    0.027702    0.230424    0.291255   14.250347 ^ c213/X (sky130_fd_sc_hd__a2111o_2)
                                                         net894 (net)
                      0.230489    0.003740   14.254087 ^ clkbuf_0_net894/A (sky130_fd_sc_hd__clkbuf_16)
     5    0.037616    0.091309    0.318958   14.573046 ^ clkbuf_0_net894/X (sky130_fd_sc_hd__clkbuf_16)
                                                         clknet_0_net894 (net)
                      0.091377    0.002245   14.575291 ^ clkbuf_1_1__f_net894/A (sky130_fd_sc_hd__clkbuf_16)
     9    0.050152    0.107393    0.270027   14.845318 ^ clkbuf_1_1__f_net894/X (sky130_fd_sc_hd__clkbuf_16)
                                                         clknet_1_1__leaf_net894 (net)
                      0.107562    0.003623   14.848940 ^ c357/C1 (sky130_fd_sc_hd__o2111ai_2)
     1    0.016999    0.406740    0.419590   15.268530 v c357/Y (sky130_fd_sc_hd__o2111ai_2)
                                                         net933 (net)
                      0.406740    0.001615   15.270144 v clkbuf_0_net933/A (sky130_fd_sc_hd__clkbuf_16)
     2    0.020409    0.059597    0.420638   15.690783 v clkbuf_0_net933/X (sky130_fd_sc_hd__clkbuf_16)
                                                         clknet_0_net933 (net)
                      0.059597    0.001471   15.692253 v clkbuf_1_0__f_net933/A (sky130_fd_sc_hd__clkbuf_16)
    15    0.049790    0.084338    0.283597   15.975850 v clkbuf_1_0__f_net933/X (sky130_fd_sc_hd__clkbuf_16)
                                                         clknet_1_0__leaf_net933 (net)
                      0.084494    0.002139   15.977989 v c381/A2 (sky130_fd_sc_hd__o2111a_1)
     1    0.012951    0.156859    0.500798   16.478786 v c381/X (sky130_fd_sc_hd__o2111a_1)
                                                         net924 (net)
                      0.156866    0.001245   16.480032 v clkbuf_0_net924/A (sky130_fd_sc_hd__clkbuf_16)
     2    0.015291    0.053320    0.293864   16.773897 v clkbuf_0_net924/X (sky130_fd_sc_hd__clkbuf_16)
                                                         clknet_0_net924 (net)
                      0.053321    0.001046   16.774942 v clkbuf_1_1__f_net924/A (sky130_fd_sc_hd__clkbuf_16)
     1    0.003670    0.041629    0.227136   17.002079 v clkbuf_1_1__f_net924/X (sky130_fd_sc_hd__clkbuf_16)
                                                         clknet_1_1__leaf_net924 (net)
                      0.041629    0.000156   17.002235 v output101/A (sky130_fd_sc_hd__clkbuf_2)
     1    0.033939    0.239115    0.321190   17.323425 v output101/X (sky130_fd_sc_hd__clkbuf_2)
                                                         out47 (net)
                      0.239123    0.001600   17.325026 v out47 (out)
                                             17.325026   data arrival time

                                  8.000000    8.000000   clock clk (rise edge)
                                  0.000000    8.000000   clock network delay (propagated)
                                 -0.250000    7.750000   clock uncertainty
                                  0.000000    7.750000   clock reconvergence pessimism
                                 -1.600000    6.150000   output external delay
                                              6.150000   data required time
---------------------------------------------------------------------------------------------
                                              6.150000   data required time
                                            -17.325026   data arrival time
---------------------------------------------------------------------------------------------
                                            -11.175026   slack (VIOLATED)




===========================================================================
 report_check_types -max_slew -max_cap -max_fanout -violators
============================================================================
======================= max_ss_100C_1v60 Corner ===================================

max slew

Pin                                        Limit        Slew       Slack
------------------------------------------------------------------------
ANTENNA_c748_A0/DIODE                   0.750000    1.270937   -0.520937 (VIOLATED)
ANTENNA_c362_A2/DIODE                   0.750000    1.270915   -0.520915 (VIOLATED)
ANTENNA_c223_B_N/DIODE                  0.750000    1.270911   -0.520911 (VIOLATED)
ANTENNA_c211_B1/DIODE                   0.750000    1.270865   -0.520865 (VIOLATED)
ANTENNA_c140_A/DIODE                    0.750000    1.270856   -0.520856 (VIOLATED)
ANTENNA_c138_X/DIODE                    0.750000    1.270855   -0.520855 (VIOLATED)
ANTENNA_c153_C_N/DIODE                  0.750000    1.270851   -0.520851 (VIOLATED)
ANTENNA_c287_B/DIODE                    0.750000    1.270849   -0.520849 (VIOLATED)
ANTENNA_c424_C/DIODE                    0.750000    1.270845   -0.520845 (VIOLATED)
clone3/X                                0.750000    1.270816   -0.520816 (VIOLATED)
ANTENNA_c479_SCE/DIODE                  0.750000    1.180578   -0.430578 (VIOLATED)
ANTENNA_c610_B/DIODE                    0.750000    1.180569   -0.430569 (VIOLATED)
ANTENNA_c729_D/DIODE                    0.750000    1.180559   -0.430559 (VIOLATED)
ANTENNA_c738_SCE/DIODE                  0.750000    1.180559   -0.430559 (VIOLATED)
ANTENNA_fanout144_A/DIODE               0.750000    1.180553   -0.430553 (VIOLATED)
ANTENNA_c697_C_N/DIODE                  0.750000    1.180551   -0.430551 (VIOLATED)
ANTENNA_c695_S1/DIODE                   0.750000    1.180550   -0.430550 (VIOLATED)
ANTENNA_c578_B/DIODE                    0.750000    1.180547   -0.430547 (VIOLATED)
ANTENNA_c701_A3/DIODE                   0.750000    1.180547   -0.430547 (VIOLATED)
ANTENNA_c692_C_N/DIODE                  0.750000    1.180544   -0.430544 (VIOLATED)
clone12/X                               0.750000    1.180527   -0.430527 (VIOLATED)
c251/Y                                  0.750000    1.144760   -0.394760 (VIOLATED)
clkbuf_0_net179/A                       0.750000    1.144760   -0.394760 (VIOLATED)
output63/A                              0.750000    1.116313   -0.366313 (VIOLATED)
ANTENNA_output63_A/DIODE                0.750000    1.116310   -0.366310 (VIOLATED)
c749/A2                                 0.750000    1.116262   -0.366262 (VIOLATED)
ANTENNA_c749_A2/DIODE                   0.750000    1.116226   -0.366226 (VIOLATED)
c750/A2                                 0.750000    1.116197   -0.366197 (VIOLATED)
ANTENNA_c750_A2/DIODE                   0.750000    1.116193   -0.366193 (VIOLATED)
c604/A3                                 0.750000    1.116085   -0.366085 (VIOLATED)
ANTENNA_c604_A3/DIODE                   0.750000    1.116074   -0.366075 (VIOLATED)
c499/A3                                 0.750000    1.116006   -0.366006 (VIOLATED)
ANTENNA_c499_A3/DIODE                   0.750000    1.116005   -0.366005 (VIOLATED)
ANTENNA_c461_A2/DIODE                   0.750000    1.115936   -0.365936 (VIOLATED)
ANTENNA_c459_Q/DIODE                    0.750000    1.115930   -0.365930 (VIOLATED)
c459/Q                                  0.750000    1.115930   -0.365930 (VIOLATED)
c461/A2                                 0.750000    1.115930   -0.365930 (VIOLATED)
c569/C1                                 0.750000    1.070851   -0.320851 (VIOLATED)
ANTENNA_c569_C1/DIODE                   0.750000    1.070849   -0.320849 (VIOLATED)
c589/A1                                 0.750000    1.070836   -0.320836 (VIOLATED)
ANTENNA_c589_A1/DIODE                   0.750000    1.070822   -0.320822 (VIOLATED)
c460/A1                                 0.750000    1.070767   -0.320767 (VIOLATED)
ANTENNA_c460_A1/DIODE                   0.750000    1.070765   -0.320765 (VIOLATED)
c531/B                                  0.750000    1.070711   -0.320711 (VIOLATED)
ANTENNA_c531_B/DIODE                    0.750000    1.070710   -0.320710 (VIOLATED)
c410/A1                                 0.750000    1.070696   -0.320696 (VIOLATED)
ANTENNA_c410_A1/DIODE                   0.750000    1.070695   -0.320695 (VIOLATED)
ANTENNA_c409_Y/DIODE                    0.750000    1.070694   -0.320694 (VIOLATED)
c409/Y                                  0.750000    1.070691   -0.320691 (VIOLATED)
c632/A3                                 0.750000    1.054054   -0.304054 (VIOLATED)
ANTENNA_c632_A3/DIODE                   0.750000    1.054053   -0.304053 (VIOLATED)
c623/A0                                 0.750000    1.054052   -0.304052 (VIOLATED)
ANTENNA_c623_A0/DIODE                   0.750000    1.054041   -0.304041 (VIOLATED)
c616/A1                                 0.750000    1.054035   -0.304035 (VIOLATED)
ANTENNA_c616_A1/DIODE                   0.750000    1.054032   -0.304032 (VIOLATED)
merge808/A2                             0.750000    1.053990   -0.303990 (VIOLATED)
ANTENNA_merge808_A2/DIODE               0.750000    1.053975   -0.303975 (VIOLATED)
c366/C_N                                0.750000    1.053917   -0.303917 (VIOLATED)
ANTENNA_c366_C_N/DIODE                  0.750000    1.053892   -0.303892 (VIOLATED)
ANTENNA_c98_A_N/DIODE                   0.750000    1.053851   -0.303851 (VIOLATED)
c98/A_N                                 0.750000    1.053851   -0.303851 (VIOLATED)
ANTENNA_c92_Y/DIODE                     0.750000    1.053846   -0.303846 (VIOLATED)
ANTENNA_max_cap134_A/DIODE              0.750000    1.053846   -0.303846 (VIOLATED)
max_cap134/A                            0.750000    1.053846   -0.303846 (VIOLATED)
c92/Y                                   0.750000    1.053843   -0.303843 (VIOLATED)
c503/A2                                 0.750000    1.033461   -0.283461 (VIOLATED)
ANTENNA_c503_A2/DIODE                   0.750000    1.033459   -0.283459 (VIOLATED)
c505/A_N                                0.750000    1.033458   -0.283458 (VIOLATED)
ANTENNA_c505_A_N/DIODE                  0.750000    1.033457   -0.283457 (VIOLATED)
c474/B1                                 0.750000    1.033433   -0.283433 (VIOLATED)
ANTENNA_c474_B1/DIODE                   0.750000    1.033431   -0.283431 (VIOLATED)
ANTENNA_c338_B/DIODE                    0.750000    1.033424   -0.283424 (VIOLATED)
c338/B                                  0.750000    1.033424   -0.283424 (VIOLATED)
ANTENNA_c468_C/DIODE                    0.750000    1.033419   -0.283419 (VIOLATED)
c468/C                                  0.750000    1.033407   -0.283407 (VIOLATED)
c477/B1                                 0.750000    1.033384   -0.283384 (VIOLATED)
ANTENNA_c477_B1/DIODE                   0.750000    1.033383   -0.283383 (VIOLATED)
merge807/S1                             0.750000    1.033381   -0.283381 (VIOLATED)
ANTENNA_merge807_S1/DIODE               0.750000    1.033376   -0.283376 (VIOLATED)
c342/D_N                                0.750000    1.033351   -0.283351 (VIOLATED)
ANTENNA_c342_D_N/DIODE                  0.750000    1.033351   -0.283351 (VIOLATED)
ANTENNA_c335_Y/DIODE                    0.750000    1.033342   -0.283342 (VIOLATED)
c335/Y                                  0.750000    1.033339   -0.283339 (VIOLATED)
c207/A1                                 0.750000    1.031403   -0.281403 (VIOLATED)
ANTENNA_c207_A1/DIODE                   0.750000    1.031401   -0.281401 (VIOLATED)
c211/A2                                 0.750000    1.031389   -0.281389 (VIOLATED)
ANTENNA_c211_A2/DIODE                   0.750000    1.031383   -0.281383 (VIOLATED)
c344/SCE                                0.750000    1.031364   -0.281364 (VIOLATED)
ANTENNA_c344_SCE/DIODE                  0.750000    1.031361   -0.281361 (VIOLATED)
c294/A                                  0.750000    1.031300   -0.281300 (VIOLATED)
ANTENNA_c294_A/DIODE                    0.750000    1.031295   -0.281295 (VIOLATED)
c293/B                                  0.750000    1.031264   -0.281264 (VIOLATED)
ANTENNA_c293_B/DIODE                    0.750000    1.031263   -0.281263 (VIOLATED)
c162/B                                  0.750000    1.031253   -0.281253 (VIOLATED)
ANTENNA_c162_B/DIODE                    0.750000    1.031253   -0.281253 (VIOLATED)
ANTENNA_c153_Y/DIODE                    0.750000    1.031253   -0.281253 (VIOLATED)
c153/Y                                  0.750000    1.031250   -0.281250 (VIOLATED)
c503/S1                                 0.750000    1.005114   -0.255114 (VIOLATED)
ANTENNA_c503_S1/DIODE                   0.750000    1.005109   -0.255109 (VIOLATED)
c494/A3                                 0.750000    1.005108   -0.255108 (VIOLATED)
ANTENNA_c494_A3/DIODE                   0.750000    1.005108   -0.255108 (VIOLATED)
merge810/S1                             0.750000    1.005102   -0.255102 (VIOLATED)
ANTENNA_merge810_S1/DIODE               0.750000    1.005091   -0.255091 (VIOLATED)
c470/A3                                 0.750000    1.005048   -0.255048 (VIOLATED)
ANTENNA_c470_A3/DIODE                   0.750000    1.005040   -0.255040 (VIOLATED)
ANTENNA_c706_A3/DIODE                   0.750000    1.005029   -0.255029 (VIOLATED)
c706/A3                                 0.750000    1.005029   -0.255029 (VIOLATED)
ANTENNA_c459_Q_N/DIODE                  0.750000    1.005024   -0.255024 (VIOLATED)
ANTENNA_c574_B1/DIODE                   0.750000    1.005024   -0.255024 (VIOLATED)
c459/Q_N                                0.750000    1.005024   -0.255024 (VIOLATED)
c574/B1                                 0.750000    1.005024   -0.255024 (VIOLATED)
c438/B1                                 0.750000    1.004870   -0.254870 (VIOLATED)
ANTENNA_c438_B1/DIODE                   0.750000    1.004869   -0.254869 (VIOLATED)
c439/A2                                 0.750000    1.004867   -0.254867 (VIOLATED)
ANTENNA_c439_A2/DIODE                   0.750000    1.004865   -0.254865 (VIOLATED)
ANTENNA_c424_A/DIODE                    0.750000    1.004862   -0.254862 (VIOLATED)
c424/A                                  0.750000    1.004861   -0.254861 (VIOLATED)
c443/D1                                 0.750000    1.004861   -0.254861 (VIOLATED)
ANTENNA_c443_D1/DIODE                   0.750000    1.004860   -0.254860 (VIOLATED)
c197/A2                                 0.750000    1.004856   -0.254856 (VIOLATED)
ANTENNA_c197_A2/DIODE                   0.750000    1.004855   -0.254855 (VIOLATED)
c191/A1                                 0.750000    1.004853   -0.254853 (VIOLATED)
ANTENNA_c191_A1/DIODE                   0.750000    1.004852   -0.254852 (VIOLATED)
c169/C_N                                0.750000    1.004839   -0.254839 (VIOLATED)
ANTENNA_c167_Y/DIODE                    0.750000    1.004839   -0.254839 (VIOLATED)
ANTENNA_c169_C_N/DIODE                  0.750000    1.004839   -0.254839 (VIOLATED)
c167/Y                                  0.750000    1.004836   -0.254836 (VIOLATED)
fanout124/A                             0.750000    0.995127   -0.245127 (VIOLATED)
ANTENNA_fanout124_A/DIODE               0.750000    0.995126   -0.245126 (VIOLATED)
ANTENNA_fanout123_A/DIODE               0.750000    0.995120   -0.245120 (VIOLATED)
fanout123/A                             0.750000    0.995120   -0.245120 (VIOLATED)
ANTENNA_c291_Y/DIODE                    0.750000    0.995110   -0.245110 (VIOLATED)
c291/Y                                  0.750000    0.995106   -0.245106 (VIOLATED)
c576/S1                                 0.750000    0.980435   -0.230435 (VIOLATED)
ANTENNA_c576_S1/DIODE                   0.750000    0.980433   -0.230433 (VIOLATED)
c633/A3                                 0.750000    0.980393   -0.230393 (VIOLATED)
ANTENNA_c633_A3/DIODE                   0.750000    0.980382   -0.230382 (VIOLATED)
c620/S0                                 0.750000    0.980379   -0.230380 (VIOLATED)
ANTENNA_c620_S0/DIODE                   0.750000    0.980374   -0.230374 (VIOLATED)
c765/A2                                 0.750000    0.980350   -0.230350 (VIOLATED)
ANTENNA_c765_A2/DIODE                   0.750000    0.980339   -0.230339 (VIOLATED)
output64/A                              0.750000    0.980316   -0.230316 (VIOLATED)
ANTENNA_output64_A/DIODE                0.750000    0.980316   -0.230316 (VIOLATED)
c767/A1                                 0.750000    0.980315   -0.230315 (VIOLATED)
ANTENNA_c767_A1/DIODE                   0.750000    0.980315   -0.230315 (VIOLATED)
ANTENNA_merge906_Q/DIODE                0.750000    0.980314   -0.230314 (VIOLATED)
merge906/Q                              0.750000    0.980314   -0.230314 (VIOLATED)
clkbuf_0_net440/A                       0.750000    0.963347   -0.213347 (VIOLATED)
c541/Y                                  0.750000    0.963343   -0.213343 (VIOLATED)
ANTENNA_c161_B/DIODE                    0.750000    0.932072   -0.182072 (VIOLATED)
c161/B                                  0.750000    0.932072   -0.182072 (VIOLATED)
c174/A0                                 0.750000    0.932070   -0.182070 (VIOLATED)
ANTENNA_c174_A0/DIODE                   0.750000    0.932070   -0.182070 (VIOLATED)
ANTENNA_c155_B/DIODE                    0.750000    0.932065   -0.182065 (VIOLATED)
c155/B                                  0.750000    0.932065   -0.182065 (VIOLATED)
c143/A                                  0.750000    0.932056   -0.182056 (VIOLATED)
c148/C_N                                0.750000    0.932056   -0.182056 (VIOLATED)
ANTENNA_c143_A/DIODE                    0.750000    0.932055   -0.182055 (VIOLATED)
c140/B                                  0.750000    0.932055   -0.182055 (VIOLATED)
c144/B                                  0.750000    0.932055   -0.182055 (VIOLATED)
ANTENNA_c140_B/DIODE                    0.750000    0.932055   -0.182055 (VIOLATED)
ANTENNA_c144_B/DIODE                    0.750000    0.932055   -0.182055 (VIOLATED)
ANTENNA_c148_C_N/DIODE                  0.750000    0.932055   -0.182055 (VIOLATED)
c149/A3                                 0.750000    0.932054   -0.182054 (VIOLATED)
ANTENNA_c149_A3/DIODE                   0.750000    0.932054   -0.182054 (VIOLATED)
ANTENNA_c137_Y/DIODE                    0.750000    0.932054   -0.182054 (VIOLATED)
c137/Y                                  0.750000    0.931773   -0.181773 (VIOLATED)
ANTENNA_c406_A/DIODE                    0.750000    0.925797   -0.175797 (VIOLATED)
ANTENNA_c168_B/DIODE                    0.750000    0.925795   -0.175795 (VIOLATED)
ANTENNA_c136_B/DIODE                    0.750000    0.925794   -0.175794 (VIOLATED)
ANTENNA_c299_A/DIODE                    0.750000    0.925795   -0.175795 (VIOLATED)
ANTENNA_c134_Y/DIODE                    0.750000    0.925794   -0.175794 (VIOLATED)
ANTENNA_c142_S0/DIODE                   0.750000    0.925793   -0.175793 (VIOLATED)
clone1/Y                                0.750000    0.925788   -0.175788 (VIOLATED)
ANTENNA_merge915_RESET_B/DIODE          0.750000    0.907883   -0.157883 (VIOLATED)
merge915/RESET_B                        0.750000    0.907883   -0.157883 (VIOLATED)
ANTENNA_c740_Y/DIODE                    0.750000    0.907876   -0.157876 (VIOLATED)
c740/Y                                  0.750000    0.907876   -0.157876 (VIOLATED)
c756/S0                                 0.750000    0.894461   -0.144461 (VIOLATED)
c767/A3                                 0.750000    0.894459   -0.144459 (VIOLATED)
ANTENNA_c767_A3/DIODE                   0.750000    0.894459   -0.144459 (VIOLATED)
ANTENNA_c756_S0/DIODE                   0.750000    0.894454   -0.144454 (VIOLATED)
c741/A3                                 0.750000    0.894438   -0.144438 (VIOLATED)
ANTENNA_c741_A3/DIODE                   0.750000    0.894437   -0.144437 (VIOLATED)
c570/S0                                 0.750000    0.894410   -0.144410 (VIOLATED)
ANTENNA_c570_S0/DIODE                   0.750000    0.894409   -0.144409 (VIOLATED)
c565/C                                  0.750000    0.894406   -0.144406 (VIOLATED)
c567/SET_B                              0.750000    0.894406   -0.144406 (VIOLATED)
ANTENNA_c565_C/DIODE                    0.750000    0.894400   -0.144400 (VIOLATED)
ANTENNA_c567_SET_B/DIODE                0.750000    0.894399   -0.144399 (VIOLATED)
ANTENNA_merge912_Q/DIODE                0.750000    0.894388   -0.144388 (VIOLATED)
merge912/Q                              0.750000    0.894388   -0.144388 (VIOLATED)
c251/A1                                 0.750000    0.891376   -0.141376 (VIOLATED)
ANTENNA_c251_A1/DIODE                   0.750000    0.891375   -0.141375 (VIOLATED)
c232/S0                                 0.750000    0.891371   -0.141371 (VIOLATED)
ANTENNA_c232_S0/DIODE                   0.750000    0.891367   -0.141367 (VIOLATED)
c180/A                                  0.750000    0.891351   -0.141351 (VIOLATED)
c184/C                                  0.750000    0.891350   -0.141350 (VIOLATED)
ANTENNA_c180_A/DIODE                    0.750000    0.891350   -0.141350 (VIOLATED)
ANTENNA_c184_C/DIODE                    0.750000    0.891350   -0.141350 (VIOLATED)
c191/C1                                 0.750000    0.891347   -0.141347 (VIOLATED)
ANTENNA_c191_C1/DIODE                   0.750000    0.891346   -0.141346 (VIOLATED)
ANTENNA_c176_Y/DIODE                    0.750000    0.891333   -0.141334 (VIOLATED)
c176/Y                                  0.750000    0.891327   -0.141327 (VIOLATED)
c744/A2                                 0.750000    0.852991   -0.102991 (VIOLATED)
ANTENNA_c744_A2/DIODE                   0.750000    0.852988   -0.102988 (VIOLATED)
c747/A1                                 0.750000    0.852985   -0.102985 (VIOLATED)
ANTENNA_c747_A1/DIODE                   0.750000    0.852983   -0.102983 (VIOLATED)
fanout122/A                             0.750000    0.852842   -0.102842 (VIOLATED)
ANTENNA_fanout122_A/DIODE               0.750000    0.852841   -0.102841 (VIOLATED)
ANTENNA_c309_Y/DIODE                    0.750000    0.852837   -0.102837 (VIOLATED)
c309/Y                                  0.750000    0.852835   -0.102835 (VIOLATED)
output77/A                              0.750000    0.850425   -0.100425 (VIOLATED)
ANTENNA_output77_A/DIODE                0.750000    0.850424   -0.100424 (VIOLATED)
c564/B                                  0.750000    0.850366   -0.100366 (VIOLATED)
ANTENNA_c564_B/DIODE                    0.750000    0.850365   -0.100365 (VIOLATED)
c277/B                                  0.750000    0.850280   -0.100280 (VIOLATED)
ANTENNA_c277_B/DIODE                    0.750000    0.850278   -0.100278 (VIOLATED)
c373/A3                                 0.750000    0.850258   -0.100258 (VIOLATED)
ANTENNA_c373_A3/DIODE                   0.750000    0.850253   -0.100253 (VIOLATED)
c346/A2                                 0.750000    0.850250   -0.100250 (VIOLATED)
ANTENNA_c346_A2/DIODE                   0.750000    0.850246   -0.100246 (VIOLATED)
c397/B                                  0.750000    0.850201   -0.100201 (VIOLATED)
ANTENNA_c397_B/DIODE                    0.750000    0.850196   -0.100196 (VIOLATED)
c178/D_N                                0.750000    0.850078   -0.100078 (VIOLATED)
ANTENNA_c178_D_N/DIODE                  0.750000    0.850077   -0.100077 (VIOLATED)
ANTENNA_merge814_A1/DIODE               0.750000    0.850065   -0.100065 (VIOLATED)
c294/B                                  0.750000    0.850048   -0.100048 (VIOLATED)
merge814/A1                             0.750000    0.850038   -0.100038 (VIOLATED)
ANTENNA_c294_B/DIODE                    0.750000    0.850008   -0.100008 (VIOLATED)
ANTENNA_c152_X/DIODE                    0.750000    0.849885   -0.099885 (VIOLATED)
c152/X                                  0.750000    0.849513   -0.099513 (VIOLATED)
c342/A                                  0.750000    0.841673   -0.091673 (VIOLATED)
c320/C1                                 0.750000    0.841671   -0.091672 (VIOLATED)
c332/B                                  0.750000    0.841671   -0.091671 (VIOLATED)
c178/C_N                                0.750000    0.841650   -0.091650 (VIOLATED)
c154/Y                                  0.750000    0.841649   -0.091649 (VIOLATED)
ANTENNA_c550_A/DIODE                    0.750000    0.841055   -0.091055 (VIOLATED)
c550/A                                  0.750000    0.841055   -0.091055 (VIOLATED)
ANTENNA_c435_A3/DIODE                   0.750000    0.841053   -0.091053 (VIOLATED)
c435/A3                                 0.750000    0.841052   -0.091052 (VIOLATED)
c429/SET_B                              0.750000    0.841052   -0.091052 (VIOLATED)
ANTENNA_c429_SET_B/DIODE                0.750000    0.841048   -0.091048 (VIOLATED)
ANTENNA_c160_Y/DIODE                    0.750000    0.841032   -0.091032 (VIOLATED)
c160/Y                                  0.750000    0.841030   -0.091030 (VIOLATED)
merge888/D                              0.750000    0.834614   -0.084614 (VIOLATED)
ANTENNA_merge888_D/DIODE                0.750000    0.834613   -0.084613 (VIOLATED)
ANTENNA_c596_Y/DIODE                    0.750000    0.834596   -0.084596 (VIOLATED)
c596/Y                                  0.750000    0.834596   -0.084596 (VIOLATED)
output90/A                              0.750000    0.834165   -0.084165 (VIOLATED)
ANTENNA_output90_A/DIODE                0.750000    0.834165   -0.084165 (VIOLATED)
c620/A3                                 0.750000    0.834126   -0.084126 (VIOLATED)
ANTENNA_c620_A3/DIODE                   0.750000    0.834116   -0.084116 (VIOLATED)
c615/S0                                 0.750000    0.834098   -0.084098 (VIOLATED)
ANTENNA_c615_S0/DIODE                   0.750000    0.834092   -0.084092 (VIOLATED)
c588/S0                                 0.750000    0.834091   -0.084091 (VIOLATED)
ANTENNA_c588_S0/DIODE                   0.750000    0.834078   -0.084078 (VIOLATED)
ANTENNA_merge878_Q/DIODE                0.750000    0.834072   -0.084072 (VIOLATED)
merge878/Q                              0.750000    0.834072   -0.084072 (VIOLATED)
c616/S1                                 0.750000    0.833533   -0.083533 (VIOLATED)
ANTENNA_c616_S1/DIODE                   0.750000    0.833522   -0.083522 (VIOLATED)
c626/S0                                 0.750000    0.833489   -0.083489 (VIOLATED)
ANTENNA_c626_S0/DIODE                   0.750000    0.833463   -0.083463 (VIOLATED)
ANTENNA_c394_S0/DIODE                   0.750000    0.833445   -0.083445 (VIOLATED)
c394/S0                                 0.750000    0.833444   -0.083445 (VIOLATED)
c395/A2                                 0.750000    0.833444   -0.083444 (VIOLATED)
ANTENNA_c395_A2/DIODE                   0.750000    0.833441   -0.083441 (VIOLATED)
ANTENNA_merge885_Q/DIODE                0.750000    0.833439   -0.083439 (VIOLATED)
merge885/Q                              0.750000    0.833439   -0.083439 (VIOLATED)
output106/A                             0.750000    0.784853   -0.034853 (VIOLATED)
c491/Y                                  0.750000    0.784849   -0.034849 (VIOLATED)
c741/A0                                 0.750000    0.779831   -0.029831 (VIOLATED)
ANTENNA_c741_A0/DIODE                   0.750000    0.779823   -0.029823 (VIOLATED)
c745/A0                                 0.750000    0.779818   -0.029818 (VIOLATED)
ANTENNA_c745_A0/DIODE                   0.750000    0.779816   -0.029816 (VIOLATED)
c727/A2                                 0.750000    0.779804   -0.029804 (VIOLATED)
ANTENNA_c727_A2/DIODE                   0.750000    0.779802   -0.029802 (VIOLATED)
c595/C1                                 0.750000    0.779730   -0.029730 (VIOLATED)
ANTENNA_c595_C1/DIODE                   0.750000    0.779725   -0.029725 (VIOLATED)
c476/B                                  0.750000    0.779673   -0.029673 (VIOLATED)
ANTENNA_c476_B/DIODE                    0.750000    0.779667   -0.029667 (VIOLATED)
ANTENNA_c472_SCD/DIODE                  0.750000    0.779486   -0.029486 (VIOLATED)
c472/SCD                                0.750000    0.779479   -0.029479 (VIOLATED)
ANTENNA_c467_B/DIODE                    0.750000    0.779340   -0.029340 (VIOLATED)
c467/B                                  0.750000    0.779332   -0.029332 (VIOLATED)
c347/S1                                 0.750000    0.779281   -0.029281 (VIOLATED)
ANTENNA_c347_S1/DIODE                   0.750000    0.779229   -0.029229 (VIOLATED)
c341/B                                  0.750000    0.779151   -0.029151 (VIOLATED)
ANTENNA_c341_B/DIODE                    0.750000    0.779099   -0.029099 (VIOLATED)
c336/C                                  0.750000    0.779061   -0.029061 (VIOLATED)
ANTENNA_c336_C/DIODE                    0.750000    0.779059   -0.029059 (VIOLATED)
ANTENNA_c333_Y/DIODE                    0.750000    0.779048   -0.029048 (VIOLATED)
c333/Y                                  0.750000    0.779042   -0.029042 (VIOLATED)
c484/B                                  0.750000    0.753767   -0.003767 (VIOLATED)
ANTENNA_c484_B/DIODE                    0.750000    0.753764   -0.003764 (VIOLATED)
ANTENNA_c634_A2/DIODE                   0.750000    0.753753   -0.003753 (VIOLATED)
c634/A2                                 0.750000    0.753749   -0.003749 (VIOLATED)
c616/A0                                 0.750000    0.753717   -0.003717 (VIOLATED)
ANTENNA_c616_A0/DIODE                   0.750000    0.753699   -0.003699 (VIOLATED)
c596/A2                                 0.750000    0.753651   -0.003651 (VIOLATED)
ANTENNA_c596_A2/DIODE                   0.750000    0.753648   -0.003648 (VIOLATED)
c597/A0                                 0.750000    0.753162   -0.003162 (VIOLATED)
ANTENNA_c597_A0/DIODE                   0.750000    0.753162   -0.003162 (VIOLATED)
c587/C1                                 0.750000    0.753012   -0.003012 (VIOLATED)
ANTENNA_c587_C1/DIODE                   0.750000    0.753010   -0.003010 (VIOLATED)
ANTENNA_c193_Q/DIODE                    0.750000    0.752809   -0.002809 (VIOLATED)
ANTENNA_c197_A1/DIODE                   0.750000    0.752809   -0.002809 (VIOLATED)
c193/Q                                  0.750000    0.752809   -0.002809 (VIOLATED)
c197/A1                                 0.750000    0.752809   -0.002809 (VIOLATED)

max fanout

Pin                                   Limit Fanout  Slack
---------------------------------------------------------
clkbuf_0_clk/X                           10     33    -23 (VIOLATED)
clkbuf_1_0__f_net939/X                   10     25    -15 (VIOLATED)
clkbuf_4_6_0_clk/X                       10     23    -13 (VIOLATED)
fanout128/X                              10     22    -12 (VIOLATED)
fanout144/X                              10     22    -12 (VIOLATED)
c333/Y                                   10     21    -11 (VIOLATED)
c589/X                                   10     21    -11 (VIOLATED)
c661/X                                   10     21    -11 (VIOLATED)
c675/X                                   10     21    -11 (VIOLATED)
fanout118/X                              10     21    -11 (VIOLATED)
fanout122/X                              10     21    -11 (VIOLATED)
fanout123/X                              10     21    -11 (VIOLATED)
fanout125/X                              10     21    -11 (VIOLATED)
fanout127/X                              10     21    -11 (VIOLATED)
fanout129/X                              10     21    -11 (VIOLATED)
fanout135/X                              10     21    -11 (VIOLATED)
fanout137/X                              10     21    -11 (VIOLATED)
fanout138/X                              10     21    -11 (VIOLATED)
fanout139/X                              10     21    -11 (VIOLATED)
fanout142/X                              10     21    -11 (VIOLATED)
fanout143/X                              10     21    -11 (VIOLATED)
fanout146/X                              10     21    -11 (VIOLATED)
fanout150/X                              10     21    -11 (VIOLATED)
input50/X                                10     21    -11 (VIOLATED)
c127/X                                   10     19     -9 (VIOLATED)
c151/Y                                   10     19     -9 (VIOLATED)
c152/X                                   10     19     -9 (VIOLATED)
c277/X                                   10     19     -9 (VIOLATED)
c290/X                                   10     19     -9 (VIOLATED)
clkbuf_1_0__f_net776/X                   10     19     -9 (VIOLATED)
clkbuf_4_12_0_clk/X                      10     19     -9 (VIOLATED)
clkbuf_4_4_0_clk/X                       10     19     -9 (VIOLATED)
input17/X                                10     19     -9 (VIOLATED)
input52/X                                10     19     -9 (VIOLATED)
s920/Q                                   10     19     -9 (VIOLATED)
s936/Q                                   10     19     -9 (VIOLATED)
c101/Y                                   10     17     -7 (VIOLATED)
c137/Y                                   10     17     -7 (VIOLATED)
c141/X                                   10     17     -7 (VIOLATED)
c191/X                                   10     17     -7 (VIOLATED)
c198/Y                                   10     17     -7 (VIOLATED)
c208/X                                   10     17     -7 (VIOLATED)
c335/Y                                   10     17     -7 (VIOLATED)
c415/X                                   10     17     -7 (VIOLATED)
c422/X                                   10     17     -7 (VIOLATED)
c555/Y                                   10     17     -7 (VIOLATED)
c556/Y                                   10     17     -7 (VIOLATED)
clkbuf_4_1_0_clk/X                       10     17     -7 (VIOLATED)
input3/X                                 10     17     -7 (VIOLATED)
input39/X                                10     17     -7 (VIOLATED)
input46/X                                10     17     -7 (VIOLATED)
s928/Q                                   10     17     -7 (VIOLATED)
s930/Q                                   10     17     -7 (VIOLATED)
c115/X                                   10     15     -5 (VIOLATED)
c123/X                                   10     15     -5 (VIOLATED)
c155/Y                                   10     15     -5 (VIOLATED)
c167/Y                                   10     15     -5 (VIOLATED)
c193/Q                                   10     15     -5 (VIOLATED)
c274/X                                   10     15     -5 (VIOLATED)
c420/Y                                   10     15     -5 (VIOLATED)
c462/Y                                   10     15     -5 (VIOLATED)
c573/Q                                   10     15     -5 (VIOLATED)
c85/X                                    10     15     -5 (VIOLATED)
c92/Y                                    10     15     -5 (VIOLATED)
c94/X                                    10     15     -5 (VIOLATED)
clkbuf_1_0__f_net748/X                   10     15     -5 (VIOLATED)
clkbuf_1_0__f_net933/X                   10     15     -5 (VIOLATED)
clkbuf_1_1__f_net939/X                   10     15     -5 (VIOLATED)
clkbuf_4_0_0_clk/X                       10     15     -5 (VIOLATED)
clkbuf_4_13_0_clk/X                      10     15     -5 (VIOLATED)
fanout147/X                              10     15     -5 (VIOLATED)
input12/X                                10     15     -5 (VIOLATED)
input34/X                                10     15     -5 (VIOLATED)
c464/X                                   10     14     -4 (VIOLATED)
c109/Y                                   10     13     -3 (VIOLATED)
c116/X                                   10     13     -3 (VIOLATED)
c148/X                                   10     13     -3 (VIOLATED)
c153/Y                                   10     13     -3 (VIOLATED)
c193/Q_N                                 10     13     -3 (VIOLATED)
c235/Q                                   10     13     -3 (VIOLATED)
c267/Y                                   10     13     -3 (VIOLATED)
c306/Q                                   10     13     -3 (VIOLATED)
c325/Q                                   10     13     -3 (VIOLATED)
c413/Y                                   10     13     -3 (VIOLATED)
c417/X                                   10     13     -3 (VIOLATED)
c459/Q                                   10     13     -3 (VIOLATED)
c459/Q_N                                 10     13     -3 (VIOLATED)
c478/Q                                   10     13     -3 (VIOLATED)
c622/X                                   10     13     -3 (VIOLATED)
c690/Q                                   10     13     -3 (VIOLATED)
clkbuf_1_0__f_net894/X                   10     13     -3 (VIOLATED)
clkbuf_1_0__f_net899/X                   10     13     -3 (VIOLATED)
clkbuf_1_1__f_net776/X                   10     13     -3 (VIOLATED)
clkbuf_1_1__f_net794/X                   10     13     -3 (VIOLATED)
clkbuf_4_2_0_clk/X                       10     13     -3 (VIOLATED)
clkbuf_4_8_0_clk/X                       10     13     -3 (VIOLATED)
input13/X                                10     13     -3 (VIOLATED)
input21/X                                10     13     -3 (VIOLATED)
input23/X                                10     13     -3 (VIOLATED)
input36/X                                10     13     -3 (VIOLATED)
input47/X                                10     13     -3 (VIOLATED)
merge901/Q                               10     13     -3 (VIOLATED)
merge904/Q                               10     13     -3 (VIOLATED)
merge906/Q                               10     13     -3 (VIOLATED)
merge912/Q                               10     13     -3 (VIOLATED)
merge913/Q                               10     13     -3 (VIOLATED)
merge914/Q                               10     13     -3 (VIOLATED)
merge915/Q                               10     13     -3 (VIOLATED)
s947/Q                                   10     13     -3 (VIOLATED)
c103/Y                                   10     11        (VIOLATED)
c144/X                                   10     11        (VIOLATED)
c173/X                                   10     11        (VIOLATED)
c176/Y                                   10     11        (VIOLATED)
c222/X                                   10     11        (VIOLATED)
c234/Y                                   10     11        (VIOLATED)
c265/X                                   10     11        (VIOLATED)
c272/Y                                   10     11        (VIOLATED)
c300/X                                   10     11        (VIOLATED)
c325/Q_N                                 10     11        (VIOLATED)
c396/Y                                   10     11        (VIOLATED)
c403/Q                                   10     11        (VIOLATED)
c403/Q_N                                 10     11        (VIOLATED)
c404/Q                                   10     11        (VIOLATED)
c404/Q_N                                 10     11        (VIOLATED)
c409/Y                                   10     11        (VIOLATED)
c412/X                                   10     11        (VIOLATED)
c452/X                                   10     11        (VIOLATED)
c64/X                                    10     11        (VIOLATED)
c70/Y                                    10     11        (VIOLATED)
c93/X                                    10     11        (VIOLATED)
clkbuf_1_0__f_net794/X                   10     11        (VIOLATED)
clkbuf_1_1__f_net748/X                   10     11        (VIOLATED)
clkbuf_1_1__f_net899/X                   10     11        (VIOLATED)
fanout124/X                              10     11        (VIOLATED)
fanout145/X                              10     11        (VIOLATED)
input10/X                                10     11        (VIOLATED)
input24/X                                10     11        (VIOLATED)
input27/X                                10     11        (VIOLATED)
input28/X                                10     11        (VIOLATED)
input55/X                                10     11        (VIOLATED)
input56/X                                10     11        (VIOLATED)
merge874/Q                               10     11        (VIOLATED)
merge899/Q                               10     11        (VIOLATED)
s919/Q                                   10     11        (VIOLATED)
s925/Q                                   10     11        (VIOLATED)

max capacitance

Pin                                        Limit         Cap       Slack
------------------------------------------------------------------------
clkbuf_0_clk/X                          0.200000    0.222656   -0.022656 (VIOLATED)



===========================================================================
report_parasitic_annotation -report_unannotated
============================================================================
Found 1 unannotated drivers.
 rst
Found 0 partially unannotated drivers.

===========================================================================
max slew violation count 309
max fanout violation count 145
max cap violation count 1
============================================================================

===========================================================================
check_setup -verbose -unconstrained_endpoints -multiple_clock -no_clock -no_input_delay -loops -generated_clocks
===========================================================================
Warning: There are 9 unconstrained endpoints.
  out14
  out23
  out25
  out27
  out33
  out48
  out52
  out58
  merge827/D
