
===========================================================================
report_checks -unconstrained
===========================================================================
======================= nom_ss_100C_1v60 Corner ===================================

Startpoint: merge815 (positive level-sensitive latch clocked by clk)
Endpoint: c736 (recovery check against falling-edge clock clk)
Path Group: asynchronous
Path Type: max

Fanout         Cap        Slew       Delay        Time   Description
---------------------------------------------------------------------------------------------
                                  0.000000    0.000000   clock clk (rise edge)
                                  0.000000    0.000000   clock source latency
     7    0.055326    0.396204    0.280666    0.280666 ^ clk (in)
                                                         clk (net)
                      0.396502    0.000000    0.280666 ^ clkbuf_0_clk/A (sky130_fd_sc_hd__clkbuf_16)
     6    0.088929    0.162507    0.443537    0.724203 ^ clkbuf_0_clk/X (sky130_fd_sc_hd__clkbuf_16)
                                                         clknet_0_clk (net)
                      0.162632    0.004101    0.728304 ^ clkbuf_4_13_0_clk/A (sky130_fd_sc_hd__clkbuf_8)
    23    0.059228    0.176621    0.355068    1.083373 ^ clkbuf_4_13_0_clk/X (sky130_fd_sc_hd__clkbuf_8)
                                                         clknet_4_13_0_clk (net)
                      0.176647    0.002179    1.085552 ^ merge815/GATE (sky130_fd_sc_hd__dlrbp_1)
                                  3.478608    4.564160   time given to startpoint
                      0.149475    0.000000    4.564160 v merge815/D (sky130_fd_sc_hd__dlrbp_1)
     2    0.004972    0.072870    0.555677    5.119838 v merge815/Q (sky130_fd_sc_hd__dlrbp_1)
                                                         net716 (net)
                      0.072870    0.000119    5.119956 v c682/A (sky130_fd_sc_hd__or2_2)
     9    0.023441    0.207258    0.805594    5.925550 v c682/X (sky130_fd_sc_hd__or2_2)
                                                         net563 (net)
                      0.207263    0.001275    5.926826 v c690/C_N (sky130_fd_sc_hd__nor3b_1)
     2    0.006850    0.099747    0.376326    6.303152 v c690/Y (sky130_fd_sc_hd__nor3b_1)
                                                         net571 (net)
                      0.099747    0.000139    6.303290 v wire120/A (sky130_fd_sc_hd__clkbuf_2)
     5    0.021473    0.157248    0.288714    6.592004 v wire120/X (sky130_fd_sc_hd__clkbuf_2)
                                                         net950 (net)
                      0.157251    0.000989    6.592994 v c693/A (sky130_fd_sc_hd__or4bb_1)
     2    0.011703    0.279476    1.330797    7.923791 v c693/X (sky130_fd_sc_hd__or4bb_1)
                                                         net574 (net)
                      0.279476    0.000231    7.924022 v c700/A (sky130_fd_sc_hd__or3_4)
     1    0.007399    0.128802    0.848257    8.772278 v c700/X (sky130_fd_sc_hd__or3_4)
                                                         net581 (net)
                      0.128802    0.000220    8.772498 v clkbuf_0_net581/A (sky130_fd_sc_hd__clkbuf_16)
     2    0.018134    0.055643    0.283575    9.056073 v clkbuf_0_net581/X (sky130_fd_sc_hd__clkbuf_16)
                                                         clknet_0_net581 (net)
                      0.055643    0.000454    9.056527 v clkbuf_1_1__f_net581/A (sky130_fd_sc_hd__clkbuf_16)
     1    0.003634    0.041589    0.228171    9.284698 v clkbuf_1_1__f_net581/X (sky130_fd_sc_hd__clkbuf_16)
                                                         clknet_1_1__leaf_net581 (net)
                      0.041589    0.000112    9.284810 v c701/B (sky130_fd_sc_hd__or3_2)
     1    0.011191    0.213332    1.130080   10.414890 v c701/X (sky130_fd_sc_hd__or3_2)
                                                         net582 (net)
                      0.213332    0.000498   10.415389 v clkbuf_0_net582/A (sky130_fd_sc_hd__clkbuf_16)
     2    0.019175    0.056711    0.326325   10.741714 v clkbuf_0_net582/X (sky130_fd_sc_hd__clkbuf_16)
                                                         clknet_0_net582 (net)
                      0.056711    0.000601   10.742315 v clkbuf_1_0__f_net582/A (sky130_fd_sc_hd__clkbuf_16)
     1    0.001761    0.039464    0.225475   10.967790 v clkbuf_1_0__f_net582/X (sky130_fd_sc_hd__clkbuf_16)
                                                         clknet_1_0__leaf_net582 (net)
                      0.039464    0.000050   10.967839 v c702/B (sky130_fd_sc_hd__or3b_2)
     1    0.007329    0.191871    1.066441   12.034281 v c702/X (sky130_fd_sc_hd__or3b_2)
                                                         net583 (net)
                      0.191871    0.000147   12.034427 v clkbuf_0_net583/A (sky130_fd_sc_hd__clkbuf_16)
     2    0.018366    0.055961    0.314883   12.349310 v clkbuf_0_net583/X (sky130_fd_sc_hd__clkbuf_16)
                                                         clknet_0_net583 (net)
                      0.055961    0.000490   12.349801 v clkbuf_1_0__f_net583/A (sky130_fd_sc_hd__clkbuf_16)
     1    0.009493    0.048035    0.237965   12.587766 v clkbuf_1_0__f_net583/X (sky130_fd_sc_hd__clkbuf_16)
                                                         clknet_1_0__leaf_net583 (net)
                      0.048036    0.000312   12.588078 v c706/A (sky130_fd_sc_hd__nor2b_4)
     1    0.009414    0.147281    0.195704   12.783781 ^ c706/Y (sky130_fd_sc_hd__nor2b_4)
                                                         net587 (net)
                      0.147282    0.000328   12.784109 ^ clkbuf_0_net587/A (sky130_fd_sc_hd__clkbuf_16)
     2    0.020352    0.067864    0.257485   13.041594 ^ clkbuf_0_net587/X (sky130_fd_sc_hd__clkbuf_16)
                                                         clknet_0_net587 (net)
                      0.067864    0.000396   13.041990 ^ clkbuf_1_0__f_net587/A (sky130_fd_sc_hd__clkbuf_16)
     2    0.007534    0.051215    0.201937   13.243927 ^ clkbuf_1_0__f_net587/X (sky130_fd_sc_hd__clkbuf_16)
                                                         clknet_1_0__leaf_net587 (net)
                      0.051215    0.000140   13.244067 ^ c709/B (sky130_fd_sc_hd__nor3_1)
     1    0.011099    0.139303    0.122903   13.366971 v c709/Y (sky130_fd_sc_hd__nor3_1)
                                                         net590 (net)
                      0.139303    0.000467   13.367438 v clkbuf_0_net590/A (sky130_fd_sc_hd__clkbuf_16)
     2    0.018240    0.055760    0.288842   13.656281 v clkbuf_0_net590/X (sky130_fd_sc_hd__clkbuf_16)
                                                         clknet_0_net590 (net)
                      0.055760    0.000496   13.656776 v clkbuf_1_0__f_net590/A (sky130_fd_sc_hd__clkbuf_16)
     2    0.006538    0.044637    0.233018   13.889794 v clkbuf_1_0__f_net590/X (sky130_fd_sc_hd__clkbuf_16)
                                                         clknet_1_0__leaf_net590 (net)
                      0.044637    0.000167   13.889961 v c713/B (sky130_fd_sc_hd__or4bb_4)
     1    0.009058    0.171267    1.037245   14.927207 v c713/X (sky130_fd_sc_hd__or4bb_4)
                                                         net594 (net)
                      0.171267    0.000346   14.927553 v clkbuf_0_net594/A (sky130_fd_sc_hd__clkbuf_16)
     2    0.017933    0.055553    0.304233   15.231786 v clkbuf_0_net594/X (sky130_fd_sc_hd__clkbuf_16)
                                                         clknet_0_net594 (net)
                      0.055553    0.000407   15.232193 v clkbuf_1_0__f_net594/A (sky130_fd_sc_hd__clkbuf_16)
     2    0.007021    0.045124    0.233721   15.465914 v clkbuf_1_0__f_net594/X (sky130_fd_sc_hd__clkbuf_16)
                                                         clknet_1_0__leaf_net594 (net)
                      0.045124    0.000163   15.466077 v c714/B1 (sky130_fd_sc_hd__a2111o_1)
     1    0.010769    0.185931    0.822679   16.288755 v c714/X (sky130_fd_sc_hd__a2111o_1)
                                                         net595 (net)
                      0.185931    0.000494   16.289249 v clkbuf_0_net595/A (sky130_fd_sc_hd__clkbuf_16)
     2    0.018313    0.055905    0.311898   16.601147 v clkbuf_0_net595/X (sky130_fd_sc_hd__clkbuf_16)
                                                         clknet_0_net595 (net)
                      0.055905    0.000492   16.601639 v clkbuf_1_1__f_net595/A (sky130_fd_sc_hd__clkbuf_16)
     3    0.015977    0.053712    0.245674   16.847313 v clkbuf_1_1__f_net595/X (sky130_fd_sc_hd__clkbuf_16)
                                                         clknet_1_1__leaf_net595 (net)
                      0.053712    0.000703   16.848017 v c716/B (sky130_fd_sc_hd__or4bb_2)
     1    0.010498    0.259202    1.512380   18.360397 v c716/X (sky130_fd_sc_hd__or4bb_2)
                                                         net597 (net)
                      0.259202    0.000410   18.360807 v clkbuf_0_net597/A (sky130_fd_sc_hd__clkbuf_16)
     2    0.018867    0.056802    0.348178   18.708984 v clkbuf_0_net597/X (sky130_fd_sc_hd__clkbuf_16)
                                                         clknet_0_net597 (net)
                      0.056802    0.000565   18.709551 v clkbuf_1_1__f_net597/A (sky130_fd_sc_hd__clkbuf_16)
     1    0.004417    0.042447    0.230008   18.939558 v clkbuf_1_1__f_net597/X (sky130_fd_sc_hd__clkbuf_16)
                                                         clknet_1_1__leaf_net597 (net)
                      0.042447    0.000147   18.939705 v c720/A1 (sky130_fd_sc_hd__mux4_4)
     1    0.008235    0.233938    1.350754   20.290461 v c720/X (sky130_fd_sc_hd__mux4_4)
                                                         net601 (net)
                      0.233938    0.000291   20.290751 v clkbuf_0_net601/A (sky130_fd_sc_hd__clkbuf_16)
     2    0.016862    0.054836    0.333710   20.624460 v clkbuf_0_net601/X (sky130_fd_sc_hd__clkbuf_16)
                                                         clknet_0_net601 (net)
                      0.054836    0.000437   20.624897 v clkbuf_1_0__f_net601/A (sky130_fd_sc_hd__clkbuf_16)
     1    0.004105    0.042108    0.228567   20.853466 v clkbuf_1_0__f_net601/X (sky130_fd_sc_hd__clkbuf_16)
                                                         clknet_1_0__leaf_net601 (net)
                      0.042108    0.000149   20.853615 v c721/A0 (sky130_fd_sc_hd__mux4_2)
     1    0.014460    0.217387    1.116113   21.969728 v c721/X (sky130_fd_sc_hd__mux4_2)
                                                         net708 (net)
                      0.218787    0.000792   21.970520 v clkbuf_0_net708/A (sky130_fd_sc_hd__clkbuf_16)
     2    0.017796    0.055444    0.327452   22.297972 v clkbuf_0_net708/X (sky130_fd_sc_hd__clkbuf_16)
                                                         clknet_0_net708 (net)
                      0.055525    0.000588   22.298559 v clkbuf_1_0__f_net708/A (sky130_fd_sc_hd__clkbuf_16)
     1    0.002788    0.040642    0.226716   22.525276 v clkbuf_1_0__f_net708/X (sky130_fd_sc_hd__clkbuf_16)
                                                         clknet_1_0__leaf_net708 (net)
                      0.040642    0.000089   22.525366 v c719/D1 (sky130_fd_sc_hd__a2111oi_0)
     1    0.013168    1.803953    1.415812   23.941177 ^ c719/Y (sky130_fd_sc_hd__a2111oi_0)
                                                         net600 (net)
                      1.803953    0.000627   23.941803 ^ clkbuf_0_net600/A (sky130_fd_sc_hd__clkbuf_16)
     2    0.022673    0.109126    0.766216   24.708019 ^ clkbuf_0_net600/X (sky130_fd_sc_hd__clkbuf_16)
                                                         clknet_0_net600 (net)
                      0.109126    0.000680   24.708700 ^ clkbuf_1_1__f_net600/A (sky130_fd_sc_hd__clkbuf_16)
     3    0.010734    0.055836    0.226304   24.935003 ^ clkbuf_1_1__f_net600/X (sky130_fd_sc_hd__clkbuf_16)
                                                         clknet_1_1__leaf_net600 (net)
                      0.055836    0.000229   24.935234 ^ c725/A3 (sky130_fd_sc_hd__mux4_2)
     1    0.005706    0.118621    0.491799   25.427032 ^ c725/X (sky130_fd_sc_hd__mux4_2)
                                                         net606 (net)
                      0.118621    0.000192   25.427223 ^ c736/RESET_B (sky130_fd_sc_hd__sdfbbn_1)
                                             25.427223   data arrival time

                                  4.000000    4.000000   clock clk (fall edge)
                                  0.000000    4.000000   clock source latency
     7    0.053897    0.234067    0.168674    4.168674 v clk (in)
                                                         clk (net)
                      0.234536    0.000000    4.168674 v clkbuf_0_clk/A (sky130_fd_sc_hd__clkbuf_16)
     6    0.086552    0.117382    0.397811    4.566485 v clkbuf_0_clk/X (sky130_fd_sc_hd__clkbuf_16)
                                                         clknet_0_clk (net)
                      0.117553    0.003976    4.570461 v clkbuf_4_13_0_clk/A (sky130_fd_sc_hd__clkbuf_8)
    23    0.056941    0.124977    0.335368    4.905829 v clkbuf_4_13_0_clk/X (sky130_fd_sc_hd__clkbuf_8)
                                                         clknet_4_13_0_clk (net)
                      0.124997    0.001619    4.907449 v c736/CLK_N (sky130_fd_sc_hd__sdfbbn_1)
                                 -0.250000    4.657449   clock uncertainty
                                  0.000000    4.657449   clock reconvergence pessimism
                                 -0.096561    4.560888   library recovery time
                                              4.560888   data required time
---------------------------------------------------------------------------------------------
                                              4.560888   data required time
                                            -25.427223   data arrival time
---------------------------------------------------------------------------------------------
                                            -20.866335   slack (VIOLATED)


Startpoint: clk (clock source 'clk')
Endpoint: out59 (output port clocked by clk)
Path Group: clk
Path Type: max

Fanout         Cap        Slew       Delay        Time   Description
---------------------------------------------------------------------------------------------
                                  4.000000    4.000000   clock clk (fall edge)
                                  0.000000    4.000000   clock source latency
     7    0.053897    0.234067    0.168674    4.168674 v clk (in)
                                                         clk (net)
                      0.234536    0.000000    4.168674 v clkbuf_0_clk/A (sky130_fd_sc_hd__clkbuf_16)
     6    0.086552    0.117382    0.397811    4.566485 v clkbuf_0_clk/X (sky130_fd_sc_hd__clkbuf_16)
                                                         clknet_0_clk (net)
                      0.117527    0.003699    4.570184 v clkbuf_4_10_0_clk/A (sky130_fd_sc_hd__buf_8)
     4    0.013992    0.045528    0.236827    4.807011 v clkbuf_4_10_0_clk/X (sky130_fd_sc_hd__buf_8)
                                                         clknet_4_10_0_clk (net)
                      0.045528    0.000249    4.807260 v s847/CLK (sky130_fd_sc_hd__dlclkp_1)
     1    0.009085    0.104772    0.274049    5.081309 v s847/GCLK (sky130_fd_sc_hd__dlclkp_1)
                                                         net756 (net)
                      0.104772    0.000346    5.081655 v clkbuf_0_net756/A (sky130_fd_sc_hd__clkbuf_16)
     2    0.019012    0.056339    0.272808    5.354463 v clkbuf_0_net756/X (sky130_fd_sc_hd__clkbuf_16)
                                                         clknet_0_net756 (net)
                      0.056339    0.000536    5.354999 v clkbuf_1_1__f_net756/A (sky130_fd_sc_hd__clkbuf_16)
     5    0.024456    0.061012    0.255977    5.610976 v clkbuf_1_1__f_net756/X (sky130_fd_sc_hd__clkbuf_16)
                                                         clknet_1_1__leaf_net756 (net)
                      0.061041    0.000514    5.611491 v c243/B (sky130_fd_sc_hd__and2b_4)
     1    0.008066    0.060633    0.295855    5.907346 v c243/X (sky130_fd_sc_hd__and2b_4)
                                                         net187 (net)
                      0.060633    0.000268    5.907614 v clkbuf_0_net187/A (sky130_fd_sc_hd__clkbuf_16)
     2    0.019345    0.056598    0.251890    6.159503 v clkbuf_0_net187/X (sky130_fd_sc_hd__clkbuf_16)
                                                         clknet_0_net187 (net)
                      0.056598    0.000498    6.160001 v clkbuf_1_1__f_net187/A (sky130_fd_sc_hd__clkbuf_16)
     2    0.008588    0.046729    0.236778    6.396779 v clkbuf_1_1__f_net187/X (sky130_fd_sc_hd__clkbuf_16)
                                                         clknet_1_1__leaf_net187 (net)
                      0.046729    0.000195    6.396974 v c244/D_N (sky130_fd_sc_hd__or4bb_4)
     1    0.011652    0.086357    0.406295    6.803270 ^ c244/X (sky130_fd_sc_hd__or4bb_4)
                                                         net188 (net)
                      0.086405    0.000519    6.803789 ^ clkbuf_0_net188/A (sky130_fd_sc_hd__clkbuf_16)
     2    0.022067    0.070025    0.231878    7.035666 ^ clkbuf_0_net188/X (sky130_fd_sc_hd__clkbuf_16)
                                                         clknet_0_net188 (net)
                      0.070027    0.000623    7.036290 ^ clkbuf_1_0__f_net188/A (sky130_fd_sc_hd__clkbuf_16)
     2    0.016125    0.062605    0.216048    7.252337 ^ clkbuf_1_0__f_net188/X (sky130_fd_sc_hd__clkbuf_16)
                                                         clknet_1_0__leaf_net188 (net)
                      0.062605    0.000405    7.252743 ^ c252/A (sky130_fd_sc_hd__nor3b_4)
     1    0.007631    0.078373    0.070074    7.322817 v c252/Y (sky130_fd_sc_hd__nor3b_4)
                                                         net196 (net)
                      0.078373    0.000230    7.323047 v clkbuf_0_net196/A (sky130_fd_sc_hd__clkbuf_16)
     2    0.019961    0.057123    0.260863    7.583910 v clkbuf_0_net196/X (sky130_fd_sc_hd__clkbuf_16)
                                                         clknet_0_net196 (net)
                      0.057123    0.000857    7.584768 v clkbuf_1_1__f_net196/A (sky130_fd_sc_hd__clkbuf_16)
     2    0.007930    0.046043    0.235951    7.820718 v clkbuf_1_1__f_net196/X (sky130_fd_sc_hd__clkbuf_16)
                                                         clknet_1_1__leaf_net196 (net)
                      0.046044    0.000192    7.820910 v c254/A2 (sky130_fd_sc_hd__a2111o_1)
     1    0.012272    0.202026    0.876595    8.697505 v c254/X (sky130_fd_sc_hd__a2111o_1)
                                                         net197 (net)
                      0.202026    0.000603    8.698109 v clkbuf_0_net197/A (sky130_fd_sc_hd__clkbuf_16)
     2    0.019517    0.056981    0.321159    9.019267 v clkbuf_0_net197/X (sky130_fd_sc_hd__clkbuf_16)
                                                         clknet_0_net197 (net)
                      0.056981    0.000777    9.020044 v clkbuf_1_1__f_net197/A (sky130_fd_sc_hd__clkbuf_16)
     2    0.012678    0.050855    0.242281    9.262325 v clkbuf_1_1__f_net197/X (sky130_fd_sc_hd__clkbuf_16)
                                                         clknet_1_1__leaf_net197 (net)
                      0.050855    0.000458    9.262784 v c255/A3 (sky130_fd_sc_hd__mux4_2)
     1    0.010734    0.193002    1.104022   10.366805 v c255/X (sky130_fd_sc_hd__mux4_2)
                                                         net198 (net)
                      0.193002    0.000468   10.367273 v clkbuf_0_net198/A (sky130_fd_sc_hd__clkbuf_16)
     2    0.020697    0.057958    0.318162   10.685436 v clkbuf_0_net198/X (sky130_fd_sc_hd__clkbuf_16)
                                                         clknet_0_net198 (net)
                      0.057958    0.000334   10.685770 v clkbuf_1_1__f_net198/A (sky130_fd_sc_hd__clkbuf_16)
     1    0.006258    0.044356    0.233586   10.919356 v clkbuf_1_1__f_net198/X (sky130_fd_sc_hd__clkbuf_16)
                                                         clknet_1_1__leaf_net198 (net)
                      0.044356    0.000211   10.919568 v c257/B1 (sky130_fd_sc_hd__a2111o_4)
     1    0.009227    0.124627    0.874636   11.794203 v c257/X (sky130_fd_sc_hd__a2111o_4)
                                                         net200 (net)
                      0.124627    0.000379   11.794582 v clkbuf_0_net200/A (sky130_fd_sc_hd__clkbuf_16)
     2    0.018137    0.055638    0.281521   12.076104 v clkbuf_0_net200/X (sky130_fd_sc_hd__clkbuf_16)
                                                         clknet_0_net200 (net)
                      0.055638    0.000501   12.076605 v clkbuf_1_0__f_net200/A (sky130_fd_sc_hd__clkbuf_16)
     2    0.006419    0.044516    0.232763   12.309368 v clkbuf_1_0__f_net200/X (sky130_fd_sc_hd__clkbuf_16)
                                                         clknet_1_0__leaf_net200 (net)
                      0.044517    0.000141   12.309509 v c258/A2 (sky130_fd_sc_hd__mux4_4)
     1    0.012195    0.246077    1.401202   13.710711 v c258/X (sky130_fd_sc_hd__mux4_4)
                                                         net201 (net)
                      0.246077    0.000582   13.711293 v clkbuf_0_net201/A (sky130_fd_sc_hd__clkbuf_16)
     2    0.018956    0.056748    0.341982   14.053274 v clkbuf_0_net201/X (sky130_fd_sc_hd__clkbuf_16)
                                                         clknet_0_net201 (net)
                      0.056748    0.000487   14.053761 v clkbuf_1_0__f_net201/A (sky130_fd_sc_hd__clkbuf_16)
     2    0.012001    0.050274    0.241341   14.295102 v clkbuf_1_0__f_net201/X (sky130_fd_sc_hd__clkbuf_16)
                                                         clknet_1_0__leaf_net201 (net)
                      0.050275    0.000412   14.295514 v c259/A2 (sky130_fd_sc_hd__mux4_4)
     1    0.015221    0.255310    1.426198   15.721712 v c259/X (sky130_fd_sc_hd__mux4_4)
                                                         net202 (net)
                      0.255310    0.000881   15.722593 v clkbuf_0_net202/A (sky130_fd_sc_hd__clkbuf_16)
     2    0.021084    0.058658    0.348868   16.071461 v clkbuf_0_net202/X (sky130_fd_sc_hd__clkbuf_16)
                                                         clknet_0_net202 (net)
                      0.058658    0.000854   16.072315 v clkbuf_1_0__f_net202/A (sky130_fd_sc_hd__clkbuf_16)
     2    0.007919    0.046032    0.236659   16.308973 v clkbuf_1_0__f_net202/X (sky130_fd_sc_hd__clkbuf_16)
                                                         clknet_1_0__leaf_net202 (net)
                      0.046032    0.000217   16.309191 v c260/A2 (sky130_fd_sc_hd__mux4_4)
     1    0.008017    0.233029    1.370839   17.680031 v c260/X (sky130_fd_sc_hd__mux4_4)
                                                         net203 (net)
                      0.233030    0.000252   17.680283 v clkbuf_0_net203/A (sky130_fd_sc_hd__clkbuf_16)
     2    0.021022    0.058391    0.338098   18.018381 v clkbuf_0_net203/X (sky130_fd_sc_hd__clkbuf_16)
                                                         clknet_0_net203 (net)
                      0.058391    0.000819   18.019199 v clkbuf_1_0__f_net203/A (sky130_fd_sc_hd__clkbuf_16)
     2    0.012480    0.050686    0.242704   18.261902 v clkbuf_1_0__f_net203/X (sky130_fd_sc_hd__clkbuf_16)
                                                         clknet_1_0__leaf_net203 (net)
                      0.050686    0.000261   18.262163 v c261/S0 (sky130_fd_sc_hd__mux4_2)
     1    0.013194    0.209087    1.035083   19.297247 v c261/X (sky130_fd_sc_hd__mux4_2)
                                                         net204 (net)
                      0.209087    0.000677   19.297924 v clkbuf_0_net204/A (sky130_fd_sc_hd__clkbuf_16)
     2    0.011533    0.050116    0.315314   19.613237 v clkbuf_0_net204/X (sky130_fd_sc_hd__clkbuf_16)
                                                         clknet_0_net204 (net)
                      0.050116    0.000387   19.613625 v clkbuf_1_0__f_net204/A (sky130_fd_sc_hd__clkbuf_16)
     1    0.002911    0.040778    0.224377   19.838001 v clkbuf_1_0__f_net204/X (sky130_fd_sc_hd__clkbuf_16)
                                                         clknet_1_0__leaf_net204 (net)
                      0.040778    0.000085   19.838087 v c262/A0 (sky130_fd_sc_hd__mux4_4)
     1    0.005273    0.218319    1.352815   21.190903 v c262/X (sky130_fd_sc_hd__mux4_4)
                                                         net205 (net)
                      0.218319    0.000204   21.191107 v c263/A1 (sky130_fd_sc_hd__mux4_2)
     1    0.012447    0.203740    1.147589   22.338696 v c263/X (sky130_fd_sc_hd__mux4_2)
                                                         net901 (net)
                      0.203740    0.000634   22.339329 v clkbuf_0_net901/A (sky130_fd_sc_hd__clkbuf_16)
     2    0.019257    0.056757    0.321723   22.661053 v clkbuf_0_net901/X (sky130_fd_sc_hd__clkbuf_16)
                                                         clknet_0_net901 (net)
                      0.056757    0.000806   22.661860 v clkbuf_1_1__f_net901/A (sky130_fd_sc_hd__clkbuf_16)
     1    0.010737    0.049167    0.239842   22.901701 v clkbuf_1_1__f_net901/X (sky130_fd_sc_hd__clkbuf_16)
                                                         clknet_1_1__leaf_net901 (net)
                      0.049168    0.000421   22.902122 v c392/A (sky130_fd_sc_hd__nor2b_4)
     1    0.012720    0.175274    0.219517   23.121639 ^ c392/Y (sky130_fd_sc_hd__nor2b_4)
                                                         net912 (net)
                      0.175274    0.000618   23.122257 ^ clkbuf_0_net912/A (sky130_fd_sc_hd__clkbuf_16)
     2    0.020440    0.067977    0.270333   23.392590 ^ clkbuf_0_net912/X (sky130_fd_sc_hd__clkbuf_16)
                                                         clknet_0_net912 (net)
                      0.067977    0.000908   23.393497 ^ clkbuf_1_0__f_net912/A (sky130_fd_sc_hd__clkbuf_16)
     2    0.010517    0.055584    0.207155   23.600653 ^ clkbuf_1_0__f_net912/X (sky130_fd_sc_hd__clkbuf_16)
                                                         clknet_1_0__leaf_net912 (net)
                      0.055585    0.000336   23.600988 ^ c393/A_N (sky130_fd_sc_hd__and2b_1)
     1    0.015005    0.161645    0.447406   24.048393 v c393/X (sky130_fd_sc_hd__and2b_1)
                                                         net913 (net)
                      0.161645    0.000576   24.048969 v clkbuf_0_net913/A (sky130_fd_sc_hd__clkbuf_16)
     2    0.016567    0.054370    0.297879   24.346849 v clkbuf_0_net913/X (sky130_fd_sc_hd__clkbuf_16)
                                                         clknet_0_net913 (net)
                      0.054370    0.000531   24.347380 v clkbuf_1_0__f_net913/A (sky130_fd_sc_hd__clkbuf_16)
     2    0.015798    0.053571    0.244695   24.592075 v clkbuf_1_0__f_net913/X (sky130_fd_sc_hd__clkbuf_16)
                                                         clknet_1_0__leaf_net913 (net)
                      0.053571    0.000741   24.592815 v c394/B (sky130_fd_sc_hd__nand2b_4)
     1    0.014957    0.104754    0.123380   24.716196 ^ c394/Y (sky130_fd_sc_hd__nand2b_4)
                                                         net914 (net)
                      0.104756    0.000670   24.716866 ^ clkbuf_0_net914/A (sky130_fd_sc_hd__clkbuf_16)
     2    0.023131    0.071352    0.241796   24.958662 ^ clkbuf_0_net914/X (sky130_fd_sc_hd__clkbuf_16)
                                                         clknet_0_net914 (net)
                      0.071354    0.000570   24.959232 ^ clkbuf_1_0__f_net914/A (sky130_fd_sc_hd__clkbuf_16)
     1    0.010971    0.056155    0.209306   25.168539 ^ clkbuf_1_0__f_net914/X (sky130_fd_sc_hd__clkbuf_16)
                                                         clknet_1_0__leaf_net914 (net)
                      0.056156    0.000464   25.169003 ^ output84/A (sky130_fd_sc_hd__buf_8)
     1    0.037437    0.111676    0.203821   25.372824 ^ output84/X (sky130_fd_sc_hd__buf_8)
                                                         out59 (net)
                      0.111692    0.001378   25.374201 ^ out59 (out)
                                             25.374201   data arrival time

                                  8.000000    8.000000   clock clk (rise edge)
                                  0.000000    8.000000   clock network delay (propagated)
                                 -0.250000    7.750000   clock uncertainty
                                  0.000000    7.750000   clock reconvergence pessimism
                                 -1.600000    6.150000   output external delay
                                              6.150000   data required time
---------------------------------------------------------------------------------------------
                                              6.150000   data required time
                                            -25.374201   data arrival time
---------------------------------------------------------------------------------------------
                                            -19.224201   slack (VIOLATED)




===========================================================================
report_checks --slack_max -0.01
============================================================================
======================= nom_ss_100C_1v60 Corner ===================================

Startpoint: merge815 (positive level-sensitive latch clocked by clk)
Endpoint: c736 (recovery check against falling-edge clock clk)
Path Group: asynchronous
Path Type: max

Fanout         Cap        Slew       Delay        Time   Description
---------------------------------------------------------------------------------------------
                                  0.000000    0.000000   clock clk (rise edge)
                                  0.000000    0.000000   clock source latency
     7    0.055326    0.396204    0.280666    0.280666 ^ clk (in)
                                                         clk (net)
                      0.396502    0.000000    0.280666 ^ clkbuf_0_clk/A (sky130_fd_sc_hd__clkbuf_16)
     6    0.088929    0.162507    0.443537    0.724203 ^ clkbuf_0_clk/X (sky130_fd_sc_hd__clkbuf_16)
                                                         clknet_0_clk (net)
                      0.162632    0.004101    0.728304 ^ clkbuf_4_13_0_clk/A (sky130_fd_sc_hd__clkbuf_8)
    23    0.059228    0.176621    0.355068    1.083373 ^ clkbuf_4_13_0_clk/X (sky130_fd_sc_hd__clkbuf_8)
                                                         clknet_4_13_0_clk (net)
                      0.176647    0.002179    1.085552 ^ merge815/GATE (sky130_fd_sc_hd__dlrbp_1)
                                  3.478608    4.564160   time given to startpoint
                      0.149475    0.000000    4.564160 v merge815/D (sky130_fd_sc_hd__dlrbp_1)
     2    0.004972    0.072870    0.555677    5.119838 v merge815/Q (sky130_fd_sc_hd__dlrbp_1)
                                                         net716 (net)
                      0.072870    0.000119    5.119956 v c682/A (sky130_fd_sc_hd__or2_2)
     9    0.023441    0.207258    0.805594    5.925550 v c682/X (sky130_fd_sc_hd__or2_2)
                                                         net563 (net)
                      0.207263    0.001275    5.926826 v c690/C_N (sky130_fd_sc_hd__nor3b_1)
     2    0.006850    0.099747    0.376326    6.303152 v c690/Y (sky130_fd_sc_hd__nor3b_1)
                                                         net571 (net)
                      0.099747    0.000139    6.303290 v wire120/A (sky130_fd_sc_hd__clkbuf_2)
     5    0.021473    0.157248    0.288714    6.592004 v wire120/X (sky130_fd_sc_hd__clkbuf_2)
                                                         net950 (net)
                      0.157251    0.000989    6.592994 v c693/A (sky130_fd_sc_hd__or4bb_1)
     2    0.011703    0.279476    1.330797    7.923791 v c693/X (sky130_fd_sc_hd__or4bb_1)
                                                         net574 (net)
                      0.279476    0.000231    7.924022 v c700/A (sky130_fd_sc_hd__or3_4)
     1    0.007399    0.128802    0.848257    8.772278 v c700/X (sky130_fd_sc_hd__or3_4)
                                                         net581 (net)
                      0.128802    0.000220    8.772498 v clkbuf_0_net581/A (sky130_fd_sc_hd__clkbuf_16)
     2    0.018134    0.055643    0.283575    9.056073 v clkbuf_0_net581/X (sky130_fd_sc_hd__clkbuf_16)
                                                         clknet_0_net581 (net)
                      0.055643    0.000454    9.056527 v clkbuf_1_1__f_net581/A (sky130_fd_sc_hd__clkbuf_16)
     1    0.003634    0.041589    0.228171    9.284698 v clkbuf_1_1__f_net581/X (sky130_fd_sc_hd__clkbuf_16)
                                                         clknet_1_1__leaf_net581 (net)
                      0.041589    0.000112    9.284810 v c701/B (sky130_fd_sc_hd__or3_2)
     1    0.011191    0.213332    1.130080   10.414890 v c701/X (sky130_fd_sc_hd__or3_2)
                                                         net582 (net)
                      0.213332    0.000498   10.415389 v clkbuf_0_net582/A (sky130_fd_sc_hd__clkbuf_16)
     2    0.019175    0.056711    0.326325   10.741714 v clkbuf_0_net582/X (sky130_fd_sc_hd__clkbuf_16)
                                                         clknet_0_net582 (net)
                      0.056711    0.000601   10.742315 v clkbuf_1_0__f_net582/A (sky130_fd_sc_hd__clkbuf_16)
     1    0.001761    0.039464    0.225475   10.967790 v clkbuf_1_0__f_net582/X (sky130_fd_sc_hd__clkbuf_16)
                                                         clknet_1_0__leaf_net582 (net)
                      0.039464    0.000050   10.967839 v c702/B (sky130_fd_sc_hd__or3b_2)
     1    0.007329    0.191871    1.066441   12.034281 v c702/X (sky130_fd_sc_hd__or3b_2)
                                                         net583 (net)
                      0.191871    0.000147   12.034427 v clkbuf_0_net583/A (sky130_fd_sc_hd__clkbuf_16)
     2    0.018366    0.055961    0.314883   12.349310 v clkbuf_0_net583/X (sky130_fd_sc_hd__clkbuf_16)
                                                         clknet_0_net583 (net)
                      0.055961    0.000490   12.349801 v clkbuf_1_0__f_net583/A (sky130_fd_sc_hd__clkbuf_16)
     1    0.009493    0.048035    0.237965   12.587766 v clkbuf_1_0__f_net583/X (sky130_fd_sc_hd__clkbuf_16)
                                                         clknet_1_0__leaf_net583 (net)
                      0.048036    0.000312   12.588078 v c706/A (sky130_fd_sc_hd__nor2b_4)
     1    0.009414    0.147281    0.195704   12.783781 ^ c706/Y (sky130_fd_sc_hd__nor2b_4)
                                                         net587 (net)
                      0.147282    0.000328   12.784109 ^ clkbuf_0_net587/A (sky130_fd_sc_hd__clkbuf_16)
     2    0.020352    0.067864    0.257485   13.041594 ^ clkbuf_0_net587/X (sky130_fd_sc_hd__clkbuf_16)
                                                         clknet_0_net587 (net)
                      0.067864    0.000396   13.041990 ^ clkbuf_1_0__f_net587/A (sky130_fd_sc_hd__clkbuf_16)
     2    0.007534    0.051215    0.201937   13.243927 ^ clkbuf_1_0__f_net587/X (sky130_fd_sc_hd__clkbuf_16)
                                                         clknet_1_0__leaf_net587 (net)
                      0.051215    0.000140   13.244067 ^ c709/B (sky130_fd_sc_hd__nor3_1)
     1    0.011099    0.139303    0.122903   13.366971 v c709/Y (sky130_fd_sc_hd__nor3_1)
                                                         net590 (net)
                      0.139303    0.000467   13.367438 v clkbuf_0_net590/A (sky130_fd_sc_hd__clkbuf_16)
     2    0.018240    0.055760    0.288842   13.656281 v clkbuf_0_net590/X (sky130_fd_sc_hd__clkbuf_16)
                                                         clknet_0_net590 (net)
                      0.055760    0.000496   13.656776 v clkbuf_1_0__f_net590/A (sky130_fd_sc_hd__clkbuf_16)
     2    0.006538    0.044637    0.233018   13.889794 v clkbuf_1_0__f_net590/X (sky130_fd_sc_hd__clkbuf_16)
                                                         clknet_1_0__leaf_net590 (net)
                      0.044637    0.000167   13.889961 v c713/B (sky130_fd_sc_hd__or4bb_4)
     1    0.009058    0.171267    1.037245   14.927207 v c713/X (sky130_fd_sc_hd__or4bb_4)
                                                         net594 (net)
                      0.171267    0.000346   14.927553 v clkbuf_0_net594/A (sky130_fd_sc_hd__clkbuf_16)
     2    0.017933    0.055553    0.304233   15.231786 v clkbuf_0_net594/X (sky130_fd_sc_hd__clkbuf_16)
                                                         clknet_0_net594 (net)
                      0.055553    0.000407   15.232193 v clkbuf_1_0__f_net594/A (sky130_fd_sc_hd__clkbuf_16)
     2    0.007021    0.045124    0.233721   15.465914 v clkbuf_1_0__f_net594/X (sky130_fd_sc_hd__clkbuf_16)
                                                         clknet_1_0__leaf_net594 (net)
                      0.045124    0.000163   15.466077 v c714/B1 (sky130_fd_sc_hd__a2111o_1)
     1    0.010769    0.185931    0.822679   16.288755 v c714/X (sky130_fd_sc_hd__a2111o_1)
                                                         net595 (net)
                      0.185931    0.000494   16.289249 v clkbuf_0_net595/A (sky130_fd_sc_hd__clkbuf_16)
     2    0.018313    0.055905    0.311898   16.601147 v clkbuf_0_net595/X (sky130_fd_sc_hd__clkbuf_16)
                                                         clknet_0_net595 (net)
                      0.055905    0.000492   16.601639 v clkbuf_1_1__f_net595/A (sky130_fd_sc_hd__clkbuf_16)
     3    0.015977    0.053712    0.245674   16.847313 v clkbuf_1_1__f_net595/X (sky130_fd_sc_hd__clkbuf_16)
                                                         clknet_1_1__leaf_net595 (net)
                      0.053712    0.000703   16.848017 v c716/B (sky130_fd_sc_hd__or4bb_2)
     1    0.010498    0.259202    1.512380   18.360397 v c716/X (sky130_fd_sc_hd__or4bb_2)
                                                         net597 (net)
                      0.259202    0.000410   18.360807 v clkbuf_0_net597/A (sky130_fd_sc_hd__clkbuf_16)
     2    0.018867    0.056802    0.348178   18.708984 v clkbuf_0_net597/X (sky130_fd_sc_hd__clkbuf_16)
                                                         clknet_0_net597 (net)
                      0.056802    0.000565   18.709551 v clkbuf_1_1__f_net597/A (sky130_fd_sc_hd__clkbuf_16)
     1    0.004417    0.042447    0.230008   18.939558 v clkbuf_1_1__f_net597/X (sky130_fd_sc_hd__clkbuf_16)
                                                         clknet_1_1__leaf_net597 (net)
                      0.042447    0.000147   18.939705 v c720/A1 (sky130_fd_sc_hd__mux4_4)
     1    0.008235    0.233938    1.350754   20.290461 v c720/X (sky130_fd_sc_hd__mux4_4)
                                                         net601 (net)
                      0.233938    0.000291   20.290751 v clkbuf_0_net601/A (sky130_fd_sc_hd__clkbuf_16)
     2    0.016862    0.054836    0.333710   20.624460 v clkbuf_0_net601/X (sky130_fd_sc_hd__clkbuf_16)
                                                         clknet_0_net601 (net)
                      0.054836    0.000437   20.624897 v clkbuf_1_0__f_net601/A (sky130_fd_sc_hd__clkbuf_16)
     1    0.004105    0.042108    0.228567   20.853466 v clkbuf_1_0__f_net601/X (sky130_fd_sc_hd__clkbuf_16)
                                                         clknet_1_0__leaf_net601 (net)
                      0.042108    0.000149   20.853615 v c721/A0 (sky130_fd_sc_hd__mux4_2)
     1    0.014460    0.217387    1.116113   21.969728 v c721/X (sky130_fd_sc_hd__mux4_2)
                                                         net708 (net)
                      0.218787    0.000792   21.970520 v clkbuf_0_net708/A (sky130_fd_sc_hd__clkbuf_16)
     2    0.017796    0.055444    0.327452   22.297972 v clkbuf_0_net708/X (sky130_fd_sc_hd__clkbuf_16)
                                                         clknet_0_net708 (net)
                      0.055525    0.000588   22.298559 v clkbuf_1_0__f_net708/A (sky130_fd_sc_hd__clkbuf_16)
     1    0.002788    0.040642    0.226716   22.525276 v clkbuf_1_0__f_net708/X (sky130_fd_sc_hd__clkbuf_16)
                                                         clknet_1_0__leaf_net708 (net)
                      0.040642    0.000089   22.525366 v c719/D1 (sky130_fd_sc_hd__a2111oi_0)
     1    0.013168    1.803953    1.415812   23.941177 ^ c719/Y (sky130_fd_sc_hd__a2111oi_0)
                                                         net600 (net)
                      1.803953    0.000627   23.941803 ^ clkbuf_0_net600/A (sky130_fd_sc_hd__clkbuf_16)
     2    0.022673    0.109126    0.766216   24.708019 ^ clkbuf_0_net600/X (sky130_fd_sc_hd__clkbuf_16)
                                                         clknet_0_net600 (net)
                      0.109126    0.000680   24.708700 ^ clkbuf_1_1__f_net600/A (sky130_fd_sc_hd__clkbuf_16)
     3    0.010734    0.055836    0.226304   24.935003 ^ clkbuf_1_1__f_net600/X (sky130_fd_sc_hd__clkbuf_16)
                                                         clknet_1_1__leaf_net600 (net)
                      0.055836    0.000229   24.935234 ^ c725/A3 (sky130_fd_sc_hd__mux4_2)
     1    0.005706    0.118621    0.491799   25.427032 ^ c725/X (sky130_fd_sc_hd__mux4_2)
                                                         net606 (net)
                      0.118621    0.000192   25.427223 ^ c736/RESET_B (sky130_fd_sc_hd__sdfbbn_1)
                                             25.427223   data arrival time

                                  4.000000    4.000000   clock clk (fall edge)
                                  0.000000    4.000000   clock source latency
     7    0.053897    0.234067    0.168674    4.168674 v clk (in)
                                                         clk (net)
                      0.234536    0.000000    4.168674 v clkbuf_0_clk/A (sky130_fd_sc_hd__clkbuf_16)
     6    0.086552    0.117382    0.397811    4.566485 v clkbuf_0_clk/X (sky130_fd_sc_hd__clkbuf_16)
                                                         clknet_0_clk (net)
                      0.117553    0.003976    4.570461 v clkbuf_4_13_0_clk/A (sky130_fd_sc_hd__clkbuf_8)
    23    0.056941    0.124977    0.335368    4.905829 v clkbuf_4_13_0_clk/X (sky130_fd_sc_hd__clkbuf_8)
                                                         clknet_4_13_0_clk (net)
                      0.124997    0.001619    4.907449 v c736/CLK_N (sky130_fd_sc_hd__sdfbbn_1)
                                 -0.250000    4.657449   clock uncertainty
                                  0.000000    4.657449   clock reconvergence pessimism
                                 -0.096561    4.560888   library recovery time
                                              4.560888   data required time
---------------------------------------------------------------------------------------------
                                              4.560888   data required time
                                            -25.427223   data arrival time
---------------------------------------------------------------------------------------------
                                            -20.866335   slack (VIOLATED)


Startpoint: clk (clock source 'clk')
Endpoint: out59 (output port clocked by clk)
Path Group: clk
Path Type: max

Fanout         Cap        Slew       Delay        Time   Description
---------------------------------------------------------------------------------------------
                                  4.000000    4.000000   clock clk (fall edge)
                                  0.000000    4.000000   clock source latency
     7    0.053897    0.234067    0.168674    4.168674 v clk (in)
                                                         clk (net)
                      0.234536    0.000000    4.168674 v clkbuf_0_clk/A (sky130_fd_sc_hd__clkbuf_16)
     6    0.086552    0.117382    0.397811    4.566485 v clkbuf_0_clk/X (sky130_fd_sc_hd__clkbuf_16)
                                                         clknet_0_clk (net)
                      0.117527    0.003699    4.570184 v clkbuf_4_10_0_clk/A (sky130_fd_sc_hd__buf_8)
     4    0.013992    0.045528    0.236827    4.807011 v clkbuf_4_10_0_clk/X (sky130_fd_sc_hd__buf_8)
                                                         clknet_4_10_0_clk (net)
                      0.045528    0.000249    4.807260 v s847/CLK (sky130_fd_sc_hd__dlclkp_1)
     1    0.009085    0.104772    0.274049    5.081309 v s847/GCLK (sky130_fd_sc_hd__dlclkp_1)
                                                         net756 (net)
                      0.104772    0.000346    5.081655 v clkbuf_0_net756/A (sky130_fd_sc_hd__clkbuf_16)
     2    0.019012    0.056339    0.272808    5.354463 v clkbuf_0_net756/X (sky130_fd_sc_hd__clkbuf_16)
                                                         clknet_0_net756 (net)
                      0.056339    0.000536    5.354999 v clkbuf_1_1__f_net756/A (sky130_fd_sc_hd__clkbuf_16)
     5    0.024456    0.061012    0.255977    5.610976 v clkbuf_1_1__f_net756/X (sky130_fd_sc_hd__clkbuf_16)
                                                         clknet_1_1__leaf_net756 (net)
                      0.061041    0.000514    5.611491 v c243/B (sky130_fd_sc_hd__and2b_4)
     1    0.008066    0.060633    0.295855    5.907346 v c243/X (sky130_fd_sc_hd__and2b_4)
                                                         net187 (net)
                      0.060633    0.000268    5.907614 v clkbuf_0_net187/A (sky130_fd_sc_hd__clkbuf_16)
     2    0.019345    0.056598    0.251890    6.159503 v clkbuf_0_net187/X (sky130_fd_sc_hd__clkbuf_16)
                                                         clknet_0_net187 (net)
                      0.056598    0.000498    6.160001 v clkbuf_1_1__f_net187/A (sky130_fd_sc_hd__clkbuf_16)
     2    0.008588    0.046729    0.236778    6.396779 v clkbuf_1_1__f_net187/X (sky130_fd_sc_hd__clkbuf_16)
                                                         clknet_1_1__leaf_net187 (net)
                      0.046729    0.000195    6.396974 v c244/D_N (sky130_fd_sc_hd__or4bb_4)
     1    0.011652    0.086357    0.406295    6.803270 ^ c244/X (sky130_fd_sc_hd__or4bb_4)
                                                         net188 (net)
                      0.086405    0.000519    6.803789 ^ clkbuf_0_net188/A (sky130_fd_sc_hd__clkbuf_16)
     2    0.022067    0.070025    0.231878    7.035666 ^ clkbuf_0_net188/X (sky130_fd_sc_hd__clkbuf_16)
                                                         clknet_0_net188 (net)
                      0.070027    0.000623    7.036290 ^ clkbuf_1_0__f_net188/A (sky130_fd_sc_hd__clkbuf_16)
     2    0.016125    0.062605    0.216048    7.252337 ^ clkbuf_1_0__f_net188/X (sky130_fd_sc_hd__clkbuf_16)
                                                         clknet_1_0__leaf_net188 (net)
                      0.062605    0.000405    7.252743 ^ c252/A (sky130_fd_sc_hd__nor3b_4)
     1    0.007631    0.078373    0.070074    7.322817 v c252/Y (sky130_fd_sc_hd__nor3b_4)
                                                         net196 (net)
                      0.078373    0.000230    7.323047 v clkbuf_0_net196/A (sky130_fd_sc_hd__clkbuf_16)
     2    0.019961    0.057123    0.260863    7.583910 v clkbuf_0_net196/X (sky130_fd_sc_hd__clkbuf_16)
                                                         clknet_0_net196 (net)
                      0.057123    0.000857    7.584768 v clkbuf_1_1__f_net196/A (sky130_fd_sc_hd__clkbuf_16)
     2    0.007930    0.046043    0.235951    7.820718 v clkbuf_1_1__f_net196/X (sky130_fd_sc_hd__clkbuf_16)
                                                         clknet_1_1__leaf_net196 (net)
                      0.046044    0.000192    7.820910 v c254/A2 (sky130_fd_sc_hd__a2111o_1)
     1    0.012272    0.202026    0.876595    8.697505 v c254/X (sky130_fd_sc_hd__a2111o_1)
                                                         net197 (net)
                      0.202026    0.000603    8.698109 v clkbuf_0_net197/A (sky130_fd_sc_hd__clkbuf_16)
     2    0.019517    0.056981    0.321159    9.019267 v clkbuf_0_net197/X (sky130_fd_sc_hd__clkbuf_16)
                                                         clknet_0_net197 (net)
                      0.056981    0.000777    9.020044 v clkbuf_1_1__f_net197/A (sky130_fd_sc_hd__clkbuf_16)
     2    0.012678    0.050855    0.242281    9.262325 v clkbuf_1_1__f_net197/X (sky130_fd_sc_hd__clkbuf_16)
                                                         clknet_1_1__leaf_net197 (net)
                      0.050855    0.000458    9.262784 v c255/A3 (sky130_fd_sc_hd__mux4_2)
     1    0.010734    0.193002    1.104022   10.366805 v c255/X (sky130_fd_sc_hd__mux4_2)
                                                         net198 (net)
                      0.193002    0.000468   10.367273 v clkbuf_0_net198/A (sky130_fd_sc_hd__clkbuf_16)
     2    0.020697    0.057958    0.318162   10.685436 v clkbuf_0_net198/X (sky130_fd_sc_hd__clkbuf_16)
                                                         clknet_0_net198 (net)
                      0.057958    0.000334   10.685770 v clkbuf_1_1__f_net198/A (sky130_fd_sc_hd__clkbuf_16)
     1    0.006258    0.044356    0.233586   10.919356 v clkbuf_1_1__f_net198/X (sky130_fd_sc_hd__clkbuf_16)
                                                         clknet_1_1__leaf_net198 (net)
                      0.044356    0.000211   10.919568 v c257/B1 (sky130_fd_sc_hd__a2111o_4)
     1    0.009227    0.124627    0.874636   11.794203 v c257/X (sky130_fd_sc_hd__a2111o_4)
                                                         net200 (net)
                      0.124627    0.000379   11.794582 v clkbuf_0_net200/A (sky130_fd_sc_hd__clkbuf_16)
     2    0.018137    0.055638    0.281521   12.076104 v clkbuf_0_net200/X (sky130_fd_sc_hd__clkbuf_16)
                                                         clknet_0_net200 (net)
                      0.055638    0.000501   12.076605 v clkbuf_1_0__f_net200/A (sky130_fd_sc_hd__clkbuf_16)
     2    0.006419    0.044516    0.232763   12.309368 v clkbuf_1_0__f_net200/X (sky130_fd_sc_hd__clkbuf_16)
                                                         clknet_1_0__leaf_net200 (net)
                      0.044517    0.000141   12.309509 v c258/A2 (sky130_fd_sc_hd__mux4_4)
     1    0.012195    0.246077    1.401202   13.710711 v c258/X (sky130_fd_sc_hd__mux4_4)
                                                         net201 (net)
                      0.246077    0.000582   13.711293 v clkbuf_0_net201/A (sky130_fd_sc_hd__clkbuf_16)
     2    0.018956    0.056748    0.341982   14.053274 v clkbuf_0_net201/X (sky130_fd_sc_hd__clkbuf_16)
                                                         clknet_0_net201 (net)
                      0.056748    0.000487   14.053761 v clkbuf_1_0__f_net201/A (sky130_fd_sc_hd__clkbuf_16)
     2    0.012001    0.050274    0.241341   14.295102 v clkbuf_1_0__f_net201/X (sky130_fd_sc_hd__clkbuf_16)
                                                         clknet_1_0__leaf_net201 (net)
                      0.050275    0.000412   14.295514 v c259/A2 (sky130_fd_sc_hd__mux4_4)
     1    0.015221    0.255310    1.426198   15.721712 v c259/X (sky130_fd_sc_hd__mux4_4)
                                                         net202 (net)
                      0.255310    0.000881   15.722593 v clkbuf_0_net202/A (sky130_fd_sc_hd__clkbuf_16)
     2    0.021084    0.058658    0.348868   16.071461 v clkbuf_0_net202/X (sky130_fd_sc_hd__clkbuf_16)
                                                         clknet_0_net202 (net)
                      0.058658    0.000854   16.072315 v clkbuf_1_0__f_net202/A (sky130_fd_sc_hd__clkbuf_16)
     2    0.007919    0.046032    0.236659   16.308973 v clkbuf_1_0__f_net202/X (sky130_fd_sc_hd__clkbuf_16)
                                                         clknet_1_0__leaf_net202 (net)
                      0.046032    0.000217   16.309191 v c260/A2 (sky130_fd_sc_hd__mux4_4)
     1    0.008017    0.233029    1.370839   17.680031 v c260/X (sky130_fd_sc_hd__mux4_4)
                                                         net203 (net)
                      0.233030    0.000252   17.680283 v clkbuf_0_net203/A (sky130_fd_sc_hd__clkbuf_16)
     2    0.021022    0.058391    0.338098   18.018381 v clkbuf_0_net203/X (sky130_fd_sc_hd__clkbuf_16)
                                                         clknet_0_net203 (net)
                      0.058391    0.000819   18.019199 v clkbuf_1_0__f_net203/A (sky130_fd_sc_hd__clkbuf_16)
     2    0.012480    0.050686    0.242704   18.261902 v clkbuf_1_0__f_net203/X (sky130_fd_sc_hd__clkbuf_16)
                                                         clknet_1_0__leaf_net203 (net)
                      0.050686    0.000261   18.262163 v c261/S0 (sky130_fd_sc_hd__mux4_2)
     1    0.013194    0.209087    1.035083   19.297247 v c261/X (sky130_fd_sc_hd__mux4_2)
                                                         net204 (net)
                      0.209087    0.000677   19.297924 v clkbuf_0_net204/A (sky130_fd_sc_hd__clkbuf_16)
     2    0.011533    0.050116    0.315314   19.613237 v clkbuf_0_net204/X (sky130_fd_sc_hd__clkbuf_16)
                                                         clknet_0_net204 (net)
                      0.050116    0.000387   19.613625 v clkbuf_1_0__f_net204/A (sky130_fd_sc_hd__clkbuf_16)
     1    0.002911    0.040778    0.224377   19.838001 v clkbuf_1_0__f_net204/X (sky130_fd_sc_hd__clkbuf_16)
                                                         clknet_1_0__leaf_net204 (net)
                      0.040778    0.000085   19.838087 v c262/A0 (sky130_fd_sc_hd__mux4_4)
     1    0.005273    0.218319    1.352815   21.190903 v c262/X (sky130_fd_sc_hd__mux4_4)
                                                         net205 (net)
                      0.218319    0.000204   21.191107 v c263/A1 (sky130_fd_sc_hd__mux4_2)
     1    0.012447    0.203740    1.147589   22.338696 v c263/X (sky130_fd_sc_hd__mux4_2)
                                                         net901 (net)
                      0.203740    0.000634   22.339329 v clkbuf_0_net901/A (sky130_fd_sc_hd__clkbuf_16)
     2    0.019257    0.056757    0.321723   22.661053 v clkbuf_0_net901/X (sky130_fd_sc_hd__clkbuf_16)
                                                         clknet_0_net901 (net)
                      0.056757    0.000806   22.661860 v clkbuf_1_1__f_net901/A (sky130_fd_sc_hd__clkbuf_16)
     1    0.010737    0.049167    0.239842   22.901701 v clkbuf_1_1__f_net901/X (sky130_fd_sc_hd__clkbuf_16)
                                                         clknet_1_1__leaf_net901 (net)
                      0.049168    0.000421   22.902122 v c392/A (sky130_fd_sc_hd__nor2b_4)
     1    0.012720    0.175274    0.219517   23.121639 ^ c392/Y (sky130_fd_sc_hd__nor2b_4)
                                                         net912 (net)
                      0.175274    0.000618   23.122257 ^ clkbuf_0_net912/A (sky130_fd_sc_hd__clkbuf_16)
     2    0.020440    0.067977    0.270333   23.392590 ^ clkbuf_0_net912/X (sky130_fd_sc_hd__clkbuf_16)
                                                         clknet_0_net912 (net)
                      0.067977    0.000908   23.393497 ^ clkbuf_1_0__f_net912/A (sky130_fd_sc_hd__clkbuf_16)
     2    0.010517    0.055584    0.207155   23.600653 ^ clkbuf_1_0__f_net912/X (sky130_fd_sc_hd__clkbuf_16)
                                                         clknet_1_0__leaf_net912 (net)
                      0.055585    0.000336   23.600988 ^ c393/A_N (sky130_fd_sc_hd__and2b_1)
     1    0.015005    0.161645    0.447406   24.048393 v c393/X (sky130_fd_sc_hd__and2b_1)
                                                         net913 (net)
                      0.161645    0.000576   24.048969 v clkbuf_0_net913/A (sky130_fd_sc_hd__clkbuf_16)
     2    0.016567    0.054370    0.297879   24.346849 v clkbuf_0_net913/X (sky130_fd_sc_hd__clkbuf_16)
                                                         clknet_0_net913 (net)
                      0.054370    0.000531   24.347380 v clkbuf_1_0__f_net913/A (sky130_fd_sc_hd__clkbuf_16)
     2    0.015798    0.053571    0.244695   24.592075 v clkbuf_1_0__f_net913/X (sky130_fd_sc_hd__clkbuf_16)
                                                         clknet_1_0__leaf_net913 (net)
                      0.053571    0.000741   24.592815 v c394/B (sky130_fd_sc_hd__nand2b_4)
     1    0.014957    0.104754    0.123380   24.716196 ^ c394/Y (sky130_fd_sc_hd__nand2b_4)
                                                         net914 (net)
                      0.104756    0.000670   24.716866 ^ clkbuf_0_net914/A (sky130_fd_sc_hd__clkbuf_16)
     2    0.023131    0.071352    0.241796   24.958662 ^ clkbuf_0_net914/X (sky130_fd_sc_hd__clkbuf_16)
                                                         clknet_0_net914 (net)
                      0.071354    0.000570   24.959232 ^ clkbuf_1_0__f_net914/A (sky130_fd_sc_hd__clkbuf_16)
     1    0.010971    0.056155    0.209306   25.168539 ^ clkbuf_1_0__f_net914/X (sky130_fd_sc_hd__clkbuf_16)
                                                         clknet_1_0__leaf_net914 (net)
                      0.056156    0.000464   25.169003 ^ output84/A (sky130_fd_sc_hd__buf_8)
     1    0.037437    0.111676    0.203821   25.372824 ^ output84/X (sky130_fd_sc_hd__buf_8)
                                                         out59 (net)
                      0.111692    0.001378   25.374201 ^ out59 (out)
                                             25.374201   data arrival time

                                  8.000000    8.000000   clock clk (rise edge)
                                  0.000000    8.000000   clock network delay (propagated)
                                 -0.250000    7.750000   clock uncertainty
                                  0.000000    7.750000   clock reconvergence pessimism
                                 -1.600000    6.150000   output external delay
                                              6.150000   data required time
---------------------------------------------------------------------------------------------
                                              6.150000   data required time
                                            -25.374201   data arrival time
---------------------------------------------------------------------------------------------
                                            -19.224201   slack (VIOLATED)




===========================================================================
 report_check_types -max_slew -max_cap -max_fanout -violators
============================================================================
======================= nom_ss_100C_1v60 Corner ===================================

max slew

Pin                                        Limit        Slew       Slack
------------------------------------------------------------------------
ANTENNA_clkbuf_4_2_0_clk_A/DIODE        0.750000    1.827781   -1.077781 (VIOLATED)
clkbuf_4_2_0_clk/A                      0.750000    1.827781   -1.077781 (VIOLATED)
ANTENNA_clkbuf_4_0_0_clk_A/DIODE        0.750000    1.827779   -1.077779 (VIOLATED)
clkbuf_4_0_0_clk/A                      0.750000    1.827780   -1.077780 (VIOLATED)
ANTENNA_clkbuf_4_15_0_clk_A/DIODE       0.750000    1.827775   -1.077775 (VIOLATED)
clkbuf_4_15_0_clk/A                     0.750000    1.827775   -1.077775 (VIOLATED)
ANTENNA_clkbuf_4_14_0_clk_A/DIODE       0.750000    1.827771   -1.077771 (VIOLATED)
ANTENNA_clkbuf_4_1_0_clk_A/DIODE        0.750000    1.827772   -1.077772 (VIOLATED)
clkbuf_4_14_0_clk/A                     0.750000    1.827772   -1.077772 (VIOLATED)
clkbuf_4_1_0_clk/A                      0.750000    1.827772   -1.077772 (VIOLATED)
ANTENNA_clkbuf_4_6_0_clk_A/DIODE        0.750000    1.827767   -1.077767 (VIOLATED)
clkbuf_4_6_0_clk/A                      0.750000    1.827767   -1.077767 (VIOLATED)
ANTENNA_clkbuf_4_11_0_clk_A/DIODE       0.750000    1.827764   -1.077764 (VIOLATED)
clkbuf_4_11_0_clk/A                     0.750000    1.827764   -1.077764 (VIOLATED)
ANTENNA_clkbuf_4_9_0_clk_A/DIODE        0.750000    1.827759   -1.077759 (VIOLATED)
clkbuf_4_9_0_clk/A                      0.750000    1.827759   -1.077759 (VIOLATED)
ANTENNA_clone1_X/DIODE                  0.750000    1.827757   -1.077757 (VIOLATED)
clone1/X                                0.750000    1.827757   -1.077757 (VIOLATED)
c719/Y                                  0.750000    1.803953   -1.053953 (VIOLATED)
clkbuf_0_net600/A                       0.750000    1.803953   -1.053953 (VIOLATED)
ANTENNA_clkbuf_4_10_0_clk_A/DIODE       0.750000    1.007738   -0.257738 (VIOLATED)
ANTENNA_clkbuf_4_13_0_clk_A/DIODE       0.750000    1.007732   -0.257732 (VIOLATED)
ANTENNA_clkbuf_4_5_0_clk_A/DIODE        0.750000    1.007729   -0.257729 (VIOLATED)
ANTENNA_clkbuf_0_clk_X/DIODE            0.750000    1.007728   -0.257728 (VIOLATED)
ANTENNA_clkbuf_4_4_0_clk_A/DIODE        0.750000    1.007728   -0.257728 (VIOLATED)
clone2/X                                0.750000    1.007724   -0.257724 (VIOLATED)
ANTENNA_clone3_A/DIODE                  0.750000    0.851114   -0.101114 (VIOLATED)
clone3/A                                0.750000    0.851114   -0.101114 (VIOLATED)
clkbuf_4_12_0_clk/A                     0.750000    0.851114   -0.101114 (VIOLATED)
ANTENNA_clkbuf_4_12_0_clk_A/DIODE       0.750000    0.851114   -0.101114 (VIOLATED)
ANTENNA_clkbuf_4_8_0_clk_A/DIODE        0.750000    0.851112   -0.101113 (VIOLATED)
clkbuf_4_8_0_clk/A                      0.750000    0.851112   -0.101112 (VIOLATED)
clkbuf_4_3_0_clk/A                      0.750000    0.851112   -0.101112 (VIOLATED)
ANTENNA_clkbuf_4_3_0_clk_A/DIODE        0.750000    0.851112   -0.101112 (VIOLATED)
ANTENNA_clone4_X/DIODE                  0.750000    0.851110   -0.101110 (VIOLATED)
clone4/X                                0.750000    0.851110   -0.101110 (VIOLATED)
merge781/S0                             0.750000    0.768661   -0.018661 (VIOLATED)
c415/A0                                 0.750000    0.768659   -0.018659 (VIOLATED)
c409/A2                                 0.750000    0.768656   -0.018656 (VIOLATED)
c413/A3                                 0.750000    0.768655   -0.018655 (VIOLATED)
c405/Y                                  0.750000    0.768652   -0.018652 (VIOLATED)
c410/A0                                 0.750000    0.768652   -0.018652 (VIOLATED)
c738/A1                                 0.750000    0.751197   -0.001197 (VIOLATED)
ANTENNA_c738_A1/DIODE                   0.750000    0.751196   -0.001196 (VIOLATED)
c599/B1                                 0.750000    0.751189   -0.001189 (VIOLATED)
ANTENNA_c599_B1/DIODE                   0.750000    0.751189   -0.001189 (VIOLATED)
merge776/B1                             0.750000    0.751184   -0.001184 (VIOLATED)
ANTENNA_merge776_B1/DIODE               0.750000    0.751184   -0.001184 (VIOLATED)
c483/A2                                 0.750000    0.751177   -0.001177 (VIOLATED)
ANTENNA_c483_A2/DIODE                   0.750000    0.751177   -0.001177 (VIOLATED)
c481/A3                                 0.750000    0.751176   -0.001176 (VIOLATED)
ANTENNA_c481_A3/DIODE                   0.750000    0.751175   -0.001175 (VIOLATED)
merge789/D_N                            0.750000    0.751169   -0.001169 (VIOLATED)
ANTENNA_merge789_D_N/DIODE              0.750000    0.751168   -0.001168 (VIOLATED)
ANTENNA_merge772_SET_B/DIODE            0.750000    0.751160   -0.001160 (VIOLATED)
merge793/S0                             0.750000    0.751158   -0.001158 (VIOLATED)
ANTENNA_merge793_S0/DIODE               0.750000    0.751158   -0.001158 (VIOLATED)
merge795/A2                             0.750000    0.751154   -0.001154 (VIOLATED)
merge772/SET_B                          0.750000    0.751153   -0.001153 (VIOLATED)
ANTENNA_merge795_A2/DIODE               0.750000    0.751152   -0.001152 (VIOLATED)
ANTENNA_c474_A2/DIODE                   0.750000    0.751151   -0.001151 (VIOLATED)
c474/A2                                 0.750000    0.751151   -0.001151 (VIOLATED)
ANTENNA_c468_Y/DIODE                    0.750000    0.751151   -0.001151 (VIOLATED)
c468/Y                                  0.750000    0.751149   -0.001149 (VIOLATED)

max fanout

Pin                                   Limit Fanout  Slack
---------------------------------------------------------
clkbuf_4_15_0_clk/X                      10     29    -19 (VIOLATED)
clkbuf_4_4_0_clk/X                       10     27    -17 (VIOLATED)
clkbuf_4_13_0_clk/X                      10     23    -13 (VIOLATED)
clkbuf_4_14_0_clk/X                      10     23    -13 (VIOLATED)
clkbuf_4_7_0_clk/X                       10     23    -13 (VIOLATED)
c264/Y                                   10     21    -11 (VIOLATED)
c329/X                                   10     21    -11 (VIOLATED)
c441/X                                   10     21    -11 (VIOLATED)
c468/Y                                   10     21    -11 (VIOLATED)
fanout119/X                              10     21    -11 (VIOLATED)
fanout133/X                              10     20    -10 (VIOLATED)
c151/X                                   10     19     -9 (VIOLATED)
c169/X                                   10     19     -9 (VIOLATED)
clkbuf_4_12_0_clk/X                      10     19     -9 (VIOLATED)
clkbuf_4_6_0_clk/X                       10     19     -9 (VIOLATED)
c443/X                                   10     17     -7 (VIOLATED)
c486/X                                   10     17     -7 (VIOLATED)
c96/X                                    10     17     -7 (VIOLATED)
clkbuf_4_5_0_clk/X                       10     17     -7 (VIOLATED)
clone1/X                                 10     17     -7 (VIOLATED)
c137/X                                   10     15     -5 (VIOLATED)
c240/X                                   10     15     -5 (VIOLATED)
clkbuf_4_8_0_clk/X                       10     15     -5 (VIOLATED)
c118/X                                   10     13     -3 (VIOLATED)
c119/Y                                   10     13     -3 (VIOLATED)
c146/X                                   10     13     -3 (VIOLATED)
c176/X                                   10     12     -2 (VIOLATED)
fanout128/X                              10     12     -2 (VIOLATED)
c115/X                                   10     11        (VIOLATED)
c452/X                                   10     11        (VIOLATED)
c64/X                                    10     11        (VIOLATED)
clkbuf_4_3_0_clk/X                       10     11        (VIOLATED)

max capacitance

Pin                                        Limit         Cap       Slack
------------------------------------------------------------------------
clone1/X                                0.081492    0.099930   -0.018438 (VIOLATED)
c719/Y                                  0.010081    0.013168   -0.003087 (VIOLATED)



===========================================================================
report_parasitic_annotation -report_unannotated
============================================================================
Found 1 unannotated drivers.
 rst
Found 0 partially unannotated drivers.

===========================================================================
max slew violation count 64
max fanout violation count 32
max cap violation count 2
============================================================================

===========================================================================
check_setup -verbose -unconstrained_endpoints -multiple_clock -no_clock -no_input_delay -loops -generated_clocks
===========================================================================
Warning: There are 47 unconstrained endpoints.
  out1
  out11
  out12
  out13
  out19
  out2
  out20
  out21
  out22
  out26
  out27
  out3
  out30
  out32
  out34
  out36
  out37
  out38
  out39
  out4
  out40
  out41
  out42
  out45
  out46
  out48
  out49
  out5
  out50
  out51
  out52
  out53
  out56
  out58
  out6
  out60
  out61
  out8
  out9
  c451/SCD
  c453/SCD
  c454/D
  merge777/SCD
  merge778/SCE
  merge779/SCE
  merge826/GATE
  merge828/GATE
Warning: There are 3 combinational loops in the design.
  c721/X
  clkbuf_0_net708/A
  clkbuf_0_net708/X
  clkbuf_1_0__f_net708/A
  clkbuf_1_0__f_net708/X
  c719/D1
  c719/Y
  clkbuf_0_net600/A
  clkbuf_0_net600/X
  clkbuf_1_0__f_net600/A
  clkbuf_1_0__f_net600/X
  c721/A2
  | loop cut point
  c721/X
  --------------------------------
  c720/X
  clkbuf_0_net601/A
  clkbuf_0_net601/X
  clkbuf_1_0__f_net601/A
  clkbuf_1_0__f_net601/X
  c721/A0
  c721/X
  clkbuf_0_net708/A
  clkbuf_0_net708/X
  clkbuf_1_0__f_net708/A
  clkbuf_1_0__f_net708/X
  c719/D1
  c719/Y
  clkbuf_0_net600/A
  clkbuf_0_net600/X
  clkbuf_1_1__f_net600/A
  clkbuf_1_1__f_net600/X
  c720/A3
  | loop cut point
  c720/X
  --------------------------------
  c592/Y
  c593/A0
  c593/X
  c592/D1
  | loop cut point
  c592/Y
  --------------------------------
