
Magic 8.3 revision 466 - Compiled on Thu Mar 21 19:39:21 UTC 2024.
Starting magic under Tcl interpreter
Using the terminal as the console.
Using NULL graphics device.
Processing system .magicrc file
Sourcing design .magicrc for technology sky130A ...
2 Magic internal units = 1 Lambda
Input style sky130(): scaleFactor=2, multiplier=2
The following types are not handled by extraction and will be treated as non-electrical types:
    ubm 
Scaled tech values by 2 / 1 to match internal grid scaling
Loading sky130A Device Generator Menu ...
Loading "/nix/store/fvqq0703nb8y0f998v8hgg5l6mjj8gb5-python3-3.11.6-env/lib/python3.11/site-packages/openlane/scripts/magic/wrapper.tcl" from command line.
> lef read /Users/junpeng/.volare/volare/sky130/versions/bdc9412b3e468c102d01b7cf6337be06ec6e9c9a/sky130A/libs.ref/sky130_fd_sc_hd/techlef/sky130_fd_sc_hd__nom.tlef
Reading LEF data from file /Users/junpeng/.volare/volare/sky130/versions/bdc9412b3e468c102d01b7cf6337be06ec6e9c9a/sky130A/libs.ref/sky130_fd_sc_hd/techlef/sky130_fd_sc_hd__nom.tlef.
This action cannot be undone.
LEF read, Line 78 (Message): Unknown keyword "ANTENNAMODEL" in LEF file; ignoring.
LEF read, Line 79 (Message): Unknown keyword "ANTENNADIFFSIDEAREARATIO" in LEF file; ignoring.
LEF read, Line 112 (Message): Unknown keyword "MINENCLOSEDAREA" in LEF file; ignoring.
LEF read, Line 114 (Message): Unknown keyword "ANTENNAMODEL" in LEF file; ignoring.
LEF read, Line 115 (Message): Unknown keyword "ANTENNADIFFSIDEAREARATIO" in LEF file; ignoring.
LEF read, Line 121 (Message): Unknown keyword "MAXIMUMDENSITY" in LEF file; ignoring.
LEF read, Line 122 (Message): Unknown keyword "DENSITYCHECKWINDOW" in LEF file; ignoring.
LEF read, Line 123 (Message): Unknown keyword "DENSITYCHECKSTEP" in LEF file; ignoring.
LEF read, Line 156 (Message): Unknown keyword "MINENCLOSEDAREA" in LEF file; ignoring.
LEF read, Line 164 (Message): Unknown keyword "ANTENNAMODEL" in LEF file; ignoring.
LEF read, Line 165 (Message): Unknown keyword "ANTENNADIFFSIDEAREARATIO" in LEF file; ignoring.
LEF read, Line 167 (Message): Unknown keyword "MAXIMUMDENSITY" in LEF file; ignoring.
LEF read, Line 168 (Message): Unknown keyword "DENSITYCHECKWINDOW" in LEF file; ignoring.
LEF read, Line 169 (Message): Unknown keyword "DENSITYCHECKSTEP" in LEF file; ignoring.
LEF read, Line 206 (Message): Unknown keyword "ANTENNAMODEL" in LEF file; ignoring.
LEF read, Line 207 (Message): Unknown keyword "ANTENNADIFFSIDEAREARATIO" in LEF file; ignoring.
LEF read, Line 209 (Message): Unknown keyword "MAXIMUMDENSITY" in LEF file; ignoring.
LEF read, Line 210 (Message): Unknown keyword "DENSITYCHECKWINDOW" in LEF file; ignoring.
LEF read, Line 211 (Message): Unknown keyword "DENSITYCHECKSTEP" in LEF file; ignoring.
LEF read, Line 248 (Message): Unknown keyword "ANTENNAMODEL" in LEF file; ignoring.
LEF read, Line 249 (Message): Unknown keyword "ANTENNADIFFSIDEAREARATIO" in LEF file; ignoring.
LEF read, Line 251 (Message): Unknown keyword "MAXIMUMDENSITY" in LEF file; ignoring.
LEF read, Line 252 (Message): Unknown keyword "DENSITYCHECKWINDOW" in LEF file; ignoring.
LEF read, Line 253 (Message): Unknown keyword "DENSITYCHECKSTEP" in LEF file; ignoring.
LEF read, Line 290 (Message): Unknown keyword "ANTENNAMODEL" in LEF file; ignoring.
LEF read, Line 291 (Message): Unknown keyword "ANTENNADIFFSIDEAREARATIO" in LEF file; ignoring.
LEF read: Processed 797 lines.
> lef read /Users/junpeng/.volare/volare/sky130/versions/bdc9412b3e468c102d01b7cf6337be06ec6e9c9a/sky130A/libs.ref/sky130_fd_sc_hd/lef/sky130_ef_sc_hd.lef
Reading LEF data from file /Users/junpeng/.volare/volare/sky130/versions/bdc9412b3e468c102d01b7cf6337be06ec6e9c9a/sky130A/libs.ref/sky130_fd_sc_hd/lef/sky130_ef_sc_hd.lef.
This action cannot be undone.
LEF read: Processed 278 lines.
> lef read /Users/junpeng/.volare/volare/sky130/versions/bdc9412b3e468c102d01b7cf6337be06ec6e9c9a/sky130A/libs.ref/sky130_fd_sc_hd/lef/sky130_fd_sc_hd.lef
Reading LEF data from file /Users/junpeng/.volare/volare/sky130/versions/bdc9412b3e468c102d01b7cf6337be06ec6e9c9a/sky130A/libs.ref/sky130_fd_sc_hd/lef/sky130_fd_sc_hd.lef.
This action cannot be undone.
LEF read: Processed 56535 lines.
> def read /Users/junpeng/openlane2/netlist_mid_ad_max/src/netlist_0/runs/physical_design/42-openroad-fillinsertion/netlist_0.def -noblockage -labels
Reading DEF data from file /Users/junpeng/openlane2/netlist_mid_ad_max/src/netlist_0/runs/physical_design/42-openroad-fillinsertion/netlist_0.def.
This action cannot be undone.
  Processed 4 vias total.
  Processed 9925 subcell instances total.
  Processed 128 pins total.
  Processed 2 special nets total.
  Processed 1652 nets total.
DEF read: Processed 52491 lines.
Moving label "clknet_0_net300" from metal1 to via1 in cell netlist_0.
Moving label "clknet_0_net330" from metal2 to via2 in cell netlist_0.
Moving label "clknet_0_net585" from metal1 to via1 in cell netlist_0.
Moving label "clknet_1_0__leaf_net182" from metal1 to via1 in cell netlist_0.
Moving label "clknet_1_0__leaf_net562" from metal1 to viali in cell netlist_0.
Moving label "clknet_1_0__leaf_net604" from metal1 to via1 in cell netlist_0.
Moving label "clknet_1_0__leaf_net937" from metal1 to via1 in cell netlist_0.
Moving label "clknet_1_1__leaf_net498" from metal1 to via1 in cell netlist_0.
Moving label "net1002" from metal2 to via2 in cell netlist_0.
Moving label "net1003" from metal2 to via2 in cell netlist_0.
Moving label "net1024" from metal1 to via1 in cell netlist_0.
Moving label "net1059" from metal2 to via1 in cell netlist_0.
Moving label "net1078" from metal2 to via2 in cell netlist_0.
Moving label "net108" from metal1 to via1 in cell netlist_0.
Moving label "net1086" from metal1 to via1 in cell netlist_0.
Moving label "net1088" from metal1 to via1 in cell netlist_0.
Moving label "net1095" from metal2 to via2 in cell netlist_0.
Moving label "net1108" from metal1 to via1 in cell netlist_0.
Moving label "net1115" from metal2 to via2 in cell netlist_0.
Moving label "net140" from metal1 to via1 in cell netlist_0.
Moving label "net15" from metal1 to via1 in cell netlist_0.
Moving label "net195" from metal1 to via1 in cell netlist_0.
Moving label "net203" from metal2 to via2 in cell netlist_0.
Moving label "net213" from metal2 to via1 in cell netlist_0.
Moving label "net215" from metal2 to via2 in cell netlist_0.
Moving label "net286" from metal1 to via1 in cell netlist_0.
Moving label "net339" from metal1 to via1 in cell netlist_0.
Moving label "net375" from metal2 to via2 in cell netlist_0.
Moving label "net41" from metal2 to via2 in cell netlist_0.
Moving label "net43" from metal1 to via1 in cell netlist_0.
Moving label "net466" from metal1 to via1 in cell netlist_0.
Moving label "net470" from metal1 to via1 in cell netlist_0.
Moving label "net518" from metal2 to via2 in cell netlist_0.
Moving label "net536" from metal1 to via1 in cell netlist_0.
Moving label "net538" from metal1 to via1 in cell netlist_0.
Moving label "net542" from metal2 to via2 in cell netlist_0.
Moving label "net596" from metal2 to via2 in cell netlist_0.
Moving label "net601" from metal1 to via1 in cell netlist_0.
Moving label "net626" from metal2 to via2 in cell netlist_0.
Moving label "net653" from metal2 to via1 in cell netlist_0.
Moving label "net667" from metal1 to via1 in cell netlist_0.
Moving label "net669" from metal2 to via2 in cell netlist_0.
Moving label "net68" from metal2 to via2 in cell netlist_0.
Moving label "net688" from metal2 to via2 in cell netlist_0.
Moving label "net691" from metal1 to viali in cell netlist_0.
Moving label "net71" from metal2 to via2 in cell netlist_0.
Moving label "net727" from metal2 to via2 in cell netlist_0.
Moving label "net736" from metal2 to via2 in cell netlist_0.
Moving label "net768" from metal2 to via1 in cell netlist_0.
Moving label "net77" from metal2 to via2 in cell netlist_0.
Moving label "net777" from metal2 to via1 in cell netlist_0.
Moving label "net795" from metal2 to via2 in cell netlist_0.
Moving label "net848" from metal2 to via2 in cell netlist_0.
Moving label "net879" from metal2 to via1 in cell netlist_0.
Moving label "net883" from metal2 to via2 in cell netlist_0.
Moving label "net890" from metal2 to via2 in cell netlist_0.
Moving label "net895" from metal2 to via2 in cell netlist_0.
Moving label "net908" from metal2 to via2 in cell netlist_0.
Moving label "net914" from metal2 to via2 in cell netlist_0.
Moving label "net973" from metal3 to via3 in cell netlist_0.
Moving label "out10" from metal2 to via2 in cell netlist_0.
Moving label "out16" from metal2 to via2 in cell netlist_0.
Moving label "out20" from metal2 to via2 in cell netlist_0.
Moving label "out23" from metal2 to via2 in cell netlist_0.
Moving label "out27" from metal2 to via2 in cell netlist_0.
Moving label "out32" from metal2 to via2 in cell netlist_0.
Moving label "out34" from metal2 to via2 in cell netlist_0.
Moving label "out46" from metal2 to via2 in cell netlist_0.
Moving label "out47" from metal2 to via2 in cell netlist_0.
Moving label "out5" from metal2 to via2 in cell netlist_0.
Moving label "out50" from metal2 to via2 in cell netlist_0.
Moving label "out57" from metal2 to via2 in cell netlist_0.
Moving label "out61" from metal2 to via2 in cell netlist_0.
Moving label "out8" from metal2 to via2 in cell netlist_0.
Processing netlist_0
Extracting sky130_fd_sc_hd__decap_3 into sky130_fd_sc_hd__decap_3.ext:
Extracting sky130_ef_sc_hd__decap_12 into sky130_ef_sc_hd__decap_12.ext:
Extracting sky130_fd_sc_hd__tapvpwrvgnd_1 into sky130_fd_sc_hd__tapvpwrvgnd_1.ext:
Extracting sky130_fd_sc_hd__fill_1 into sky130_fd_sc_hd__fill_1.ext:
Extracting sky130_fd_sc_hd__decap_4 into sky130_fd_sc_hd__decap_4.ext:
Extracting sky130_fd_sc_hd__buf_2 into sky130_fd_sc_hd__buf_2.ext:
Extracting sky130_fd_sc_hd__diode_2 into sky130_fd_sc_hd__diode_2.ext:
Extracting sky130_fd_sc_hd__buf_8 into sky130_fd_sc_hd__buf_8.ext:
Extracting sky130_fd_sc_hd__clkbuf_4 into sky130_fd_sc_hd__clkbuf_4.ext:
Extracting sky130_fd_sc_hd__decap_6 into sky130_fd_sc_hd__decap_6.ext:
Extracting sky130_fd_sc_hd__buf_4 into sky130_fd_sc_hd__buf_4.ext:
Extracting sky130_fd_sc_hd__decap_8 into sky130_fd_sc_hd__decap_8.ext:
Extracting sky130_fd_sc_hd__dlclkp_1 into sky130_fd_sc_hd__dlclkp_1.ext:
Extracting sky130_fd_sc_hd__fill_2 into sky130_fd_sc_hd__fill_2.ext:
Extracting sky130_fd_sc_hd__clkbuf_1 into sky130_fd_sc_hd__clkbuf_1.ext:
Extracting sky130_fd_sc_hd__dlclkp_4 into sky130_fd_sc_hd__dlclkp_4.ext:
Extracting sky130_fd_sc_hd__dfxtp_1 into sky130_fd_sc_hd__dfxtp_1.ext:
Extracting sky130_fd_sc_hd__mux4_4 into sky130_fd_sc_hd__mux4_4.ext:
Extracting sky130_fd_sc_hd__mux4_2 into sky130_fd_sc_hd__mux4_2.ext:
Extracting sky130_fd_sc_hd__clkbuf_16 into sky130_fd_sc_hd__clkbuf_16.ext:
Extracting sky130_fd_sc_hd__dlygate4sd3_1 into sky130_fd_sc_hd__dlygate4sd3_1.ext:
Extracting sky130_fd_sc_hd__dfxtp_2 into sky130_fd_sc_hd__dfxtp_2.ext:
Extracting sky130_fd_sc_hd__dfrtp_4 into sky130_fd_sc_hd__dfrtp_4.ext:
Extracting sky130_fd_sc_hd__dlxtn_4 into sky130_fd_sc_hd__dlxtn_4.ext:
Extracting sky130_fd_sc_hd__mux4_1 into sky130_fd_sc_hd__mux4_1.ext:
Extracting sky130_fd_sc_hd__dlclkp_2 into sky130_fd_sc_hd__dlclkp_2.ext:
Extracting sky130_fd_sc_hd__inv_2 into sky130_fd_sc_hd__inv_2.ext:
Extracting sky130_fd_sc_hd__clkbuf_2 into sky130_fd_sc_hd__clkbuf_2.ext:
Extracting sky130_fd_sc_hd__or4bb_1 into sky130_fd_sc_hd__or4bb_1.ext:
Extracting sky130_fd_sc_hd__a2111oi_2 into sky130_fd_sc_hd__a2111oi_2.ext:
Extracting sky130_fd_sc_hd__dlxbn_1 into sky130_fd_sc_hd__dlxbn_1.ext:
Extracting sky130_fd_sc_hd__nand2_4 into sky130_fd_sc_hd__nand2_4.ext:
Extracting sky130_fd_sc_hd__dlrtn_2 into sky130_fd_sc_hd__dlrtn_2.ext:
Extracting sky130_fd_sc_hd__inv_4 into sky130_fd_sc_hd__inv_4.ext:
Extracting sky130_fd_sc_hd__edfxbp_1 into sky130_fd_sc_hd__edfxbp_1.ext:
Extracting sky130_fd_sc_hd__edfxtp_1 into sky130_fd_sc_hd__edfxtp_1.ext:
Extracting sky130_fd_sc_hd__inv_6 into sky130_fd_sc_hd__inv_6.ext:
Extracting sky130_fd_sc_hd__dfrtp_1 into sky130_fd_sc_hd__dfrtp_1.ext:
Extracting sky130_fd_sc_hd__or4bb_4 into sky130_fd_sc_hd__or4bb_4.ext:
Extracting sky130_fd_sc_hd__o2111ai_4 into sky130_fd_sc_hd__o2111ai_4.ext:
Extracting sky130_fd_sc_hd__buf_1 into sky130_fd_sc_hd__buf_1.ext:
Extracting sky130_fd_sc_hd__lpflow_inputisolatch_1 into sky130_fd_sc_hd__lpflow_inputisolatch_1.ext:
Extracting sky130_fd_sc_hd__inv_1 into sky130_fd_sc_hd__inv_1.ext:
Extracting sky130_fd_sc_hd__o2111a_4 into sky130_fd_sc_hd__o2111a_4.ext:
Extracting sky130_fd_sc_hd__a2111oi_4 into sky130_fd_sc_hd__a2111oi_4.ext:
Extracting sky130_fd_sc_hd__a2111oi_1 into sky130_fd_sc_hd__a2111oi_1.ext:
Extracting sky130_fd_sc_hd__dlygate4sd1_1 into sky130_fd_sc_hd__dlygate4sd1_1.ext:
Extracting sky130_fd_sc_hd__dfstp_2 into sky130_fd_sc_hd__dfstp_2.ext:
Extracting sky130_fd_sc_hd__dlrtn_4 into sky130_fd_sc_hd__dlrtn_4.ext:
Extracting sky130_fd_sc_hd__dlrbn_1 into sky130_fd_sc_hd__dlrbn_1.ext:
Extracting sky130_fd_sc_hd__dfxbp_2 into sky130_fd_sc_hd__dfxbp_2.ext:
Extracting sky130_fd_sc_hd__clkbuf_8 into sky130_fd_sc_hd__clkbuf_8.ext:
Extracting sky130_fd_sc_hd__and2_4 into sky130_fd_sc_hd__and2_4.ext:
Extracting sky130_fd_sc_hd__nand2b_1 into sky130_fd_sc_hd__nand2b_1.ext:
Extracting sky130_fd_sc_hd__dfrtp_2 into sky130_fd_sc_hd__dfrtp_2.ext:
Extracting sky130_fd_sc_hd__o2111ai_1 into sky130_fd_sc_hd__o2111ai_1.ext:
Extracting sky130_fd_sc_hd__dfsbp_2 into sky130_fd_sc_hd__dfsbp_2.ext:
Extracting sky130_fd_sc_hd__a2111oi_0 into sky130_fd_sc_hd__a2111oi_0.ext:
Extracting sky130_fd_sc_hd__dlxtp_1 into sky130_fd_sc_hd__dlxtp_1.ext:
Extracting sky130_fd_sc_hd__dlxbp_1 into sky130_fd_sc_hd__dlxbp_1.ext:
Extracting sky130_fd_sc_hd__and3_1 into sky130_fd_sc_hd__and3_1.ext:
Extracting sky130_fd_sc_hd__nand3b_4 into sky130_fd_sc_hd__nand3b_4.ext:
Extracting sky130_fd_sc_hd__nor2b_4 into sky130_fd_sc_hd__nor2b_4.ext:
Extracting sky130_fd_sc_hd__nand2_2 into sky130_fd_sc_hd__nand2_2.ext:
Extracting sky130_fd_sc_hd__dlrtp_1 into sky130_fd_sc_hd__dlrtp_1.ext:
Extracting sky130_fd_sc_hd__nor3_1 into sky130_fd_sc_hd__nor3_1.ext:
Extracting sky130_fd_sc_hd__or3_2 into sky130_fd_sc_hd__or3_2.ext:
Extracting sky130_fd_sc_hd__buf_6 into sky130_fd_sc_hd__buf_6.ext:
Extracting sky130_fd_sc_hd__dlxtn_1 into sky130_fd_sc_hd__dlxtn_1.ext:
Extracting sky130_fd_sc_hd__o2111a_1 into sky130_fd_sc_hd__o2111a_1.ext:
Extracting sky130_fd_sc_hd__or4bb_2 into sky130_fd_sc_hd__or4bb_2.ext:
Extracting sky130_fd_sc_hd__nor3b_1 into sky130_fd_sc_hd__nor3b_1.ext:
Extracting sky130_fd_sc_hd__sdlclkp_1 into sky130_fd_sc_hd__sdlclkp_1.ext:
Extracting sky130_fd_sc_hd__o2111ai_2 into sky130_fd_sc_hd__o2111ai_2.ext:
Extracting sky130_fd_sc_hd__dfxbp_1 into sky130_fd_sc_hd__dfxbp_1.ext:
Extracting sky130_fd_sc_hd__or2b_4 into sky130_fd_sc_hd__or2b_4.ext:
Extracting sky130_fd_sc_hd__dfrbp_2 into sky130_fd_sc_hd__dfrbp_2.ext:
Extracting sky130_fd_sc_hd__nor2_4 into sky130_fd_sc_hd__nor2_4.ext:
Extracting sky130_fd_sc_hd__sdfbbn_2 into sky130_fd_sc_hd__sdfbbn_2.ext:
Extracting sky130_fd_sc_hd__dfxtp_4 into sky130_fd_sc_hd__dfxtp_4.ext:
Extracting sky130_fd_sc_hd__buf_16 into sky130_fd_sc_hd__buf_16.ext:
Extracting sky130_fd_sc_hd__sdlclkp_4 into sky130_fd_sc_hd__sdlclkp_4.ext:
Extracting sky130_fd_sc_hd__dlrbn_2 into sky130_fd_sc_hd__dlrbn_2.ext:
Extracting sky130_fd_sc_hd__dfrtn_1 into sky130_fd_sc_hd__dfrtn_1.ext:
Extracting sky130_fd_sc_hd__nor2_2 into sky130_fd_sc_hd__nor2_2.ext:
Extracting sky130_fd_sc_hd__sdfrtp_4 into sky130_fd_sc_hd__sdfrtp_4.ext:
Extracting sky130_fd_sc_hd__dlxtn_2 into sky130_fd_sc_hd__dlxtn_2.ext:
Extracting sky130_fd_sc_hd__sdfrtp_1 into sky130_fd_sc_hd__sdfrtp_1.ext:
Extracting sky130_fd_sc_hd__or3_1 into sky130_fd_sc_hd__or3_1.ext:
Extracting sky130_fd_sc_hd__sdfbbp_1 into sky130_fd_sc_hd__sdfbbp_1.ext:
Extracting sky130_fd_sc_hd__or2b_1 into sky130_fd_sc_hd__or2b_1.ext:
Extracting sky130_fd_sc_hd__dlxbn_2 into sky130_fd_sc_hd__dlxbn_2.ext:
Extracting sky130_fd_sc_hd__dlrbp_1 into sky130_fd_sc_hd__dlrbp_1.ext:
Extracting sky130_fd_sc_hd__a2111o_1 into sky130_fd_sc_hd__a2111o_1.ext:
Extracting sky130_fd_sc_hd__sdfbbn_1 into sky130_fd_sc_hd__sdfbbn_1.ext:
Extracting sky130_fd_sc_hd__dlymetal6s2s_1 into sky130_fd_sc_hd__dlymetal6s2s_1.ext:
Extracting sky130_fd_sc_hd__dlrtp_4 into sky130_fd_sc_hd__dlrtp_4.ext:
Extracting sky130_fd_sc_hd__nand3_2 into sky130_fd_sc_hd__nand3_2.ext:
Extracting sky130_fd_sc_hd__nor2b_1 into sky130_fd_sc_hd__nor2b_1.ext:
Extracting sky130_fd_sc_hd__and2_2 into sky130_fd_sc_hd__and2_2.ext:
Extracting sky130_fd_sc_hd__or3b_4 into sky130_fd_sc_hd__or3b_4.ext:
Extracting sky130_fd_sc_hd__dlrtn_1 into sky130_fd_sc_hd__dlrtn_1.ext:
Extracting sky130_fd_sc_hd__a2111o_2 into sky130_fd_sc_hd__a2111o_2.ext:
Extracting sky130_fd_sc_hd__and2b_1 into sky130_fd_sc_hd__and2b_1.ext:
Extracting sky130_fd_sc_hd__a2111o_4 into sky130_fd_sc_hd__a2111o_4.ext:
Extracting sky130_fd_sc_hd__nor3b_2 into sky130_fd_sc_hd__nor3b_2.ext:
Extracting sky130_fd_sc_hd__nand2b_4 into sky130_fd_sc_hd__nand2b_4.ext:
Extracting sky130_fd_sc_hd__nor2_1 into sky130_fd_sc_hd__nor2_1.ext:
Extracting sky130_fd_sc_hd__dfrbp_1 into sky130_fd_sc_hd__dfrbp_1.ext:
Extracting sky130_fd_sc_hd__nor3_4 into sky130_fd_sc_hd__nor3_4.ext:
Extracting sky130_fd_sc_hd__and3b_2 into sky130_fd_sc_hd__and3b_2.ext:
Extracting sky130_fd_sc_hd__or2_4 into sky130_fd_sc_hd__or2_4.ext:
Extracting sky130_fd_sc_hd__dlrtp_2 into sky130_fd_sc_hd__dlrtp_2.ext:
Extracting sky130_fd_sc_hd__sdfrtp_2 into sky130_fd_sc_hd__sdfrtp_2.ext:
Extracting sky130_fd_sc_hd__or3b_1 into sky130_fd_sc_hd__or3b_1.ext:
Extracting sky130_fd_sc_hd__or2_2 into sky130_fd_sc_hd__or2_2.ext:
Extracting sky130_fd_sc_hd__nand3b_1 into sky130_fd_sc_hd__nand3b_1.ext:
Extracting sky130_fd_sc_hd__or3_4 into sky130_fd_sc_hd__or3_4.ext:
Extracting sky130_fd_sc_hd__buf_12 into sky130_fd_sc_hd__buf_12.ext:
Extracting sky130_fd_sc_hd__sdfrtn_1 into sky130_fd_sc_hd__sdfrtn_1.ext:
Extracting sky130_fd_sc_hd__sdfrbp_2 into sky130_fd_sc_hd__sdfrbp_2.ext:
Extracting sky130_fd_sc_hd__nand3b_2 into sky130_fd_sc_hd__nand3b_2.ext:
Extracting sky130_fd_sc_hd__and2_1 into sky130_fd_sc_hd__and2_1.ext:
Extracting sky130_fd_sc_hd__dfsbp_1 into sky130_fd_sc_hd__dfsbp_1.ext:
Extracting sky130_fd_sc_hd__dfstp_4 into sky130_fd_sc_hd__dfstp_4.ext:
Extracting sky130_fd_sc_hd__nor3_2 into sky130_fd_sc_hd__nor3_2.ext:
Extracting sky130_fd_sc_hd__and3b_4 into sky130_fd_sc_hd__and3b_4.ext:
Extracting sky130_fd_sc_hd__nand2_1 into sky130_fd_sc_hd__nand2_1.ext:
Extracting sky130_fd_sc_hd__nor2b_2 into sky130_fd_sc_hd__nor2b_2.ext:
Extracting sky130_fd_sc_hd__o2111a_2 into sky130_fd_sc_hd__o2111a_2.ext:
Extracting sky130_fd_sc_hd__and3_2 into sky130_fd_sc_hd__and3_2.ext:
Extracting sky130_fd_sc_hd__sdlclkp_2 into sky130_fd_sc_hd__sdlclkp_2.ext:
Extracting sky130_fd_sc_hd__dfstp_1 into sky130_fd_sc_hd__dfstp_1.ext:
Extracting sky130_fd_sc_hd__or2_1 into sky130_fd_sc_hd__or2_1.ext:
Extracting sky130_fd_sc_hd__sdfrbp_1 into sky130_fd_sc_hd__sdfrbp_1.ext:
Extracting sky130_fd_sc_hd__and3b_1 into sky130_fd_sc_hd__and3b_1.ext:
Extracting sky130_fd_sc_hd__nand3_4 into sky130_fd_sc_hd__nand3_4.ext:
Extracting sky130_fd_sc_hd__or3b_2 into sky130_fd_sc_hd__or3b_2.ext:
Extracting sky130_fd_sc_hd__dfbbn_2 into sky130_fd_sc_hd__dfbbn_2.ext:
Extracting netlist_0 into netlist_0.ext:
exttospice finished.
Using technology "sky130A", version 1.0.466-0-gbdc9412
