
===========================================================================
Violator List
============================================================================
[hold in-reg] clk -> c447/SET_B : -3.482982
[hold in-reg] clk -> c668/RESET_B : -2.052380
[hold reg-reg] s924/Q -> c582/SET_B : -1.447891
[hold in-reg] clk -> c331/SET_B : -0.978449
[hold reg-reg] s895/Q -> c582/RESET_B : -0.963875
[hold reg-reg] s895/Q -> c553/SET_B : -0.840841
[hold reg-reg] s936/Q_N -> c578/SET_B : -0.323459
[hold reg-reg] c297/Q -> merge783/RESET_B : -0.052594
[hold in-reg] clk -> c583/SET_B : -0.046770
[hold reg-reg] s880/Q -> merge863/RESET_B : -0.030782
[hold reg-reg] s925/Q -> merge867/RESET_B : -0.023512
[setup reg-reg] merge821/Q -> c447/RESET_B : -11.239557
[setup reg-reg] merge819/Q -> c668/SET_B : -8.921064
[setup reg-reg] merge821/Q -> c331/RESET_B : -8.707602
[setup reg-reg] s923/Q -> c582/SET_B : -7.683339
[setup reg-reg] s903/Q -> c366/SET_B : -7.562461
[setup reg-reg] s939/Q -> c566/SET_B : -6.898526
[setup reg-out] merge821/Q -> out3 : -6.814233
[setup in-reg] in3 -> c337/RESET_B : -6.739299
[setup reg-reg] merge823/Q -> s973/D : -6.467958
[setup reg-out] merge821/Q -> out19 : -6.422255
[setup reg-reg] merge823/Q -> s941/D : -6.307942
[setup reg-reg] merge823/Q -> merge853/RESET_B : -6.287980
[setup reg-reg] merge823/Q -> s925/D : -6.257259
[setup reg-reg] merge823/Q -> merge836/D : -6.170234
[setup reg-reg] merge823/Q -> merge876/D : -6.063879
[setup reg-out] merge847/Q -> out13 : -5.947043
[setup reg-out] merge821/Q -> out12 : -5.924513
[setup reg-reg] s971/Q -> c744/SET_B : -5.907564
[setup reg-reg] merge827/Q -> merge853/D : -5.791918
[setup reg-reg] merge827/Q -> merge855/D : -5.790483
[setup in-reg] in51 -> s893/D : -5.729771
[setup reg-reg] merge823/Q -> merge864/RESET_B : -5.679665
[setup reg-reg] merge823/Q -> merge875/D : -5.670279
[setup reg-reg] merge821/Q -> merge857/D : -5.648342
[setup reg-reg] merge821/Q -> merge852/D : -5.643591
[setup reg-reg] merge827/Q -> c582/RESET_B : -5.537837
[setup reg-reg] merge823/Q -> merge836/RESET_B : -5.530561
[setup in-reg] in51 -> s892/D : -5.510164
[setup reg-reg] s955/Q -> merge839/D : -5.486078
[setup reg-reg] merge823/Q -> s920/D : -5.458758
[setup reg-reg] merge821/Q -> s947/GATE : -5.405289
[setup reg-out] s889/Q -> out48 : -5.392066
[setup reg-reg] merge821/Q -> merge843/SET_B : -5.332114
[setup reg-reg] merge821/Q -> s932/GATE : -5.274574
[setup reg-reg] merge821/Q -> s931/GATE : -5.260158
[setup reg-reg] merge821/Q -> merge851/D : -5.252701
[setup reg-reg] merge821/Q -> s948/GATE : -5.243837
[setup reg-reg] merge821/Q -> s933/GATE : -5.241863
[setup in-reg] in51 -> merge854/D : -5.237422
[setup reg-reg] merge821/Q -> merge869/SET_B : -5.219535
[setup reg-reg] merge821/Q -> s943/D : -5.212118
[setup reg-reg] s955/Q -> merge850/D : -5.189780
[setup reg-reg] merge821/Q -> merge871/SET_B : -5.167777
[setup reg-reg] merge821/Q -> merge857/DE : -5.166441
[setup reg-reg] merge821/Q -> merge839/RESET_B : -5.142851
[setup reg-reg] merge821/Q -> merge865/RESET_B : -5.078899
[setup reg-reg] merge823/Q -> merge864/D : -5.073687
[setup reg-reg] merge823/Q -> s972/D : -5.067648
[setup in-reg] in51 -> c108/D : -4.965144
[setup reg-reg] merge821/Q -> s974/D : -4.942177
[setup reg-reg] merge821/Q -> s942/D : -4.933870
[setup reg-reg] merge823/Q -> merge876/RESET_B : -4.929108
[setup in-reg] in51 -> s888/D : -4.924504
[setup reg-out] s889/Q -> out46 : -4.891761
[setup reg-reg] merge821/Q -> merge859/SCE : -4.873068
[setup reg-reg] merge821/Q -> merge840/SET_B : -4.867634
[setup in-reg] in51 -> merge812/D : -4.866041
[setup reg-reg] merge821/Q -> s945/D : -4.817548
[setup reg-reg] merge827/Q -> merge848/D : -4.799411
[setup reg-reg] merge821/Q -> s923/D : -4.787560
[setup reg-reg] merge823/Q -> c448/D : -4.784575
[setup in-reg] in51 -> c127/D : -4.780479
[setup in-reg] in3 -> merge823/RESET_B : -4.756221
[setup in-reg] in51 -> c108/SCE : -4.748081
[setup reg-reg] merge823/Q -> merge848/RESET_B : -4.743910
[setup reg-reg] merge821/Q -> s919/D : -4.715251
[setup in-reg] in3 -> merge811/RESET_B : -4.713555
[setup in-reg] in51 -> merge812/RESET_B : -4.687821
[setup in-reg] in3 -> merge823/D : -4.662204
[setup in-reg] in51 -> s904/D : -4.641185
[setup reg-reg] merge847/Q -> merge865/D : -4.540421
[setup reg-reg] merge823/Q -> merge855/RESET_B : -4.507653
[setup reg-reg] merge821/Q -> merge858/D : -4.507275
[setup in-reg] in3 -> merge849/D : -4.485986
[setup in-reg] in3 -> merge827/D : -4.479675
[setup in-reg] in51 -> c331/SCD : -4.479596
[setup in-reg] in3 -> s968/D : -4.458018
[setup reg-reg] merge821/Q -> merge845/D : -4.426364
[setup reg-reg] merge821/Q -> merge842/D : -4.422964
[setup in-reg] in3 -> c321/SCE : -4.407074
[setup in-reg] in3 -> merge811/D : -4.345440
[setup reg-reg] merge847/Q -> s929/D : -4.342286
[setup in-reg] in51 -> merge849/RESET_B : -4.330125
[setup reg-out] s889/Q -> out45 : -4.327729
[setup reg-out] s889/Q -> out38 : -4.291355
[setup in-reg] in51 -> c366/D : -4.291310
[setup reg-reg] merge821/Q -> s926/D : -4.287897
[setup reg-reg] merge821/Q -> s902/D : -4.280950
[setup reg-reg] s903/Q -> s975/D : -4.265924
[setup in-reg] in51 -> c101/SET_B : -4.259377
[setup in-reg] in3 -> merge783/D : -4.254797
[setup reg-reg] merge821/Q -> s922/D : -4.231165
[setup in-reg] in3 -> c195/SCE : -4.206992
[setup in-reg] in3 -> merge826/D : -4.195721
[setup reg-reg] merge821/Q -> s921/D : -4.181825
[setup reg-out] s923/Q -> out25 : -4.180817
[setup reg-reg] merge821/Q -> s918/D : -4.130604
[setup reg-reg] merge847/Q -> s906/D : -4.130021
[setup reg-reg] merge821/Q -> merge873/D : -4.124824
[setup in-reg] in3 -> c582/SCE : -4.122062
[setup reg-reg] merge821/Q -> s963/GATE : -4.118763
[setup reg-reg] merge821/Q -> merge797/D : -4.085039
[setup in-reg] in51 -> merge854/RESET_B : -4.079375
[setup reg-reg] merge821/Q -> merge819/RESET_B : -4.048624
[setup reg-out] s891/Q -> out11 : -4.037971
[setup in-reg] in51 -> c357/SET_B : -4.019877
[setup in-reg] in3 -> c668/RESET_B : -4.009749
[setup in-reg] in3 -> s940/D : -4.005270
[setup in-reg] in3 -> s936/D : -3.986043
[setup reg-reg] s889/Q -> merge861/SCE : -3.977934
[setup reg-reg] s955/Q -> c744/SCD : -3.976935
[setup in-reg] in51 -> c335/RESET_B : -3.941907
[setup reg-reg] s889/Q -> merge837/D : -3.930814
[setup reg-reg] s889/Q -> merge829/DE : -3.930806
[setup reg-reg] merge847/Q -> s905/D : -3.926926
[setup reg-reg] merge847/Q -> s907/D : -3.922062
[setup in-reg] in3 -> c195/SCD : -3.917883
[setup reg-reg] merge821/Q -> merge835/RESET_B : -3.890525
[setup in-reg] in3 -> c582/D : -3.884130
[setup reg-reg] merge821/Q -> merge871/D : -3.860219
[setup in-reg] in3 -> c553/SCE : -3.856206
[setup reg-reg] s889/Q -> merge851/RESET_B : -3.854063
[setup reg-reg] merge847/Q -> s903/D : -3.850310
[setup in-reg] in3 -> c297/SCD : -3.835302
[setup reg-reg] merge821/Q -> c447/RESET_B : -3.833265
[setup in-reg] in3 -> s952/D : -3.828920
[setup in-reg] in3 -> s908/D : -3.828492
[setup reg-reg] merge821/Q -> s927/D : -3.819121
[setup reg-reg] merge821/Q -> merge874/RESET_B : -3.805865
[setup reg-reg] merge821/Q -> s901/GATE : -3.804777
[setup in-reg] in51 -> c366/SCE : -3.803646
[setup reg-reg] merge821/Q -> merge797/SET_B : -3.791845
[setup reg-reg] merge821/Q -> merge852/RESET_B : -3.776020
[setup reg-reg] merge847/Q -> merge806/D : -3.765859
[setup in-reg] in3 -> s924/D : -3.763986
[setup reg-reg] merge821/Q -> c337/SCE : -3.753174
[setup reg-reg] merge821/Q -> merge872/D : -3.746519
[setup in-reg] in3 -> c297/SCE : -3.734879
[setup in-reg] in3 -> s957/D : -3.703960
[setup in-reg] in3 -> c195/D : -3.700629
[setup reg-reg] s936/Q_N -> c578/SET_B : -3.690979
[setup in-reg] in3 -> s909/D : -3.670523
[setup reg-reg] merge821/Q -> s900/GATE : -3.650036
[setup in-reg] in51 -> c127/RESET_B : -3.641759
[setup in-reg] in3 -> s956/D : -3.618361
[setup reg-reg] merge847/Q -> merge837/RESET_B : -3.613593
[setup reg-reg] merge847/Q -> merge861/GATE : -3.613517
[setup reg-reg] s955/Q -> s962/D : -3.608535
[setup reg-reg] merge821/Q -> merge868/SET_B : -3.606881
[setup in-reg] in3 -> c297/D : -3.582614
[setup reg-reg] merge847/Q -> s884/GATE : -3.580320
[setup reg-out] s889/Q -> out0 : -3.576867
[setup reg-reg] merge847/Q -> merge846/D : -3.568983
[setup reg-reg] merge821/Q -> merge845/SET_B : -3.562821
[setup reg-reg] merge821/Q -> merge822/RESET_B : -3.558198
[setup reg-out] merge846/Q -> out41 : -3.536088
[setup reg-reg] merge821/Q -> s917/GATE : -3.522051
[setup in-reg] in3 -> merge875/RESET_B : -3.499005
[setup reg-reg] merge821/Q -> merge867/RESET_B : -3.494544
[setup in-reg] in3 -> c173/RESET_B : -3.471762
[setup in-reg] in3 -> merge827/RESET_B : -3.467936
[setup reg-reg] merge821/Q -> merge870/SET_B : -3.461086
[setup reg-reg] merge821/Q -> merge850/RESET_B : -3.455734
[setup reg-reg] s923/Q -> s967/D : -3.438721
[setup in-reg] in3 -> c566/SCD : -3.424180
[setup in-reg] in3 -> c449/RESET_B : -3.423695
[setup in-reg] in3 -> merge783/RESET_B : -3.401619
[setup reg-out] s938/Q -> out18 : -3.359323
[setup in-reg] in3 -> c195/RESET_B : -3.336275
[setup in-reg] in51 -> c101/SCD : -3.336061
[setup reg-out] s889/Q -> out21 : -3.297307
[setup in-reg] in3 -> c448/SCD : -3.283495
[setup reg-reg] merge847/Q -> merge800/D : -3.227191
[setup in-reg] in51 -> c127/SET_B : -3.219350
[setup reg-reg] merge821/Q -> merge840/D : -3.193408
[setup reg-reg] merge827/Q -> c582/RESET_B : -3.164217
[setup reg-reg] merge821/Q -> s969/D : -3.153124
[setup in-reg] in3 -> c668/SET_B : -3.141723
[setup in-reg] in3 -> c668/SCE : -3.054756
[setup in-reg] in3 -> c321/RESET_B : -3.051625
[setup reg-out] s922/Q -> out35 : -3.034930
[setup in-reg] in51 -> c108/RESET_B : -3.000688
[setup reg-out] s890/Q -> out23 : -2.992239
[setup in-reg] in51 -> c357/RESET_B : -2.944400
[setup in-reg] in3 -> c566/RESET_B : -2.938720
[setup in-reg] in51 -> c357/SCD : -2.909211
[setup reg-out] s889/Q -> out42 : -2.885994
[setup reg-reg] s955/Q -> c744/RESET_B : -2.872686
[setup reg-reg] merge821/Q -> s970/D : -2.867209
[setup reg-reg] merge821/Q -> merge877/D : -2.824351
[setup reg-reg] merge819/Q -> s959/D : -2.763829
[setup reg-reg] merge847/Q -> merge829/D : -2.757352
[setup reg-reg] merge819/Q -> s960/D : -2.727289
[setup reg-reg] s923/Q -> s944/D : -2.725884
[setup reg-reg] merge846/Q -> merge867/D : -2.680498
[setup reg-reg] merge819/Q -> s964/GATE : -2.659146
[setup reg-out] s891/Q -> out32 : -2.650396
[setup in-reg] in51 -> c331/RESET_B : -2.631336
[setup reg-reg] s889/Q -> merge862/D : -2.630441
[setup in-reg] in51 -> c101/D : -2.627136
[setup reg-reg] merge819/Q -> s954/D : -2.625558
[setup reg-reg] merge819/Q -> s961/D : -2.610712
[setup reg-reg] merge827/Q -> c321/SCD : -2.608982
[setup reg-reg] merge846/Q -> s887/D : -2.568400
[setup reg-reg] merge827/Q -> c335/D : -2.561733
[setup in-reg] in51 -> c366/SCD : -2.558215
[setup reg-reg] merge819/Q -> s958/D : -2.535367
[setup reg-reg] merge874/Q -> merge832/SCE : -2.530832
[setup reg-reg] merge819/Q -> s950/D : -2.525733
[setup reg-reg] s903/Q -> merge842/SET_B : -2.491681
[setup in-out] in51 -> out36 : -2.490181
[setup reg-out] merge852/Q -> out20 : -2.479964
[setup reg-out] s902/Q -> out33 : -2.466674
[setup reg-out] merge851/Q -> out7 : -2.460277
[setup reg-out] s905/Q -> out9 : -2.449048
[setup reg-reg] merge846/Q -> s889/D : -2.446022
[setup reg-reg] merge819/Q -> s949/GATE : -2.439774
[setup in-reg] in51 -> c321/D : -2.386945
[setup reg-reg] merge819/Q -> merge809/D : -2.379108
[setup reg-reg] merge846/Q -> s886/D : -2.303994
[setup reg-reg] merge819/Q -> s955/D : -2.291654
[setup reg-reg] s935/Q -> merge859/GATE : -2.251556
[setup reg-reg] merge819/Q -> s953/D : -2.205042
[setup reg-reg] s935/Q -> s946/D : -2.200466
[setup reg-reg] merge819/Q -> merge835/D : -2.179315
[setup reg-reg] merge819/Q -> merge777/D : -2.153539
[setup reg-reg] merge819/Q -> merge786/D : -2.081212
[setup reg-reg] merge827/Q -> c582/SET_B : -2.054960
[setup reg-reg] merge819/Q -> merge809/RESET_B : -2.020236
[setup reg-reg] merge847/Q -> merge778/RESET_B : -2.010057
[setup reg-reg] s955/Q -> merge877/RESET_B : -1.968993
[setup reg-reg] merge847/Q -> merge860/SCE : -1.967341
[setup reg-reg] merge846/Q -> s891/D : -1.952021
[setup reg-reg] merge846/Q -> s890/D : -1.948971
[setup reg-reg] s955/Q -> merge873/RESET_B : -1.944656
[setup reg-reg] merge819/Q -> merge777/RESET_B : -1.886266
[setup reg-reg] s935/Q -> merge831/GATE : -1.856918
[setup in-reg] in51 -> c331/D : -1.830916
[setup reg-reg] s935/Q -> s938/D : -1.813901
[setup reg-reg] merge819/Q -> merge786/RESET_B : -1.792462
[setup reg-reg] merge819/Q -> c744/D : -1.786511
[setup reg-reg] merge822/Q -> merge847/D : -1.779492
[setup reg-reg] s935/Q -> merge869/D : -1.774233
[setup reg-reg] merge819/Q -> s951/D : -1.764080
[setup in-reg] in51 -> c366/RESET_B : -1.743503
[setup reg-reg] merge823/Q -> c553/D : -1.698276
[setup in-reg] in3 -> c668/RESET_B : -1.650085
[setup reg-reg] merge822/Q -> s883/GATE : -1.561115
[setup reg-reg] merge846/Q -> merge863/RESET_B : -1.524851
[setup reg-reg] merge846/Q -> s885/GATE : -1.438926
[setup reg-reg] s937/Q -> s939/D : -1.343295
[setup in-reg] in51 -> c101/RESET_B : -1.333125
[setup reg-reg] merge827/Q -> c297/RESET_B : -1.331618
[setup reg-reg] s937/Q -> s965/GATE : -1.326782
[setup in-reg] in51 -> merge858/DE : -1.301455
[setup in-reg] in3 -> c566/D : -1.296124
[setup in-reg] in51 -> merge833/SCE : -1.231916
[setup in-reg] in51 -> s878/D : -1.206201
[setup reg-reg] merge806/Q_N -> s971/D : -1.203198
[setup reg-reg] s937/Q -> merge870/D : -1.165852
[setup reg-reg] merge806/Q_N -> s966/D : -1.152022
[setup reg-reg] s937/Q -> merge874/D : -1.149357
[setup in-out] in3 -> out6 : -1.114477
[setup reg-reg] merge806/Q_N -> merge832/GATE : -1.097435
[setup reg-reg] merge806/Q_N -> merge847/RESET_B : -1.096706
[setup in-reg] in51 -> merge860/GATE : -1.093095
[setup reg-reg] merge874/Q -> c583/SCD : -1.090387
[setup in-reg] in3 -> merge830/DE : -1.087044
[setup reg-reg] s940/Q -> c582/SCD : -1.086240
[setup in-reg] in51 -> s879/D : -1.078662
[setup in-reg] in51 -> merge793/D : -1.051354
[setup in-reg] in51 -> merge834/D : -1.025033
[setup in-reg] in17 -> c552/SET_B : -1.011240
[setup reg-reg] s937/Q -> merge792/D : -1.010336
[setup reg-reg] s935/Q -> merge872/SET_B : -0.995884
[setup in-reg] in51 -> c109/D : -0.969163
[setup in-reg] in51 -> s880/D : -0.957600
[setup reg-reg] merge823/Q -> c173/SCE : -0.926361
[setup in-reg] in51 -> merge841/D : -0.870461
[setup reg-reg] merge874/Q -> c578/RESET_B : -0.796946
[setup reg-reg] merge822/Q -> merge841/SET_B : -0.763528
[setup in-reg] in51 -> merge833/GATE : -0.758696
[setup in-reg] in51 -> c109/SCE : -0.754991
[setup reg-reg] s935/Q_N -> s937/D : -0.738777
[setup in-reg] in3 -> s910/D : -0.715986
[setup in-reg] in3 -> s915/GATE : -0.715045
[setup reg-reg] merge823/Q -> c173/SCD : -0.707594
[setup reg-reg] s936/Q -> c566/SCE : -0.687016
[setup in-out] in51 -> out24 : -0.685321
[setup reg-reg] merge874/Q -> merge838/RESET_B : -0.680608
[setup in-reg] in3 -> s898/D : -0.675445
[setup in-reg] in51 -> merge802/D : -0.646970
[setup in-reg] in3 -> s911/D : -0.591472
[setup in-reg] in3 -> merge801/D : -0.569137
[setup in-reg] in51 -> merge821/D : -0.547269
[setup in-reg] in51 -> merge778/D : -0.521396
[setup in-reg] in3 -> merge830/D : -0.518561
[setup in-reg] in3 -> s895/D : -0.456040
[setup in-reg] in51 -> merge802/SET_B : -0.421680
[setup in-reg] in3 -> s894/D : -0.413009
[setup in-reg] in3 -> s914/D : -0.402541
[setup in-reg] in3 -> s916/GATE : -0.390390
[setup in-reg] in51 -> c335/SCD : -0.373850
[setup in-reg] in3 -> c552/SCE : -0.355335
[setup reg-reg] merge822/Q -> merge806/RESET_B : -0.350105
[setup in-reg] in3 -> s896/D : -0.344019
[setup in-reg] in3 -> s913/D : -0.338112
[setup in-reg] in3 -> s912/D : -0.306190
[setup in-reg] in3 -> merge868/D : -0.303601
[setup in-reg] in3 -> s881/D : -0.294293
[setup reg-reg] merge822/Q -> merge834/RESET_B : -0.274889
[setup reg-reg] s971/Q -> c744/SET_B : -0.264584
[setup in-reg] in3 -> s897/D : -0.253898
[setup in-reg] in51 -> merge862/RESET_B : -0.222014
[setup in-reg] in3 -> c290/D : -0.179180
[setup in-reg] in3 -> s928/D : -0.167566
[setup in-reg] in3 -> merge821/RESET_B : -0.147519
[setup reg-reg] merge847/Q_N -> c320/SET_B : -0.143488
[setup in-out] in51 -> out31 : -0.127270
[setup in-reg] in3 -> c400/D : -0.115984
[setup in-reg] in3 -> merge831/SCE : -0.106873
[setup in-reg] in3 -> s935/D : -0.101717
[setup reg-reg] merge812/Q_N -> c108/SET_B : -0.058609
[setup in-reg] in3 -> merge819/D : -0.051730
[setup in-reg] in3 -> c320/SCD : -0.003733
[setup in-reg] in3 -> merge822/D : 0.000000
[setup in-reg] in3 -> s934/D : 0.000000
Writing metric timing__hold_vio__count__corner:nom_tt_025C_1v80: 11
Writing metric timing__hold_r2r__ws__corner:nom_tt_025C_1v80: -1.447891
Writing metric timing__hold_r2r_vio__count__corner:nom_tt_025C_1v80: 7
Writing metric timing__setup_vio__count__corner:nom_tt_025C_1v80: 327
Writing metric timing__setup_r2r__ws__corner:nom_tt_025C_1v80: -11.239557
Writing metric timing__setup_r2r_vio__count__corner:nom_tt_025C_1v80: 180
