
===========================================================================
report_checks -unconstrained
===========================================================================
======================= nom_ff_n40C_1v95 Corner ===================================

Startpoint: in15 (input port clocked by clk)
Endpoint: merge781 (recovery check against falling-edge clock clk)
Path Group: asynchronous
Path Type: max

Fanout         Cap        Slew       Delay        Time   Description
---------------------------------------------------------------------------------------------
                      0.150000    0.000000    0.000000   clock clk (rise edge)
                                  0.000000    0.000000   clock network delay (ideal)
                                  1.600000    1.600000 ^ input external delay
     3    0.008181    0.033277    0.020626    1.620626 ^ in15 (in)
                                                         in15 (net)
                      0.033277    0.000000    1.620626 ^ c132/B_N (sky130_fd_sc_hd__or2b_4)
     4    0.009534    0.038673    0.163285    1.783911 v c132/X (sky130_fd_sc_hd__or2b_4)
                                                         net61 (net)
                      0.038673    0.000000    1.783911 v c134/A_N (sky130_fd_sc_hd__and4b_2)
     5    0.017473    0.086208    0.206447    1.990358 ^ c134/X (sky130_fd_sc_hd__and4b_2)
                                                         net63 (net)
                      0.086208    0.000000    1.990358 ^ c136/A (sky130_fd_sc_hd__nand2_1)
     3    0.014327    0.110366    0.074593    2.064950 v c136/Y (sky130_fd_sc_hd__nand2_1)
                                                         net65 (net)
                      0.110366    0.000000    2.064950 v c141/A (sky130_fd_sc_hd__or2b_1)
     6    0.023400    0.093689    0.220087    2.285037 v c141/X (sky130_fd_sc_hd__or2b_1)
                                                         net70 (net)
                      0.093689    0.000000    2.285037 v c147/A (sky130_fd_sc_hd__and2_0)
     4    0.007684    0.051507    0.129841    2.414878 v c147/X (sky130_fd_sc_hd__and2_0)
                                                         net76 (net)
                      0.051507    0.000000    2.414878 v c150/C (sky130_fd_sc_hd__and3_4)
     7    0.016086    0.036957    0.136149    2.551027 v c150/X (sky130_fd_sc_hd__and3_4)
                                                         net79 (net)
                      0.036957    0.000000    2.551027 v c157/A1 (sky130_fd_sc_hd__mux4_4)
     6    0.013445    0.091315    0.347125    2.898152 v c157/X (sky130_fd_sc_hd__mux4_4)
                                                         net85 (net)
                      0.091315    0.000000    2.898152 v c165/S0 (sky130_fd_sc_hd__mux4_1)
     5    0.013428    0.106988    0.280364    3.178516 v c165/X (sky130_fd_sc_hd__mux4_1)
                                                         net93 (net)
                      0.106988    0.000000    3.178516 v c168/A2 (sky130_fd_sc_hd__o2111a_4)
     2    0.002954    0.031940    0.192269    3.370785 v c168/X (sky130_fd_sc_hd__o2111a_4)
                                                         net96 (net)
                      0.031940    0.000000    3.370785 v c169/A_N (sky130_fd_sc_hd__nand4b_2)
     2    0.003204    0.064632    0.116385    3.487170 v c169/Y (sky130_fd_sc_hd__nand4b_2)
                                                         net97 (net)
                      0.064632    0.000000    3.487170 v c170/A0 (sky130_fd_sc_hd__mux4_4)
     7    0.018168    0.099305    0.371136    3.858306 v c170/X (sky130_fd_sc_hd__mux4_4)
                                                         net98 (net)
                      0.099305    0.000000    3.858306 v c171/A2 (sky130_fd_sc_hd__mux4_1)
     6    0.012648    0.105150    0.347164    4.205470 v c171/X (sky130_fd_sc_hd__mux4_1)
                                                         net99 (net)
                      0.105150    0.000000    4.205470 v c173/A2 (sky130_fd_sc_hd__mux4_4)
     5    0.015283    0.094476    0.375314    4.580783 v c173/X (sky130_fd_sc_hd__mux4_4)
                                                         net101 (net)
                      0.094476    0.000000    4.580783 v c175/A2 (sky130_fd_sc_hd__mux4_4)
     2    0.004135    0.075466    0.342583    4.923367 v c175/X (sky130_fd_sc_hd__mux4_4)
                                                         net102 (net)
                      0.075466    0.000000    4.923367 v c181/A1 (sky130_fd_sc_hd__a2111oi_0)
     8    0.026800    1.181373    0.927346    5.850712 ^ c181/Y (sky130_fd_sc_hd__a2111oi_0)
                                                         net108 (net)
                      1.181373    0.000000    5.850712 ^ c186/A1 (sky130_fd_sc_hd__o2111a_1)
     7    0.033541    0.245008    0.256112    6.106824 ^ c186/X (sky130_fd_sc_hd__o2111a_1)
                                                         net112 (net)
                      0.245008    0.000000    6.106824 ^ c187/B (sky130_fd_sc_hd__and2_4)
     2    0.003273    0.026605    0.106555    6.213379 ^ c187/X (sky130_fd_sc_hd__and2_4)
                                                         net113 (net)
                      0.026605    0.000000    6.213379 ^ c308/C (sky130_fd_sc_hd__or4b_2)
     8    0.018266    0.089503    0.114643    6.328022 ^ c308/X (sky130_fd_sc_hd__or4b_2)
                                                         net220 (net)
                      0.089503    0.000000    6.328022 ^ c311/D_N (sky130_fd_sc_hd__or4b_2)
     8    0.019160    0.107619    0.382827    6.710849 v c311/X (sky130_fd_sc_hd__or4b_2)
                                                         net223 (net)
                      0.107619    0.000000    6.710849 v c321/S0 (sky130_fd_sc_hd__mux4_4)
     7    0.018305    0.099705    0.344140    7.054989 v c321/X (sky130_fd_sc_hd__mux4_4)
                                                         net232 (net)
                      0.099705    0.000000    7.054989 v c573/A_N (sky130_fd_sc_hd__and4bb_4)
    11    0.061940    0.173026    0.308090    7.363079 ^ c573/X (sky130_fd_sc_hd__and4bb_4)
                                                         out11 (net)
                      0.173026    0.000000    7.363079 ^ merge781/RESET_B (sky130_fd_sc_hd__sdfbbn_1)
                                              7.363079   data arrival time

                      0.150000    4.000000    4.000000   clock clk (fall edge)
                                  0.000000    4.000000   clock network delay (ideal)
                                 -0.250000    3.750000   clock uncertainty
                                  0.000000    3.750000   clock reconvergence pessimism
                                              3.750000 v merge781/CLK_N (sky130_fd_sc_hd__sdfbbn_1)
                                 -0.013736    3.736264   library recovery time
                                              3.736264   data required time
---------------------------------------------------------------------------------------------
                                              3.736264   data required time
                                             -7.363079   data arrival time
---------------------------------------------------------------------------------------------
                                             -3.626816   slack (VIOLATED)


Startpoint: s825 (negative level-sensitive latch clocked by clk)
Endpoint: c633 (rising edge-triggered flip-flop clocked by clk)
Path Group: clk
Path Type: max

Fanout         Cap        Slew       Delay        Time   Description
---------------------------------------------------------------------------------------------
                      0.150000    4.000000    4.000000   clock clk (fall edge)
                                  0.000000    4.000000   clock network delay (ideal)
   146    0.302641    0.445356    0.335493    4.335494 v clk (in)
                                                         clk (net)
                                  3.102297    7.102297   time given to startpoint
                      0.033946    0.000000    7.102297 ^ s825/D (sky130_fd_sc_hd__dlxbn_2)
     2    0.004691    0.031236    0.218817    7.321114 ^ s825/Q (sky130_fd_sc_hd__dlxbn_2)
                                                         net693 (net)
                      0.031236    0.000000    7.321114 ^ c339/B (sky130_fd_sc_hd__or3_1)
     4    0.012201    0.092518    0.106825    7.427939 ^ c339/X (sky130_fd_sc_hd__or3_1)
                                                         net250 (net)
                      0.092518    0.000000    7.427939 ^ c352/A (sky130_fd_sc_hd__or3b_2)
     5    0.017926    0.086721    0.129087    7.557025 ^ c352/X (sky130_fd_sc_hd__or3b_2)
                                                         net262 (net)
                      0.086721    0.000000    7.557025 ^ c362/B (sky130_fd_sc_hd__or3_1)
     8    0.019685    0.141507    0.154511    7.711536 ^ c362/X (sky130_fd_sc_hd__or3_1)
                                                         net273 (net)
                      0.141507    0.000000    7.711536 ^ c633/SET_B (sky130_fd_sc_hd__sdfbbn_1)
                                              7.711536   data arrival time

                      0.150000    0.000000    0.000000   clock clk (rise edge)
                                  0.000000    0.000000   clock network delay (ideal)
                                 -0.250000   -0.250000   clock uncertainty
                                  0.000000   -0.250000   clock reconvergence pessimism
                                             -0.250000 ^ c633/RESET_B (sky130_fd_sc_hd__sdfbbn_1)
                                 -0.093888   -0.343888   library non-sequential setup time
                                             -0.343888   data required time
---------------------------------------------------------------------------------------------
                                             -0.343888   data required time
                                             -7.711536   data arrival time
---------------------------------------------------------------------------------------------
                                             -8.055424   slack (VIOLATED)




===========================================================================
report_checks --slack_max -0.01
============================================================================
======================= nom_ff_n40C_1v95 Corner ===================================

Startpoint: in15 (input port clocked by clk)
Endpoint: merge781 (recovery check against falling-edge clock clk)
Path Group: asynchronous
Path Type: max

Fanout         Cap        Slew       Delay        Time   Description
---------------------------------------------------------------------------------------------
                      0.150000    0.000000    0.000000   clock clk (rise edge)
                                  0.000000    0.000000   clock network delay (ideal)
                                  1.600000    1.600000 ^ input external delay
     3    0.008181    0.033277    0.020626    1.620626 ^ in15 (in)
                                                         in15 (net)
                      0.033277    0.000000    1.620626 ^ c132/B_N (sky130_fd_sc_hd__or2b_4)
     4    0.009534    0.038673    0.163285    1.783911 v c132/X (sky130_fd_sc_hd__or2b_4)
                                                         net61 (net)
                      0.038673    0.000000    1.783911 v c134/A_N (sky130_fd_sc_hd__and4b_2)
     5    0.017473    0.086208    0.206447    1.990358 ^ c134/X (sky130_fd_sc_hd__and4b_2)
                                                         net63 (net)
                      0.086208    0.000000    1.990358 ^ c136/A (sky130_fd_sc_hd__nand2_1)
     3    0.014327    0.110366    0.074593    2.064950 v c136/Y (sky130_fd_sc_hd__nand2_1)
                                                         net65 (net)
                      0.110366    0.000000    2.064950 v c141/A (sky130_fd_sc_hd__or2b_1)
     6    0.023400    0.093689    0.220087    2.285037 v c141/X (sky130_fd_sc_hd__or2b_1)
                                                         net70 (net)
                      0.093689    0.000000    2.285037 v c147/A (sky130_fd_sc_hd__and2_0)
     4    0.007684    0.051507    0.129841    2.414878 v c147/X (sky130_fd_sc_hd__and2_0)
                                                         net76 (net)
                      0.051507    0.000000    2.414878 v c150/C (sky130_fd_sc_hd__and3_4)
     7    0.016086    0.036957    0.136149    2.551027 v c150/X (sky130_fd_sc_hd__and3_4)
                                                         net79 (net)
                      0.036957    0.000000    2.551027 v c157/A1 (sky130_fd_sc_hd__mux4_4)
     6    0.013445    0.091315    0.347125    2.898152 v c157/X (sky130_fd_sc_hd__mux4_4)
                                                         net85 (net)
                      0.091315    0.000000    2.898152 v c165/S0 (sky130_fd_sc_hd__mux4_1)
     5    0.013428    0.106988    0.280364    3.178516 v c165/X (sky130_fd_sc_hd__mux4_1)
                                                         net93 (net)
                      0.106988    0.000000    3.178516 v c168/A2 (sky130_fd_sc_hd__o2111a_4)
     2    0.002954    0.031940    0.192269    3.370785 v c168/X (sky130_fd_sc_hd__o2111a_4)
                                                         net96 (net)
                      0.031940    0.000000    3.370785 v c169/A_N (sky130_fd_sc_hd__nand4b_2)
     2    0.003204    0.064632    0.116385    3.487170 v c169/Y (sky130_fd_sc_hd__nand4b_2)
                                                         net97 (net)
                      0.064632    0.000000    3.487170 v c170/A0 (sky130_fd_sc_hd__mux4_4)
     7    0.018168    0.099305    0.371136    3.858306 v c170/X (sky130_fd_sc_hd__mux4_4)
                                                         net98 (net)
                      0.099305    0.000000    3.858306 v c171/A2 (sky130_fd_sc_hd__mux4_1)
     6    0.012648    0.105150    0.347164    4.205470 v c171/X (sky130_fd_sc_hd__mux4_1)
                                                         net99 (net)
                      0.105150    0.000000    4.205470 v c173/A2 (sky130_fd_sc_hd__mux4_4)
     5    0.015283    0.094476    0.375314    4.580783 v c173/X (sky130_fd_sc_hd__mux4_4)
                                                         net101 (net)
                      0.094476    0.000000    4.580783 v c175/A2 (sky130_fd_sc_hd__mux4_4)
     2    0.004135    0.075466    0.342583    4.923367 v c175/X (sky130_fd_sc_hd__mux4_4)
                                                         net102 (net)
                      0.075466    0.000000    4.923367 v c181/A1 (sky130_fd_sc_hd__a2111oi_0)
     8    0.026800    1.181373    0.927346    5.850712 ^ c181/Y (sky130_fd_sc_hd__a2111oi_0)
                                                         net108 (net)
                      1.181373    0.000000    5.850712 ^ c186/A1 (sky130_fd_sc_hd__o2111a_1)
     7    0.033541    0.245008    0.256112    6.106824 ^ c186/X (sky130_fd_sc_hd__o2111a_1)
                                                         net112 (net)
                      0.245008    0.000000    6.106824 ^ c187/B (sky130_fd_sc_hd__and2_4)
     2    0.003273    0.026605    0.106555    6.213379 ^ c187/X (sky130_fd_sc_hd__and2_4)
                                                         net113 (net)
                      0.026605    0.000000    6.213379 ^ c308/C (sky130_fd_sc_hd__or4b_2)
     8    0.018266    0.089503    0.114643    6.328022 ^ c308/X (sky130_fd_sc_hd__or4b_2)
                                                         net220 (net)
                      0.089503    0.000000    6.328022 ^ c311/D_N (sky130_fd_sc_hd__or4b_2)
     8    0.019160    0.107619    0.382827    6.710849 v c311/X (sky130_fd_sc_hd__or4b_2)
                                                         net223 (net)
                      0.107619    0.000000    6.710849 v c321/S0 (sky130_fd_sc_hd__mux4_4)
     7    0.018305    0.099705    0.344140    7.054989 v c321/X (sky130_fd_sc_hd__mux4_4)
                                                         net232 (net)
                      0.099705    0.000000    7.054989 v c573/A_N (sky130_fd_sc_hd__and4bb_4)
    11    0.061940    0.173026    0.308090    7.363079 ^ c573/X (sky130_fd_sc_hd__and4bb_4)
                                                         out11 (net)
                      0.173026    0.000000    7.363079 ^ merge781/RESET_B (sky130_fd_sc_hd__sdfbbn_1)
                                              7.363079   data arrival time

                      0.150000    4.000000    4.000000   clock clk (fall edge)
                                  0.000000    4.000000   clock network delay (ideal)
                                 -0.250000    3.750000   clock uncertainty
                                  0.000000    3.750000   clock reconvergence pessimism
                                              3.750000 v merge781/CLK_N (sky130_fd_sc_hd__sdfbbn_1)
                                 -0.013736    3.736264   library recovery time
                                              3.736264   data required time
---------------------------------------------------------------------------------------------
                                              3.736264   data required time
                                             -7.363079   data arrival time
---------------------------------------------------------------------------------------------
                                             -3.626816   slack (VIOLATED)


Startpoint: s825 (negative level-sensitive latch clocked by clk)
Endpoint: c633 (rising edge-triggered flip-flop clocked by clk)
Path Group: clk
Path Type: max

Fanout         Cap        Slew       Delay        Time   Description
---------------------------------------------------------------------------------------------
                      0.150000    4.000000    4.000000   clock clk (fall edge)
                                  0.000000    4.000000   clock network delay (ideal)
   146    0.302641    0.445356    0.335493    4.335494 v clk (in)
                                                         clk (net)
                                  3.102297    7.102297   time given to startpoint
                      0.033946    0.000000    7.102297 ^ s825/D (sky130_fd_sc_hd__dlxbn_2)
     2    0.004691    0.031236    0.218817    7.321114 ^ s825/Q (sky130_fd_sc_hd__dlxbn_2)
                                                         net693 (net)
                      0.031236    0.000000    7.321114 ^ c339/B (sky130_fd_sc_hd__or3_1)
     4    0.012201    0.092518    0.106825    7.427939 ^ c339/X (sky130_fd_sc_hd__or3_1)
                                                         net250 (net)
                      0.092518    0.000000    7.427939 ^ c352/A (sky130_fd_sc_hd__or3b_2)
     5    0.017926    0.086721    0.129087    7.557025 ^ c352/X (sky130_fd_sc_hd__or3b_2)
                                                         net262 (net)
                      0.086721    0.000000    7.557025 ^ c362/B (sky130_fd_sc_hd__or3_1)
     8    0.019685    0.141507    0.154511    7.711536 ^ c362/X (sky130_fd_sc_hd__or3_1)
                                                         net273 (net)
                      0.141507    0.000000    7.711536 ^ c633/SET_B (sky130_fd_sc_hd__sdfbbn_1)
                                              7.711536   data arrival time

                      0.150000    0.000000    0.000000   clock clk (rise edge)
                                  0.000000    0.000000   clock network delay (ideal)
                                 -0.250000   -0.250000   clock uncertainty
                                  0.000000   -0.250000   clock reconvergence pessimism
                                             -0.250000 ^ c633/RESET_B (sky130_fd_sc_hd__sdfbbn_1)
                                 -0.093888   -0.343888   library non-sequential setup time
                                             -0.343888   data required time
---------------------------------------------------------------------------------------------
                                             -0.343888   data required time
                                             -7.711536   data arrival time
---------------------------------------------------------------------------------------------
                                             -8.055424   slack (VIOLATED)




===========================================================================
 report_check_types -max_slew -max_cap -max_fanout -violators
============================================================================
======================= nom_ff_n40C_1v95 Corner ===================================

max slew

Pin                                        Limit        Slew       Slack
------------------------------------------------------------------------
out15                                   0.750000    1.184108   -0.434109 (VIOLATED)
c130/Y                                  0.750000    1.184108   -0.434109 (VIOLATED)
c131/A1                                 0.750000    1.184108   -0.434109 (VIOLATED)
c249/D_N                                0.750000    1.184108   -0.434109 (VIOLATED)
c181/Y                                  0.750000    1.181373   -0.431372 (VIOLATED)
c186/A1                                 0.750000    1.181373   -0.431372 (VIOLATED)
c188/D1                                 0.750000    1.181373   -0.431372 (VIOLATED)
c190/B_N                                0.750000    1.181373   -0.431372 (VIOLATED)
c192/B_N                                0.750000    1.181373   -0.431372 (VIOLATED)
c194/C1                                 0.750000    1.181373   -0.431372 (VIOLATED)
c235/D1                                 0.750000    1.181373   -0.431372 (VIOLATED)
c346/RESET_B                            0.750000    1.181373   -0.431372 (VIOLATED)
c358/B                                  0.750000    1.181373   -0.431372 (VIOLATED)
out29                                   0.750000    0.920690   -0.170690 (VIOLATED)
c403/Y                                  0.750000    0.920690   -0.170690 (VIOLATED)
c404/C                                  0.750000    0.920690   -0.170690 (VIOLATED)
c406/C                                  0.750000    0.920690   -0.170690 (VIOLATED)
c407/C                                  0.750000    0.920690   -0.170690 (VIOLATED)
c408/D                                  0.750000    0.920690   -0.170690 (VIOLATED)
c410/C                                  0.750000    0.920690   -0.170690 (VIOLATED)
c420/D_N                                0.750000    0.920690   -0.170690 (VIOLATED)
c422/C_N                                0.750000    0.920690   -0.170690 (VIOLATED)
c430/S1                                 0.750000    0.920690   -0.170690 (VIOLATED)
c433/S1                                 0.750000    0.920690   -0.170690 (VIOLATED)
c434/S0                                 0.750000    0.920690   -0.170690 (VIOLATED)
c536/C                                  0.750000    0.920690   -0.170690 (VIOLATED)
c539/S1                                 0.750000    0.920690   -0.170690 (VIOLATED)
c545/C                                  0.750000    0.920690   -0.170690 (VIOLATED)
c555/C                                  0.750000    0.920690   -0.170690 (VIOLATED)
c599/SET_B                              0.750000    0.920690   -0.170690 (VIOLATED)
c620/B1                                 0.750000    0.920690   -0.170690 (VIOLATED)
c628/A2                                 0.750000    0.920690   -0.170690 (VIOLATED)
c687/C                                  0.750000    0.920690   -0.170690 (VIOLATED)
c712/RESET_B                            0.750000    0.920690   -0.170690 (VIOLATED)
c736/SCE                                0.750000    0.920690   -0.170690 (VIOLATED)
c739/A2                                 0.750000    0.920690   -0.170690 (VIOLATED)
c758/A3                                 0.750000    0.920690   -0.170690 (VIOLATED)
c353/Y                                  0.750000    0.851848   -0.101848 (VIOLATED)
c359/A                                  0.750000    0.851848   -0.101848 (VIOLATED)
c360/RESET_B                            0.750000    0.851848   -0.101848 (VIOLATED)
c361/SCE                                0.750000    0.851848   -0.101848 (VIOLATED)
c365/C1                                 0.750000    0.851848   -0.101848 (VIOLATED)
c367/A2                                 0.750000    0.851848   -0.101848 (VIOLATED)
c369/D1                                 0.750000    0.851848   -0.101848 (VIOLATED)
c495/A1                                 0.750000    0.851848   -0.101848 (VIOLATED)
c496/S1                                 0.750000    0.851848   -0.101848 (VIOLATED)
c623/A1                                 0.750000    0.851848   -0.101848 (VIOLATED)
c626/A2                                 0.750000    0.851848   -0.101848 (VIOLATED)

max fanout

Pin                                   Limit Fanout  Slack
---------------------------------------------------------
c72/X                                    10     24    -14 (VIOLATED)
c403/Y                                   10     22    -12 (VIOLATED)
c469/Y                                   10     21    -11 (VIOLATED)
c194/X                                   10     19     -9 (VIOLATED)
in57                                     10     12     -2 (VIOLATED)
c153/X                                   10     12     -2 (VIOLATED)
c295/X                                   10     12     -2 (VIOLATED)
c448/X                                   10     12     -2 (VIOLATED)
in16                                     10     11        (VIOLATED)
in5                                      10     11        (VIOLATED)
c415/Y                                   10     11        (VIOLATED)
c672/X                                   10     11        (VIOLATED)
s832/Q                                   10     11        (VIOLATED)
s832/Q_N                                 10     11        (VIOLATED)
s861/Q                                   10     11        (VIOLATED)



===========================================================================
report_parasitic_annotation -report_unannotated
============================================================================
Found 897 unannotated drivers.
 clk
 in0
 in1
 in10
 in11
 in12
 in13
 in14
 in15
 in16
 in17
 in18
 in19
 in2
 in20
 in21
 in22
 in23
 in24
 in25
 in26
 in27
 in28
 in29
 in3
 in30
 in31
 in32
 in33
 in34
 in35
 in36
 in37
 in38
 in39
 in4
 in40
 in41
 in42
 in43
 in44
 in45
 in46
 in47
 in48
 in49
 in5
 in50
 in51
 in52
 in53
 in54
 in55
 in56
 in57
 in58
 in59
 in6
 in60
 in61
 in7
 in8
 in9
 rst
 c100/Y
 c101/X
 c102/Y
 c103/X
 c104/Y
 c105/X
 c106/X
 c107/X
 c108/X
 c109/X
 c110/Y
 c111/X
 c112/Y
 c113/Y
 c114/X
 c115/Y
 c116/Y
 c117/Y
 c118/Y
 c119/Y
 c120/X
 c121/X
 c122/X
 c123/Y
 c124/X
 c125/X
 c126/X
 c127/X
 c128/X
 c129/X
 c130/Y
 c131/X
 c132/X
 c133/Y
 c134/X
 c135/Y
 c136/Y
 c137/Y
 c138/X
 c139/Y
 c140/X
 c141/X
 c142/Y
 c143/Y
 c144/Y
 c145/Y
 c146/X
 c147/X
 c148/X
 c149/Y
 c150/X
 c151/Y
 c152/X
 c153/X
 c154/Y
 c155/X
 c156/X
 c157/X
 c158/Y
 c159/Y
 c160/X
 c161/X
 c162/X
 c163/X
 c164/Y
 c165/X
 c166/X
 c167/X
 c168/X
 c169/Y
 c170/X
 c171/X
 c172/X
 c173/X
 c174/X
 c175/X
 c176/X
 c177/Y
 c178/X
 c179/X
 c180/X
 c181/Y
 c182/X
 c183/X
 c184/X
 c185/Y
 c186/X
 c187/X
 c188/Y
 c189/X
 c190/Y
 c191/X
 c192/Y
 c193/X
 c194/X
 c195/X
 c196/X
 c197/X
 c198/Y
 c199/X
 c200/X
 c201/Y
 c202/Y
 c203/X
 c204/X
 c205/X
 c206/Y
 c207/X
 c208/Y
 c209/X
 c210/X
 c211/X
 c212/X
 c213/Y
 c214/Y
 c215/X
 c216/X
 c217/X
 c218/X
 c219/X
 c220/Y
 c221/Y
 c222/Y
 c223/Y
 c224/Y
 c225/Y
 c226/Y
 c227/Y
 c228/X
 c229/X
 c230/X
 c231/Y
 c232/X
 c233/Y
 c234/Y
 c235/X
 c236/X
 c237/X
 c238/X
 c239/X
 c240/Y
 c241/X
 c242/X
 c243/X
 c244/X
 c245/X
 c246/Y
 c247/Y
 c248/Y
 c249/X
 c250/Q
 c250/Q_N
 c251/Y
 c252/X
 c253/Q
 c253/Q_N
 c254/Y
 c255/X
 c256/Y
 c257/Y
 c258/X
 c259/X
 c260/X
 c261/X
 c262/Q
 c263/X
 c264/X
 c265/Y
 c266/Y
 c267/Y
 c268/X
 c269/Y
 c270/X
 c271/X
 c272/X
 c273/X
 c274/Y
 c275/Y
 c276/Y
 c277/X
 c278/Y
 c279/Y
 c280/X
 c281/X
 c282/X
 c283/Y
 c284/Y
 c285/Y
 c286/X
 c287/X
 c288/X
 c289/X
 c290/Y
 c291/X
 c292/X
 c293/X
 c294/Y
 c295/X
 c296/Y
 c297/Y
 c298/X
 c299/X
 c300/X
 c301/X
 c302/X
 c303/Y
 c304/X
 c305/X
 c306/X
 c307/X
 c308/X
 c309/X
 c310/X
 c311/X
 c312/X
 c313/Y
 c314/Y
 c315/Y
 c316/Y
 c317/X
 c318/X
 c319/X
 c320/Y
 c321/X
 c322/X
 c323/X
 c324/X
 c325/X
 c326/X
 c327/X
 c328/Y
 c329/X
 c330/X
 c331/X
 c332/X
 c333/X
 c334/X
 c335/X
 c336/X
 c337/Q
 c337/Q_N
 c338/Y
 c339/X
 c340/X
 c341/X
 c342/X
 c343/X
 c344/X
 c345/X
 c346/Q
 c347/Y
 c348/X
 c349/X
 c350/Y
 c351/X
 c352/X
 c353/Y
 c354/Y
 c355/X
 c356/Q
 c356/Q_N
 c357/Q
 c358/X
 c359/Y
 c360/Q
 c360/Q_N
 c361/Q
 c362/X
 c363/X
 c364/Q
 c364/Q_N
 c365/X
 c366/Q
 c366/Q_N
 c367/X
 c368/Q
 c368/Q_N
 c369/Y
 c370/Q
 c370/Q_N
 c371/X
 c372/X
 c373/X
 c392/X
 c393/X
 c394/X
 c395/X
 c396/Y
 c397/X
 c398/Y
 c399/X
 c400/Y
 c401/Y
 c402/Y
 c403/Y
 c404/Y
 c405/Y
 c406/X
 c407/X
 c408/Y
 c409/X
 c410/X
 c411/Y
 c412/Y
 c413/Y
 c414/X
 c415/Y
 c416/X
 c417/X
 c418/X
 c419/X
 c420/Y
 c421/X
 c422/X
 c423/Y
 c424/X
 c425/Q
 c425/Q_N
 c426/X
 c427/Y
 c428/X
 c429/X
 c430/X
 c431/X
 c432/X
 c433/X
 c434/X
 c435/X
 c436/X
 c437/X
 c438/X
 c439/X
 c440/X
 c441/Y
 c442/Y
 c443/Y
 c444/X
 c445/Y
 c446/Y
 c447/Y
 c448/X
 c449/Y
 c450/X
 c451/Y
 c452/Q
 c452/Q_N
 c453/Y
 c454/X
 c455/X
 c456/X
 c457/Y
 c458/Y
 c459/X
 c460/X
 c461/X
 c462/X
 c463/X
 c464/X
 c465/Y
 c466/Y
 c467/Y
 c468/X
 c469/Y
 c470/X
 c471/X
 c472/Q
 c472/Q_N
 c473/Y
 c474/Y
 c475/X
 c476/X
 c477/Q
 c477/Q_N
 c478/X
 c479/Q
 c479/Q_N
 c480/Y
 c481/Q
 c481/Q_N
 c482/X
 c483/Q
 c483/Q_N
 c484/X
 c485/Y
 c486/Q
 c486/Q_N
 c487/Q
 c487/Q_N
 c488/X
 c489/Y
 c490/X
 c491/Q
 c492/X
 c493/Q
 c493/Q_N
 c494/X
 c495/X
 c496/X
 c497/X
 c498/X
 c499/X
 c500/Y
 c501/X
 c502/X
 c503/X
 c504/X
 c505/X
 c528/X
 c529/Y
 c530/Y
 c531/Y
 c532/X
 c533/X
 c534/Y
 c535/X
 c536/Y
 c537/X
 c538/X
 c539/X
 c540/X
 c541/X
 c542/X
 c543/X
 c544/X
 c545/Y
 c546/X
 c547/X
 c548/X
 c549/Y
 c550/X
 c551/Y
 c552/X
 c553/X
 c554/Y
 c555/X
 c556/Y
 c557/X
 c558/Y
 c559/Y
 c560/X
 c561/X
 c562/Q
 c562/Q_N
 c563/X
 c564/X
 c565/X
 c566/Y
 c567/Y
 c568/Q
 c569/Y
 c570/X
 c571/X
 c572/X
 c573/X
 c574/X
 c575/X
 c576/Y
 c577/X
 c578/X
 c579/Y
 c580/X
 c581/Y
 c582/Y
 c583/X
 c584/Y
 c585/X
 c586/Y
 c587/Y
 c588/X
 c589/X
 c590/X
 c591/X
 c592/Y
 c593/X
 c594/X
 c595/X
 c596/X
 c597/Y
 c598/X
 c599/Q
 c599/Q_N
 c600/X
 c601/X
 c602/X
 c603/X
 c604/X
 c605/X
 c606/X
 c607/X
 c608/Q
 c609/Y
 c610/X
 c611/Y
 c612/X
 c613/X
 c614/X
 c615/X
 c616/X
 c617/X
 c618/Q
 c618/Q_N
 c619/X
 c62/X
 c620/X
 c621/Y
 c622/X
 c623/X
 c624/X
 c625/X
 c626/X
 c627/X
 c628/X
 c629/X
 c63/X
 c630/X
 c631/X
 c632/X
 c633/Q
 c633/Q_N
 c634/X
 c635/X
 c636/X
 c637/X
 c64/X
 c65/X
 c66/Y
 c660/Y
 c661/Y
 c662/X
 c663/X
 c664/X
 c665/X
 c666/X
 c667/X
 c668/X
 c669/X
 c67/Y
 c670/Y
 c671/Y
 c672/X
 c673/X
 c674/X
 c675/X
 c676/X
 c677/X
 c678/Y
 c679/X
 c68/X
 c680/X
 c681/X
 c682/Y
 c683/X
 c684/X
 c685/Y
 c686/X
 c687/X
 c688/Y
 c689/X
 c69/X
 c690/X
 c691/Y
 c692/X
 c693/X
 c694/X
 c695/X
 c696/Y
 c697/X
 c698/X
 c699/X
 c70/X
 c700/X
 c701/Y
 c702/Y
 c703/X
 c704/X
 c705/X
 c706/X
 c707/X
 c708/Q
 c708/Q_N
 c709/Y
 c71/X
 c710/X
 c711/X
 c712/Q
 c712/Q_N
 c713/Y
 c714/Q
 c714/Q_N
 c715/X
 c716/Q
 c716/Q_N
 c717/X
 c718/Y
 c719/X
 c72/X
 c720/X
 c721/X
 c722/X
 c723/X
 c724/X
 c725/Q
 c725/Q_N
 c726/X
 c727/Y
 c728/X
 c729/X
 c73/Y
 c730/X
 c731/X
 c732/X
 c733/Y
 c734/X
 c735/X
 c736/Q
 c736/Q_N
 c737/X
 c738/Q
 c738/Q_N
 c739/X
 c74/X
 c740/Q
 c740/Q_N
 c741/Q
 c741/Q_N
 c742/Y
 c743/X
 c744/X
 c745/X
 c746/X
 c747/X
 c748/X
 c749/X
 c75/Y
 c750/X
 c751/X
 c752/X
 c753/X
 c754/X
 c755/X
 c756/X
 c757/X
 c758/X
 c759/X
 c76/Y
 c760/X
 c761/X
 c762/X
 c763/X
 c764/X
 c77/X
 c78/Y
 c79/X
 c80/X
 c81/X
 c82/Y
 c83/Y
 c84/X
 c85/Y
 c86/X
 c87/X
 c88/X
 c89/X
 c90/Y
 c91/X
 c92/Y
 c93/X
 c94/Y
 c95/X
 c96/X
 c97/Y
 c98/X
 c99/Y
 merge765/X
 merge766/Q
 merge767/Q
 merge768/X
 merge769/X
 merge770/Q
 merge770/Q_N
 merge771/Y
 merge772/X
 merge773/Y
 merge774/Q
 merge774/Q_N
 merge775/Y
 merge776/Q
 merge776/Q_N
 merge777/Q
 merge777/Q_N
 merge778/X
 merge779/X
 merge780/X
 merge781/Q
 merge781/Q_N
 merge782/X
 merge783/X
 merge784/Y
 merge785/Q
 merge785/Q_N
 merge786/Q
 merge786/Q_N
 merge787/Q
 merge788/Y
 merge789/Q
 merge790/Q
 merge791/X
 merge792/Q
 merge793/Q
 merge793/Q_N
 merge794/Q
 merge794/Q_N
 merge795/Q
 merge796/Q
 merge797/Q
 merge798/Q
 merge798/Q_N
 merge799/Q
 merge799/Q_N
 merge800/Q
 merge800/Q_N
 merge801/Q
 merge801/Q_N
 merge802/Q
 merge803/Q
 merge804/Q
 merge805/Q
 merge806/Q
 merge807/Q
 merge808/Q
 merge808/Q_N
 merge809/Q
 merge810/GCLK
 merge811/GCLK
 merge812/GCLK
 merge813/Q
 merge813/Q_N
 merge814/Q
 merge814/Q_N
 merge815/Q
 s816/Q
 s816/Q_N
 s817/Q
 s817/Q_N
 s818/Q
 s819/Q
 s820/Q
 s821/GCLK
 s822/GCLK
 s823/GCLK
 s824/Q
 s824/Q_N
 s825/Q
 s825/Q_N
 s826/Q
 s826/Q_N
 s827/Q
 s828/Q
 s829/Q
 s830/Q
 s831/Q
 s832/Q
 s832/Q_N
 s833/Q
 s833/Q_N
 s834/Q
 s835/Q
 s836/Q
 s837/GCLK
 s838/GCLK
 s839/GCLK
 s840/Q
 s840/Q_N
 s841/Q
 s841/Q_N
 s842/Q
 s842/Q_N
 s843/Q
 s844/Q
 s845/Q
 s846/Q
 s847/Q
 s848/Q
 s848/Q_N
 s849/Q
 s849/Q_N
 s850/Q
 s851/Q
 s852/Q
 s853/GCLK
 s854/GCLK
 s855/GCLK
 s856/Q
 s856/Q_N
 s857/Q
 s857/Q_N
 s858/Q
 s858/Q_N
 s859/Q
 s860/Q
 s861/Q
 s862/Q
 s863/Q
 s864/Q
 s864/Q_N
 s865/Q
 s865/Q_N
 s866/Q
 s867/Q
 s868/Q
 s869/GCLK
 s870/GCLK
 s871/GCLK
 s872/Q
 s872/Q_N
 s873/Q
 s873/Q_N
 s874/Q
 s874/Q_N
 s875/Q
 s876/Q
 s877/Q
 s878/Q
 s879/Q
 s880/Q
 s880/Q_N
 s881/Q
 s881/Q_N
 s882/Q
 s883/Q
 s884/Q
 s885/GCLK
 s886/GCLK
Found 0 partially unannotated drivers.

===========================================================================
max slew violation count 48
max fanout violation count 15
max cap violation count 0
============================================================================

===========================================================================
check_setup -verbose -unconstrained_endpoints -multiple_clock -no_clock -no_input_delay -loops -generated_clocks
===========================================================================
Warning: There are 6 unconstrained endpoints.
  out27
  out48
  out56
  out60
  merge790/D
  merge808/DE
