
===========================================================================
Violator List
============================================================================
[hold reg-reg] c671/Q -> c678/SET_B : -0.920756
[hold reg-reg] c406/Q -> c436/RESET_B : -0.867267
[hold reg-reg] c528/Q -> c570/RESET_B : -0.741951
[hold reg-reg] c451/Q -> c457/RESET_B : -0.134124
[hold in-reg] clk -> c439/RESET_B : -0.073923
[hold in-reg] clk -> c333/SET_B : -0.069934
[hold reg-reg] c314/Q -> c332/SET_B : -0.042931
[setup reg-reg] c320/Q_N -> c332/SET_B : -3.994066
[setup reg-reg] c291/Q -> c570/RESET_B : -3.800252
[setup in-reg] in7 -> c436/RESET_B : -2.733117
[setup reg-out] s774/Q -> out18 : -1.224190
[setup reg-reg] c634/Q_N -> c703/D : -0.731411
[setup in-reg] in13 -> c606/D : -0.693069
[setup reg-reg] c634/Q -> s777/D : -0.618575
[setup reg-reg] c634/Q -> c701/RESET_B : -0.593611
[setup in-reg] in51 -> c606/SET_B : -0.576491
[setup in-reg] in51 -> c468/D : -0.550289
[setup in-reg] in14 -> c677/SET_B : -0.536068
[setup in-reg] in51 -> c360/D : -0.511950
[setup in-reg] in51 -> c501/SCE : -0.509174
[setup in-reg] in13 -> c606/SCD : -0.499692
[setup in-reg] in7 -> c468/SCD : -0.494803
[setup in-reg] in51 -> c361/D : -0.490890
[setup reg-reg] c634/Q -> s776/D : -0.428422
[setup in-reg] in51 -> c503/RESET_B : -0.427343
[setup in-reg] in51 -> c350/RESET_B : -0.425153
[setup in-reg] in51 -> c320/D : -0.421944
[setup in-reg] in7 -> c329/D : -0.406184
[setup in-reg] in51 -> c115/D : -0.404429
[setup in-reg] in13 -> c677/RESET_B : -0.374961
[setup in-reg] in51 -> c501/SET_B : -0.336988
[setup in-reg] in51 -> c503/D : -0.329838
[setup in-reg] in51 -> c350/D : -0.299925
[setup in-reg] in51 -> c497/SET_B : -0.281560
[setup in-reg] in7 -> c497/SCD : -0.279034
[setup in-reg] in7 -> c436/SCD : -0.278826
[setup in-reg] in13 -> c677/D : -0.212370
[setup in-reg] in51 -> c375/D : -0.209073
[setup reg-reg] c648/Q -> c650/RESET_B : -0.185661
[setup in-reg] in7 -> s772/D : -0.175856
[setup reg-reg] c634/Q -> c669/RESET_B : -0.171318
[setup reg-reg] c360/Q_N -> c375/RESET_B : -0.157542
[setup in-reg] in51 -> c350/SCD : -0.143215
[setup in-reg] in51 -> c497/SCE : -0.125848
[setup in-reg] in7 -> c436/RESET_B : -0.110179
[setup reg-reg] c634/Q_N -> c648/D : -0.101712
[setup in-reg] in7 -> c569/RESET_B : -0.058256
[setup in-reg] in7 -> c559/RESET_B : -0.048430
[setup in-reg] in7 -> c397/D : 0.000000
[setup in-reg] in7 -> c634/D : 0.000000
[setup in-reg] in7 -> c658/D : 0.000000
[setup in-reg] in7 -> c638/D : 0.000000
[setup reg-reg] c577/Q_N -> s774/D : 0.000000
[setup in-reg] in7 -> c405/D : 0.000000
[setup in-reg] in19 -> c404/D : 0.000000
[setup in-reg] clk -> s773/D : 0.000000
[setup reg-reg] c576/Q -> s775/D : 0.000000
[setup reg-reg] s770/Q -> s771/D : 0.000000
[setup reg-reg] c396/Q -> c577/D : 0.000000
[setup in-reg] in18 -> c653/D : 0.000000
[setup reg-reg] c396/Q -> s770/D : 0.000000
[setup reg-reg] c396/Q -> c576/D : 0.000000
[setup reg-reg] c522/Q -> c646/D : 0.000000
[setup reg-reg] c125/Q -> c362/D : 0.000000
[setup in-reg] in51 -> c371/D : 0.000000
[setup in-reg] in51 -> c351/D : 0.000000
[setup in-reg] in51 -> c336/D : 0.000000
