
===========================================================================
Violator List
============================================================================
[hold reg-reg] s766/Q -> c479/SET_B : -3.207677
[hold in-reg] in42 -> c472/SET_B : -1.660690
[hold reg-reg] c569/Q -> c599/SET_B : -1.413948
[hold reg-reg] c458/Q -> c718/SET_B : -1.208891
[hold in-reg] in7 -> c440/SET_B : -0.133835
[hold reg-reg] s766/Q -> c479/SET_B : -0.037179
[setup reg-reg] c301/Q_N -> c718/SET_B : -5.660954
[setup reg-reg] c183/Q -> c599/SET_B : -3.323195
[setup in-reg] in2 -> c419/SET_B : -3.214843
[setup reg-out] c573/Q -> out18 : -2.782127
[setup in-reg] in14 -> s766/D : -2.535715
[setup in-reg] in11 -> c440/SET_B : -2.331668
[setup in-reg] in14 -> c703/SCE : -2.327822
[setup reg-out] c301/Q -> out14 : -2.267154
[setup in-reg] in14 -> c402/RESET_B : -2.255961
[setup in-reg] in14 -> c472/RESET_B : -2.253393
[setup in-reg] in14 -> s771/D : -2.243585
[setup in-reg] in14 -> s770/D : -2.156964
[setup reg-reg] s766/Q -> c479/SET_B : -2.068227
[setup in-reg] in14 -> c335/RESET_B : -2.067461
[setup in-reg] in14 -> c562/D : -1.925031
[setup in-reg] in2 -> c718/SCD : -1.920328
[setup in-reg] in2 -> c711/SCD : -1.919279
[setup in-reg] in14 -> c562/RESET_B : -1.902287
[setup reg-reg] c316/Q_N -> c734/D : -1.839455
[setup in-reg] in14 -> c574/SET_B : -1.805014
[setup in-reg] in47 -> c354/SCE : -1.778046
[setup reg-reg] c301/Q_N -> s767/D : -1.761607
[setup in-reg] in14 -> c720/SCE : -1.750041
[setup reg-out] c301/Q -> out33 : -1.747978
[setup reg-reg] s765/Q -> c600/SCE : -1.718068
[setup in-reg] in14 -> c720/SCD : -1.708847
[setup in-reg] in14 -> c577/SET_B : -1.654808
[setup in-reg] in14 -> c326/D : -1.644530
[setup in-reg] in47 -> c354/RESET_B : -1.628390
[setup reg-reg] c301/Q_N -> s765/D : -1.584181
[setup in-reg] in2 -> c599/SCE : -1.577806
[setup in-reg] in2 -> c596/SCE : -1.577731
[setup in-reg] in2 -> c711/RESET_B : -1.566922
[setup reg-out] s768/Q -> out46 : -1.562882
[setup in-reg] in14 -> c718/RESET_B : -1.562618
[setup reg-reg] s765/Q -> c605/D : -1.518504
[setup in-reg] in14 -> c734/RESET_B : -1.497346
[setup reg-reg] s771/Q -> c711/D : -1.441387
[setup reg-reg] c301/Q_N -> c479/RESET_B : -1.427224
[setup in-reg] in14 -> c671/D : -1.413735
[setup in-reg] in14 -> c711/SET_B : -1.391818
[setup in-reg] in14 -> c225/SCD : -1.391566
[setup reg-out] s768/Q -> out50 : -1.367651
[setup in-reg] in14 -> c186/RESET_B : -1.357785
[setup in-reg] in14 -> c517/D : -1.353293
[setup in-reg] in14 -> c588/SET_B : -1.296915
[setup in-reg] in11 -> c599/D : -1.262727
[setup in-reg] in14 -> c440/RESET_B : -1.258309
[setup in-reg] in14 -> c306/D : -1.244675
[setup in-reg] in14 -> c316/D : -1.244613
[setup in-reg] in14 -> c247/SCE : -1.214151
[setup in-reg] in11 -> c596/SCD : -1.214087
[setup in-reg] in14 -> c369/D : -1.156228
[setup in-reg] in47 -> c335/D : -1.155269
[setup reg-out] s768/Q -> out25 : -1.151614
[setup reg-reg] c301/Q_N -> c481/SCD : -1.147504
[setup reg-reg] s769/Q -> s772/D : -1.145380
[setup in-reg] in2 -> c706/RESET_B : -1.141444
[setup in-reg] in14 -> c412/D : -1.140225
[setup reg-out] c323/Q -> out48 : -1.106050
[setup reg-out] s764/Q -> out17 : -1.101761
[setup in-reg] in14 -> c666/RESET_B : -1.091995
[setup in-reg] in47 -> c247/SCD : -1.091016
[setup in-reg] in2 -> c326/RESET_B : -1.080744
[setup in-reg] in14 -> c574/D : -1.066521
[setup in-reg] in47 -> c335/SCE : -1.065064
[setup in-reg] in14 -> c599/RESET_B : -1.030384
[setup reg-reg] c573/Q -> c715/SCE : -1.018006
[setup in-reg] in14 -> c472/D : -1.014490
[setup in-reg] in14 -> c183/D : -1.008790
[setup in-reg] in2 -> c703/SET_B : -0.996212
[setup in-reg] in14 -> c403/RESET_B : -0.995614
[setup in-reg] in14 -> c407/SET_B : -0.987613
[setup in-reg] in2 -> c326/SET_B : -0.984848
[setup in-reg] in2 -> c336/SET_B : -0.962932
[setup in-reg] in14 -> c588/SCD : -0.953782
[setup reg-reg] s769/Q -> c601/SCD : -0.935952
[setup in-reg] in14 -> c186/D : -0.926919
[setup in-reg] in47 -> c250/D : -0.926033
[setup reg-out] s764/Q -> out16 : -0.899484
[setup reg-reg] s771/Q -> c703/D : -0.897465
[setup reg-out] c301/Q -> out28 : -0.880340
[setup in-reg] in14 -> c476/D : -0.871458
[setup reg-reg] c573/Q -> c727/SCD : -0.870188
[setup in-reg] in14 -> c184/SET_B : -0.850755
[setup in-reg] in14 -> c706/SET_B : -0.819878
[setup in-reg] in14 -> c564/RESET_B : -0.715120
[setup in-reg] in14 -> c720/RESET_B : -0.689441
[setup reg-reg] c301/Q -> s775/D : -0.640901
[setup in-reg] in14 -> c225/RESET_B : -0.615708
[setup reg-out] c225/Q -> out27 : -0.613765
[setup in-reg] in47 -> c588/D : -0.597546
[setup in-reg] in2 -> c718/SET_B : -0.593992
[setup in-reg] in14 -> c599/SET_B : -0.591441
[setup in-reg] in47 -> c247/SET_B : -0.591036
[setup reg-reg] c306/Q -> c440/D : -0.590983
[setup reg-reg] c573/Q -> c600/SCD : -0.530012
[setup reg-reg] c316/Q_N -> c577/RESET_B : -0.522957
[setup reg-reg] s771/Q -> c666/SET_B : -0.514602
[setup in-reg] in14 -> c250/RESET_B : -0.467097
[setup in-reg] in2 -> c645/RESET_B : -0.450177
[setup reg-reg] c301/Q -> s773/D : -0.446486
[setup reg-out] c554/Q -> out2 : -0.433408
[setup in-reg] in14 -> c186/SET_B : -0.424976
[setup reg-reg] c301/Q -> s774/D : -0.390314
[setup in-reg] in2 -> c703/RESET_B : -0.357248
[setup reg-reg] c301/Q -> s760/D : -0.266057
[setup in-out] in14 -> out29 : -0.223710
[setup reg-reg] c301/Q_N -> c592/D : -0.220409
[setup in-reg] in47 -> c472/SET_B : -0.179522
[setup in-reg] in2 -> c354/SET_B : -0.174877
[setup in-reg] in47 -> c250/SCD : -0.126069
[setup reg-reg] c301/Q_N -> s769/D : -0.117547
[setup in-reg] in14 -> c306/RESET_B : -0.102604
[setup reg-reg] c301/Q -> c425/D : -0.095711
[setup reg-reg] c301/Q_N -> c605/SCD : -0.079091
[setup reg-reg] c301/Q -> c432/SCE : -0.052506
[setup reg-reg] c301/Q -> c322/D : -0.022351
[setup reg-reg] c402/Q -> c403/D : 0.000000
[setup reg-reg] c301/Q -> c573/D : 0.000000
[setup in-reg] in2 -> c402/D : 0.000000
[setup reg-reg] c407/Q -> c549/D : 0.000000
[setup reg-reg] c323/Q -> s768/D : 0.000000
[setup in-reg] in14 -> c301/D : 0.000000
[setup reg-reg] s764/Q -> c554/D : 0.000000
[setup in-reg] in14 -> s764/D : 0.000000
[setup reg-reg] c294/Q -> c323/D : 0.000000
[setup in-reg] in14 -> c643/D : 0.000000
[setup in-reg] in14 -> c320/D : 0.000000
[setup reg-reg] c519/Q -> c564/D : 0.000000
[setup in-reg] in14 -> c294/D : 0.000000
Writing metric timing__hold_vio__count__corner:nom_tt_025C_1v80: 6
Writing metric timing__hold_r2r__ws__corner:nom_tt_025C_1v80: -3.207677
Writing metric timing__hold_r2r_vio__count__corner:nom_tt_025C_1v80: 4
Writing metric timing__setup_vio__count__corner:nom_tt_025C_1v80: 131
Writing metric timing__setup_r2r__ws__corner:nom_tt_025C_1v80: -5.660954
Writing metric timing__setup_r2r_vio__count__corner:nom_tt_025C_1v80: 37
