
===========================================================================
Violator List
============================================================================
[hold reg-reg] c451/Q -> c457/RESET_B : -0.166190
[hold reg-reg] s766/Q -> c314/SET_B : -0.135571
[hold reg-reg] c118/Q -> c233/RESET_B : -0.104953
[hold reg-reg] c561/Q -> c563/SET_B : -0.094815
[hold reg-reg] c359/Q -> c362/RESET_B : -0.084087
[hold reg-reg] c375/Q -> c376/RESET_B : -0.079905
[hold reg-reg] c532/Q -> c536/SET_B : -0.076627
[hold reg-reg] c397/Q -> c406/SET_B : -0.069435
[hold reg-reg] c366/Q -> c500/SET_B : -0.045389
[hold reg-reg] c643/Q -> c650/RESET_B : -0.044608
[hold reg-reg] s781/Q -> c598/SET_B : -0.041943
[hold reg-reg] c646/Q -> c650/SET_B : -0.034340
[hold reg-reg] c395/Q_N -> c396/RESET_B : -0.034082
[hold reg-reg] c362/Q -> c497/D : -0.020074
[hold reg-reg] c671/Q -> c678/SET_B : -0.010721
[hold reg-reg] c530/Q -> c532/D : -0.001780
[hold reg-reg] c359/Q -> c371/RESET_B : -0.000348
[setup reg-reg] c320/Q_N -> c332/SET_B : -4.853650
[setup reg-reg] c291/Q -> c570/RESET_B : -4.797108
[setup in-reg] in13 -> c436/RESET_B : -4.085742
[setup in-reg] in14 -> c677/SET_B : -2.019650
[setup reg-reg] c671/Q -> c678/SET_B : -0.669995
[setup reg-reg] c634/Q_N -> c703/D : -0.540095
[setup in-reg] in51 -> c501/SCE : -0.536307
[setup in-reg] in1 -> s772/D : -0.482835
[setup in-reg] in51 -> c320/D : -0.430312
[setup in-reg] in51 -> c468/SCD : -0.409061
[setup in-reg] in51 -> c503/RESET_B : -0.400625
[setup in-reg] in51 -> c468/D : -0.361158
[setup reg-reg] c634/Q -> s776/D : -0.341342
[setup in-reg] in51 -> c350/RESET_B : -0.333761
[setup reg-reg] c634/Q -> s777/D : -0.320189
[setup in-reg] in1 -> c497/SCD : -0.310990
[setup reg-out] s774/Q -> out18 : -0.306876
[setup in-reg] in51 -> c501/SET_B : -0.304567
[setup in-reg] in51 -> c497/SCE : -0.284059
[setup in-reg] in13 -> c329/D : -0.283829
[setup reg-reg] c648/Q -> c650/RESET_B : -0.280245
[setup in-reg] in13 -> c436/SCD : -0.276242
[setup in-reg] in51 -> c360/D : -0.274042
[setup reg-reg] c634/Q -> c701/RESET_B : -0.232566
[setup in-reg] in51 -> c606/SET_B : -0.215298
[setup in-reg] in13 -> c436/RESET_B : -0.204995
[setup in-reg] in1 -> c606/D : -0.194129
[setup in-reg] in51 -> c115/D : -0.187387
[setup in-reg] in51 -> c503/D : -0.184696
[setup reg-reg] c634/Q -> c677/RESET_B : -0.180920
[setup in-reg] in13 -> c375/D : -0.157862
[setup in-reg] in1 -> c569/RESET_B : -0.126821
[setup in-reg] in51 -> c329/SET_B : -0.126409
[setup in-reg] in1 -> c559/RESET_B : -0.125281
[setup in-reg] in51 -> c361/D : -0.105032
[setup in-reg] in51 -> c497/SET_B : -0.102206
[setup reg-reg] c360/Q_N -> c375/RESET_B : -0.101188
[setup in-reg] in1 -> c606/SCD : -0.092985
[setup in-reg] in13 -> c376/SET_B : -0.089035
[setup in-reg] in13 -> c369/RESET_B : -0.086851
[setup in-reg] in51 -> c124/SET_B : -0.031159
[setup in-reg] in51 -> c125/SET_B : -0.030810
[setup in-reg] in51 -> c350/D : -0.029875
[setup reg-reg] c634/Q_N -> c648/D : -0.005639
[setup in-reg] in1 -> c397/D : 0.000000
[setup in-reg] in1 -> c634/D : 0.000000
[setup in-reg] in1 -> c658/D : 0.000000
[setup in-reg] in1 -> c405/D : 0.000000
[setup in-reg] in1 -> c638/D : 0.000000
[setup in-reg] in20 -> c404/D : 0.000000
[setup reg-reg] c577/Q_N -> s774/D : 0.000000
[setup in-reg] in18 -> c653/D : 0.000000
[setup reg-reg] s770/Q -> s771/D : 0.000000
[setup reg-reg] c576/Q -> s775/D : 0.000000
[setup reg-reg] c291/Q -> s773/D : 0.000000
[setup in-reg] clk -> s770/D : 0.000000
[setup reg-reg] c396/Q -> c577/D : 0.000000
[setup reg-reg] c396/Q -> c576/D : 0.000000
[setup reg-reg] c125/Q -> c362/D : 0.000000
[setup reg-reg] c522/Q -> c646/D : 0.000000
[setup in-reg] in51 -> c336/D : 0.000000
[setup in-reg] in51 -> c351/D : 0.000000
[setup in-reg] in51 -> c371/D : 0.000000
