
===========================================================================
Violator List
============================================================================
[hold in-reg] clk -> c447/SET_B : -2.326869
[hold in-reg] clk -> c668/RESET_B : -1.513887
[hold reg-reg] s924/Q -> c582/SET_B : -1.306600
[hold reg-reg] s895/Q -> c553/SET_B : -0.718810
[hold in-reg] clk -> c331/SET_B : -0.713776
[hold reg-reg] s924/Q -> c582/RESET_B : -0.596803
[hold reg-reg] s936/Q_N -> c578/SET_B : -0.190235
[hold in-reg] clk -> c583/SET_B : -0.116070
[hold reg-reg] c297/Q -> merge783/RESET_B : -0.108837
[hold reg-reg] s880/Q -> merge863/RESET_B : -0.071893
[hold reg-reg] s914/Q -> c447/RESET_B : -0.047843
[hold reg-reg] s925/Q -> merge867/RESET_B : -0.031885
[hold in-reg] clk -> merge837/RESET_B : -0.029024
[hold reg-reg] merge826/Q -> s883/GATE : -0.015775
[hold reg-reg] merge786/Q -> merge786/RESET_B : -0.015218
[hold reg-reg] merge868/Q_N -> merge838/RESET_B : -0.005433
[setup reg-reg] merge806/Q_N -> c447/RESET_B : -8.956613
[setup reg-reg] s923/Q -> c582/SET_B : -7.742715
[setup reg-reg] s903/Q -> c366/SET_B : -7.726901
[setup reg-reg] merge819/Q -> c668/SET_B : -6.722252
[setup reg-reg] merge821/Q -> c331/RESET_B : -6.605536
[setup reg-reg] s971/Q -> c744/SET_B : -6.360818
[setup reg-reg] s939/Q -> c566/SET_B : -6.360118
[setup reg-reg] merge827/Q -> c582/RESET_B : -5.464747
[setup in-reg] in3 -> c337/RESET_B : -5.109433
[setup reg-out] s923/Q -> out3 : -4.799413
[setup reg-reg] merge823/Q -> s973/D : -4.370757
[setup reg-reg] merge823/Q -> merge853/RESET_B : -4.271394
[setup reg-reg] merge823/Q -> s941/D : -4.203608
[setup reg-reg] merge823/Q -> merge836/D : -4.191099
[setup reg-reg] merge823/Q -> s925/D : -4.176857
[setup reg-reg] merge823/Q -> merge876/D : -4.160662
[setup reg-out] s889/Q -> out48 : -4.160411
[setup reg-reg] merge827/Q -> merge853/D : -4.041670
[setup reg-out] merge847/Q -> out13 : -4.037287
[setup reg-reg] merge827/Q -> merge855/D : -3.984378
[setup reg-reg] merge823/Q -> merge875/D : -3.966875
[setup reg-reg] merge823/Q -> merge864/RESET_B : -3.922296
[setup in-reg] clk -> c668/RESET_B : -3.915928
[setup reg-out] s889/Q -> out46 : -3.872577
[setup reg-reg] merge823/Q -> merge836/RESET_B : -3.861822
[setup reg-reg] s936/Q_N -> c578/SET_B : -3.795303
[setup reg-out] s923/Q -> out19 : -3.792017
[setup reg-reg] merge823/Q -> s920/D : -3.730095
[setup reg-out] merge806/Q_N -> out12 : -3.723395
[setup reg-reg] merge827/Q -> merge848/D : -3.680725
[setup reg-out] s923/Q -> out25 : -3.675691
[setup reg-reg] merge827/Q -> merge864/D : -3.651798
[setup reg-reg] merge827/Q -> s972/D : -3.643440
[setup reg-reg] merge827/Q -> merge876/RESET_B : -3.610609
[setup reg-out] s889/Q -> out45 : -3.531845
[setup reg-reg] s955/Q -> merge839/D : -3.528986
[setup reg-out] s889/Q -> out38 : -3.512478
[setup reg-reg] merge827/Q -> merge848/RESET_B : -3.471321
[setup reg-out] s891/Q -> out11 : -3.467822
[setup reg-reg] s955/Q -> merge850/D : -3.364895
[setup reg-reg] merge823/Q -> c448/D : -3.327813
[setup reg-out] s889/Q -> out0 : -3.270474
[setup reg-out] merge846/Q -> out41 : -3.263487
[setup reg-reg] merge823/Q -> merge855/RESET_B : -3.257378
[setup reg-reg] merge827/Q -> merge849/D : -3.080920
[setup reg-reg] s955/Q -> merge857/D : -3.012279
[setup reg-out] s889/Q -> out21 : -2.999963
[setup reg-reg] s956/Q -> merge854/D : -2.932311
[setup reg-reg] s923/Q -> s942/D : -2.927805
[setup reg-reg] s923/Q -> s948/GATE : -2.919998
[setup reg-reg] s892/Q -> s893/D : -2.883480
[setup reg-out] s922/Q -> out35 : -2.876931
[setup reg-reg] merge827/Q -> s968/D : -2.864186
[setup reg-reg] s923/Q -> merge865/RESET_B : -2.844327
[setup reg-out] s890/Q -> out23 : -2.818594
[setup reg-out] s889/Q -> out42 : -2.776036
[setup reg-out] s891/Q -> out32 : -2.691628
[setup reg-reg] s903/Q -> s975/D : -2.679578
[setup reg-reg] merge806/Q_N -> merge852/D : -2.662629
[setup reg-reg] s955/Q -> c744/SCD : -2.609053
[setup reg-reg] merge827/Q -> c582/RESET_B : -2.561710
[setup in-reg] in51 -> s892/D : -2.546026
[setup reg-reg] s889/Q -> merge861/SCE : -2.528046
[setup reg-reg] merge827/Q -> merge783/D : -2.519836
[setup reg-out] s902/Q -> out33 : -2.519816
[setup reg-reg] s889/Q -> merge837/D : -2.514858
[setup reg-reg] s903/Q -> merge839/RESET_B : -2.510654
[setup reg-out] merge852/Q -> out20 : -2.505113
[setup reg-reg] merge806/Q_N -> merge851/D : -2.504755
[setup reg-out] s905/Q -> out9 : -2.504474
[setup in-reg] in3 -> merge811/RESET_B : -2.503531
[setup reg-reg] merge806/Q_N -> s947/GATE : -2.498981
[setup in-reg] in3 -> merge823/RESET_B : -2.484798
[setup reg-reg] merge806/Q_N -> merge869/SET_B : -2.483281
[setup reg-out] merge851/Q -> out7 : -2.480833
[setup reg-reg] s889/Q -> merge829/DE : -2.473500
[setup reg-reg] merge806/Q_N -> merge843/SET_B : -2.456336
[setup reg-reg] merge806/Q_N -> s932/GATE : -2.443779
[setup reg-reg] s923/Q -> s927/D : -2.426582
[setup reg-reg] merge806/Q_N -> s931/GATE : -2.426024
[setup reg-reg] merge806/Q_N -> s933/GATE : -2.419218
[setup in-reg] in3 -> merge823/D : -2.417285
[setup reg-reg] merge806/Q_N -> s943/D : -2.380093
[setup reg-out] s938/Q -> out18 : -2.374645
[setup in-reg] in3 -> merge826/D : -2.339974
[setup in-reg] in3 -> merge827/D : -2.337743
[setup reg-reg] s923/Q -> s967/D : -2.329321
[setup reg-reg] s889/Q -> merge851/RESET_B : -2.323209
[setup reg-reg] merge806/Q_N -> merge871/SET_B : -2.312539
[setup reg-reg] merge847/Q -> merge865/D : -2.309440
[setup reg-reg] s955/Q -> s962/D : -2.308722
[setup reg-reg] merge827/Q -> s940/D : -2.296465
[setup reg-reg] merge806/Q_N -> merge857/DE : -2.289919
[setup in-reg] in3 -> c321/SCE : -2.284292
[setup in-reg] in3 -> c195/SCE : -2.278023
[setup reg-reg] s923/Q -> s945/D : -2.274463
[setup in-reg] in3 -> s888/D : -2.246595
[setup in-reg] in3 -> merge811/D : -2.237082
[setup reg-reg] merge806/Q_N -> merge859/SCE : -2.210952
[setup reg-reg] merge806/Q_N -> s923/D : -2.208682
[setup reg-reg] merge806/Q_N -> s974/D : -2.196788
[setup in-reg] in3 -> s936/D : -2.174455
[setup reg-reg] s955/Q -> c744/RESET_B : -2.171967
[setup reg-reg] merge847/Q -> s929/D : -2.165239
[setup in-reg] in3 -> c195/SCD : -2.164798
[setup in-reg] in3 -> c582/SCE : -2.164693
[setup in-reg] in3 -> c582/D : -2.140677
[setup reg-reg] merge806/Q_N -> s919/D : -2.138145
[setup reg-reg] merge806/Q_N -> merge840/SET_B : -2.135406
[setup in-reg] in51 -> c108/D : -2.134768
[setup in-reg] in51 -> merge812/D : -2.131224
[setup reg-reg] merge827/Q -> c553/SCE : -2.123352
[setup in-reg] in51 -> merge849/RESET_B : -2.099566
[setup in-reg] in51 -> c108/SCE : -2.085329
[setup in-reg] in51 -> merge812/RESET_B : -2.084927
[setup in-reg] in51 -> s904/D : -2.076344
[setup in-reg] in3 -> s957/D : -2.070909
[setup in-reg] in51 -> c127/D : -2.063914
[setup in-reg] in3 -> s924/D : -2.048223
[setup in-reg] in3 -> c331/SCD : -2.037565
[setup in-reg] in3 -> s952/D : -2.018981
[setup in-reg] in3 -> s908/D : -2.018547
[setup reg-reg] merge847/Q -> s906/D : -1.986969
[setup reg-reg] merge827/Q -> merge783/RESET_B : -1.979920
[setup reg-reg] merge806/Q_N -> merge858/D : -1.974074
[setup in-reg] in51 -> c101/SET_B : -1.938016
[setup reg-reg] merge827/Q -> c321/SCD : -1.936521
[setup in-reg] in3 -> s956/D : -1.916281
[setup reg-reg] merge827/Q -> c335/D : -1.908260
[setup reg-reg] merge806/Q_N -> merge842/D : -1.906113
[setup reg-reg] merge847/Q -> s905/D : -1.903843
[setup reg-reg] merge847/Q -> s907/D : -1.901119
[setup in-reg] in3 -> c297/SCD : -1.888807
[setup reg-reg] merge806/Q_N -> s922/D : -1.884049
[setup in-reg] in3 -> c566/SCD : -1.878441
[setup in-reg] in3 -> merge875/RESET_B : -1.871219
[setup reg-reg] merge847/Q -> s903/D : -1.867099
[setup in-reg] in51 -> c366/D : -1.865518
[setup in-reg] in3 -> s909/D : -1.862023
[setup reg-reg] s955/Q -> merge850/RESET_B : -1.850982
[setup reg-reg] merge806/Q_N -> s921/D : -1.850879
[setup in-reg] in3 -> merge827/RESET_B : -1.841038
[setup reg-reg] merge806/Q_N -> merge797/D : -1.840857
[setup reg-reg] merge806/Q_N -> merge845/D : -1.840610
[setup reg-reg] s923/Q -> s944/D : -1.838428
[setup reg-reg] merge806/Q_N -> s963/GATE : -1.830825
[setup reg-reg] s955/Q -> merge842/SET_B : -1.816891
[setup in-reg] in3 -> c195/D : -1.815475
[setup reg-reg] merge846/Q -> merge829/D : -1.813554
[setup in-reg] in3 -> c297/SCE : -1.806919
[setup in-reg] in3 -> c449/RESET_B : -1.801796
[setup reg-reg] merge806/Q_N -> s918/D : -1.801701
[setup reg-reg] s923/Q -> merge877/D : -1.799655
[setup reg-reg] merge806/Q_N -> merge874/RESET_B : -1.798934
[setup in-reg] in3 -> c297/D : -1.781155
[setup reg-reg] merge806/Q_N -> merge873/D : -1.769203
[setup reg-reg] merge847/Q -> merge837/RESET_B : -1.764639
[setup reg-reg] merge846/Q -> merge867/D : -1.760062
[setup reg-reg] merge847/Q -> merge806/D : -1.756299
[setup reg-reg] merge806/Q_N -> s926/D : -1.729434
[setup in-reg] in3 -> merge854/RESET_B : -1.726633
[setup in-reg] in3 -> c566/RESET_B : -1.726416
[setup in-reg] in51 -> c357/SET_B : -1.724785
[setup reg-reg] merge847/Q -> merge861/GATE : -1.713667
[setup reg-reg] merge874/Q -> merge832/SCE : -1.713483
[setup in-reg] in3 -> c173/RESET_B : -1.713228
[setup reg-reg] merge806/Q_N -> s902/D : -1.708421
[setup reg-reg] merge806/Q_N -> merge852/RESET_B : -1.705671
[setup reg-reg] merge846/Q -> s887/D : -1.697115
[setup in-reg] in3 -> c195/RESET_B : -1.686828
[setup in-reg] in3 -> c448/SCD : -1.679033
[setup reg-reg] merge806/Q_N -> merge871/D : -1.670323
[setup reg-reg] merge847/Q -> merge846/D : -1.641126
[setup reg-reg] merge847/Q -> s884/GATE : -1.630650
[setup reg-reg] merge827/Q -> c582/SET_B : -1.627771
[setup reg-reg] s889/Q -> merge862/D : -1.624944
[setup in-reg] in3 -> c668/SET_B : -1.621000
[setup reg-reg] s955/Q -> s960/D : -1.596007
[setup reg-reg] s923/Q -> s969/D : -1.571252
[setup in-reg] in3 -> c321/RESET_B : -1.558525
[setup in-reg] in3 -> c335/RESET_B : -1.556171
[setup in-reg] in51 -> c127/RESET_B : -1.548512
[setup reg-reg] merge806/Q_N -> merge872/D : -1.547750
[setup reg-reg] merge806/Q_N -> s901/GATE : -1.541880
[setup reg-reg] merge823/Q -> c331/RESET_B : -1.521466
[setup reg-reg] s923/Q -> merge867/RESET_B : -1.520186
[setup reg-reg] merge806/Q_N -> merge797/SET_B : -1.514716
[setup reg-reg] merge806/Q_N -> c447/RESET_B : -1.513082
[setup reg-reg] merge846/Q -> s889/D : -1.511151
[setup reg-reg] s955/Q -> merge877/RESET_B : -1.499235
[setup in-reg] in51 -> c366/SCE : -1.471764
[setup reg-reg] s923/Q -> merge819/RESET_B : -1.465635
[setup reg-reg] merge846/Q -> s886/D : -1.463874
[setup in-reg] in3 -> c668/SCE : -1.453091
[setup reg-reg] merge847/Q -> merge800/D : -1.425599
[setup reg-reg] merge806/Q_N -> merge845/SET_B : -1.424156
[setup reg-reg] merge806/Q_N -> c337/SCE : -1.399296
[setup reg-reg] s923/Q -> merge835/RESET_B : -1.357679
[setup reg-reg] merge806/Q_N -> merge868/SET_B : -1.351293
[setup reg-reg] merge806/Q_N -> merge822/RESET_B : -1.337865
[setup reg-reg] s955/Q -> s958/D : -1.317352
[setup reg-reg] merge846/Q -> s891/D : -1.285354
[setup reg-reg] merge846/Q -> s890/D : -1.280569
[setup reg-reg] merge827/Q -> c553/D : -1.278290
[setup reg-reg] merge806/Q_N -> s900/GATE : -1.270831
[setup reg-reg] s955/Q -> merge873/RESET_B : -1.269871
[setup in-reg] in51 -> c127/SET_B : -1.269798
[setup reg-reg] merge806/Q_N -> s917/GATE : -1.248310
[setup reg-reg] merge846/Q -> merge863/RESET_B : -1.211488
[setup reg-reg] s950/Q_N -> s953/D : -1.204588
[setup reg-reg] s950/Q -> s959/D : -1.202623
[setup reg-reg] s950/Q -> s964/GATE : -1.152359
[setup in-reg] in51 -> c101/SCD : -1.146866
[setup reg-reg] s950/Q -> s961/D : -1.136208
[setup reg-reg] s950/Q -> s954/D : -1.129513
[setup in-reg] in51 -> c357/RESET_B : -1.092440
[setup reg-reg] merge827/Q -> c297/RESET_B : -1.077268
[setup reg-reg] merge806/Q_N -> merge840/D : -1.073227
[setup reg-reg] s955/Q -> merge809/RESET_B : -1.068929
[setup reg-reg] merge806/Q_N -> merge859/GATE : -1.062438
[setup in-reg] in17 -> c552/SET_B : -1.062042
[setup reg-reg] s923/Q -> merge870/SET_B : -0.987578
[setup reg-reg] s950/Q_N -> s955/D : -0.985576
[setup in-reg] in51 -> c357/SCD : -0.939854
[setup reg-reg] merge846/Q -> s885/GATE : -0.938442
[setup in-reg] in51 -> c108/RESET_B : -0.937384
[setup reg-reg] merge806/Q_N -> merge860/SCE : -0.924625
[setup reg-reg] s950/Q_N -> s951/D : -0.919407
[setup reg-reg] merge806/Q_N -> s971/D : -0.856646
[setup reg-reg] merge823/Q -> c321/D : -0.846178
[setup reg-reg] merge806/Q_N -> s966/D : -0.844667
[setup reg-reg] merge874/Q -> s970/D : -0.829389
[setup reg-reg] merge847/Q -> merge778/RESET_B : -0.796764
[setup reg-reg] merge806/Q_N -> merge847/RESET_B : -0.783939
[setup reg-reg] s940/Q -> c582/SCD : -0.780070
[setup reg-reg] merge806/Q_N -> merge832/GATE : -0.756486
[setup in-reg] in51 -> c101/D : -0.691927
[setup in-reg] in51 -> c366/SCD : -0.656065
[setup reg-reg] merge846/Q_N -> merge834/D : -0.642650
[setup reg-reg] merge874/Q -> c583/SCD : -0.642169
[setup reg-reg] merge846/Q_N -> s879/D : -0.612000
[setup in-reg] in3 -> c668/RESET_B : -0.535923
[setup reg-reg] merge823/Q -> c173/SCD : -0.483477
[setup reg-reg] merge874/Q -> c578/RESET_B : -0.471575
[setup reg-reg] merge823/Q -> c173/SCE : -0.462206
[setup reg-reg] s886/Q -> merge872/SET_B : -0.433142
[setup reg-reg] s936/Q -> c566/SCE : -0.421860
[setup reg-reg] s953/Q -> merge835/D : -0.418439
[setup reg-reg] merge874/Q -> merge838/RESET_B : -0.392142
[setup reg-reg] merge809/Q -> s950/D : -0.382002
[setup reg-reg] merge809/Q -> merge777/D : -0.315760
[setup reg-reg] merge809/Q -> s949/GATE : -0.285190
[setup in-reg] in51 -> c366/RESET_B : -0.253116
[setup reg-reg] s971/Q -> c744/SET_B : -0.228193
[setup reg-reg] s954/Q -> merge777/RESET_B : -0.223291
[setup in-reg] in51 -> c331/D : -0.160781
[setup reg-reg] merge809/Q -> merge786/D : -0.154403
[setup in-out] in51 -> out36 : -0.129416
[setup in-reg] in3 -> c566/D : -0.069900
[setup reg-reg] merge812/Q_N -> c108/SET_B : -0.052589
[setup reg-reg] s939/Q -> merge874/D : 0.000000
[setup reg-reg] merge819/Q -> merge809/D : 0.000000
[setup reg-reg] s937/Q -> s939/D : 0.000000
[setup reg-reg] s935/Q -> s938/D : 0.000000
[setup reg-reg] merge822/Q -> merge847/D : 0.000000
[setup reg-reg] s935/Q_N -> s937/D : 0.000000
[setup reg-reg] c195/Q -> merge821/D : 0.000000
[setup in-reg] in3 -> merge822/D : 0.000000
[setup in-reg] in3 -> s935/D : 0.000000
[setup in-reg] in3 -> merge819/D : 0.000000
[setup in-reg] in3 -> s934/D : 0.000000
