
===========================================================================
report_checks -unconstrained
===========================================================================
======================= max_ff_n40C_1v95 Corner ===================================

Startpoint: in7 (input port clocked by clk)
Endpoint: c241 (recovery check against falling-edge clock clk)
Path Group: asynchronous
Path Type: max

Fanout         Cap        Slew       Delay        Time   Description
---------------------------------------------------------------------------------------------
                                  0.000000    0.000000   clock clk (rise edge)
                                  0.000000    0.000000   clock network delay (propagated)
                                  1.600000    1.600000 ^ input external delay
     3    0.027230    0.095736    0.065573    1.665573 ^ in7 (in)
                                                         in7 (net)
                      0.095743    0.000000    1.665573 ^ input60/A (sky130_fd_sc_hd__buf_12)
     5    0.052337    0.054095    0.093800    1.759373 ^ input60/X (sky130_fd_sc_hd__buf_12)
                                                         net791 (net)
                      0.055442    0.006543    1.765916 ^ c126/A_N (sky130_fd_sc_hd__nand2b_4)
     7    0.041987    0.106892    0.134054    1.899970 ^ c126/Y (sky130_fd_sc_hd__nand2b_4)
                                                         net63 (net)
                      0.106927    0.001530    1.901500 ^ c129/S0 (sky130_fd_sc_hd__mux4_2)
     5    0.029771    0.111913    0.372228    2.273727 v c129/X (sky130_fd_sc_hd__mux4_2)
                                                         net66 (net)
                      0.111916    0.000813    2.274541 v c132/A (sky130_fd_sc_hd__and3_4)
     6    0.050267    0.063747    0.168068    2.442608 v c132/X (sky130_fd_sc_hd__and3_4)
                                                         net69 (net)
                      0.063884    0.002605    2.445214 v c133/A (sky130_fd_sc_hd__nor3b_4)
     3    0.019657    0.198500    0.212449    2.657663 ^ c133/Y (sky130_fd_sc_hd__nor3b_4)
                                                         net70 (net)
                      0.198500    0.000753    2.658416 ^ c150/A (sky130_fd_sc_hd__and3_1)
     2    0.010476    0.089132    0.149059    2.807475 ^ c150/X (sky130_fd_sc_hd__and3_1)
                                                         net87 (net)
                      0.089135    0.000644    2.808119 ^ c151/A_N (sky130_fd_sc_hd__and2b_2)
     5    0.027420    0.064161    0.178953    2.987072 v c151/X (sky130_fd_sc_hd__and2b_2)
                                                         net88 (net)
                      0.064305    0.002680    2.989752 v c199/A (sky130_fd_sc_hd__or4bb_4)
     3    0.025414    0.083751    0.366801    3.356553 v c199/X (sky130_fd_sc_hd__or4bb_4)
                                                         net142 (net)
                      0.083801    0.003245    3.359798 v clkbuf_0_net142/A (sky130_fd_sc_hd__clkbuf_16)
     5    0.042271    0.036095    0.131413    3.491211 v clkbuf_0_net142/X (sky130_fd_sc_hd__clkbuf_16)
                                                         clknet_0_net142 (net)
                      0.036581    0.003059    3.494270 v clkbuf_1_1__f_net142/A (sky130_fd_sc_hd__clkbuf_16)
     5    0.037156    0.034062    0.108749    3.603019 v clkbuf_1_1__f_net142/X (sky130_fd_sc_hd__clkbuf_16)
                                                         clknet_1_1__leaf_net142 (net)
                      0.034849    0.004363    3.607381 v c200/D_N (sky130_fd_sc_hd__or4bb_4)
     1    0.008924    0.032091    0.137062    3.744443 ^ c200/X (sky130_fd_sc_hd__or4bb_4)
                                                         net143 (net)
                      0.032092    0.000425    3.744868 ^ clkbuf_0_net143/A (sky130_fd_sc_hd__clkbuf_16)
     2    0.019746    0.031003    0.084363    3.829231 ^ clkbuf_0_net143/X (sky130_fd_sc_hd__clkbuf_16)
                                                         clknet_0_net143 (net)
                      0.031013    0.001007    3.830238 ^ clkbuf_1_1__f_net143/A (sky130_fd_sc_hd__clkbuf_16)
     1    0.008267    0.023361    0.076439    3.906677 ^ clkbuf_1_1__f_net143/X (sky130_fd_sc_hd__clkbuf_16)
                                                         clknet_1_1__leaf_net143 (net)
                      0.023362    0.000278    3.906955 ^ c202/S0 (sky130_fd_sc_hd__mux4_2)
     1    0.018470    0.091251    0.328106    4.235061 v c202/X (sky130_fd_sc_hd__mux4_2)
                                                         net145 (net)
                      0.091308    0.001852    4.236914 v clkbuf_0_net145/A (sky130_fd_sc_hd__clkbuf_16)
     2    0.019637    0.026796    0.124294    4.361208 v clkbuf_0_net145/X (sky130_fd_sc_hd__clkbuf_16)
                                                         clknet_0_net145 (net)
                      0.026796    0.000787    4.361995 v clkbuf_1_0__f_net145/A (sky130_fd_sc_hd__clkbuf_16)
     5    0.023864    0.028509    0.098837    4.460832 v clkbuf_1_0__f_net145/X (sky130_fd_sc_hd__clkbuf_16)
                                                         clknet_1_0__leaf_net145 (net)
                      0.028599    0.001275    4.462107 v c205/A3 (sky130_fd_sc_hd__mux4_2)
     1    0.007463    0.068644    0.270266    4.732374 v c205/X (sky130_fd_sc_hd__mux4_2)
                                                         net148 (net)
                      0.068644    0.000357    4.732730 v clkbuf_0_net148/A (sky130_fd_sc_hd__clkbuf_16)
     2    0.018884    0.026470    0.113912    4.846642 v clkbuf_0_net148/X (sky130_fd_sc_hd__clkbuf_16)
                                                         clknet_0_net148 (net)
                      0.026489    0.001150    4.847792 v clkbuf_1_1__f_net148/A (sky130_fd_sc_hd__clkbuf_16)
     1    0.005178    0.020361    0.087653    4.935445 v clkbuf_1_1__f_net148/X (sky130_fd_sc_hd__clkbuf_16)
                                                         clknet_1_1__leaf_net148 (net)
                      0.020363    0.000392    4.935837 v c215/A_N (sky130_fd_sc_hd__nand3b_4)
     1    0.012930    0.078997    0.104301    5.040138 v c215/Y (sky130_fd_sc_hd__nand3b_4)
                                                         net155 (net)
                      0.079022    0.001046    5.041183 v clkbuf_0_net155/A (sky130_fd_sc_hd__clkbuf_16)
     2    0.009918    0.022838    0.113441    5.154624 v clkbuf_0_net155/X (sky130_fd_sc_hd__clkbuf_16)
                                                         clknet_0_net155 (net)
                      0.022841    0.000473    5.155097 v rebuffer10/A (sky130_fd_sc_hd__dlygate4sd1_1)
     1    0.009850    0.042798    0.161797    5.316894 v rebuffer10/X (sky130_fd_sc_hd__dlygate4sd1_1)
                                                         net908 (net)
                      0.042815    0.000804    5.317698 v clkbuf_1_1__f_net155/A (sky130_fd_sc_hd__clkbuf_16)
     1    0.004834    0.020223    0.094289    5.411987 v clkbuf_1_1__f_net155/X (sky130_fd_sc_hd__clkbuf_16)
                                                         clknet_1_1__leaf_net155 (net)
                      0.020224    0.000331    5.412318 v c224/B (sky130_fd_sc_hd__and2b_2)
     1    0.013159    0.044702    0.133970    5.546288 v c224/X (sky130_fd_sc_hd__and2b_2)
                                                         net162 (net)
                      0.044733    0.001076    5.547365 v clkbuf_0_net162/A (sky130_fd_sc_hd__clkbuf_16)
     2    0.016621    0.025439    0.102451    5.649816 v clkbuf_0_net162/X (sky130_fd_sc_hd__clkbuf_16)
                                                         clknet_0_net162 (net)
                      0.025441    0.000862    5.650678 v clkbuf_1_1__f_net162/A (sky130_fd_sc_hd__clkbuf_16)
     1    0.008525    0.022130    0.089657    5.740335 v clkbuf_1_1__f_net162/X (sky130_fd_sc_hd__clkbuf_16)
                                                         clknet_1_1__leaf_net162 (net)
                      0.022135    0.000649    5.740984 v c226/A1 (sky130_fd_sc_hd__o2111ai_4)
     1    0.013769    0.165762    0.162424    5.903408 ^ c226/Y (sky130_fd_sc_hd__o2111ai_4)
                                                         net812 (net)
                      0.165764    0.001161    5.904569 ^ clkbuf_0_net812/A (sky130_fd_sc_hd__clkbuf_16)
     2    0.020232    0.034137    0.114854    6.019423 ^ clkbuf_0_net812/X (sky130_fd_sc_hd__clkbuf_16)
                                                         clknet_0_net812 (net)
                      0.034155    0.001241    6.020664 ^ clkbuf_1_1__f_net812/A (sky130_fd_sc_hd__clkbuf_16)
     2    0.015637    0.028273    0.082256    6.102919 ^ clkbuf_1_1__f_net812/X (sky130_fd_sc_hd__clkbuf_16)
                                                         clknet_1_1__leaf_net812 (net)
                      0.028284    0.000920    6.103839 ^ c241/RESET_B (sky130_fd_sc_hd__sdfbbn_1)
                                              6.103839   data arrival time

                                  4.000000    4.000000   clock clk (fall edge)
                                  0.000000    4.000000   clock source latency
     2    0.040575    0.062949    0.044879    4.044879 v clk (in)
                                                         clk (net)
                      0.063058    0.000000    4.044879 v clkbuf_0_clk/A (sky130_fd_sc_hd__clkbuf_16)
     9    0.093130    0.058008    0.140634    4.185513 v clkbuf_0_clk/X (sky130_fd_sc_hd__clkbuf_16)
                                                         clknet_0_clk (net)
                      0.058697    0.004887    4.190399 v clkbuf_2_3__f_clk/A (sky130_fd_sc_hd__clkbuf_16)
    19    0.087615    0.056230    0.135669    4.326068 v clkbuf_2_3__f_clk/X (sky130_fd_sc_hd__clkbuf_16)
                                                         clknet_2_3__leaf_clk (net)
                      0.057206    0.005866    4.331933 v clkbuf_leaf_14_clk/A (sky130_fd_sc_hd__clkbuf_8)
     4    0.021574    0.031096    0.109269    4.441202 v clkbuf_leaf_14_clk/X (sky130_fd_sc_hd__clkbuf_8)
                                                         clknet_leaf_14_clk (net)
                      0.031126    0.000870    4.442072 v c241/CLK_N (sky130_fd_sc_hd__sdfbbn_1)
                                 -0.250000    4.192072   clock uncertainty
                                  0.000000    4.192072   clock reconvergence pessimism
                                 -0.038296    4.153775   library recovery time
                                              4.153775   data required time
---------------------------------------------------------------------------------------------
                                              4.153775   data required time
                                             -6.103839   data arrival time
---------------------------------------------------------------------------------------------
                                             -1.950064   slack (VIOLATED)


Startpoint: c429 (falling edge-triggered flip-flop clocked by clk)
Endpoint: c703 (rising edge-triggered flip-flop clocked by clk)
Path Group: clk
Path Type: max

Fanout         Cap        Slew       Delay        Time   Description
---------------------------------------------------------------------------------------------
                                  4.000000    4.000000   clock clk (fall edge)
                                  0.000000    4.000000   clock source latency
     2    0.040575    0.062949    0.044879    4.044879 v clk (in)
                                                         clk (net)
                      0.063058    0.000000    4.044879 v clkbuf_0_clk/A (sky130_fd_sc_hd__clkbuf_16)
     9    0.093130    0.058008    0.140634    4.185513 v clkbuf_0_clk/X (sky130_fd_sc_hd__clkbuf_16)
                                                         clknet_0_clk (net)
                      0.058946    0.005727    4.191239 v clkbuf_2_1__f_clk/A (sky130_fd_sc_hd__clkbuf_16)
    17    0.092217    0.057568    0.138622    4.329862 v clkbuf_2_1__f_clk/X (sky130_fd_sc_hd__clkbuf_16)
                                                         clknet_2_1__leaf_clk (net)
                      0.058382    0.005298    4.335159 v clkbuf_leaf_9_clk/A (sky130_fd_sc_hd__clkbuf_8)
     4    0.017336    0.027889    0.106188    4.441348 v clkbuf_leaf_9_clk/X (sky130_fd_sc_hd__clkbuf_8)
                                                         clknet_leaf_9_clk (net)
                      0.027916    0.000766    4.442114 v c429/CLK_N (sky130_fd_sc_hd__sdfbbn_1)
     3    0.020022    0.069511    0.390005    4.832119 v c429/Q (sky130_fd_sc_hd__sdfbbn_1)
                                                         net353 (net)
                      0.069515    0.000594    4.832713 v c435/A2 (sky130_fd_sc_hd__mux4_1)
     1    0.005370    0.074702    0.297327    5.130040 v c435/X (sky130_fd_sc_hd__mux4_1)
                                                         net837 (net)
                      0.074728    0.000390    5.130430 v fanout143/A (sky130_fd_sc_hd__buf_6)
    17    0.093679    0.063965    0.126124    5.256553 v fanout143/X (sky130_fd_sc_hd__buf_6)
                                                         net874 (net)
                      0.064699    0.005763    5.262317 v fanout142/A (sky130_fd_sc_hd__buf_6)
    21    0.091646    0.062627    0.126684    5.389001 v fanout142/X (sky130_fd_sc_hd__buf_6)
                                                         net873 (net)
                      0.062766    0.002606    5.391607 v fanout141/A (sky130_fd_sc_hd__buf_4)
    21    0.074388    0.073411    0.146769    5.538376 v fanout141/X (sky130_fd_sc_hd__buf_4)
                                                         net872 (net)
                      0.073760    0.004210    5.542585 v c437/C1 (sky130_fd_sc_hd__a2111o_4)
     7    0.020334    0.066635    0.242548    5.785133 v c437/X (sky130_fd_sc_hd__a2111o_4)
                                                         net365 (net)
                      0.066635    0.000982    5.786115 v c547/B (sky130_fd_sc_hd__and3b_2)
     6    0.034835    0.078336    0.188404    5.974519 v c547/X (sky130_fd_sc_hd__and3b_2)
                                                         net459 (net)
                      0.078396    0.001979    5.976498 v c557/A1 (sky130_fd_sc_hd__o2111a_1)
     2    0.008649    0.050485    0.191267    6.167765 v c557/X (sky130_fd_sc_hd__o2111a_1)
                                                         net472 (net)
                      0.050494    0.000654    6.168418 v c559/A0 (sky130_fd_sc_hd__mux4_4)
     1    0.009691    0.084231    0.345265    6.513683 v c559/X (sky130_fd_sc_hd__mux4_4)
                                                         net474 (net)
                      0.084232    0.000771    6.514455 v clkbuf_0_net474/A (sky130_fd_sc_hd__clkbuf_16)
     2    0.017990    0.026119    0.120276    6.634731 v clkbuf_0_net474/X (sky130_fd_sc_hd__clkbuf_16)
                                                         clknet_0_net474 (net)
                      0.026122    0.000952    6.635684 v clkbuf_1_0__f_net474/A (sky130_fd_sc_hd__clkbuf_16)
     3    0.015821    0.025117    0.094088    6.729771 v clkbuf_1_0__f_net474/X (sky130_fd_sc_hd__clkbuf_16)
                                                         clknet_1_0__leaf_net474 (net)
                      0.025123    0.001059    6.730830 v c561/D1 (sky130_fd_sc_hd__a2111oi_4)
     1    0.017105    0.286548    0.152003    6.882833 ^ c561/Y (sky130_fd_sc_hd__a2111oi_4)
                                                         net476 (net)
                      0.286550    0.001632    6.884466 ^ clkbuf_0_net476/A (sky130_fd_sc_hd__clkbuf_16)
     2    0.020100    0.038148    0.130282    7.014748 ^ clkbuf_0_net476/X (sky130_fd_sc_hd__clkbuf_16)
                                                         clknet_0_net476 (net)
                      0.038167    0.001448    7.016196 ^ clkbuf_1_1__f_net476/A (sky130_fd_sc_hd__clkbuf_16)
    11    0.045726    0.049131    0.101223    7.117419 ^ clkbuf_1_1__f_net476/X (sky130_fd_sc_hd__clkbuf_16)
                                                         clknet_1_1__leaf_net476 (net)
                      0.049409    0.002825    7.120244 ^ c703/RESET_B (sky130_fd_sc_hd__sdfbbn_1)
                                              7.120244   data arrival time

                                  0.000000    0.000000   clock clk (rise edge)
                                  0.000000    0.000000   clock source latency
     2    0.041571    0.143419    0.100062    0.100062 ^ clk (in)
                                                         clk (net)
                      0.143472    0.000000    0.100062 ^ clkbuf_0_clk/A (sky130_fd_sc_hd__clkbuf_16)
     9    0.097147    0.087823    0.153698    0.253760 ^ clkbuf_0_clk/X (sky130_fd_sc_hd__clkbuf_16)
                                                         clknet_0_clk (net)
                      0.088294    0.005147    0.258907 ^ clkbuf_2_2__f_clk/A (sky130_fd_sc_hd__clkbuf_16)
    13    0.072514    0.069005    0.128824    0.387731 ^ clkbuf_2_2__f_clk/X (sky130_fd_sc_hd__clkbuf_16)
                                                         clknet_2_2__leaf_clk (net)
                      0.069622    0.005145    0.392876 ^ clkbuf_leaf_23_clk/A (sky130_fd_sc_hd__clkbuf_8)
    11    0.043893    0.066308    0.119612    0.512488 ^ clkbuf_leaf_23_clk/X (sky130_fd_sc_hd__clkbuf_8)
                                                         clknet_leaf_23_clk (net)
                      0.066565    0.003024    0.515512 ^ s812/CLK (sky130_fd_sc_hd__dlclkp_4)
     1    0.012129    0.041129    0.107263    0.622775 ^ s812/GCLK (sky130_fd_sc_hd__dlclkp_4)
                                                         net708 (net)
                      0.041153    0.000906    0.623681 ^ clkbuf_0_net708/A (sky130_fd_sc_hd__clkbuf_16)
     2    0.019201    0.030636    0.086644    0.710325 ^ clkbuf_0_net708/X (sky130_fd_sc_hd__clkbuf_16)
                                                         clknet_0_net708 (net)
                      0.030645    0.000689    0.711014 ^ clkbuf_1_1__f_net708/A (sky130_fd_sc_hd__clkbuf_16)
     1    0.004810    0.020858    0.073443    0.784457 ^ clkbuf_1_1__f_net708/X (sky130_fd_sc_hd__clkbuf_16)
                                                         clknet_1_1__leaf_net708 (net)
                      0.020859    0.000275    0.784732 ^ c703/SET_B (sky130_fd_sc_hd__sdfbbn_1)
                                 -0.250000    0.534732   clock uncertainty
                                  0.000000    0.534732   clock reconvergence pessimism
                                  0.080325    0.615057   library non-sequential setup time
                                              0.615057   data required time
---------------------------------------------------------------------------------------------
                                              0.615057   data required time
                                             -7.120244   data arrival time
---------------------------------------------------------------------------------------------
                                             -6.505187   slack (VIOLATED)




===========================================================================
report_checks --slack_max -0.01
============================================================================
======================= max_ff_n40C_1v95 Corner ===================================

Startpoint: in7 (input port clocked by clk)
Endpoint: c241 (recovery check against falling-edge clock clk)
Path Group: asynchronous
Path Type: max

Fanout         Cap        Slew       Delay        Time   Description
---------------------------------------------------------------------------------------------
                                  0.000000    0.000000   clock clk (rise edge)
                                  0.000000    0.000000   clock network delay (propagated)
                                  1.600000    1.600000 ^ input external delay
     3    0.027230    0.095736    0.065573    1.665573 ^ in7 (in)
                                                         in7 (net)
                      0.095743    0.000000    1.665573 ^ input60/A (sky130_fd_sc_hd__buf_12)
     5    0.052337    0.054095    0.093800    1.759373 ^ input60/X (sky130_fd_sc_hd__buf_12)
                                                         net791 (net)
                      0.055442    0.006543    1.765916 ^ c126/A_N (sky130_fd_sc_hd__nand2b_4)
     7    0.041987    0.106892    0.134054    1.899970 ^ c126/Y (sky130_fd_sc_hd__nand2b_4)
                                                         net63 (net)
                      0.106927    0.001530    1.901500 ^ c129/S0 (sky130_fd_sc_hd__mux4_2)
     5    0.029771    0.111913    0.372228    2.273727 v c129/X (sky130_fd_sc_hd__mux4_2)
                                                         net66 (net)
                      0.111916    0.000813    2.274541 v c132/A (sky130_fd_sc_hd__and3_4)
     6    0.050267    0.063747    0.168068    2.442608 v c132/X (sky130_fd_sc_hd__and3_4)
                                                         net69 (net)
                      0.063884    0.002605    2.445214 v c133/A (sky130_fd_sc_hd__nor3b_4)
     3    0.019657    0.198500    0.212449    2.657663 ^ c133/Y (sky130_fd_sc_hd__nor3b_4)
                                                         net70 (net)
                      0.198500    0.000753    2.658416 ^ c150/A (sky130_fd_sc_hd__and3_1)
     2    0.010476    0.089132    0.149059    2.807475 ^ c150/X (sky130_fd_sc_hd__and3_1)
                                                         net87 (net)
                      0.089135    0.000644    2.808119 ^ c151/A_N (sky130_fd_sc_hd__and2b_2)
     5    0.027420    0.064161    0.178953    2.987072 v c151/X (sky130_fd_sc_hd__and2b_2)
                                                         net88 (net)
                      0.064305    0.002680    2.989752 v c199/A (sky130_fd_sc_hd__or4bb_4)
     3    0.025414    0.083751    0.366801    3.356553 v c199/X (sky130_fd_sc_hd__or4bb_4)
                                                         net142 (net)
                      0.083801    0.003245    3.359798 v clkbuf_0_net142/A (sky130_fd_sc_hd__clkbuf_16)
     5    0.042271    0.036095    0.131413    3.491211 v clkbuf_0_net142/X (sky130_fd_sc_hd__clkbuf_16)
                                                         clknet_0_net142 (net)
                      0.036581    0.003059    3.494270 v clkbuf_1_1__f_net142/A (sky130_fd_sc_hd__clkbuf_16)
     5    0.037156    0.034062    0.108749    3.603019 v clkbuf_1_1__f_net142/X (sky130_fd_sc_hd__clkbuf_16)
                                                         clknet_1_1__leaf_net142 (net)
                      0.034849    0.004363    3.607381 v c200/D_N (sky130_fd_sc_hd__or4bb_4)
     1    0.008924    0.032091    0.137062    3.744443 ^ c200/X (sky130_fd_sc_hd__or4bb_4)
                                                         net143 (net)
                      0.032092    0.000425    3.744868 ^ clkbuf_0_net143/A (sky130_fd_sc_hd__clkbuf_16)
     2    0.019746    0.031003    0.084363    3.829231 ^ clkbuf_0_net143/X (sky130_fd_sc_hd__clkbuf_16)
                                                         clknet_0_net143 (net)
                      0.031013    0.001007    3.830238 ^ clkbuf_1_1__f_net143/A (sky130_fd_sc_hd__clkbuf_16)
     1    0.008267    0.023361    0.076439    3.906677 ^ clkbuf_1_1__f_net143/X (sky130_fd_sc_hd__clkbuf_16)
                                                         clknet_1_1__leaf_net143 (net)
                      0.023362    0.000278    3.906955 ^ c202/S0 (sky130_fd_sc_hd__mux4_2)
     1    0.018470    0.091251    0.328106    4.235061 v c202/X (sky130_fd_sc_hd__mux4_2)
                                                         net145 (net)
                      0.091308    0.001852    4.236914 v clkbuf_0_net145/A (sky130_fd_sc_hd__clkbuf_16)
     2    0.019637    0.026796    0.124294    4.361208 v clkbuf_0_net145/X (sky130_fd_sc_hd__clkbuf_16)
                                                         clknet_0_net145 (net)
                      0.026796    0.000787    4.361995 v clkbuf_1_0__f_net145/A (sky130_fd_sc_hd__clkbuf_16)
     5    0.023864    0.028509    0.098837    4.460832 v clkbuf_1_0__f_net145/X (sky130_fd_sc_hd__clkbuf_16)
                                                         clknet_1_0__leaf_net145 (net)
                      0.028599    0.001275    4.462107 v c205/A3 (sky130_fd_sc_hd__mux4_2)
     1    0.007463    0.068644    0.270266    4.732374 v c205/X (sky130_fd_sc_hd__mux4_2)
                                                         net148 (net)
                      0.068644    0.000357    4.732730 v clkbuf_0_net148/A (sky130_fd_sc_hd__clkbuf_16)
     2    0.018884    0.026470    0.113912    4.846642 v clkbuf_0_net148/X (sky130_fd_sc_hd__clkbuf_16)
                                                         clknet_0_net148 (net)
                      0.026489    0.001150    4.847792 v clkbuf_1_1__f_net148/A (sky130_fd_sc_hd__clkbuf_16)
     1    0.005178    0.020361    0.087653    4.935445 v clkbuf_1_1__f_net148/X (sky130_fd_sc_hd__clkbuf_16)
                                                         clknet_1_1__leaf_net148 (net)
                      0.020363    0.000392    4.935837 v c215/A_N (sky130_fd_sc_hd__nand3b_4)
     1    0.012930    0.078997    0.104301    5.040138 v c215/Y (sky130_fd_sc_hd__nand3b_4)
                                                         net155 (net)
                      0.079022    0.001046    5.041183 v clkbuf_0_net155/A (sky130_fd_sc_hd__clkbuf_16)
     2    0.009918    0.022838    0.113441    5.154624 v clkbuf_0_net155/X (sky130_fd_sc_hd__clkbuf_16)
                                                         clknet_0_net155 (net)
                      0.022841    0.000473    5.155097 v rebuffer10/A (sky130_fd_sc_hd__dlygate4sd1_1)
     1    0.009850    0.042798    0.161797    5.316894 v rebuffer10/X (sky130_fd_sc_hd__dlygate4sd1_1)
                                                         net908 (net)
                      0.042815    0.000804    5.317698 v clkbuf_1_1__f_net155/A (sky130_fd_sc_hd__clkbuf_16)
     1    0.004834    0.020223    0.094289    5.411987 v clkbuf_1_1__f_net155/X (sky130_fd_sc_hd__clkbuf_16)
                                                         clknet_1_1__leaf_net155 (net)
                      0.020224    0.000331    5.412318 v c224/B (sky130_fd_sc_hd__and2b_2)
     1    0.013159    0.044702    0.133970    5.546288 v c224/X (sky130_fd_sc_hd__and2b_2)
                                                         net162 (net)
                      0.044733    0.001076    5.547365 v clkbuf_0_net162/A (sky130_fd_sc_hd__clkbuf_16)
     2    0.016621    0.025439    0.102451    5.649816 v clkbuf_0_net162/X (sky130_fd_sc_hd__clkbuf_16)
                                                         clknet_0_net162 (net)
                      0.025441    0.000862    5.650678 v clkbuf_1_1__f_net162/A (sky130_fd_sc_hd__clkbuf_16)
     1    0.008525    0.022130    0.089657    5.740335 v clkbuf_1_1__f_net162/X (sky130_fd_sc_hd__clkbuf_16)
                                                         clknet_1_1__leaf_net162 (net)
                      0.022135    0.000649    5.740984 v c226/A1 (sky130_fd_sc_hd__o2111ai_4)
     1    0.013769    0.165762    0.162424    5.903408 ^ c226/Y (sky130_fd_sc_hd__o2111ai_4)
                                                         net812 (net)
                      0.165764    0.001161    5.904569 ^ clkbuf_0_net812/A (sky130_fd_sc_hd__clkbuf_16)
     2    0.020232    0.034137    0.114854    6.019423 ^ clkbuf_0_net812/X (sky130_fd_sc_hd__clkbuf_16)
                                                         clknet_0_net812 (net)
                      0.034155    0.001241    6.020664 ^ clkbuf_1_1__f_net812/A (sky130_fd_sc_hd__clkbuf_16)
     2    0.015637    0.028273    0.082256    6.102919 ^ clkbuf_1_1__f_net812/X (sky130_fd_sc_hd__clkbuf_16)
                                                         clknet_1_1__leaf_net812 (net)
                      0.028284    0.000920    6.103839 ^ c241/RESET_B (sky130_fd_sc_hd__sdfbbn_1)
                                              6.103839   data arrival time

                                  4.000000    4.000000   clock clk (fall edge)
                                  0.000000    4.000000   clock source latency
     2    0.040575    0.062949    0.044879    4.044879 v clk (in)
                                                         clk (net)
                      0.063058    0.000000    4.044879 v clkbuf_0_clk/A (sky130_fd_sc_hd__clkbuf_16)
     9    0.093130    0.058008    0.140634    4.185513 v clkbuf_0_clk/X (sky130_fd_sc_hd__clkbuf_16)
                                                         clknet_0_clk (net)
                      0.058697    0.004887    4.190399 v clkbuf_2_3__f_clk/A (sky130_fd_sc_hd__clkbuf_16)
    19    0.087615    0.056230    0.135669    4.326068 v clkbuf_2_3__f_clk/X (sky130_fd_sc_hd__clkbuf_16)
                                                         clknet_2_3__leaf_clk (net)
                      0.057206    0.005866    4.331933 v clkbuf_leaf_14_clk/A (sky130_fd_sc_hd__clkbuf_8)
     4    0.021574    0.031096    0.109269    4.441202 v clkbuf_leaf_14_clk/X (sky130_fd_sc_hd__clkbuf_8)
                                                         clknet_leaf_14_clk (net)
                      0.031126    0.000870    4.442072 v c241/CLK_N (sky130_fd_sc_hd__sdfbbn_1)
                                 -0.250000    4.192072   clock uncertainty
                                  0.000000    4.192072   clock reconvergence pessimism
                                 -0.038296    4.153775   library recovery time
                                              4.153775   data required time
---------------------------------------------------------------------------------------------
                                              4.153775   data required time
                                             -6.103839   data arrival time
---------------------------------------------------------------------------------------------
                                             -1.950064   slack (VIOLATED)


Startpoint: c429 (falling edge-triggered flip-flop clocked by clk)
Endpoint: c703 (rising edge-triggered flip-flop clocked by clk)
Path Group: clk
Path Type: max

Fanout         Cap        Slew       Delay        Time   Description
---------------------------------------------------------------------------------------------
                                  4.000000    4.000000   clock clk (fall edge)
                                  0.000000    4.000000   clock source latency
     2    0.040575    0.062949    0.044879    4.044879 v clk (in)
                                                         clk (net)
                      0.063058    0.000000    4.044879 v clkbuf_0_clk/A (sky130_fd_sc_hd__clkbuf_16)
     9    0.093130    0.058008    0.140634    4.185513 v clkbuf_0_clk/X (sky130_fd_sc_hd__clkbuf_16)
                                                         clknet_0_clk (net)
                      0.058946    0.005727    4.191239 v clkbuf_2_1__f_clk/A (sky130_fd_sc_hd__clkbuf_16)
    17    0.092217    0.057568    0.138622    4.329862 v clkbuf_2_1__f_clk/X (sky130_fd_sc_hd__clkbuf_16)
                                                         clknet_2_1__leaf_clk (net)
                      0.058382    0.005298    4.335159 v clkbuf_leaf_9_clk/A (sky130_fd_sc_hd__clkbuf_8)
     4    0.017336    0.027889    0.106188    4.441348 v clkbuf_leaf_9_clk/X (sky130_fd_sc_hd__clkbuf_8)
                                                         clknet_leaf_9_clk (net)
                      0.027916    0.000766    4.442114 v c429/CLK_N (sky130_fd_sc_hd__sdfbbn_1)
     3    0.020022    0.069511    0.390005    4.832119 v c429/Q (sky130_fd_sc_hd__sdfbbn_1)
                                                         net353 (net)
                      0.069515    0.000594    4.832713 v c435/A2 (sky130_fd_sc_hd__mux4_1)
     1    0.005370    0.074702    0.297327    5.130040 v c435/X (sky130_fd_sc_hd__mux4_1)
                                                         net837 (net)
                      0.074728    0.000390    5.130430 v fanout143/A (sky130_fd_sc_hd__buf_6)
    17    0.093679    0.063965    0.126124    5.256553 v fanout143/X (sky130_fd_sc_hd__buf_6)
                                                         net874 (net)
                      0.064699    0.005763    5.262317 v fanout142/A (sky130_fd_sc_hd__buf_6)
    21    0.091646    0.062627    0.126684    5.389001 v fanout142/X (sky130_fd_sc_hd__buf_6)
                                                         net873 (net)
                      0.062766    0.002606    5.391607 v fanout141/A (sky130_fd_sc_hd__buf_4)
    21    0.074388    0.073411    0.146769    5.538376 v fanout141/X (sky130_fd_sc_hd__buf_4)
                                                         net872 (net)
                      0.073760    0.004210    5.542585 v c437/C1 (sky130_fd_sc_hd__a2111o_4)
     7    0.020334    0.066635    0.242548    5.785133 v c437/X (sky130_fd_sc_hd__a2111o_4)
                                                         net365 (net)
                      0.066635    0.000982    5.786115 v c547/B (sky130_fd_sc_hd__and3b_2)
     6    0.034835    0.078336    0.188404    5.974519 v c547/X (sky130_fd_sc_hd__and3b_2)
                                                         net459 (net)
                      0.078396    0.001979    5.976498 v c557/A1 (sky130_fd_sc_hd__o2111a_1)
     2    0.008649    0.050485    0.191267    6.167765 v c557/X (sky130_fd_sc_hd__o2111a_1)
                                                         net472 (net)
                      0.050494    0.000654    6.168418 v c559/A0 (sky130_fd_sc_hd__mux4_4)
     1    0.009691    0.084231    0.345265    6.513683 v c559/X (sky130_fd_sc_hd__mux4_4)
                                                         net474 (net)
                      0.084232    0.000771    6.514455 v clkbuf_0_net474/A (sky130_fd_sc_hd__clkbuf_16)
     2    0.017990    0.026119    0.120276    6.634731 v clkbuf_0_net474/X (sky130_fd_sc_hd__clkbuf_16)
                                                         clknet_0_net474 (net)
                      0.026122    0.000952    6.635684 v clkbuf_1_0__f_net474/A (sky130_fd_sc_hd__clkbuf_16)
     3    0.015821    0.025117    0.094088    6.729771 v clkbuf_1_0__f_net474/X (sky130_fd_sc_hd__clkbuf_16)
                                                         clknet_1_0__leaf_net474 (net)
                      0.025123    0.001059    6.730830 v c561/D1 (sky130_fd_sc_hd__a2111oi_4)
     1    0.017105    0.286548    0.152003    6.882833 ^ c561/Y (sky130_fd_sc_hd__a2111oi_4)
                                                         net476 (net)
                      0.286550    0.001632    6.884466 ^ clkbuf_0_net476/A (sky130_fd_sc_hd__clkbuf_16)
     2    0.020100    0.038148    0.130282    7.014748 ^ clkbuf_0_net476/X (sky130_fd_sc_hd__clkbuf_16)
                                                         clknet_0_net476 (net)
                      0.038167    0.001448    7.016196 ^ clkbuf_1_1__f_net476/A (sky130_fd_sc_hd__clkbuf_16)
    11    0.045726    0.049131    0.101223    7.117419 ^ clkbuf_1_1__f_net476/X (sky130_fd_sc_hd__clkbuf_16)
                                                         clknet_1_1__leaf_net476 (net)
                      0.049409    0.002825    7.120244 ^ c703/RESET_B (sky130_fd_sc_hd__sdfbbn_1)
                                              7.120244   data arrival time

                                  0.000000    0.000000   clock clk (rise edge)
                                  0.000000    0.000000   clock source latency
     2    0.041571    0.143419    0.100062    0.100062 ^ clk (in)
                                                         clk (net)
                      0.143472    0.000000    0.100062 ^ clkbuf_0_clk/A (sky130_fd_sc_hd__clkbuf_16)
     9    0.097147    0.087823    0.153698    0.253760 ^ clkbuf_0_clk/X (sky130_fd_sc_hd__clkbuf_16)
                                                         clknet_0_clk (net)
                      0.088294    0.005147    0.258907 ^ clkbuf_2_2__f_clk/A (sky130_fd_sc_hd__clkbuf_16)
    13    0.072514    0.069005    0.128824    0.387731 ^ clkbuf_2_2__f_clk/X (sky130_fd_sc_hd__clkbuf_16)
                                                         clknet_2_2__leaf_clk (net)
                      0.069622    0.005145    0.392876 ^ clkbuf_leaf_23_clk/A (sky130_fd_sc_hd__clkbuf_8)
    11    0.043893    0.066308    0.119612    0.512488 ^ clkbuf_leaf_23_clk/X (sky130_fd_sc_hd__clkbuf_8)
                                                         clknet_leaf_23_clk (net)
                      0.066565    0.003024    0.515512 ^ s812/CLK (sky130_fd_sc_hd__dlclkp_4)
     1    0.012129    0.041129    0.107263    0.622775 ^ s812/GCLK (sky130_fd_sc_hd__dlclkp_4)
                                                         net708 (net)
                      0.041153    0.000906    0.623681 ^ clkbuf_0_net708/A (sky130_fd_sc_hd__clkbuf_16)
     2    0.019201    0.030636    0.086644    0.710325 ^ clkbuf_0_net708/X (sky130_fd_sc_hd__clkbuf_16)
                                                         clknet_0_net708 (net)
                      0.030645    0.000689    0.711014 ^ clkbuf_1_1__f_net708/A (sky130_fd_sc_hd__clkbuf_16)
     1    0.004810    0.020858    0.073443    0.784457 ^ clkbuf_1_1__f_net708/X (sky130_fd_sc_hd__clkbuf_16)
                                                         clknet_1_1__leaf_net708 (net)
                      0.020859    0.000275    0.784732 ^ c703/SET_B (sky130_fd_sc_hd__sdfbbn_1)
                                 -0.250000    0.534732   clock uncertainty
                                  0.000000    0.534732   clock reconvergence pessimism
                                  0.080325    0.615057   library non-sequential setup time
                                              0.615057   data required time
---------------------------------------------------------------------------------------------
                                              0.615057   data required time
                                             -7.120244   data arrival time
---------------------------------------------------------------------------------------------
                                             -6.505187   slack (VIOLATED)




===========================================================================
 report_check_types -max_slew -max_cap -max_fanout -violators
============================================================================
======================= max_ff_n40C_1v95 Corner ===================================

max fanout

Pin                                   Limit Fanout  Slack
---------------------------------------------------------
clkbuf_1_0__f_net142/X                   10     27    -17 (VIOLATED)
input4/X                                 10     23    -13 (VIOLATED)
c415/X                                   10     21    -11 (VIOLATED)
c473/X                                   10     21    -11 (VIOLATED)
c70/Y                                    10     21    -11 (VIOLATED)
c76/X                                    10     21    -11 (VIOLATED)
c87/Y                                    10     21    -11 (VIOLATED)
clkbuf_2_0__f_clk/X                      10     21    -11 (VIOLATED)
fanout129/X                              10     21    -11 (VIOLATED)
fanout132/X                              10     21    -11 (VIOLATED)
fanout134/X                              10     21    -11 (VIOLATED)
fanout139/X                              10     21    -11 (VIOLATED)
fanout141/X                              10     21    -11 (VIOLATED)
fanout142/X                              10     21    -11 (VIOLATED)
fanout146/X                              10     21    -11 (VIOLATED)
fanout147/X                              10     21    -11 (VIOLATED)
fanout150/X                              10     21    -11 (VIOLATED)
fanout151/X                              10     21    -11 (VIOLATED)
fanout152/X                              10     21    -11 (VIOLATED)
fanout155/X                              10     21    -11 (VIOLATED)
fanout160/X                              10     21    -11 (VIOLATED)
fanout161/X                              10     21    -11 (VIOLATED)
fanout162/X                              10     21    -11 (VIOLATED)
fanout166/X                              10     21    -11 (VIOLATED)
input51/X                                10     21    -11 (VIOLATED)
input53/X                                10     21    -11 (VIOLATED)
c179/Y                                   10     19     -9 (VIOLATED)
c181/X                                   10     19     -9 (VIOLATED)
c260/X                                   10     19     -9 (VIOLATED)
c289/Y                                   10     19     -9 (VIOLATED)
c539/X                                   10     19     -9 (VIOLATED)
clkbuf_2_3__f_clk/X                      10     19     -9 (VIOLATED)
c131/X                                   10     17     -7 (VIOLATED)
c137/Y                                   10     17     -7 (VIOLATED)
c255/X                                   10     17     -7 (VIOLATED)
c282/X                                   10     17     -7 (VIOLATED)
c290/X                                   10     17     -7 (VIOLATED)
c513/Y                                   10     17     -7 (VIOLATED)
clkbuf_2_1__f_clk/X                      10     17     -7 (VIOLATED)
fanout143/X                              10     17     -7 (VIOLATED)
input57/X                                10     17     -7 (VIOLATED)
input1/X                                 10     16     -6 (VIOLATED)
c161/X                                   10     15     -5 (VIOLATED)
c279/X                                   10     15     -5 (VIOLATED)
c321/X                                   10     15     -5 (VIOLATED)
c384/X                                   10     15     -5 (VIOLATED)
c419/X                                   10     15     -5 (VIOLATED)
c428/X                                   10     15     -5 (VIOLATED)
c507/Y                                   10     15     -5 (VIOLATED)
clkbuf_1_0__f_net238/X                   10     15     -5 (VIOLATED)
clkbuf_1_0__f_net476/X                   10     15     -5 (VIOLATED)
clone7/X                                 10     15     -5 (VIOLATED)
fanout165/X                              10     15     -5 (VIOLATED)
input28/X                                10     15     -5 (VIOLATED)
s777/Q                                   10     15     -5 (VIOLATED)
c160/Y                                   10     13     -3 (VIOLATED)
c195/Y                                   10     13     -3 (VIOLATED)
c225/X                                   10     13     -3 (VIOLATED)
c303/Y                                   10     13     -3 (VIOLATED)
c352/X                                   10     13     -3 (VIOLATED)
c388/X                                   10     13     -3 (VIOLATED)
c508/Q                                   10     13     -3 (VIOLATED)
c509/Y                                   10     13     -3 (VIOLATED)
c631/X                                   10     13     -3 (VIOLATED)
c645/Q                                   10     13     -3 (VIOLATED)
clkbuf_1_0__f_net801/X                   10     13     -3 (VIOLATED)
clkbuf_2_2__f_clk/X                      10     13     -3 (VIOLATED)
input15/X                                10     13     -3 (VIOLATED)
input2/X                                 10     13     -3 (VIOLATED)
fanout164/X                              10     12     -2 (VIOLATED)
input24/X                                10     12     -2 (VIOLATED)
c223/Y                                   10     11        (VIOLATED)
c276/Q                                   10     11        (VIOLATED)
c339/Y                                   10     11        (VIOLATED)
c381/Q                                   10     11        (VIOLATED)
c398/Y                                   10     11        (VIOLATED)
c404/X                                   10     11        (VIOLATED)
c418/Q                                   10     11        (VIOLATED)
c457/Q                                   10     11        (VIOLATED)
c508/Q_N                                 10     11        (VIOLATED)
c545/Q                                   10     11        (VIOLATED)
c545/Q_N                                 10     11        (VIOLATED)
c556/Q                                   10     11        (VIOLATED)
c632/X                                   10     11        (VIOLATED)
c642/Q                                   10     11        (VIOLATED)
c667/Q                                   10     11        (VIOLATED)
c669/Q                                   10     11        (VIOLATED)
c99/Y                                    10     11        (VIOLATED)
clkbuf_1_0__f_net379/X                   10     11        (VIOLATED)
clkbuf_1_0__f_net794/X                   10     11        (VIOLATED)
clkbuf_1_0__f_net843/X                   10     11        (VIOLATED)
clkbuf_1_1__f_net476/X                   10     11        (VIOLATED)
clkbuf_leaf_23_clk/X                     10     11        (VIOLATED)
fanout167/X                              10     11        (VIOLATED)
input19/X                                10     11        (VIOLATED)
input21/X                                10     11        (VIOLATED)
input47/X                                10     11        (VIOLATED)
input59/X                                10     11        (VIOLATED)
input8/X                                 10     11        (VIOLATED)
max_cap137/X                             10     11        (VIOLATED)
rebuffer4/X                              10     11        (VIOLATED)
s750/Q                                   10     11        (VIOLATED)
s802/Q                                   10     11        (VIOLATED)
s804/Q                                   10     11        (VIOLATED)



===========================================================================
report_parasitic_annotation -report_unannotated
============================================================================
Found 25 unannotated drivers.
 rst
 c249/Q_N
 c347/Q_N
 c444/Q_N
 c466/Q_N
 c536/Q_N
 c544/Q_N
 c554/Q_N
 c655/Q_N
 c663/Q_N
 c666/Q_N
 c682/Q_N
 c690/Q_N
 c708/Q_N
 c713/Q_N
 s774/Q_N
 s781/Q_N
 s805/Q_N
 s806/Q_N
 s821/Q_N
 s822/Q_N
 s829/Q_N
 s830/Q_N
 s831/Q_N
 s833/Q
Found 0 partially unannotated drivers.

===========================================================================
max slew violation count 0
max fanout violation count 104
max cap violation count 0
============================================================================

===========================================================================
check_setup -verbose -unconstrained_endpoints -multiple_clock -no_clock -no_input_delay -loops -generated_clocks
===========================================================================
Warning: There are 3 unconstrained endpoints.
  out18
  out35
  out8
