
===========================================================================
Violator List
============================================================================
[hold reg-reg] merge788/Q -> c633/RESET_B : -6.533659
[hold reg-reg] merge788/Q -> c627/RESET_B : -6.173429
[hold reg-reg] merge821/Q_N -> c756/SET_B : -6.116097
[hold reg-reg] s858/Q -> c633/SET_B : -5.792479
[hold reg-reg] c623/Q -> c627/SET_B : -5.775004
[hold reg-reg] merge798/Q_N -> merge769/RESET_B : -5.763017
[hold reg-reg] merge812/Q -> merge769/SET_B : -5.736166
[hold in-reg] clk -> c504/SET_B : -5.514705
[hold reg-reg] c246/Q -> c258/RESET_B : -3.765437
[hold reg-reg] merge820/Q_N -> c631/RESET_B : -2.778736
[hold reg-reg] merge785/Q_N -> c293/SET_B : -2.481185
[hold reg-reg] merge810/Q -> c323/SET_B : -2.461672
[hold reg-reg] merge785/Q_N -> c292/SET_B : -2.448571
[hold reg-reg] merge785/Q_N -> c323/RESET_B : -2.204146
[hold in-reg] clk -> c167/RESET_B : -1.910625
[hold reg-reg] s842/Q -> c194/SET_B : -1.574085
[hold in-reg] clk -> c168/SET_B : -1.549826
[hold reg-reg] s886/Q -> c192/SET_B : -1.265435
[hold reg-reg] merge785/Q -> c192/RESET_B : -1.135671
[hold reg-reg] c363/Q -> c366/RESET_B : -0.639905
[hold in-reg] clk -> c168/RESET_B : -0.193297
[hold reg-reg] s881/Q -> merge805/RESET_B : -0.094651
[hold reg-reg] s842/Q -> merge810/RESET_B : -0.077246
[hold in-reg] clk -> c504/SET_B : -0.050445
[setup reg-reg] merge825/Q -> c504/RESET_B : -10.670983
[setup reg-reg] merge825/Q -> c633/RESET_B : -10.660892
[setup reg-reg] merge825/Q -> c633/SET_B : -10.311333
[setup reg-reg] merge825/Q -> merge769/SET_B : -10.032184
[setup reg-reg] merge825/Q -> c627/SET_B : -9.951102
[setup reg-reg] merge825/Q -> merge769/RESET_B : -9.860816
[setup reg-reg] merge825/Q -> c627/RESET_B : -9.263055
[setup reg-reg] merge820/Q_N -> c631/RESET_B : -7.380742
[setup reg-out] merge825/Q -> out59 : -6.510309
[setup reg-out] merge825/Q -> out17 : -6.375246
[setup in-reg] in21 -> merge821/D : -6.287091
[setup in-reg] in21 -> s885/D : -6.194599
[setup in-reg] in21 -> s870/D : -6.161140
[setup reg-out] merge825/Q -> out4 : -6.146070
[setup in-reg] in21 -> merge829/D : -6.141422
[setup in-reg] in21 -> s881/D : -6.130444
[setup reg-out] merge825/Q -> out38 : -6.062013
[setup in-reg] in21 -> merge829/RESET_B : -6.024681
[setup in-reg] in21 -> merge821/RESET_B : -6.010402
[setup in-reg] in21 -> c366/SCD : -6.007857
[setup in-reg] in21 -> c756/D : -5.979334
[setup in-reg] in21 -> s869/D : -5.942521
[setup in-reg] in21 -> c631/SET_B : -5.941552
[setup in-reg] in21 -> c633/SET_B : -5.941461
[setup in-reg] in21 -> merge769/D : -5.877532
[setup in-reg] in21 -> c631/SCE : -5.873624
[setup in-reg] clk -> c167/SET_B : -5.867301
[setup in-reg] in21 -> merge837/RESET_B : -5.753443
[setup in-reg] in21 -> merge769/SET_B : -5.739592
[setup reg-out] merge825/Q -> out34 : -5.682604
[setup reg-out] merge825/Q -> out52 : -5.611336
[setup in-reg] in21 -> c627/SET_B : -5.563460
[setup in-reg] in21 -> c756/RESET_B : -5.557243
[setup reg-reg] merge825/Q -> merge834/SCE : -5.533660
[setup reg-out] merge825/Q -> out44 : -5.530031
[setup in-reg] in21 -> merge807/RESET_B : -5.476309
[setup in-reg] clk -> c168/RESET_B : -5.445275
[setup in-reg] clk -> c323/RESET_B : -5.432216
[setup reg-reg] merge825/Q -> merge831/D : -5.432219
[setup in-reg] in21 -> c627/RESET_B : -5.399709
[setup in-reg] in21 -> c633/RESET_B : -5.393360
[setup in-reg] in21 -> merge769/RESET_B : -5.380894
[setup reg-out] merge825/Q -> out47 : -5.270568
[setup in-reg] in21 -> merge769/SCD : -5.188577
[setup reg-out] merge825/Q -> out43 : -5.029873
[setup reg-out] merge825/Q -> out22 : -4.999702
[setup reg-out] merge825/Q -> out30 : -4.906105
[setup in-reg] clk -> c323/SET_B : -4.726283
[setup in-reg] clk -> c192/RESET_B : -4.541828
[setup reg-reg] merge825/Q -> s884/D : -4.515005
[setup reg-reg] merge825/Q -> s872/D : -4.508442
[setup reg-reg] merge825/Q -> s858/D : -4.478864
[setup reg-reg] merge825/Q -> s857/D : -4.447283
[setup reg-reg] merge825/Q -> s883/D : -4.431652
[setup reg-reg] merge825/Q -> merge805/D : -4.412948
[setup reg-reg] merge825/Q -> c623/D : -4.411189
[setup reg-reg] merge825/Q -> s882/D : -4.409383
[setup reg-reg] merge825/Q -> s880/D : -4.377028
[setup reg-reg] merge825/Q -> c623/SCD : -4.370511
[setup reg-reg] merge825/Q -> s856/D : -4.358187
[setup reg-reg] merge825/Q -> merge831/DE : -4.353128
[setup reg-reg] merge825/Q -> merge815/D : -4.320600
[setup reg-reg] merge825/Q -> c630/SCE : -4.320265
[setup reg-reg] merge825/Q -> merge788/SCE : -4.310444
[setup reg-reg] merge825/Q -> s861/GATE : -4.304560
[setup reg-reg] merge825/Q -> merge834/GATE : -4.301670
[setup reg-reg] merge825/Q -> merge820/RESET_B : -4.292449
[setup reg-reg] merge825/Q -> s860/GATE : -4.290428
[setup reg-reg] merge825/Q -> c632/SCE : -4.289466
[setup in-reg] in21 -> c366/SCE : -4.243328
[setup reg-reg] merge825/Q -> s868/D : -4.230727
[setup reg-reg] merge825/Q -> merge812/D : -4.230301
[setup reg-reg] merge825/Q -> s871/D : -4.213543
[setup reg-reg] merge825/Q -> merge798/SCE : -4.213148
[setup in-reg] clk -> c192/SET_B : -4.166849
[setup reg-reg] merge825/Q -> merge830/D : -4.155282
[setup reg-reg] merge825/Q -> c363/SCE : -4.151750
[setup reg-reg] s886/Q -> c258/SCD : -4.149516
[setup reg-reg] merge825/Q -> merge830/DE : -4.135511
[setup reg-reg] s886/Q -> s849/D : -4.122434
[setup reg-reg] merge825/Q -> merge815/SET_B : -4.119133
[setup reg-reg] merge825/Q -> merge808/D : -4.107852
[setup reg-reg] s886/Q -> merge827/D : -4.101902
[setup reg-reg] merge825/Q -> merge798/D : -4.087266
[setup reg-reg] merge825/Q -> merge819/D : -4.082076
[setup reg-reg] merge825/Q -> c504/SCD : -4.073637
[setup reg-reg] s886/Q -> c258/SET_B : -4.001862
[setup reg-reg] merge825/Q -> merge805/RESET_B : -3.994078
[setup in-reg] clk -> c167/RESET_B : -3.955943
[setup reg-reg] merge825/Q -> merge812/SET_B : -3.940747
[setup reg-reg] merge824/Q -> s866/D : -3.869376
[setup reg-reg] merge824/Q -> merge820/D : -3.864456
[setup reg-reg] merge824/Q -> s867/D : -3.855028
[setup reg-reg] merge825/Q -> merge819/RESET_B : -3.852390
[setup reg-reg] s886/Q -> c258/SCE : -3.786374
[setup reg-reg] merge825/Q -> merge808/RESET_B : -3.785543
[setup reg-reg] merge825/Q -> s847/D : -3.732136
[setup reg-reg] merge825/Q -> s848/D : -3.728602
[setup reg-reg] c230/Q_N -> c232/SET_B : -3.574040
[setup reg-reg] merge825/Q -> c504/D : -3.568209
[setup reg-reg] merge824/Q -> merge832/GATE : -3.463270
[setup reg-reg] merge824/Q -> s874/D : -3.455324
[setup reg-reg] merge824/Q -> s875/D : -3.447882
[setup reg-reg] merge825/Q -> c363/D : -3.392655
[setup reg-reg] merge824/Q -> c719/SCD : -3.345536
[setup reg-reg] merge824/Q -> c710/SCD : -3.286966
[setup reg-reg] merge824/Q -> c710/D : -3.199483
[setup reg-reg] merge824/Q -> c717/SET_B : -3.172388
[setup reg-reg] merge824/Q -> c717/RESET_B : -3.165361
[setup reg-reg] merge824/Q -> c582/SET_B : -3.126290
[setup reg-reg] merge824/Q -> c582/SCD : -3.120449
[setup reg-reg] merge825/Q -> c504/RESET_B : -3.069554
[setup reg-reg] merge825/Q -> merge798/SCD : -3.016753
[setup reg-reg] merge824/Q -> c582/RESET_B : -2.886991
[setup reg-reg] merge825/Q -> c229/D : -2.832689
[setup reg-reg] merge825/Q -> c363/SCD : -2.711980
[setup reg-reg] s886/Q -> c230/SCD : -2.658590
[setup in-reg] in21 -> merge789/SET_B : -2.642279
[setup reg-reg] merge825/Q -> c232/D : -2.433182
[setup reg-out] s884/Q -> out14 : -2.345059
[setup reg-reg] merge824/Q -> s873/D : -2.302129
[setup reg-reg] merge825/Q -> c232/RESET_B : -2.276226
[setup reg-reg] merge821/Q_N -> c756/SET_B : -2.194006
[setup reg-reg] merge824/Q -> c701/D : -2.185625
[setup reg-reg] merge824/Q -> c717/D : -2.182876
[setup reg-reg] merge825/Q -> c363/SET_B : -2.170959
[setup reg-reg] s886/Q -> c225/RESET_B : -2.049760
[setup reg-reg] merge828/Q -> s854/D : -2.023321
[setup reg-reg] merge824/Q -> c701/SCD : -1.811190
[setup reg-reg] merge828/Q -> merge823/D : -1.806477
[setup in-reg] clk -> merge814/D : -1.801034
[setup reg-reg] merge828/Q -> c293/D : -1.673871
[setup reg-reg] merge824/Q -> merge809/RESET_B : -1.651048
[setup reg-reg] merge825/Q -> merge825/D : -1.635282
[setup reg-reg] merge825/Q -> s843/D : -1.615875
[setup reg-reg] merge828/Q -> c293/RESET_B : -1.609761
[setup reg-reg] merge828/Q -> s886/D : -1.603919
[setup reg-reg] merge824/Q -> c701/RESET_B : -1.600472
[setup reg-reg] merge828/Q -> c292/RESET_B : -1.582155
[setup reg-reg] merge825/Q -> s844/GATE : -1.567472
[setup reg-reg] merge825/Q -> s845/GATE : -1.546794
[setup reg-reg] merge828/Q -> s853/D : -1.526951
[setup reg-reg] merge826/Q -> merge826/D : -1.439259
[setup reg-reg] merge824/Q -> merge809/D : -1.431434
[setup reg-reg] merge828/Q -> merge823/RESET_B : -1.382188
[setup reg-reg] merge828/Q -> merge828/D : -1.373642
[setup reg-reg] merge826/Q -> c246/D : -1.368383
[setup reg-reg] merge828/Q -> merge789/D : -1.345113
[setup reg-reg] merge828/Q -> c292/SCE : -1.330556
[setup reg-reg] merge825/Q -> s890/D : -1.203622
[setup in-reg] in42 -> c225/SCE : -1.195885
[setup in-reg] in21 -> merge828/RESET_B : -1.187686
[setup reg-reg] merge825/Q -> c246/SCD : -1.172069
[setup in-reg] in42 -> merge827/RESET_B : -1.166170
[setup in-reg] in21 -> c168/SCE : -1.154351
[setup reg-reg] merge825/Q -> c232/SCD : -1.123521
[setup reg-reg] merge825/Q -> s846/GATE : -1.040977
[setup in-reg] in42 -> c230/SET_B : -1.029035
[setup reg-reg] merge826/Q -> c246/RESET_B : -1.002701
[setup reg-reg] s886/Q -> c194/RESET_B : -0.993146
[setup reg-reg] merge824/Q -> merge824/D : -0.964649
[setup reg-reg] merge824/Q -> merge765/SCE : -0.952622
[setup in-reg] in21 -> c167/SET_B : -0.927371
[setup in-reg] in42 -> merge800/SCE : -0.917729
[setup in-reg] in42 -> c258/D : -0.912158
[setup reg-reg] merge825/Q -> c229/RESET_B : -0.909302
[setup in-reg] in42 -> merge804/D : -0.897991
[setup reg-reg] merge825/Q -> s888/D : -0.877816
[setup in-reg] in42 -> c107/SCD : -0.875196
[setup in-reg] in42 -> c122/SCE : -0.864160
[setup reg-reg] merge824/Q -> merge836/RESET_B : -0.853166
[setup reg-reg] merge783/Q -> c426/D : -0.852068
[setup in-reg] in21 -> c168/D : -0.850724
[setup in-reg] in42 -> merge804/SCD : -0.834682
[setup in-reg] in42 -> merge804/RESET_B : -0.818430
[setup in-reg] in42 -> merge800/RESET_B : -0.801024
[setup reg-reg] merge826/Q -> c246/SCE : -0.786422
[setup reg-reg] merge827/Q -> c230/D : -0.739113
[setup reg-reg] s886/Q -> c194/D : -0.721014
[setup in-reg] in42 -> c107/RESET_B : -0.713812
[setup in-reg] in42 -> c225/D : -0.700888
[setup in-reg] clk -> c321/D : -0.677014
[setup reg-reg] merge825/Q -> c232/SCE : -0.668156
[setup in-reg] in42 -> c122/RESET_B : -0.638796
[setup reg-reg] merge783/Q -> c539/SCE : -0.628952
[setup reg-reg] merge783/Q -> c532/SCE : -0.628802
[setup in-reg] clk -> c323/SCE : -0.622023
[setup reg-reg] s869/Q -> merge766/SCD : -0.618692
[setup reg-reg] merge783/Q -> merge837/D : -0.602848
[setup reg-reg] merge819/Q -> s878/GATE : -0.552950
[setup in-reg] in21 -> c273/D : -0.550372
[setup reg-reg] merge819/Q -> s876/GATE : -0.549763
[setup in-reg] in21 -> c274/RESET_B : -0.546663
[setup in-reg] in42 -> merge804/SET_B : -0.540195
[setup reg-reg] merge783/Q -> merge795/SCE : -0.536339
[setup reg-reg] merge825/Q -> c208/SCD : -0.535252
[setup in-reg] in42 -> c107/SCE : -0.515470
[setup reg-reg] merge827/Q -> c225/SCD : -0.505270
[setup reg-reg] merge783/Q -> c538/SET_B : -0.500154
[setup reg-reg] merge783/Q -> c536/SET_B : -0.499596
[setup reg-reg] s852/Q -> s855/D : -0.497890
[setup reg-reg] merge828/Q -> c426/RESET_B : -0.486813
[setup in-reg] in21 -> c167/D : -0.480028
[setup reg-reg] merge824/Q -> merge824/RESET_B : -0.475500
[setup reg-reg] merge820/Q_N -> c630/D : -0.464307
[setup reg-reg] merge825/Q -> c229/SCE : -0.439859
[setup in-reg] in21 -> c168/RESET_B : -0.407317
[setup reg-reg] s886/Q -> merge789/SCD : -0.400063
[setup reg-reg] merge826/Q -> c125/SCE : -0.377013
[setup reg-reg] merge825/Q -> merge825/RESET_B : -0.351195
[setup in-reg] in21 -> c274/SCE : -0.344754
[setup in-reg] in21 -> c274/SCD : -0.328391
[setup in-reg] clk -> c321/RESET_B : -0.323908
[setup in-reg] in21 -> merge789/RESET_B : -0.323596
[setup reg-reg] merge783/Q -> c532/SCD : -0.311460
[setup reg-reg] merge783/Q -> c539/SCD : -0.311097
[setup in-reg] clk -> c168/SET_B : -0.306764
[setup reg-reg] merge783/Q -> c437/RESET_B : -0.231088
[setup reg-reg] merge783/Q -> c435/RESET_B : -0.230601
[setup reg-reg] s884/Q -> merge788/SET_B : -0.215447
[setup reg-reg] merge821/Q_N -> c756/SET_B : -0.182661
[setup reg-reg] merge783/Q -> c437/D : -0.143414
[setup in-reg] in21 -> c167/SCD : -0.136234
[setup reg-reg] s883/Q -> merge798/SET_B : -0.128457
[setup reg-reg] merge838/Q -> s865/D : -0.101107
[setup reg-reg] s879/Q -> merge813/D : -0.100732
[setup reg-reg] merge783/Q -> c435/SCD : -0.088391
[setup in-reg] in21 -> c273/SET_B : -0.042051
[setup in-reg] clk -> c321/SCD : -0.040091
[setup in-reg] clk -> s852/D : 0.000000
[setup reg-reg] merge795/Q -> s879/D : 0.000000
[setup reg-reg] s863/Q_N -> s864/D : 0.000000
[setup reg-reg] c538/Q -> s863/D : 0.000000
[setup reg-reg] s850/Q -> s851/D : 0.000000
[setup reg-reg] c274/Q -> s850/D : 0.000000
