Reading OpenROAD database at '/Users/junpeng/openlane2/netlist_mid_cr_min/src/netlist_1/runs/physical_design/32-odb-heuristicdiodeinsertion/2-openroad-detailedplacement/netlist_1.odb'…
Reading library file at '/Users/junpeng/.volare/volare/sky130/versions/bdc9412b3e468c102d01b7cf6337be06ec6e9c9a/sky130A/libs.ref/sky130_fd_sc_hd/lib/sky130_fd_sc_hd__tt_025C_1v80.lib'…
Reading design constraints file at '/nix/store/fvqq0703nb8y0f998v8hgg5l6mjj8gb5-python3-3.11.6-env/lib/python3.11/site-packages/openlane/scripts/base.sdc'…
[INFO] Using clock clk…
[INFO] Setting output delay to: 1.6
[INFO] Setting input delay to: 1.6
[INFO] Setting load to: 0.033442
[INFO] Setting clock uncertainty to: 0.25
[INFO] Setting clock transition to: 0.1499999999999999944488848768742172978818416595458984375
[INFO] Setting timing derate to: 5%
[INFO] Setting signal min routing layer to: met1 and clock min routing layer to met1. 
[INFO] Setting signal max routing layer to: met5 and clock max routing layer to met5. 
-congestion_iterations 50 -verbose
[INFO GRT-0020] Min routing layer: met1
[INFO GRT-0021] Max routing layer: met5
[INFO GRT-0022] Global adjustment: 30%
[INFO GRT-0023] Grid origin: (0, 0)
[INFO GRT-0043] No OR_DEFAULT vias defined.
[INFO GRT-0088] Layer li1     Track-Pitch = 0.4600  line-2-Via Pitch: 0.3400
[INFO GRT-0088] Layer met1    Track-Pitch = 0.3400  line-2-Via Pitch: 0.3400
[INFO GRT-0088] Layer met2    Track-Pitch = 0.4600  line-2-Via Pitch: 0.3500
[INFO GRT-0088] Layer met3    Track-Pitch = 0.6800  line-2-Via Pitch: 0.6150
[INFO GRT-0088] Layer met4    Track-Pitch = 0.9200  line-2-Via Pitch: 1.0400
[INFO GRT-0088] Layer met5    Track-Pitch = 3.4000  line-2-Via Pitch: 3.1100
[INFO GRT-0019] Found 514 clock nets.
[INFO GRT-0001] Minimum degree: 2
[INFO GRT-0002] Maximum degree: 28
[INFO GRT-0003] Macros: 0
[INFO GRT-0043] No OR_DEFAULT vias defined.
[INFO GRT-0004] Blockages: 6087

[INFO GRT-0053] Routing resources analysis:
          Routing      Original      Derated      Resource
Layer     Direction    Resources     Resources    Reduction (%)
---------------------------------------------------------------
li1        Vertical            0             0          0.00%
met1       Horizontal      37410         18002          51.88%
met2       Vertical        28036         18221          35.01%
met3       Horizontal      18705         12703          32.09%
met4       Vertical        11309          7070          37.48%
met5       Horizontal       3741          1764          52.85%
---------------------------------------------------------------

[INFO GRT-0197] Via related to pin nodes: 9966
[INFO GRT-0198] Via related Steiner nodes: 319
[INFO GRT-0199] Via filling finished.
[INFO GRT-0111] Final number of vias: 12792
[INFO GRT-0112] Final usage 3D: 48563

[INFO GRT-0096] Final congestion report:
Layer         Resource        Demand        Usage (%)    Max H / Max V / Total Overflow
---------------------------------------------------------------------------------------
li1                  0             0            0.00%             0 /  0 /  0
met1             18002          4975           27.64%             0 /  0 /  0
met2             18221          4616           25.33%             0 /  0 /  0
met3             12703           538            4.24%             0 /  0 /  0
met4              7070            58            0.82%             0 /  0 /  0
met5              1764             0            0.00%             0 /  0 /  0
---------------------------------------------------------------------------------------
Total            57760         10187           17.64%             0 /  0 /  0

[INFO GRT-0018] Total wirelength: 105176 um
[INFO GRT-0014] Routed nets: 1378
%OL_CREATE_REPORT antenna.rpt
[INFO GRT-0043] No OR_DEFAULT vias defined.
Net: net755
  Pin: c127/B (sky130_fd_sc_hd__and3_1)
    Layer: met2
      Partial area ratio:   12.51
      Required ratio:    0.00 (Gate area) 
      Partial area ratio:   63.34
      Required ratio: 3622.76 (Side area) 
      Cumulative area ratio:  112.06
      Required ratio:    0.00 (Cumulative area) 
      Cumulative area ratio:  568.06
      Required ratio:    0.00 (Cumulative side area) 

    Layer: met1
      Partial area ratio:    8.29
      Required ratio:    0.00 (Gate area) 
      Partial area ratio:   45.33
      Required ratio: 2773.88 (Side area) 
      Cumulative area ratio:    8.29
      Required ratio:    0.00 (Cumulative area) 
      Cumulative area ratio:   45.33
      Required ratio:    0.00 (Cumulative side area) 

    Layer: li1
      Partial area ratio:    0.00
      Required ratio:    0.00 (Gate area) 
      Partial area ratio:    0.00
      Required ratio:   75.00 (Side area) 
      Cumulative area ratio:    0.00
      Required ratio:    0.00 (Cumulative area) 
      Cumulative area ratio:    0.00
      Required ratio:    0.00 (Cumulative side area) 

    Via: M1M2_PR
      Partial area ratio:    0.54
      Required ratio:    6.00 (Gate area) 
      Cumulative area ratio:    0.77
      Required ratio:    0.00 (Cumulative area) 

    Via: L1M1_PR
      Partial area ratio:    0.23
      Required ratio:    3.00 (Gate area) 
      Cumulative area ratio:    0.23
      Required ratio:    0.00 (Cumulative area) 

  Pin: c196/A_N (sky130_fd_sc_hd__and3b_4)
    Layer: met2
      Partial area ratio:   12.51
      Required ratio:    0.00 (Gate area) 
      Partial area ratio:   63.34
      Required ratio: 3622.76 (Side area) 
      Cumulative area ratio:  110.75
      Required ratio:    0.00 (Cumulative area) 
      Cumulative area ratio:  561.06
      Required ratio:    0.00 (Cumulative side area) 

    Layer: met1
      Partial area ratio:    6.98
      Required ratio:    0.00 (Gate area) 
      Partial area ratio:   38.33
      Required ratio: 2947.76 (Side area) 
      Cumulative area ratio:    6.98
      Required ratio:    0.00 (Cumulative area) 
      Cumulative area ratio:   38.33
      Required ratio:    0.00 (Cumulative side area) 

    Layer: li1
      Partial area ratio:    0.00
      Required ratio:    0.00 (Gate area) 
      Partial area ratio:    0.00
      Required ratio:   75.00 (Side area) 
      Cumulative area ratio:    0.00
      Required ratio:    0.00 (Cumulative area) 
      Cumulative area ratio:    0.00
      Required ratio:    0.00 (Cumulative side area) 

    Via: M1M2_PR
      Partial area ratio:    0.30
      Required ratio:    6.00 (Gate area) 
      Cumulative area ratio:    0.53
      Required ratio:    0.00 (Cumulative area) 

    Via: L1M1_PR
      Partial area ratio:    0.23
      Required ratio:    3.00 (Gate area) 
      Cumulative area ratio:    0.23
      Required ratio:    0.00 (Cumulative area) 

  Pin: c65/C (sky130_fd_sc_hd__or3_4)
    Layer: met2
      Partial area ratio:   12.51
      Required ratio:    0.00 (Gate area) 
      Partial area ratio:   63.34
      Required ratio: 3622.76 (Side area) 
      Cumulative area ratio:  110.75
      Required ratio:    0.00 (Cumulative area) 
      Cumulative area ratio:  561.06
      Required ratio:    0.00 (Cumulative side area) 

    Layer: met1
      Partial area ratio:    6.98
      Required ratio:    0.00 (Gate area) 
      Partial area ratio:   38.33
      Required ratio: 2947.76 (Side area) 
      Cumulative area ratio:    6.98
      Required ratio:    0.00 (Cumulative area) 
      Cumulative area ratio:   38.33
      Required ratio:    0.00 (Cumulative side area) 

    Layer: li1
      Partial area ratio:    0.00
      Required ratio:    0.00 (Gate area) 
      Partial area ratio:    0.00
      Required ratio:   75.00 (Side area) 
      Cumulative area ratio:    0.00
      Required ratio:    0.00 (Cumulative area) 
      Cumulative area ratio:    0.00
      Required ratio:    0.00 (Cumulative side area) 

    Via: M1M2_PR
      Partial area ratio:    0.30
      Required ratio:    6.00 (Gate area) 
      Cumulative area ratio:    0.42
      Required ratio:    0.00 (Cumulative area) 

    Via: L1M1_PR
      Partial area ratio:    0.12
      Required ratio:    3.00 (Gate area) 
      Cumulative area ratio:    0.12
      Required ratio:    0.00 (Cumulative area) 

  Pin: clone1/A_N (sky130_fd_sc_hd__and3b_1)
    Layer: met2
      Partial area ratio:   12.51
      Required ratio:    0.00 (Gate area) 
      Partial area ratio:   63.34
      Required ratio: 3622.76 (Side area) 
      Cumulative area ratio:  103.77
      Required ratio:    0.00 (Cumulative area) 
      Cumulative area ratio:  522.73
      Required ratio:    0.00 (Cumulative side area) 

    Layer: met1
      Partial area ratio:   91.26
      Required ratio:    0.00 (Gate area) 
      Partial area ratio:  459.39
      Required ratio:  400.00 (Side area) (VIOLATED)
      Cumulative area ratio:   91.26
      Required ratio:    0.00 (Cumulative area) 
      Cumulative area ratio:  459.39
      Required ratio:    0.00 (Cumulative side area) 

    Layer: li1
      Partial area ratio:    0.00
      Required ratio:    0.00 (Gate area) 
      Partial area ratio:    0.00
      Required ratio:   75.00 (Side area) 
      Cumulative area ratio:    0.00
      Required ratio:    0.00 (Cumulative area) 
      Cumulative area ratio:    0.00
      Required ratio:    0.00 (Cumulative side area) 

    Via: M1M2_PR
      Partial area ratio:    0.71
      Required ratio:    6.00 (Gate area) 
      Cumulative area ratio:    0.94
      Required ratio:    0.00 (Cumulative area) 

    Via: L1M1_PR
      Partial area ratio:    0.23
      Required ratio:    3.00 (Gate area) 
      Cumulative area ratio:    0.23
      Required ratio:    0.00 (Cumulative area) 

  Pin: c141/C (sky130_fd_sc_hd__nand3b_4)
    Layer: li1
      Partial area ratio:    0.00
      Required ratio:    0.00 (Gate area) 
      Partial area ratio:    0.00
      Required ratio:   75.00 (Side area) 
      Cumulative area ratio:    0.00
      Required ratio:    0.00 (Cumulative area) 
      Cumulative area ratio:    0.00
      Required ratio:    0.00 (Cumulative side area) 

    Layer: met1
      Partial area ratio:    0.19
      Required ratio:    0.00 (Gate area) 
      Partial area ratio:    1.04
      Required ratio:  400.00 (Side area) 
      Cumulative area ratio:    0.19
      Required ratio:    0.00 (Cumulative area) 
      Cumulative area ratio:    1.04
      Required ratio:    0.00 (Cumulative side area) 

    Via: L1M1_PR
      Partial area ratio:    0.03
      Required ratio:    3.00 (Gate area) 
      Cumulative area ratio:    0.03
      Required ratio:    0.00 (Cumulative area) 


[INFO ANT-0002] Found 1 net violations.
[INFO ANT-0001] Found 1 pin violations.
%OL_END_REPORT
[INFO] Setting RC values…
Setting global connections for newly added cells…
[INFO] Setting global connections...
Writing OpenROAD database to '/Users/junpeng/openlane2/netlist_mid_cr_min/src/netlist_1/runs/physical_design/32-odb-heuristicdiodeinsertion/3-openroad-globalrouting/netlist_1.odb'…
Writing layout to '/Users/junpeng/openlane2/netlist_mid_cr_min/src/netlist_1/runs/physical_design/32-odb-heuristicdiodeinsertion/3-openroad-globalrouting/netlist_1.def'…
