
===========================================================================
report_checks -unconstrained
===========================================================================
======================= nom_tt_025C_1v80 Corner ===================================

Startpoint: merge815 (positive level-sensitive latch clocked by clk)
Endpoint: c736 (recovery check against falling-edge clock clk)
Path Group: asynchronous
Path Type: max

Fanout         Cap        Slew       Delay        Time   Description
---------------------------------------------------------------------------------------------
                                  0.000000    0.000000   clock clk (rise edge)
                                  0.000000    0.000000   clock source latency
     1    0.007894    0.043275    0.027159    0.027159 ^ clk (in)
                                                         clk (net)
                      0.043275    0.000000    0.027159 ^ clkbuf_0_clk/A (sky130_fd_sc_hd__clkbuf_16)
    16    0.066512    0.086709    0.161326    0.188485 ^ clkbuf_0_clk/X (sky130_fd_sc_hd__clkbuf_16)
                                                         clknet_0_clk (net)
                      0.086709    0.000000    0.188485 ^ clkbuf_4_13_0_clk/A (sky130_fd_sc_hd__clkbuf_8)
    11    0.022143    0.056320    0.150499    0.338984 ^ clkbuf_4_13_0_clk/X (sky130_fd_sc_hd__clkbuf_8)
                                                         clknet_4_13_0_clk (net)
                      0.056320    0.000000    0.338984 ^ merge815/GATE (sky130_fd_sc_hd__dlrbp_1)
                                  3.678571    4.017555   time given to startpoint
                      0.081949    0.000000    4.017555 v merge815/D (sky130_fd_sc_hd__dlrbp_1)
     2    0.004128    0.037217    0.276955    4.294510 v merge815/Q (sky130_fd_sc_hd__dlrbp_1)
                                                         net716 (net)
                      0.037217    0.000028    4.294538 v c682/A (sky130_fd_sc_hd__or2_2)
     9    0.020008    0.097897    0.349104    4.643642 v c682/X (sky130_fd_sc_hd__or2_2)
                                                         net563 (net)
                      0.097897    0.000426    4.644068 v c690/C_N (sky130_fd_sc_hd__nor3b_1)
     2    0.005363    0.049744    0.168514    4.812582 v c690/Y (sky130_fd_sc_hd__nor3b_1)
                                                         net571 (net)
                      0.049744    0.000020    4.812603 v wire120/A (sky130_fd_sc_hd__clkbuf_2)
     5    0.017258    0.072163    0.143775    4.956378 v wire120/X (sky130_fd_sc_hd__clkbuf_2)
                                                         net950 (net)
                      0.072163    0.000200    4.956578 v c693/A (sky130_fd_sc_hd__or4bb_1)
     2    0.009144    0.119551    0.556687    5.513265 v c693/X (sky130_fd_sc_hd__or4bb_1)
                                                         net574 (net)
                      0.119551    0.000049    5.513314 v c700/A (sky130_fd_sc_hd__or3_4)
     1    0.006900    0.070689    0.413513    5.926827 v c700/X (sky130_fd_sc_hd__or3_4)
                                                         net581 (net)
                      0.070689    0.000000    5.926827 v clkbuf_0_net581/A (sky130_fd_sc_hd__clkbuf_16)
     2    0.013800    0.032345    0.153960    6.080787 v clkbuf_0_net581/X (sky130_fd_sc_hd__clkbuf_16)
                                                         clknet_0_net581 (net)
                      0.032345    0.000000    6.080787 v clkbuf_1_1__f_net581/A (sky130_fd_sc_hd__clkbuf_16)
     1    0.001539    0.024068    0.124778    6.205565 v clkbuf_1_1__f_net581/X (sky130_fd_sc_hd__clkbuf_16)
                                                         clknet_1_1__leaf_net581 (net)
                      0.024068    0.000000    6.205565 v c701/B (sky130_fd_sc_hd__or3_2)
     1    0.006900    0.092705    0.459909    6.665474 v c701/X (sky130_fd_sc_hd__or3_2)
                                                         net582 (net)
                      0.092705    0.000000    6.665474 v clkbuf_0_net582/A (sky130_fd_sc_hd__clkbuf_16)
     2    0.013800    0.032393    0.164156    6.829630 v clkbuf_0_net582/X (sky130_fd_sc_hd__clkbuf_16)
                                                         clknet_0_net582 (net)
                      0.032393    0.000000    6.829630 v clkbuf_1_0__f_net582/A (sky130_fd_sc_hd__clkbuf_16)
     1    0.001486    0.024027    0.124735    6.954365 v clkbuf_1_0__f_net582/X (sky130_fd_sc_hd__clkbuf_16)
                                                         clknet_1_0__leaf_net582 (net)
                      0.024027    0.000000    6.954365 v c702/B (sky130_fd_sc_hd__or3b_2)
     1    0.006900    0.093304    0.451905    7.406271 v c702/X (sky130_fd_sc_hd__or3b_2)
                                                         net583 (net)
                      0.093304    0.000000    7.406271 v clkbuf_0_net583/A (sky130_fd_sc_hd__clkbuf_16)
     2    0.013800    0.032394    0.164434    7.570704 v clkbuf_0_net583/X (sky130_fd_sc_hd__clkbuf_16)
                                                         clknet_0_net583 (net)
                      0.032394    0.000000    7.570704 v clkbuf_1_0__f_net583/A (sky130_fd_sc_hd__clkbuf_16)
     1    0.008255    0.028892    0.131893    7.702597 v clkbuf_1_0__f_net583/X (sky130_fd_sc_hd__clkbuf_16)
                                                         clknet_1_0__leaf_net583 (net)
                      0.028892    0.000000    7.702597 v c706/A (sky130_fd_sc_hd__nor2b_4)
     1    0.007894    0.082741    0.106054    7.808651 ^ c706/Y (sky130_fd_sc_hd__nor2b_4)
                                                         net587 (net)
                      0.082741    0.000000    7.808651 ^ clkbuf_0_net587/A (sky130_fd_sc_hd__clkbuf_16)
     2    0.015788    0.039264    0.135318    7.943969 ^ clkbuf_0_net587/X (sky130_fd_sc_hd__clkbuf_16)
                                                         clknet_0_net587 (net)
                      0.039264    0.000000    7.943969 ^ clkbuf_1_0__f_net587/A (sky130_fd_sc_hd__clkbuf_16)
     2    0.005033    0.028950    0.108493    8.052462 ^ clkbuf_1_0__f_net587/X (sky130_fd_sc_hd__clkbuf_16)
                                                         clknet_1_0__leaf_net587 (net)
                      0.028950    0.000000    8.052462 ^ c709/B (sky130_fd_sc_hd__nor3_1)
     1    0.006900    0.063108    0.050979    8.103441 v c709/Y (sky130_fd_sc_hd__nor3_1)
                                                         net590 (net)
                      0.063108    0.000000    8.103441 v clkbuf_0_net590/A (sky130_fd_sc_hd__clkbuf_16)
     2    0.013800    0.032328    0.150449    8.253890 v clkbuf_0_net590/X (sky130_fd_sc_hd__clkbuf_16)
                                                         clknet_0_net590 (net)
                      0.032328    0.000000    8.253890 v clkbuf_1_0__f_net590/A (sky130_fd_sc_hd__clkbuf_16)
     2    0.004410    0.026189    0.127948    8.381839 v clkbuf_1_0__f_net590/X (sky130_fd_sc_hd__clkbuf_16)
                                                         clknet_1_0__leaf_net590 (net)
                      0.026189    0.000000    8.381839 v c713/B (sky130_fd_sc_hd__or4bb_4)
     1    0.006900    0.090254    0.511446    8.893285 v c713/X (sky130_fd_sc_hd__or4bb_4)
                                                         net594 (net)
                      0.090254    0.000000    8.893285 v clkbuf_0_net594/A (sky130_fd_sc_hd__clkbuf_16)
     2    0.013800    0.032387    0.163021    9.056305 v clkbuf_0_net594/X (sky130_fd_sc_hd__clkbuf_16)
                                                         clknet_0_net594 (net)
                      0.032387    0.000000    9.056305 v clkbuf_1_0__f_net594/A (sky130_fd_sc_hd__clkbuf_16)
     2    0.003657    0.025638    0.127154    9.183459 v clkbuf_1_0__f_net594/X (sky130_fd_sc_hd__clkbuf_16)
                                                         clknet_1_0__leaf_net594 (net)
                      0.025638    0.000000    9.183459 v c714/B1 (sky130_fd_sc_hd__a2111o_1)
     1    0.006900    0.082445    0.398480    9.581940 v c714/X (sky130_fd_sc_hd__a2111o_1)
                                                         net595 (net)
                      0.082445    0.000000    9.581940 v clkbuf_0_net595/A (sky130_fd_sc_hd__clkbuf_16)
     2    0.013800    0.032370    0.159404    9.741344 v clkbuf_0_net595/X (sky130_fd_sc_hd__clkbuf_16)
                                                         clknet_0_net595 (net)
                      0.032370    0.000000    9.741344 v clkbuf_1_1__f_net595/A (sky130_fd_sc_hd__clkbuf_16)
     3    0.009214    0.029488    0.132658    9.874002 v clkbuf_1_1__f_net595/X (sky130_fd_sc_hd__clkbuf_16)
                                                         clknet_1_1__leaf_net595 (net)
                      0.029488    0.000000    9.874002 v c716/B (sky130_fd_sc_hd__or4bb_2)
     1    0.006900    0.112665    0.620446   10.494449 v c716/X (sky130_fd_sc_hd__or4bb_2)
                                                         net597 (net)
                      0.112665    0.000000   10.494449 v clkbuf_0_net597/A (sky130_fd_sc_hd__clkbuf_16)
     2    0.013800    0.032436    0.173399   10.667848 v clkbuf_0_net597/X (sky130_fd_sc_hd__clkbuf_16)
                                                         clknet_0_net597 (net)
                      0.032436    0.000000   10.667848 v clkbuf_1_1__f_net597/A (sky130_fd_sc_hd__clkbuf_16)
     1    0.001690    0.024188    0.125003   10.792850 v clkbuf_1_1__f_net597/X (sky130_fd_sc_hd__clkbuf_16)
                                                         clknet_1_1__leaf_net597 (net)
                      0.024188    0.000000   10.792850 v c720/A1 (sky130_fd_sc_hd__mux4_4)
     1    0.006900    0.118908    0.585016   11.377867 v c720/X (sky130_fd_sc_hd__mux4_4)
                                                         net601 (net)
                      0.118908    0.000000   11.377867 v clkbuf_0_net601/A (sky130_fd_sc_hd__clkbuf_16)
     2    0.013800    0.032450    0.176290   11.554157 v clkbuf_0_net601/X (sky130_fd_sc_hd__clkbuf_16)
                                                         clknet_0_net601 (net)
                      0.032450    0.000000   11.554157 v clkbuf_1_0__f_net601/A (sky130_fd_sc_hd__clkbuf_16)
     1    0.001715    0.024207    0.125040   11.679196 v clkbuf_1_0__f_net601/X (sky130_fd_sc_hd__clkbuf_16)
                                                         clknet_1_0__leaf_net601 (net)
                      0.024207    0.000000   11.679196 v c721/A0 (sky130_fd_sc_hd__mux4_2)
     1    0.006900    0.096082    0.461135   12.140332 v c721/X (sky130_fd_sc_hd__mux4_2)
                                                         net708 (net)
                      0.096082    0.000000   12.140332 v clkbuf_0_net708/A (sky130_fd_sc_hd__clkbuf_16)
     2    0.013800    0.032400    0.165720   12.306051 v clkbuf_0_net708/X (sky130_fd_sc_hd__clkbuf_16)
                                                         clknet_0_net708 (net)
                      0.032400    0.000000   12.306051 v clkbuf_1_1__f_net708/A (sky130_fd_sc_hd__clkbuf_16)
     1    0.005142    0.026725    0.128779   12.434831 v clkbuf_1_1__f_net708/X (sky130_fd_sc_hd__clkbuf_16)
                                                         clknet_1_1__leaf_net708 (net)
                      0.026725    0.000000   12.434831 v c725/S0 (sky130_fd_sc_hd__mux4_2)
     1    0.001706    0.043658    0.303192   12.738023 ^ c725/X (sky130_fd_sc_hd__mux4_2)
                                                         net606 (net)
                      0.043658    0.000000   12.738023 ^ c736/RESET_B (sky130_fd_sc_hd__sdfbbn_1)
                                             12.738023   data arrival time

                                  4.000000    4.000000   clock clk (fall edge)
                                  0.000000    4.000000   clock source latency
     1    0.006900    0.018164    0.011143    4.011143 v clk (in)
                                                         clk (net)
                      0.018164    0.000000    4.011143 v clkbuf_0_clk/A (sky130_fd_sc_hd__clkbuf_16)
    16    0.058832    0.058300    0.158717    4.169860 v clkbuf_0_clk/X (sky130_fd_sc_hd__clkbuf_16)
                                                         clknet_0_clk (net)
                      0.058300    0.000000    4.169860 v clkbuf_4_13_0_clk/A (sky130_fd_sc_hd__clkbuf_8)
    11    0.020237    0.041522    0.152335    4.322195 v clkbuf_4_13_0_clk/X (sky130_fd_sc_hd__clkbuf_8)
                                                         clknet_4_13_0_clk (net)
                      0.041522    0.000000    4.322195 v c736/CLK_N (sky130_fd_sc_hd__sdfbbn_1)
                                 -0.250000    4.072195   clock uncertainty
                                  0.000000    4.072195   clock reconvergence pessimism
                                 -0.063486    4.008709   library recovery time
                                              4.008709   data required time
---------------------------------------------------------------------------------------------
                                              4.008709   data required time
                                            -12.738023   data arrival time
---------------------------------------------------------------------------------------------
                                             -8.729314   slack (VIOLATED)


Startpoint: s882 (negative level-sensitive latch clocked by clk)
Endpoint: c736 (rising edge-triggered flip-flop clocked by clk)
Path Group: clk
Path Type: max

Fanout         Cap        Slew       Delay        Time   Description
---------------------------------------------------------------------------------------------
                                  4.000000    4.000000   clock clk (fall edge)
                                  0.000000    4.000000   clock source latency
     1    0.006900    0.018164    0.011143    4.011143 v clk (in)
                                                         clk (net)
                      0.018164    0.000000    4.011143 v clkbuf_0_clk/A (sky130_fd_sc_hd__clkbuf_16)
    16    0.058832    0.058300    0.158717    4.169860 v clkbuf_0_clk/X (sky130_fd_sc_hd__clkbuf_16)
                                                         clknet_0_clk (net)
                      0.058300    0.000000    4.169860 v clkbuf_4_12_0_clk/A (sky130_fd_sc_hd__clkbuf_8)
     9    0.015062    0.036399    0.145728    4.315588 v clkbuf_4_12_0_clk/X (sky130_fd_sc_hd__clkbuf_8)
                                                         clknet_4_12_0_clk (net)
                      0.036399    0.000000    4.315588 v s882/GATE_N (sky130_fd_sc_hd__dlxbn_2)
                                  3.624111    7.939699   time given to startpoint
                      0.079030    0.000000    7.939699 v s882/D (sky130_fd_sc_hd__dlxbn_2)
     5    0.021452    0.069387    0.315285    8.254984 v s882/Q (sky130_fd_sc_hd__dlxbn_2)
                                                         net800 (net)
                      0.069387    0.000199    8.255182 v c572/B (sky130_fd_sc_hd__nor2_1)
     2    0.004617    0.109426    0.112965    8.368147 ^ c572/Y (sky130_fd_sc_hd__nor2_1)
                                                         net478 (net)
                      0.109426    0.000013    8.368160 ^ c573/A_N (sky130_fd_sc_hd__and2b_1)
     2    0.008040    0.056317    0.212154    8.580315 v c573/X (sky130_fd_sc_hd__and2b_1)
                                                         net479 (net)
                      0.056317    0.000020    8.580335 v fanout121/A (sky130_fd_sc_hd__buf_2)
    10    0.026923    0.073611    0.171680    8.752014 v fanout121/X (sky130_fd_sc_hd__buf_2)
                                                         net951 (net)
                      0.073611    0.000011    8.752026 v c574/B_N (sky130_fd_sc_hd__nor2b_1)
     2    0.008785    0.056411    0.163448    8.915473 v c574/Y (sky130_fd_sc_hd__nor2b_1)
                                                         net480 (net)
                      0.056411    0.000076    8.915549 v fanout119/A (sky130_fd_sc_hd__clkbuf_4)
    10    0.035290    0.081464    0.189023    9.104572 v fanout119/X (sky130_fd_sc_hd__clkbuf_4)
                                                         net949 (net)
                      0.081485    0.001260    9.105833 v c598/A (sky130_fd_sc_hd__or3_2)
     6    0.017160    0.119729    0.549828    9.655661 v c598/X (sky130_fd_sc_hd__or3_2)
                                                         net504 (net)
                      0.119729    0.000035    9.655695 v c604/A (sky130_fd_sc_hd__or3_1)
     1    0.002611    0.065120    0.383837   10.039532 v c604/X (sky130_fd_sc_hd__or3_1)
                                                         net510 (net)
                      0.065120    0.000008   10.039540 v c608/A1 (sky130_fd_sc_hd__a2111o_1)
     1    0.005030    0.070089    0.377423   10.416964 v c608/X (sky130_fd_sc_hd__a2111o_1)
                                                         net514 (net)
                      0.070089    0.000052   10.417016 v c610/A2 (sky130_fd_sc_hd__o2111ai_2)
     2    0.007747    0.194662    0.199872   10.616888 ^ c610/Y (sky130_fd_sc_hd__o2111ai_2)
                                                         net516 (net)
                      0.194662    0.000036   10.616924 ^ c612/B1 (sky130_fd_sc_hd__o2111ai_2)
     3    0.006698    0.117061    0.160351   10.777275 v c612/Y (sky130_fd_sc_hd__o2111ai_2)
                                                         net518 (net)
                      0.117061    0.000026   10.777301 v c614/B1 (sky130_fd_sc_hd__a2111o_1)
     1    0.002647    0.059010    0.397564   11.174865 v c614/X (sky130_fd_sc_hd__a2111o_1)
                                                         net520 (net)
                      0.059010    0.000011   11.174875 v c615/A1 (sky130_fd_sc_hd__o2111a_1)
     3    0.016260    0.102780    0.311061   11.485936 v c615/X (sky130_fd_sc_hd__o2111a_1)
                                                         net897 (net)
                      0.102780    0.000123   11.486058 v c726/B (sky130_fd_sc_hd__nand3b_2)
     4    0.018028    0.133153    0.148442   11.634501 ^ c726/Y (sky130_fd_sc_hd__nand3b_2)
                                                         net607 (net)
                      0.133153    0.000012   11.634512 ^ fanout99/A (sky130_fd_sc_hd__buf_2)
    10    0.032175    0.160808    0.222715   11.857227 ^ fanout99/X (sky130_fd_sc_hd__buf_2)
                                                         net929 (net)
                      0.160808    0.000597   11.857824 ^ c727/A (sky130_fd_sc_hd__and3_1)
     6    0.015692    0.163402    0.260886   12.118710 ^ c727/X (sky130_fd_sc_hd__and3_1)
                                                         net608 (net)
                      0.163402    0.000087   12.118797 ^ c728/A (sky130_fd_sc_hd__or3_1)
     4    0.009232    0.093176    0.173900   12.292697 ^ c728/X (sky130_fd_sc_hd__or3_1)
                                                         net609 (net)
                      0.093176    0.000012   12.292708 ^ c729/A (sky130_fd_sc_hd__and3_1)
     3    0.010980    0.120424    0.209194   12.501903 ^ c729/X (sky130_fd_sc_hd__and3_1)
                                                         net610 (net)
                      0.120424    0.000060   12.501963 ^ fanout90/A (sky130_fd_sc_hd__clkbuf_4)
    10    0.035586    0.116239    0.215616   12.717579 ^ fanout90/X (sky130_fd_sc_hd__clkbuf_4)
                                                         net920 (net)
                      0.116239    0.000072   12.717650 ^ fanout89/A (sky130_fd_sc_hd__clkbuf_4)
    10    0.043732    0.138870    0.231266   12.948916 ^ fanout89/X (sky130_fd_sc_hd__clkbuf_4)
                                                         net919 (net)
                      0.138870    0.000274   12.949189 ^ c736/SET_B (sky130_fd_sc_hd__sdfbbn_1)
                                             12.949189   data arrival time

                                  0.000000    0.000000   clock clk (rise edge)
                                  0.000000    0.000000   clock source latency
     1    0.007894    0.043275    0.027159    0.027159 ^ clk (in)
                                                         clk (net)
                      0.043275    0.000000    0.027159 ^ clkbuf_0_clk/A (sky130_fd_sc_hd__clkbuf_16)
    16    0.066512    0.086709    0.161326    0.188485 ^ clkbuf_0_clk/X (sky130_fd_sc_hd__clkbuf_16)
                                                         clknet_0_clk (net)
                      0.086709    0.000000    0.188485 ^ clkbuf_4_13_0_clk/A (sky130_fd_sc_hd__clkbuf_8)
    11    0.022143    0.056320    0.150499    0.338984 ^ clkbuf_4_13_0_clk/X (sky130_fd_sc_hd__clkbuf_8)
                                                         clknet_4_13_0_clk (net)
                      0.056320    0.000000    0.338984 ^ merge827/CLK (sky130_fd_sc_hd__sdlclkp_2)
     1    0.007894    0.059664    0.156385    0.495369 ^ merge827/GCLK (sky130_fd_sc_hd__sdlclkp_2)
                                                         net730 (net)
                      0.059664    0.000000    0.495369 ^ clkbuf_0_net730/A (sky130_fd_sc_hd__clkbuf_16)
     2    0.015788    0.039244    0.126812    0.622182 ^ clkbuf_0_net730/X (sky130_fd_sc_hd__clkbuf_16)
                                                         clknet_0_net730 (net)
                      0.039244    0.000000    0.622182 ^ clkbuf_1_0__f_net730/A (sky130_fd_sc_hd__clkbuf_16)
     2    0.007979    0.031854    0.111851    0.734032 ^ clkbuf_1_0__f_net730/X (sky130_fd_sc_hd__clkbuf_16)
                                                         clknet_1_0__leaf_net730 (net)
                      0.031854    0.000000    0.734032 ^ c695/D1 (sky130_fd_sc_hd__a2111o_4)
     1    0.007894    0.039000    0.096971    0.831003 ^ c695/X (sky130_fd_sc_hd__a2111o_4)
                                                         net576 (net)
                      0.039000    0.000000    0.831003 ^ clkbuf_0_net576/A (sky130_fd_sc_hd__clkbuf_16)
     2    0.015788    0.039242    0.119274    0.950277 ^ clkbuf_0_net576/X (sky130_fd_sc_hd__clkbuf_16)
                                                         clknet_0_net576 (net)
                      0.039242    0.000000    0.950277 ^ clkbuf_1_1__f_net576/A (sky130_fd_sc_hd__clkbuf_16)
     1    0.001534    0.025435    0.104235    1.054512 ^ clkbuf_1_1__f_net576/X (sky130_fd_sc_hd__clkbuf_16)
                                                         clknet_1_1__leaf_net576 (net)
                      0.025435    0.000000    1.054512 ^ c702/A (sky130_fd_sc_hd__or3b_2)
     1    0.007894    0.058283    0.115552    1.170064 ^ c702/X (sky130_fd_sc_hd__or3b_2)
                                                         net583 (net)
                      0.058283    0.000000    1.170064 ^ clkbuf_0_net583/A (sky130_fd_sc_hd__clkbuf_16)
     2    0.015788    0.039243    0.126303    1.296368 ^ clkbuf_0_net583/X (sky130_fd_sc_hd__clkbuf_16)
                                                         clknet_0_net583 (net)
                      0.039243    0.000000    1.296368 ^ clkbuf_1_0__f_net583/A (sky130_fd_sc_hd__clkbuf_16)
     1    0.009107    0.032921    0.112935    1.409303 ^ clkbuf_1_0__f_net583/X (sky130_fd_sc_hd__clkbuf_16)
                                                         clknet_1_0__leaf_net583 (net)
                      0.032921    0.000000    1.409303 ^ c706/A (sky130_fd_sc_hd__nor2b_4)
     1    0.006900    0.021432    0.030879    1.440182 v c706/Y (sky130_fd_sc_hd__nor2b_4)
                                                         net587 (net)
                      0.021432    0.000000    1.440182 v clkbuf_0_net587/A (sky130_fd_sc_hd__clkbuf_16)
     2    0.013800    0.032350    0.131461    1.571643 v clkbuf_0_net587/X (sky130_fd_sc_hd__clkbuf_16)
                                                         clknet_0_net587 (net)
                      0.032350    0.000000    1.571643 v clkbuf_1_0__f_net587/A (sky130_fd_sc_hd__clkbuf_16)
     2    0.004552    0.026293    0.128113    1.699756 v clkbuf_1_0__f_net587/X (sky130_fd_sc_hd__clkbuf_16)
                                                         clknet_1_0__leaf_net587 (net)
                      0.026293    0.000000    1.699756 v c709/B (sky130_fd_sc_hd__nor3_1)
     1    0.007894    0.284191    0.256561    1.956317 ^ c709/Y (sky130_fd_sc_hd__nor3_1)
                                                         net590 (net)
                      0.284191    0.000000    1.956317 ^ clkbuf_0_net590/A (sky130_fd_sc_hd__clkbuf_16)
     2    0.015788    0.043523    0.198193    2.154510 ^ clkbuf_0_net590/X (sky130_fd_sc_hd__clkbuf_16)
                                                         clknet_0_net590 (net)
                      0.043523    0.000000    2.154510 ^ clkbuf_1_1__f_net590/A (sky130_fd_sc_hd__clkbuf_16)
     3    0.005194    0.029103    0.110233    2.264742 ^ clkbuf_1_1__f_net590/X (sky130_fd_sc_hd__clkbuf_16)
                                                         clknet_1_1__leaf_net590 (net)
                      0.029103    0.000000    2.264742 ^ c720/A0 (sky130_fd_sc_hd__mux4_4)
     1    0.007894    0.073408    0.290958    2.555700 ^ c720/X (sky130_fd_sc_hd__mux4_4)
                                                         net601 (net)
                      0.073408    0.000000    2.555700 ^ clkbuf_0_net601/A (sky130_fd_sc_hd__clkbuf_16)
     2    0.015788    0.039256    0.131878    2.687578 ^ clkbuf_0_net601/X (sky130_fd_sc_hd__clkbuf_16)
                                                         clknet_0_net601 (net)
                      0.039256    0.000000    2.687578 ^ clkbuf_1_0__f_net601/A (sky130_fd_sc_hd__clkbuf_16)
     1    0.001888    0.025810    0.104712    2.792290 ^ clkbuf_1_0__f_net601/X (sky130_fd_sc_hd__clkbuf_16)
                                                         clknet_1_0__leaf_net601 (net)
                      0.025810    0.000000    2.792290 ^ c721/A0 (sky130_fd_sc_hd__mux4_2)
     1    0.007894    0.039633    0.215497    3.007787 ^ c721/X (sky130_fd_sc_hd__mux4_2)
                                                         net708 (net)
                      0.074184    0.000000    3.007787 ^ clkbuf_0_net708/A (sky130_fd_sc_hd__clkbuf_16)
     2    0.015788    0.039256    0.132164    3.139951 ^ clkbuf_0_net708/X (sky130_fd_sc_hd__clkbuf_16)
                                                         clknet_0_net708 (net)
                      0.039256    0.000000    3.139951 ^ clkbuf_1_1__f_net708/A (sky130_fd_sc_hd__clkbuf_16)
     1    0.005766    0.029682    0.109370    3.249321 ^ clkbuf_1_1__f_net708/X (sky130_fd_sc_hd__clkbuf_16)
                                                         clknet_1_1__leaf_net708 (net)
                      0.029682    0.000000    3.249321 ^ c725/S0 (sky130_fd_sc_hd__mux4_2)
     1    0.001706    0.042445    0.188047    3.437368 ^ c725/X (sky130_fd_sc_hd__mux4_2)
                                                         net606 (net)
                      0.042445    0.000000    3.437368 ^ c736/RESET_B (sky130_fd_sc_hd__sdfbbn_1)
                                 -0.250000    3.187368   clock uncertainty
                                  0.000000    3.187368   clock reconvergence pessimism
                                 -0.169686    3.017682   library non-sequential setup time
                                              3.017682   data required time
---------------------------------------------------------------------------------------------
                                              3.017682   data required time
                                            -12.949189   data arrival time
---------------------------------------------------------------------------------------------
                                             -9.931508   slack (VIOLATED)




===========================================================================
report_checks --slack_max -0.01
============================================================================
======================= nom_tt_025C_1v80 Corner ===================================

Startpoint: merge815 (positive level-sensitive latch clocked by clk)
Endpoint: c736 (recovery check against falling-edge clock clk)
Path Group: asynchronous
Path Type: max

Fanout         Cap        Slew       Delay        Time   Description
---------------------------------------------------------------------------------------------
                                  0.000000    0.000000   clock clk (rise edge)
                                  0.000000    0.000000   clock source latency
     1    0.007894    0.043275    0.027159    0.027159 ^ clk (in)
                                                         clk (net)
                      0.043275    0.000000    0.027159 ^ clkbuf_0_clk/A (sky130_fd_sc_hd__clkbuf_16)
    16    0.066512    0.086709    0.161326    0.188485 ^ clkbuf_0_clk/X (sky130_fd_sc_hd__clkbuf_16)
                                                         clknet_0_clk (net)
                      0.086709    0.000000    0.188485 ^ clkbuf_4_13_0_clk/A (sky130_fd_sc_hd__clkbuf_8)
    11    0.022143    0.056320    0.150499    0.338984 ^ clkbuf_4_13_0_clk/X (sky130_fd_sc_hd__clkbuf_8)
                                                         clknet_4_13_0_clk (net)
                      0.056320    0.000000    0.338984 ^ merge815/GATE (sky130_fd_sc_hd__dlrbp_1)
                                  3.678571    4.017555   time given to startpoint
                      0.081949    0.000000    4.017555 v merge815/D (sky130_fd_sc_hd__dlrbp_1)
     2    0.004128    0.037217    0.276955    4.294510 v merge815/Q (sky130_fd_sc_hd__dlrbp_1)
                                                         net716 (net)
                      0.037217    0.000028    4.294538 v c682/A (sky130_fd_sc_hd__or2_2)
     9    0.020008    0.097897    0.349104    4.643642 v c682/X (sky130_fd_sc_hd__or2_2)
                                                         net563 (net)
                      0.097897    0.000426    4.644068 v c690/C_N (sky130_fd_sc_hd__nor3b_1)
     2    0.005363    0.049744    0.168514    4.812582 v c690/Y (sky130_fd_sc_hd__nor3b_1)
                                                         net571 (net)
                      0.049744    0.000020    4.812603 v wire120/A (sky130_fd_sc_hd__clkbuf_2)
     5    0.017258    0.072163    0.143775    4.956378 v wire120/X (sky130_fd_sc_hd__clkbuf_2)
                                                         net950 (net)
                      0.072163    0.000200    4.956578 v c693/A (sky130_fd_sc_hd__or4bb_1)
     2    0.009144    0.119551    0.556687    5.513265 v c693/X (sky130_fd_sc_hd__or4bb_1)
                                                         net574 (net)
                      0.119551    0.000049    5.513314 v c700/A (sky130_fd_sc_hd__or3_4)
     1    0.006900    0.070689    0.413513    5.926827 v c700/X (sky130_fd_sc_hd__or3_4)
                                                         net581 (net)
                      0.070689    0.000000    5.926827 v clkbuf_0_net581/A (sky130_fd_sc_hd__clkbuf_16)
     2    0.013800    0.032345    0.153960    6.080787 v clkbuf_0_net581/X (sky130_fd_sc_hd__clkbuf_16)
                                                         clknet_0_net581 (net)
                      0.032345    0.000000    6.080787 v clkbuf_1_1__f_net581/A (sky130_fd_sc_hd__clkbuf_16)
     1    0.001539    0.024068    0.124778    6.205565 v clkbuf_1_1__f_net581/X (sky130_fd_sc_hd__clkbuf_16)
                                                         clknet_1_1__leaf_net581 (net)
                      0.024068    0.000000    6.205565 v c701/B (sky130_fd_sc_hd__or3_2)
     1    0.006900    0.092705    0.459909    6.665474 v c701/X (sky130_fd_sc_hd__or3_2)
                                                         net582 (net)
                      0.092705    0.000000    6.665474 v clkbuf_0_net582/A (sky130_fd_sc_hd__clkbuf_16)
     2    0.013800    0.032393    0.164156    6.829630 v clkbuf_0_net582/X (sky130_fd_sc_hd__clkbuf_16)
                                                         clknet_0_net582 (net)
                      0.032393    0.000000    6.829630 v clkbuf_1_0__f_net582/A (sky130_fd_sc_hd__clkbuf_16)
     1    0.001486    0.024027    0.124735    6.954365 v clkbuf_1_0__f_net582/X (sky130_fd_sc_hd__clkbuf_16)
                                                         clknet_1_0__leaf_net582 (net)
                      0.024027    0.000000    6.954365 v c702/B (sky130_fd_sc_hd__or3b_2)
     1    0.006900    0.093304    0.451905    7.406271 v c702/X (sky130_fd_sc_hd__or3b_2)
                                                         net583 (net)
                      0.093304    0.000000    7.406271 v clkbuf_0_net583/A (sky130_fd_sc_hd__clkbuf_16)
     2    0.013800    0.032394    0.164434    7.570704 v clkbuf_0_net583/X (sky130_fd_sc_hd__clkbuf_16)
                                                         clknet_0_net583 (net)
                      0.032394    0.000000    7.570704 v clkbuf_1_0__f_net583/A (sky130_fd_sc_hd__clkbuf_16)
     1    0.008255    0.028892    0.131893    7.702597 v clkbuf_1_0__f_net583/X (sky130_fd_sc_hd__clkbuf_16)
                                                         clknet_1_0__leaf_net583 (net)
                      0.028892    0.000000    7.702597 v c706/A (sky130_fd_sc_hd__nor2b_4)
     1    0.007894    0.082741    0.106054    7.808651 ^ c706/Y (sky130_fd_sc_hd__nor2b_4)
                                                         net587 (net)
                      0.082741    0.000000    7.808651 ^ clkbuf_0_net587/A (sky130_fd_sc_hd__clkbuf_16)
     2    0.015788    0.039264    0.135318    7.943969 ^ clkbuf_0_net587/X (sky130_fd_sc_hd__clkbuf_16)
                                                         clknet_0_net587 (net)
                      0.039264    0.000000    7.943969 ^ clkbuf_1_0__f_net587/A (sky130_fd_sc_hd__clkbuf_16)
     2    0.005033    0.028950    0.108493    8.052462 ^ clkbuf_1_0__f_net587/X (sky130_fd_sc_hd__clkbuf_16)
                                                         clknet_1_0__leaf_net587 (net)
                      0.028950    0.000000    8.052462 ^ c709/B (sky130_fd_sc_hd__nor3_1)
     1    0.006900    0.063108    0.050979    8.103441 v c709/Y (sky130_fd_sc_hd__nor3_1)
                                                         net590 (net)
                      0.063108    0.000000    8.103441 v clkbuf_0_net590/A (sky130_fd_sc_hd__clkbuf_16)
     2    0.013800    0.032328    0.150449    8.253890 v clkbuf_0_net590/X (sky130_fd_sc_hd__clkbuf_16)
                                                         clknet_0_net590 (net)
                      0.032328    0.000000    8.253890 v clkbuf_1_0__f_net590/A (sky130_fd_sc_hd__clkbuf_16)
     2    0.004410    0.026189    0.127948    8.381839 v clkbuf_1_0__f_net590/X (sky130_fd_sc_hd__clkbuf_16)
                                                         clknet_1_0__leaf_net590 (net)
                      0.026189    0.000000    8.381839 v c713/B (sky130_fd_sc_hd__or4bb_4)
     1    0.006900    0.090254    0.511446    8.893285 v c713/X (sky130_fd_sc_hd__or4bb_4)
                                                         net594 (net)
                      0.090254    0.000000    8.893285 v clkbuf_0_net594/A (sky130_fd_sc_hd__clkbuf_16)
     2    0.013800    0.032387    0.163021    9.056305 v clkbuf_0_net594/X (sky130_fd_sc_hd__clkbuf_16)
                                                         clknet_0_net594 (net)
                      0.032387    0.000000    9.056305 v clkbuf_1_0__f_net594/A (sky130_fd_sc_hd__clkbuf_16)
     2    0.003657    0.025638    0.127154    9.183459 v clkbuf_1_0__f_net594/X (sky130_fd_sc_hd__clkbuf_16)
                                                         clknet_1_0__leaf_net594 (net)
                      0.025638    0.000000    9.183459 v c714/B1 (sky130_fd_sc_hd__a2111o_1)
     1    0.006900    0.082445    0.398480    9.581940 v c714/X (sky130_fd_sc_hd__a2111o_1)
                                                         net595 (net)
                      0.082445    0.000000    9.581940 v clkbuf_0_net595/A (sky130_fd_sc_hd__clkbuf_16)
     2    0.013800    0.032370    0.159404    9.741344 v clkbuf_0_net595/X (sky130_fd_sc_hd__clkbuf_16)
                                                         clknet_0_net595 (net)
                      0.032370    0.000000    9.741344 v clkbuf_1_1__f_net595/A (sky130_fd_sc_hd__clkbuf_16)
     3    0.009214    0.029488    0.132658    9.874002 v clkbuf_1_1__f_net595/X (sky130_fd_sc_hd__clkbuf_16)
                                                         clknet_1_1__leaf_net595 (net)
                      0.029488    0.000000    9.874002 v c716/B (sky130_fd_sc_hd__or4bb_2)
     1    0.006900    0.112665    0.620446   10.494449 v c716/X (sky130_fd_sc_hd__or4bb_2)
                                                         net597 (net)
                      0.112665    0.000000   10.494449 v clkbuf_0_net597/A (sky130_fd_sc_hd__clkbuf_16)
     2    0.013800    0.032436    0.173399   10.667848 v clkbuf_0_net597/X (sky130_fd_sc_hd__clkbuf_16)
                                                         clknet_0_net597 (net)
                      0.032436    0.000000   10.667848 v clkbuf_1_1__f_net597/A (sky130_fd_sc_hd__clkbuf_16)
     1    0.001690    0.024188    0.125003   10.792850 v clkbuf_1_1__f_net597/X (sky130_fd_sc_hd__clkbuf_16)
                                                         clknet_1_1__leaf_net597 (net)
                      0.024188    0.000000   10.792850 v c720/A1 (sky130_fd_sc_hd__mux4_4)
     1    0.006900    0.118908    0.585016   11.377867 v c720/X (sky130_fd_sc_hd__mux4_4)
                                                         net601 (net)
                      0.118908    0.000000   11.377867 v clkbuf_0_net601/A (sky130_fd_sc_hd__clkbuf_16)
     2    0.013800    0.032450    0.176290   11.554157 v clkbuf_0_net601/X (sky130_fd_sc_hd__clkbuf_16)
                                                         clknet_0_net601 (net)
                      0.032450    0.000000   11.554157 v clkbuf_1_0__f_net601/A (sky130_fd_sc_hd__clkbuf_16)
     1    0.001715    0.024207    0.125040   11.679196 v clkbuf_1_0__f_net601/X (sky130_fd_sc_hd__clkbuf_16)
                                                         clknet_1_0__leaf_net601 (net)
                      0.024207    0.000000   11.679196 v c721/A0 (sky130_fd_sc_hd__mux4_2)
     1    0.006900    0.096082    0.461135   12.140332 v c721/X (sky130_fd_sc_hd__mux4_2)
                                                         net708 (net)
                      0.096082    0.000000   12.140332 v clkbuf_0_net708/A (sky130_fd_sc_hd__clkbuf_16)
     2    0.013800    0.032400    0.165720   12.306051 v clkbuf_0_net708/X (sky130_fd_sc_hd__clkbuf_16)
                                                         clknet_0_net708 (net)
                      0.032400    0.000000   12.306051 v clkbuf_1_1__f_net708/A (sky130_fd_sc_hd__clkbuf_16)
     1    0.005142    0.026725    0.128779   12.434831 v clkbuf_1_1__f_net708/X (sky130_fd_sc_hd__clkbuf_16)
                                                         clknet_1_1__leaf_net708 (net)
                      0.026725    0.000000   12.434831 v c725/S0 (sky130_fd_sc_hd__mux4_2)
     1    0.001706    0.043658    0.303192   12.738023 ^ c725/X (sky130_fd_sc_hd__mux4_2)
                                                         net606 (net)
                      0.043658    0.000000   12.738023 ^ c736/RESET_B (sky130_fd_sc_hd__sdfbbn_1)
                                             12.738023   data arrival time

                                  4.000000    4.000000   clock clk (fall edge)
                                  0.000000    4.000000   clock source latency
     1    0.006900    0.018164    0.011143    4.011143 v clk (in)
                                                         clk (net)
                      0.018164    0.000000    4.011143 v clkbuf_0_clk/A (sky130_fd_sc_hd__clkbuf_16)
    16    0.058832    0.058300    0.158717    4.169860 v clkbuf_0_clk/X (sky130_fd_sc_hd__clkbuf_16)
                                                         clknet_0_clk (net)
                      0.058300    0.000000    4.169860 v clkbuf_4_13_0_clk/A (sky130_fd_sc_hd__clkbuf_8)
    11    0.020237    0.041522    0.152335    4.322195 v clkbuf_4_13_0_clk/X (sky130_fd_sc_hd__clkbuf_8)
                                                         clknet_4_13_0_clk (net)
                      0.041522    0.000000    4.322195 v c736/CLK_N (sky130_fd_sc_hd__sdfbbn_1)
                                 -0.250000    4.072195   clock uncertainty
                                  0.000000    4.072195   clock reconvergence pessimism
                                 -0.063486    4.008709   library recovery time
                                              4.008709   data required time
---------------------------------------------------------------------------------------------
                                              4.008709   data required time
                                            -12.738023   data arrival time
---------------------------------------------------------------------------------------------
                                             -8.729314   slack (VIOLATED)


Startpoint: s882 (negative level-sensitive latch clocked by clk)
Endpoint: c736 (rising edge-triggered flip-flop clocked by clk)
Path Group: clk
Path Type: max

Fanout         Cap        Slew       Delay        Time   Description
---------------------------------------------------------------------------------------------
                                  4.000000    4.000000   clock clk (fall edge)
                                  0.000000    4.000000   clock source latency
     1    0.006900    0.018164    0.011143    4.011143 v clk (in)
                                                         clk (net)
                      0.018164    0.000000    4.011143 v clkbuf_0_clk/A (sky130_fd_sc_hd__clkbuf_16)
    16    0.058832    0.058300    0.158717    4.169860 v clkbuf_0_clk/X (sky130_fd_sc_hd__clkbuf_16)
                                                         clknet_0_clk (net)
                      0.058300    0.000000    4.169860 v clkbuf_4_12_0_clk/A (sky130_fd_sc_hd__clkbuf_8)
     9    0.015062    0.036399    0.145728    4.315588 v clkbuf_4_12_0_clk/X (sky130_fd_sc_hd__clkbuf_8)
                                                         clknet_4_12_0_clk (net)
                      0.036399    0.000000    4.315588 v s882/GATE_N (sky130_fd_sc_hd__dlxbn_2)
                                  3.624111    7.939699   time given to startpoint
                      0.079030    0.000000    7.939699 v s882/D (sky130_fd_sc_hd__dlxbn_2)
     5    0.021452    0.069387    0.315285    8.254984 v s882/Q (sky130_fd_sc_hd__dlxbn_2)
                                                         net800 (net)
                      0.069387    0.000199    8.255182 v c572/B (sky130_fd_sc_hd__nor2_1)
     2    0.004617    0.109426    0.112965    8.368147 ^ c572/Y (sky130_fd_sc_hd__nor2_1)
                                                         net478 (net)
                      0.109426    0.000013    8.368160 ^ c573/A_N (sky130_fd_sc_hd__and2b_1)
     2    0.008040    0.056317    0.212154    8.580315 v c573/X (sky130_fd_sc_hd__and2b_1)
                                                         net479 (net)
                      0.056317    0.000020    8.580335 v fanout121/A (sky130_fd_sc_hd__buf_2)
    10    0.026923    0.073611    0.171680    8.752014 v fanout121/X (sky130_fd_sc_hd__buf_2)
                                                         net951 (net)
                      0.073611    0.000011    8.752026 v c574/B_N (sky130_fd_sc_hd__nor2b_1)
     2    0.008785    0.056411    0.163448    8.915473 v c574/Y (sky130_fd_sc_hd__nor2b_1)
                                                         net480 (net)
                      0.056411    0.000076    8.915549 v fanout119/A (sky130_fd_sc_hd__clkbuf_4)
    10    0.035290    0.081464    0.189023    9.104572 v fanout119/X (sky130_fd_sc_hd__clkbuf_4)
                                                         net949 (net)
                      0.081485    0.001260    9.105833 v c598/A (sky130_fd_sc_hd__or3_2)
     6    0.017160    0.119729    0.549828    9.655661 v c598/X (sky130_fd_sc_hd__or3_2)
                                                         net504 (net)
                      0.119729    0.000035    9.655695 v c604/A (sky130_fd_sc_hd__or3_1)
     1    0.002611    0.065120    0.383837   10.039532 v c604/X (sky130_fd_sc_hd__or3_1)
                                                         net510 (net)
                      0.065120    0.000008   10.039540 v c608/A1 (sky130_fd_sc_hd__a2111o_1)
     1    0.005030    0.070089    0.377423   10.416964 v c608/X (sky130_fd_sc_hd__a2111o_1)
                                                         net514 (net)
                      0.070089    0.000052   10.417016 v c610/A2 (sky130_fd_sc_hd__o2111ai_2)
     2    0.007747    0.194662    0.199872   10.616888 ^ c610/Y (sky130_fd_sc_hd__o2111ai_2)
                                                         net516 (net)
                      0.194662    0.000036   10.616924 ^ c612/B1 (sky130_fd_sc_hd__o2111ai_2)
     3    0.006698    0.117061    0.160351   10.777275 v c612/Y (sky130_fd_sc_hd__o2111ai_2)
                                                         net518 (net)
                      0.117061    0.000026   10.777301 v c614/B1 (sky130_fd_sc_hd__a2111o_1)
     1    0.002647    0.059010    0.397564   11.174865 v c614/X (sky130_fd_sc_hd__a2111o_1)
                                                         net520 (net)
                      0.059010    0.000011   11.174875 v c615/A1 (sky130_fd_sc_hd__o2111a_1)
     3    0.016260    0.102780    0.311061   11.485936 v c615/X (sky130_fd_sc_hd__o2111a_1)
                                                         net897 (net)
                      0.102780    0.000123   11.486058 v c726/B (sky130_fd_sc_hd__nand3b_2)
     4    0.018028    0.133153    0.148442   11.634501 ^ c726/Y (sky130_fd_sc_hd__nand3b_2)
                                                         net607 (net)
                      0.133153    0.000012   11.634512 ^ fanout99/A (sky130_fd_sc_hd__buf_2)
    10    0.032175    0.160808    0.222715   11.857227 ^ fanout99/X (sky130_fd_sc_hd__buf_2)
                                                         net929 (net)
                      0.160808    0.000597   11.857824 ^ c727/A (sky130_fd_sc_hd__and3_1)
     6    0.015692    0.163402    0.260886   12.118710 ^ c727/X (sky130_fd_sc_hd__and3_1)
                                                         net608 (net)
                      0.163402    0.000087   12.118797 ^ c728/A (sky130_fd_sc_hd__or3_1)
     4    0.009232    0.093176    0.173900   12.292697 ^ c728/X (sky130_fd_sc_hd__or3_1)
                                                         net609 (net)
                      0.093176    0.000012   12.292708 ^ c729/A (sky130_fd_sc_hd__and3_1)
     3    0.010980    0.120424    0.209194   12.501903 ^ c729/X (sky130_fd_sc_hd__and3_1)
                                                         net610 (net)
                      0.120424    0.000060   12.501963 ^ fanout90/A (sky130_fd_sc_hd__clkbuf_4)
    10    0.035586    0.116239    0.215616   12.717579 ^ fanout90/X (sky130_fd_sc_hd__clkbuf_4)
                                                         net920 (net)
                      0.116239    0.000072   12.717650 ^ fanout89/A (sky130_fd_sc_hd__clkbuf_4)
    10    0.043732    0.138870    0.231266   12.948916 ^ fanout89/X (sky130_fd_sc_hd__clkbuf_4)
                                                         net919 (net)
                      0.138870    0.000274   12.949189 ^ c736/SET_B (sky130_fd_sc_hd__sdfbbn_1)
                                             12.949189   data arrival time

                                  0.000000    0.000000   clock clk (rise edge)
                                  0.000000    0.000000   clock source latency
     1    0.007894    0.043275    0.027159    0.027159 ^ clk (in)
                                                         clk (net)
                      0.043275    0.000000    0.027159 ^ clkbuf_0_clk/A (sky130_fd_sc_hd__clkbuf_16)
    16    0.066512    0.086709    0.161326    0.188485 ^ clkbuf_0_clk/X (sky130_fd_sc_hd__clkbuf_16)
                                                         clknet_0_clk (net)
                      0.086709    0.000000    0.188485 ^ clkbuf_4_13_0_clk/A (sky130_fd_sc_hd__clkbuf_8)
    11    0.022143    0.056320    0.150499    0.338984 ^ clkbuf_4_13_0_clk/X (sky130_fd_sc_hd__clkbuf_8)
                                                         clknet_4_13_0_clk (net)
                      0.056320    0.000000    0.338984 ^ merge827/CLK (sky130_fd_sc_hd__sdlclkp_2)
     1    0.007894    0.059664    0.156385    0.495369 ^ merge827/GCLK (sky130_fd_sc_hd__sdlclkp_2)
                                                         net730 (net)
                      0.059664    0.000000    0.495369 ^ clkbuf_0_net730/A (sky130_fd_sc_hd__clkbuf_16)
     2    0.015788    0.039244    0.126812    0.622182 ^ clkbuf_0_net730/X (sky130_fd_sc_hd__clkbuf_16)
                                                         clknet_0_net730 (net)
                      0.039244    0.000000    0.622182 ^ clkbuf_1_0__f_net730/A (sky130_fd_sc_hd__clkbuf_16)
     2    0.007979    0.031854    0.111851    0.734032 ^ clkbuf_1_0__f_net730/X (sky130_fd_sc_hd__clkbuf_16)
                                                         clknet_1_0__leaf_net730 (net)
                      0.031854    0.000000    0.734032 ^ c695/D1 (sky130_fd_sc_hd__a2111o_4)
     1    0.007894    0.039000    0.096971    0.831003 ^ c695/X (sky130_fd_sc_hd__a2111o_4)
                                                         net576 (net)
                      0.039000    0.000000    0.831003 ^ clkbuf_0_net576/A (sky130_fd_sc_hd__clkbuf_16)
     2    0.015788    0.039242    0.119274    0.950277 ^ clkbuf_0_net576/X (sky130_fd_sc_hd__clkbuf_16)
                                                         clknet_0_net576 (net)
                      0.039242    0.000000    0.950277 ^ clkbuf_1_1__f_net576/A (sky130_fd_sc_hd__clkbuf_16)
     1    0.001534    0.025435    0.104235    1.054512 ^ clkbuf_1_1__f_net576/X (sky130_fd_sc_hd__clkbuf_16)
                                                         clknet_1_1__leaf_net576 (net)
                      0.025435    0.000000    1.054512 ^ c702/A (sky130_fd_sc_hd__or3b_2)
     1    0.007894    0.058283    0.115552    1.170064 ^ c702/X (sky130_fd_sc_hd__or3b_2)
                                                         net583 (net)
                      0.058283    0.000000    1.170064 ^ clkbuf_0_net583/A (sky130_fd_sc_hd__clkbuf_16)
     2    0.015788    0.039243    0.126303    1.296368 ^ clkbuf_0_net583/X (sky130_fd_sc_hd__clkbuf_16)
                                                         clknet_0_net583 (net)
                      0.039243    0.000000    1.296368 ^ clkbuf_1_0__f_net583/A (sky130_fd_sc_hd__clkbuf_16)
     1    0.009107    0.032921    0.112935    1.409303 ^ clkbuf_1_0__f_net583/X (sky130_fd_sc_hd__clkbuf_16)
                                                         clknet_1_0__leaf_net583 (net)
                      0.032921    0.000000    1.409303 ^ c706/A (sky130_fd_sc_hd__nor2b_4)
     1    0.006900    0.021432    0.030879    1.440182 v c706/Y (sky130_fd_sc_hd__nor2b_4)
                                                         net587 (net)
                      0.021432    0.000000    1.440182 v clkbuf_0_net587/A (sky130_fd_sc_hd__clkbuf_16)
     2    0.013800    0.032350    0.131461    1.571643 v clkbuf_0_net587/X (sky130_fd_sc_hd__clkbuf_16)
                                                         clknet_0_net587 (net)
                      0.032350    0.000000    1.571643 v clkbuf_1_0__f_net587/A (sky130_fd_sc_hd__clkbuf_16)
     2    0.004552    0.026293    0.128113    1.699756 v clkbuf_1_0__f_net587/X (sky130_fd_sc_hd__clkbuf_16)
                                                         clknet_1_0__leaf_net587 (net)
                      0.026293    0.000000    1.699756 v c709/B (sky130_fd_sc_hd__nor3_1)
     1    0.007894    0.284191    0.256561    1.956317 ^ c709/Y (sky130_fd_sc_hd__nor3_1)
                                                         net590 (net)
                      0.284191    0.000000    1.956317 ^ clkbuf_0_net590/A (sky130_fd_sc_hd__clkbuf_16)
     2    0.015788    0.043523    0.198193    2.154510 ^ clkbuf_0_net590/X (sky130_fd_sc_hd__clkbuf_16)
                                                         clknet_0_net590 (net)
                      0.043523    0.000000    2.154510 ^ clkbuf_1_1__f_net590/A (sky130_fd_sc_hd__clkbuf_16)
     3    0.005194    0.029103    0.110233    2.264742 ^ clkbuf_1_1__f_net590/X (sky130_fd_sc_hd__clkbuf_16)
                                                         clknet_1_1__leaf_net590 (net)
                      0.029103    0.000000    2.264742 ^ c720/A0 (sky130_fd_sc_hd__mux4_4)
     1    0.007894    0.073408    0.290958    2.555700 ^ c720/X (sky130_fd_sc_hd__mux4_4)
                                                         net601 (net)
                      0.073408    0.000000    2.555700 ^ clkbuf_0_net601/A (sky130_fd_sc_hd__clkbuf_16)
     2    0.015788    0.039256    0.131878    2.687578 ^ clkbuf_0_net601/X (sky130_fd_sc_hd__clkbuf_16)
                                                         clknet_0_net601 (net)
                      0.039256    0.000000    2.687578 ^ clkbuf_1_0__f_net601/A (sky130_fd_sc_hd__clkbuf_16)
     1    0.001888    0.025810    0.104712    2.792290 ^ clkbuf_1_0__f_net601/X (sky130_fd_sc_hd__clkbuf_16)
                                                         clknet_1_0__leaf_net601 (net)
                      0.025810    0.000000    2.792290 ^ c721/A0 (sky130_fd_sc_hd__mux4_2)
     1    0.007894    0.039633    0.215497    3.007787 ^ c721/X (sky130_fd_sc_hd__mux4_2)
                                                         net708 (net)
                      0.074184    0.000000    3.007787 ^ clkbuf_0_net708/A (sky130_fd_sc_hd__clkbuf_16)
     2    0.015788    0.039256    0.132164    3.139951 ^ clkbuf_0_net708/X (sky130_fd_sc_hd__clkbuf_16)
                                                         clknet_0_net708 (net)
                      0.039256    0.000000    3.139951 ^ clkbuf_1_1__f_net708/A (sky130_fd_sc_hd__clkbuf_16)
     1    0.005766    0.029682    0.109370    3.249321 ^ clkbuf_1_1__f_net708/X (sky130_fd_sc_hd__clkbuf_16)
                                                         clknet_1_1__leaf_net708 (net)
                      0.029682    0.000000    3.249321 ^ c725/S0 (sky130_fd_sc_hd__mux4_2)
     1    0.001706    0.042445    0.188047    3.437368 ^ c725/X (sky130_fd_sc_hd__mux4_2)
                                                         net606 (net)
                      0.042445    0.000000    3.437368 ^ c736/RESET_B (sky130_fd_sc_hd__sdfbbn_1)
                                 -0.250000    3.187368   clock uncertainty
                                  0.000000    3.187368   clock reconvergence pessimism
                                 -0.169686    3.017682   library non-sequential setup time
                                              3.017682   data required time
---------------------------------------------------------------------------------------------
                                              3.017682   data required time
                                            -12.949189   data arrival time
---------------------------------------------------------------------------------------------
                                             -9.931508   slack (VIOLATED)




===========================================================================
 report_check_types -max_slew -max_cap -max_fanout -violators
============================================================================
======================= nom_tt_025C_1v80 Corner ===================================

max fanout

Pin                                   Limit Fanout  Slack
---------------------------------------------------------
clkbuf_0_clk/X                           10     16     -6 (VIOLATED)
clkbuf_4_15_0_clk/X                      10     14     -4 (VIOLATED)
clkbuf_4_4_0_clk/X                       10     13     -3 (VIOLATED)
clkbuf_4_13_0_clk/X                      10     11        (VIOLATED)
clkbuf_4_14_0_clk/X                      10     11        (VIOLATED)
clkbuf_4_3_0_clk/X                       10     11        (VIOLATED)
clkbuf_4_7_0_clk/X                       10     11        (VIOLATED)



===========================================================================
report_parasitic_annotation -report_unannotated
============================================================================
Found 397 unannotated drivers.
 clk
 rst
 c172/Y
 c173/X
 c174/X
 c175/X
 c215/X
 c218/X
 c243/X
 c244/X
 c245/Y
 c246/Y
 c247/X
 c248/X
 c250/Y
 c251/X
 c252/Y
 c253/X
 c254/X
 c255/X
 c256/X
 c257/X
 c258/X
 c259/X
 c260/X
 c261/X
 c262/X
 c263/X
 c287/X
 c288/Y
 c289/Y
 c291/X
 c293/X
 c294/X
 c298/X
 c300/Y
 c301/X
 c303/X
 c304/X
 c322/Y
 c323/X
 c324/Y
 c325/X
 c326/X
 c327/X
 c392/Y
 c393/X
 c394/Y
 c409/Y
 c411/X
 c412/X
 c413/X
 c414/X
 c415/X
 c416/X
 c417/X
 c420/Y
 c421/X
 c422/X
 c423/Y
 c424/X
 c425/X
 c426/X
 c427/Y
 c428/X
 c429/X
 c430/X
 c431/X
 c432/X
 c433/X
 c434/Y
 c435/X
 c436/X
 c437/X
 c438/X
 c439/X
 c545/X
 c546/X
 c547/X
 c548/X
 c549/X
 c564/X
 c565/X
 c566/X
 c567/X
 c568/X
 c569/X
 c570/X
 c571/X
 c695/X
 c696/X
 c698/X
 c700/X
 c701/X
 c702/X
 c703/X
 c706/Y
 c708/X
 c709/Y
 c713/X
 c714/X
 c715/Y
 c716/X
 c717/X
 c718/X
 c719/Y
 c720/X
 c721/X
 c722/X
 c723/X
 c724/X
 c725/X
 c746/X
 c747/X
 c759/X
 c760/X
 c761/X
 c762/X
 c763/X
 c764/X
 clkbuf_0_clk/X
 clkbuf_0_net187/X
 clkbuf_0_net188/X
 clkbuf_0_net189/X
 clkbuf_0_net190/X
 clkbuf_0_net191/X
 clkbuf_0_net195/X
 clkbuf_0_net196/X
 clkbuf_0_net197/X
 clkbuf_0_net198/X
 clkbuf_0_net199/X
 clkbuf_0_net200/X
 clkbuf_0_net201/X
 clkbuf_0_net202/X
 clkbuf_0_net203/X
 clkbuf_0_net204/X
 clkbuf_0_net231/X
 clkbuf_0_net232/X
 clkbuf_0_net233/X
 clkbuf_0_net235/X
 clkbuf_0_net238/X
 clkbuf_0_net246/X
 clkbuf_0_net247/X
 clkbuf_0_net271/X
 clkbuf_0_net339/X
 clkbuf_0_net340/X
 clkbuf_0_net345/X
 clkbuf_0_net348/X
 clkbuf_0_net349/X
 clkbuf_0_net350/X
 clkbuf_0_net351/X
 clkbuf_0_net353/X
 clkbuf_0_net354/X
 clkbuf_0_net356/X
 clkbuf_0_net357/X
 clkbuf_0_net358/X
 clkbuf_0_net360/X
 clkbuf_0_net361/X
 clkbuf_0_net362/X
 clkbuf_0_net451/X
 clkbuf_0_net452/X
 clkbuf_0_net453/X
 clkbuf_0_net471/X
 clkbuf_0_net473/X
 clkbuf_0_net576/X
 clkbuf_0_net577/X
 clkbuf_0_net581/X
 clkbuf_0_net582/X
 clkbuf_0_net583/X
 clkbuf_0_net587/X
 clkbuf_0_net589/X
 clkbuf_0_net590/X
 clkbuf_0_net594/X
 clkbuf_0_net595/X
 clkbuf_0_net596/X
 clkbuf_0_net597/X
 clkbuf_0_net598/X
 clkbuf_0_net600/X
 clkbuf_0_net601/X
 clkbuf_0_net708/X
 clkbuf_0_net730/X
 clkbuf_0_net756/X
 clkbuf_0_net757/X
 clkbuf_0_net758/X
 clkbuf_0_net776/X
 clkbuf_0_net777/X
 clkbuf_0_net778/X
 clkbuf_0_net796/X
 clkbuf_0_net797/X
 clkbuf_0_net798/X
 clkbuf_0_net815/X
 clkbuf_0_net816/X
 clkbuf_0_net817/X
 clkbuf_0_net901/X
 clkbuf_0_net906/X
 clkbuf_0_net912/X
 clkbuf_0_net913/X
 clkbuf_0_net914/X
 clkbuf_1_0__f_net187/X
 clkbuf_1_0__f_net188/X
 clkbuf_1_0__f_net189/X
 clkbuf_1_0__f_net190/X
 clkbuf_1_0__f_net191/X
 clkbuf_1_0__f_net195/X
 clkbuf_1_0__f_net196/X
 clkbuf_1_0__f_net197/X
 clkbuf_1_0__f_net198/X
 clkbuf_1_0__f_net199/X
 clkbuf_1_0__f_net200/X
 clkbuf_1_0__f_net201/X
 clkbuf_1_0__f_net202/X
 clkbuf_1_0__f_net203/X
 clkbuf_1_0__f_net204/X
 clkbuf_1_0__f_net231/X
 clkbuf_1_0__f_net232/X
 clkbuf_1_0__f_net233/X
 clkbuf_1_0__f_net235/X
 clkbuf_1_0__f_net238/X
 clkbuf_1_0__f_net246/X
 clkbuf_1_0__f_net247/X
 clkbuf_1_0__f_net271/X
 clkbuf_1_0__f_net339/X
 clkbuf_1_0__f_net340/X
 clkbuf_1_0__f_net345/X
 clkbuf_1_0__f_net348/X
 clkbuf_1_0__f_net349/X
 clkbuf_1_0__f_net350/X
 clkbuf_1_0__f_net351/X
 clkbuf_1_0__f_net353/X
 clkbuf_1_0__f_net354/X
 clkbuf_1_0__f_net356/X
 clkbuf_1_0__f_net357/X
 clkbuf_1_0__f_net358/X
 clkbuf_1_0__f_net360/X
 clkbuf_1_0__f_net361/X
 clkbuf_1_0__f_net362/X
 clkbuf_1_0__f_net451/X
 clkbuf_1_0__f_net452/X
 clkbuf_1_0__f_net453/X
 clkbuf_1_0__f_net471/X
 clkbuf_1_0__f_net473/X
 clkbuf_1_0__f_net576/X
 clkbuf_1_0__f_net577/X
 clkbuf_1_0__f_net581/X
 clkbuf_1_0__f_net582/X
 clkbuf_1_0__f_net583/X
 clkbuf_1_0__f_net587/X
 clkbuf_1_0__f_net589/X
 clkbuf_1_0__f_net590/X
 clkbuf_1_0__f_net594/X
 clkbuf_1_0__f_net595/X
 clkbuf_1_0__f_net596/X
 clkbuf_1_0__f_net597/X
 clkbuf_1_0__f_net598/X
 clkbuf_1_0__f_net600/X
 clkbuf_1_0__f_net601/X
 clkbuf_1_0__f_net708/X
 clkbuf_1_0__f_net730/X
 clkbuf_1_0__f_net756/X
 clkbuf_1_0__f_net757/X
 clkbuf_1_0__f_net758/X
 clkbuf_1_0__f_net776/X
 clkbuf_1_0__f_net777/X
 clkbuf_1_0__f_net778/X
 clkbuf_1_0__f_net796/X
 clkbuf_1_0__f_net797/X
 clkbuf_1_0__f_net798/X
 clkbuf_1_0__f_net815/X
 clkbuf_1_0__f_net816/X
 clkbuf_1_0__f_net817/X
 clkbuf_1_0__f_net901/X
 clkbuf_1_0__f_net906/X
 clkbuf_1_0__f_net912/X
 clkbuf_1_0__f_net913/X
 clkbuf_1_0__f_net914/X
 clkbuf_1_1__f_net187/X
 clkbuf_1_1__f_net188/X
 clkbuf_1_1__f_net189/X
 clkbuf_1_1__f_net190/X
 clkbuf_1_1__f_net191/X
 clkbuf_1_1__f_net195/X
 clkbuf_1_1__f_net196/X
 clkbuf_1_1__f_net197/X
 clkbuf_1_1__f_net198/X
 clkbuf_1_1__f_net199/X
 clkbuf_1_1__f_net200/X
 clkbuf_1_1__f_net201/X
 clkbuf_1_1__f_net202/X
 clkbuf_1_1__f_net203/X
 clkbuf_1_1__f_net204/X
 clkbuf_1_1__f_net231/X
 clkbuf_1_1__f_net232/X
 clkbuf_1_1__f_net233/X
 clkbuf_1_1__f_net235/X
 clkbuf_1_1__f_net238/X
 clkbuf_1_1__f_net246/X
 clkbuf_1_1__f_net247/X
 clkbuf_1_1__f_net271/X
 clkbuf_1_1__f_net339/X
 clkbuf_1_1__f_net340/X
 clkbuf_1_1__f_net345/X
 clkbuf_1_1__f_net348/X
 clkbuf_1_1__f_net349/X
 clkbuf_1_1__f_net350/X
 clkbuf_1_1__f_net351/X
 clkbuf_1_1__f_net353/X
 clkbuf_1_1__f_net354/X
 clkbuf_1_1__f_net356/X
 clkbuf_1_1__f_net357/X
 clkbuf_1_1__f_net358/X
 clkbuf_1_1__f_net360/X
 clkbuf_1_1__f_net361/X
 clkbuf_1_1__f_net362/X
 clkbuf_1_1__f_net451/X
 clkbuf_1_1__f_net452/X
 clkbuf_1_1__f_net453/X
 clkbuf_1_1__f_net471/X
 clkbuf_1_1__f_net473/X
 clkbuf_1_1__f_net576/X
 clkbuf_1_1__f_net577/X
 clkbuf_1_1__f_net581/X
 clkbuf_1_1__f_net582/X
 clkbuf_1_1__f_net583/X
 clkbuf_1_1__f_net587/X
 clkbuf_1_1__f_net589/X
 clkbuf_1_1__f_net590/X
 clkbuf_1_1__f_net594/X
 clkbuf_1_1__f_net595/X
 clkbuf_1_1__f_net596/X
 clkbuf_1_1__f_net597/X
 clkbuf_1_1__f_net598/X
 clkbuf_1_1__f_net600/X
 clkbuf_1_1__f_net601/X
 clkbuf_1_1__f_net708/X
 clkbuf_1_1__f_net730/X
 clkbuf_1_1__f_net756/X
 clkbuf_1_1__f_net757/X
 clkbuf_1_1__f_net758/X
 clkbuf_1_1__f_net776/X
 clkbuf_1_1__f_net777/X
 clkbuf_1_1__f_net778/X
 clkbuf_1_1__f_net796/X
 clkbuf_1_1__f_net797/X
 clkbuf_1_1__f_net798/X
 clkbuf_1_1__f_net815/X
 clkbuf_1_1__f_net816/X
 clkbuf_1_1__f_net817/X
 clkbuf_1_1__f_net901/X
 clkbuf_1_1__f_net906/X
 clkbuf_1_1__f_net912/X
 clkbuf_1_1__f_net913/X
 clkbuf_1_1__f_net914/X
 clkbuf_4_0_0_clk/X
 clkbuf_4_10_0_clk/X
 clkbuf_4_11_0_clk/X
 clkbuf_4_12_0_clk/X
 clkbuf_4_13_0_clk/X
 clkbuf_4_14_0_clk/X
 clkbuf_4_15_0_clk/X
 clkbuf_4_1_0_clk/X
 clkbuf_4_2_0_clk/X
 clkbuf_4_3_0_clk/X
 clkbuf_4_4_0_clk/X
 clkbuf_4_5_0_clk/X
 clkbuf_4_6_0_clk/X
 clkbuf_4_7_0_clk/X
 clkbuf_4_8_0_clk/X
 clkbuf_4_9_0_clk/X
 merge774/X
 merge781/X
 merge782/X
 merge803/X
 merge809/Q
 merge819/Q
 merge825/Y
 merge827/GCLK
 merge828/GCLK
 merge834/Y
 merge835/Y
 merge836/Q
 output71/X
 output76/X
 output82/X
 output83/X
 output84/X
 s847/GCLK
 s848/GCLK
 s849/GCLK
 s863/GCLK
 s864/GCLK
 s865/GCLK
 s879/GCLK
 s880/GCLK
 s881/GCLK
 s895/GCLK
 s896/GCLK
 s897/GCLK
Found 0 partially unannotated drivers.

===========================================================================
max slew violation count 0
Writing metric design__max_slew_violation__count__corner:nom_tt_025C_1v80: 0
max fanout violation count 7
Writing metric design__max_fanout_violation__count__corner:nom_tt_025C_1v80: 7
max cap violation count 0
Writing metric design__max_cap_violation__count__corner:nom_tt_025C_1v80: 0
============================================================================

===========================================================================
check_setup -verbose -unconstrained_endpoints -multiple_clock -no_clock -no_input_delay -loops -generated_clocks
===========================================================================
Warning: There are 47 unconstrained endpoints.
  out1
  out11
  out12
  out13
  out19
  out2
  out20
  out21
  out22
  out26
  out27
  out3
  out30
  out32
  out34
  out36
  out37
  out38
  out39
  out4
  out40
  out41
  out42
  out45
  out46
  out48
  out49
  out5
  out50
  out51
  out52
  out53
  out56
  out58
  out6
  out60
  out61
  out8
  out9
  c451/SCD
  c453/SCD
  c454/D
  merge777/SCD
  merge778/SCE
  merge779/SCE
  merge826/GATE
  merge828/GATE
Warning: There are 2 combinational loops in the design.
  c592/Y
  c593/A0
  c593/X
  c592/D1
  | loop cut point
  c592/Y
  --------------------------------
  c719/Y
  clkbuf_0_net600/A
  clkbuf_0_net600/X
  clkbuf_1_0__f_net600/A
  clkbuf_1_0__f_net600/X
  c721/A2
  c721/X
  clkbuf_0_net708/A
  clkbuf_0_net708/X
  clkbuf_1_0__f_net708/A
  clkbuf_1_0__f_net708/X
  c719/D1
  | loop cut point
  c719/Y
  --------------------------------
